ARM GAS  C:\Users\victo\AppData\Local\Temp\ccAf0OOl.s 			page 1


   1              		.cpu cortex-m0
   2              		.fpu softvfp
   3              		.eabi_attribute 20, 1
   4              		.eabi_attribute 21, 1
   5              		.eabi_attribute 23, 3
   6              		.eabi_attribute 24, 1
   7              		.eabi_attribute 25, 1
   8              		.eabi_attribute 26, 1
   9              		.eabi_attribute 30, 4
  10              		.eabi_attribute 34, 0
  11              		.eabi_attribute 18, 4
  12              		.code	16
  13              		.file	"Clock_1.c"
  14              		.text
  15              	.Ltext0:
  16              		.section	.gnu.lto_.profile.91bc8f55,"",%progbits
  17 0000 789C6366 		.ascii	"x\234cf```a\200\000F\0069I\000\000\311\000@"
  17      60606061 
  17      80004606 
  17      39490000 
  17      C90040
  18              		.text
  19              		.section	.gnu.lto_.jmpfuncs.91bc8f55,"",%progbits
  20 0000 789C6366 		.ascii	"x\234cf\300\016\304\2414+\003##c=#\003\003\023\023#"
  20      C00EC4A1 
  20      342B0323 
  20      23633D23 
  20      03031313 
  21 0015 23737D3D 		.ascii	"#s}=3\003\003\013P\030\000\026R\001\261"
  21      3303030B 
  21      50180016 
  21      5201B1
  22              		.text
  23              		.section	.gnu.lto_.inline.91bc8f55,"",%progbits
  24 0000 789C6D8B 		.ascii	"x\234m\213\273\025\2000\014\003eG\201\020\012FH\303"
  24      BB158030 
  24      0C036547 
  24      81100A46 
  24      48C3
  25 0012 631C3662 		.ascii	"c\0346b\007J\312\314\301\024\214\204\375\3705\250\261"
  25      074ACACC 
  25      C1148C84 
  25      FDF835A8 
  25      B1
  26 0023 ADF305FC 		.ascii	"\255\363\005\374g\271g\004\272I\004\002\204\264oDS\213"
  26      67B96704 
  26      BA490402 
  26      84B46F44 
  26      538B
  27 0035 82B5D0A9 		.ascii	"\202\265\320\251\240\035\005\372\001\213\242\317\242"
  27      A01D05FA 
  27      018BA2CF 
  27      A2
  28 0042 2E9806E6 		.ascii	".\230\006\346u\276\220\036\003]L\376\024\020i\242\235"
  28      75BE901E 
  28      035D4CFE 
  28      141069A2 
ARM GAS  C:\Users\victo\AppData\Local\Temp\ccAf0OOl.s 			page 2


  28      9D
  29 0053 AF4704B5 		.ascii	"\257G\004\265\312\266\247\301\011M\203\013\347"
  29      CAB6A7C1 
  29      094D830B 
  29      E7
  30              		.text
  31              		.section	.gnu.lto_.pureconst.91bc8f55,"",%progbits
  32 0000 789C6366 		.ascii	"x\234cf``\340f\200\000V\006)F)&)f)\026\006\000\003\374"
  32      6060E066 
  32      80005606 
  32      29462926 
  32      29662916 
  33 0018 0086     		.ascii	"\000\206"
  34              		.text
  35              		.section	.gnu.lto_Clock_1_StartEx.91bc8f55,"",%progbits
  36 0000 789C6551 		.ascii	"x\234eQAKTQ\024>\337\275\357>\037\215A\264t\025\204"
  36      414B5451 
  36      143EDFBD 
  36      EF3E1F8D 
  36      41B47415 
  37 0015 BA4A10FA 		.ascii	"\272J\020\372\001\305\010m\005\267\003\"\343\020\352"
  37      01C5086D 
  37      05B70322 
  37      E310EA
  38 0024 E080648B 		.ascii	"\340\200d\2136\335\247\257\011\244\205\010\212\021\256"
  38      36DDA7AF 
  38      09A48508 
  38      8A11AE
  39 0033 34CA669A 		.ascii	"4\312f\232)])\030OCr\240&Z\2440\014\266\031\3036\321"
  39      295D2918 
  39      4F4372A0 
  39      265AA430 
  39      0CB619C3 
  40 0049 94240386 		.ascii	"\224$\003\206\2353\317\205\321\203{\317=\207\357\373"
  40      9D33CF85 
  40      D1837BCF 
  40      3D87EFFB 
  41 0059 CE77CED3 		.ascii	"\316w\316\323\364\377\327\303\307(\242n\216p\011j\272"
  41      F4FFD7C3 
  41      C728A26E 
  41      8E70096A 
  41      BA
  42 006a 4CE47B0A 		.ascii	"L\344{\012:zhe\036\275#\262\027\234\240\205l\253\211"
  42      3A7A6865 
  42      1EBD23B2 
  42      179CA085 
  42      6CAB89
  43 007d EA371D40 		.ascii	"\3527\035@\"\201\356+m\034\360\035\351}Su\205\35107"
  43      2281EE2B 
  43      6D1CF01D 
  43      E97D5375 
  43      85E93037 
  44 0091 1FEB7C6A 		.ascii	"\037\353|j\255\375\361\263\344\367\206hp\207_*B\340"
  44      ADFDF1B3 
  44      E4F78668 
  44      70875F2A 
  44      42E0
ARM GAS  C:\Users\victo\AppData\Local\Temp\ccAf0OOl.s 			page 3


  45 00a3 193A19B3 		.ascii	"\031:\031\263}\362=\274\250;@\374^+\034}\210\035\252"
  45      7DF23DBC 
  45      A83B40FC 
  45      5E2B1C7D 
  45      881DAA
  46 00b6 86C21549 		.ascii	"\206\302\025I\327gv\346]I\225#i)[x\354\266/Z;\021n\254"
  46      D76776E6 
  46      5D499523 
  46      69295B78 
  46      ECB62F5A 
  47 00ce D81B4E43 		.ascii	"\330\033NCi<\207f=,\243\015/\320F\\\"\344\320.\360z"
  47      693C8766 
  47      3D2CA30D 
  47      2FD0465C 
  47      22E4D02E 
  48 00e4 F0672FE6 		.ascii	"\360g/\346\006\334\374R\324\023y\270\340X\274\034\332"
  48      06DCFC52 
  48      D41379B8 
  48      E058BC1C 
  48      DA
  49 00f5 D3D3D5FC 		.ascii	"\323\323\325\374\346.<\305\024G\363\305\336\205h$w\345"
  49      E62E3CC5 
  49      1447F3C5 
  49      DE856824 
  49      77E5
  50 0107 22AA3189 		.ascii	"\"\2521\211\207\255)\305A\037\2604\217\252+\330\372"
  50      87AD29C5 
  50      411FB034 
  50      8FAA2BD8 
  50      FA
  51 0118 3DB5BBAD 		.ascii	"=\265\273\255E\355X\311\224\263\325\\\271Ul\272\326"
  51      45ED58C9 
  51      94B3D55C 
  51      B9556CBA 
  51      D6
  52 0129 06B669F5 		.ascii	"\006\266i\365K\355\343'\257Y\"I77\246\356-\340\211\037"
  52      4BEDE327 
  52      AF592249 
  52      3737A6EE 
  52      2DE0891F 
  53 013d F0025AF0 		.ascii	"\360\002Z\360\222\315\026\330,\241\210\005P\005\023"
  53      92CD16D8 
  53      2CA18805 
  53      500513
  54 014c FB0F4FDC 		.ascii	"\373\017O\334HO\263$}F\360~r\370\254p^\3150\347\225"
  54      484FB324 
  54      7D46F07E 
  54      72F8AC70 
  54      5ECD30E7 
  55 0161 3049DC19 		.ascii	"0I\334\031\342?\202\003\266\312\366*\230\254f\313_M"
  55      E23F8203 
  55      B6CAF62A 
  55      98AC66CB 
  55      5F4D
  56 0173 C432C7CA 		.ascii	"\3042\307\312a\342\322\354\\\336\010\321\363\010\257"
  56      61E2D2EC 
  56      5CDE08D1 
ARM GAS  C:\Users\victo\AppData\Local\Temp\ccAf0OOl.s 			page 4


  56      F308AF
  57 0182 99C8A8A3 		.ascii	"\231\310\250\243l\365\254\227\340\030\364\366\315a\011"
  57      6CF5AC97 
  57      E018F4F6 
  57      CD6109
  58 0191 02721EF0 		.ascii	"\002r\036\360\256\030\270\322\004n\315\324\213\327\004"
  58      AE18B8D2 
  58      046ECDD4 
  58      8BD704
  59 01a0 78DEBF1F 		.ascii	"x\336\277\037\232\177'X\345\011X\211\366\341\207{\315"
  59      9A7F2758 
  59      E5095889 
  59      F6E1877B 
  59      CD
  60 01b1 E69137B0 		.ascii	"\346\2217\260'^\337\325\256\304\255\324hjl\340Nj\260"
  60      275EDFD5 
  60      AEC4ADD4 
  60      686A6CE0 
  60      4E6AB0
  61 01c4 BF2F333E 		.ascii	"\277/3>\226L%z\3732\361\353\211x:\223\034\351\357\356"
  61      964C257A 
  61      FB32F1EB 
  61      89783A93 
  61      1CE9EFEE 
  62 01d8 4A526C20 		.ascii	"JRl =t{4\236\036\351\031\272\373\027\354\324\310\304"
  62      3D747B34 
  62      9E1EE919 
  62      BAFB17EC 
  62      D4C8C4
  63              		.text
  64              		.section	.gnu.lto_Clock_1_Stop.91bc8f55,"",%progbits
  65 0000 789C6590 		.ascii	"x\234e\220=HBQ\024\307\317\271\367=\265t\210&q\215p"
  65      3D484251 
  65      14C7CFB9 
  65      F73DB574 
  65      8826718D 
  66 0015 13828668 		.ascii	"\023\202\206h\013\003\327\300U\220x\275\245\"Aji\351"
  66      0B03D7C0 
  66      559078BD 
  66      A522416A 
  66      69E9
  67 0027 BEBA1248 		.ascii	"\276\272\022H\203\015AP\016\015\321\207}\014\015M\301"
  67      830D4150 
  67      0E0DD187 
  67      7D0C0D4D 
  67      C1
  68 0038 ABA5250C 		.ascii	"\253\245%\014\207\020$ly\206A\201\026\024\017\012;\267"
  68      8710246C 
  68      79864181 
  68      16140F0A 
  68      3BB7
  69 004a D76074E1 		.ascii	"\327`t\341~\235\373?\377\377\217\313\341\377\030\247"
  69      7E9DFB3F 
  69      FFFF8FCB 
  69      E1FF18A7 
  70 005a 6920C020 		.ascii	"i \300 \355\350\003d\2052\200\025`\310\275\003g\372"
  70      EDE80364 
ARM GAS  C:\Users\victo\AppData\Local\Temp\ccAf0OOl.s 			page 5


  70      85328015 
  70      60C8BD03 
  70      67FA
  71 006c DA3580E8 		.ascii	"\3325\200\350\325\244\037DH\367\352c\032\242\332\001"
  71      D5A41F44 
  71      48F7EA63 
  71      1AA2DA01 
  72 007c 6189715D 		.ascii	"a\211q]CZ=\277'\326fX\260K\233\301\350\256\020\242\365"
  72      435A3DBF 
  72      27D66658 
  72      B04B9BC1 
  72      E8AE10A2 
  73 0091 7A1ECE85 		.ascii	"z\036\316\205]\006\360\306<\001\356a\024H\323\226_\325"
  73      5D06F0C6 
  73      3C01EE61 
  73      1448D396 
  73      5FD5
  74 00a3 A04F92A6 		.ascii	"\240O\222\246\317{\303}\364\021\010\234\366\333\242"
  74      CF7BC37D 
  74      F411089C 
  74      F6DBA2
  75 00b2 D33973D6 		.ascii	"\3239s\326\233\243\2503p\011\205\026R84\011\302\241"
  75      9BA3A833 
  75      70098516 
  75      52383409 
  75      C2A1
  76 00c4 B3F4F306 		.ascii	"\263\364\363\006%\022\002\257\341\325{\376q{D\265\177"
  76      251202AF 
  76      E1D57BFE 
  76      717B44B5 
  76      7F
  77 00d5 3095BE71 		.ascii	"0\225\276q_*\207\232\314e\\\010)4\025\366\340\334V\002"
  77      5F2A879A 
  77      CC655C08 
  77      293415F6 
  77      E0DC5602 
  78 00e9 3F2550D7 		.ascii	"?%P\327\313\213\374b\021\267,\211.\323\360\000#x\210"
  78      CB8BFC62 
  78      11B72C89 
  78      2ED3F000 
  78      237888
  79 00fc 11222861 		.ascii	"\021\"(a\021\241\206\313\365\325O\237\347\307\311\022"
  79      11A186CB 
  79      F5D54F9F 
  79      E7C7C912 
  80 010c EE50DEAC 		.ascii	"\356P\336\254L\377\026\272\335\010\010\217T'(:\035\350"
  80      4CFF16BA 
  80      DD08088F 
  80      5427283A 
  80      1DE8
  81 011e A7B0C134 		.ascii	"\247\260\3014\205GX\255\326sEW]\335\211\226\255\377"
  81      854758AD 
  81      D6734557 
  81      5DDD8996 
  81      ADFF
  82 0130 CD3CA64C 		.ascii	"\315<\246L\022\274t\344N\217\362\304\034}\211\006xB"
  82      12BC74E4 
ARM GAS  C:\Users\victo\AppData\Local\Temp\ccAf0OOl.s 			page 6


  82      4E8FF2C4 
  82      1C7D8906 
  82      7842
  83 0142 AF75B4EC 		.ascii	"\257u\264\354jBYx\011H\316\2249\020K%\31493;9oN\245"
  83      6A425978 
  83      0948CE94 
  83      39104B25 
  83      CC39333B 
  84 015a 939985AC 		.ascii	"\223\231\205\254a\246&\222\231\370p*>\2331f\322C1\003"
  84      61A62692 
  84      99F8702A 
  84      3E9B3166 
  84      D2433103 
  85 016e BE017C0F 		.ascii	"\276\001|\017\216\216"
  85      8E8E
  86              		.text
  87              		.section	.gnu.lto_Clock_1_SetFractionalDividerRegister.91bc8f55,"",%progbits
  88 0000 789C7552 		.ascii	"x\234uR]HSa\030\376\336\357\354\234\235\375\024\322"
  88      5D485361 
  88      18FEDEEF 
  88      EC9C9DFD 
  88      14D2
  89 0012 95ECA660 		.ascii	"\225\354\246`,\011\302\020\272\350\252\002#!\010\002"
  89      2C09C210 
  89      BAE8AA02 
  89      23210802 
  90 0022 C1AB81AC 		.ascii	"\301\253\201\2549B\\\016\226u\353\231M\003\031\261F"
  90      39425C0E 
  90      9675EB99 
  90      4D0319B1 
  90      46
  91 0033 96195261 		.ascii	"\226\031Ra\222\177\251\251\225?7K\010\005\3230EId\232"
  91      927FA9A9 
  91      953F374B 
  91      0805D330 
  91      4549649A 
  92 0047 CEE80F4A 		.ascii	"\316\350\017J\024\267A\262\336\367\373\264\214\350\300"
  92      14B741B2 
  92      DEF7FBB4 
  92      8CE8C0
  93 0056 F9BEF77D 		.ascii	"\371\276\367}\316\373<\357\337Q\330\277\217\003\337"
  93      CEFB3CEF 
  93      DF51D8BF 
  93      8F03DF
  94 0065 8B0A63E7 		.ascii	"\213\012c\347\361\006\205\001\217N1\026\3229\000\031"
  94      F1068501 
  94      8F4E3116 
  94      D2390019 
  95 0075 0C583587 		.ascii	"\014X5\207j\370\314\3279D\343\235\215\266\274V\3030"
  95      6AF8CCD7 
  95      3944E39D 
  95      8DB6BC56 
  95      C330
  96 0087 7EAC4CE7 		.ascii	"~\254L\347\326\346f8c\033\\\312\300\023\310\303\220"
  96      D6E66638 
  96      631B5CCA 
  96      C013C8C3 
ARM GAS  C:\Users\victo\AppData\Local\Temp\ccAf0OOl.s 			page 7


  96      90
  97 0098 F4C785BB 		.ascii	"\364\307\205\273\026\34500\264'V\322\033\366O<\303!"
  97      16E53030 
  97      B42756D2 
  97      1BF64F3C 
  97      C321
  98 00aa 87DCA6F9 		.ascii	"\207\334\246\371\265M\205\\\316\311mh\233\371\300]-"
  98      B54D855C 
  98      CEC96D68 
  98      9BF9C05D 
  98      2D
  99 00bb 865113FF 		.ascii	"\206Q\023\377\322k\234F\\\2016PP\017\332\301\001\035"
  99      D26B9C46 
  99      5C813650 
  99      500FDAC1 
  99      011D
 100 00cd E0600831 		.ascii	"\340`\0101\350\004\027iE\272,J\201\220\375\371>\372"
 100      E8041769 
 100      45BA2C4A 
 100      8190FDF9 
 100      3EFA
 101 00df 4097C4C8 		.ascii	"@\227\304\310\252\212E\230\240K\362\216:\340\010\261"
 101      AA8A4598 
 101      A04BF28E 
 101      3AE008B1 
 102 00ef 4C0C9E82 		.ascii	"L\014\236\202\213b\347\347b\365&\345\224\340\015uoN"
 102      8B62E7E7 
 102      62F526E5 
 102      94E00D75 
 102      6F4E
 103 0101 DA443987 		.ascii	"\332D9\207\310\035\216\2157j\242\034\023\271\355K\223"
 103      C81D8E8D 
 103      376AA21C 
 103      13B9ED4B 
 103      93
 104 0112 DF4DCE47 		.ascii	"\337M\316G\250\272\334X;f7\306\215\360r6{0\303U\350"
 104      A8BADC58 
 104      3B6637C6 
 104      8DF07236 
 104      7B30C355 
 105 0127 96EA3D58 		.ascii	"\226\352=XU/8v\306\206\224H\337\332\240U)\022\342\361"
 105      552F3876 
 105      C6869448 
 105      DFDAA055 
 105      2912E2F1 
 106 013b DEC82A17 		.ascii	"\336\310*\027\364\207\367Z\265=\344\276\377\220\327"
 106      F487F75A 
 106      B53DE4BE 
 106      FF90D7
 107 014a C3DBF336 		.ascii	"\303\333\3636-\214\263\314\201g\340\204~p\312Y\302\000"
 107      2D8CB3CC 
 107      8167E084 
 107      7E70CA59 
 107      C200
 108 015c 68C018DF 		.ascii	"h\300\030\337E{\016\304\215lvc,6~\214\357\347\330\235"
 108      457B0EC4 
 108      8D6C7663 
ARM GAS  C:\Users\victo\AppData\Local\Temp\ccAf0OOl.s 			page 8


 108      2C367E8C 
 108      EFE7D89D 
 109 0170 8643C16F 		.ascii	"\206C\301o&\240\321\250\004ht\230\351\320\201:\267\220"
 109      26A0D1A8 
 109      04687498 
 109      E9D0813A 
 109      B790
 110 0182 69A5C346 		.ascii	"i\245\303F\207\235\011u\226Dy\332\351\032.\000oe\001"
 110      879D0975 
 110      964479DA 
 110      E91A2E00 
 110      6F6501
 111 0195 46B7EAB7 		.ascii	"F\267\352\267\332OR\306\024\247\005\017\274\036[\024"
 111      DA4F52C6 
 111      14A7050F 
 111      BC1E5B14 
 112 01a5 1B33DF0E 		.ascii	"\0333\337\016\207\0151\227\245\344\333i]@\242\354[3"
 112      870D3197 
 112      A5E4DB69 
 112      5D40A2EC 
 112      5B33
 113 01b7 239E66B8 		.ascii	"#\236f\270\037\012C\206\353\360\034\273zA]\301Kh\006"
 113      1F0A4386 
 113      EBF01CBB 
 113      7A415DC1 
 113      4B6806
 114 01ca B600D7D3 		.ascii	"\266\000\327\323u\337@\352)R2\325\262\374\025\210\217"
 114      75DF40EA 
 114      295232D5 
 114      B2FC1588 
 114      8F
 115 01db 05C220C6 		.ascii	"\005\302 \306\316\001\027-b\013\030\204\234\232\304"
 115      CE01172D 
 115      620B1884 
 115      9C9AC4
 116 01ea 8DB98E12 		.ascii	"\215\271\216\022IRS\270\015\224Y\254{\223+\021\002Q"
 116      495253B8 
 116      0D9459AC 
 116      7B932B11 
 116      0251
 117 01fc E671C39D 		.ascii	"\346q\303\235.\225d,:\203!\224\301\240\315\272\251\016"
 117      2E95642C 
 117      3A832194 
 117      C1A0CDBA 
 117      A90E
 118 020e B78C328B 		.ascii	"\267\2142\213|\232TK\354\252YR\\\227j\263;EY\021\004"
 118      7C9A544B 
 118      ECAA5952 
 118      5C976AB3 
 118      3B455911 
 119 0223 9743569A 		.ascii	"\227CV\232\334IaC\034S\334\234hz%\376O-\013\014\206"
 119      DC496143 
 119      1C53DC9C 
 119      687A25FE 
 119      4F2D0B0C 
 120 0238 FFE43821 		.ascii	"\377\3448!\303\354\"\215\355w\003\375\324\200\035\203"
 120      C3EC228D 
ARM GAS  C:\Users\victo\AppData\Local\Temp\ccAf0OOl.s 			page 9


 120      ED7703FD 
 120      D4801D83 
 121 0248 4663EB89 		.ascii	"Fc\353\211w*a{\007\024\212\253\177\217h\004GD\204\004"
 121      772A617B 
 121      07148AAB 
 121      7F8F6804 
 121      47448404 
 122 025c 84E2DBE7 		.ascii	"\204\342\333\347(\234~\205$\007Z\006\256\306\231\357"
 122      289C7E85 
 122      24075A06 
 122      AEC699EF 
 123 026c 2EF255FA 		.ascii	".\362U\372\202\236*_Yiq\340j\320\353s_(\016\024\036"
 123      829E2A5F 
 123      596971E0 
 123      6AD0EB73 
 123      5F280E14 
 124 0281 7717FA03 		.ascii	"w\027\372\003\336\212\322\202|/\263z\375\025g\312\257"
 124      DE8AD282 
 124      7C2FB37A 
 124      FD1567CA 
 124      AF
 125 0292 9597F982 		.ascii	"\225\227\371\202\373\320<\033\364x\253\312\003\225\036"
 125      FBD03C1B 
 125      F478ABCA 
 125      03951E
 126 02a1 BFF9B2E7 		.ascii	"\277\371\262\347JE\211\307\257\005}\227\360\372\005"
 126      4A4589C7 
 126      AF057D97 
 126      F0FA05
 127 02b0 1D2143E3 		.ascii	"\035!C\343"
 128              		.text
 129              		.section	.gnu.lto_Clock_1_GetDividerRegister.91bc8f55,"",%progbits
 130 0000 789C658E 		.ascii	"x\234e\216?HBQ\024\306\317w\336S\244\032\244\3215\302"
 130      3F484251 
 130      14C6CF77 
 130      DE53A41A 
 130      A4D135C2 
 131 0014 4D28A2A5 		.ascii	"M(\242\245\321\2415p}`ao*\022\244f\237\366\250h\252"
 131      D1A13570 
 131      7D60616F 
 131      2A12A466 
 131      9FF6A868 
 132 0029 B0884268 		.ascii	"\260\210Bh(\372g\257\245\315%\202h\010\214\010\024\244"
 132      28FA67AF 
 132      A5CD2582 
 132      68088C08 
 132      14A4
 133 003b 5E200AB5 		.ascii	"^ \012\265%O*\207\260{\264\255\013\347\236\373\335\373"
 133      254F2A87 
 133      B07BB4AD 
 133      0BE79EFB 
 133      DDFB
 134 004d DDEFFC34 		.ascii	"\335\357\3744\372\277B\252\306A4\254:4\002o\224\210"
 134      FABF42AA 
 134      C64134AC 
 134      3A34026F 
 134      9488
ARM GAS  C:\Users\victo\AppData\Local\Temp\ccAf0OOl.s 			page 10


 135 005f 320106E4 		.ascii	"2\001\006\344@\2404#\215wn2\356k\337\336\300\033\267"
 135      40A03423 
 135      8D776E32 
 135      EE6BDFDE 
 135      C01BB7
 136 0072 9982A4E4 		.ascii	"\231\202\244\344^\245\321\322D\202E\026\275R\315\037"
 136      5EA5D1D2 
 136      44824516 
 136      BD52CD1F 
 137 0082 3EB2ACEC 		.ascii	">\262\254\354G\366ez7w\20063yL8F\010'\220A8EX\274M\373"
 137      47F6657A 
 137      37778036 
 137      33794C38 
 137      46082790 
 138 009d A7D2EFB7 		.ascii	"\247\322\357\267-\313\012\212C=\234\301\257 \350r\360"
 138      2DCB0A8A 
 138      433D9CC1 
 138      AF20E872 
 138      F0
 139 00ae DAEA74BC 		.ascii	"\332\352t\274\326\326\332\004\373\230\332\254i\262\351"
 139      D6D6DA04 
 139      FB98DAAC 
 139      69B2E9
 140 00bd 24595457 		.ascii	"$YTW%T\015%T\327\252\270\371\\/;\206\374\376bA\274\272"
 140      25540D25 
 140      54D7AAB8 
 140      F95C2F3B 
 140      86FCFE62 
 141 00d4 BD7BEE22 		.ascii	"\275{\356\"\3529\333\266t\231\365Z\177x\014t\257H\344"
 141      EA39DBB6 
 141      7499F55A 
 141      7F780C74 
 141      AF48E4
 142 00e7 E6537126 		.ascii	"\346Sq&\217\375\214\255\360|8Wh\005A\303\005\362\240"
 142      8FFD8CAD 
 142      F07C3857 
 142      680541C3 
 142      05F2A0
 143 00fa 2A96DD15 		.ascii	"*\226\335\025\327\031\355\005j\275\314\303\355\235\202"
 143      D719ED05 
 143      6ABDCCC3 
 143      ED9D82
 144 0109 4F02FC01 		.ascii	"O\002\374\001\202\243\314Ud\335\325\262\323\327s\351"
 144      82A3CC55 
 144      64DDD5B2 
 144      D3D773E9 
 145 0119 CA482EF0 		.ascii	"\312H.\360\247H0!x\012v(bL\232\013fjf\321\234\215\307"
 145      A7483021 
 145      780A7628 
 145      624C9A0B 
 145      666A66D1 
 146 0130 924BA984 		.ascii	"\222K\251\204iL\305\222\3211#:\237L\314\305G\"\011\372"
 146      694CC592 
 146      D131233A 
 146      9F4CCCC5 
 146      472209FA 
 147 0144 05793F7C 		.ascii	"\005y?|\342"
ARM GAS  C:\Users\victo\AppData\Local\Temp\ccAf0OOl.s 			page 11


 147      E2
 148              		.text
 149              		.section	.gnu.lto_Clock_1_GetFractionalDividerRegister.91bc8f55,"",%progbits
 150 0000 789C6366 		.ascii	"x\234cf\300\004R@<\001\210U\201\230\221\231\201\221"
 150      C0045240 
 150      3C018855 
 150      81989199 
 150      8191
 151 0012 69C23906 		.ascii	"i\3029\006\206F\016&FF\020\203\201\221\241\236\211\261"
 151      86460E26 
 151      46461083 
 151      8191A19E 
 151      89B1
 152 0024 9EF125D3 		.ascii	"\236\361%\323G&\3063;\377]fT_\332\320\320\364\341\321"
 152      4726C633 
 152      3BFF5D66 
 152      545FDAD0 
 152      D0F4E1D1 
 153 0038 C73BDCAD 		.ascii	"\307;\334\255\022?\231\030\030>310\352H1j\202\314a\\"
 153      123F9918 
 153      183E3331 
 153      30EA4831 
 153      6A82CC61 
 154 004d CEA8CE00 		.ascii	"\316\250\316\000T\370\261\345\357un\266\226\206\206"
 154      54F8B1E5 
 154      EF756EB6 
 154      968686
 155 005c 0601903C 		.ascii	"\006\001\220<Pb\005#\033#\220^/t\240\341\377\377\317"
 155      50620523 
 155      1B23905E 
 155      2F74A0E1 
 155      FFFFCF
 156 006f C727BF50 		.ascii	"\307'\277Pg\006\212?\001b\220-O\231\230@4\363=\306\306"
 156      67068A3F 
 156      0162902D 
 156      4F999840 
 156      34F33DC6 
 157 0084 03BBCF31 		.ascii	"\003\273\3171\201T\003M\271\377\344\374E\216\027L?\301"
 157      8154034D 
 157      B9FFE4FC 
 157      458E174C 
 157      3FC1
 158 0096 06AC6404 		.ascii	"\006\254d\004Y\360\204\211\021\244\020(\242\254\027"
 158      59F08489 
 158      11A41028 
 158      A2AC17
 159 00a5 E39E9A97 		.ascii	"\343\236\232\227Z\224X\222\232\022\037\234_Z\224\234"
 159      5A945892 
 159      9A121F9C 
 159      5F5A949C 
 160 00b5 1A13109C 		.ascii	"\032\023\020\234\357l\022\343\234\223\237\234\035o\250"
 160      EF6C12E3 
 160      9C939F9C 
 160      1D6FA8
 161 00c4 97CC0000 		.ascii	"\227\314\000\000\271\332B7"
 161      B9DA4237 
 162              		.text
ARM GAS  C:\Users\victo\AppData\Local\Temp\ccAf0OOl.s 			page 12


 163              		.section	.gnu.lto_.symbol_nodes.91bc8f55,"",%progbits
 164 0000 789C55C7 		.ascii	"x\234U\3071\021\000 \014\004\301\313\207\002}\030z\013"
 164      31110020 
 164      0C04C1CB 
 164      87027D18 
 164      7A0B
 165 0012 28605084 		.ascii	"(`P\204&\032\012\262\335&0x\204a\036\260Y\273\243p\224"
 165      261A0AB2 
 165      DD263078 
 165      84611EB0 
 165      59BBA370 
 166 0027 CB2A4F67 		.ascii	"\313*Ogys\373\317\005lA\025\031"
 166      7973FBCF 
 166      056C4115 
 166      19
 167              		.text
 168              		.section	.gnu.lto_.refs.91bc8f55,"",%progbits
 169 0000 789C6366 		.ascii	"x\234cf```d\200\002\000\000=\000\005"
 169      60606064 
 169      80020000 
 169      3D0005
 170              		.text
 171              		.section	.gnu.lto_.decls.91bc8f55,"",%progbits
 172 0000 789C8D54 		.ascii	"x\234\215T]L\034U\024\276g\356\376t\207-\364\211\232"
 172      5D4C1C55 
 172      14BE67EE 
 172      FE74872D 
 172      F4899A
 173 0013 8D0F4B6C 		.ascii	"\215\017Kl\210&\204\006j\214o\232P\245\361\301\020\211"
 173      88268406 
 173      6A8C6F9A 
 173      50A5F1C1 
 173      1089
 174 0025 4F252164 		.ascii	"O%!d;VR\3026\313\326\264\276x\241 \033b\021W\032\220"
 174      3B5652C2 
 174      36CBD6B4 
 174      BE78A120 
 174      1B621157 
 175 003b 6A258215 		.ascii	"j%\202\025\213\322U\220\377\226A\204.\005Z\332\222V"
 175      8BD25590 
 175      FF964184 
 175      2E055ADA 
 175      9256
 176 004d 1A13A94A 		.ascii	"\032\023\251JK,\265k\205\012V\035\317\2753\273;l\227"
 176      4B2CB56B 
 176      850A561D 
 176      CFBD33BB 
 176      3B6C97
 177 0060 C49B9C9D 		.ascii	"\304\233\234\235=\367\234\357|\337=\367\314PBH\031\020"
 177      3DF79CEF 
 177      7CDF3DF7 
 177      CC504248 
 177      1910
 178 0072 A2E13A60 		.ascii	"\242\341:`%\344W\364mh\005$\276p\233\364\240\365\241"
 178      25E457F4 
 178      6D680524 
 178      BE709BF4 
ARM GAS  C:\Users\victo\AppData\Local\Temp\ccAf0OOl.s 			page 13


 178      A0F5A1
 179 0085 4DA04DA2 		.ascii	"M\240M\242M\223G\027\317q\030\330T4'Z\010-\003\355\022"
 179      4D934717 
 179      CF7118D8 
 179      5434275A 
 179      082D03ED 
 180 009a DA1CDA55 		.ascii	"\332\034\332U\264\227\214|00\211\253\317\340,H\202\215"
 180      B4978C7C 
 180      303089AB 
 180      CFE02C48 
 180      828D
 181 00ac E2FA92E0 		.ascii	"\342\372\222\340\27069\201\177\030M5\351H\246a\"I-~"
 181      B8363981 
 181      7F184D35 
 181      E948A661 
 181      22492D7E 
 182 00c0 467B429D 		.ascii	"F{B\235\315\360\223I\360\323FL5\345%\353\331\357\022"
 182      CDF09349 
 182      F0D3464C 
 182      35E525EB 
 182      D9EF12
 183 00d3 4CFDB4F6 		.ascii	"L\375\264\366\207sI\202Ty\033w[\256/\256Pt\235\262\304"
 183      87734982 
 183      54791B77 
 183      5BAE2FAE 
 183      50749DB2 
 184 00e8 DD81AE95 		.ascii	"\335\201\256\225\231\024\021usw0\030n\266\211\250\205"
 184      99141175 
 184      73773018 
 184      6EB689A8 
 184      85
 185 00f9 BB37BFBF 		.ascii	"\2737\277\277>l\247\022\360\377m\3157\347\344\254\323"
 185      3E6CA712 
 185      F0FF6DCD 
 185      37E7E4AC 
 185      D3
 186 010a 8CB10053 		.ascii	"\214\261\000S\303\020'\250<5\364\216\0351\031\262p\177"
 186      C31027A8 
 186      3C35F48E 
 186      1D3119B2 
 186      707F
 187 011c 3CB1DEEE 		.ascii	"<\261\336\356\020.\277\3644\334\222\3566Vi)\220)\267"
 187      102EBFF4 
 187      34DC92EE 
 187      36566929 
 187      9029B7
 188 012f 2338D2B1 		.ascii	"#8\322\261r\343q\306,\020\002\031:\201\302\027\220\305"
 188      72E371C6 
 188      2C100219 
 188      3A81C217 
 188      90C5
 189 0141 0FC0D17C 		.ascii	"\017\300\321|\005\030\253b\015G\231c\017\201\317\301"
 189      0518AB62 
 189      0D479963 
 189      0F81CFC1 
 190 0151 05A7C145 		.ascii	"\005\247\301E\340\014db\202H\205/q\263\0137\221\252"
 190      E00C6462 
ARM GAS  C:\Users\victo\AppData\Local\Temp\ccAf0OOl.s 			page 14


 190      8248852F 
 190      71B30B37 
 190      91AA
 191 0163 AEBDBA4B 		.ascii	"\256\275\272K\266H\210\346\305\366\012\311M\325M\235"
 191      B64888E6 
 191      C5F60AC9 
 191      4DD54D9D 
 192 0173 74FB71C6 		.ascii	"t\373q\306\327Q\266M\202\202t\370\014!\035\010!\360"
 192      D751B64D 
 192      828274F8 
 192      0C211D08 
 192      21F0
 193 0185 356CC7DF 		.ascii	"5l\307\337\257\300\242K\037\233\377\260%\215\346\212"
 193      AFC0A24B 
 193      1F9BFFB0 
 193      258DE68A 
 194 0195 F30D9E88 		.ascii	"\363\015\236\210,ou\237d\255\241H\335\317\357\323\017"
 194      2C6F759F 
 194      64ADA148 
 194      DDCFEFD3 
 194      0F
 195 01a6 586B25FB 		.ascii	"Xk%\373W\323@\200\240;\246\224\360\377z\323{\300\215"
 195      57D34080 
 195      A03BA694 
 195      F0FF7AD3 
 195      7BC08D
 196 01b9 C0DEF507 		.ascii	"\300\336\365\007gl\2332~#\030\367\032\204\341\325\223"
 196      676C9B32 
 196      7E2318F7 
 196      1A84E1D5 
 196      93
 197 01ca B516FA9A 		.ascii	"\265\026\372\232 \354\276\330\030\264\013\302\326\221"
 197      20ECBED8 
 197      18B40BC2 
 197      D691
 198 01d8 365B0753 		.ascii	"6[\007S5\3559\236\016\275&\256\336(W\237\340\372\350"
 198      35ED399E 
 198      0EBD26AE 
 198      DE28579F 
 198      E0FAE8
 199 01eb FE6FC30E 		.ascii	"\376o\303\016Z\001\346\276\273\365\2767\335Y\353\331"
 199      5A01E6BE 
 199      BBF5BE37 
 199      DD59EBD9 
 200 01fb 225C4DA3 		.ascii	"\"\\M\243\274\353\247f\377lI\215u\375\276\336\365al"
 200      BCEBA766 
 200      FF6C498D 
 200      75FDBEDE 
 200      F5616C
 201 020e 547FBCEB 		.ascii	"T\177\274\353ns\327Q\275\365I\022\323\016C\330u\267"
 201      6E73D751 
 201      BDF54912 
 201      D30E43D8 
 201      75B7
 202 0220 D1F501DC 		.ascii	"\321\365\001\334\034\324\273~m\244\266v\013}s\203\206"
 202      1CD4BB7E 
 202      6DA4B676 
ARM GAS  C:\Users\victo\AppData\Local\Temp\ccAf0OOl.s 			page 15


 202      0B7D7383 
 202      86
 203 0231 745D43FD 		.ascii	"t]C\375T\313(\025\256\306\303\322\374|\343:\0059S\224"
 203      54CB2815 
 203      AEC6C3D2 
 203      FC7CE33A 
 203      05395394 
 204 0245 8F04197D 		.ascii	"\217\004\031}\214@\226\013\236\302\342\243X<\335(~\016"
 204      8C40960B 
 204      9EC2E2A3 
 204      583CDD28 
 204      7E0E
 205 0257 8B8F6071 		.ascii	"\213\217`q\256\264\265\177+\200\212*\317\306U\246\313"
 205      AEB4B57F 
 205      2B808A2A 
 205      CFC655A6 
 205      CB
 206 0268 B1616BA8 		.ascii	"\261ak\250\031m\260\210+WcW\276>?\363@\022{\374t\337"
 206      196DB088 
 206      2B576357 
 206      BE3E3FF3 
 206      40127BFC 
 207 027e 82D81C8D 		.ascii	"\202\330\034\215\364\237slz+\337\211[\031\213\316A\345"
 207      F49F736C 
 207      7A2BDF89 
 207      5B198BCE 
 207      41E5
 208 0290 B1DA1FAC 		.ascii	"\261\332\037\254\224\2018\323\370\015\255>\305\030\204"
 208      948138D3 
 208      F80DAD3E 
 208      C51884
 209 029f B1B61CD3 		.ascii	"\261\266\034\323  \012\306M\2273\036\275\234\011q9\253"
 209      20200AC6 
 209      4D97331E 
 209      BD9C0971 
 209      39AB
 210 02b1 77976EA7 		.ascii	"w\227n\247\232)\271\2348\347\371\015\223po\241\177\325"
 210      9A29B99C 
 210      38E7F90D 
 210      93706FA1 
 210      7FD5
 211 02c3 463FD529 		.ascii	"F?\325)\257\335Z=k\021\224\013K5\023N\246\017\203\200"
 211      AFDD5A3D 
 211      6B11940B 
 211      4B35134E 
 211      A60F8380 
 212 02d7 40D84418 		.ascii	"@\330D\030\216\022N\012\302\231\316\311\267\301L\250"
 212      8E124E0A 
 212      C299CEC9 
 212      B7C14CA8 
 213 02e7 6E20BCB0 		.ascii	"n \274\260\201\260\372X}\215\235\252:\341\225\345\241"
 213      81B0FA58 
 213      7D8D9DAA 
 213      3AE195E5 
 213      A1
 214 02f8 654E180A 		.ascii	"eN\030\012-\324\337V\324*\3667\037\032\216\200)\023"
 214      2DD4DF56 
ARM GAS  C:\Users\victo\AppData\Local\Temp\ccAf0OOl.s 			page 16


 214      D42AF637 
 214      1F1A8E80 
 214      2913
 215 030a DF54946F 		.ascii	"\337T\224o\232\363\321\340_\367f%p\271\344f\374\006"
 215      9AF3D1E0 
 215      5FF76625 
 215      70B9E466 
 215      FC06
 216 031c ACE1DBFD 		.ascii	"\254\341\333\375\226F\341\022\310\204\373j\340\275O"
 216      9646E112 
 216      C884FB6A 
 216      E0BD4F
 217 032b 7607FEE1 		.ascii	"v\007\376\341/\275\366\256]l\007\270\260\204w\231\210"
 217      2FBDF6AE 
 217      5D6C07B8 
 217      B0847799 
 217      88
 218 033c 08818BE8 		.ascii	"\010\201\213\350\317\360)C\027\005\005\202\275w\254"
 218      CFF02943 
 218      17050582 
 218      BD77AC
 219 034b 74515737 		.ascii	"tQW7p\374\362yY\016\360C\375\277/\201\244v7<t\306f\275"
 219      70FCF279 
 219      590EF043 
 219      FDBF2F81 
 219      A476373C 
 220 0363 F9D69E6A 		.ascii	"\371\326\236j\366<\\\305n\314\306\247\3502\304\207\375"
 220      F63C5CC5 
 220      6ECCC6A7 
 220      E832C487 
 220      FD
 221 0374 D1C25792 		.ascii	"\321\302W\222\177b\026\177\371\370\241\315Y\027\373"
 221      7F62167F 
 221      F9F8A1CD 
 221      5917FB
 222 0383 2889A2F1 		.ascii	"(\211\242\361\263\314\201S\364\207?m\207J\313\375\273"
 222      B3CC8153 
 222      F4873F6D 
 222      874ACBFD 
 222      BB
 223 0394 726DF92F 		.ascii	"rm\371/\277\352\316#\031\371J\271\342+\361+\373\212"
 223      BFEACE23 
 223      19F94AB9 
 223      E22BF12B 
 223      FB8A
 224 03a6 0BBD877C 		.ascii	"\013\275\207|\036\245\250\240\320\233\367\364N\317\021"
 224      1EA5A8A0 
 224      D09BF7F4 
 224      4ECF11
 225 03b5 FF91834A 		.ascii	"\377\221\203JE\366\353$-\257\314\3539P\234S\\\350/\361"
 225      45F6EB24 
 225      2DAFCCEB 
 225      39509C53 
 225      5CE82FF1 
 226 03c9 F95F38FC 		.ascii	"\371_8\374DvQrL\221\221\230\355!\3168\306{P\020\346"
 226      44765172 
 226      4C919198 
ARM GAS  C:\Users\victo\AppData\Local\Temp\ccAf0OOl.s 			page 17


 226      ED21CE38 
 226      C67B5010 
 227 03de 3C63E58F 		.ascii	"<c\345\217gw\304\"\212\377E_\211\307_\352-/)\333]\372"
 227      6777C422 
 227      8AFF455F 
 227      89C75FEA 
 227      2D2F29DB 
 228 03f4 46E93EC5 		.ascii	"F\351>\305\367\212\262\277\264\302\257\370\\\321\244"
 228      F78AB2BF 
 228      B4C2AFF8 
 228      5CD1A4
 229 0403 7CC59F10 		.ascii	"|\305\237\020\332a\012m\212\267\372\224\375\273r\377"
 229      DA610A6D 
 229      8AB7FA94 
 229      FDBB72FF 
 230 0413 03D81119 		.ascii	"\003\330\021\0317"
 230      37
 231              		.text
 232              		.section	.gnu.lto_.symtab.91bc8f55,"",%progbits
 233 0000 436C6F63 		.ascii	"Clock_1_StartEx\000\000\000\000\000\000\000\000\000"
 233      6B5F315F 
 233      53746172 
 233      74457800 
 233      00000000 
 234 0018 000000B4 		.ascii	"\000\000\000\264\000\000\000Clock_1_Stop\000\000\000"
 234      00000043 
 234      6C6F636B 
 234      5F315F53 
 234      746F7000 
 235 002e 00000000 		.ascii	"\000\000\000\000\000\000\000\000\000\267\000\000\000"
 235      00000000 
 235      00B70000 
 235      00
 236 003b 436C6F63 		.ascii	"Clock_1_SetFractionalDividerRegister\000\000\000\000"
 236      6B5F315F 
 236      53657446 
 236      72616374 
 236      696F6E61 
 237 0063 00000000 		.ascii	"\000\000\000\000\000\000\000\000\306\000\000\000Clo"
 237      00000000 
 237      C6000000 
 237      436C6F
 238 0072 636B5F31 		.ascii	"ck_1_GetDividerRegister\000\000\000\000\000\000\000"
 238      5F476574 
 238      44697669 
 238      64657252 
 238      65676973 
 239 0090 00000000 		.ascii	"\000\000\000\000\000\311\000\000\000Clock_1_GetFrac"
 239      00C90000 
 239      00436C6F 
 239      636B5F31 
 239      5F476574 
 240 00a8 74696F6E 		.ascii	"tionalDividerRegister\000\000\000\000\000\000\000\000"
 240      616C4469 
 240      76696465 
 240      72526567 
 240      69737465 
ARM GAS  C:\Users\victo\AppData\Local\Temp\ccAf0OOl.s 			page 18


 241 00c5 00000000 		.ascii	"\000\000\000\000\314\000\000\000"
 241      CC000000 
 242              		.text
 243              		.section	.gnu.lto_.opts,"",%progbits
 244 0000 272D666E 		.ascii	"'-fno-trapv' '-mcpu=cortex-m0' '-mthumb' '-g' '-Os'"
 244      6F2D7472 
 244      61707627 
 244      20272D6D 
 244      6370753D 
 245 0033 20272D57 		.ascii	" '-Werror' '-ffunction-sections' '-finline-function"
 245      6572726F 
 245      72272027 
 245      2D666675 
 245      6E637469 
 246 0066 73272027 		.ascii	"s' '-flto' '-ffat-lto-objects' '-fno-strict-aliasin"
 246      2D666C74 
 246      6F272027 
 246      2D666661 
 246      742D6C74 
 247 0099 672700   		.ascii	"g'\000"
 248              		.text
 249              		.cfi_sections	.debug_frame
 250              		.section	.text.Clock_1_StartEx,"ax",%progbits
 251              		.align	1
 252              		.global	Clock_1_StartEx
 253              		.code	16
 254              		.thumb_func
 255              		.type	Clock_1_StartEx, %function
 256              	Clock_1_StartEx:
 257              	.LFB0:
 258              		.file 1 ".\\Generated_Source\\PSoC4\\Clock_1.c"
   1:.\Generated_Source\PSoC4/Clock_1.c **** /*******************************************************************************
   2:.\Generated_Source\PSoC4/Clock_1.c **** * File Name: Clock_1.c
   3:.\Generated_Source\PSoC4/Clock_1.c **** * Version 2.20
   4:.\Generated_Source\PSoC4/Clock_1.c **** *
   5:.\Generated_Source\PSoC4/Clock_1.c **** *  Description:
   6:.\Generated_Source\PSoC4/Clock_1.c **** *   Provides system API for the clocking, interrupts and watchdog timer.
   7:.\Generated_Source\PSoC4/Clock_1.c **** *
   8:.\Generated_Source\PSoC4/Clock_1.c **** *  Note:
   9:.\Generated_Source\PSoC4/Clock_1.c **** *   Documentation of the API's in this file is located in the
  10:.\Generated_Source\PSoC4/Clock_1.c **** *   System Reference Guide provided with PSoC Creator.
  11:.\Generated_Source\PSoC4/Clock_1.c **** *
  12:.\Generated_Source\PSoC4/Clock_1.c **** ********************************************************************************
  13:.\Generated_Source\PSoC4/Clock_1.c **** * Copyright 2008-2012, Cypress Semiconductor Corporation.  All rights reserved.
  14:.\Generated_Source\PSoC4/Clock_1.c **** * You may use this file only in accordance with the license, terms, conditions,
  15:.\Generated_Source\PSoC4/Clock_1.c **** * disclaimers, and limitations in the end user license agreement accompanying
  16:.\Generated_Source\PSoC4/Clock_1.c **** * the software package with which this file was provided.
  17:.\Generated_Source\PSoC4/Clock_1.c **** *******************************************************************************/
  18:.\Generated_Source\PSoC4/Clock_1.c **** 
  19:.\Generated_Source\PSoC4/Clock_1.c **** #include <cydevice_trm.h>
  20:.\Generated_Source\PSoC4/Clock_1.c **** #include "Clock_1.h"
  21:.\Generated_Source\PSoC4/Clock_1.c **** 
  22:.\Generated_Source\PSoC4/Clock_1.c **** #if defined CYREG_PERI_DIV_CMD
  23:.\Generated_Source\PSoC4/Clock_1.c **** 
  24:.\Generated_Source\PSoC4/Clock_1.c **** /*******************************************************************************
  25:.\Generated_Source\PSoC4/Clock_1.c **** * Function Name: Clock_1_StartEx
  26:.\Generated_Source\PSoC4/Clock_1.c **** ********************************************************************************
ARM GAS  C:\Users\victo\AppData\Local\Temp\ccAf0OOl.s 			page 19


  27:.\Generated_Source\PSoC4/Clock_1.c **** *
  28:.\Generated_Source\PSoC4/Clock_1.c **** * Summary:
  29:.\Generated_Source\PSoC4/Clock_1.c **** *  Starts the clock, aligned to the specified running clock.
  30:.\Generated_Source\PSoC4/Clock_1.c **** *
  31:.\Generated_Source\PSoC4/Clock_1.c **** * Parameters:
  32:.\Generated_Source\PSoC4/Clock_1.c **** *  alignClkDiv:  The divider to which phase alignment is performed when the
  33:.\Generated_Source\PSoC4/Clock_1.c **** *    clock is started.
  34:.\Generated_Source\PSoC4/Clock_1.c **** *
  35:.\Generated_Source\PSoC4/Clock_1.c **** * Returns:
  36:.\Generated_Source\PSoC4/Clock_1.c **** *  None
  37:.\Generated_Source\PSoC4/Clock_1.c **** *
  38:.\Generated_Source\PSoC4/Clock_1.c **** *******************************************************************************/
  39:.\Generated_Source\PSoC4/Clock_1.c **** void Clock_1_StartEx(uint32 alignClkDiv)
  40:.\Generated_Source\PSoC4/Clock_1.c **** {
 259              		.loc 1 40 0
 260              		.cfi_startproc
 261              	.LVL0:
 262              	.L2:
  41:.\Generated_Source\PSoC4/Clock_1.c ****     /* Make sure any previous start command has finished. */
  42:.\Generated_Source\PSoC4/Clock_1.c ****     while((Clock_1_CMD_REG & Clock_1_CMD_ENABLE_MASK) != 0u)
 263              		.loc 1 42 0 discriminator 1
 264 0000 044B     		ldr	r3, .L4
 265 0002 1A68     		ldr	r2, [r3]
 266 0004 002A     		cmp	r2, #0
 267 0006 FBDB     		blt	.L2
  43:.\Generated_Source\PSoC4/Clock_1.c ****     {
  44:.\Generated_Source\PSoC4/Clock_1.c ****     }
  45:.\Generated_Source\PSoC4/Clock_1.c ****     
  46:.\Generated_Source\PSoC4/Clock_1.c ****     /* Specify the target divider and it's alignment divider, and enable. */
  47:.\Generated_Source\PSoC4/Clock_1.c ****     Clock_1_CMD_REG =
  48:.\Generated_Source\PSoC4/Clock_1.c ****         ((uint32)Clock_1__DIV_ID << Clock_1_CMD_DIV_SHIFT)|
  49:.\Generated_Source\PSoC4/Clock_1.c ****         (alignClkDiv << Clock_1_CMD_PA_DIV_SHIFT) |
 268              		.loc 1 49 0
 269 0008 034A     		ldr	r2, .L4+4
 270 000a 0002     		lsl	r0, r0, #8
 271              	.LVL1:
 272 000c 1043     		orr	r0, r2
  47:.\Generated_Source\PSoC4/Clock_1.c ****         ((uint32)Clock_1__DIV_ID << Clock_1_CMD_DIV_SHIFT)|
 273              		.loc 1 47 0
 274 000e 1860     		str	r0, [r3]
  50:.\Generated_Source\PSoC4/Clock_1.c ****         (uint32)Clock_1_CMD_ENABLE_MASK;
  51:.\Generated_Source\PSoC4/Clock_1.c **** }
 275              		.loc 1 51 0
 276              		@ sp needed
 277 0010 7047     		bx	lr
 278              	.L5:
 279 0012 C046     		.align	2
 280              	.L4:
 281 0014 00000140 		.word	1073807360
 282 0018 05000080 		.word	-2147483643
 283              		.cfi_endproc
 284              	.LFE0:
 285              		.size	Clock_1_StartEx, .-Clock_1_StartEx
 286              		.section	.text.Clock_1_Stop,"ax",%progbits
 287              		.align	1
 288              		.global	Clock_1_Stop
 289              		.code	16
ARM GAS  C:\Users\victo\AppData\Local\Temp\ccAf0OOl.s 			page 20


 290              		.thumb_func
 291              		.type	Clock_1_Stop, %function
 292              	Clock_1_Stop:
 293              	.LFB1:
  52:.\Generated_Source\PSoC4/Clock_1.c **** 
  53:.\Generated_Source\PSoC4/Clock_1.c **** #else
  54:.\Generated_Source\PSoC4/Clock_1.c **** 
  55:.\Generated_Source\PSoC4/Clock_1.c **** /*******************************************************************************
  56:.\Generated_Source\PSoC4/Clock_1.c **** * Function Name: Clock_1_Start
  57:.\Generated_Source\PSoC4/Clock_1.c **** ********************************************************************************
  58:.\Generated_Source\PSoC4/Clock_1.c **** *
  59:.\Generated_Source\PSoC4/Clock_1.c **** * Summary:
  60:.\Generated_Source\PSoC4/Clock_1.c **** *  Starts the clock.
  61:.\Generated_Source\PSoC4/Clock_1.c **** *
  62:.\Generated_Source\PSoC4/Clock_1.c **** * Parameters:
  63:.\Generated_Source\PSoC4/Clock_1.c **** *  None
  64:.\Generated_Source\PSoC4/Clock_1.c **** *
  65:.\Generated_Source\PSoC4/Clock_1.c **** * Returns:
  66:.\Generated_Source\PSoC4/Clock_1.c **** *  None
  67:.\Generated_Source\PSoC4/Clock_1.c **** *
  68:.\Generated_Source\PSoC4/Clock_1.c **** *******************************************************************************/
  69:.\Generated_Source\PSoC4/Clock_1.c **** 
  70:.\Generated_Source\PSoC4/Clock_1.c **** void Clock_1_Start(void)
  71:.\Generated_Source\PSoC4/Clock_1.c **** {
  72:.\Generated_Source\PSoC4/Clock_1.c ****     /* Set the bit to enable the clock. */
  73:.\Generated_Source\PSoC4/Clock_1.c ****     Clock_1_ENABLE_REG |= Clock_1__ENABLE_MASK;
  74:.\Generated_Source\PSoC4/Clock_1.c **** }
  75:.\Generated_Source\PSoC4/Clock_1.c **** 
  76:.\Generated_Source\PSoC4/Clock_1.c **** #endif /* CYREG_PERI_DIV_CMD */
  77:.\Generated_Source\PSoC4/Clock_1.c **** 
  78:.\Generated_Source\PSoC4/Clock_1.c **** 
  79:.\Generated_Source\PSoC4/Clock_1.c **** /*******************************************************************************
  80:.\Generated_Source\PSoC4/Clock_1.c **** * Function Name: Clock_1_Stop
  81:.\Generated_Source\PSoC4/Clock_1.c **** ********************************************************************************
  82:.\Generated_Source\PSoC4/Clock_1.c **** *
  83:.\Generated_Source\PSoC4/Clock_1.c **** * Summary:
  84:.\Generated_Source\PSoC4/Clock_1.c **** *  Stops the clock and returns immediately. This API does not require the
  85:.\Generated_Source\PSoC4/Clock_1.c **** *  source clock to be running but may return before the hardware is actually
  86:.\Generated_Source\PSoC4/Clock_1.c **** *  disabled.
  87:.\Generated_Source\PSoC4/Clock_1.c **** *
  88:.\Generated_Source\PSoC4/Clock_1.c **** * Parameters:
  89:.\Generated_Source\PSoC4/Clock_1.c **** *  None
  90:.\Generated_Source\PSoC4/Clock_1.c **** *
  91:.\Generated_Source\PSoC4/Clock_1.c **** * Returns:
  92:.\Generated_Source\PSoC4/Clock_1.c **** *  None
  93:.\Generated_Source\PSoC4/Clock_1.c **** *
  94:.\Generated_Source\PSoC4/Clock_1.c **** *******************************************************************************/
  95:.\Generated_Source\PSoC4/Clock_1.c **** void Clock_1_Stop(void)
  96:.\Generated_Source\PSoC4/Clock_1.c **** {
 294              		.loc 1 96 0
 295              		.cfi_startproc
 296              	.L7:
  97:.\Generated_Source\PSoC4/Clock_1.c **** #if defined CYREG_PERI_DIV_CMD
  98:.\Generated_Source\PSoC4/Clock_1.c **** 
  99:.\Generated_Source\PSoC4/Clock_1.c ****     /* Make sure any previous start command has finished. */
 100:.\Generated_Source\PSoC4/Clock_1.c ****     while((Clock_1_CMD_REG & Clock_1_CMD_ENABLE_MASK) != 0u)
 297              		.loc 1 100 0 discriminator 1
ARM GAS  C:\Users\victo\AppData\Local\Temp\ccAf0OOl.s 			page 21


 298 0000 034B     		ldr	r3, .L8
 299 0002 1A68     		ldr	r2, [r3]
 300 0004 002A     		cmp	r2, #0
 301 0006 FBDB     		blt	.L7
 101:.\Generated_Source\PSoC4/Clock_1.c ****     {
 102:.\Generated_Source\PSoC4/Clock_1.c ****     }
 103:.\Generated_Source\PSoC4/Clock_1.c ****     
 104:.\Generated_Source\PSoC4/Clock_1.c ****     /* Specify the target divider and it's alignment divider, and disable. */
 105:.\Generated_Source\PSoC4/Clock_1.c ****     Clock_1_CMD_REG =
 302              		.loc 1 105 0
 303 0008 024A     		ldr	r2, .L8+4
 106:.\Generated_Source\PSoC4/Clock_1.c ****         ((uint32)Clock_1__DIV_ID << Clock_1_CMD_DIV_SHIFT)|
 107:.\Generated_Source\PSoC4/Clock_1.c ****         ((uint32)Clock_1_CMD_DISABLE_MASK);
 108:.\Generated_Source\PSoC4/Clock_1.c **** 
 109:.\Generated_Source\PSoC4/Clock_1.c **** #else
 110:.\Generated_Source\PSoC4/Clock_1.c **** 
 111:.\Generated_Source\PSoC4/Clock_1.c ****     /* Clear the bit to disable the clock. */
 112:.\Generated_Source\PSoC4/Clock_1.c ****     Clock_1_ENABLE_REG &= (uint32)(~Clock_1__ENABLE_MASK);
 113:.\Generated_Source\PSoC4/Clock_1.c ****     
 114:.\Generated_Source\PSoC4/Clock_1.c **** #endif /* CYREG_PERI_DIV_CMD */
 115:.\Generated_Source\PSoC4/Clock_1.c **** }
 304              		.loc 1 115 0
 305              		@ sp needed
 105:.\Generated_Source\PSoC4/Clock_1.c ****         ((uint32)Clock_1__DIV_ID << Clock_1_CMD_DIV_SHIFT)|
 306              		.loc 1 105 0
 307 000a 1A60     		str	r2, [r3]
 308              		.loc 1 115 0
 309 000c 7047     		bx	lr
 310              	.L9:
 311 000e C046     		.align	2
 312              	.L8:
 313 0010 00000140 		.word	1073807360
 314 0014 05000040 		.word	1073741829
 315              		.cfi_endproc
 316              	.LFE1:
 317              		.size	Clock_1_Stop, .-Clock_1_Stop
 318              		.section	.text.Clock_1_SetFractionalDividerRegister,"ax",%progbits
 319              		.align	1
 320              		.global	Clock_1_SetFractionalDividerRegister
 321              		.code	16
 322              		.thumb_func
 323              		.type	Clock_1_SetFractionalDividerRegister, %function
 324              	Clock_1_SetFractionalDividerRegister:
 325              	.LFB2:
 116:.\Generated_Source\PSoC4/Clock_1.c **** 
 117:.\Generated_Source\PSoC4/Clock_1.c **** 
 118:.\Generated_Source\PSoC4/Clock_1.c **** /*******************************************************************************
 119:.\Generated_Source\PSoC4/Clock_1.c **** * Function Name: Clock_1_SetFractionalDividerRegister
 120:.\Generated_Source\PSoC4/Clock_1.c **** ********************************************************************************
 121:.\Generated_Source\PSoC4/Clock_1.c **** *
 122:.\Generated_Source\PSoC4/Clock_1.c **** * Summary:
 123:.\Generated_Source\PSoC4/Clock_1.c **** *  Modifies the clock divider and the fractional divider.
 124:.\Generated_Source\PSoC4/Clock_1.c **** *
 125:.\Generated_Source\PSoC4/Clock_1.c **** * Parameters:
 126:.\Generated_Source\PSoC4/Clock_1.c **** *  clkDivider:  Divider register value (0-65535). This value is NOT the
 127:.\Generated_Source\PSoC4/Clock_1.c **** *    divider; the clock hardware divides by clkDivider plus one. For example,
 128:.\Generated_Source\PSoC4/Clock_1.c **** *    to divide the clock by 2, this parameter should be set to 1.
ARM GAS  C:\Users\victo\AppData\Local\Temp\ccAf0OOl.s 			page 22


 129:.\Generated_Source\PSoC4/Clock_1.c **** *  fracDivider:  Fractional Divider register value (0-31).
 130:.\Generated_Source\PSoC4/Clock_1.c **** * Returns:
 131:.\Generated_Source\PSoC4/Clock_1.c **** *  None
 132:.\Generated_Source\PSoC4/Clock_1.c **** *
 133:.\Generated_Source\PSoC4/Clock_1.c **** *******************************************************************************/
 134:.\Generated_Source\PSoC4/Clock_1.c **** void Clock_1_SetFractionalDividerRegister(uint16 clkDivider, uint8 clkFractional)
 135:.\Generated_Source\PSoC4/Clock_1.c **** {
 326              		.loc 1 135 0
 327              		.cfi_startproc
 328              	.LVL2:
 136:.\Generated_Source\PSoC4/Clock_1.c ****     uint32 maskVal;
 137:.\Generated_Source\PSoC4/Clock_1.c ****     uint32 regVal;
 138:.\Generated_Source\PSoC4/Clock_1.c ****     
 139:.\Generated_Source\PSoC4/Clock_1.c **** #if defined (Clock_1__FRAC_MASK) || defined (CYREG_PERI_DIV_CMD)
 140:.\Generated_Source\PSoC4/Clock_1.c ****     
 141:.\Generated_Source\PSoC4/Clock_1.c **** 	/* get all but divider bits */
 142:.\Generated_Source\PSoC4/Clock_1.c ****     maskVal = Clock_1_DIV_REG & 
 143:.\Generated_Source\PSoC4/Clock_1.c ****                     (uint32)(~(uint32)(Clock_1_DIV_INT_MASK | Clock_1_DIV_FRAC_MASK)); 
 144:.\Generated_Source\PSoC4/Clock_1.c **** 	/* combine mask and new divider vals into 32-bit value */
 145:.\Generated_Source\PSoC4/Clock_1.c ****     regVal = maskVal |
 146:.\Generated_Source\PSoC4/Clock_1.c ****         ((uint32)((uint32)clkDivider <<  Clock_1_DIV_INT_SHIFT) & Clock_1_DIV_INT_MASK) |
 147:.\Generated_Source\PSoC4/Clock_1.c ****         ((uint32)((uint32)clkFractional << Clock_1_DIV_FRAC_SHIFT) & Clock_1_DIV_FRAC_MASK);
 329              		.loc 1 147 0
 330 0000 FF22     		mov	r2, #255
 142:.\Generated_Source\PSoC4/Clock_1.c ****                     (uint32)(~(uint32)(Clock_1_DIV_INT_MASK | Clock_1_DIV_FRAC_MASK)); 
 331              		.loc 1 142 0
 332 0002 0723     		mov	r3, #7
 135:.\Generated_Source\PSoC4/Clock_1.c ****     uint32 maskVal;
 333              		.loc 1 135 0
 334 0004 30B5     		push	{r4, r5, lr}
 335              		.cfi_def_cfa_offset 12
 336              		.cfi_offset 4, -12
 337              		.cfi_offset 5, -8
 338              		.cfi_offset 14, -4
 142:.\Generated_Source\PSoC4/Clock_1.c ****                     (uint32)(~(uint32)(Clock_1_DIV_INT_MASK | Clock_1_DIV_FRAC_MASK)); 
 339              		.loc 1 142 0
 340 0006 054C     		ldr	r4, .L11
 341              		.loc 1 147 0
 342 0008 C900     		lsl	r1, r1, #3
 343              	.LVL3:
 142:.\Generated_Source\PSoC4/Clock_1.c ****                     (uint32)(~(uint32)(Clock_1_DIV_INT_MASK | Clock_1_DIV_FRAC_MASK)); 
 344              		.loc 1 142 0
 345 000a 2568     		ldr	r5, [r4]
 346              	.LVL4:
 146:.\Generated_Source\PSoC4/Clock_1.c ****         ((uint32)((uint32)clkFractional << Clock_1_DIV_FRAC_SHIFT) & Clock_1_DIV_FRAC_MASK);
 347              		.loc 1 146 0
 348 000c 0002     		lsl	r0, r0, #8
 349              	.LVL5:
 350              		.loc 1 147 0
 351 000e 1140     		and	r1, r2
 142:.\Generated_Source\PSoC4/Clock_1.c ****                     (uint32)(~(uint32)(Clock_1_DIV_INT_MASK | Clock_1_DIV_FRAC_MASK)); 
 352              		.loc 1 142 0
 353 0010 2B40     		and	r3, r5
 354              	.LVL6:
 355 0012 0143     		orr	r1, r0
 145:.\Generated_Source\PSoC4/Clock_1.c ****         ((uint32)((uint32)clkDivider <<  Clock_1_DIV_INT_SHIFT) & Clock_1_DIV_INT_MASK) |
 356              		.loc 1 145 0
ARM GAS  C:\Users\victo\AppData\Local\Temp\ccAf0OOl.s 			page 23


 357 0014 1943     		orr	r1, r3
 358              	.LVL7:
 148:.\Generated_Source\PSoC4/Clock_1.c ****     
 149:.\Generated_Source\PSoC4/Clock_1.c **** #else
 150:.\Generated_Source\PSoC4/Clock_1.c ****     /* get all but integer divider bits */
 151:.\Generated_Source\PSoC4/Clock_1.c ****     maskVal = Clock_1_DIV_REG & (uint32)(~(uint32)Clock_1__DIVIDER_MASK);
 152:.\Generated_Source\PSoC4/Clock_1.c ****     /* combine mask and new divider val into 32-bit value */
 153:.\Generated_Source\PSoC4/Clock_1.c ****     regVal = clkDivider | maskVal;
 154:.\Generated_Source\PSoC4/Clock_1.c ****     
 155:.\Generated_Source\PSoC4/Clock_1.c **** #endif /* Clock_1__FRAC_MASK || CYREG_PERI_DIV_CMD */
 156:.\Generated_Source\PSoC4/Clock_1.c **** 
 157:.\Generated_Source\PSoC4/Clock_1.c ****     Clock_1_DIV_REG = regVal;
 359              		.loc 1 157 0
 360 0016 2160     		str	r1, [r4]
 158:.\Generated_Source\PSoC4/Clock_1.c **** }
 361              		.loc 1 158 0
 362              		@ sp needed
 363 0018 30BD     		pop	{r4, r5, pc}
 364              	.L12:
 365 001a C046     		.align	2
 366              	.L11:
 367 001c 14020140 		.word	1073807892
 368              		.cfi_endproc
 369              	.LFE2:
 370              		.size	Clock_1_SetFractionalDividerRegister, .-Clock_1_SetFractionalDividerRegister
 371              		.section	.text.Clock_1_GetDividerRegister,"ax",%progbits
 372              		.align	1
 373              		.global	Clock_1_GetDividerRegister
 374              		.code	16
 375              		.thumb_func
 376              		.type	Clock_1_GetDividerRegister, %function
 377              	Clock_1_GetDividerRegister:
 378              	.LFB3:
 159:.\Generated_Source\PSoC4/Clock_1.c **** 
 160:.\Generated_Source\PSoC4/Clock_1.c **** 
 161:.\Generated_Source\PSoC4/Clock_1.c **** /*******************************************************************************
 162:.\Generated_Source\PSoC4/Clock_1.c **** * Function Name: Clock_1_GetDividerRegister
 163:.\Generated_Source\PSoC4/Clock_1.c **** ********************************************************************************
 164:.\Generated_Source\PSoC4/Clock_1.c **** *
 165:.\Generated_Source\PSoC4/Clock_1.c **** * Summary:
 166:.\Generated_Source\PSoC4/Clock_1.c **** *  Gets the clock divider register value.
 167:.\Generated_Source\PSoC4/Clock_1.c **** *
 168:.\Generated_Source\PSoC4/Clock_1.c **** * Parameters:
 169:.\Generated_Source\PSoC4/Clock_1.c **** *  None
 170:.\Generated_Source\PSoC4/Clock_1.c **** *
 171:.\Generated_Source\PSoC4/Clock_1.c **** * Returns:
 172:.\Generated_Source\PSoC4/Clock_1.c **** *  Divide value of the clock minus 1. For example, if the clock is set to
 173:.\Generated_Source\PSoC4/Clock_1.c **** *  divide by 2, the return value will be 1.
 174:.\Generated_Source\PSoC4/Clock_1.c **** *
 175:.\Generated_Source\PSoC4/Clock_1.c **** *******************************************************************************/
 176:.\Generated_Source\PSoC4/Clock_1.c **** uint16 Clock_1_GetDividerRegister(void)
 177:.\Generated_Source\PSoC4/Clock_1.c **** {
 379              		.loc 1 177 0
 380              		.cfi_startproc
 178:.\Generated_Source\PSoC4/Clock_1.c ****     return (uint16)((Clock_1_DIV_REG & Clock_1_DIV_INT_MASK)
 381              		.loc 1 178 0
 382 0000 024B     		ldr	r3, .L14
ARM GAS  C:\Users\victo\AppData\Local\Temp\ccAf0OOl.s 			page 24


 179:.\Generated_Source\PSoC4/Clock_1.c ****         >> Clock_1_DIV_INT_SHIFT);
 180:.\Generated_Source\PSoC4/Clock_1.c **** }
 383              		.loc 1 180 0
 384              		@ sp needed
 178:.\Generated_Source\PSoC4/Clock_1.c ****     return (uint16)((Clock_1_DIV_REG & Clock_1_DIV_INT_MASK)
 385              		.loc 1 178 0
 386 0002 1868     		ldr	r0, [r3]
 179:.\Generated_Source\PSoC4/Clock_1.c ****         >> Clock_1_DIV_INT_SHIFT);
 387              		.loc 1 179 0
 388 0004 000A     		lsr	r0, r0, #8
 178:.\Generated_Source\PSoC4/Clock_1.c ****     return (uint16)((Clock_1_DIV_REG & Clock_1_DIV_INT_MASK)
 389              		.loc 1 178 0
 390 0006 80B2     		uxth	r0, r0
 391              		.loc 1 180 0
 392 0008 7047     		bx	lr
 393              	.L15:
 394 000a C046     		.align	2
 395              	.L14:
 396 000c 14020140 		.word	1073807892
 397              		.cfi_endproc
 398              	.LFE3:
 399              		.size	Clock_1_GetDividerRegister, .-Clock_1_GetDividerRegister
 400              		.section	.text.Clock_1_GetFractionalDividerRegister,"ax",%progbits
 401              		.align	1
 402              		.global	Clock_1_GetFractionalDividerRegister
 403              		.code	16
 404              		.thumb_func
 405              		.type	Clock_1_GetFractionalDividerRegister, %function
 406              	Clock_1_GetFractionalDividerRegister:
 407              	.LFB4:
 181:.\Generated_Source\PSoC4/Clock_1.c **** 
 182:.\Generated_Source\PSoC4/Clock_1.c **** 
 183:.\Generated_Source\PSoC4/Clock_1.c **** /*******************************************************************************
 184:.\Generated_Source\PSoC4/Clock_1.c **** * Function Name: Clock_1_GetFractionalDividerRegister
 185:.\Generated_Source\PSoC4/Clock_1.c **** ********************************************************************************
 186:.\Generated_Source\PSoC4/Clock_1.c **** *
 187:.\Generated_Source\PSoC4/Clock_1.c **** * Summary:
 188:.\Generated_Source\PSoC4/Clock_1.c **** *  Gets the clock fractional divider register value.
 189:.\Generated_Source\PSoC4/Clock_1.c **** *
 190:.\Generated_Source\PSoC4/Clock_1.c **** * Parameters:
 191:.\Generated_Source\PSoC4/Clock_1.c **** *  None
 192:.\Generated_Source\PSoC4/Clock_1.c **** *
 193:.\Generated_Source\PSoC4/Clock_1.c **** * Returns:
 194:.\Generated_Source\PSoC4/Clock_1.c **** *  Fractional Divide value of the clock
 195:.\Generated_Source\PSoC4/Clock_1.c **** *  0 if the fractional divider is not in use.
 196:.\Generated_Source\PSoC4/Clock_1.c **** *
 197:.\Generated_Source\PSoC4/Clock_1.c **** *******************************************************************************/
 198:.\Generated_Source\PSoC4/Clock_1.c **** uint8 Clock_1_GetFractionalDividerRegister(void)
 199:.\Generated_Source\PSoC4/Clock_1.c **** {
 408              		.loc 1 199 0
 409              		.cfi_startproc
 200:.\Generated_Source\PSoC4/Clock_1.c **** #if defined (Clock_1__FRAC_MASK)
 201:.\Generated_Source\PSoC4/Clock_1.c ****     /* return fractional divider bits */
 202:.\Generated_Source\PSoC4/Clock_1.c ****     return (uint8)((Clock_1_DIV_REG & Clock_1_DIV_FRAC_MASK)
 203:.\Generated_Source\PSoC4/Clock_1.c ****         >> Clock_1_DIV_FRAC_SHIFT);
 204:.\Generated_Source\PSoC4/Clock_1.c **** #else
 205:.\Generated_Source\PSoC4/Clock_1.c ****     return 0u;
ARM GAS  C:\Users\victo\AppData\Local\Temp\ccAf0OOl.s 			page 25


 206:.\Generated_Source\PSoC4/Clock_1.c **** #endif /* Clock_1__FRAC_MASK */
 207:.\Generated_Source\PSoC4/Clock_1.c **** }
 410              		.loc 1 207 0
 411 0000 0020     		mov	r0, #0
 412              		@ sp needed
 413 0002 7047     		bx	lr
 414              		.cfi_endproc
 415              	.LFE4:
 416              		.size	Clock_1_GetFractionalDividerRegister, .-Clock_1_GetFractionalDividerRegister
 417              		.text
 418              	.Letext0:
 419              		.file 2 "Generated_Source\\PSoC4/cytypes.h"
 420              		.section	.debug_info,"",%progbits
 421              	.Ldebug_info0:
 422 0000 62010000 		.4byte	0x162
 423 0004 0400     		.2byte	0x4
 424 0006 00000000 		.4byte	.Ldebug_abbrev0
 425 000a 04       		.byte	0x4
 426 000b 01       		.uleb128 0x1
 427 000c EC000000 		.4byte	.LASF25
 428 0010 01       		.byte	0x1
 429 0011 64000000 		.4byte	.LASF26
 430 0015 A8010000 		.4byte	.LASF27
 431 0019 00000000 		.4byte	.Ldebug_ranges0+0
 432 001d 00000000 		.4byte	0
 433 0021 00000000 		.4byte	.Ldebug_line0
 434 0025 02       		.uleb128 0x2
 435 0026 01       		.byte	0x1
 436 0027 06       		.byte	0x6
 437 0028 83020000 		.4byte	.LASF0
 438 002c 02       		.uleb128 0x2
 439 002d 01       		.byte	0x1
 440 002e 08       		.byte	0x8
 441 002f 31000000 		.4byte	.LASF1
 442 0033 02       		.uleb128 0x2
 443 0034 02       		.byte	0x2
 444 0035 05       		.byte	0x5
 445 0036 45020000 		.4byte	.LASF2
 446 003a 02       		.uleb128 0x2
 447 003b 02       		.byte	0x2
 448 003c 07       		.byte	0x7
 449 003d 51000000 		.4byte	.LASF3
 450 0041 02       		.uleb128 0x2
 451 0042 04       		.byte	0x4
 452 0043 05       		.byte	0x5
 453 0044 7A020000 		.4byte	.LASF4
 454 0048 02       		.uleb128 0x2
 455 0049 04       		.byte	0x4
 456 004a 07       		.byte	0x7
 457 004b 3F000000 		.4byte	.LASF5
 458 004f 02       		.uleb128 0x2
 459 0050 08       		.byte	0x8
 460 0051 05       		.byte	0x5
 461 0052 32020000 		.4byte	.LASF6
 462 0056 02       		.uleb128 0x2
 463 0057 08       		.byte	0x8
 464 0058 07       		.byte	0x7
ARM GAS  C:\Users\victo\AppData\Local\Temp\ccAf0OOl.s 			page 26


 465 0059 D5000000 		.4byte	.LASF7
 466 005d 03       		.uleb128 0x3
 467 005e 04       		.byte	0x4
 468 005f 05       		.byte	0x5
 469 0060 696E7400 		.ascii	"int\000"
 470 0064 02       		.uleb128 0x2
 471 0065 04       		.byte	0x4
 472 0066 07       		.byte	0x7
 473 0067 C8000000 		.4byte	.LASF8
 474 006b 04       		.uleb128 0x4
 475 006c 4F020000 		.4byte	.LASF9
 476 0070 02       		.byte	0x2
 477 0071 9801     		.2byte	0x198
 478 0073 2C000000 		.4byte	0x2c
 479 0077 04       		.uleb128 0x4
 480 0078 BA000000 		.4byte	.LASF10
 481 007c 02       		.byte	0x2
 482 007d 9901     		.2byte	0x199
 483 007f 3A000000 		.4byte	0x3a
 484 0083 04       		.uleb128 0x4
 485 0084 C1000000 		.4byte	.LASF11
 486 0088 02       		.byte	0x2
 487 0089 9A01     		.2byte	0x19a
 488 008b 48000000 		.4byte	0x48
 489 008f 02       		.uleb128 0x2
 490 0090 04       		.byte	0x4
 491 0091 04       		.byte	0x4
 492 0092 0E000000 		.4byte	.LASF12
 493 0096 02       		.uleb128 0x2
 494 0097 08       		.byte	0x8
 495 0098 04       		.byte	0x4
 496 0099 92000000 		.4byte	.LASF13
 497 009d 02       		.uleb128 0x2
 498 009e 01       		.byte	0x1
 499 009f 08       		.byte	0x8
 500 00a0 40020000 		.4byte	.LASF14
 501 00a4 04       		.uleb128 0x4
 502 00a5 00000000 		.4byte	.LASF15
 503 00a9 02       		.byte	0x2
 504 00aa 4402     		.2byte	0x244
 505 00ac B0000000 		.4byte	0xb0
 506 00b0 05       		.uleb128 0x5
 507 00b1 83000000 		.4byte	0x83
 508 00b5 06       		.uleb128 0x6
 509 00b6 14000000 		.4byte	.LASF16
 510 00ba 01       		.byte	0x1
 511 00bb 27       		.byte	0x27
 512 00bc 00000000 		.4byte	.LFB0
 513 00c0 1C000000 		.4byte	.LFE0-.LFB0
 514 00c4 01       		.uleb128 0x1
 515 00c5 9C       		.byte	0x9c
 516 00c6 DA000000 		.4byte	0xda
 517 00ca 07       		.uleb128 0x7
 518 00cb A0000000 		.4byte	.LASF18
 519 00cf 01       		.byte	0x1
 520 00d0 27       		.byte	0x27
 521 00d1 83000000 		.4byte	0x83
ARM GAS  C:\Users\victo\AppData\Local\Temp\ccAf0OOl.s 			page 27


 522 00d5 00000000 		.4byte	.LLST0
 523 00d9 00       		.byte	0
 524 00da 08       		.uleb128 0x8
 525 00db 24000000 		.4byte	.LASF28
 526 00df 01       		.byte	0x1
 527 00e0 5F       		.byte	0x5f
 528 00e1 00000000 		.4byte	.LFB1
 529 00e5 18000000 		.4byte	.LFE1-.LFB1
 530 00e9 01       		.uleb128 0x1
 531 00ea 9C       		.byte	0x9c
 532 00eb 06       		.uleb128 0x6
 533 00ec 55020000 		.4byte	.LASF17
 534 00f0 01       		.byte	0x1
 535 00f1 86       		.byte	0x86
 536 00f2 00000000 		.4byte	.LFB2
 537 00f6 20000000 		.4byte	.LFE2-.LFB2
 538 00fa 01       		.uleb128 0x1
 539 00fb 9C       		.byte	0x9c
 540 00fc 3B010000 		.4byte	0x13b
 541 0100 07       		.uleb128 0x7
 542 0101 87000000 		.4byte	.LASF19
 543 0105 01       		.byte	0x1
 544 0106 86       		.byte	0x86
 545 0107 77000000 		.4byte	0x77
 546 010b 21000000 		.4byte	.LLST1
 547 010f 07       		.uleb128 0x7
 548 0110 AC000000 		.4byte	.LASF20
 549 0114 01       		.byte	0x1
 550 0115 86       		.byte	0x86
 551 0116 6B000000 		.4byte	0x6b
 552 011a 42000000 		.4byte	.LLST2
 553 011e 09       		.uleb128 0x9
 554 011f 06000000 		.4byte	.LASF21
 555 0123 01       		.byte	0x1
 556 0124 88       		.byte	0x88
 557 0125 83000000 		.4byte	0x83
 558 0129 63000000 		.4byte	.LLST3
 559 012d 0A       		.uleb128 0xa
 560 012e 99000000 		.4byte	.LASF22
 561 0132 01       		.byte	0x1
 562 0133 89       		.byte	0x89
 563 0134 83000000 		.4byte	0x83
 564 0138 01       		.uleb128 0x1
 565 0139 51       		.byte	0x51
 566 013a 00       		.byte	0
 567 013b 0B       		.uleb128 0xb
 568 013c 8F020000 		.4byte	.LASF23
 569 0140 01       		.byte	0x1
 570 0141 B0       		.byte	0xb0
 571 0142 77000000 		.4byte	0x77
 572 0146 00000000 		.4byte	.LFB3
 573 014a 10000000 		.4byte	.LFE3-.LFB3
 574 014e 01       		.uleb128 0x1
 575 014f 9C       		.byte	0x9c
 576 0150 0B       		.uleb128 0xb
 577 0151 0D020000 		.4byte	.LASF24
 578 0155 01       		.byte	0x1
ARM GAS  C:\Users\victo\AppData\Local\Temp\ccAf0OOl.s 			page 28


 579 0156 C6       		.byte	0xc6
 580 0157 6B000000 		.4byte	0x6b
 581 015b 00000000 		.4byte	.LFB4
 582 015f 04000000 		.4byte	.LFE4-.LFB4
 583 0163 01       		.uleb128 0x1
 584 0164 9C       		.byte	0x9c
 585 0165 00       		.byte	0
 586              		.section	.debug_abbrev,"",%progbits
 587              	.Ldebug_abbrev0:
 588 0000 01       		.uleb128 0x1
 589 0001 11       		.uleb128 0x11
 590 0002 01       		.byte	0x1
 591 0003 25       		.uleb128 0x25
 592 0004 0E       		.uleb128 0xe
 593 0005 13       		.uleb128 0x13
 594 0006 0B       		.uleb128 0xb
 595 0007 03       		.uleb128 0x3
 596 0008 0E       		.uleb128 0xe
 597 0009 1B       		.uleb128 0x1b
 598 000a 0E       		.uleb128 0xe
 599 000b 55       		.uleb128 0x55
 600 000c 17       		.uleb128 0x17
 601 000d 11       		.uleb128 0x11
 602 000e 01       		.uleb128 0x1
 603 000f 10       		.uleb128 0x10
 604 0010 17       		.uleb128 0x17
 605 0011 00       		.byte	0
 606 0012 00       		.byte	0
 607 0013 02       		.uleb128 0x2
 608 0014 24       		.uleb128 0x24
 609 0015 00       		.byte	0
 610 0016 0B       		.uleb128 0xb
 611 0017 0B       		.uleb128 0xb
 612 0018 3E       		.uleb128 0x3e
 613 0019 0B       		.uleb128 0xb
 614 001a 03       		.uleb128 0x3
 615 001b 0E       		.uleb128 0xe
 616 001c 00       		.byte	0
 617 001d 00       		.byte	0
 618 001e 03       		.uleb128 0x3
 619 001f 24       		.uleb128 0x24
 620 0020 00       		.byte	0
 621 0021 0B       		.uleb128 0xb
 622 0022 0B       		.uleb128 0xb
 623 0023 3E       		.uleb128 0x3e
 624 0024 0B       		.uleb128 0xb
 625 0025 03       		.uleb128 0x3
 626 0026 08       		.uleb128 0x8
 627 0027 00       		.byte	0
 628 0028 00       		.byte	0
 629 0029 04       		.uleb128 0x4
 630 002a 16       		.uleb128 0x16
 631 002b 00       		.byte	0
 632 002c 03       		.uleb128 0x3
 633 002d 0E       		.uleb128 0xe
 634 002e 3A       		.uleb128 0x3a
 635 002f 0B       		.uleb128 0xb
ARM GAS  C:\Users\victo\AppData\Local\Temp\ccAf0OOl.s 			page 29


 636 0030 3B       		.uleb128 0x3b
 637 0031 05       		.uleb128 0x5
 638 0032 49       		.uleb128 0x49
 639 0033 13       		.uleb128 0x13
 640 0034 00       		.byte	0
 641 0035 00       		.byte	0
 642 0036 05       		.uleb128 0x5
 643 0037 35       		.uleb128 0x35
 644 0038 00       		.byte	0
 645 0039 49       		.uleb128 0x49
 646 003a 13       		.uleb128 0x13
 647 003b 00       		.byte	0
 648 003c 00       		.byte	0
 649 003d 06       		.uleb128 0x6
 650 003e 2E       		.uleb128 0x2e
 651 003f 01       		.byte	0x1
 652 0040 3F       		.uleb128 0x3f
 653 0041 19       		.uleb128 0x19
 654 0042 03       		.uleb128 0x3
 655 0043 0E       		.uleb128 0xe
 656 0044 3A       		.uleb128 0x3a
 657 0045 0B       		.uleb128 0xb
 658 0046 3B       		.uleb128 0x3b
 659 0047 0B       		.uleb128 0xb
 660 0048 27       		.uleb128 0x27
 661 0049 19       		.uleb128 0x19
 662 004a 11       		.uleb128 0x11
 663 004b 01       		.uleb128 0x1
 664 004c 12       		.uleb128 0x12
 665 004d 06       		.uleb128 0x6
 666 004e 40       		.uleb128 0x40
 667 004f 18       		.uleb128 0x18
 668 0050 9742     		.uleb128 0x2117
 669 0052 19       		.uleb128 0x19
 670 0053 01       		.uleb128 0x1
 671 0054 13       		.uleb128 0x13
 672 0055 00       		.byte	0
 673 0056 00       		.byte	0
 674 0057 07       		.uleb128 0x7
 675 0058 05       		.uleb128 0x5
 676 0059 00       		.byte	0
 677 005a 03       		.uleb128 0x3
 678 005b 0E       		.uleb128 0xe
 679 005c 3A       		.uleb128 0x3a
 680 005d 0B       		.uleb128 0xb
 681 005e 3B       		.uleb128 0x3b
 682 005f 0B       		.uleb128 0xb
 683 0060 49       		.uleb128 0x49
 684 0061 13       		.uleb128 0x13
 685 0062 02       		.uleb128 0x2
 686 0063 17       		.uleb128 0x17
 687 0064 00       		.byte	0
 688 0065 00       		.byte	0
 689 0066 08       		.uleb128 0x8
 690 0067 2E       		.uleb128 0x2e
 691 0068 00       		.byte	0
 692 0069 3F       		.uleb128 0x3f
ARM GAS  C:\Users\victo\AppData\Local\Temp\ccAf0OOl.s 			page 30


 693 006a 19       		.uleb128 0x19
 694 006b 03       		.uleb128 0x3
 695 006c 0E       		.uleb128 0xe
 696 006d 3A       		.uleb128 0x3a
 697 006e 0B       		.uleb128 0xb
 698 006f 3B       		.uleb128 0x3b
 699 0070 0B       		.uleb128 0xb
 700 0071 27       		.uleb128 0x27
 701 0072 19       		.uleb128 0x19
 702 0073 11       		.uleb128 0x11
 703 0074 01       		.uleb128 0x1
 704 0075 12       		.uleb128 0x12
 705 0076 06       		.uleb128 0x6
 706 0077 40       		.uleb128 0x40
 707 0078 18       		.uleb128 0x18
 708 0079 9742     		.uleb128 0x2117
 709 007b 19       		.uleb128 0x19
 710 007c 00       		.byte	0
 711 007d 00       		.byte	0
 712 007e 09       		.uleb128 0x9
 713 007f 34       		.uleb128 0x34
 714 0080 00       		.byte	0
 715 0081 03       		.uleb128 0x3
 716 0082 0E       		.uleb128 0xe
 717 0083 3A       		.uleb128 0x3a
 718 0084 0B       		.uleb128 0xb
 719 0085 3B       		.uleb128 0x3b
 720 0086 0B       		.uleb128 0xb
 721 0087 49       		.uleb128 0x49
 722 0088 13       		.uleb128 0x13
 723 0089 02       		.uleb128 0x2
 724 008a 17       		.uleb128 0x17
 725 008b 00       		.byte	0
 726 008c 00       		.byte	0
 727 008d 0A       		.uleb128 0xa
 728 008e 34       		.uleb128 0x34
 729 008f 00       		.byte	0
 730 0090 03       		.uleb128 0x3
 731 0091 0E       		.uleb128 0xe
 732 0092 3A       		.uleb128 0x3a
 733 0093 0B       		.uleb128 0xb
 734 0094 3B       		.uleb128 0x3b
 735 0095 0B       		.uleb128 0xb
 736 0096 49       		.uleb128 0x49
 737 0097 13       		.uleb128 0x13
 738 0098 02       		.uleb128 0x2
 739 0099 18       		.uleb128 0x18
 740 009a 00       		.byte	0
 741 009b 00       		.byte	0
 742 009c 0B       		.uleb128 0xb
 743 009d 2E       		.uleb128 0x2e
 744 009e 00       		.byte	0
 745 009f 3F       		.uleb128 0x3f
 746 00a0 19       		.uleb128 0x19
 747 00a1 03       		.uleb128 0x3
 748 00a2 0E       		.uleb128 0xe
 749 00a3 3A       		.uleb128 0x3a
ARM GAS  C:\Users\victo\AppData\Local\Temp\ccAf0OOl.s 			page 31


 750 00a4 0B       		.uleb128 0xb
 751 00a5 3B       		.uleb128 0x3b
 752 00a6 0B       		.uleb128 0xb
 753 00a7 27       		.uleb128 0x27
 754 00a8 19       		.uleb128 0x19
 755 00a9 49       		.uleb128 0x49
 756 00aa 13       		.uleb128 0x13
 757 00ab 11       		.uleb128 0x11
 758 00ac 01       		.uleb128 0x1
 759 00ad 12       		.uleb128 0x12
 760 00ae 06       		.uleb128 0x6
 761 00af 40       		.uleb128 0x40
 762 00b0 18       		.uleb128 0x18
 763 00b1 9742     		.uleb128 0x2117
 764 00b3 19       		.uleb128 0x19
 765 00b4 00       		.byte	0
 766 00b5 00       		.byte	0
 767 00b6 00       		.byte	0
 768              		.section	.debug_loc,"",%progbits
 769              	.Ldebug_loc0:
 770              	.LLST0:
 771 0000 00000000 		.4byte	.LVL0
 772 0004 0C000000 		.4byte	.LVL1
 773 0008 0100     		.2byte	0x1
 774 000a 50       		.byte	0x50
 775 000b 0C000000 		.4byte	.LVL1
 776 000f 1C000000 		.4byte	.LFE0
 777 0013 0400     		.2byte	0x4
 778 0015 F3       		.byte	0xf3
 779 0016 01       		.uleb128 0x1
 780 0017 50       		.byte	0x50
 781 0018 9F       		.byte	0x9f
 782 0019 00000000 		.4byte	0
 783 001d 00000000 		.4byte	0
 784              	.LLST1:
 785 0021 00000000 		.4byte	.LVL2
 786 0025 0E000000 		.4byte	.LVL5
 787 0029 0100     		.2byte	0x1
 788 002b 50       		.byte	0x50
 789 002c 0E000000 		.4byte	.LVL5
 790 0030 20000000 		.4byte	.LFE2
 791 0034 0400     		.2byte	0x4
 792 0036 F3       		.byte	0xf3
 793 0037 01       		.uleb128 0x1
 794 0038 50       		.byte	0x50
 795 0039 9F       		.byte	0x9f
 796 003a 00000000 		.4byte	0
 797 003e 00000000 		.4byte	0
 798              	.LLST2:
 799 0042 00000000 		.4byte	.LVL2
 800 0046 0A000000 		.4byte	.LVL3
 801 004a 0100     		.2byte	0x1
 802 004c 51       		.byte	0x51
 803 004d 0A000000 		.4byte	.LVL3
 804 0051 20000000 		.4byte	.LFE2
 805 0055 0400     		.2byte	0x4
 806 0057 F3       		.byte	0xf3
ARM GAS  C:\Users\victo\AppData\Local\Temp\ccAf0OOl.s 			page 32


 807 0058 01       		.uleb128 0x1
 808 0059 51       		.byte	0x51
 809 005a 9F       		.byte	0x9f
 810 005b 00000000 		.4byte	0
 811 005f 00000000 		.4byte	0
 812              	.LLST3:
 813 0063 0C000000 		.4byte	.LVL4
 814 0067 12000000 		.4byte	.LVL6
 815 006b 0500     		.2byte	0x5
 816 006d 75       		.byte	0x75
 817 006e 00       		.sleb128 0
 818 006f 37       		.byte	0x37
 819 0070 1A       		.byte	0x1a
 820 0071 9F       		.byte	0x9f
 821 0072 12000000 		.4byte	.LVL6
 822 0076 20000000 		.4byte	.LFE2
 823 007a 0100     		.2byte	0x1
 824 007c 53       		.byte	0x53
 825 007d 00000000 		.4byte	0
 826 0081 00000000 		.4byte	0
 827              		.section	.debug_aranges,"",%progbits
 828 0000 3C000000 		.4byte	0x3c
 829 0004 0200     		.2byte	0x2
 830 0006 00000000 		.4byte	.Ldebug_info0
 831 000a 04       		.byte	0x4
 832 000b 00       		.byte	0
 833 000c 0000     		.2byte	0
 834 000e 0000     		.2byte	0
 835 0010 00000000 		.4byte	.LFB0
 836 0014 1C000000 		.4byte	.LFE0-.LFB0
 837 0018 00000000 		.4byte	.LFB1
 838 001c 18000000 		.4byte	.LFE1-.LFB1
 839 0020 00000000 		.4byte	.LFB2
 840 0024 20000000 		.4byte	.LFE2-.LFB2
 841 0028 00000000 		.4byte	.LFB3
 842 002c 10000000 		.4byte	.LFE3-.LFB3
 843 0030 00000000 		.4byte	.LFB4
 844 0034 04000000 		.4byte	.LFE4-.LFB4
 845 0038 00000000 		.4byte	0
 846 003c 00000000 		.4byte	0
 847              		.section	.debug_ranges,"",%progbits
 848              	.Ldebug_ranges0:
 849 0000 00000000 		.4byte	.LFB0
 850 0004 1C000000 		.4byte	.LFE0
 851 0008 00000000 		.4byte	.LFB1
 852 000c 18000000 		.4byte	.LFE1
 853 0010 00000000 		.4byte	.LFB2
 854 0014 20000000 		.4byte	.LFE2
 855 0018 00000000 		.4byte	.LFB3
 856 001c 10000000 		.4byte	.LFE3
 857 0020 00000000 		.4byte	.LFB4
 858 0024 04000000 		.4byte	.LFE4
 859 0028 00000000 		.4byte	0
 860 002c 00000000 		.4byte	0
 861              		.section	.debug_line,"",%progbits
 862              	.Ldebug_line0:
 863 0000 E2000000 		.section	.debug_str,"MS",%progbits,1
ARM GAS  C:\Users\victo\AppData\Local\Temp\ccAf0OOl.s 			page 33


 863      02005D00 
 863      00000201 
 863      FB0E0D00 
 863      01010101 
 864              	.LASF15:
 865 0000 72656733 		.ascii	"reg32\000"
 865      3200
 866              	.LASF21:
 867 0006 6D61736B 		.ascii	"maskVal\000"
 867      56616C00 
 868              	.LASF12:
 869 000e 666C6F61 		.ascii	"float\000"
 869      7400
 870              	.LASF16:
 871 0014 436C6F63 		.ascii	"Clock_1_StartEx\000"
 871      6B5F315F 
 871      53746172 
 871      74457800 
 872              	.LASF28:
 873 0024 436C6F63 		.ascii	"Clock_1_Stop\000"
 873      6B5F315F 
 873      53746F70 
 873      00
 874              	.LASF1:
 875 0031 756E7369 		.ascii	"unsigned char\000"
 875      676E6564 
 875      20636861 
 875      7200
 876              	.LASF5:
 877 003f 6C6F6E67 		.ascii	"long unsigned int\000"
 877      20756E73 
 877      69676E65 
 877      6420696E 
 877      7400
 878              	.LASF3:
 879 0051 73686F72 		.ascii	"short unsigned int\000"
 879      7420756E 
 879      7369676E 
 879      65642069 
 879      6E7400
 880              	.LASF26:
 881 0064 2E5C4765 		.ascii	".\\Generated_Source\\PSoC4\\Clock_1.c\000"
 881      6E657261 
 881      7465645F 
 881      536F7572 
 881      63655C50 
 882              	.LASF19:
 883 0087 636C6B44 		.ascii	"clkDivider\000"
 883      69766964 
 883      657200
 884              	.LASF13:
 885 0092 646F7562 		.ascii	"double\000"
 885      6C6500
 886              	.LASF22:
 887 0099 72656756 		.ascii	"regVal\000"
 887      616C00
 888              	.LASF18:
ARM GAS  C:\Users\victo\AppData\Local\Temp\ccAf0OOl.s 			page 34


 889 00a0 616C6967 		.ascii	"alignClkDiv\000"
 889      6E436C6B 
 889      44697600 
 890              	.LASF20:
 891 00ac 636C6B46 		.ascii	"clkFractional\000"
 891      72616374 
 891      696F6E61 
 891      6C00
 892              	.LASF10:
 893 00ba 75696E74 		.ascii	"uint16\000"
 893      313600
 894              	.LASF11:
 895 00c1 75696E74 		.ascii	"uint32\000"
 895      333200
 896              	.LASF8:
 897 00c8 756E7369 		.ascii	"unsigned int\000"
 897      676E6564 
 897      20696E74 
 897      00
 898              	.LASF7:
 899 00d5 6C6F6E67 		.ascii	"long long unsigned int\000"
 899      206C6F6E 
 899      6720756E 
 899      7369676E 
 899      65642069 
 900              	.LASF25:
 901 00ec 474E5520 		.ascii	"GNU C 4.9.3 20150303 (release) [ARM/embedded-4_9-br"
 901      4320342E 
 901      392E3320 
 901      32303135 
 901      30333033 
 902 011f 616E6368 		.ascii	"anch revision 221220] -mcpu=cortex-m0 -mthumb -g -O"
 902      20726576 
 902      6973696F 
 902      6E203232 
 902      31323230 
 903 0152 73202D66 		.ascii	"s -ffunction-sections -finline-functions -flto -ffa"
 903      66756E63 
 903      74696F6E 
 903      2D736563 
 903      74696F6E 
 904 0185 742D6C74 		.ascii	"t-lto-objects -fno-strict-aliasing\000"
 904      6F2D6F62 
 904      6A656374 
 904      73202D66 
 904      6E6F2D73 
 905              	.LASF27:
 906 01a8 433A5C55 		.ascii	"C:\\Users\\victo\\OneDrive\\Documents\\PSoC Creator"
 906      73657273 
 906      5C766963 
 906      746F5C4F 
 906      6E654472 
 907 01d6 5C435950 		.ascii	"\\CYPD4225-40LQXI_0805\\CYPD4225-40LQXI_notebook01."
 907      44343232 
 907      352D3430 
 907      4C515849 
 907      5F303830 
ARM GAS  C:\Users\victo\AppData\Local\Temp\ccAf0OOl.s 			page 35


 908 0207 63796473 		.ascii	"cydsn\000"
 908      6E00
 909              	.LASF24:
 910 020d 436C6F63 		.ascii	"Clock_1_GetFractionalDividerRegister\000"
 910      6B5F315F 
 910      47657446 
 910      72616374 
 910      696F6E61 
 911              	.LASF6:
 912 0232 6C6F6E67 		.ascii	"long long int\000"
 912      206C6F6E 
 912      6720696E 
 912      7400
 913              	.LASF14:
 914 0240 63686172 		.ascii	"char\000"
 914      00
 915              	.LASF2:
 916 0245 73686F72 		.ascii	"short int\000"
 916      7420696E 
 916      7400
 917              	.LASF9:
 918 024f 75696E74 		.ascii	"uint8\000"
 918      3800
 919              	.LASF17:
 920 0255 436C6F63 		.ascii	"Clock_1_SetFractionalDividerRegister\000"
 920      6B5F315F 
 920      53657446 
 920      72616374 
 920      696F6E61 
 921              	.LASF4:
 922 027a 6C6F6E67 		.ascii	"long int\000"
 922      20696E74 
 922      00
 923              	.LASF0:
 924 0283 7369676E 		.ascii	"signed char\000"
 924      65642063 
 924      68617200 
 925              	.LASF23:
 926 028f 436C6F63 		.ascii	"Clock_1_GetDividerRegister\000"
 926      6B5F315F 
 926      47657444 
 926      69766964 
 926      65725265 
 927              		.comm	__gnu_lto_v1,1,1
 928              		.ident	"GCC: (GNU Tools for ARM Embedded Processors) 4.9.3 20150303 (release) [ARM/embedded-4_9-br
