ARM GAS  C:\Users\victo\AppData\Local\Temp\ccRFBt6R.s 			page 1


   1              		.cpu cortex-m0
   2              		.fpu softvfp
   3              		.eabi_attribute 20, 1
   4              		.eabi_attribute 21, 1
   5              		.eabi_attribute 23, 3
   6              		.eabi_attribute 24, 1
   7              		.eabi_attribute 25, 1
   8              		.eabi_attribute 26, 1
   9              		.eabi_attribute 30, 4
  10              		.eabi_attribute 34, 0
  11              		.eabi_attribute 18, 4
  12              		.code	16
  13              		.file	"FW_LED.c"
  14              		.text
  15              	.Ltext0:
  16              		.section	.gnu.lto_.profile.2c2a2d82,"",%progbits
  17 0000 789C6366 		.ascii	"x\234cf```a\200\000F\006uE\000\000\343\000Q"
  17      60606061 
  17      80004606 
  17      75450000 
  17      E30051
  18              		.text
  19              		.section	.gnu.lto_.jmpfuncs.2c2a2d82,"",%progbits
  20 0000 789C6366 		.ascii	"x\234cf\300\016d\2404\033\003##c=#\210`b``f``abdd\256"
  20      C00E64A0 
  20      341B0323 
  20      23633D23 
  20      88606260 
  21 001d AF6705CA 		.ascii	"\257g\005\312\001\000 \267\002>"
  21      010020B7 
  21      023E
  22              		.text
  23              		.section	.gnu.lto_.inline.2c2a2d82,"",%progbits
  24 0000 789C6366 		.ascii	"x\234cf\300\016f@i6\006\006\016vFF\006F\006\006f\216"
  24      C00E6640 
  24      69360606 
  24      0E764646 
  24      06460606 
  25 0016 03760C6C 		.ascii	"\003v\014l\013\344\231\030\230.\360\263\200$\031\031"
  25      0BE49918 
  25      982EF0B3 
  25      80241919 
  26 0026 3839D0E5 		.ascii	"89\320\345X\026\310\203\345\230\030\330X\031\031\230"
  26      5816C883 
  26      E59818D8 
  26      58191998 
  27 0036 D83EE841 		.ascii	"\330>\350A\304\201\200\031S\210\005d\002\023\310\004"
  27      C4818019 
  27      53880564 
  27      0213C804 
  28 0046 A0390C2C 		.ascii	"\2409\014,\2506\000\011\036\220\"V\006v6\240>\270$\010"
  28      A8360009 
  28      1E902256 
  28      067636A0 
  28      3EB82408 
  29 005a 0000BE90 		.ascii	"\000\000\276\220\017\254"
  29      0FAC
ARM GAS  C:\Users\victo\AppData\Local\Temp\ccRFBt6R.s 			page 2


  30              		.text
  31              		.section	.gnu.lto_.pureconst.2c2a2d82,"",%progbits
  32 0000 789C6366 		.ascii	"x\234cf``\340e\200\0006\006)F)&)f)\026)V)\000\005\261"
  32      6060E065 
  32      80003606 
  32      29462926 
  32      29662916 
  33 001a 00C2     		.ascii	"\000\302"
  34              		.text
  35              		.section	.gnu.lto_FW_LED_SetDriveMode.2c2a2d82,"",%progbits
  36 0000 789C7D50 		.ascii	"x\234}P=K\003Q\020\334yw^\024\361\003\313\024\026B\224"
  36      3D4B0351 
  36      10DC7977 
  36      5E14F103 
  36      CB141642 
  37 0015 80A4F207 		.ascii	"\200\244\362\007\010~5\026\202\205M \212\036\330h@\264"
  37      087E3516 
  37      82854D20 
  37      8A1ED868 
  37      40B4
  38 0027 F6E5A310 		.ascii	"\366\345\243\020\253(\026\212X\211\370\0215\030\013"
  38      AB28168A 
  38      5889F811 
  38      35180B
  39 0036 2B21A4D0 		.ascii	"+!\244\320F\024-\214\006\211 \021\2653D\214)\344\334"
  39      46142D8C 
  39      06892011 
  39      B533448C 
  39      29E4DC
  40 0049 35E9040F 		.ascii	"5\351\004\017\336\276}\303\314\334\354\032\364\367s"
  40      DEBE7DC3 
  40      CCDCEC1A 
  40      F4F773
  41 0058 F38983C8 		.ascii	"\363\211\203\310\3137\014\202\212]\022\205j\025 \015"
  41      CB370C82 
  41      8A5D1285 
  41      6A15200D 
  42 0068 81E615E6 		.ascii	"\201\346\025\346\361\246\012\012\261T|\265\276cKk\375"
  42      F1A60A0A 
  42      B1547CB5 
  42      BE634B6B 
  42      FD
  43 0079 1E3E9ED4 		.ascii	"\036>\236\324+\243eETT\025\037l\243\2039/\345\267\355"
  43      2BA36545 
  43      5454151F 
  43      6CA38339 
  43      2FE5B7ED 
  44 008d 06C303E2 		.ascii	"\006\303\003\342\376{)s\243<\233Z\207S\027\207\272\033"
  44      FE7B2973 
  44      A33C9B5A 
  44      87531787 
  44      BA1B
  45 009f 6536DD81 		.ascii	"e6\335\201\301\012t\272\341u\023\003\204]x\204\\\210"
  45      C10A74BA 
  45      E1751303 
  45      845D7884 
  45      5C88
ARM GAS  C:\Users\victo\AppData\Local\Temp\ccRFBt6R.s 			page 3


  46 00b1 7E67EAAD 		.ascii	"~g\352\255(\2337W<\261\007\213sQ\242%\245\035\247xq"
  46      289B3757 
  46      3CB1078B 
  46      7351A225 
  46      A51DA778 
  47 00c6 FDDA8E3A 		.ascii	"\375\332\216:\305\032eH1!\312\032i-).)Dy>\022\374\231"
  47      C51A6548 
  47      3121CA1A 
  47      692D292E 
  47      2944793E 
  48 00dd 1F7C1B59 		.ascii	"\037|\033Y\244?\027o\327,q+)\231\"y\377\344}Uee,\204"
  48      A43F176F 
  48      D72C712B 
  48      29992279 
  48      FFE47D55 
  49 00f5 63DA945F 		.ascii	"c\332\224_?\346\257\256k\177!\222\347Q\362\364\262q"
  49      3FE6AFAE 
  49      6B7F2192 
  49      E751F2F4 
  49      B271
  50 0107 03EBA128 		.ascii	"\003\353\241('6\021\207\033\373\3405\341\000\033\240"
  50      27361187 
  50      1BFBE035 
  50      E1001BA0 
  51 0117 2C225F55 		.ascii	",\"_U7\243b\030O\336\265\212Z\235;\216\323D8dr\026\341"
  51      37A36218 
  51      4FDEB58A 
  51      5A9D3B8E 
  51      D3443864 
  52 012e 9CABC2AA 		.ascii	"\234\253\302\252))ST\017U\225@\360\010%\362Q\205\\\277"
  52      29295354 
  52      0F559540 
  52      F00825F2 
  52      51855CBF 
  53 0142 5E1643E9 		.ascii	"^\026C\351e\010\364_\212\004\247`\011\345\020J\235\234"
  53      6508F45F 
  53      8A04A760 
  53      09E5104A 
  53      9D9C
  54 0154 29A1CBFE 		.ascii	")\241\313\376\363\274K\036\230\307o\363\371\007\354"
  54      F3BC4B1E 
  54      98C76FF3 
  54      F907EC
  55 0163 697B666C 		.ascii	"i{fl\326\236\010\014\007\347f\306m\377\320p\260\247"
  55      D69E080C 
  55      07E766C6 
  55      6DFFD070 
  55      B0A7
  56 0175 CBDF3F12 		.ascii	"\313\337?\022\030\354\353\365\215\2239\025\234\260\177"
  56      18ECEBF5 
  56      8D933915 
  56      9CB07F
  57 0184 0090139E 		.ascii	"\000\220\023\236\335"
  57      DD
  58              		.text
  59              		.section	.gnu.lto_FW_LED_Write.2c2a2d82,"",%progbits
  60 0000 789C6592 		.ascii	"x\234e\222Mh\023A\030\206\347\233\331\315n\210\242x"
ARM GAS  C:\Users\victo\AppData\Local\Temp\ccRFBt6R.s 			page 4


  60      4D681341 
  60      1886E79B 
  60      D9CD6E88 
  60      A278
  61 0012 2AB90896 		.ascii	"*\271\010\226PD)\036\274\365\"\370\323\213\007\261\240"
  61      5044291E 
  61      BCF522F8 
  61      D38B07B1 
  61      A0
  62 0023 976009ED 		.ascii	"\227`\011\355\036\204b!\330^;\211i+=h\224\"\001I\304"
  62      1E846221 
  62      D85E3B89 
  62      692B3D68 
  62      94220149 
  63 0038 3FAA46DB 		.ascii	"?\252F\333\332\200 ^\226\212\012\376\264\364R\265\204"
  63      DA80205E 
  63      968A0AFE 
  63      B4F452B5 
  63      84
  64 0049 34A511DA 		.ascii	"4\245\021\332\233\375\241\232C\215\357\267s1\270\354"
  64      9BFDA19A 
  64      438DEFB7 
  64      7331B8EC 
  65 0059 CEECBEFB 		.ascii	"\316\354\276\373>\337\274\363\355*\361\377\021\305u"
  65      3EDFBCF3 
  65      ED2AF1FF 
  65      11C575
  66 0068 590A710C 		.ascii	"Y\012q\0143)A2;'D\312\225D|#H\014I\032\242u\271!)\353"
  66      33294132 
  66      3B2744CA 
  66      95447C23 
  66      480C491A 
  67 0082 177391B6 		.ascii	"\027s\221\266\307Z\353\237\233oZ\206[\352\300\266\244"
  67      C75AEB9F 
  67      9B6F5A86 
  67      5BEAC0B6 
  67      A4
  68 0093 294313D4 		.ascii	")C\023\324\006\313VQ\217+\025#\201\373\351\205/\177"
  68      06CB5651 
  68      8F2B1523 
  68      81FBE985 
  68      2F7F
  69 00a5 9CD843AD 		.ascii	"\234\330C\255\323\376\353I}\202\352\250\371\204\024"
  69      D3FEEB49 
  69      7D82EAA8 
  69      F98414
  70 00b4 083A1AA5 		.ascii	"\010:\032\245\303Q\001A\320S\212\261y\363NqG\252#\001"
  70      C3510141 
  70      D0538AB1 
  70      79F34E71 
  70      47AA2301 
  71 00c8 B8F260F5 		.ascii	"\270\362`\365\236\323z\037`u}\365}D\347t\246\332h\034"
  71      9ED37A1F 
  71      60757DF5 
  71      7D44E774 
  71      A6DA681C 
  72 00dc 64FED9BF 		.ascii	"d\376\331\277\2749\000ldv\277FB\031\004\333OEj5\241"
ARM GAS  C:\Users\victo\AppData\Local\Temp\ccRFBt6R.s 			page 5


  72      BC39006C 
  72      6476BF46 
  72      421904DB 
  72      4F456A35 
  73 00f1 E8398508 		.ascii	"\3509\205\010\023+S\007|\335h\224\266o]\357\240\210"
  73      132B5307 
  73      7CDD6894 
  73      B66F5DEF 
  73      A088
  74 0103 C4C25261 		.ascii	"\304\302RaP\226\340\2276q\210\020\013\016\017n\240\206"
  74      5096E097 
  74      36718810 
  74      0B0E0F6E 
  74      A086
  75 0115 D925440D 		.ascii	"\331%D\015\0277\342\007\0360\253%\232\335\031\233+\014"
  75      1737E207 
  75      1E30AB25 
  75      9ADD199B 
  75      2B0C
  76 0127 72F55F92 		.ascii	"r\365_\222\273\362\350F\356SxM\326\245\245\323Ymq\236"
  76      BBF2E846 
  76      EE53784D 
  76      D6A5A5D3 
  76      596D719E 
  77 013b E5DAFC82 		.ascii	"\345\332\374\202\033HA\274w\023\037K{\363t7\225A\017"
  77      1B4841BC 
  77      77131F4B 
  77      7BF37437 
  77      95410F
  78 014e 6C7A4151 		.ascii	"lzAQ\232$\304\247)\312\223X\242\364\267\321\2624\005"
  78      9A24C4A7 
  78      29CA9358 
  78      A2F4B7D1 
  78      B23405
  79 0161 156A42B9 		.ascii	"\025jB\271\366{\244LF\261 \242\306\330\253\317\343\212"
  79      F67BA44C 
  79      46B120A2 
  79      C6D8ABCF 
  79      E38A
  80 0173 4BAA5D34 		.ascii	"K\252]4m\032\370\"\005\014g\205\213\241\362\310b\341"
  80      6D1AF822 
  80      050C6785 
  80      8BA1F2C8 
  80      62E1
  81 0185 92A170DA 		.ascii	"\222\241p\332\240>\344\327f\254\200\002\364\022PSi\007"
  81      A03EE4D7 
  81      66AC8002 
  81      F4125053 
  81      6907
  82 0197 3E98E6AB 		.ascii	">\230\346\253oo\356a\023\241\2633\306\264\0352\0267"
  82      6F6FEE61 
  82      13A1B333 
  82      C6B41D32 
  82      1637
  83 01a9 08E0342F 		.ascii	"\010\3404/\346r\346\312h\245p\336\230\302F\232\275\275"
  83      E672E6CA 
  83      68A570DE 
ARM GAS  C:\Users\victo\AppData\Local\Temp\ccRFBt6R.s 			page 6


  83      98C2469A 
  83      BDBD
  84 01bb B28F85A6 		.ascii	"\262\217\205\246\035\247|\273y\317%\354\031\210\250"
  84      1DA77CBB 
  84      79CF25EC 
  84      1988A8
  85 01ca 50CAFFDE 		.ascii	"P\312\377\336\311~\376\2105\374\012h/\232}\250=\336"
  85      C97EFE88 
  85      35FC0A68 
  85      2F9A7DA8 
  85      3DDE
  86 01dc E95DF192 		.ascii	"\351]\361\222\211\253^owW\377@\262\307\213\237\353\352"
  86      89AB5E6F 
  86      7757FF40 
  86      B2C78B9F 
  86      EBEA
  87 01ee 3F793C7E 		.ascii	"?y<~\346b\367\331\323\247\332{\204=\230\350\033\360"
  87      E662F7D9 
  87      D3A7DA7B 
  87      843D98E8 
  87      1BF0
  88 0200 ECDEE485 		.ascii	"\354\336\344\205D\337_B\335\337!"
  88      44DF5F42 
  88      DDDF21
  89              		.text
  90              		.section	.gnu.lto_FW_LED_Read.2c2a2d82,"",%progbits
  91 0000 789C654F 		.ascii	"x\234eO\277KBQ\024>\337\271*\202\004\321\024\216!I`"
  91      BF4B4251 
  91      143EDFB9 
  91      2A8204D1 
  91      148E2149 
  92 0015 4EFD07FD 		.ascii	"N\375\007\375Z\032\002\207 \004\011{k\202\324\354\363"
  92      5A1A0287 
  92      2004097B 
  92      6B82D4EC 
  92      F3
  93 0026 F5346892 		.ascii	"\3654h\222\240\245p\214\262\202\346\266h\226\"\004\005"
  93      A0A5708C 
  93      B282E6B6 
  93      68962204 
  93      05
  94 0037 89D79082 		.ascii	"\211\327\220\202AD\242T/*;\327\327\326\205{\316=\337"
  94      4144A254 
  94      2F2A3BD7 
  94      D7D6857B 
  94      CE3DDF
  95 004a F9F8BEEF 		.ascii	"\371\370\276\357*\372\177\302r\247A\024\221\016E\340"
  95      2AFA7FC2 
  95      72A74114 
  95      910E45E0 
  96 005a D20D513E 		.ascii	"\322\015Q>\310\200~\020(\307\310\341\211\273\214\352"
  96      C8807E10 
  96      28C7C8E1 
  96      89BB8CEA 
  97 006a E54F0DD1 		.ascii	"\345O\015\321#\323\264^\255\332}\2500\3562Q\217\011"
  97      23D3B45E 
  97      ADDA7DA8 
ARM GAS  C:\Users\victo\AppData\Local\Temp\ccRFBt6R.s 			page 7


  97      30EE3251 
  97      8F09
  98 007c B130A6B4 		.ascii	"\2610\246\264\016\216\021%!v\355\357F(`\233\2469\252"
  98      0E8E1125 
  98      2176EDEF 
  98      4628609B 
  98      A639AA
  99 008f F7B23841 		.ascii	"\367\2628A@<\350b\354\312\034\014z\325\275\316$\007"
  99      403CE862 
  99      ECCA1C0C 
  99      7AD5BDCE 
  99      2407
 100 00a1 985C1647 		.ascii	"\230\\\026G)>]\374\244\345\250%E;\267\231uWM\\\277\355"
 100      293E5DFC 
 100      A4E5A825 
 100      453BB799 
 100      75574D5C 
 101 00b7 D62BAB5A 		.ascii	"\326+\253Z\342\235u\214\302\363\343\313H\207]f\333*"
 101      E29D758C 
 101      C2F3E3CB 
 101      48875D66 
 101      DB2A
 102 00c9 993E6DF8 		.ascii	"\231>m\370\320\272\275\013\016!\322\343~\375\323\341"
 102      D0BABD0B 
 102      0E21D2E3 
 102      7EFDD3E1 
 103 00d9 320EF336 		.ascii	"2\016\3636\\V\250 \214SH@\234\241\014jb\373\243\370"
 103      5C56A820 
 103      8C534840 
 103      9CA10C6A 
 103      62FBA3F8 
 104 00ed A53C41E5 		.ascii	"\245<A\345i\0364\332}\245\005 \3379\027\256\220\234"
 104      691E34DA 
 104      7DA50520 
 104      DF3917AE 
 104      909C
 105 00ff 62DFEF91 		.ascii	"b\337\357\221|\302CD\203\226\263\023\3630\277\300\344"
 105      7CC24344 
 105      8396B313 
 105      F330BFC0 
 105      E4
 106 0110 007FD330 		.ascii	"\000\177\32309tb\2110\021O.\032\033Fvm\323XO%2[\331"
 106      39746289 
 106      30114F2E 
 106      1A1B4676 
 106      6DD3584F 
 107 0128 B4915C4E 		.ascii	"\264\221\\Ndfg\222\013+\251\245\371\271x\232~\001,P"
 107      64666792 
 107      0B2BA9A5 
 107      F9B9789A 
 107      7E012C50 
 108 013c 74FD     		.ascii	"t\375"
 109              		.text
 110              		.section	.gnu.lto_FW_LED_ReadDataReg.2c2a2d82,"",%progbits
 111 0000 789C654F 		.ascii	"x\234eO\277K\202Q\024\275\347>\025C\202h\012\307\020"
 111      BF4B8251 
 111      14BDE73E 
ARM GAS  C:\Users\victo\AppData\Local\Temp\ccRFBt6R.s 			page 8


 111      15438268 
 111      0AC710
 112 0013 243097FA 		.ascii	"$0\227\372\017\372\2654\004\016A\010\022\366\255\011"
 112      0FFAB534 
 112      040E4108 
 112      12F6AD09 
 113 0023 52B34F33 		.ascii	"R\263O3\203\206\220\246(\332\012\373!44\265\205\320"
 113      838690A6 
 113      28DA0AFB 
 113      213434B5 
 113      85D0
 114 0035 52514483 		.ascii	"RQD\203$a\213\206m\211b}P\331}~m=x\367\276{\356\341"
 114      24618B86 
 114      6D89627D 
 114      50D97D7E 
 114      6D3D78F7 
 115 004d 9CF314FD 		.ascii	"\234\363\024\375?~\271\243 \012H\207\"p\376\216(\355"
 115      3F7EB9A3 
 115      200A4887 
 115      2270FE8E 
 115      28ED
 116 005f 65C03C08 		.ascii	"e\300<\010\224b\244\360\306M\306\355\305\317#\202\207"
 116      9462A4F0 
 116      C64DC6ED 
 116      C5CF2382 
 116      87
 117 0070 5A67DE4B 		.ascii	"Zg\336KO\317\276\365!\233\211ZL\010\3711btP@\220\204"
 117      4FCFBEF5 
 117      219B895A 
 117      4C08F931 
 117      62745040 
 118 0086 D8CC7E97 		.ascii	"\330\314~\227}\236\254\326z\300\354eq\004\217x\320\331"
 118      7D9EACD6 
 118      7AC0EC65 
 118      71048F78 
 118      D0D9
 119 0098 E0A5EE76 		.ascii	"\340\245\356v[\257\333\2151\3660\331,\216R\\\246\270"
 119      5BAFDB8D 
 119      31F630D9 
 119      2C8E525C 
 119      A6B8
 120 00aa C9C8514D 		.ascii	"\311\310QM\212q\2563\233\256*(u6;\305\005#\361\301&"
 120      8A71AE33 
 120      9BAE2A28 
 120      75363BC5 
 120      0523F1C1 
 121 00bf C6C1D6CE 		.ascii	"\306\301\326\316M_\203mf\235\311k\2271|\251\335?x{\020"
 121      4D5F836D 
 121      669DC96B 
 121      97317CA9 
 121      DD3F787B 
 122 00d4 99F1AA70 		.ascii	"\231\361\252p}\336\277\217\275t\0266+\034\303\217\023"
 122      7DDEBF8F 
 122      BD741636 
 122      2B1CC38F 
 122      13
 123 00e5 48409C62 		.ascii	"H@\234b\037T\301\332g\356K9\202\312\321\334-\327\333"
ARM GAS  C:\Users\victo\AppData\Local\Temp\ccRFBt6R.s 			page 9


 123      1F54C1DA 
 123      67EE4B39 
 123      82CAD1DC 
 123      2DD7DB
 124 00f8 CA0840BE 		.ascii	"\312\010@\276S\024\256\220\252\271\266\333!\271\204"
 124      5314AE90 
 124      AAB9B6DB 
 124      21B984
 125 0107 87800133 		.ascii	"\207\200\0013\325\215\220\203\271\005\246*\3607\365"
 125      D58D9083 
 125      B905A62A 
 125      F037F5
 126 0116 92C32496 		.ascii	"\222\303$\226\010\303\341\350\214\265l%\027W\254\245"
 126      08C3E1E8 
 126      8CB56C25 
 126      1757ACA5 
 127 0126 5824B19A 		.ascii	"X$\261\232\214[\321\271Hbb<:=\037\233\235\232\014\307"
 127      8C5BD1B9 
 127      4862623C 
 127      3A3D1F9B 
 127      9D9A0CC7 
 128 013a E9170CF4 		.ascii	"\351\027\014\364t\211"
 128      7489
 129              		.text
 130              		.section	.gnu.lto_FW_LED_SetInterruptMode.2c2a2d82,"",%progbits
 131 0000 789C6D91 		.ascii	"x\234m\221OhSA\020\306\367\333}I^\232\010E\020J.\212"
 131      4F685341 
 131      10C6F7DB 
 131      7D495E9A 
 131      0845104A 
 132 0016 25F420E4 		.ascii	"%\364 \344\242'OB\375s\021)\364\340%P\244\215\322\203"
 132      A2274F42 
 132      FD731129 
 132      F4E02550 
 132      A48DD283 
 133 002a 89C478F2 		.ascii	"\211\304x\362\320\227\030S\020\017\241\026-\226\"E\245"
 133      D0971853 
 133      100FA116 
 133      2D962245 
 133      A5
 134 003b ADD136B5 		.ascii	"\255\3216\265*\232S\210\005\003Z\377Q,T\210\265M\252"
 134      2A9A5388 
 134      05035AFF 
 134      512C5488 
 134      B54DAA
 135 004e 852AC644 		.ascii	"\205*\306D\323\010\022g\336\253\207\242\017\336\356"
 135      D3081267 
 135      DEAB87A2 
 135      0FDEEE
 136 005d CE8F996F 		.ascii	"\316\217\231o\277\231U\342\337\317C\377-)\304~\332\241"
 136      BF9955E2 
 136      DFCF43FF 
 136      2D29C47E 
 136      DAA1
 137 006f 0464F2A5 		.ascii	"\004d\362\245\020Q]\002|\020\020}\022}X\223e\211d65"
 137      10515D02 
 137      7C10107D 
ARM GAS  C:\Users\victo\AppData\Local\Temp\ccRFBt6R.s 			page 10


 137      127D5893 
 137      65896436 
 138 0084 E46ABB6D 		.ascii	"\344j\273m\030\306\267\357\225\226\213-u*\253HK\006"
 138      18C6B7EF 
 138      95968B2D 
 138      752AAB48 
 138      4B06
 139 0096 6368A394 		.ascii	"ch\243\224\322\343\321\363\312\013A\307\347\313\033"
 139      D2E3D1F3 
 139      CA0B41C7 
 139      E7CB1B
 140 00a5 15F76759 		.ascii	"\025\367gY\227h\346\360\372B\251\2528\224\222\303\324"
 140      9768E6F0 
 140      FA42A9AA 
 140      389492C3 
 140      D4
 141 00b6 EC60DAE1 		.ascii	"\354`\332\341\275i\030\261\354\\\3328@\\a\034\212\344"
 141      BD6918B1 
 141      EC5CDA38 
 141      405C611C 
 141      8AE4
 142 00c8 30010FEE 		.ascii	"0\001\017\356\300#\010\011\244\340\245\354O\365\265"
 142      C0230809 
 142      A4E0A5EC 
 142      4FF5B5
 143 00d7 B16DCA67 		.ascii	"\261m\312g\352.Go\374pY\225_\377V\336\375O\345=x9\375"
 143      EA2E476F 
 143      FC705995 
 143      5FFF56DE 
 143      FD4FE53D 
 144 00ee F5D3C115 		.ascii	"\365\323\301\025\233\332k\226>\231\254\316\271LK\273"
 144      9BDA6B96 
 144      3E99ACCE 
 144      B94C4BBB 
 145 00fe 38CC0CE4 		.ascii	"8\314\014\344\207\354\246%\215\303/Ws\303\262u\224\204"
 145      87ECA625 
 145      8DC32F57 
 145      73C3B275 
 145      9484
 146 0110 9726FA9F 		.ascii	"\227&\372\237\271\215\274\021_j4v\326\245\206IK\177"
 146      B98DBC11 
 146      5F6A3476 
 146      D6A58649 
 146      4B7F
 147 0122 8AF4D3F0 		.ascii	"\212\364\323\360lN\216J\312\361\337\013.{\234&\322\214"
 147      6C4E8E4A 
 147      CAF1DF0B 
 147      2E7B9C26 
 147      D28C
 148 0134 69B45AD3 		.ascii	"i\264Z\323\300}\330A\033\223\251\355Y\243\321\230\231"
 148      C07DD841 
 148      1B93A9ED 
 148      59A3D198 
 148      99
 149 0145 BF32BE47 		.ascii	"\2772\276G\271%\031\263)pO\032\037m\274\330\005\347"
 149      B92519B3 
 149      29704F1A 
ARM GAS  C:\Users\victo\AppData\Local\Temp\ccRFBt6R.s 			page 11


 149      1F6DBCD8 
 149      05E7
 150 0157 39C07E75 		.ascii	"9\300~u\002v'\323&^\204(\222\036?C\211\206F\273ZD\356"
 150      027627D3 
 150      265E8428 
 150      921E3F43 
 150      898646BB 
 151 016e E7A542A6 		.ascii	"\347\245B\246\203\257\250I~\223\351\322\352\013s\254"
 151      83AFA849 
 151      7E93E9D2 
 151      EA0B73AC 
 152 017e 8ECBB1A4 		.ascii	"\216\313\261\244a\366\361\241\370\352\215n\"\323c~\345"
 152      61F6F1A1 
 152      F8EA8D6E 
 152      22D3637E 
 152      E5
 153 018f 5AD93D82 		.ascii	"Z\331=\202\341h\034u\251c\206zx\300=\340!F \026\021"
 153      E1681C75 
 153      A963867A 
 153      78C03DE0 
 153      21462016 
 154 01a4 2BF4CFDB 		.ascii	"+\364\317\333,A\255F\203#\362+1\253Y\304F\220\310\205"
 154      2C41AD46 
 154      8323F22B 
 154      31AB59C4 
 154      4690C885 
 155 01b8 8DC43A2C 		.ascii	"\215\304:,\302\367\022\027\357 \315F\311<A+g5\363v3"
 155      C2F71217 
 155      EF20CD46 
 155      C93C412B 
 155      6735F376 
 156 01cd 4B27A51A 		.ascii	"K'\245\032\031`y\207\205\234D9\255\232XW\026i2\325\234"
 156      19607987 
 156      859C4439 
 156      AD9A5857 
 156      166932D5 
 157 01e2 0473031F 		.ascii	"\004s\003\037w0\333b7\232\265m5\374\210\014S\225( \232"
 157      7730DB62 
 157      379AB56D 
 157      35FC880C 
 157      53952820 
 158 01f7 7D7F8CF3 		.ascii	"}\177\214\363\371\031\212\022<\033\232\324n\237\377"
 158      F9198A12 
 158      3C1B9AD4 
 158      6E9FFF
 159 0206 48201808 		.ascii	"H \030\010\237\210\004z\272:C\347\302\335\001\177Gg"
 159      9F88047A 
 159      BA3A43E7 
 159      C2DD017F 
 159      4767
 160 0218 A87D9FFF 		.ascii	"\250}\237\377\360\361\256\243\207\016\372\272\205~&"
 160      F0F1AEA3 
 160      870EFABA 
 160      857E26
 161 0227 74B637D2 		.ascii	"t\2667\322\033\012j\247C=\001Go0\022n?y\352\017\371"
 161      1B0A6AA7 
 161      433D0147 
ARM GAS  C:\Users\victo\AppData\Local\Temp\ccRFBt6R.s 			page 12


 161      6F30126E 
 161      3F79EA0F 
 162 023c A9FDB6   		.ascii	"\251\375\266"
 163              		.text
 164              		.section	.gnu.lto_FW_LED_ClearInterrupt.2c2a2d82,"",%progbits
 165 0000 789C6590 		.ascii	"x\234e\220OHTQ\024\306\317w\356\374\303i\021\255b6\201"
 165      4F485451 
 165      14C6CF77 
 165      EEFCC369 
 165      11AD6236 
 166 0015 1A228410 		.ascii	"\032\"\204\020\270j[\351\306E8\2136\0032\350[E\012:"
 166      B86A5BE9 
 166      C645388B 
 166      360332E8 
 166      5B450A3A 
 167 0029 6EF5CE34 		.ascii	"n\365\31649\244\233A\021Dq\341B4\265\\\2730d\0207E1"
 167      39A49B41 
 167      114471E1 
 167      4234B55C 
 167      BB306410 
 168 0040 88291AA3 		.ascii	"\210)\032\243\220\203\265\221\304\030{T\276\316y\257"
 168      9083B591 
 168      C4187B54 
 168      BECE79AF 
 169 0050 45D285FB 		.ascii	"E\322\205\373\356}\337\275\337\357|\367\030\372\177"
 169      EE7DDFBD 
 169      DFEF7CF7 
 169      18FA7F
 170 005f 2464BE05 		.ascii	"$d\276\005\321]Ya\010\\|O\224\2151\240\033\002\0153"
 170      D15D5961 
 170      085C7C4F 
 170      948D31A0 
 170      1B020D33 
 171 0073 86F195CF 		.ascii	"\206\361\225\317\030\357\326.\267\3214om\356[\351\347"
 171      18EFD62E 
 171      B7D1346F 
 171      6DEE5BE9 
 171      E7
 172 0084 A7F8F39B 		.ascii	"\247\370\363\233.\023\2353\341N\002\315\312\301\002"
 172      2E139D33 
 172      E14E02CD 
 172      CAC102
 173 0093 9A482E4E 		.ascii	"\232H.N~~q\012s\033\272\257ycK\261\20691\035U\012[q"
 173      7E7E710A 
 173      731BBAAF 
 173      79634BB1 
 173      8639311D 
 174 00ab 3B65F347 		.ascii	";e\363G\236wK\254X\204\371\327\255C\014g\371\337\273"
 174      9E774BAC 
 174      5884F9D7 
 174      AD430C67 
 174      F9DFBB
 175 00be F148DE5A 		.ascii	"\361H\336Z{\035/\321\240\005\204\274\204\210\204\204"
 175      7B1D2FD1 
 175      A00584BC 
 175      84888484 
 176 00ce 2AAB3736 		.ascii	"*\25376\254\347\235\237N,\33631&\227%\266\313\034\""
ARM GAS  C:\Users\victo\AppData\Local\Temp\ccRFBt6R.s 			page 13


 176      ACE79D9F 
 176      4E2CDE33 
 176      31269725 
 176      B6CB1C22 
 177 00e2 3D0CEB7F 		.ascii	"=\014\353\177\2244\031\035\313G\037Qe\326\325\354\243"
 177      9434191D 
 177      CB471F51 
 177      65D6D5EC 
 177      A3
 178 00f3 541BADAD 		.ascii	"T\033\255\255\017)\354\202\365E;\345\223r\344\013\273"
 178      0F29EC82 
 178      F5453BE5 
 178      9372E40B 
 178      BB
 179 0104 6C8AB9A2 		.ascii	"l\212\271\242\015i\371\303\343\017\345\230/\371i\016"
 179      0D69F9C3 
 179      E30FE598 
 179      2FF9690E 
 180 0114 A62FAAE1 		.ascii	"\246/\252\341Y\314d\363p9\204e$\260\002I\213W\230\005"
 180      59CC64F3 
 180      70398465 
 180      24B00249 
 180      8B579805 
 181 0128 ED23B757 		.ascii	"\355#\267W\370\305\001\320\010S\224g?F6\021(!\021\205"
 181      F8C501D0 
 181      08539467 
 181      3F463611 
 181      28211185 
 182 013c 31BD5BFD 		.ascii	"1\275[\375n\024)\347x-\356\217\360-\232W.)\245R\270"
 182      6E1429E7 
 182      782DEE8F 
 182      F02D9A57 
 182      2E29A552 
 183 0151 5CEF0C4C 		.ascii	"\\\357\014L\341@*\215\373\220+\021\262\033|5\304\252"
 183      E1402A8D 
 183      FB902B11 
 183      B21B7C35 
 183      C4AA
 184 0163 84108756 		.ascii	"\204\020\207V\255\214l\275\251\013\010Q!\2401A\025\374"
 184      AD8C6CBD 
 184      A90B0851 
 184      21A03141 
 184      15FC
 185 0175 CD11F59B 		.ascii	"\315\021\365\233\001m\202\264\244\276%\325\356\364:"
 185      016D82B4 
 185      A4BE25D5 
 185      EEF43A
 186 0184 FDE98CD3 		.ascii	"\375\351\214\323\323\225\354\033\354\357vR\217\222}"
 186      D395EC1B 
 186      ECEF7652 
 186      8F927D
 187 0193 F75B536D 		.ascii	"\367[Sm\217\273:\036>h\351\246kO\323\003O\234\236d&"
 187      8FBB3A1E 
 187      3E68E9A6 
 187      6B4FD303 
 187      4F9C9E64 
 188 01a8 9D191CF8 		.ascii	"\235\031\034\370\003\203\264\257y"
ARM GAS  C:\Users\victo\AppData\Local\Temp\ccRFBt6R.s 			page 14


 188      0383B4AF 
 188      79
 189              		.text
 190              		.section	.gnu.lto_.symbol_nodes.2c2a2d82,"",%progbits
 191 0000 789C55C7 		.ascii	"x\234U\307;\015\000 \020D\301w\037\022tbd-\240\200\240"
 191      3B0D0020 
 191      1044C177 
 191      1F127462 
 191      642DA080 
 192 0015 084D3414 		.ascii	"\010M4\024\334t\023\300\340q\004\363\200\304\332\035"
 192      DC7413C0 
 192      E07104F3 
 192      80C4DA1D 
 193 0025 3759B9CB 		.ascii	"7Y\271\313\313CQ\236\312\362\246\366\237\013\351b\031"
 193      CB43519E 
 193      CAF2A6F6 
 193      9F0BE962 
 193      19
 194 0036 56       		.ascii	"V"
 195              		.text
 196              		.section	.gnu.lto_.refs.2c2a2d82,"",%progbits
 197 0000 789C6366 		.ascii	"x\234cf```d\200\002\000\000=\000\005"
 197      60606064 
 197      80020000 
 197      3D0005
 198              		.text
 199              		.section	.gnu.lto_.decls.2c2a2d82,"",%progbits
 200 0000 789C8D54 		.ascii	"x\234\215ToLSW\024\277\347\335\327b\037\035\030\227"
 200      6F4C5357 
 200      14BFE7DD 
 200      D7621F1D 
 200      1897
 201 0012 81212696 		.ascii	"\201!&\226-!.!$\312\262\354\333>\300\246K\324\020\211"
 201      2D212E21 
 201      24CAB2EC 
 201      DB3EC0A6 
 201      4BD41089 
 202 0026 F18324A4 		.ascii	"\361\203$\244\201\027eY\300te\213\337\256tN\334\214"
 202      81176559 
 202      C074658B 
 202      DFAE744E 
 202      DC8C
 203 0038 AB0466C5 		.ascii	"\253\004f\305!$\242\242\370o\264\202\325\256\026\320"
 203      2124A2A2 
 203      F86FB482 
 203      D5AE16D0 
 204 0048 8142956E 		.ascii	"\201B\225nnL\267E\334d\316\271-\314\221L\202\372<\367"
 204      6E4CB745 
 204      DC64CEB9 
 204      2DCC914C 
 204      82FA3CF7 
 205 005c BED7BEA7 		.ascii	"\276\327\276\247\326\351MN\373\316y\347\367;\177~\267"
 205      D6E94D4E 
 205      FBCE79E7 
 205      F73B7F7E 
 205      B7
 206 006d A5849000 		.ascii	"\245\204\220\000\020\242\341\271/\0232\216~\006Z\031"
ARM GAS  C:\Users\victo\AppData\Local\Temp\ccRFBt6R.s 			page 15


 206      10A2E1B9 
 206      2F13328E 
 206      7E065A19 
 207 007d 318F1DAD 		.ascii	"1\217\035\255\007-\204\326\207\026F\033D;G\236<<\317"
 207      072D84D6 
 207      8716461B 
 207      443B479E 
 207      3C3CCF
 208 0090 66E08FA0 		.ascii	"f\340\217\240\345\243%\320\306\214\367`\344<~BF\035"
 208      E5A325D0 
 208      C68CF760 
 208      E43C7E42 
 208      461D
 209 00a2 2B2E270D 		.ascii	"+.'\0156\224\006\313{\222\377\247^_\032L\370\031\230"
 209      369406CB 
 209      7B92FFA7 
 209      5E5F1A4C 
 209      F81998
 210 00b5 701A0C9F 		.ascii	"p\032\014\237\331a\364\230\205\346D\213\242\305\015"
 210      D961F498 
 210      85E6448B 
 210      A2C50D
 211 00c4 0E571A9E 		.ascii	"\016W\032\236\3014<|o\266g\314\231n\267\377H0\362\313"
 211      C1343C7C 
 211      6FB667CC 
 211      996EB7FF 
 211      4830F2CB 
 212 00d8 DD7F9DBF 		.ascii	"\335\177\235\277K\220\245\314\345n\353\370\3444E\327"
 212      4B90A5CC 
 212      E56EEBF8 
 212      E43445D7 
 213 00e8 A948DCFD 		.ascii	"\251H\334\375\376\314\226-s\250\004\374yo\340\372e\245"
 213      FECC962D 
 213      73A804FC 
 213      796FE0FA 
 213      65A5
 214 00fa F01063AC 		.ascii	"\360\020c\254\221\305b`Rl\332\177z[\006br\024\341n\037"
 214      91C56260 
 214      526CDA7F 
 214      7A5B0662 
 214      7214E16E 
 215 010f 69EDA7C2 		.ascii	"i\355\247\302\3258N\272r\245y\206\202R\320\310X\003"
 215      D5384EBA 
 215      72A57986 
 215      8252D0C8 
 215      5803
 216 0121 9B6A6274 		.ascii	"\233jbt>\201\302<x5\217\300Q(\30048\004\205\004\272"
 216      3E81C23C 
 216      78358FC0 
 216      5128C034 
 216      38048504 
 217 0136 210F0E43 		.ascii	"!\017\016C\036\351\304\002S\355SW\0270&\303\021P\340"
 217      1EE9C402 
 217      53ED5357 
 217      173026C3 
 217      1150E0
 218 0149 20509181 		.ascii	" P\221\201c\360\012FQ\377\346~\277,K\030\3449ke\036"
ARM GAS  C:\Users\victo\AppData\Local\Temp\ccRFBt6R.s 			page 16


 218      63F00A46 
 218      51FFE67E 
 218      BF2C4B18 
 218      E4396B65 
 219 015e 1BDDF9C5 		.ascii	"\033\335\371\305@fn\013\343\307\307\346JP\226\003\007"
 219      40666E0B 
 219      E3C7C7E6 
 219      4A509603 
 219      07
 220 016f 90B60B69 		.ascii	"\220\266\013i\011\034\207\\\374<\006\262N\260/\372s"
 220      091C875C 
 220      FC3C06B2 
 220      4EB02FFA 
 220      73
 221 0180 9783168B 		.ascii	"\227\203\026\213\321\342\021-\341t\355a\035\307\247"
 221      D1E2112D 
 221      E174ED61 
 221      1DC7A7
 222 018f 3EF3FD56 		.ascii	">\363\375V\266\303\307\232\331\204\246-\024 \3702\325"
 222      B6C3C79A 
 222      D984A62D 
 222      1420F832 
 222      D5
 223 01a0 00E1CFFA 		.ascii	"\000\341\317\372F{\300\205\300@\327\366q;}W\220\364"
 223      467BC085 
 223      C040D7F6 
 223      713B7D57 
 223      90F4
 224 01b2 FD31DDED 		.ascii	"\3751\335\355\020$\023\327\006\325X\003\273\247iTg\010"
 224      102413D7 
 224      06D55803 
 224      BBA76954 
 224      6708
 225 01c4 5A188249 		.ascii	"Z\030\202I\206\220`\210w\237\377\030\254=\363q\314\246"
 225      86906088 
 225      779FFF18 
 225      AC3DF371 
 225      CCA6
 226 01d6 4F88A6D7 		.ascii	"O\210\246\327\032=\177\023\334\032Q\350\207\242\\\347"
 226      1A3D7F13 
 226      DC1A51E8 
 226      87A25CE7 
 227 01e6 704FB15E 		.ascii	"pO\261^-0iV\303|\350\265T\353MV\353\023\325\016\337"
 227      2D306956 
 227      C37CE8B5 
 227      54EB4D56 
 227      EB13D50E 
 228 01fb DBDD934D 		.ascii	"\333\335\223M} \030Z6\337\230\225\005E\307\350>{\027"
 228      7D20185A 
 228      36DF9895 
 228      0545C7E8 
 228      3E7B17
 229 020e 8B69DA9B 		.ascii	"\213i\332\233\202\340\244\205\340d\222 ,\010\332\356"
 229      82E0A485 
 229      E0649220 
 229      2C08DAEE 
 230 021e FC1D71D0 		.ascii	"\374\035q\320\317u\202\244\360.]\370\235\267\357\206"
ARM GAS  C:\Users\victo\AppData\Local\Temp\ccRFBt6R.s 			page 17


 230      CF7582A4 
 230      F02E5DF8 
 230      9DB7EF86 
 231 022e E60897B7 		.ascii	"\346\010\227\267\202\312\357\037\373\2575\013\012\024"
 231      82CAEF1F 
 231      FBAF350B 
 231      0A14
 232 023c 5DD23BBA 		.ascii	"]\322;\272\244Q\234\357\224)\251\313\220T\334\016\334"
 232      A4519CEF 
 232      9429A9CB 
 232      9054DC0E 
 232      DC
 233 024d 806D1149 		.ascii	"\200m\021I\215\017_\341\375p\031\367\3434\006#\030\304"
 233      8D0F5FE1 
 233      FD7019F7 
 233      E3340623 
 233      18C4
 234 025f 42ED437F 		.ascii	"B\355C\177~\227-\264\217\246\264\277\372\355\217\007"
 234      7E972DB4 
 234      8FA6B4BF 
 234      FAED8F07 
 235 026f 1DA9D819 		.ascii	"\035\251\330\031\020\301=Z4,?\365B\364\213\335\306\222"
 235      10C13D5A 
 235      342C3FF5 
 235      42F48BDD 
 235      C692
 236 0281 17E2806F 		.ascii	"\027\342\200o\246C\241m\372h[\375\037]\3166n\304\257"
 236      A643A16D 
 236      FA685BFD 
 236      1F5DCE36 
 236      6EC4AF
 237 0294 3717EF62 		.ascii	"7\027\357b\035\233\330\003\015/4G\301\200eA\003\311"
 237      1D9BD803 
 237      0D2F3447 
 237      C1806541 
 237      03C9
 238 02a6 050D8A05 		.ascii	"\005\015\212\005\035k\013|\372\002=\241\263L\262[\267"
 238      1D6B0B7C 
 238      FA023DA1 
 238      B34CB25B 
 238      B7
 239 02b7 245DA49F 		.ascii	"$]\244\237n>*\322Y\013\305\331$\3059A\021>:\035\317"
 239      6E3E2AD2 
 239      590BC5D9 
 239      24C53941 
 239      113E3A1D 
 240 02cc 143F4917 		.ascii	"\024?I\027'9\3254\034\260\213\237\244\230\251\261\251"
 240      2739D534 
 240      1CB08B9F 
 240      A498A9B1 
 240      A9
 241 02dd F7B68D8E 		.ascii	"\367\266\215\216<\252@\276\256\300\265\3353\235\016"
 241      3CAA40BE 
 241      AEC0B5DD 
 241      339D0E
 242 02ec E1F27FDF 		.ascii	"\341\362\177\337l\036\272\376\303x$\203&D\272\364Ws"
 242      6C1EBAFE 
ARM GAS  C:\Users\victo\AppData\Local\Temp\ccRFBt6R.s 			page 18


 242      C3782483 
 242      2644BAF4 
 242      5773
 243 02fe 83969912 		.ascii	"\203\226\231\022dZ\027$\216\373\0321\005\311\267\012"
 243      645A1724 
 243      8EFB1A31 
 243      05C9B70A 
 244 030e E2F731C7 		.ascii	"\342\3671\3072\002_\343\316\206\270 \243(H\276!\310"
 244      32025FE3 
 244      CE86B820 
 244      A32848BE 
 244      21C8
 245 0320 790C5ED0 		.ascii	"y\014^\320\005\011\267$\206\024\245\221/\371\371\020"
 245      0509B724 
 245      8614A591 
 245      2FF9F910 
 246 0330 522CE89F 		.ascii	"R,\350\237u\032\235Ll\013vJ\274\2231\354d\330\354\344"
 246      751A9D4C 
 246      6C0B764A 
 246      BC9331EC 
 246      64D8ECE4 
 247 0344 2298AD3C 		.ascii	"\"\230\255<I|)}+\2237\332g\355\316OR\315\013\322$\210"
 247      497C297D 
 247      2B9337DA 
 247      67EDCE4F 
 247      52CD0BD2 
 248 035a 40029C62 		.ascii	"@\002\234b\323\374\333V_S\353}\303\276t\345jW\011y\245"
 248      D3FCDB56 
 248      5F53EB7D 
 248      C3BE74E5 
 248      6A570979 
 249 036f A862A95A 		.ascii	"\250b\251Z\253z\334^\265\272\262\274\256\336S\245V\224"
 249      AB7ADC5E 
 249      B5BAB2BC 
 249      AEDE53A5 
 249      5694
 250 0381 95D795BC 		.ascii	"\225\327\225\274VQ\265\321\273q\203\372~\321z\362\342"
 250      5651B5D1 
 250      BB7183FA 
 250      7ED17AF2 
 250      E2
 251 0392 DB6B2A97 		.ascii	"\333k*\227\277UZY\256zK=5\037\250+\352\252\325\227\237"
 251      BF555A59 
 251      AE7A4B3D 
 251      351FA82B 
 251      EAAAD597 
 252 03a7 8AD3938B 		.ascii	"\212\323\223\213\252\210\323\200\255\361\324x\325L\303"
 252      AA88D380 
 252      ADF1D478 
 252      D54CC3
 253 03b6 59A5BAAB 		.ascii	"Y\245\272\253\347Y\236K\335^\367*u\235\235\367\264\370"
 253      E7599E4B 
 253      DD5EF72A 
 253      759D9DF7 
 253      B4F8
 254 03c8 F55CB3D2 		.ascii	"\365\\\263\322;\265^\325\343\251\337\340\345\325^2\342"
 254      3BB55ED5 
ARM GAS  C:\Users\victo\AppData\Local\Temp\ccRFBt6R.s 			page 19


 254      E3A9DFE0 
 254      E5D55E32 
 254      E2
 255 03d9 25EFA96E 		.ascii	"%\357\251nO\352\215\315\243\256+^\"\240\305K\036\002"
 255      4FEA8DCD 
 255      A3AE2B5E 
 255      22A0C54B 
 255      1E02
 256 03eb A567F0B6 		.ascii	"\245g\360\266"
 257              		.text
 258              		.section	.gnu.lto_.symtab.2c2a2d82,"",%progbits
 259 0000 46575F4C 		.ascii	"FW_LED_SetDriveMode\000\000\000\000\000\000\000\000"
 259      45445F53 
 259      65744472 
 259      6976654D 
 259      6F646500 
 260 001b 00000000 		.ascii	"\000\000\000\000\262\000\000\000FW_LED_Write\000\000"
 260      B2000000 
 260      46575F4C 
 260      45445F57 
 260      72697465 
 261 0031 00000000 		.ascii	"\000\000\000\000\000\000\000\000\000\000\264\000\000"
 261      00000000 
 261      0000B400 
 261      00
 262 003e 0046575F 		.ascii	"\000FW_LED_Read\000\000\000\000\000\000\000\000\000"
 262      4C45445F 
 262      52656164 
 262      00000000 
 262      00000000 
 263 0053 000000B7 		.ascii	"\000\000\000\267\000\000\000FW_LED_ReadDataReg\000\000"
 263      00000046 
 263      575F4C45 
 263      445F5265 
 263      61644461 
 264 006e 00000000 		.ascii	"\000\000\000\000\000\000\000\000\000\000\271\000\000"
 264      00000000 
 264      0000B900 
 264      00
 265 007b 0046575F 		.ascii	"\000FW_LED_SetInterruptMode\000\000\000\000\000\000"
 265      4C45445F 
 265      53657449 
 265      6E746572 
 265      72757074 
 266 0099 00000000 		.ascii	"\000\000\000\000\000\000\303\000\000\000FW_LED_Clea"
 266      0000C300 
 266      00004657 
 266      5F4C4544 
 266      5F436C65 
 267 00ae 72496E74 		.ascii	"rInterrupt\000\000\000\000\000\000\000\000\000\000\000"
 267      65727275 
 267      70740000 
 267      00000000 
 267      00000000 
 268 00c3 00C50000 		.ascii	"\000\305\000\000\000"
 268      00
 269              		.text
ARM GAS  C:\Users\victo\AppData\Local\Temp\ccRFBt6R.s 			page 20


 270              		.section	.gnu.lto_.opts,"",%progbits
 271 0000 272D666E 		.ascii	"'-fno-trapv' '-mcpu=cortex-m0' '-mthumb' '-g' '-Os'"
 271      6F2D7472 
 271      61707627 
 271      20272D6D 
 271      6370753D 
 272 0033 20272D57 		.ascii	" '-Werror' '-ffunction-sections' '-finline-function"
 272      6572726F 
 272      72272027 
 272      2D666675 
 272      6E637469 
 273 0066 73272027 		.ascii	"s' '-flto' '-ffat-lto-objects' '-fno-strict-aliasin"
 273      2D666C74 
 273      6F272027 
 273      2D666661 
 273      742D6C74 
 274 0099 672700   		.ascii	"g'\000"
 275              		.text
 276              		.cfi_sections	.debug_frame
 277              		.section	.text.FW_LED_SetDriveMode,"ax",%progbits
 278              		.align	1
 279              		.global	FW_LED_SetDriveMode
 280              		.code	16
 281              		.thumb_func
 282              		.type	FW_LED_SetDriveMode, %function
 283              	FW_LED_SetDriveMode:
 284              	.LFB0:
 285              		.file 1 ".\\Generated_Source\\PSoC4\\FW_LED.c"
   1:.\Generated_Source\PSoC4/FW_LED.c **** /*******************************************************************************
   2:.\Generated_Source\PSoC4/FW_LED.c **** * File Name: FW_LED.c  
   3:.\Generated_Source\PSoC4/FW_LED.c **** * Version 2.20
   4:.\Generated_Source\PSoC4/FW_LED.c **** *
   5:.\Generated_Source\PSoC4/FW_LED.c **** * Description:
   6:.\Generated_Source\PSoC4/FW_LED.c **** *  This file contains API to enable firmware control of a Pins component.
   7:.\Generated_Source\PSoC4/FW_LED.c **** *
   8:.\Generated_Source\PSoC4/FW_LED.c **** ********************************************************************************
   9:.\Generated_Source\PSoC4/FW_LED.c **** * Copyright 2008-2015, Cypress Semiconductor Corporation.  All rights reserved.
  10:.\Generated_Source\PSoC4/FW_LED.c **** * You may use this file only in accordance with the license, terms, conditions, 
  11:.\Generated_Source\PSoC4/FW_LED.c **** * disclaimers, and limitations in the end user license agreement accompanying 
  12:.\Generated_Source\PSoC4/FW_LED.c **** * the software package with which this file was provided.
  13:.\Generated_Source\PSoC4/FW_LED.c **** *******************************************************************************/
  14:.\Generated_Source\PSoC4/FW_LED.c **** 
  15:.\Generated_Source\PSoC4/FW_LED.c **** #include "cytypes.h"
  16:.\Generated_Source\PSoC4/FW_LED.c **** #include "FW_LED.h"
  17:.\Generated_Source\PSoC4/FW_LED.c **** 
  18:.\Generated_Source\PSoC4/FW_LED.c **** 
  19:.\Generated_Source\PSoC4/FW_LED.c **** #if defined(FW_LED__PC)
  20:.\Generated_Source\PSoC4/FW_LED.c ****     #define FW_LED_SetP4PinDriveMode(shift, mode)  \
  21:.\Generated_Source\PSoC4/FW_LED.c ****     do { \
  22:.\Generated_Source\PSoC4/FW_LED.c ****         FW_LED_PC =   (FW_LED_PC & \
  23:.\Generated_Source\PSoC4/FW_LED.c ****                                 (uint32)(~(uint32)(FW_LED_DRIVE_MODE_IND_MASK << \
  24:.\Generated_Source\PSoC4/FW_LED.c ****                                 (FW_LED_DRIVE_MODE_BITS * (shift))))) | \
  25:.\Generated_Source\PSoC4/FW_LED.c ****                                 (uint32)((uint32)(mode) << \
  26:.\Generated_Source\PSoC4/FW_LED.c ****                                 (FW_LED_DRIVE_MODE_BITS * (shift))); \
  27:.\Generated_Source\PSoC4/FW_LED.c ****     } while (0)
  28:.\Generated_Source\PSoC4/FW_LED.c **** #else
  29:.\Generated_Source\PSoC4/FW_LED.c ****     #if (CY_PSOC4_4200L)
ARM GAS  C:\Users\victo\AppData\Local\Temp\ccRFBt6R.s 			page 21


  30:.\Generated_Source\PSoC4/FW_LED.c ****         #define FW_LED_SetP4PinDriveMode(shift, mode)  \
  31:.\Generated_Source\PSoC4/FW_LED.c ****         do { \
  32:.\Generated_Source\PSoC4/FW_LED.c ****             FW_LED_USBIO_CTRL_REG = (FW_LED_USBIO_CTRL_REG & \
  33:.\Generated_Source\PSoC4/FW_LED.c ****                                     (uint32)(~(uint32)(FW_LED_DRIVE_MODE_IND_MASK << \
  34:.\Generated_Source\PSoC4/FW_LED.c ****                                     (FW_LED_DRIVE_MODE_BITS * (shift))))) | \
  35:.\Generated_Source\PSoC4/FW_LED.c ****                                     (uint32)((uint32)(mode) << \
  36:.\Generated_Source\PSoC4/FW_LED.c ****                                     (FW_LED_DRIVE_MODE_BITS * (shift))); \
  37:.\Generated_Source\PSoC4/FW_LED.c ****         } while (0)
  38:.\Generated_Source\PSoC4/FW_LED.c ****     #endif
  39:.\Generated_Source\PSoC4/FW_LED.c **** #endif
  40:.\Generated_Source\PSoC4/FW_LED.c ****   
  41:.\Generated_Source\PSoC4/FW_LED.c **** 
  42:.\Generated_Source\PSoC4/FW_LED.c **** #if defined(FW_LED__PC) || (CY_PSOC4_4200L) 
  43:.\Generated_Source\PSoC4/FW_LED.c ****     /*******************************************************************************
  44:.\Generated_Source\PSoC4/FW_LED.c ****     * Function Name: FW_LED_SetDriveMode
  45:.\Generated_Source\PSoC4/FW_LED.c ****     ****************************************************************************//**
  46:.\Generated_Source\PSoC4/FW_LED.c ****     *
  47:.\Generated_Source\PSoC4/FW_LED.c ****     * \brief Sets the drive mode for each of the Pins component's pins.
  48:.\Generated_Source\PSoC4/FW_LED.c ****     * 
  49:.\Generated_Source\PSoC4/FW_LED.c ****     * <b>Note</b> This affects all pins in the Pins component instance. Use the
  50:.\Generated_Source\PSoC4/FW_LED.c ****     * Per-Pin APIs if you wish to control individual pin's drive modes.
  51:.\Generated_Source\PSoC4/FW_LED.c ****     *
  52:.\Generated_Source\PSoC4/FW_LED.c ****     * <b>Note</b> USBIOs have limited drive functionality. Refer to the Drive Mode
  53:.\Generated_Source\PSoC4/FW_LED.c ****     * parameter for more information.
  54:.\Generated_Source\PSoC4/FW_LED.c ****     *
  55:.\Generated_Source\PSoC4/FW_LED.c ****     * \param mode
  56:.\Generated_Source\PSoC4/FW_LED.c ****     *  Mode for the selected signals. Valid options are documented in 
  57:.\Generated_Source\PSoC4/FW_LED.c ****     *  \ref driveMode.
  58:.\Generated_Source\PSoC4/FW_LED.c ****     *
  59:.\Generated_Source\PSoC4/FW_LED.c ****     * \return
  60:.\Generated_Source\PSoC4/FW_LED.c ****     *  None
  61:.\Generated_Source\PSoC4/FW_LED.c ****     *
  62:.\Generated_Source\PSoC4/FW_LED.c ****     * \sideeffect
  63:.\Generated_Source\PSoC4/FW_LED.c ****     *  If you use read-modify-write operations that are not atomic, the ISR can
  64:.\Generated_Source\PSoC4/FW_LED.c ****     *  cause corruption of this function. An ISR that interrupts this function 
  65:.\Generated_Source\PSoC4/FW_LED.c ****     *  and performs writes to the Pins component Drive Mode registers can cause 
  66:.\Generated_Source\PSoC4/FW_LED.c ****     *  corrupted port data. To avoid this issue, you should either use the Per-Pin
  67:.\Generated_Source\PSoC4/FW_LED.c ****     *  APIs (primary method) or disable interrupts around this function.
  68:.\Generated_Source\PSoC4/FW_LED.c ****     *
  69:.\Generated_Source\PSoC4/FW_LED.c ****     * \funcusage
  70:.\Generated_Source\PSoC4/FW_LED.c ****     *  \snippet FW_LED_SUT.c usage_FW_LED_SetDriveMode
  71:.\Generated_Source\PSoC4/FW_LED.c ****     *******************************************************************************/
  72:.\Generated_Source\PSoC4/FW_LED.c ****     void FW_LED_SetDriveMode(uint8 mode)
  73:.\Generated_Source\PSoC4/FW_LED.c ****     {
 286              		.loc 1 73 0
 287              		.cfi_startproc
 288              	.LVL0:
  74:.\Generated_Source\PSoC4/FW_LED.c **** 		FW_LED_SetP4PinDriveMode(FW_LED__0__SHIFT, mode);
 289              		.loc 1 74 0
 290 0000 3821     		mov	r1, #56
 291 0002 034A     		ldr	r2, .L2
 292 0004 C000     		lsl	r0, r0, #3
 293              	.LVL1:
 294 0006 1368     		ldr	r3, [r2]
  75:.\Generated_Source\PSoC4/FW_LED.c ****     }
 295              		.loc 1 75 0
 296              		@ sp needed
ARM GAS  C:\Users\victo\AppData\Local\Temp\ccRFBt6R.s 			page 22


  74:.\Generated_Source\PSoC4/FW_LED.c **** 		FW_LED_SetP4PinDriveMode(FW_LED__0__SHIFT, mode);
 297              		.loc 1 74 0
 298 0008 8B43     		bic	r3, r1
 299 000a 1843     		orr	r0, r3
 300 000c 1060     		str	r0, [r2]
 301              		.loc 1 75 0
 302 000e 7047     		bx	lr
 303              	.L3:
 304              		.align	2
 305              	.L2:
 306 0010 08010440 		.word	1074004232
 307              		.cfi_endproc
 308              	.LFE0:
 309              		.size	FW_LED_SetDriveMode, .-FW_LED_SetDriveMode
 310              		.section	.text.FW_LED_Write,"ax",%progbits
 311              		.align	1
 312              		.global	FW_LED_Write
 313              		.code	16
 314              		.thumb_func
 315              		.type	FW_LED_Write, %function
 316              	FW_LED_Write:
 317              	.LFB1:
  76:.\Generated_Source\PSoC4/FW_LED.c **** #endif
  77:.\Generated_Source\PSoC4/FW_LED.c **** 
  78:.\Generated_Source\PSoC4/FW_LED.c **** 
  79:.\Generated_Source\PSoC4/FW_LED.c **** /*******************************************************************************
  80:.\Generated_Source\PSoC4/FW_LED.c **** * Function Name: FW_LED_Write
  81:.\Generated_Source\PSoC4/FW_LED.c **** ****************************************************************************//**
  82:.\Generated_Source\PSoC4/FW_LED.c **** *
  83:.\Generated_Source\PSoC4/FW_LED.c **** * \brief Writes the value to the physical port (data output register), masking
  84:.\Generated_Source\PSoC4/FW_LED.c **** *  and shifting the bits appropriately. 
  85:.\Generated_Source\PSoC4/FW_LED.c **** *
  86:.\Generated_Source\PSoC4/FW_LED.c **** * The data output register controls the signal applied to the physical pin in 
  87:.\Generated_Source\PSoC4/FW_LED.c **** * conjunction with the drive mode parameter. This function avoids changing 
  88:.\Generated_Source\PSoC4/FW_LED.c **** * other bits in the port by using the appropriate method (read-modify-write or
  89:.\Generated_Source\PSoC4/FW_LED.c **** * bit banding).
  90:.\Generated_Source\PSoC4/FW_LED.c **** *
  91:.\Generated_Source\PSoC4/FW_LED.c **** * <b>Note</b> This function should not be used on a hardware digital output pin 
  92:.\Generated_Source\PSoC4/FW_LED.c **** * as it is driven by the hardware signal attached to it.
  93:.\Generated_Source\PSoC4/FW_LED.c **** *
  94:.\Generated_Source\PSoC4/FW_LED.c **** * \param value
  95:.\Generated_Source\PSoC4/FW_LED.c **** *  Value to write to the component instance.
  96:.\Generated_Source\PSoC4/FW_LED.c **** *
  97:.\Generated_Source\PSoC4/FW_LED.c **** * \return 
  98:.\Generated_Source\PSoC4/FW_LED.c **** *  None 
  99:.\Generated_Source\PSoC4/FW_LED.c **** *
 100:.\Generated_Source\PSoC4/FW_LED.c **** * \sideeffect
 101:.\Generated_Source\PSoC4/FW_LED.c **** *  If you use read-modify-write operations that are not atomic; the Interrupt 
 102:.\Generated_Source\PSoC4/FW_LED.c **** *  Service Routines (ISR) can cause corruption of this function. An ISR that 
 103:.\Generated_Source\PSoC4/FW_LED.c **** *  interrupts this function and performs writes to the Pins component data 
 104:.\Generated_Source\PSoC4/FW_LED.c **** *  register can cause corrupted port data. To avoid this issue, you should 
 105:.\Generated_Source\PSoC4/FW_LED.c **** *  either use the Per-Pin APIs (primary method) or disable interrupts around 
 106:.\Generated_Source\PSoC4/FW_LED.c **** *  this function.
 107:.\Generated_Source\PSoC4/FW_LED.c **** *
 108:.\Generated_Source\PSoC4/FW_LED.c **** * \funcusage
 109:.\Generated_Source\PSoC4/FW_LED.c **** *  \snippet FW_LED_SUT.c usage_FW_LED_Write
 110:.\Generated_Source\PSoC4/FW_LED.c **** *******************************************************************************/
ARM GAS  C:\Users\victo\AppData\Local\Temp\ccRFBt6R.s 			page 23


 111:.\Generated_Source\PSoC4/FW_LED.c **** void FW_LED_Write(uint8 value)
 112:.\Generated_Source\PSoC4/FW_LED.c **** {
 318              		.loc 1 112 0
 319              		.cfi_startproc
 320              	.LVL2:
 113:.\Generated_Source\PSoC4/FW_LED.c ****     uint8 drVal = (uint8)(FW_LED_DR & (uint8)(~FW_LED_MASK));
 321              		.loc 1 113 0
 322 0000 0223     		mov	r3, #2
 323 0002 0449     		ldr	r1, .L5
 114:.\Generated_Source\PSoC4/FW_LED.c ****     drVal = (drVal | ((uint8)(value << FW_LED_SHIFT) & FW_LED_MASK));
 324              		.loc 1 114 0
 325 0004 4000     		lsl	r0, r0, #1
 326              	.LVL3:
 113:.\Generated_Source\PSoC4/FW_LED.c ****     uint8 drVal = (uint8)(FW_LED_DR & (uint8)(~FW_LED_MASK));
 327              		.loc 1 113 0
 328 0006 0A68     		ldr	r2, [r1]
 115:.\Generated_Source\PSoC4/FW_LED.c ****     FW_LED_DR = (uint32)drVal;
 116:.\Generated_Source\PSoC4/FW_LED.c **** }
 329              		.loc 1 116 0
 330              		@ sp needed
 113:.\Generated_Source\PSoC4/FW_LED.c ****     drVal = (drVal | ((uint8)(value << FW_LED_SHIFT) & FW_LED_MASK));
 331              		.loc 1 113 0
 332 0008 9A43     		bic	r2, r3
 333 000a D2B2     		uxtb	r2, r2
 114:.\Generated_Source\PSoC4/FW_LED.c ****     drVal = (drVal | ((uint8)(value << FW_LED_SHIFT) & FW_LED_MASK));
 334              		.loc 1 114 0
 335 000c 0340     		and	r3, r0
 115:.\Generated_Source\PSoC4/FW_LED.c ****     FW_LED_DR = (uint32)drVal;
 336              		.loc 1 115 0
 337 000e 1343     		orr	r3, r2
 338 0010 0B60     		str	r3, [r1]
 339              		.loc 1 116 0
 340 0012 7047     		bx	lr
 341              	.L6:
 342              		.align	2
 343              	.L5:
 344 0014 00010440 		.word	1074004224
 345              		.cfi_endproc
 346              	.LFE1:
 347              		.size	FW_LED_Write, .-FW_LED_Write
 348              		.section	.text.FW_LED_Read,"ax",%progbits
 349              		.align	1
 350              		.global	FW_LED_Read
 351              		.code	16
 352              		.thumb_func
 353              		.type	FW_LED_Read, %function
 354              	FW_LED_Read:
 355              	.LFB2:
 117:.\Generated_Source\PSoC4/FW_LED.c **** 
 118:.\Generated_Source\PSoC4/FW_LED.c **** 
 119:.\Generated_Source\PSoC4/FW_LED.c **** /*******************************************************************************
 120:.\Generated_Source\PSoC4/FW_LED.c **** * Function Name: FW_LED_Read
 121:.\Generated_Source\PSoC4/FW_LED.c **** ****************************************************************************//**
 122:.\Generated_Source\PSoC4/FW_LED.c **** *
 123:.\Generated_Source\PSoC4/FW_LED.c **** * \brief Reads the associated physical port (pin status register) and masks 
 124:.\Generated_Source\PSoC4/FW_LED.c **** *  the required bits according to the width and bit position of the component
 125:.\Generated_Source\PSoC4/FW_LED.c **** *  instance. 
ARM GAS  C:\Users\victo\AppData\Local\Temp\ccRFBt6R.s 			page 24


 126:.\Generated_Source\PSoC4/FW_LED.c **** *
 127:.\Generated_Source\PSoC4/FW_LED.c **** * The pin's status register returns the current logic level present on the 
 128:.\Generated_Source\PSoC4/FW_LED.c **** * physical pin.
 129:.\Generated_Source\PSoC4/FW_LED.c **** *
 130:.\Generated_Source\PSoC4/FW_LED.c **** * \return 
 131:.\Generated_Source\PSoC4/FW_LED.c **** *  The current value for the pins in the component as a right justified number.
 132:.\Generated_Source\PSoC4/FW_LED.c **** *
 133:.\Generated_Source\PSoC4/FW_LED.c **** * \funcusage
 134:.\Generated_Source\PSoC4/FW_LED.c **** *  \snippet FW_LED_SUT.c usage_FW_LED_Read  
 135:.\Generated_Source\PSoC4/FW_LED.c **** *******************************************************************************/
 136:.\Generated_Source\PSoC4/FW_LED.c **** uint8 FW_LED_Read(void)
 137:.\Generated_Source\PSoC4/FW_LED.c **** {
 356              		.loc 1 137 0
 357              		.cfi_startproc
 138:.\Generated_Source\PSoC4/FW_LED.c ****     return (uint8)((FW_LED_PS & FW_LED_MASK) >> FW_LED_SHIFT);
 358              		.loc 1 138 0
 359 0000 024B     		ldr	r3, .L8
 139:.\Generated_Source\PSoC4/FW_LED.c **** }
 360              		.loc 1 139 0
 361              		@ sp needed
 138:.\Generated_Source\PSoC4/FW_LED.c ****     return (uint8)((FW_LED_PS & FW_LED_MASK) >> FW_LED_SHIFT);
 362              		.loc 1 138 0
 363 0002 1868     		ldr	r0, [r3]
 364 0004 8007     		lsl	r0, r0, #30
 365 0006 C00F     		lsr	r0, r0, #31
 366              		.loc 1 139 0
 367 0008 7047     		bx	lr
 368              	.L9:
 369 000a C046     		.align	2
 370              	.L8:
 371 000c 04010440 		.word	1074004228
 372              		.cfi_endproc
 373              	.LFE2:
 374              		.size	FW_LED_Read, .-FW_LED_Read
 375              		.section	.text.FW_LED_ReadDataReg,"ax",%progbits
 376              		.align	1
 377              		.global	FW_LED_ReadDataReg
 378              		.code	16
 379              		.thumb_func
 380              		.type	FW_LED_ReadDataReg, %function
 381              	FW_LED_ReadDataReg:
 382              	.LFB3:
 140:.\Generated_Source\PSoC4/FW_LED.c **** 
 141:.\Generated_Source\PSoC4/FW_LED.c **** 
 142:.\Generated_Source\PSoC4/FW_LED.c **** /*******************************************************************************
 143:.\Generated_Source\PSoC4/FW_LED.c **** * Function Name: FW_LED_ReadDataReg
 144:.\Generated_Source\PSoC4/FW_LED.c **** ****************************************************************************//**
 145:.\Generated_Source\PSoC4/FW_LED.c **** *
 146:.\Generated_Source\PSoC4/FW_LED.c **** * \brief Reads the associated physical port's data output register and masks 
 147:.\Generated_Source\PSoC4/FW_LED.c **** *  the correct bits according to the width and bit position of the component 
 148:.\Generated_Source\PSoC4/FW_LED.c **** *  instance. 
 149:.\Generated_Source\PSoC4/FW_LED.c **** *
 150:.\Generated_Source\PSoC4/FW_LED.c **** * The data output register controls the signal applied to the physical pin in 
 151:.\Generated_Source\PSoC4/FW_LED.c **** * conjunction with the drive mode parameter. This is not the same as the 
 152:.\Generated_Source\PSoC4/FW_LED.c **** * preferred FW_LED_Read() API because the 
 153:.\Generated_Source\PSoC4/FW_LED.c **** * FW_LED_ReadDataReg() reads the data register instead of the status 
 154:.\Generated_Source\PSoC4/FW_LED.c **** * register. For output pins this is a useful function to determine the value 
ARM GAS  C:\Users\victo\AppData\Local\Temp\ccRFBt6R.s 			page 25


 155:.\Generated_Source\PSoC4/FW_LED.c **** * just written to the pin.
 156:.\Generated_Source\PSoC4/FW_LED.c **** *
 157:.\Generated_Source\PSoC4/FW_LED.c **** * \return 
 158:.\Generated_Source\PSoC4/FW_LED.c **** *  The current value of the data register masked and shifted into a right 
 159:.\Generated_Source\PSoC4/FW_LED.c **** *  justified number for the component instance.
 160:.\Generated_Source\PSoC4/FW_LED.c **** *
 161:.\Generated_Source\PSoC4/FW_LED.c **** * \funcusage
 162:.\Generated_Source\PSoC4/FW_LED.c **** *  \snippet FW_LED_SUT.c usage_FW_LED_ReadDataReg 
 163:.\Generated_Source\PSoC4/FW_LED.c **** *******************************************************************************/
 164:.\Generated_Source\PSoC4/FW_LED.c **** uint8 FW_LED_ReadDataReg(void)
 165:.\Generated_Source\PSoC4/FW_LED.c **** {
 383              		.loc 1 165 0
 384              		.cfi_startproc
 166:.\Generated_Source\PSoC4/FW_LED.c ****     return (uint8)((FW_LED_DR & FW_LED_MASK) >> FW_LED_SHIFT);
 385              		.loc 1 166 0
 386 0000 024B     		ldr	r3, .L11
 167:.\Generated_Source\PSoC4/FW_LED.c **** }
 387              		.loc 1 167 0
 388              		@ sp needed
 166:.\Generated_Source\PSoC4/FW_LED.c ****     return (uint8)((FW_LED_DR & FW_LED_MASK) >> FW_LED_SHIFT);
 389              		.loc 1 166 0
 390 0002 1868     		ldr	r0, [r3]
 391 0004 8007     		lsl	r0, r0, #30
 392 0006 C00F     		lsr	r0, r0, #31
 393              		.loc 1 167 0
 394 0008 7047     		bx	lr
 395              	.L12:
 396 000a C046     		.align	2
 397              	.L11:
 398 000c 00010440 		.word	1074004224
 399              		.cfi_endproc
 400              	.LFE3:
 401              		.size	FW_LED_ReadDataReg, .-FW_LED_ReadDataReg
 402              		.section	.text.FW_LED_SetInterruptMode,"ax",%progbits
 403              		.align	1
 404              		.global	FW_LED_SetInterruptMode
 405              		.code	16
 406              		.thumb_func
 407              		.type	FW_LED_SetInterruptMode, %function
 408              	FW_LED_SetInterruptMode:
 409              	.LFB4:
 168:.\Generated_Source\PSoC4/FW_LED.c **** 
 169:.\Generated_Source\PSoC4/FW_LED.c **** 
 170:.\Generated_Source\PSoC4/FW_LED.c **** /*******************************************************************************
 171:.\Generated_Source\PSoC4/FW_LED.c **** * Function Name: FW_LED_SetInterruptMode
 172:.\Generated_Source\PSoC4/FW_LED.c **** ****************************************************************************//**
 173:.\Generated_Source\PSoC4/FW_LED.c **** *
 174:.\Generated_Source\PSoC4/FW_LED.c **** * \brief Configures the interrupt mode for each of the Pins component's
 175:.\Generated_Source\PSoC4/FW_LED.c **** *  pins. Alternatively you may set the interrupt mode for all the pins
 176:.\Generated_Source\PSoC4/FW_LED.c **** *  specified in the Pins component.
 177:.\Generated_Source\PSoC4/FW_LED.c **** *
 178:.\Generated_Source\PSoC4/FW_LED.c **** *  <b>Note</b> The interrupt is port-wide and therefore any enabled pin
 179:.\Generated_Source\PSoC4/FW_LED.c **** *  interrupt may trigger it.
 180:.\Generated_Source\PSoC4/FW_LED.c **** *
 181:.\Generated_Source\PSoC4/FW_LED.c **** * \param position
 182:.\Generated_Source\PSoC4/FW_LED.c **** *  The pin position as listed in the Pins component. You may OR these to be 
 183:.\Generated_Source\PSoC4/FW_LED.c **** *  able to configure the interrupt mode of multiple pins within a Pins 
ARM GAS  C:\Users\victo\AppData\Local\Temp\ccRFBt6R.s 			page 26


 184:.\Generated_Source\PSoC4/FW_LED.c **** *  component. Or you may use FW_LED_INTR_ALL to configure the
 185:.\Generated_Source\PSoC4/FW_LED.c **** *  interrupt mode of all the pins in the Pins component.       
 186:.\Generated_Source\PSoC4/FW_LED.c **** *  - FW_LED_0_INTR       (First pin in the list)
 187:.\Generated_Source\PSoC4/FW_LED.c **** *  - FW_LED_1_INTR       (Second pin in the list)
 188:.\Generated_Source\PSoC4/FW_LED.c **** *  - ...
 189:.\Generated_Source\PSoC4/FW_LED.c **** *  - FW_LED_INTR_ALL     (All pins in Pins component)
 190:.\Generated_Source\PSoC4/FW_LED.c **** *
 191:.\Generated_Source\PSoC4/FW_LED.c **** * \param mode
 192:.\Generated_Source\PSoC4/FW_LED.c **** *  Interrupt mode for the selected pins. Valid options are documented in
 193:.\Generated_Source\PSoC4/FW_LED.c **** *  \ref intrMode.
 194:.\Generated_Source\PSoC4/FW_LED.c **** *
 195:.\Generated_Source\PSoC4/FW_LED.c **** * \return 
 196:.\Generated_Source\PSoC4/FW_LED.c **** *  None
 197:.\Generated_Source\PSoC4/FW_LED.c **** *  
 198:.\Generated_Source\PSoC4/FW_LED.c **** * \sideeffect
 199:.\Generated_Source\PSoC4/FW_LED.c **** *  It is recommended that the interrupt be disabled before calling this 
 200:.\Generated_Source\PSoC4/FW_LED.c **** *  function to avoid unintended interrupt requests. Note that the interrupt
 201:.\Generated_Source\PSoC4/FW_LED.c **** *  type is port wide, and therefore will trigger for any enabled pin on the 
 202:.\Generated_Source\PSoC4/FW_LED.c **** *  port.
 203:.\Generated_Source\PSoC4/FW_LED.c **** *
 204:.\Generated_Source\PSoC4/FW_LED.c **** * \funcusage
 205:.\Generated_Source\PSoC4/FW_LED.c **** *  \snippet FW_LED_SUT.c usage_FW_LED_SetInterruptMode
 206:.\Generated_Source\PSoC4/FW_LED.c **** *******************************************************************************/
 207:.\Generated_Source\PSoC4/FW_LED.c **** void FW_LED_SetInterruptMode(uint16 position, uint16 mode)
 208:.\Generated_Source\PSoC4/FW_LED.c **** {
 410              		.loc 1 208 0
 411              		.cfi_startproc
 412              	.LVL4:
 209:.\Generated_Source\PSoC4/FW_LED.c ****     uint32 intrCfg;
 210:.\Generated_Source\PSoC4/FW_LED.c ****     
 211:.\Generated_Source\PSoC4/FW_LED.c ****     intrCfg =  FW_LED_INTCFG & (uint32)(~(uint32)position);
 413              		.loc 1 211 0
 414 0000 034A     		ldr	r2, .L14
 212:.\Generated_Source\PSoC4/FW_LED.c ****     FW_LED_INTCFG = intrCfg | ((uint32)position & (uint32)mode);
 213:.\Generated_Source\PSoC4/FW_LED.c **** }
 415              		.loc 1 213 0
 416              		@ sp needed
 211:.\Generated_Source\PSoC4/FW_LED.c ****     FW_LED_INTCFG = intrCfg | ((uint32)position & (uint32)mode);
 417              		.loc 1 211 0
 418 0002 1368     		ldr	r3, [r2]
 419              	.LVL5:
 420 0004 8343     		bic	r3, r0
 421              	.LVL6:
 212:.\Generated_Source\PSoC4/FW_LED.c ****     FW_LED_INTCFG = intrCfg | ((uint32)position & (uint32)mode);
 422              		.loc 1 212 0
 423 0006 0840     		and	r0, r1
 424              	.LVL7:
 425 0008 1843     		orr	r0, r3
 426 000a 1060     		str	r0, [r2]
 427              		.loc 1 213 0
 428 000c 7047     		bx	lr
 429              	.L15:
 430 000e C046     		.align	2
 431              	.L14:
 432 0010 0C010440 		.word	1074004236
 433              		.cfi_endproc
 434              	.LFE4:
ARM GAS  C:\Users\victo\AppData\Local\Temp\ccRFBt6R.s 			page 27


 435              		.size	FW_LED_SetInterruptMode, .-FW_LED_SetInterruptMode
 436              		.section	.text.FW_LED_ClearInterrupt,"ax",%progbits
 437              		.align	1
 438              		.global	FW_LED_ClearInterrupt
 439              		.code	16
 440              		.thumb_func
 441              		.type	FW_LED_ClearInterrupt, %function
 442              	FW_LED_ClearInterrupt:
 443              	.LFB5:
 214:.\Generated_Source\PSoC4/FW_LED.c **** 
 215:.\Generated_Source\PSoC4/FW_LED.c **** 
 216:.\Generated_Source\PSoC4/FW_LED.c **** /*******************************************************************************
 217:.\Generated_Source\PSoC4/FW_LED.c **** * Function Name: FW_LED_ClearInterrupt
 218:.\Generated_Source\PSoC4/FW_LED.c **** ****************************************************************************//**
 219:.\Generated_Source\PSoC4/FW_LED.c **** *
 220:.\Generated_Source\PSoC4/FW_LED.c **** * \brief Clears any active interrupts attached with the component and returns 
 221:.\Generated_Source\PSoC4/FW_LED.c **** *  the value of the interrupt status register allowing determination of which
 222:.\Generated_Source\PSoC4/FW_LED.c **** *  pins generated an interrupt event.
 223:.\Generated_Source\PSoC4/FW_LED.c **** *
 224:.\Generated_Source\PSoC4/FW_LED.c **** * \return 
 225:.\Generated_Source\PSoC4/FW_LED.c **** *  The right-shifted current value of the interrupt status register. Each pin 
 226:.\Generated_Source\PSoC4/FW_LED.c **** *  has one bit set if it generated an interrupt event. For example, bit 0 is 
 227:.\Generated_Source\PSoC4/FW_LED.c **** *  for pin 0 and bit 1 is for pin 1 of the Pins component.
 228:.\Generated_Source\PSoC4/FW_LED.c **** *  
 229:.\Generated_Source\PSoC4/FW_LED.c **** * \sideeffect
 230:.\Generated_Source\PSoC4/FW_LED.c **** *  Clears all bits of the physical port's interrupt status register, not just
 231:.\Generated_Source\PSoC4/FW_LED.c **** *  those associated with the Pins component.
 232:.\Generated_Source\PSoC4/FW_LED.c **** *
 233:.\Generated_Source\PSoC4/FW_LED.c **** * \funcusage
 234:.\Generated_Source\PSoC4/FW_LED.c **** *  \snippet FW_LED_SUT.c usage_FW_LED_ClearInterrupt
 235:.\Generated_Source\PSoC4/FW_LED.c **** *******************************************************************************/
 236:.\Generated_Source\PSoC4/FW_LED.c **** uint8 FW_LED_ClearInterrupt(void)
 237:.\Generated_Source\PSoC4/FW_LED.c **** {
 444              		.loc 1 237 0
 445              		.cfi_startproc
 238:.\Generated_Source\PSoC4/FW_LED.c **** 	uint8 maskedStatus = (uint8)(FW_LED_INTSTAT & FW_LED_MASK);
 446              		.loc 1 238 0
 447 0000 0223     		mov	r3, #2
 448 0002 034A     		ldr	r2, .L17
 239:.\Generated_Source\PSoC4/FW_LED.c **** 	FW_LED_INTSTAT = maskedStatus;
 240:.\Generated_Source\PSoC4/FW_LED.c ****     return maskedStatus >> FW_LED_SHIFT;
 241:.\Generated_Source\PSoC4/FW_LED.c **** }
 449              		.loc 1 241 0
 450              		@ sp needed
 238:.\Generated_Source\PSoC4/FW_LED.c **** 	uint8 maskedStatus = (uint8)(FW_LED_INTSTAT & FW_LED_MASK);
 451              		.loc 1 238 0
 452 0004 1068     		ldr	r0, [r2]
 453 0006 1840     		and	r0, r3
 454              	.LVL8:
 239:.\Generated_Source\PSoC4/FW_LED.c **** 	FW_LED_INTSTAT = maskedStatus;
 455              		.loc 1 239 0
 456 0008 1060     		str	r0, [r2]
 240:.\Generated_Source\PSoC4/FW_LED.c **** }
 457              		.loc 1 240 0
 458 000a 4008     		lsr	r0, r0, #1
 459              	.LVL9:
 460 000c C0B2     		uxtb	r0, r0
ARM GAS  C:\Users\victo\AppData\Local\Temp\ccRFBt6R.s 			page 28


 461              		.loc 1 241 0
 462 000e 7047     		bx	lr
 463              	.L18:
 464              		.align	2
 465              	.L17:
 466 0010 10010440 		.word	1074004240
 467              		.cfi_endproc
 468              	.LFE5:
 469              		.size	FW_LED_ClearInterrupt, .-FW_LED_ClearInterrupt
 470              		.text
 471              	.Letext0:
 472              		.file 2 ".\\Generated_Source\\PSoC4\\cytypes.h"
 473              		.section	.debug_info,"",%progbits
 474              	.Ldebug_info0:
 475 0000 97010000 		.4byte	0x197
 476 0004 0400     		.2byte	0x4
 477 0006 00000000 		.4byte	.Ldebug_abbrev0
 478 000a 04       		.byte	0x4
 479 000b 01       		.uleb128 0x1
 480 000c EF000000 		.4byte	.LASF27
 481 0010 01       		.byte	0x1
 482 0011 35020000 		.4byte	.LASF28
 483 0015 B0010000 		.4byte	.LASF29
 484 0019 00000000 		.4byte	.Ldebug_ranges0+0
 485 001d 00000000 		.4byte	0
 486 0021 00000000 		.4byte	.Ldebug_line0
 487 0025 02       		.uleb128 0x2
 488 0026 01       		.byte	0x1
 489 0027 06       		.byte	0x6
 490 0028 84020000 		.4byte	.LASF0
 491 002c 02       		.uleb128 0x2
 492 002d 01       		.byte	0x1
 493 002e 08       		.byte	0x8
 494 002f 4C000000 		.4byte	.LASF1
 495 0033 02       		.uleb128 0x2
 496 0034 02       		.byte	0x2
 497 0035 05       		.byte	0x5
 498 0036 57020000 		.4byte	.LASF2
 499 003a 02       		.uleb128 0x2
 500 003b 02       		.byte	0x2
 501 003c 07       		.byte	0x7
 502 003d 72000000 		.4byte	.LASF3
 503 0041 02       		.uleb128 0x2
 504 0042 04       		.byte	0x4
 505 0043 05       		.byte	0x5
 506 0044 67020000 		.4byte	.LASF4
 507 0048 02       		.uleb128 0x2
 508 0049 04       		.byte	0x4
 509 004a 07       		.byte	0x7
 510 004b 60000000 		.4byte	.LASF5
 511 004f 02       		.uleb128 0x2
 512 0050 08       		.byte	0x8
 513 0051 05       		.byte	0x5
 514 0052 15020000 		.4byte	.LASF6
 515 0056 02       		.uleb128 0x2
 516 0057 08       		.byte	0x8
 517 0058 07       		.byte	0x7
ARM GAS  C:\Users\victo\AppData\Local\Temp\ccRFBt6R.s 			page 29


 518 0059 D8000000 		.4byte	.LASF7
 519 005d 03       		.uleb128 0x3
 520 005e 04       		.byte	0x4
 521 005f 05       		.byte	0x5
 522 0060 696E7400 		.ascii	"int\000"
 523 0064 02       		.uleb128 0x2
 524 0065 04       		.byte	0x4
 525 0066 07       		.byte	0x7
 526 0067 B8000000 		.4byte	.LASF8
 527 006b 04       		.uleb128 0x4
 528 006c 61020000 		.4byte	.LASF9
 529 0070 02       		.byte	0x2
 530 0071 9801     		.2byte	0x198
 531 0073 2C000000 		.4byte	0x2c
 532 0077 04       		.uleb128 0x4
 533 0078 8C000000 		.4byte	.LASF10
 534 007c 02       		.byte	0x2
 535 007d 9901     		.2byte	0x199
 536 007f 3A000000 		.4byte	0x3a
 537 0083 04       		.uleb128 0x4
 538 0084 A9000000 		.4byte	.LASF11
 539 0088 02       		.byte	0x2
 540 0089 9A01     		.2byte	0x19a
 541 008b 48000000 		.4byte	0x48
 542 008f 02       		.uleb128 0x2
 543 0090 04       		.byte	0x4
 544 0091 04       		.byte	0x4
 545 0092 46000000 		.4byte	.LASF12
 546 0096 02       		.uleb128 0x2
 547 0097 08       		.byte	0x8
 548 0098 04       		.byte	0x4
 549 0099 85000000 		.4byte	.LASF13
 550 009d 02       		.uleb128 0x2
 551 009e 01       		.byte	0x1
 552 009f 08       		.byte	0x8
 553 00a0 30020000 		.4byte	.LASF14
 554 00a4 04       		.uleb128 0x4
 555 00a5 00000000 		.4byte	.LASF15
 556 00a9 02       		.byte	0x2
 557 00aa 4402     		.2byte	0x244
 558 00ac B0000000 		.4byte	0xb0
 559 00b0 05       		.uleb128 0x5
 560 00b1 83000000 		.4byte	0x83
 561 00b5 06       		.uleb128 0x6
 562 00b6 70020000 		.4byte	.LASF16
 563 00ba 01       		.byte	0x1
 564 00bb 48       		.byte	0x48
 565 00bc 00000000 		.4byte	.LFB0
 566 00c0 14000000 		.4byte	.LFE0-.LFB0
 567 00c4 01       		.uleb128 0x1
 568 00c5 9C       		.byte	0x9c
 569 00c6 DA000000 		.4byte	0xda
 570 00ca 07       		.uleb128 0x7
 571 00cb AB010000 		.4byte	.LASF18
 572 00cf 01       		.byte	0x1
 573 00d0 48       		.byte	0x48
 574 00d1 6B000000 		.4byte	0x6b
ARM GAS  C:\Users\victo\AppData\Local\Temp\ccRFBt6R.s 			page 30


 575 00d5 00000000 		.4byte	.LLST0
 576 00d9 00       		.byte	0
 577 00da 06       		.uleb128 0x6
 578 00db 93000000 		.4byte	.LASF17
 579 00df 01       		.byte	0x1
 580 00e0 6F       		.byte	0x6f
 581 00e1 00000000 		.4byte	.LFB1
 582 00e5 18000000 		.4byte	.LFE1-.LFB1
 583 00e9 01       		.uleb128 0x1
 584 00ea 9C       		.byte	0x9c
 585 00eb 0A010000 		.4byte	0x10a
 586 00ef 07       		.uleb128 0x7
 587 00f0 34000000 		.4byte	.LASF19
 588 00f4 01       		.byte	0x1
 589 00f5 6F       		.byte	0x6f
 590 00f6 6B000000 		.4byte	0x6b
 591 00fa 21000000 		.4byte	.LLST1
 592 00fe 08       		.uleb128 0x8
 593 00ff 5A000000 		.4byte	.LASF30
 594 0103 01       		.byte	0x1
 595 0104 71       		.byte	0x71
 596 0105 6B000000 		.4byte	0x6b
 597 0109 00       		.byte	0
 598 010a 09       		.uleb128 0x9
 599 010b 3A000000 		.4byte	.LASF20
 600 010f 01       		.byte	0x1
 601 0110 88       		.byte	0x88
 602 0111 6B000000 		.4byte	0x6b
 603 0115 00000000 		.4byte	.LFB2
 604 0119 10000000 		.4byte	.LFE2-.LFB2
 605 011d 01       		.uleb128 0x1
 606 011e 9C       		.byte	0x9c
 607 011f 09       		.uleb128 0x9
 608 0120 C5000000 		.4byte	.LASF21
 609 0124 01       		.byte	0x1
 610 0125 A4       		.byte	0xa4
 611 0126 6B000000 		.4byte	0x6b
 612 012a 00000000 		.4byte	.LFB3
 613 012e 10000000 		.4byte	.LFE3-.LFB3
 614 0132 01       		.uleb128 0x1
 615 0133 9C       		.byte	0x9c
 616 0134 06       		.uleb128 0x6
 617 0135 06000000 		.4byte	.LASF22
 618 0139 01       		.byte	0x1
 619 013a CF       		.byte	0xcf
 620 013b 00000000 		.4byte	.LFB4
 621 013f 14000000 		.4byte	.LFE4-.LFB4
 622 0143 01       		.uleb128 0x1
 623 0144 9C       		.byte	0x9c
 624 0145 75010000 		.4byte	0x175
 625 0149 07       		.uleb128 0x7
 626 014a A0000000 		.4byte	.LASF23
 627 014e 01       		.byte	0x1
 628 014f CF       		.byte	0xcf
 629 0150 77000000 		.4byte	0x77
 630 0154 42000000 		.4byte	.LLST2
 631 0158 0A       		.uleb128 0xa
ARM GAS  C:\Users\victo\AppData\Local\Temp\ccRFBt6R.s 			page 31


 632 0159 AB010000 		.4byte	.LASF18
 633 015d 01       		.byte	0x1
 634 015e CF       		.byte	0xcf
 635 015f 77000000 		.4byte	0x77
 636 0163 01       		.uleb128 0x1
 637 0164 51       		.byte	0x51
 638 0165 0B       		.uleb128 0xb
 639 0166 B0000000 		.4byte	.LASF25
 640 016a 01       		.byte	0x1
 641 016b D1       		.byte	0xd1
 642 016c 83000000 		.4byte	0x83
 643 0170 63000000 		.4byte	.LLST3
 644 0174 00       		.byte	0
 645 0175 0C       		.uleb128 0xc
 646 0176 1E000000 		.4byte	.LASF24
 647 017a 01       		.byte	0x1
 648 017b EC       		.byte	0xec
 649 017c 6B000000 		.4byte	0x6b
 650 0180 00000000 		.4byte	.LFB5
 651 0184 14000000 		.4byte	.LFE5-.LFB5
 652 0188 01       		.uleb128 0x1
 653 0189 9C       		.byte	0x9c
 654 018a 0B       		.uleb128 0xb
 655 018b 23020000 		.4byte	.LASF26
 656 018f 01       		.byte	0x1
 657 0190 EE       		.byte	0xee
 658 0191 6B000000 		.4byte	0x6b
 659 0195 80000000 		.4byte	.LLST4
 660 0199 00       		.byte	0
 661 019a 00       		.byte	0
 662              		.section	.debug_abbrev,"",%progbits
 663              	.Ldebug_abbrev0:
 664 0000 01       		.uleb128 0x1
 665 0001 11       		.uleb128 0x11
 666 0002 01       		.byte	0x1
 667 0003 25       		.uleb128 0x25
 668 0004 0E       		.uleb128 0xe
 669 0005 13       		.uleb128 0x13
 670 0006 0B       		.uleb128 0xb
 671 0007 03       		.uleb128 0x3
 672 0008 0E       		.uleb128 0xe
 673 0009 1B       		.uleb128 0x1b
 674 000a 0E       		.uleb128 0xe
 675 000b 55       		.uleb128 0x55
 676 000c 17       		.uleb128 0x17
 677 000d 11       		.uleb128 0x11
 678 000e 01       		.uleb128 0x1
 679 000f 10       		.uleb128 0x10
 680 0010 17       		.uleb128 0x17
 681 0011 00       		.byte	0
 682 0012 00       		.byte	0
 683 0013 02       		.uleb128 0x2
 684 0014 24       		.uleb128 0x24
 685 0015 00       		.byte	0
 686 0016 0B       		.uleb128 0xb
 687 0017 0B       		.uleb128 0xb
 688 0018 3E       		.uleb128 0x3e
ARM GAS  C:\Users\victo\AppData\Local\Temp\ccRFBt6R.s 			page 32


 689 0019 0B       		.uleb128 0xb
 690 001a 03       		.uleb128 0x3
 691 001b 0E       		.uleb128 0xe
 692 001c 00       		.byte	0
 693 001d 00       		.byte	0
 694 001e 03       		.uleb128 0x3
 695 001f 24       		.uleb128 0x24
 696 0020 00       		.byte	0
 697 0021 0B       		.uleb128 0xb
 698 0022 0B       		.uleb128 0xb
 699 0023 3E       		.uleb128 0x3e
 700 0024 0B       		.uleb128 0xb
 701 0025 03       		.uleb128 0x3
 702 0026 08       		.uleb128 0x8
 703 0027 00       		.byte	0
 704 0028 00       		.byte	0
 705 0029 04       		.uleb128 0x4
 706 002a 16       		.uleb128 0x16
 707 002b 00       		.byte	0
 708 002c 03       		.uleb128 0x3
 709 002d 0E       		.uleb128 0xe
 710 002e 3A       		.uleb128 0x3a
 711 002f 0B       		.uleb128 0xb
 712 0030 3B       		.uleb128 0x3b
 713 0031 05       		.uleb128 0x5
 714 0032 49       		.uleb128 0x49
 715 0033 13       		.uleb128 0x13
 716 0034 00       		.byte	0
 717 0035 00       		.byte	0
 718 0036 05       		.uleb128 0x5
 719 0037 35       		.uleb128 0x35
 720 0038 00       		.byte	0
 721 0039 49       		.uleb128 0x49
 722 003a 13       		.uleb128 0x13
 723 003b 00       		.byte	0
 724 003c 00       		.byte	0
 725 003d 06       		.uleb128 0x6
 726 003e 2E       		.uleb128 0x2e
 727 003f 01       		.byte	0x1
 728 0040 3F       		.uleb128 0x3f
 729 0041 19       		.uleb128 0x19
 730 0042 03       		.uleb128 0x3
 731 0043 0E       		.uleb128 0xe
 732 0044 3A       		.uleb128 0x3a
 733 0045 0B       		.uleb128 0xb
 734 0046 3B       		.uleb128 0x3b
 735 0047 0B       		.uleb128 0xb
 736 0048 27       		.uleb128 0x27
 737 0049 19       		.uleb128 0x19
 738 004a 11       		.uleb128 0x11
 739 004b 01       		.uleb128 0x1
 740 004c 12       		.uleb128 0x12
 741 004d 06       		.uleb128 0x6
 742 004e 40       		.uleb128 0x40
 743 004f 18       		.uleb128 0x18
 744 0050 9742     		.uleb128 0x2117
 745 0052 19       		.uleb128 0x19
ARM GAS  C:\Users\victo\AppData\Local\Temp\ccRFBt6R.s 			page 33


 746 0053 01       		.uleb128 0x1
 747 0054 13       		.uleb128 0x13
 748 0055 00       		.byte	0
 749 0056 00       		.byte	0
 750 0057 07       		.uleb128 0x7
 751 0058 05       		.uleb128 0x5
 752 0059 00       		.byte	0
 753 005a 03       		.uleb128 0x3
 754 005b 0E       		.uleb128 0xe
 755 005c 3A       		.uleb128 0x3a
 756 005d 0B       		.uleb128 0xb
 757 005e 3B       		.uleb128 0x3b
 758 005f 0B       		.uleb128 0xb
 759 0060 49       		.uleb128 0x49
 760 0061 13       		.uleb128 0x13
 761 0062 02       		.uleb128 0x2
 762 0063 17       		.uleb128 0x17
 763 0064 00       		.byte	0
 764 0065 00       		.byte	0
 765 0066 08       		.uleb128 0x8
 766 0067 34       		.uleb128 0x34
 767 0068 00       		.byte	0
 768 0069 03       		.uleb128 0x3
 769 006a 0E       		.uleb128 0xe
 770 006b 3A       		.uleb128 0x3a
 771 006c 0B       		.uleb128 0xb
 772 006d 3B       		.uleb128 0x3b
 773 006e 0B       		.uleb128 0xb
 774 006f 49       		.uleb128 0x49
 775 0070 13       		.uleb128 0x13
 776 0071 00       		.byte	0
 777 0072 00       		.byte	0
 778 0073 09       		.uleb128 0x9
 779 0074 2E       		.uleb128 0x2e
 780 0075 00       		.byte	0
 781 0076 3F       		.uleb128 0x3f
 782 0077 19       		.uleb128 0x19
 783 0078 03       		.uleb128 0x3
 784 0079 0E       		.uleb128 0xe
 785 007a 3A       		.uleb128 0x3a
 786 007b 0B       		.uleb128 0xb
 787 007c 3B       		.uleb128 0x3b
 788 007d 0B       		.uleb128 0xb
 789 007e 27       		.uleb128 0x27
 790 007f 19       		.uleb128 0x19
 791 0080 49       		.uleb128 0x49
 792 0081 13       		.uleb128 0x13
 793 0082 11       		.uleb128 0x11
 794 0083 01       		.uleb128 0x1
 795 0084 12       		.uleb128 0x12
 796 0085 06       		.uleb128 0x6
 797 0086 40       		.uleb128 0x40
 798 0087 18       		.uleb128 0x18
 799 0088 9742     		.uleb128 0x2117
 800 008a 19       		.uleb128 0x19
 801 008b 00       		.byte	0
 802 008c 00       		.byte	0
ARM GAS  C:\Users\victo\AppData\Local\Temp\ccRFBt6R.s 			page 34


 803 008d 0A       		.uleb128 0xa
 804 008e 05       		.uleb128 0x5
 805 008f 00       		.byte	0
 806 0090 03       		.uleb128 0x3
 807 0091 0E       		.uleb128 0xe
 808 0092 3A       		.uleb128 0x3a
 809 0093 0B       		.uleb128 0xb
 810 0094 3B       		.uleb128 0x3b
 811 0095 0B       		.uleb128 0xb
 812 0096 49       		.uleb128 0x49
 813 0097 13       		.uleb128 0x13
 814 0098 02       		.uleb128 0x2
 815 0099 18       		.uleb128 0x18
 816 009a 00       		.byte	0
 817 009b 00       		.byte	0
 818 009c 0B       		.uleb128 0xb
 819 009d 34       		.uleb128 0x34
 820 009e 00       		.byte	0
 821 009f 03       		.uleb128 0x3
 822 00a0 0E       		.uleb128 0xe
 823 00a1 3A       		.uleb128 0x3a
 824 00a2 0B       		.uleb128 0xb
 825 00a3 3B       		.uleb128 0x3b
 826 00a4 0B       		.uleb128 0xb
 827 00a5 49       		.uleb128 0x49
 828 00a6 13       		.uleb128 0x13
 829 00a7 02       		.uleb128 0x2
 830 00a8 17       		.uleb128 0x17
 831 00a9 00       		.byte	0
 832 00aa 00       		.byte	0
 833 00ab 0C       		.uleb128 0xc
 834 00ac 2E       		.uleb128 0x2e
 835 00ad 01       		.byte	0x1
 836 00ae 3F       		.uleb128 0x3f
 837 00af 19       		.uleb128 0x19
 838 00b0 03       		.uleb128 0x3
 839 00b1 0E       		.uleb128 0xe
 840 00b2 3A       		.uleb128 0x3a
 841 00b3 0B       		.uleb128 0xb
 842 00b4 3B       		.uleb128 0x3b
 843 00b5 0B       		.uleb128 0xb
 844 00b6 27       		.uleb128 0x27
 845 00b7 19       		.uleb128 0x19
 846 00b8 49       		.uleb128 0x49
 847 00b9 13       		.uleb128 0x13
 848 00ba 11       		.uleb128 0x11
 849 00bb 01       		.uleb128 0x1
 850 00bc 12       		.uleb128 0x12
 851 00bd 06       		.uleb128 0x6
 852 00be 40       		.uleb128 0x40
 853 00bf 18       		.uleb128 0x18
 854 00c0 9742     		.uleb128 0x2117
 855 00c2 19       		.uleb128 0x19
 856 00c3 00       		.byte	0
 857 00c4 00       		.byte	0
 858 00c5 00       		.byte	0
 859              		.section	.debug_loc,"",%progbits
ARM GAS  C:\Users\victo\AppData\Local\Temp\ccRFBt6R.s 			page 35


 860              	.Ldebug_loc0:
 861              	.LLST0:
 862 0000 00000000 		.4byte	.LVL0
 863 0004 06000000 		.4byte	.LVL1
 864 0008 0100     		.2byte	0x1
 865 000a 50       		.byte	0x50
 866 000b 06000000 		.4byte	.LVL1
 867 000f 14000000 		.4byte	.LFE0
 868 0013 0400     		.2byte	0x4
 869 0015 F3       		.byte	0xf3
 870 0016 01       		.uleb128 0x1
 871 0017 50       		.byte	0x50
 872 0018 9F       		.byte	0x9f
 873 0019 00000000 		.4byte	0
 874 001d 00000000 		.4byte	0
 875              	.LLST1:
 876 0021 00000000 		.4byte	.LVL2
 877 0025 06000000 		.4byte	.LVL3
 878 0029 0100     		.2byte	0x1
 879 002b 50       		.byte	0x50
 880 002c 06000000 		.4byte	.LVL3
 881 0030 18000000 		.4byte	.LFE1
 882 0034 0400     		.2byte	0x4
 883 0036 F3       		.byte	0xf3
 884 0037 01       		.uleb128 0x1
 885 0038 50       		.byte	0x50
 886 0039 9F       		.byte	0x9f
 887 003a 00000000 		.4byte	0
 888 003e 00000000 		.4byte	0
 889              	.LLST2:
 890 0042 00000000 		.4byte	.LVL4
 891 0046 08000000 		.4byte	.LVL7
 892 004a 0100     		.2byte	0x1
 893 004c 50       		.byte	0x50
 894 004d 08000000 		.4byte	.LVL7
 895 0051 14000000 		.4byte	.LFE4
 896 0055 0400     		.2byte	0x4
 897 0057 F3       		.byte	0xf3
 898 0058 01       		.uleb128 0x1
 899 0059 50       		.byte	0x50
 900 005a 9F       		.byte	0x9f
 901 005b 00000000 		.4byte	0
 902 005f 00000000 		.4byte	0
 903              	.LLST3:
 904 0063 04000000 		.4byte	.LVL5
 905 0067 06000000 		.4byte	.LVL6
 906 006b 0B00     		.2byte	0xb
 907 006d 70       		.byte	0x70
 908 006e 00       		.sleb128 0
 909 006f 0A       		.byte	0xa
 910 0070 FFFF     		.2byte	0xffff
 911 0072 1A       		.byte	0x1a
 912 0073 20       		.byte	0x20
 913 0074 73       		.byte	0x73
 914 0075 00       		.sleb128 0
 915 0076 1A       		.byte	0x1a
 916 0077 9F       		.byte	0x9f
ARM GAS  C:\Users\victo\AppData\Local\Temp\ccRFBt6R.s 			page 36


 917 0078 00000000 		.4byte	0
 918 007c 00000000 		.4byte	0
 919              	.LLST4:
 920 0080 08000000 		.4byte	.LVL8
 921 0084 0C000000 		.4byte	.LVL9
 922 0088 0100     		.2byte	0x1
 923 008a 50       		.byte	0x50
 924 008b 0C000000 		.4byte	.LVL9
 925 008f 14000000 		.4byte	.LFE5
 926 0093 0400     		.2byte	0x4
 927 0095 72       		.byte	0x72
 928 0096 00       		.sleb128 0
 929 0097 06       		.byte	0x6
 930 0098 9F       		.byte	0x9f
 931 0099 00000000 		.4byte	0
 932 009d 00000000 		.4byte	0
 933              		.section	.debug_aranges,"",%progbits
 934 0000 44000000 		.4byte	0x44
 935 0004 0200     		.2byte	0x2
 936 0006 00000000 		.4byte	.Ldebug_info0
 937 000a 04       		.byte	0x4
 938 000b 00       		.byte	0
 939 000c 0000     		.2byte	0
 940 000e 0000     		.2byte	0
 941 0010 00000000 		.4byte	.LFB0
 942 0014 14000000 		.4byte	.LFE0-.LFB0
 943 0018 00000000 		.4byte	.LFB1
 944 001c 18000000 		.4byte	.LFE1-.LFB1
 945 0020 00000000 		.4byte	.LFB2
 946 0024 10000000 		.4byte	.LFE2-.LFB2
 947 0028 00000000 		.4byte	.LFB3
 948 002c 10000000 		.4byte	.LFE3-.LFB3
 949 0030 00000000 		.4byte	.LFB4
 950 0034 14000000 		.4byte	.LFE4-.LFB4
 951 0038 00000000 		.4byte	.LFB5
 952 003c 14000000 		.4byte	.LFE5-.LFB5
 953 0040 00000000 		.4byte	0
 954 0044 00000000 		.4byte	0
 955              		.section	.debug_ranges,"",%progbits
 956              	.Ldebug_ranges0:
 957 0000 00000000 		.4byte	.LFB0
 958 0004 14000000 		.4byte	.LFE0
 959 0008 00000000 		.4byte	.LFB1
 960 000c 18000000 		.4byte	.LFE1
 961 0010 00000000 		.4byte	.LFB2
 962 0014 10000000 		.4byte	.LFE2
 963 0018 00000000 		.4byte	.LFB3
 964 001c 10000000 		.4byte	.LFE3
 965 0020 00000000 		.4byte	.LFB4
 966 0024 14000000 		.4byte	.LFE4
 967 0028 00000000 		.4byte	.LFB5
 968 002c 14000000 		.4byte	.LFE5
 969 0030 00000000 		.4byte	0
 970 0034 00000000 		.4byte	0
 971              		.section	.debug_line,"",%progbits
 972              	.Ldebug_line0:
 973 0000 CA000000 		.section	.debug_str,"MS",%progbits,1
ARM GAS  C:\Users\victo\AppData\Local\Temp\ccRFBt6R.s 			page 37


 973      02004500 
 973      00000201 
 973      FB0E0D00 
 973      01010101 
 974              	.LASF15:
 975 0000 72656733 		.ascii	"reg32\000"
 975      3200
 976              	.LASF22:
 977 0006 46575F4C 		.ascii	"FW_LED_SetInterruptMode\000"
 977      45445F53 
 977      6574496E 
 977      74657272 
 977      7570744D 
 978              	.LASF24:
 979 001e 46575F4C 		.ascii	"FW_LED_ClearInterrupt\000"
 979      45445F43 
 979      6C656172 
 979      496E7465 
 979      72727570 
 980              	.LASF19:
 981 0034 76616C75 		.ascii	"value\000"
 981      6500
 982              	.LASF20:
 983 003a 46575F4C 		.ascii	"FW_LED_Read\000"
 983      45445F52 
 983      65616400 
 984              	.LASF12:
 985 0046 666C6F61 		.ascii	"float\000"
 985      7400
 986              	.LASF1:
 987 004c 756E7369 		.ascii	"unsigned char\000"
 987      676E6564 
 987      20636861 
 987      7200
 988              	.LASF30:
 989 005a 64725661 		.ascii	"drVal\000"
 989      6C00
 990              	.LASF5:
 991 0060 6C6F6E67 		.ascii	"long unsigned int\000"
 991      20756E73 
 991      69676E65 
 991      6420696E 
 991      7400
 992              	.LASF3:
 993 0072 73686F72 		.ascii	"short unsigned int\000"
 993      7420756E 
 993      7369676E 
 993      65642069 
 993      6E7400
 994              	.LASF13:
 995 0085 646F7562 		.ascii	"double\000"
 995      6C6500
 996              	.LASF10:
 997 008c 75696E74 		.ascii	"uint16\000"
 997      313600
 998              	.LASF17:
 999 0093 46575F4C 		.ascii	"FW_LED_Write\000"
ARM GAS  C:\Users\victo\AppData\Local\Temp\ccRFBt6R.s 			page 38


 999      45445F57 
 999      72697465 
 999      00
 1000              	.LASF23:
 1001 00a0 706F7369 		.ascii	"position\000"
 1001      74696F6E 
 1001      00
 1002              	.LASF11:
 1003 00a9 75696E74 		.ascii	"uint32\000"
 1003      333200
 1004              	.LASF25:
 1005 00b0 696E7472 		.ascii	"intrCfg\000"
 1005      43666700 
 1006              	.LASF8:
 1007 00b8 756E7369 		.ascii	"unsigned int\000"
 1007      676E6564 
 1007      20696E74 
 1007      00
 1008              	.LASF21:
 1009 00c5 46575F4C 		.ascii	"FW_LED_ReadDataReg\000"
 1009      45445F52 
 1009      65616444 
 1009      61746152 
 1009      656700
 1010              	.LASF7:
 1011 00d8 6C6F6E67 		.ascii	"long long unsigned int\000"
 1011      206C6F6E 
 1011      6720756E 
 1011      7369676E 
 1011      65642069 
 1012              	.LASF27:
 1013 00ef 474E5520 		.ascii	"GNU C 4.9.3 20150303 (release) [ARM/embedded-4_9-br"
 1013      4320342E 
 1013      392E3320 
 1013      32303135 
 1013      30333033 
 1014 0122 616E6368 		.ascii	"anch revision 221220] -mcpu=cortex-m0 -mthumb -g -O"
 1014      20726576 
 1014      6973696F 
 1014      6E203232 
 1014      31323230 
 1015 0155 73202D66 		.ascii	"s -ffunction-sections -finline-functions -flto -ffa"
 1015      66756E63 
 1015      74696F6E 
 1015      2D736563 
 1015      74696F6E 
 1016 0188 742D6C74 		.ascii	"t-lto-objects -fno-strict-aliasing\000"
 1016      6F2D6F62 
 1016      6A656374 
 1016      73202D66 
 1016      6E6F2D73 
 1017              	.LASF18:
 1018 01ab 6D6F6465 		.ascii	"mode\000"
 1018      00
 1019              	.LASF29:
 1020 01b0 433A5C55 		.ascii	"C:\\Users\\victo\\OneDrive\\Documents\\PSoC Creator"
 1020      73657273 
ARM GAS  C:\Users\victo\AppData\Local\Temp\ccRFBt6R.s 			page 39


 1020      5C766963 
 1020      746F5C4F 
 1020      6E654472 
 1021 01de 5C435950 		.ascii	"\\CYPD4225-40LQXI_0805\\CYPD4225-40LQXI_notebook01."
 1021      44343232 
 1021      352D3430 
 1021      4C515849 
 1021      5F303830 
 1022 020f 63796473 		.ascii	"cydsn\000"
 1022      6E00
 1023              	.LASF6:
 1024 0215 6C6F6E67 		.ascii	"long long int\000"
 1024      206C6F6E 
 1024      6720696E 
 1024      7400
 1025              	.LASF26:
 1026 0223 6D61736B 		.ascii	"maskedStatus\000"
 1026      65645374 
 1026      61747573 
 1026      00
 1027              	.LASF14:
 1028 0230 63686172 		.ascii	"char\000"
 1028      00
 1029              	.LASF28:
 1030 0235 2E5C4765 		.ascii	".\\Generated_Source\\PSoC4\\FW_LED.c\000"
 1030      6E657261 
 1030      7465645F 
 1030      536F7572 
 1030      63655C50 
 1031              	.LASF2:
 1032 0257 73686F72 		.ascii	"short int\000"
 1032      7420696E 
 1032      7400
 1033              	.LASF9:
 1034 0261 75696E74 		.ascii	"uint8\000"
 1034      3800
 1035              	.LASF4:
 1036 0267 6C6F6E67 		.ascii	"long int\000"
 1036      20696E74 
 1036      00
 1037              	.LASF16:
 1038 0270 46575F4C 		.ascii	"FW_LED_SetDriveMode\000"
 1038      45445F53 
 1038      65744472 
 1038      6976654D 
 1038      6F646500 
 1039              	.LASF0:
 1040 0284 7369676E 		.ascii	"signed char\000"
 1040      65642063 
 1040      68617200 
 1041              		.comm	__gnu_lto_v1,1,1
 1042              		.ident	"GCC: (GNU Tools for ARM Embedded Processors) 4.9.3 20150303 (release) [ARM/embedded-4_9-br
