ARM GAS  C:\Users\victo\AppData\Local\Temp\cccMNN5s.s 			page 1


   1              		.cpu cortex-m0
   2              		.fpu softvfp
   3              		.eabi_attribute 20, 1
   4              		.eabi_attribute 21, 1
   5              		.eabi_attribute 23, 3
   6              		.eabi_attribute 24, 1
   7              		.eabi_attribute 25, 1
   8              		.eabi_attribute 26, 1
   9              		.eabi_attribute 30, 4
  10              		.eabi_attribute 34, 0
  11              		.eabi_attribute 18, 4
  12              		.code	16
  13              		.file	"HPD_P1.c"
  14              		.text
  15              	.Ltext0:
  16              		.section	.gnu.lto_.profile.2133b2b5,"",%progbits
  17 0000 789C6366 		.ascii	"x\234cf```a\200\000F\006uE\000\000\343\000Q"
  17      60606061 
  17      80004606 
  17      75450000 
  17      E30051
  18              		.text
  19              		.section	.gnu.lto_.jmpfuncs.2133b2b5,"",%progbits
  20 0000 789C6366 		.ascii	"x\234cf\300\016d\2404\033\003##c=#\210`b``f``abdd\256"
  20      C00E64A0 
  20      341B0323 
  20      23633D23 
  20      88606260 
  21 001d AF6705CA 		.ascii	"\257g\005\312\001\000 \267\002>"
  21      010020B7 
  21      023E
  22              		.text
  23              		.section	.gnu.lto_.inline.2133b2b5,"",%progbits
  24 0000 789C6366 		.ascii	"x\234cf\300\016f@i6\006\006\016vFF\006F\006\006f\216"
  24      C00E6640 
  24      69360606 
  24      0E764646 
  24      06460606 
  25 0016 03760C6C 		.ascii	"\003v\014l\013\344\231\030\230.\360\263\200$\031\031"
  25      0BE49918 
  25      982EF0B3 
  25      80241919 
  26 0026 3839D0E5 		.ascii	"89\320\345X\026\310\203\345\230\030\330X\031\031\230"
  26      5816C883 
  26      E59818D8 
  26      58191998 
  27 0036 D83EE841 		.ascii	"\330>\350A\304\201\200\031S\210\005d\002\023\310\004"
  27      C4818019 
  27      53880564 
  27      0213C804 
  28 0046 A0390C2C 		.ascii	"\2409\014,\2506\000\011\036\220\"V\006v6\240>\270$\010"
  28      A8360009 
  28      1E902256 
  28      067636A0 
  28      3EB82408 
  29 005a 0000BE90 		.ascii	"\000\000\276\220\017\254"
  29      0FAC
ARM GAS  C:\Users\victo\AppData\Local\Temp\cccMNN5s.s 			page 2


  30              		.text
  31              		.section	.gnu.lto_.pureconst.2133b2b5,"",%progbits
  32 0000 789C6366 		.ascii	"x\234cf``\340e\200\0006\006)F)&)f)\026)V)\000\005\261"
  32      6060E065 
  32      80003606 
  32      29462926 
  32      29662916 
  33 001a 00C2     		.ascii	"\000\302"
  34              		.text
  35              		.section	.gnu.lto_HPD_P1_SetDriveMode.2133b2b5,"",%progbits
  36 0000 789C7D51 		.ascii	"x\234}QM(DQ\030\375\316}o\336\230\344'\313Y\252!%\245"
  36      4D284451 
  36      18FDCE7D 
  36      6FDE98E4 
  36      27CB59AA 
  37 0017 D82B8AE5 		.ascii	"\330+\212\345\224\355\324\020\257l\230\022kw~\026\262"
  37      94EDD410 
  37      AF6C9812 
  37      6B777E16 
  37      B2
  38 0028 1A122659 		.ascii	"\032\022&YI~\306_Y\240,^\222,D,\320\344ga\204\035\215"
  38      497EC65F 
  38      59A02C5E 
  38      922C442C 
  38      D0E46761 
  39 003f 300B3DDF 		.ascii	"0\013=\33773;\345\326\375\356wO\347\234w\336w\015\372"
  39      37333BE5 
  39      D6FDEE77 
  39      4FE79C77 
  39      DE770DFA 
  40 0053 BBFCBC0F 		.ascii	"\273\374\274\017@\324\300'\014\202J\236\021E\313\024"
  40      40D4C027 
  40      0C824A9E 
  40      1145CB14 
  41 0063 200D81C6 		.ascii	" \015\201\306\024\306\360\252\336\025\222Nz\256\274"
  41      14C6F0AA 
  41      DE15924E 
  41      7AAEBC
  42 0072 7E496BFD 		.ascii	"~Ik\375\026\333\031\320\323=yE\224SE\037,\243\2369\317"
  42      16DB19D0 
  42      D33D7945 
  42      9453451F 
  42      2CA39E39 
  43 0087 F9D7E50A 		.ascii	"\371\327\345\012#\000\342\376g\362\372R\005\026\265"
  43      2300E2FE 
  43      67F2FA52 
  43      0516B5
  44 0096 8E39A79B 		.ascii	"\2169\247\233\272\015y6]\201\301\0124\372\321\340'\006"
  44      BA0D7936 
  44      5D81C10A 
  44      34FAD1E0 
  44      2706
  45 00a8 08AB0808 		.ascii	"\010\253\010\010\371=\361s]n%\330\274\272\350\2115X"
  45      F93DF173 
  45      5D6E25D8 
  45      BCBAE889 
  45      3558
ARM GAS  C:\Users\victo\AppData\Local\Temp\cccMNN5s.s 			page 3


  46 00ba 9C8BB66A 		.ascii	"\234\213\266j\034\355\272\271\323\213\227:\370\024k"
  46      1CEDBAB9 
  46      D38B973A 
  46      F8146B
  47 00c9 9421C584 		.ascii	"\224!\305\204(=\322ZR\274R\210\262\274%\370\023_\370"
  47      283DD25A 
  47      52BC5288 
  47      B2BC25F8 
  47      135FF8
  48 00dc 343238FC 		.ascii	"428\374\234\270JY\342\366\245\344/\356\216\356\366*"
  48      9CB84A59 
  48      E2F6A5E4 
  48      2FEE8EEE 
  48      F62A
  49 00ee 5F545E19 		.ascii	"_T^\031\343\211\2446\345\333\017\331\363\213\262\002"
  49      E389A436 
  49      E5DB0FD9 
  49      F38BB202 
  50 00fe 4472DDCF 		.ascii	"Dr\335\317\3158\276\005\314G\023\034\331D\032~\254\203"
  50      CD38BE05 
  50      CC47131C 
  50      D9441A7E 
  50      AC83
  51 0110 E7840D2C 		.ascii	"\347\204\015,\2002\210\177\227\354\214\242c\3642\236"
  51      8032887F 
  51      97EC8CA2 
  51      63F4329E 
  52 0120 82C895FB 		.ascii	"\202\310\225\373\350\272U\204Mfg\020\273\367\026i\236"
  52      E8BA5584 
  52      4D666710 
  52      BBF71669 
  52      9E
  53 0131 2F658AEC 		.ascii	"/e\212\354\266$\023\210e7'\263\255\242\362\370\010["
  53      B6241388 
  53      653727B3 
  53      ADA2F2F8 
  53      085B
  54 0143 0545FCA3 		.ascii	"\005E\374\243\304\360\026\274-\206\016\247 \320\177"
  54      C4F016BC 
  54      2D860EA7 
  54      20D07F
  55 0152 A9B63915 		.ascii	"\251\2669\025K\350\036Qg\367X\011]\036$\313\303\345"
  55      4BE81E51 
  55      67F75809 
  55      5D1E24CB 
  55      C3E5
  56 0164 09F03C6A 		.ascii	"\011\360<j\233B\235\366\220=\334;b\367\207\273#\243"
  56      9B429DF6 
  56      903DDC3B 
  56      62F787BB 
  56      23A3
  57 0176 C37D7628 		.ascii	"\303}v(\330\035io\011u\005;\302\301\346\246>2\007#\375"
  57      D81D696F 
  57      0975053B 
  57      C2C1E6A6 
  57      3E320723 
  58 018b F62F99B8 		.ascii	"\366/\231\270\245\277"
ARM GAS  C:\Users\victo\AppData\Local\Temp\cccMNN5s.s 			page 4


  58      A5BF
  59              		.text
  60              		.section	.gnu.lto_HPD_P1_Write.2133b2b5,"",%progbits
  61 0000 789C6552 		.ascii	"x\234eRMh\023A\030\2357\223\315n]\245\342\251\344\""
  61      4D681341 
  61      189D3793 
  61      CD6E5DA5 
  61      E2A9E422 
  62 0014 584211A5 		.ascii	"XB\021\245(x\353EP\250\307`\301S\260\204v\017B\261\020"
  62      2878EB45 
  62      50A8C760 
  62      C153B084 
  62      760F42B1 
  63 0029 6CAF9DD4 		.ascii	"l\257\235\324\265\321\036J\024)\001i\244\376\340O4\255"
  63      B5D11E4A 
  63      14290169 
  63      A4FEE04F 
  63      34AD
  64 003b 9622E225 		.ascii	"\226\"\342%\364\340\315J.\265-!\2664\005\013=\330\244"
  64      F4E0CD4A 
  64      2EB52D21 
  64      B634050B 
  64      3DD8A4
  65 004e B4E6A0F1 		.ascii	"\264\346\240\361\373v.\006\207\235\237}\373\336\233"
  65      FB762E06 
  65      879D9F7D 
  65      FBDE9B
  66 005d 37DFAC12 		.ascii	"7\337\254\022\377\267\010\365\033R\210s4C\011\310\314"
  66      FFB708F5 
  66      1B528873 
  66      344309C8 
  66      CC
  67 006e B2102947 		.ascii	"\262\020)G\002\274\020\020c\022c\330\221{\022\231b>"
  67      02BC1010 
  67      631263D8 
  67      917B1299 
  67      623E
  68 0080 EB763DD7 		.ascii	"\353v=\327Z\377\254}\352\270\323\321 Y]\032\033\274"
  68      5AFFAC7D 
  68      EAB8D3D1 
  68      20595D1A 
  68      1BBC
  69 0092 401751EA 		.ascii	"@\027Q\352y\375P\251(\004\255\347K_\376\330\321\247"
  69      79FD50A9 
  69      2804ADE7 
  69      4B5FFED8 
  69      D1A7
  70 00a4 5A8F173F 		.ascii	"Z\217\027?\026\364E4\310\363%\024)p6\202\323\021A\200"
  70      16F44534 
  70      C8F32514 
  70      29703682 
  70      D3114180 
  71 00b8 C02B4499 		.ascii	"\300+D\231\\\233\316\037Hu&\020n>\331zlw\316\222pcg"
  71      5C9BCE1F 
  71      48752610 
  71      6E3ED97A 
  71      6C77CE92 
ARM GAS  C:\Users\victo\AppData\Local\Temp\cccMNN5s.s 			page 5


  72 00cf EBB3ABB3 		.ascii	"\353\263\253\263\332\337h6O\262\376\365\277z\323H\260"
  72      DADF6836 
  72      4FB2FEF5 
  72      BF7AD348 
  72      B0
  73 00e0 E7FFFEE6 		.ascii	"\347\377\376\346\206}\012v\034yt\232Px\2030hbd\356D"
  73      867D0A76 
  73      1C79749A 
  73      50788330 
  73      686264EE 
  74 00f5 51379B0B 		.ascii	"Q7\233\013\373\367\357\366\300\225\264\261T4\250\220"
  74      FBF7EFF6 
  74      C095B4B1 
  74      5434A890 
  75 0105 E08F1638 		.ascii	"\340\217\0268D\230\001\233\007'@\333\230%D\225:\027"
  75      4498019B 
  75      072740DB 
  75      98254495 
  75      3A17
  76 0117 629B5E68 		.ascii	"b\233^hV\353X:\230\\\316\215\262\373\241\344\252\244"
  76      56EB583A 
  76      985CCE8D 
  76      B2FBA1E4 
  76      AAA4
  77 0129 EF7D583B 		.ascii	"\357}X;\372C6dH\373\031\035\342<\337\253_KN\000\005"
  77      FA433664 
  77      48FB191D 
  77      E23CDFAB 
  77      5F4B4E00 
  78 013e F1B6771B 		.ascii	"\361\266w\033\265#3x\224\362\251\006\026\336\"\202\002"
  78      B5233378 
  78      94F2A906 
  78      16DE2282 
  78      02
  79 014f 283EE630 		.ascii	"(>\3460\003\261\216\361\325tY\032CE\236\204\334\376"
  79      03B18EF1 
  79      D574591A 
  79      43459E84 
  79      DCFE
  80 0161 35518641 		.ascii	"5Q\206AB\004\222G)\273\270\350\262\245:\244\242\315"
  80      42049247 
  80      29BBB8E8 
  80      B2A53AA4 
  80      A2CD
  81 0173 937C0581 		.ascii	"\223|\005\201\206\263\022\213E\345\211\225\334u\243"
  81      86B3128B 
  81      45E58995 
  81      DC75A3
  82 0182 A2C722D5 		.ascii	"\242\307\"\325T\341Y\275=P\321\315\276#Q\213\265M<\""
  82      54E159BD 
  82      3D50D1CD 
  82      BE23518B 
  82      B54D3C22 
  83 0196 ADCEEE4E 		.ascii	"\255\316\356N\037c\022\350\344\357\015i?l(N\020\300"
  83      1F6312E8 
  83      E4EF0D69 
  83      3F6C284E 
ARM GAS  C:\Users\victo\AppData\Local\Temp\cccMNN5s.s 			page 6


  83      10C0
  84 01a8 6EDDCCE1 		.ascii	"n\335\314\341\314\225t%w\325\220\332\014\264\364`\263"
  84      CC957425 
  84      77D590DA 
  84      0CB4F460 
  84      B3
  85 01b9 9D819613 		.ascii	"\235\201\226\023\247\212V\353\231\027\350\314$\021\025"
  85      A78A56EB 
  85      9917E8CC 
  85      241115
  86 01c8 A48A6BBD 		.ascii	"\244\212k\275\314\347K\254\322\257@\345\245b\237\352"
  86      CCE74BAC 
  86      D2AF40E5 
  86      A5629FEA 
  87 01d8 8EF77A37 		.ascii	"\216\367z7\275d\342\2267\330\3377<\222\034\360\342\261"
  87      BD64E296 
  87      37D8DF37 
  87      3C921CF0 
  87      E2B1
  88 01ea BEE14B17 		.ascii	"\276\341K\027\342Wb\227\373c\347\273\007\2045\232\030"
  88      E2576297 
  88      FB63E7BB 
  88      0784359A 
  88      18
  89 01fb 1AF1ACC1 		.ascii	"\032\361\254\301\344\265\304\320_\346G\340\324"
  89      E4B5C4D0 
  89      5FE647E0 
  89      D4
  90              		.text
  91              		.section	.gnu.lto_HPD_P1_Read.2133b2b5,"",%progbits
  92 0000 789C654E 		.ascii	"x\234eN\277KBQ\030\375\316w}\362\300%\232\3021*\011"
  92      BF4B4251 
  92      18FDCE77 
  92      7DF2C025 
  92      9AC2312A 
  93 0015 4C08FA0F 		.ascii	"L\010\372\017\012j\024\334B\220\260\267&H\315^\355e"
  93      0A6A14DC 
  93      4290B0B7 
  93      2648CD5E 
  93      ED65
  94 0027 100D1254 		.ascii	"\020\015\022TC\270\025e\011nA[4K?\020\012$l1\260-1\252"
  94      43B81565 
  94      096E415B 
  94      344B3F10 
  94      0A246C31 
  95 003f 07957DD7 		.ascii	"\007\225}\327\327\326\205\373\3758\337\341\234\243\350"
  95      D7D685FB 
  95      FD38DFE1 
  95      9CA3E8
  96 004e FF0BCB9F 		.ascii	"\377\013\313\237\002\321\230t(\002\227\256\211\3626"
  96      02D19874 
  96      280297AE 
  96      89F236
  97 005d 03662050 		.ascii	"\003f P\216\221\303\013w\031\365\213\237\006\"GZ\027"
  97      8E91C30B 
  97      7719F58B 
  97      9F062247 
ARM GAS  C:\Users\victo\AppData\Local\Temp\cccMNN5s.s 			page 7


  97      5A17
  98 006f 5E0B8DC7 		.ascii	"^\013\215\307\320\306\210\307D=&D\303\2304:8F\204\204"
  98      D0C688C7 
  98      443D2644 
  98      C398343A 
  98      38468484 
  99 0083 D875BF1F 		.ascii	"\330u\277\037BAWk=d\356r8AP<\2506|\251\373\375^}\247"
  99      4241576B 
  99      3D64EE72 
  99      3841503C 
  99      A8367CA9 
 100 009c 33C14126 		.ascii	"3\301A&\217\305QJ\300\024\213\214\034\265\245\030\347"
 100      8FC5514A 
 100      C0148B8C 
 100      1CB5A518 
 100      E7
 101 00ad 6766D355 		.ascii	"gf\323U\023W\357[\367\225E#\361\301&F\371\274\262\257"
 101      1357EF5B 
 101      F7954523 
 101      F1C12646 
 101      F9BCB2AF 
 102 00c1 3AEC31BB 		.ascii	":\3541\273nI\007\214\341S\373\346\316\036@d\326\332"
 102      6E49078C 
 102      E153FBE6 
 102      CE1E4064 
 102      D6DA
 103 00d3 ED76C72E 		.ascii	"\355v\307.\343 \357\302c\205\012\3028\205\004\304\031"
 103      E320EFC2 
 103      63850AC2 
 103      388504C4 
 103      19
 104 00e4 CAA026D6 		.ascii	"\312\240&\326?\213_\312\027T\276\346\341\356^\3252\002"
 104      3F8B5FCA 
 104      1754BEE6 
 104      E1EE5ED5 
 104      3202
 105 00f6 B00955E1 		.ascii	"\260\011U\341\012\251U|\263|R@x\0307`\241\265\031\365"
 105      0AA9557C 
 105      B37C5240 
 105      78183760 
 105      A1B519F5 
 106 010a 314B606A 		.ascii	"1K`j\001\177\333 9Lb\2110\032K\316;+Nvi\325YN%2k\331"
 106      017FDB20 
 106      394C6289 
 106      301A4BCE 
 106      3B2B4E76 
 107 0126 B4938C27 		.ascii	"\264\223\214'2\2633\311\205\370\\*>\035K\323/\034\""
 107      32B333C9 
 107      85F85C2A 
 107      3E1D4BD3 
 107      2F1C22
 108 0139 7321     		.ascii	"s!"
 109              		.text
 110              		.section	.gnu.lto_HPD_P1_ReadDataReg.2133b2b5,"",%progbits
 111 0000 789C654E 		.ascii	"x\234eN\277KBa\024\275\347>\237H6DS8F!\201\011Q\377"
 111      BF4B4261 
 111      14BDE73E 
ARM GAS  C:\Users\victo\AppData\Local\Temp\cccMNN5s.s 			page 8


 111      9F483644 
 111      53384621 
 112 0018 41418D82 		.ascii	"AA\215\202[\010\022\366\326\004\251\331O{)5IPK\270\025"
 112      5B0812F6 
 112      D604A9D9 
 112      4F7B2935 
 112      49504BB8 
 113 002d FD121AA3 		.ascii	"\375\022\032\243-\234\243\210\206P\342\265h\0304d\206"
 113      2D9CA388 
 113      8650E2B5 
 113      68183464 
 113      86
 114 003e F5A0B2FB 		.ascii	"\365\240\262\373\371\332\372\340\273?\316=\234s\014"
 114      F9DAFAE0 
 114      BB3FCE3D 
 114      9C730C
 115 004d FAFF42F2 		.ascii	"\372\377B\362'A4&\035\006\201K\327D\271\000\003z P\226"
 115      27413426 
 115      1D06814B 
 115      D744B900 
 115      037A2050 
 116 0062 91C533B7 		.ascii	"\221\3053\267\031W\027?w\010\037(\225\177\255\326\036"
 116      1957173F 
 116      77081F28 
 116      957FADD6 
 116      1E
 117 0073 821B232E 		.ascii	"\202\033#.\023u\230\020\011aB\353\340\020a\022b\333"
 117      13759810 
 117      096142EB 
 117      E0106112 
 117      62DB
 118 0085 FEBE0FFA 		.ascii	"\376\276\017\372m\245\324\220\276\313\341\010~\361\240"
 118      6DA5D490 
 118      BECBE108 
 118      7EF1A0
 119 0094 B3E14BD5 		.ascii	"\263\341K\325\353u\236\266[\323\354grY\034\245\370t"
 119      EB759EB6 
 119      5BD3EC67 
 119      72591CA5 
 119      F874
 120 00a6 3149CB51 		.ascii	"1I\313QC\212vn2\353n\324Q\355nu+\213Z\342\203u\214\342"
 120      438A766E 
 120      32EB6ED4 
 120      51ED6E75 
 120      2B8B5AE2 
 121 00be E6796DB0 		.ascii	"\346ym\260\305.\263\262K\312\247\015\037\0337\267\201"
 121      C52EB3B2 
 121      4BCAA70D 
 121      1F1B37B7 
 121      81
 122 00cf 3E447A6D 		.ascii	">Dzm\276\270o\003e\354\345l\270l\340\030!\234@\002\342"
 122      BEB86F03 
 122      65ECE56C 
 122      B86CE018 
 122      219C4002 
 123 00e4 1465501D 		.ascii	"\024eP\035\353\237\205/\303\0234<\315\375\235\335\212"
 123      EB9F852F 
ARM GAS  C:\Users\victo\AppData\Local\Temp\cccMNN5s.s 			page 9


 123      C313343C 
 123      CDFD9DDD 
 123      8A
 124 00f5 A9051020 		.ascii	"\251\005\020 T\204+$\247\360nz$\237\3600\256\301\274"
 124      54842B24 
 124      A7F06E7A 
 124      249FF030 
 124      AEC1BC
 125 0108 538C7898 		.ascii	"S\214x\230)09\300\337\326O\016\235X\"\214F\023\363\326"
 125      293039C0 
 125      DFD64F0E 
 125      9D58228C 
 125      4613F3D6 
 126 011c 8A95595A 		.ascii	"\212\225YZ\265\226\223\361\364Z&e%b\361\364\354Lb!6"
 126      B59693F1 
 126      F45A2665 
 126      2562F1F4 
 126      EC4C6221 
 127 0131 978C4D45 		.ascii	"\227\214MES\364\013E@t\216"
 127      53F40B45 
 127      40748E
 128              		.text
 129              		.section	.gnu.lto_HPD_P1_SetInterruptMode.2133b2b5,"",%progbits
 130 0000 789C6D91 		.ascii	"x\234m\221Oh\023A\024\306\347\315\354n6M\304\"\010%"
 130      4F681341 
 130      14C6E7CD 
 130      EC6E364D 
 130      C4220825 
 131 0014 17C5127A 		.ascii	"\027\305\022z\020\002\242'OB\005=I\240\327@\221v\225"
 131      1002A227 
 131      4F42053D 
 131      49A0D740 
 131      917695
 132 0027 1C4C24C6 		.ascii	"\034L$\306\223\207\356\3264\205\342!\324\"\305P\264"
 132      9387EED6 
 132      3485E221 
 132      D422C550 
 132      B4
 133 0038 A8B4359A 		.ascii	"\250\2645\232F\253\2429-\261hA\352?\212\205\012\261"
 133      46ABA239 
 133      2DB16841 
 133      EA3F8A85 
 133      0AB1
 134 004a D6442DD4 		.ascii	"\326D-\324\322\230h\032A\342{;\365Ptag\346\375x\357"
 134      D298681A 
 134      41E27B3B 
 134      F5507461 
 134      67E6FD78 
 135 005f 9BEFBD11 		.ascii	"\233\357\275\021\354\337\317\207\377M\316\330a\334A"
 135      ECDFCF87 
 135      FF4DCED8 
 135      61DC41
 136 006e 30E0A997 		.ascii	"0\340\251\227\214Y:\007\240\003\003\326\307\241\017"
 136      8C593A07 
 136      A00303D6 
 136      C7A10F
 137 007d 56798543 		.ascii	"Vy\205C\312\316\214z:n\231\246\271\361\275\3326\320"
ARM GAS  C:\Users\victo\AppData\Local\Temp\cccMNN5s.s 			page 10


 137      CACE8C7A 
 137      3A6E99A6 
 137      B9F1BDDA 
 137      36D0
 138 008f D6C0B22A 		.ascii	"\326\300\262*\22720\001\035\230R~<~A\370\201\341\361"
 138      97323001 
 138      1D98527E 
 138      3C7E41F8 
 138      81E1F1
 139 00a2 C5CA66D5 		.ascii	"\305\312f\325\373\22578\264Rxu\261\\\023\024rNafv$\347"
 139      FB953738 
 139      B4527875 
 139      B15C1314 
 139      724E6166 
 140 00b9 F2DF30CD 		.ascii	"\362\3370\315~{>g\036A.`\022\004\312\301\024\370\340"
 140      7E7B3E67 
 140      1E412E60 
 140      1204CAC1 
 140      14F8E0
 141 00cc 36F81822 		.ascii	"6\370\030\"\006\031\360c\366\227\306\352\304\016\021"
 141      0619F063 
 141      F697C6EA 
 141      C40E11
 142 00db 707457AC 		.ascii	"ptW\254k?<\262r\375o\345\235\377T\336\005?\245\277~"
 142      6B3F3CB2 
 142      72FD6FE5 
 142      9DFF54DE 
 142      053FA5BF 
 143 00f0 3AF24915 		.ascii	":\362I\025\007\235\322'\331\332\274\307\261\264\227"
 143      079DD227 
 143      D9DABCC7 
 143      B1B497
 144 00ff C2FCF0DC 		.ascii	"\302\374\360\334\250\346XR(\374v\245\220\346\355\343"
 144      A8E65852 
 144      28FC76A5 
 144      90E6EDE3 
 145 010f 28BC3C35 		.ascii	"(\274<5\370\334k\316\231\211\345fsO\203+\220\225\372"
 145      F8DC6BCE 
 145      9989E566 
 145      734F832B 
 145      9095FA
 146 0122 D3A89F03 		.ascii	"\323\250\237\003\337\326\344\260\244\222\370\275\350"
 146      DFD6E4B0 
 146      A492F8BD 
 146      E8
 147 012f D1123891 		.ascii	"\321\0228\221V\270\007\355r\032p\0374\300\215\310\364"
 147      56B807ED 
 147      721A701F 
 147      34C08DC8 
 147      F4
 148 0140 2EDB6C36 		.ascii	".\333l6g\026.O\356\027^\216\306T\001\324\223BG\225\026"
 148      67162E4F 
 148      EE175E8E 
 148      C65401D4 
 148      93424795 
 149 0155 8D519E0B 		.ascii	"\215Q\236\013\310\257\216@s\023m\241\205\261\022\352"
 149      C8AF8E40 
ARM GAS  C:\Users\victo\AppData\Local\Temp\cccMNN5s.s 			page 11


 149      73136DA1 
 149      85B112EA 
 150 0165 D1339471 		.ascii	"\3213\224qh\270\213%(\374\034*\346\203tE\235\323\233"
 150      68B88B25 
 150      28FC1C2A 
 150      E6837445 
 150      9DD39B
 151 0178 64D707B2 		.ascii	"d\327\007\262:\365\340\272\224H\231N\037\037J\257\336"
 151      3AF5E0BA 
 151      9448994E 
 151      1F1F4AAF 
 151      DE
 152 0189 48E478BC 		.ascii	"H\344x\274\236~V\3319\006i+\001\015\256\303\014\366"
 152      9E7E56D9 
 152      3906692B 
 152      010DAEC3 
 152      0CF6
 153 019b F0807A80 		.ascii	"\360\200z\200\2070\006l\011\372\213\203\013\252\024"
 153      8730066C 
 153      09FA8B83 
 153      0BAA14
 154 01aa 54EA3838 		.ascii	"T\35288$\277\222\263\212$*B$\0277\223k \011\335\213"
 154      24BF92B3 
 154      8A242A42 
 154      24173793 
 154      6B2009DD 
 155 01bf 9CBD03EE 		.ascii	"\234\275\003\3564\212\346\021\312\234\317\371\267[Y"
 155      348AE611 
 155      CA9CCFF9 
 155      B75B59
 156 01ce 3A2AD5D1 		.ascii	":*\325\321\000\311\273$r#\245\264ZrMH\322\342\250\271"
 156      00C9BB24 
 156      7223A5B4 
 156      5A724D48 
 156      D2E2A8B9 
 157 01e2 1116863F 		.ascii	"\021\026\206?\356&\266\315\256e\253\333\015?B\303X\305"
 157      EE26B6CD 
 157      AE65ABDB 
 157      0D3F42C3 
 157      58C5
 158 01f4 8A60D9EF 		.ascii	"\212`\331\357OP>=C\211\003\315\006'\265/\020:fD\214"
 158      4F503E3D 
 158      438903CD 
 158      0627B52F 
 158      103A6644 
 159 0209 D8C9B8D1 		.ascii	"\330\311\270\321\333\335\025=\037\3531B\301\256h\347"
 159      DBDD153D 
 159      1FEB3142 
 159      C1AE68E7 
 160 0219 A1D0F1E0 		.ascii	"\241\320\361\340\321\356\340\201@\017\323\317F\317\205"
 160      D1EEE081 
 160      400FD3CF 
 160      46CF85
 161 0228 E3E16844 		.ascii	"\343\341hD9\023\3555\\\341H<\326y\352\364\037\004\256"
 161      3913ED35 
 161      5CE1483C 
 161      D679EAF4 
ARM GAS  C:\Users\victo\AppData\Local\Temp\cccMNN5s.s 			page 12


 161      1F04AE
 162 023b FCB3     		.ascii	"\374\263"
 163              		.text
 164              		.section	.gnu.lto_HPD_P1_ClearInterrupt.2133b2b5,"",%progbits
 165 0000 789C6590 		.ascii	"x\234e\220OHTQ\024\306\317w\356\214\363h\\D\253\230"
 165      4F485451 
 165      14C6CF77 
 165      EE8CF368 
 165      5C44AB98 
 166 0014 8DA08808 		.ascii	"\215\240\210\010!\010\255\332\026\330rp\266\0032\350"
 166      2108ADDA 
 166      16D87270 
 166      B60332E8 
 167 0024 5B890A3A 		.ascii	"[\211\012:n\365\216\275\034\312\315\220\030\201\270"
 167      6EF58EBD 
 167      1CCACD90 
 167      1881B8
 168 0033 10944C2D 		.ascii	"\020\224L-\327A\3120\204\233B\221\240Db\022T\264\215"
 168      D741CA30 
 168      849B4291 
 168      A0446212 
 168      54B48D
 169 0046 24D6D42B 		.ascii	"$\326\324+\365u\316{-\224.\274\373\347{\367\373\235"
 169      F575CE7B 
 169      2D942EBC 
 169      FBE77BF7 
 169      FB9D
 170 0058 EF1E43FF 		.ascii	"\357\036C\377\217\224|\357@\324.+\014\201K\033D\005"
 170      8F947CEF 
 170      40D42E2B 
 170      0C814B1B 
 170      4405
 171 006a 8701DD10 		.ascii	"\207\001\335\020h\2241\212\257|\302x\377\372\342\003"
 171      6894318A 
 171      AF7CC278 
 171      FFFAE203 
 172 007a 5AE6AD1D 		.ascii	"Z\346\255\035\373V\371\3639\371\360\246\317D\247L\270"
 172      FB56F9F3 
 172      39F9F0A6 
 172      CF44A74C 
 172      B8
 173 008b 9542AB72 		.ascii	"\225B\253r\360\034-$\027\247\366\036\035\3034C\367\265"
 173      F01C2D24 
 173      17A7F61E 
 173      1DC33443 
 173      F7B5
 174 009d 6062D169 		.ascii	"`b\321i\232\025\323n\265\270\236\264\317\254\267\033"
 174      9A15D36E 
 174      B5B89EB4 
 174      CFACB71B 
 175 00ad 040D62C5 		.ascii	"\004\015b\305\002\314e\267\0161\234x\347\237\222u\236"
 175      02CC65B7 
 175      0E319C78 
 175      E79F9275 
 175      9E
 176 00be B5F63A5E 		.ascii	"\265\366:^\240I\013\010y\021u\022\022\252\254\334(\333"
 176      A0490B08 
ARM GAS  C:\Users\victo\AppData\Local\Temp\cccMNN5s.s 			page 13


 176      79117512 
 176      12AAACDC 
 176      28DB
 177 00d0 20383D9E 		.ascii	" 8=\236\\\270c\034&\237%\266\317\034#\375\031\327s\202"
 177      5CB8631C 
 177      269F25B6 
 177      CF1C23FD 
 177      19D77382 
 178 00e4 3419EDCB 		.ascii	"4\031\355\313\244\2178`\326\325\354\240R{\\[\035Q\330"
 178      A48F3860 
 178      D6D5ECA0 
 178      527B5C5B 
 178      1D51D8
 179 00f7 4FD617BD 		.ascii	"O\326\027\275\371\376c\202\217\330gS\362J6\246\345\277"
 179      F9FE6382 
 179      8FD86753 
 179      F24A36A6 
 179      E5BF
 180 0109 EC6F6E39 		.ascii	"\354on9\241\024\2469<*\37763\230.x\3609\206%\244\260"
 180      A114A639 
 180      3C2AFF36 
 180      33982E78 
 180      F0398625 
 181 011f 0C498B97 		.ascii	"\014I\213\227\230\001\355`l\273x\306\021\320\010S\224"
 181      9801ED60 
 181      6CBB78C6 
 181      11D00853 
 181      94
 182 0130 07BFC6DF 		.ascii	"\007\277\306\337\"Rb\"\012cn\352\351r\\\221\354\020"
 182      22526222 
 182      0A636EEA 
 182      E9725C91 
 182      EC10
 183 0142 5E89FB23 		.ascii	"^\211\373#B\213\346\225KJ\251\026/V;#S<\222*OB\310\225"
 183      428BE695 
 183      4B4AA916 
 183      2F563B23 
 183      533C922A 
 184 015a 0885325F 		.ascii	"\010\2052_\015\261\"!\304\241U\253\343\353k\327\"BB"
 184      0DB12221 
 184      C4A155AB 
 184      E3EB6BD7 
 184      224242
 185 016d 08684E51 		.ascii	"\010hNQ\025\377r$\302f@\233 -il\313v\270\375\356`.\357"
 185      15FF7224 
 185      C266409B 
 185      202D696C 
 185      CB76B8FD 
 186 0185 F6746506 		.ascii	"\366te\006\206\007\273\335l:3p\367v\366~\372^W\272\275"
 186      8607BBDD 
 186      6C3A3370 
 186      F776F67E 
 186      FA5E57BA 
 187 019a AD9BEAFB 		.ascii	"\255\233\352\373rC\275nO&\237\313\017\017\375\005\012"
 187      7243BD6E 
 187      4F269FCB 
 187      0F0FFD05 
ARM GAS  C:\Users\victo\AppData\Local\Temp\cccMNN5s.s 			page 14


 187      0A
 188 01ab 73AEDA   		.ascii	"s\256\332"
 189              		.text
 190              		.section	.gnu.lto_.symbol_nodes.2133b2b5,"",%progbits
 191 0000 789C55C7 		.ascii	"x\234U\307;\015\000 \020D\301w\037\022tbd-\240\200\240"
 191      3B0D0020 
 191      1044C177 
 191      1F127462 
 191      642DA080 
 192 0015 084D3414 		.ascii	"\010M4\024\334t\023\300\340q\004\363\200\304\332\035"
 192      DC7413C0 
 192      E07104F3 
 192      80C4DA1D 
 193 0025 3759B9CB 		.ascii	"7Y\271\313\313CQ\236\312\362\246\366\237\013\351b\031"
 193      CB43519E 
 193      CAF2A6F6 
 193      9F0BE962 
 193      19
 194 0036 56       		.ascii	"V"
 195              		.text
 196              		.section	.gnu.lto_.refs.2133b2b5,"",%progbits
 197 0000 789C6366 		.ascii	"x\234cf```d\200\002\000\000=\000\005"
 197      60606064 
 197      80020000 
 197      3D0005
 198              		.text
 199              		.section	.gnu.lto_.decls.2133b2b5,"",%progbits
 200 0000 789C8D54 		.ascii	"x\234\215TmLSg\024~\317\275m\241\267\015\030\027a!K"
 200      6D4C5367 
 200      147ECFBD 
 200      6DA1B70D 
 200      18176121 
 201 0015 56B6846C 		.ascii	"V\266\204l\011!A\026\263\177\376\200D\267dK#Y\366C\022"
 201      09214116 
 201      B37FFE80 
 201      44B7644B 
 201      2359F643 
 202 002a D2C08D63 		.ascii	"\322\300\215cY\300\324\262\305\177\257m6\2111\003\011"
 202      59C0D4B2 
 202      C57FAF6D 
 202      36893103 
 202      09
 203 003b 28E00724 		.ascii	"(\340\007$C\247\010\314\321\002V\261\024\320\001k\331"
 203      43A708CC 
 203      D10256B1 
 203      14D0016B 
 203      D9
 204 004c 20FB60E2 		.ascii	" \373`\342\022q\016Y\246n\305\021\007Qww\336\367\336"
 204      12710E59 
 204      A66EC511 
 204      07517777 
 204      DEF7DE
 205 005f DB7B9DD7 		.ascii	"\333{\235\327\27079\355=\247\347y\316\307\363\336\212"
 205      B83739ED 
 205      3DA7E779 
 205      CEC7F3DE 
 205      8A
ARM GAS  C:\Users\victo\AppData\Local\Temp\cccMNN5s.s 			page 15


 206 0070 84906340 		.ascii	"\204\220c@\210\202\347\221\215\220y\3643\320\274\304"
 206      8882E791 
 206      8D9079F4 
 206      33D0BCC4 
 207 0080 380EB401 		.ascii	"8\016\264\001\264\010\3320Z\024m\002\355\012y\362\014"
 207      B408DA30 
 207      5A146D02 
 207      ED0A79F2 
 207      0C
 208 0091 68F90CDF 		.ascii	"h\371\014\337\207\226\2176\2076\213\366\246\226\003"
 208      87968F36 
 208      87368BF6 
 208      A69603
 209 00a0 5ADE7F4F 		.ascii	"Z\336\177O\304\002\233c\302\353\330\210\005\226\365"
 209      C4029B63 
 209      C2EBD888 
 209      0596F5
 210 00af 65B3A8A9 		.ascii	"e\263\250\251c\206-0\321g`\242\026\0306\267S\3531\013"
 210      63862D30 
 210      D16760A2 
 210      161836B7 
 210      53EB310B 
 211 00c3 CD8D1643 		.ascii	"\315\215\026C\233\3218<\026<\023\026<lw\366g\314i\265"
 211      9BD1383C 
 211      163C1316 
 211      3C6C77F6 
 211      67CC69B5 
 212 00d7 DF150112 		.ascii	"\337\025\001\022\277\254\375\345\376M\200,i\003s;\346"
 212      BFACFDE5 
 212      FE4D802C 
 212      6903733B 
 212      E6
 213 00e8 97564574 		.ascii	"\227VEt\335\222\300\334\037G\367\357\317\024\005`\317"
 213      DD92C0DC 
 213      1F47F7EF 
 213      CF140560 
 213      CF
 214 00f9 9FB5DDF8 		.ascii	"\237\265\335\370^*\354\241\2246\320x\034\014\212}\247"
 214      5E2AECA1 
 214      9436D078 
 214      1C0C8A7D 
 214      A7
 215 010a 2E1ECC40 		.ascii	".\036\314@L\216\304\335O\023\035c\"w\025\206\023\256"
 215      4C8EC4DD 
 215      4F131D63 
 215      22771586 
 215      13AE
 216 011c 5E6D5917 		.ascii	"^mY\027A*h\2404HS\315T|\236@a\036\274\232G\240\037\012"
 216      412A68A0 
 216      344853CD 
 216      547C9E40 
 216      611EBC9A 
 217 0134 300D7AA0 		.ascii	"0\015z\240\220\300Y\310\203^\310#\335X \325\231Zx\201"
 217      90C059C8 
 217      835EC823 
 217      DD5820D5 
 217      995A7881 
ARM GAS  C:\Users\victo\AppData\Local\Temp\cccMNN5s.s 			page 16


 218 0148 521BF481 		.ascii	"R\033\364\201\004g@\344\0318\006\253\240\025m\372x\254"
 218      046740E4 
 218      193806AB 
 218      A0156DFA 
 218      78AC
 219 015a C9661330 		.ascii	"\311f\0230\310rv\332X,y\344\330\270+\267\225\262\023"
 219      C87276DA 
 219      582C79E4 
 219      D8B82BB7 
 219      95B213
 220 016d A21B04F0 		.ascii	"\242\033\004\360\346\300\347H{\032i\011\234\203\\\374"
 220      E6C0E748 
 220      7B1A6909 
 220      9C835CFC 
 221 017d FC026C2A 		.ascii	"\374\002l*\301T\242\265\307!\226\360\321b\353\251y\311"
 221      C154A2B5 
 221      C72196F0 
 221      D162EBA9 
 221      79C9
 222 018f 7382769D 		.ascii	"s\202v\235K5\206ny\017\205h\013]T\224\0279\010\276L"
 222      4B35866E 
 222      790F8568 
 222      0B5D5494 
 222      173908BE 
 223 01a4 3740D8B3 		.ascii	"7@\330\263\272\321\001\360 \260\277u\374\246$\276\317"
 223      BAD101F0 
 223      20B0BF75 
 223      FCA624BE 
 223      CF
 224 01b5 491A93BD 		.ascii	"I\032\223\275\207\2639\311\342\365\0119\036\244\017"
 224      87B339C9 
 224      E2F50939 
 224      1EA40F
 225 01c4 15455419 		.ascii	"\025ET\031\302&\206\260\316\020\341\0143g\247?\001s"
 225      C22686B0 
 225      CE10E10C 
 225      3367A73F 
 225      0173
 226 01d6 CF6C1CA3 		.ascii	"\317l\034\243\351A\336\364N\255\347\245\223\321\243"
 226      E941DEF4 
 226      4EADE7A5 
 226      93D1A3
 227 01e5 59E247BC 		.ascii	"Y\342G\274\\pzy\315\245\226k[2\312!\000\206L\345\206"
 227      5C707A79 
 227      CDA5966B 
 227      5B32CA21 
 227      00864CE5 
 228 01fa F472C36A 		.ascii	"\364r\303j\303\215}+\202\030\002N\361\350\317p\322\311"
 228      C38D7D2B 
 228      8218024E 
 228      F1E8CF70 
 228      D2C9
 229 020c 29BA9227 		.ascii	")\272\222'\035\247i\\Q\266r\202\363&\202\363:A\224\023"
 229      1DA7695C 
 229      51B67282 
 229      F32682F3 
 229      3A419413 
ARM GAS  C:\Users\victo\AppData\Local\Temp\cccMNN5s.s 			page 17


 230 0220 1CBFF7C7 		.ascii	"\034\277\367\307\210S<\254\022\350\312{T\345\217\334"
 230      88533CAC 
 230      12E8CA7B 
 230      54E58FDC 
 231 0230 5E8B6472 		.ascii	"^\213dr\227\265\202\322\237\232\375\273#\013\012$U\323"
 231      97B582D2 
 231      9F9AFDBB 
 231      230B0A24 
 231      55D3
 232 0242 7BAAA631 		.ascii	"{\252\2461\034\360\202\241\251G\323\224_\017\\\201\375"
 232      1CF082A1 
 232      A947D394 
 232      5F0F5C81 
 232      FD
 233 0253 15929E1F 		.ascii	"\025\222\236\037.\341\005\361h\027\344\"\006G0\210\205"
 233      2EE105F1 
 233      6817E422 
 233      06473088 
 233      85
 234 0264 3A27EFFC 		.ascii	":'\357\374\220\315\305\217\245\305_\370\356\332\031"
 234      90CDC58F 
 234      A5C55FF8 
 234      EEDA19
 235 0273 673A360A 		.ascii	"g:6\012<xB\211EmO\275\021c|\271q\375F,\254\334\017:"
 235      3C784289 
 235      456D4FBD 
 235      11637CB9 
 235      71FD462C 
 236 028b C5E3EA68 		.ascii	"\305\343\352h\355\275\212O\273\0217\227\213\333i\327"
 236      EDBD8A4F 
 236      BB113797 
 236      8BDB69D7 
 237 029b 3EFA8F82 		.ascii	">\372\217\202\027\232\201`\334\264\237q}?\023|?\243"
 237      179A8160 
 237      DCB49F71 
 237      7D3F137C 
 237      3FA3
 238 02ad D7FA1E66 		.ascii	"\327\372\036f\210\203*\311\357\355\007\0063U\215~^~"
 238      88832AC9 
 238      EFED0706 
 238      33558D7E 
 238      5E7E
 239 02bf 5CA3CB26 		.ascii	"\\\243\313&\212\313:\305\025N\021\355_\235q\361W\322"
 239      8ACB3AC5 
 239      154E11ED 
 239      5F9D71F1 
 239      57D2
 240 02d1 C3482E34 		.ascii	"\303H.4O\2659\370+\311Gjh\036\272m\027\023\217\013\220"
 240      4FB539F8 
 240      2BC9476A 
 240      681EBA6D 
 240      17138F0B 
 241 02e6 AF0A70FD 		.ascii	"\257\012p\375\350z\267\223\273\354\0378\233\205n\374"
 241      E87AB793 
 241      BBEC1F38 
 241      9B856EFC 
 242 02f6 343F9221 		.ascii	"4?\222!\316\361t\341nKPq\245\365XU\365\230\301u%\014"
ARM GAS  C:\Users\victo\AppData\Local\Temp\cccMNN5s.s 			page 18


 242      CEF174E1 
 242      6E4B5071 
 242      A5F55855 
 242      F598C175 
 243 030c 3DF2CD7A 		.ascii	"=\362\315z4\205\250s;\201\257pe\223L\217$\352\221\257"
 243      3485A873 
 243      3B81AF70 
 243      65934C8F 
 243      24EA91AF 
 244 0320 E9318DC1 		.ascii	"\3511\215\301\257U=\242\255s\223\222\324\300v\374\377"
 244      AF553DA2 
 244      AD739392 
 244      D4C076FC 
 244      FF
 245 0331 10423CDC 		.ascii	"\020B<\334\364\300\255u\262x0\334-\260Nf\261\223)\243"
 245      F4C0AD75 
 245      B27830DC 
 245      2DB04E66 
 245      B19329A3 
 246 0345 936FC068 		.ascii	"\223o\300h\345I\342o\255[Y\372\265\363\201\303} \335"
 246      E549E26F 
 246      AD5B59FA 
 246      B5F381C3 
 246      7D20DD
 247 0358 3C27D541 		.ascii	"<'\325A\004\346\300\3157\315\276\355\3655\265\201\327"
 247      04E6C0CD 
 247      37CDBEED 
 247      F535B581 
 247      D7
 248 0369 1DDBDE7E 		.ascii	"\035\333\336~\307SJ^.\252\330&\327\312~_@\256\256,\257"
 248      C7534A5E 
 248      2EAAD826 
 248      D7CA7E5F 
 248      40AEAE2C 
 249 037e ABF757C9 		.ascii	"\253\367W\311\025\336\362\272\322\327*\252\366\006\366"
 249      15DEF2BA 
 249      D2D72AAA 
 249      F606F6
 250 038d EE96F714 		.ascii	"\356\226\367\024\275G\236\333\356-\253\364\026W\226"
 250      BD479EDB 
 250      EE2DABF4 
 250      165796
 251 039c CB81327F 		.ascii	"\313\2012\177\315\207\362[u\325\362KO\305\251\311EU"
 251      CD87F25B 
 251      75D5F24B 
 251      4FC5A9C9 
 251      4555
 252 03ae C4ADC1DE 		.ascii	"\304\255\301\336\365\327\004d\227\346\354\220}\325\033"
 252      F5D70464 
 252      97E6EC90 
 252      7DD51B
 253 03bd 4DCF65BE 		.ascii	"M\317e\276\200o\207\274\313\301z*\336\222kTz\2436 \373"
 253      806F87BC 
 253      CBC17A2A 
 253      DE926B54 
 253      7AA33620 
 254 03d2 FDF5BB03 		.ascii	"\375\365\273\003\254\332&-^\372\201\354\363\247\177"
ARM GAS  C:\Users\victo\AppData\Local\Temp\cccMNN5s.s 			page 19


 254      ACDA262D 
 254      5EFA81EC 
 254      F3A77F
 255 03e1 B1FBE55D 		.ascii	"\261\373\345]%\2339\264d\363\277\020\324\362u"
 255      259B39B4 
 255      64F3BF10 
 255      D4F275
 256              		.text
 257              		.section	.gnu.lto_.symtab.2133b2b5,"",%progbits
 258 0000 4850445F 		.ascii	"HPD_P1_SetDriveMode\000\000\000\000\000\000\000\000"
 258      50315F53 
 258      65744472 
 258      6976654D 
 258      6F646500 
 259 001b 00000000 		.ascii	"\000\000\000\000\262\000\000\000HPD_P1_Write\000\000"
 259      B2000000 
 259      4850445F 
 259      50315F57 
 259      72697465 
 260 0031 00000000 		.ascii	"\000\000\000\000\000\000\000\000\000\000\264\000\000"
 260      00000000 
 260      0000B400 
 260      00
 261 003e 00485044 		.ascii	"\000HPD_P1_Read\000\000\000\000\000\000\000\000\000"
 261      5F50315F 
 261      52656164 
 261      00000000 
 261      00000000 
 262 0053 000000B7 		.ascii	"\000\000\000\267\000\000\000HPD_P1_ReadDataReg\000\000"
 262      00000048 
 262      50445F50 
 262      315F5265 
 262      61644461 
 263 006e 00000000 		.ascii	"\000\000\000\000\000\000\000\000\000\000\271\000\000"
 263      00000000 
 263      0000B900 
 263      00
 264 007b 00485044 		.ascii	"\000HPD_P1_SetInterruptMode\000\000\000\000\000\000"
 264      5F50315F 
 264      53657449 
 264      6E746572 
 264      72757074 
 265 0099 00000000 		.ascii	"\000\000\000\000\000\000\303\000\000\000HPD_P1_Clea"
 265      0000C300 
 265      00004850 
 265      445F5031 
 265      5F436C65 
 266 00ae 72496E74 		.ascii	"rInterrupt\000\000\000\000\000\000\000\000\000\000\000"
 266      65727275 
 266      70740000 
 266      00000000 
 266      00000000 
 267 00c3 00C50000 		.ascii	"\000\305\000\000\000"
 267      00
 268              		.text
 269              		.section	.gnu.lto_.opts,"",%progbits
 270 0000 272D666E 		.ascii	"'-fno-trapv' '-mcpu=cortex-m0' '-mthumb' '-g' '-Os'"
ARM GAS  C:\Users\victo\AppData\Local\Temp\cccMNN5s.s 			page 20


 270      6F2D7472 
 270      61707627 
 270      20272D6D 
 270      6370753D 
 271 0033 20272D57 		.ascii	" '-Werror' '-ffunction-sections' '-finline-function"
 271      6572726F 
 271      72272027 
 271      2D666675 
 271      6E637469 
 272 0066 73272027 		.ascii	"s' '-flto' '-ffat-lto-objects' '-fno-strict-aliasin"
 272      2D666C74 
 272      6F272027 
 272      2D666661 
 272      742D6C74 
 273 0099 672700   		.ascii	"g'\000"
 274              		.text
 275              		.cfi_sections	.debug_frame
 276              		.section	.text.HPD_P1_SetDriveMode,"ax",%progbits
 277              		.align	1
 278              		.global	HPD_P1_SetDriveMode
 279              		.code	16
 280              		.thumb_func
 281              		.type	HPD_P1_SetDriveMode, %function
 282              	HPD_P1_SetDriveMode:
 283              	.LFB0:
 284              		.file 1 ".\\Generated_Source\\PSoC4\\HPD_P1.c"
   1:.\Generated_Source\PSoC4/HPD_P1.c **** /*******************************************************************************
   2:.\Generated_Source\PSoC4/HPD_P1.c **** * File Name: HPD_P1.c  
   3:.\Generated_Source\PSoC4/HPD_P1.c **** * Version 2.20
   4:.\Generated_Source\PSoC4/HPD_P1.c **** *
   5:.\Generated_Source\PSoC4/HPD_P1.c **** * Description:
   6:.\Generated_Source\PSoC4/HPD_P1.c **** *  This file contains API to enable firmware control of a Pins component.
   7:.\Generated_Source\PSoC4/HPD_P1.c **** *
   8:.\Generated_Source\PSoC4/HPD_P1.c **** ********************************************************************************
   9:.\Generated_Source\PSoC4/HPD_P1.c **** * Copyright 2008-2015, Cypress Semiconductor Corporation.  All rights reserved.
  10:.\Generated_Source\PSoC4/HPD_P1.c **** * You may use this file only in accordance with the license, terms, conditions, 
  11:.\Generated_Source\PSoC4/HPD_P1.c **** * disclaimers, and limitations in the end user license agreement accompanying 
  12:.\Generated_Source\PSoC4/HPD_P1.c **** * the software package with which this file was provided.
  13:.\Generated_Source\PSoC4/HPD_P1.c **** *******************************************************************************/
  14:.\Generated_Source\PSoC4/HPD_P1.c **** 
  15:.\Generated_Source\PSoC4/HPD_P1.c **** #include "cytypes.h"
  16:.\Generated_Source\PSoC4/HPD_P1.c **** #include "HPD_P1.h"
  17:.\Generated_Source\PSoC4/HPD_P1.c **** 
  18:.\Generated_Source\PSoC4/HPD_P1.c **** 
  19:.\Generated_Source\PSoC4/HPD_P1.c **** #if defined(HPD_P1__PC)
  20:.\Generated_Source\PSoC4/HPD_P1.c ****     #define HPD_P1_SetP4PinDriveMode(shift, mode)  \
  21:.\Generated_Source\PSoC4/HPD_P1.c ****     do { \
  22:.\Generated_Source\PSoC4/HPD_P1.c ****         HPD_P1_PC =   (HPD_P1_PC & \
  23:.\Generated_Source\PSoC4/HPD_P1.c ****                                 (uint32)(~(uint32)(HPD_P1_DRIVE_MODE_IND_MASK << \
  24:.\Generated_Source\PSoC4/HPD_P1.c ****                                 (HPD_P1_DRIVE_MODE_BITS * (shift))))) | \
  25:.\Generated_Source\PSoC4/HPD_P1.c ****                                 (uint32)((uint32)(mode) << \
  26:.\Generated_Source\PSoC4/HPD_P1.c ****                                 (HPD_P1_DRIVE_MODE_BITS * (shift))); \
  27:.\Generated_Source\PSoC4/HPD_P1.c ****     } while (0)
  28:.\Generated_Source\PSoC4/HPD_P1.c **** #else
  29:.\Generated_Source\PSoC4/HPD_P1.c ****     #if (CY_PSOC4_4200L)
  30:.\Generated_Source\PSoC4/HPD_P1.c ****         #define HPD_P1_SetP4PinDriveMode(shift, mode)  \
  31:.\Generated_Source\PSoC4/HPD_P1.c ****         do { \
ARM GAS  C:\Users\victo\AppData\Local\Temp\cccMNN5s.s 			page 21


  32:.\Generated_Source\PSoC4/HPD_P1.c ****             HPD_P1_USBIO_CTRL_REG = (HPD_P1_USBIO_CTRL_REG & \
  33:.\Generated_Source\PSoC4/HPD_P1.c ****                                     (uint32)(~(uint32)(HPD_P1_DRIVE_MODE_IND_MASK << \
  34:.\Generated_Source\PSoC4/HPD_P1.c ****                                     (HPD_P1_DRIVE_MODE_BITS * (shift))))) | \
  35:.\Generated_Source\PSoC4/HPD_P1.c ****                                     (uint32)((uint32)(mode) << \
  36:.\Generated_Source\PSoC4/HPD_P1.c ****                                     (HPD_P1_DRIVE_MODE_BITS * (shift))); \
  37:.\Generated_Source\PSoC4/HPD_P1.c ****         } while (0)
  38:.\Generated_Source\PSoC4/HPD_P1.c ****     #endif
  39:.\Generated_Source\PSoC4/HPD_P1.c **** #endif
  40:.\Generated_Source\PSoC4/HPD_P1.c ****   
  41:.\Generated_Source\PSoC4/HPD_P1.c **** 
  42:.\Generated_Source\PSoC4/HPD_P1.c **** #if defined(HPD_P1__PC) || (CY_PSOC4_4200L) 
  43:.\Generated_Source\PSoC4/HPD_P1.c ****     /*******************************************************************************
  44:.\Generated_Source\PSoC4/HPD_P1.c ****     * Function Name: HPD_P1_SetDriveMode
  45:.\Generated_Source\PSoC4/HPD_P1.c ****     ****************************************************************************//**
  46:.\Generated_Source\PSoC4/HPD_P1.c ****     *
  47:.\Generated_Source\PSoC4/HPD_P1.c ****     * \brief Sets the drive mode for each of the Pins component's pins.
  48:.\Generated_Source\PSoC4/HPD_P1.c ****     * 
  49:.\Generated_Source\PSoC4/HPD_P1.c ****     * <b>Note</b> This affects all pins in the Pins component instance. Use the
  50:.\Generated_Source\PSoC4/HPD_P1.c ****     * Per-Pin APIs if you wish to control individual pin's drive modes.
  51:.\Generated_Source\PSoC4/HPD_P1.c ****     *
  52:.\Generated_Source\PSoC4/HPD_P1.c ****     * <b>Note</b> USBIOs have limited drive functionality. Refer to the Drive Mode
  53:.\Generated_Source\PSoC4/HPD_P1.c ****     * parameter for more information.
  54:.\Generated_Source\PSoC4/HPD_P1.c ****     *
  55:.\Generated_Source\PSoC4/HPD_P1.c ****     * \param mode
  56:.\Generated_Source\PSoC4/HPD_P1.c ****     *  Mode for the selected signals. Valid options are documented in 
  57:.\Generated_Source\PSoC4/HPD_P1.c ****     *  \ref driveMode.
  58:.\Generated_Source\PSoC4/HPD_P1.c ****     *
  59:.\Generated_Source\PSoC4/HPD_P1.c ****     * \return
  60:.\Generated_Source\PSoC4/HPD_P1.c ****     *  None
  61:.\Generated_Source\PSoC4/HPD_P1.c ****     *
  62:.\Generated_Source\PSoC4/HPD_P1.c ****     * \sideeffect
  63:.\Generated_Source\PSoC4/HPD_P1.c ****     *  If you use read-modify-write operations that are not atomic, the ISR can
  64:.\Generated_Source\PSoC4/HPD_P1.c ****     *  cause corruption of this function. An ISR that interrupts this function 
  65:.\Generated_Source\PSoC4/HPD_P1.c ****     *  and performs writes to the Pins component Drive Mode registers can cause 
  66:.\Generated_Source\PSoC4/HPD_P1.c ****     *  corrupted port data. To avoid this issue, you should either use the Per-Pin
  67:.\Generated_Source\PSoC4/HPD_P1.c ****     *  APIs (primary method) or disable interrupts around this function.
  68:.\Generated_Source\PSoC4/HPD_P1.c ****     *
  69:.\Generated_Source\PSoC4/HPD_P1.c ****     * \funcusage
  70:.\Generated_Source\PSoC4/HPD_P1.c ****     *  \snippet HPD_P1_SUT.c usage_HPD_P1_SetDriveMode
  71:.\Generated_Source\PSoC4/HPD_P1.c ****     *******************************************************************************/
  72:.\Generated_Source\PSoC4/HPD_P1.c ****     void HPD_P1_SetDriveMode(uint8 mode)
  73:.\Generated_Source\PSoC4/HPD_P1.c ****     {
 285              		.loc 1 73 0
 286              		.cfi_startproc
 287              	.LVL0:
  74:.\Generated_Source\PSoC4/HPD_P1.c **** 		HPD_P1_SetP4PinDriveMode(HPD_P1__0__SHIFT, mode);
 288              		.loc 1 74 0
 289 0000 034A     		ldr	r2, .L2
 290 0002 044B     		ldr	r3, .L2+4
 291 0004 1168     		ldr	r1, [r2]
 292 0006 4002     		lsl	r0, r0, #9
 293              	.LVL1:
 294 0008 0B40     		and	r3, r1
 295 000a 1843     		orr	r0, r3
 296 000c 1060     		str	r0, [r2]
  75:.\Generated_Source\PSoC4/HPD_P1.c ****     }
 297              		.loc 1 75 0
ARM GAS  C:\Users\victo\AppData\Local\Temp\cccMNN5s.s 			page 22


 298              		@ sp needed
 299 000e 7047     		bx	lr
 300              	.L3:
 301              		.align	2
 302              	.L2:
 303 0010 08020440 		.word	1074004488
 304 0014 FFF1FFFF 		.word	-3585
 305              		.cfi_endproc
 306              	.LFE0:
 307              		.size	HPD_P1_SetDriveMode, .-HPD_P1_SetDriveMode
 308              		.section	.text.HPD_P1_Write,"ax",%progbits
 309              		.align	1
 310              		.global	HPD_P1_Write
 311              		.code	16
 312              		.thumb_func
 313              		.type	HPD_P1_Write, %function
 314              	HPD_P1_Write:
 315              	.LFB1:
  76:.\Generated_Source\PSoC4/HPD_P1.c **** #endif
  77:.\Generated_Source\PSoC4/HPD_P1.c **** 
  78:.\Generated_Source\PSoC4/HPD_P1.c **** 
  79:.\Generated_Source\PSoC4/HPD_P1.c **** /*******************************************************************************
  80:.\Generated_Source\PSoC4/HPD_P1.c **** * Function Name: HPD_P1_Write
  81:.\Generated_Source\PSoC4/HPD_P1.c **** ****************************************************************************//**
  82:.\Generated_Source\PSoC4/HPD_P1.c **** *
  83:.\Generated_Source\PSoC4/HPD_P1.c **** * \brief Writes the value to the physical port (data output register), masking
  84:.\Generated_Source\PSoC4/HPD_P1.c **** *  and shifting the bits appropriately. 
  85:.\Generated_Source\PSoC4/HPD_P1.c **** *
  86:.\Generated_Source\PSoC4/HPD_P1.c **** * The data output register controls the signal applied to the physical pin in 
  87:.\Generated_Source\PSoC4/HPD_P1.c **** * conjunction with the drive mode parameter. This function avoids changing 
  88:.\Generated_Source\PSoC4/HPD_P1.c **** * other bits in the port by using the appropriate method (read-modify-write or
  89:.\Generated_Source\PSoC4/HPD_P1.c **** * bit banding).
  90:.\Generated_Source\PSoC4/HPD_P1.c **** *
  91:.\Generated_Source\PSoC4/HPD_P1.c **** * <b>Note</b> This function should not be used on a hardware digital output pin 
  92:.\Generated_Source\PSoC4/HPD_P1.c **** * as it is driven by the hardware signal attached to it.
  93:.\Generated_Source\PSoC4/HPD_P1.c **** *
  94:.\Generated_Source\PSoC4/HPD_P1.c **** * \param value
  95:.\Generated_Source\PSoC4/HPD_P1.c **** *  Value to write to the component instance.
  96:.\Generated_Source\PSoC4/HPD_P1.c **** *
  97:.\Generated_Source\PSoC4/HPD_P1.c **** * \return 
  98:.\Generated_Source\PSoC4/HPD_P1.c **** *  None 
  99:.\Generated_Source\PSoC4/HPD_P1.c **** *
 100:.\Generated_Source\PSoC4/HPD_P1.c **** * \sideeffect
 101:.\Generated_Source\PSoC4/HPD_P1.c **** *  If you use read-modify-write operations that are not atomic; the Interrupt 
 102:.\Generated_Source\PSoC4/HPD_P1.c **** *  Service Routines (ISR) can cause corruption of this function. An ISR that 
 103:.\Generated_Source\PSoC4/HPD_P1.c **** *  interrupts this function and performs writes to the Pins component data 
 104:.\Generated_Source\PSoC4/HPD_P1.c **** *  register can cause corrupted port data. To avoid this issue, you should 
 105:.\Generated_Source\PSoC4/HPD_P1.c **** *  either use the Per-Pin APIs (primary method) or disable interrupts around 
 106:.\Generated_Source\PSoC4/HPD_P1.c **** *  this function.
 107:.\Generated_Source\PSoC4/HPD_P1.c **** *
 108:.\Generated_Source\PSoC4/HPD_P1.c **** * \funcusage
 109:.\Generated_Source\PSoC4/HPD_P1.c **** *  \snippet HPD_P1_SUT.c usage_HPD_P1_Write
 110:.\Generated_Source\PSoC4/HPD_P1.c **** *******************************************************************************/
 111:.\Generated_Source\PSoC4/HPD_P1.c **** void HPD_P1_Write(uint8 value)
 112:.\Generated_Source\PSoC4/HPD_P1.c **** {
 316              		.loc 1 112 0
 317              		.cfi_startproc
ARM GAS  C:\Users\victo\AppData\Local\Temp\cccMNN5s.s 			page 23


 318              	.LVL2:
 113:.\Generated_Source\PSoC4/HPD_P1.c ****     uint8 drVal = (uint8)(HPD_P1_DR & (uint8)(~HPD_P1_MASK));
 319              		.loc 1 113 0
 320 0000 0823     		mov	r3, #8
 321 0002 0449     		ldr	r1, .L5
 114:.\Generated_Source\PSoC4/HPD_P1.c ****     drVal = (drVal | ((uint8)(value << HPD_P1_SHIFT) & HPD_P1_MASK));
 322              		.loc 1 114 0
 323 0004 C000     		lsl	r0, r0, #3
 324              	.LVL3:
 113:.\Generated_Source\PSoC4/HPD_P1.c ****     uint8 drVal = (uint8)(HPD_P1_DR & (uint8)(~HPD_P1_MASK));
 325              		.loc 1 113 0
 326 0006 0A68     		ldr	r2, [r1]
 115:.\Generated_Source\PSoC4/HPD_P1.c ****     HPD_P1_DR = (uint32)drVal;
 116:.\Generated_Source\PSoC4/HPD_P1.c **** }
 327              		.loc 1 116 0
 328              		@ sp needed
 113:.\Generated_Source\PSoC4/HPD_P1.c ****     drVal = (drVal | ((uint8)(value << HPD_P1_SHIFT) & HPD_P1_MASK));
 329              		.loc 1 113 0
 330 0008 9A43     		bic	r2, r3
 331 000a D2B2     		uxtb	r2, r2
 114:.\Generated_Source\PSoC4/HPD_P1.c ****     drVal = (drVal | ((uint8)(value << HPD_P1_SHIFT) & HPD_P1_MASK));
 332              		.loc 1 114 0
 333 000c 0340     		and	r3, r0
 115:.\Generated_Source\PSoC4/HPD_P1.c ****     HPD_P1_DR = (uint32)drVal;
 334              		.loc 1 115 0
 335 000e 1343     		orr	r3, r2
 336 0010 0B60     		str	r3, [r1]
 337              		.loc 1 116 0
 338 0012 7047     		bx	lr
 339              	.L6:
 340              		.align	2
 341              	.L5:
 342 0014 00020440 		.word	1074004480
 343              		.cfi_endproc
 344              	.LFE1:
 345              		.size	HPD_P1_Write, .-HPD_P1_Write
 346              		.section	.text.HPD_P1_Read,"ax",%progbits
 347              		.align	1
 348              		.global	HPD_P1_Read
 349              		.code	16
 350              		.thumb_func
 351              		.type	HPD_P1_Read, %function
 352              	HPD_P1_Read:
 353              	.LFB2:
 117:.\Generated_Source\PSoC4/HPD_P1.c **** 
 118:.\Generated_Source\PSoC4/HPD_P1.c **** 
 119:.\Generated_Source\PSoC4/HPD_P1.c **** /*******************************************************************************
 120:.\Generated_Source\PSoC4/HPD_P1.c **** * Function Name: HPD_P1_Read
 121:.\Generated_Source\PSoC4/HPD_P1.c **** ****************************************************************************//**
 122:.\Generated_Source\PSoC4/HPD_P1.c **** *
 123:.\Generated_Source\PSoC4/HPD_P1.c **** * \brief Reads the associated physical port (pin status register) and masks 
 124:.\Generated_Source\PSoC4/HPD_P1.c **** *  the required bits according to the width and bit position of the component
 125:.\Generated_Source\PSoC4/HPD_P1.c **** *  instance. 
 126:.\Generated_Source\PSoC4/HPD_P1.c **** *
 127:.\Generated_Source\PSoC4/HPD_P1.c **** * The pin's status register returns the current logic level present on the 
 128:.\Generated_Source\PSoC4/HPD_P1.c **** * physical pin.
 129:.\Generated_Source\PSoC4/HPD_P1.c **** *
ARM GAS  C:\Users\victo\AppData\Local\Temp\cccMNN5s.s 			page 24


 130:.\Generated_Source\PSoC4/HPD_P1.c **** * \return 
 131:.\Generated_Source\PSoC4/HPD_P1.c **** *  The current value for the pins in the component as a right justified number.
 132:.\Generated_Source\PSoC4/HPD_P1.c **** *
 133:.\Generated_Source\PSoC4/HPD_P1.c **** * \funcusage
 134:.\Generated_Source\PSoC4/HPD_P1.c **** *  \snippet HPD_P1_SUT.c usage_HPD_P1_Read  
 135:.\Generated_Source\PSoC4/HPD_P1.c **** *******************************************************************************/
 136:.\Generated_Source\PSoC4/HPD_P1.c **** uint8 HPD_P1_Read(void)
 137:.\Generated_Source\PSoC4/HPD_P1.c **** {
 354              		.loc 1 137 0
 355              		.cfi_startproc
 138:.\Generated_Source\PSoC4/HPD_P1.c ****     return (uint8)((HPD_P1_PS & HPD_P1_MASK) >> HPD_P1_SHIFT);
 356              		.loc 1 138 0
 357 0000 024B     		ldr	r3, .L8
 139:.\Generated_Source\PSoC4/HPD_P1.c **** }
 358              		.loc 1 139 0
 359              		@ sp needed
 138:.\Generated_Source\PSoC4/HPD_P1.c ****     return (uint8)((HPD_P1_PS & HPD_P1_MASK) >> HPD_P1_SHIFT);
 360              		.loc 1 138 0
 361 0002 1868     		ldr	r0, [r3]
 362 0004 0007     		lsl	r0, r0, #28
 363 0006 C00F     		lsr	r0, r0, #31
 364              		.loc 1 139 0
 365 0008 7047     		bx	lr
 366              	.L9:
 367 000a C046     		.align	2
 368              	.L8:
 369 000c 04020440 		.word	1074004484
 370              		.cfi_endproc
 371              	.LFE2:
 372              		.size	HPD_P1_Read, .-HPD_P1_Read
 373              		.section	.text.HPD_P1_ReadDataReg,"ax",%progbits
 374              		.align	1
 375              		.global	HPD_P1_ReadDataReg
 376              		.code	16
 377              		.thumb_func
 378              		.type	HPD_P1_ReadDataReg, %function
 379              	HPD_P1_ReadDataReg:
 380              	.LFB3:
 140:.\Generated_Source\PSoC4/HPD_P1.c **** 
 141:.\Generated_Source\PSoC4/HPD_P1.c **** 
 142:.\Generated_Source\PSoC4/HPD_P1.c **** /*******************************************************************************
 143:.\Generated_Source\PSoC4/HPD_P1.c **** * Function Name: HPD_P1_ReadDataReg
 144:.\Generated_Source\PSoC4/HPD_P1.c **** ****************************************************************************//**
 145:.\Generated_Source\PSoC4/HPD_P1.c **** *
 146:.\Generated_Source\PSoC4/HPD_P1.c **** * \brief Reads the associated physical port's data output register and masks 
 147:.\Generated_Source\PSoC4/HPD_P1.c **** *  the correct bits according to the width and bit position of the component 
 148:.\Generated_Source\PSoC4/HPD_P1.c **** *  instance. 
 149:.\Generated_Source\PSoC4/HPD_P1.c **** *
 150:.\Generated_Source\PSoC4/HPD_P1.c **** * The data output register controls the signal applied to the physical pin in 
 151:.\Generated_Source\PSoC4/HPD_P1.c **** * conjunction with the drive mode parameter. This is not the same as the 
 152:.\Generated_Source\PSoC4/HPD_P1.c **** * preferred HPD_P1_Read() API because the 
 153:.\Generated_Source\PSoC4/HPD_P1.c **** * HPD_P1_ReadDataReg() reads the data register instead of the status 
 154:.\Generated_Source\PSoC4/HPD_P1.c **** * register. For output pins this is a useful function to determine the value 
 155:.\Generated_Source\PSoC4/HPD_P1.c **** * just written to the pin.
 156:.\Generated_Source\PSoC4/HPD_P1.c **** *
 157:.\Generated_Source\PSoC4/HPD_P1.c **** * \return 
 158:.\Generated_Source\PSoC4/HPD_P1.c **** *  The current value of the data register masked and shifted into a right 
ARM GAS  C:\Users\victo\AppData\Local\Temp\cccMNN5s.s 			page 25


 159:.\Generated_Source\PSoC4/HPD_P1.c **** *  justified number for the component instance.
 160:.\Generated_Source\PSoC4/HPD_P1.c **** *
 161:.\Generated_Source\PSoC4/HPD_P1.c **** * \funcusage
 162:.\Generated_Source\PSoC4/HPD_P1.c **** *  \snippet HPD_P1_SUT.c usage_HPD_P1_ReadDataReg 
 163:.\Generated_Source\PSoC4/HPD_P1.c **** *******************************************************************************/
 164:.\Generated_Source\PSoC4/HPD_P1.c **** uint8 HPD_P1_ReadDataReg(void)
 165:.\Generated_Source\PSoC4/HPD_P1.c **** {
 381              		.loc 1 165 0
 382              		.cfi_startproc
 166:.\Generated_Source\PSoC4/HPD_P1.c ****     return (uint8)((HPD_P1_DR & HPD_P1_MASK) >> HPD_P1_SHIFT);
 383              		.loc 1 166 0
 384 0000 024B     		ldr	r3, .L11
 167:.\Generated_Source\PSoC4/HPD_P1.c **** }
 385              		.loc 1 167 0
 386              		@ sp needed
 166:.\Generated_Source\PSoC4/HPD_P1.c ****     return (uint8)((HPD_P1_DR & HPD_P1_MASK) >> HPD_P1_SHIFT);
 387              		.loc 1 166 0
 388 0002 1868     		ldr	r0, [r3]
 389 0004 0007     		lsl	r0, r0, #28
 390 0006 C00F     		lsr	r0, r0, #31
 391              		.loc 1 167 0
 392 0008 7047     		bx	lr
 393              	.L12:
 394 000a C046     		.align	2
 395              	.L11:
 396 000c 00020440 		.word	1074004480
 397              		.cfi_endproc
 398              	.LFE3:
 399              		.size	HPD_P1_ReadDataReg, .-HPD_P1_ReadDataReg
 400              		.section	.text.HPD_P1_SetInterruptMode,"ax",%progbits
 401              		.align	1
 402              		.global	HPD_P1_SetInterruptMode
 403              		.code	16
 404              		.thumb_func
 405              		.type	HPD_P1_SetInterruptMode, %function
 406              	HPD_P1_SetInterruptMode:
 407              	.LFB4:
 168:.\Generated_Source\PSoC4/HPD_P1.c **** 
 169:.\Generated_Source\PSoC4/HPD_P1.c **** 
 170:.\Generated_Source\PSoC4/HPD_P1.c **** /*******************************************************************************
 171:.\Generated_Source\PSoC4/HPD_P1.c **** * Function Name: HPD_P1_SetInterruptMode
 172:.\Generated_Source\PSoC4/HPD_P1.c **** ****************************************************************************//**
 173:.\Generated_Source\PSoC4/HPD_P1.c **** *
 174:.\Generated_Source\PSoC4/HPD_P1.c **** * \brief Configures the interrupt mode for each of the Pins component's
 175:.\Generated_Source\PSoC4/HPD_P1.c **** *  pins. Alternatively you may set the interrupt mode for all the pins
 176:.\Generated_Source\PSoC4/HPD_P1.c **** *  specified in the Pins component.
 177:.\Generated_Source\PSoC4/HPD_P1.c **** *
 178:.\Generated_Source\PSoC4/HPD_P1.c **** *  <b>Note</b> The interrupt is port-wide and therefore any enabled pin
 179:.\Generated_Source\PSoC4/HPD_P1.c **** *  interrupt may trigger it.
 180:.\Generated_Source\PSoC4/HPD_P1.c **** *
 181:.\Generated_Source\PSoC4/HPD_P1.c **** * \param position
 182:.\Generated_Source\PSoC4/HPD_P1.c **** *  The pin position as listed in the Pins component. You may OR these to be 
 183:.\Generated_Source\PSoC4/HPD_P1.c **** *  able to configure the interrupt mode of multiple pins within a Pins 
 184:.\Generated_Source\PSoC4/HPD_P1.c **** *  component. Or you may use HPD_P1_INTR_ALL to configure the
 185:.\Generated_Source\PSoC4/HPD_P1.c **** *  interrupt mode of all the pins in the Pins component.       
 186:.\Generated_Source\PSoC4/HPD_P1.c **** *  - HPD_P1_0_INTR       (First pin in the list)
 187:.\Generated_Source\PSoC4/HPD_P1.c **** *  - HPD_P1_1_INTR       (Second pin in the list)
ARM GAS  C:\Users\victo\AppData\Local\Temp\cccMNN5s.s 			page 26


 188:.\Generated_Source\PSoC4/HPD_P1.c **** *  - ...
 189:.\Generated_Source\PSoC4/HPD_P1.c **** *  - HPD_P1_INTR_ALL     (All pins in Pins component)
 190:.\Generated_Source\PSoC4/HPD_P1.c **** *
 191:.\Generated_Source\PSoC4/HPD_P1.c **** * \param mode
 192:.\Generated_Source\PSoC4/HPD_P1.c **** *  Interrupt mode for the selected pins. Valid options are documented in
 193:.\Generated_Source\PSoC4/HPD_P1.c **** *  \ref intrMode.
 194:.\Generated_Source\PSoC4/HPD_P1.c **** *
 195:.\Generated_Source\PSoC4/HPD_P1.c **** * \return 
 196:.\Generated_Source\PSoC4/HPD_P1.c **** *  None
 197:.\Generated_Source\PSoC4/HPD_P1.c **** *  
 198:.\Generated_Source\PSoC4/HPD_P1.c **** * \sideeffect
 199:.\Generated_Source\PSoC4/HPD_P1.c **** *  It is recommended that the interrupt be disabled before calling this 
 200:.\Generated_Source\PSoC4/HPD_P1.c **** *  function to avoid unintended interrupt requests. Note that the interrupt
 201:.\Generated_Source\PSoC4/HPD_P1.c **** *  type is port wide, and therefore will trigger for any enabled pin on the 
 202:.\Generated_Source\PSoC4/HPD_P1.c **** *  port.
 203:.\Generated_Source\PSoC4/HPD_P1.c **** *
 204:.\Generated_Source\PSoC4/HPD_P1.c **** * \funcusage
 205:.\Generated_Source\PSoC4/HPD_P1.c **** *  \snippet HPD_P1_SUT.c usage_HPD_P1_SetInterruptMode
 206:.\Generated_Source\PSoC4/HPD_P1.c **** *******************************************************************************/
 207:.\Generated_Source\PSoC4/HPD_P1.c **** void HPD_P1_SetInterruptMode(uint16 position, uint16 mode)
 208:.\Generated_Source\PSoC4/HPD_P1.c **** {
 408              		.loc 1 208 0
 409              		.cfi_startproc
 410              	.LVL4:
 209:.\Generated_Source\PSoC4/HPD_P1.c ****     uint32 intrCfg;
 210:.\Generated_Source\PSoC4/HPD_P1.c ****     
 211:.\Generated_Source\PSoC4/HPD_P1.c ****     intrCfg =  HPD_P1_INTCFG & (uint32)(~(uint32)position);
 411              		.loc 1 211 0
 412 0000 034A     		ldr	r2, .L14
 212:.\Generated_Source\PSoC4/HPD_P1.c ****     HPD_P1_INTCFG = intrCfg | ((uint32)position & (uint32)mode);
 213:.\Generated_Source\PSoC4/HPD_P1.c **** }
 413              		.loc 1 213 0
 414              		@ sp needed
 211:.\Generated_Source\PSoC4/HPD_P1.c ****     HPD_P1_INTCFG = intrCfg | ((uint32)position & (uint32)mode);
 415              		.loc 1 211 0
 416 0002 1368     		ldr	r3, [r2]
 417              	.LVL5:
 418 0004 8343     		bic	r3, r0
 419              	.LVL6:
 212:.\Generated_Source\PSoC4/HPD_P1.c ****     HPD_P1_INTCFG = intrCfg | ((uint32)position & (uint32)mode);
 420              		.loc 1 212 0
 421 0006 0840     		and	r0, r1
 422              	.LVL7:
 423 0008 1843     		orr	r0, r3
 424 000a 1060     		str	r0, [r2]
 425              		.loc 1 213 0
 426 000c 7047     		bx	lr
 427              	.L15:
 428 000e C046     		.align	2
 429              	.L14:
 430 0010 0C020440 		.word	1074004492
 431              		.cfi_endproc
 432              	.LFE4:
 433              		.size	HPD_P1_SetInterruptMode, .-HPD_P1_SetInterruptMode
 434              		.section	.text.HPD_P1_ClearInterrupt,"ax",%progbits
 435              		.align	1
 436              		.global	HPD_P1_ClearInterrupt
ARM GAS  C:\Users\victo\AppData\Local\Temp\cccMNN5s.s 			page 27


 437              		.code	16
 438              		.thumb_func
 439              		.type	HPD_P1_ClearInterrupt, %function
 440              	HPD_P1_ClearInterrupt:
 441              	.LFB5:
 214:.\Generated_Source\PSoC4/HPD_P1.c **** 
 215:.\Generated_Source\PSoC4/HPD_P1.c **** 
 216:.\Generated_Source\PSoC4/HPD_P1.c **** /*******************************************************************************
 217:.\Generated_Source\PSoC4/HPD_P1.c **** * Function Name: HPD_P1_ClearInterrupt
 218:.\Generated_Source\PSoC4/HPD_P1.c **** ****************************************************************************//**
 219:.\Generated_Source\PSoC4/HPD_P1.c **** *
 220:.\Generated_Source\PSoC4/HPD_P1.c **** * \brief Clears any active interrupts attached with the component and returns 
 221:.\Generated_Source\PSoC4/HPD_P1.c **** *  the value of the interrupt status register allowing determination of which
 222:.\Generated_Source\PSoC4/HPD_P1.c **** *  pins generated an interrupt event.
 223:.\Generated_Source\PSoC4/HPD_P1.c **** *
 224:.\Generated_Source\PSoC4/HPD_P1.c **** * \return 
 225:.\Generated_Source\PSoC4/HPD_P1.c **** *  The right-shifted current value of the interrupt status register. Each pin 
 226:.\Generated_Source\PSoC4/HPD_P1.c **** *  has one bit set if it generated an interrupt event. For example, bit 0 is 
 227:.\Generated_Source\PSoC4/HPD_P1.c **** *  for pin 0 and bit 1 is for pin 1 of the Pins component.
 228:.\Generated_Source\PSoC4/HPD_P1.c **** *  
 229:.\Generated_Source\PSoC4/HPD_P1.c **** * \sideeffect
 230:.\Generated_Source\PSoC4/HPD_P1.c **** *  Clears all bits of the physical port's interrupt status register, not just
 231:.\Generated_Source\PSoC4/HPD_P1.c **** *  those associated with the Pins component.
 232:.\Generated_Source\PSoC4/HPD_P1.c **** *
 233:.\Generated_Source\PSoC4/HPD_P1.c **** * \funcusage
 234:.\Generated_Source\PSoC4/HPD_P1.c **** *  \snippet HPD_P1_SUT.c usage_HPD_P1_ClearInterrupt
 235:.\Generated_Source\PSoC4/HPD_P1.c **** *******************************************************************************/
 236:.\Generated_Source\PSoC4/HPD_P1.c **** uint8 HPD_P1_ClearInterrupt(void)
 237:.\Generated_Source\PSoC4/HPD_P1.c **** {
 442              		.loc 1 237 0
 443              		.cfi_startproc
 238:.\Generated_Source\PSoC4/HPD_P1.c **** 	uint8 maskedStatus = (uint8)(HPD_P1_INTSTAT & HPD_P1_MASK);
 444              		.loc 1 238 0
 445 0000 0823     		mov	r3, #8
 446 0002 034A     		ldr	r2, .L17
 239:.\Generated_Source\PSoC4/HPD_P1.c **** 	HPD_P1_INTSTAT = maskedStatus;
 240:.\Generated_Source\PSoC4/HPD_P1.c ****     return maskedStatus >> HPD_P1_SHIFT;
 241:.\Generated_Source\PSoC4/HPD_P1.c **** }
 447              		.loc 1 241 0
 448              		@ sp needed
 238:.\Generated_Source\PSoC4/HPD_P1.c **** 	uint8 maskedStatus = (uint8)(HPD_P1_INTSTAT & HPD_P1_MASK);
 449              		.loc 1 238 0
 450 0004 1068     		ldr	r0, [r2]
 451 0006 1840     		and	r0, r3
 452              	.LVL8:
 239:.\Generated_Source\PSoC4/HPD_P1.c **** 	HPD_P1_INTSTAT = maskedStatus;
 453              		.loc 1 239 0
 454 0008 1060     		str	r0, [r2]
 240:.\Generated_Source\PSoC4/HPD_P1.c **** }
 455              		.loc 1 240 0
 456 000a C008     		lsr	r0, r0, #3
 457              	.LVL9:
 458 000c C0B2     		uxtb	r0, r0
 459              		.loc 1 241 0
 460 000e 7047     		bx	lr
 461              	.L18:
 462              		.align	2
ARM GAS  C:\Users\victo\AppData\Local\Temp\cccMNN5s.s 			page 28


 463              	.L17:
 464 0010 10020440 		.word	1074004496
 465              		.cfi_endproc
 466              	.LFE5:
 467              		.size	HPD_P1_ClearInterrupt, .-HPD_P1_ClearInterrupt
 468              		.text
 469              	.Letext0:
 470              		.file 2 ".\\Generated_Source\\PSoC4\\cytypes.h"
 471              		.section	.debug_info,"",%progbits
 472              	.Ldebug_info0:
 473 0000 97010000 		.4byte	0x197
 474 0004 0400     		.2byte	0x4
 475 0006 00000000 		.4byte	.Ldebug_abbrev0
 476 000a 04       		.byte	0x4
 477 000b 01       		.uleb128 0x1
 478 000c C8000000 		.4byte	.LASF27
 479 0010 01       		.byte	0x1
 480 0011 1F020000 		.4byte	.LASF28
 481 0015 9F010000 		.4byte	.LASF29
 482 0019 00000000 		.4byte	.Ldebug_ranges0+0
 483 001d 00000000 		.4byte	0
 484 0021 00000000 		.4byte	.Ldebug_line0
 485 0025 02       		.uleb128 0x2
 486 0026 01       		.byte	0x1
 487 0027 06       		.byte	0x6
 488 0028 84020000 		.4byte	.LASF0
 489 002c 02       		.uleb128 0x2
 490 002d 01       		.byte	0x1
 491 002e 08       		.byte	0x8
 492 002f 32000000 		.4byte	.LASF1
 493 0033 02       		.uleb128 0x2
 494 0034 02       		.byte	0x2
 495 0035 05       		.byte	0x5
 496 0036 59020000 		.4byte	.LASF2
 497 003a 02       		.uleb128 0x2
 498 003b 02       		.byte	0x2
 499 003c 07       		.byte	0x7
 500 003d 58000000 		.4byte	.LASF3
 501 0041 02       		.uleb128 0x2
 502 0042 04       		.byte	0x4
 503 0043 05       		.byte	0x5
 504 0044 69020000 		.4byte	.LASF4
 505 0048 02       		.uleb128 0x2
 506 0049 04       		.byte	0x4
 507 004a 07       		.byte	0x7
 508 004b 46000000 		.4byte	.LASF5
 509 004f 02       		.uleb128 0x2
 510 0050 08       		.byte	0x8
 511 0051 05       		.byte	0x5
 512 0052 04020000 		.4byte	.LASF6
 513 0056 02       		.uleb128 0x2
 514 0057 08       		.byte	0x8
 515 0058 07       		.byte	0x7
 516 0059 B1000000 		.4byte	.LASF7
 517 005d 03       		.uleb128 0x3
 518 005e 04       		.byte	0x4
 519 005f 05       		.byte	0x5
ARM GAS  C:\Users\victo\AppData\Local\Temp\cccMNN5s.s 			page 29


 520 0060 696E7400 		.ascii	"int\000"
 521 0064 02       		.uleb128 0x2
 522 0065 04       		.byte	0x4
 523 0066 07       		.byte	0x7
 524 0067 A4000000 		.4byte	.LASF8
 525 006b 04       		.uleb128 0x4
 526 006c 63020000 		.4byte	.LASF9
 527 0070 02       		.byte	0x2
 528 0071 9801     		.2byte	0x198
 529 0073 2C000000 		.4byte	0x2c
 530 0077 04       		.uleb128 0x4
 531 0078 85000000 		.4byte	.LASF10
 532 007c 02       		.byte	0x2
 533 007d 9901     		.2byte	0x199
 534 007f 3A000000 		.4byte	0x3a
 535 0083 04       		.uleb128 0x4
 536 0084 95000000 		.4byte	.LASF11
 537 0088 02       		.byte	0x2
 538 0089 9A01     		.2byte	0x19a
 539 008b 48000000 		.4byte	0x48
 540 008f 02       		.uleb128 0x2
 541 0090 04       		.byte	0x4
 542 0091 04       		.byte	0x4
 543 0092 2C000000 		.4byte	.LASF12
 544 0096 02       		.uleb128 0x2
 545 0097 08       		.byte	0x8
 546 0098 04       		.byte	0x4
 547 0099 7E000000 		.4byte	.LASF13
 548 009d 02       		.uleb128 0x2
 549 009e 01       		.byte	0x1
 550 009f 08       		.byte	0x8
 551 00a0 72020000 		.4byte	.LASF14
 552 00a4 04       		.uleb128 0x4
 553 00a5 0C000000 		.4byte	.LASF15
 554 00a9 02       		.byte	0x2
 555 00aa 4402     		.2byte	0x244
 556 00ac B0000000 		.4byte	0xb0
 557 00b0 05       		.uleb128 0x5
 558 00b1 83000000 		.4byte	0x83
 559 00b5 06       		.uleb128 0x6
 560 00b6 12000000 		.4byte	.LASF16
 561 00ba 01       		.byte	0x1
 562 00bb 48       		.byte	0x48
 563 00bc 00000000 		.4byte	.LFB0
 564 00c0 18000000 		.4byte	.LFE0-.LFB0
 565 00c4 01       		.uleb128 0x1
 566 00c5 9C       		.byte	0x9c
 567 00c6 DA000000 		.4byte	0xda
 568 00ca 07       		.uleb128 0x7
 569 00cb 84010000 		.4byte	.LASF18
 570 00cf 01       		.byte	0x1
 571 00d0 48       		.byte	0x48
 572 00d1 6B000000 		.4byte	0x6b
 573 00d5 00000000 		.4byte	.LLST0
 574 00d9 00       		.byte	0
 575 00da 06       		.uleb128 0x6
 576 00db 77020000 		.4byte	.LASF17
ARM GAS  C:\Users\victo\AppData\Local\Temp\cccMNN5s.s 			page 30


 577 00df 01       		.byte	0x1
 578 00e0 6F       		.byte	0x6f
 579 00e1 00000000 		.4byte	.LFB1
 580 00e5 18000000 		.4byte	.LFE1-.LFB1
 581 00e9 01       		.uleb128 0x1
 582 00ea 9C       		.byte	0x9c
 583 00eb 0A010000 		.4byte	0x10a
 584 00ef 07       		.uleb128 0x7
 585 00f0 26000000 		.4byte	.LASF19
 586 00f4 01       		.byte	0x1
 587 00f5 6F       		.byte	0x6f
 588 00f6 6B000000 		.4byte	0x6b
 589 00fa 21000000 		.4byte	.LLST1
 590 00fe 08       		.uleb128 0x8
 591 00ff 40000000 		.4byte	.LASF30
 592 0103 01       		.byte	0x1
 593 0104 71       		.byte	0x71
 594 0105 6B000000 		.4byte	0x6b
 595 0109 00       		.byte	0
 596 010a 09       		.uleb128 0x9
 597 010b 00000000 		.4byte	.LASF20
 598 010f 01       		.byte	0x1
 599 0110 88       		.byte	0x88
 600 0111 6B000000 		.4byte	0x6b
 601 0115 00000000 		.4byte	.LFB2
 602 0119 10000000 		.4byte	.LFE2-.LFB2
 603 011d 01       		.uleb128 0x1
 604 011e 9C       		.byte	0x9c
 605 011f 09       		.uleb128 0x9
 606 0120 6B000000 		.4byte	.LASF21
 607 0124 01       		.byte	0x1
 608 0125 A4       		.byte	0xa4
 609 0126 6B000000 		.4byte	0x6b
 610 012a 00000000 		.4byte	.LFB3
 611 012e 10000000 		.4byte	.LFE3-.LFB3
 612 0132 01       		.uleb128 0x1
 613 0133 9C       		.byte	0x9c
 614 0134 06       		.uleb128 0x6
 615 0135 41020000 		.4byte	.LASF22
 616 0139 01       		.byte	0x1
 617 013a CF       		.byte	0xcf
 618 013b 00000000 		.4byte	.LFB4
 619 013f 14000000 		.4byte	.LFE4-.LFB4
 620 0143 01       		.uleb128 0x1
 621 0144 9C       		.byte	0x9c
 622 0145 75010000 		.4byte	0x175
 623 0149 07       		.uleb128 0x7
 624 014a 8C000000 		.4byte	.LASF23
 625 014e 01       		.byte	0x1
 626 014f CF       		.byte	0xcf
 627 0150 77000000 		.4byte	0x77
 628 0154 42000000 		.4byte	.LLST2
 629 0158 0A       		.uleb128 0xa
 630 0159 84010000 		.4byte	.LASF18
 631 015d 01       		.byte	0x1
 632 015e CF       		.byte	0xcf
 633 015f 77000000 		.4byte	0x77
ARM GAS  C:\Users\victo\AppData\Local\Temp\cccMNN5s.s 			page 31


 634 0163 01       		.uleb128 0x1
 635 0164 51       		.byte	0x51
 636 0165 0B       		.uleb128 0xb
 637 0166 9C000000 		.4byte	.LASF25
 638 016a 01       		.byte	0x1
 639 016b D1       		.byte	0xd1
 640 016c 83000000 		.4byte	0x83
 641 0170 63000000 		.4byte	.LLST3
 642 0174 00       		.byte	0
 643 0175 0C       		.uleb128 0xc
 644 0176 89010000 		.4byte	.LASF24
 645 017a 01       		.byte	0x1
 646 017b EC       		.byte	0xec
 647 017c 6B000000 		.4byte	0x6b
 648 0180 00000000 		.4byte	.LFB5
 649 0184 14000000 		.4byte	.LFE5-.LFB5
 650 0188 01       		.uleb128 0x1
 651 0189 9C       		.byte	0x9c
 652 018a 0B       		.uleb128 0xb
 653 018b 12020000 		.4byte	.LASF26
 654 018f 01       		.byte	0x1
 655 0190 EE       		.byte	0xee
 656 0191 6B000000 		.4byte	0x6b
 657 0195 80000000 		.4byte	.LLST4
 658 0199 00       		.byte	0
 659 019a 00       		.byte	0
 660              		.section	.debug_abbrev,"",%progbits
 661              	.Ldebug_abbrev0:
 662 0000 01       		.uleb128 0x1
 663 0001 11       		.uleb128 0x11
 664 0002 01       		.byte	0x1
 665 0003 25       		.uleb128 0x25
 666 0004 0E       		.uleb128 0xe
 667 0005 13       		.uleb128 0x13
 668 0006 0B       		.uleb128 0xb
 669 0007 03       		.uleb128 0x3
 670 0008 0E       		.uleb128 0xe
 671 0009 1B       		.uleb128 0x1b
 672 000a 0E       		.uleb128 0xe
 673 000b 55       		.uleb128 0x55
 674 000c 17       		.uleb128 0x17
 675 000d 11       		.uleb128 0x11
 676 000e 01       		.uleb128 0x1
 677 000f 10       		.uleb128 0x10
 678 0010 17       		.uleb128 0x17
 679 0011 00       		.byte	0
 680 0012 00       		.byte	0
 681 0013 02       		.uleb128 0x2
 682 0014 24       		.uleb128 0x24
 683 0015 00       		.byte	0
 684 0016 0B       		.uleb128 0xb
 685 0017 0B       		.uleb128 0xb
 686 0018 3E       		.uleb128 0x3e
 687 0019 0B       		.uleb128 0xb
 688 001a 03       		.uleb128 0x3
 689 001b 0E       		.uleb128 0xe
 690 001c 00       		.byte	0
ARM GAS  C:\Users\victo\AppData\Local\Temp\cccMNN5s.s 			page 32


 691 001d 00       		.byte	0
 692 001e 03       		.uleb128 0x3
 693 001f 24       		.uleb128 0x24
 694 0020 00       		.byte	0
 695 0021 0B       		.uleb128 0xb
 696 0022 0B       		.uleb128 0xb
 697 0023 3E       		.uleb128 0x3e
 698 0024 0B       		.uleb128 0xb
 699 0025 03       		.uleb128 0x3
 700 0026 08       		.uleb128 0x8
 701 0027 00       		.byte	0
 702 0028 00       		.byte	0
 703 0029 04       		.uleb128 0x4
 704 002a 16       		.uleb128 0x16
 705 002b 00       		.byte	0
 706 002c 03       		.uleb128 0x3
 707 002d 0E       		.uleb128 0xe
 708 002e 3A       		.uleb128 0x3a
 709 002f 0B       		.uleb128 0xb
 710 0030 3B       		.uleb128 0x3b
 711 0031 05       		.uleb128 0x5
 712 0032 49       		.uleb128 0x49
 713 0033 13       		.uleb128 0x13
 714 0034 00       		.byte	0
 715 0035 00       		.byte	0
 716 0036 05       		.uleb128 0x5
 717 0037 35       		.uleb128 0x35
 718 0038 00       		.byte	0
 719 0039 49       		.uleb128 0x49
 720 003a 13       		.uleb128 0x13
 721 003b 00       		.byte	0
 722 003c 00       		.byte	0
 723 003d 06       		.uleb128 0x6
 724 003e 2E       		.uleb128 0x2e
 725 003f 01       		.byte	0x1
 726 0040 3F       		.uleb128 0x3f
 727 0041 19       		.uleb128 0x19
 728 0042 03       		.uleb128 0x3
 729 0043 0E       		.uleb128 0xe
 730 0044 3A       		.uleb128 0x3a
 731 0045 0B       		.uleb128 0xb
 732 0046 3B       		.uleb128 0x3b
 733 0047 0B       		.uleb128 0xb
 734 0048 27       		.uleb128 0x27
 735 0049 19       		.uleb128 0x19
 736 004a 11       		.uleb128 0x11
 737 004b 01       		.uleb128 0x1
 738 004c 12       		.uleb128 0x12
 739 004d 06       		.uleb128 0x6
 740 004e 40       		.uleb128 0x40
 741 004f 18       		.uleb128 0x18
 742 0050 9742     		.uleb128 0x2117
 743 0052 19       		.uleb128 0x19
 744 0053 01       		.uleb128 0x1
 745 0054 13       		.uleb128 0x13
 746 0055 00       		.byte	0
 747 0056 00       		.byte	0
ARM GAS  C:\Users\victo\AppData\Local\Temp\cccMNN5s.s 			page 33


 748 0057 07       		.uleb128 0x7
 749 0058 05       		.uleb128 0x5
 750 0059 00       		.byte	0
 751 005a 03       		.uleb128 0x3
 752 005b 0E       		.uleb128 0xe
 753 005c 3A       		.uleb128 0x3a
 754 005d 0B       		.uleb128 0xb
 755 005e 3B       		.uleb128 0x3b
 756 005f 0B       		.uleb128 0xb
 757 0060 49       		.uleb128 0x49
 758 0061 13       		.uleb128 0x13
 759 0062 02       		.uleb128 0x2
 760 0063 17       		.uleb128 0x17
 761 0064 00       		.byte	0
 762 0065 00       		.byte	0
 763 0066 08       		.uleb128 0x8
 764 0067 34       		.uleb128 0x34
 765 0068 00       		.byte	0
 766 0069 03       		.uleb128 0x3
 767 006a 0E       		.uleb128 0xe
 768 006b 3A       		.uleb128 0x3a
 769 006c 0B       		.uleb128 0xb
 770 006d 3B       		.uleb128 0x3b
 771 006e 0B       		.uleb128 0xb
 772 006f 49       		.uleb128 0x49
 773 0070 13       		.uleb128 0x13
 774 0071 00       		.byte	0
 775 0072 00       		.byte	0
 776 0073 09       		.uleb128 0x9
 777 0074 2E       		.uleb128 0x2e
 778 0075 00       		.byte	0
 779 0076 3F       		.uleb128 0x3f
 780 0077 19       		.uleb128 0x19
 781 0078 03       		.uleb128 0x3
 782 0079 0E       		.uleb128 0xe
 783 007a 3A       		.uleb128 0x3a
 784 007b 0B       		.uleb128 0xb
 785 007c 3B       		.uleb128 0x3b
 786 007d 0B       		.uleb128 0xb
 787 007e 27       		.uleb128 0x27
 788 007f 19       		.uleb128 0x19
 789 0080 49       		.uleb128 0x49
 790 0081 13       		.uleb128 0x13
 791 0082 11       		.uleb128 0x11
 792 0083 01       		.uleb128 0x1
 793 0084 12       		.uleb128 0x12
 794 0085 06       		.uleb128 0x6
 795 0086 40       		.uleb128 0x40
 796 0087 18       		.uleb128 0x18
 797 0088 9742     		.uleb128 0x2117
 798 008a 19       		.uleb128 0x19
 799 008b 00       		.byte	0
 800 008c 00       		.byte	0
 801 008d 0A       		.uleb128 0xa
 802 008e 05       		.uleb128 0x5
 803 008f 00       		.byte	0
 804 0090 03       		.uleb128 0x3
ARM GAS  C:\Users\victo\AppData\Local\Temp\cccMNN5s.s 			page 34


 805 0091 0E       		.uleb128 0xe
 806 0092 3A       		.uleb128 0x3a
 807 0093 0B       		.uleb128 0xb
 808 0094 3B       		.uleb128 0x3b
 809 0095 0B       		.uleb128 0xb
 810 0096 49       		.uleb128 0x49
 811 0097 13       		.uleb128 0x13
 812 0098 02       		.uleb128 0x2
 813 0099 18       		.uleb128 0x18
 814 009a 00       		.byte	0
 815 009b 00       		.byte	0
 816 009c 0B       		.uleb128 0xb
 817 009d 34       		.uleb128 0x34
 818 009e 00       		.byte	0
 819 009f 03       		.uleb128 0x3
 820 00a0 0E       		.uleb128 0xe
 821 00a1 3A       		.uleb128 0x3a
 822 00a2 0B       		.uleb128 0xb
 823 00a3 3B       		.uleb128 0x3b
 824 00a4 0B       		.uleb128 0xb
 825 00a5 49       		.uleb128 0x49
 826 00a6 13       		.uleb128 0x13
 827 00a7 02       		.uleb128 0x2
 828 00a8 17       		.uleb128 0x17
 829 00a9 00       		.byte	0
 830 00aa 00       		.byte	0
 831 00ab 0C       		.uleb128 0xc
 832 00ac 2E       		.uleb128 0x2e
 833 00ad 01       		.byte	0x1
 834 00ae 3F       		.uleb128 0x3f
 835 00af 19       		.uleb128 0x19
 836 00b0 03       		.uleb128 0x3
 837 00b1 0E       		.uleb128 0xe
 838 00b2 3A       		.uleb128 0x3a
 839 00b3 0B       		.uleb128 0xb
 840 00b4 3B       		.uleb128 0x3b
 841 00b5 0B       		.uleb128 0xb
 842 00b6 27       		.uleb128 0x27
 843 00b7 19       		.uleb128 0x19
 844 00b8 49       		.uleb128 0x49
 845 00b9 13       		.uleb128 0x13
 846 00ba 11       		.uleb128 0x11
 847 00bb 01       		.uleb128 0x1
 848 00bc 12       		.uleb128 0x12
 849 00bd 06       		.uleb128 0x6
 850 00be 40       		.uleb128 0x40
 851 00bf 18       		.uleb128 0x18
 852 00c0 9742     		.uleb128 0x2117
 853 00c2 19       		.uleb128 0x19
 854 00c3 00       		.byte	0
 855 00c4 00       		.byte	0
 856 00c5 00       		.byte	0
 857              		.section	.debug_loc,"",%progbits
 858              	.Ldebug_loc0:
 859              	.LLST0:
 860 0000 00000000 		.4byte	.LVL0
 861 0004 08000000 		.4byte	.LVL1
ARM GAS  C:\Users\victo\AppData\Local\Temp\cccMNN5s.s 			page 35


 862 0008 0100     		.2byte	0x1
 863 000a 50       		.byte	0x50
 864 000b 08000000 		.4byte	.LVL1
 865 000f 18000000 		.4byte	.LFE0
 866 0013 0400     		.2byte	0x4
 867 0015 F3       		.byte	0xf3
 868 0016 01       		.uleb128 0x1
 869 0017 50       		.byte	0x50
 870 0018 9F       		.byte	0x9f
 871 0019 00000000 		.4byte	0
 872 001d 00000000 		.4byte	0
 873              	.LLST1:
 874 0021 00000000 		.4byte	.LVL2
 875 0025 06000000 		.4byte	.LVL3
 876 0029 0100     		.2byte	0x1
 877 002b 50       		.byte	0x50
 878 002c 06000000 		.4byte	.LVL3
 879 0030 18000000 		.4byte	.LFE1
 880 0034 0400     		.2byte	0x4
 881 0036 F3       		.byte	0xf3
 882 0037 01       		.uleb128 0x1
 883 0038 50       		.byte	0x50
 884 0039 9F       		.byte	0x9f
 885 003a 00000000 		.4byte	0
 886 003e 00000000 		.4byte	0
 887              	.LLST2:
 888 0042 00000000 		.4byte	.LVL4
 889 0046 08000000 		.4byte	.LVL7
 890 004a 0100     		.2byte	0x1
 891 004c 50       		.byte	0x50
 892 004d 08000000 		.4byte	.LVL7
 893 0051 14000000 		.4byte	.LFE4
 894 0055 0400     		.2byte	0x4
 895 0057 F3       		.byte	0xf3
 896 0058 01       		.uleb128 0x1
 897 0059 50       		.byte	0x50
 898 005a 9F       		.byte	0x9f
 899 005b 00000000 		.4byte	0
 900 005f 00000000 		.4byte	0
 901              	.LLST3:
 902 0063 04000000 		.4byte	.LVL5
 903 0067 06000000 		.4byte	.LVL6
 904 006b 0B00     		.2byte	0xb
 905 006d 70       		.byte	0x70
 906 006e 00       		.sleb128 0
 907 006f 0A       		.byte	0xa
 908 0070 FFFF     		.2byte	0xffff
 909 0072 1A       		.byte	0x1a
 910 0073 20       		.byte	0x20
 911 0074 73       		.byte	0x73
 912 0075 00       		.sleb128 0
 913 0076 1A       		.byte	0x1a
 914 0077 9F       		.byte	0x9f
 915 0078 00000000 		.4byte	0
 916 007c 00000000 		.4byte	0
 917              	.LLST4:
 918 0080 08000000 		.4byte	.LVL8
ARM GAS  C:\Users\victo\AppData\Local\Temp\cccMNN5s.s 			page 36


 919 0084 0C000000 		.4byte	.LVL9
 920 0088 0100     		.2byte	0x1
 921 008a 50       		.byte	0x50
 922 008b 0C000000 		.4byte	.LVL9
 923 008f 14000000 		.4byte	.LFE5
 924 0093 0400     		.2byte	0x4
 925 0095 72       		.byte	0x72
 926 0096 00       		.sleb128 0
 927 0097 06       		.byte	0x6
 928 0098 9F       		.byte	0x9f
 929 0099 00000000 		.4byte	0
 930 009d 00000000 		.4byte	0
 931              		.section	.debug_aranges,"",%progbits
 932 0000 44000000 		.4byte	0x44
 933 0004 0200     		.2byte	0x2
 934 0006 00000000 		.4byte	.Ldebug_info0
 935 000a 04       		.byte	0x4
 936 000b 00       		.byte	0
 937 000c 0000     		.2byte	0
 938 000e 0000     		.2byte	0
 939 0010 00000000 		.4byte	.LFB0
 940 0014 18000000 		.4byte	.LFE0-.LFB0
 941 0018 00000000 		.4byte	.LFB1
 942 001c 18000000 		.4byte	.LFE1-.LFB1
 943 0020 00000000 		.4byte	.LFB2
 944 0024 10000000 		.4byte	.LFE2-.LFB2
 945 0028 00000000 		.4byte	.LFB3
 946 002c 10000000 		.4byte	.LFE3-.LFB3
 947 0030 00000000 		.4byte	.LFB4
 948 0034 14000000 		.4byte	.LFE4-.LFB4
 949 0038 00000000 		.4byte	.LFB5
 950 003c 14000000 		.4byte	.LFE5-.LFB5
 951 0040 00000000 		.4byte	0
 952 0044 00000000 		.4byte	0
 953              		.section	.debug_ranges,"",%progbits
 954              	.Ldebug_ranges0:
 955 0000 00000000 		.4byte	.LFB0
 956 0004 18000000 		.4byte	.LFE0
 957 0008 00000000 		.4byte	.LFB1
 958 000c 18000000 		.4byte	.LFE1
 959 0010 00000000 		.4byte	.LFB2
 960 0014 10000000 		.4byte	.LFE2
 961 0018 00000000 		.4byte	.LFB3
 962 001c 10000000 		.4byte	.LFE3
 963 0020 00000000 		.4byte	.LFB4
 964 0024 14000000 		.4byte	.LFE4
 965 0028 00000000 		.4byte	.LFB5
 966 002c 14000000 		.4byte	.LFE5
 967 0030 00000000 		.4byte	0
 968 0034 00000000 		.4byte	0
 969              		.section	.debug_line,"",%progbits
 970              	.Ldebug_line0:
 971 0000 C8000000 		.section	.debug_str,"MS",%progbits,1
 971      02004500 
 971      00000201 
 971      FB0E0D00 
 971      01010101 
ARM GAS  C:\Users\victo\AppData\Local\Temp\cccMNN5s.s 			page 37


 972              	.LASF20:
 973 0000 4850445F 		.ascii	"HPD_P1_Read\000"
 973      50315F52 
 973      65616400 
 974              	.LASF15:
 975 000c 72656733 		.ascii	"reg32\000"
 975      3200
 976              	.LASF16:
 977 0012 4850445F 		.ascii	"HPD_P1_SetDriveMode\000"
 977      50315F53 
 977      65744472 
 977      6976654D 
 977      6F646500 
 978              	.LASF19:
 979 0026 76616C75 		.ascii	"value\000"
 979      6500
 980              	.LASF12:
 981 002c 666C6F61 		.ascii	"float\000"
 981      7400
 982              	.LASF1:
 983 0032 756E7369 		.ascii	"unsigned char\000"
 983      676E6564 
 983      20636861 
 983      7200
 984              	.LASF30:
 985 0040 64725661 		.ascii	"drVal\000"
 985      6C00
 986              	.LASF5:
 987 0046 6C6F6E67 		.ascii	"long unsigned int\000"
 987      20756E73 
 987      69676E65 
 987      6420696E 
 987      7400
 988              	.LASF3:
 989 0058 73686F72 		.ascii	"short unsigned int\000"
 989      7420756E 
 989      7369676E 
 989      65642069 
 989      6E7400
 990              	.LASF21:
 991 006b 4850445F 		.ascii	"HPD_P1_ReadDataReg\000"
 991      50315F52 
 991      65616444 
 991      61746152 
 991      656700
 992              	.LASF13:
 993 007e 646F7562 		.ascii	"double\000"
 993      6C6500
 994              	.LASF10:
 995 0085 75696E74 		.ascii	"uint16\000"
 995      313600
 996              	.LASF23:
 997 008c 706F7369 		.ascii	"position\000"
 997      74696F6E 
 997      00
 998              	.LASF11:
 999 0095 75696E74 		.ascii	"uint32\000"
ARM GAS  C:\Users\victo\AppData\Local\Temp\cccMNN5s.s 			page 38


 999      333200
 1000              	.LASF25:
 1001 009c 696E7472 		.ascii	"intrCfg\000"
 1001      43666700 
 1002              	.LASF8:
 1003 00a4 756E7369 		.ascii	"unsigned int\000"
 1003      676E6564 
 1003      20696E74 
 1003      00
 1004              	.LASF7:
 1005 00b1 6C6F6E67 		.ascii	"long long unsigned int\000"
 1005      206C6F6E 
 1005      6720756E 
 1005      7369676E 
 1005      65642069 
 1006              	.LASF27:
 1007 00c8 474E5520 		.ascii	"GNU C 4.9.3 20150303 (release) [ARM/embedded-4_9-br"
 1007      4320342E 
 1007      392E3320 
 1007      32303135 
 1007      30333033 
 1008 00fb 616E6368 		.ascii	"anch revision 221220] -mcpu=cortex-m0 -mthumb -g -O"
 1008      20726576 
 1008      6973696F 
 1008      6E203232 
 1008      31323230 
 1009 012e 73202D66 		.ascii	"s -ffunction-sections -finline-functions -flto -ffa"
 1009      66756E63 
 1009      74696F6E 
 1009      2D736563 
 1009      74696F6E 
 1010 0161 742D6C74 		.ascii	"t-lto-objects -fno-strict-aliasing\000"
 1010      6F2D6F62 
 1010      6A656374 
 1010      73202D66 
 1010      6E6F2D73 
 1011              	.LASF18:
 1012 0184 6D6F6465 		.ascii	"mode\000"
 1012      00
 1013              	.LASF24:
 1014 0189 4850445F 		.ascii	"HPD_P1_ClearInterrupt\000"
 1014      50315F43 
 1014      6C656172 
 1014      496E7465 
 1014      72727570 
 1015              	.LASF29:
 1016 019f 433A5C55 		.ascii	"C:\\Users\\victo\\OneDrive\\Documents\\PSoC Creator"
 1016      73657273 
 1016      5C766963 
 1016      746F5C4F 
 1016      6E654472 
 1017 01cd 5C435950 		.ascii	"\\CYPD4225-40LQXI_0805\\CYPD4225-40LQXI_notebook01."
 1017      44343232 
 1017      352D3430 
 1017      4C515849 
 1017      5F303830 
 1018 01fe 63796473 		.ascii	"cydsn\000"
ARM GAS  C:\Users\victo\AppData\Local\Temp\cccMNN5s.s 			page 39


 1018      6E00
 1019              	.LASF6:
 1020 0204 6C6F6E67 		.ascii	"long long int\000"
 1020      206C6F6E 
 1020      6720696E 
 1020      7400
 1021              	.LASF26:
 1022 0212 6D61736B 		.ascii	"maskedStatus\000"
 1022      65645374 
 1022      61747573 
 1022      00
 1023              	.LASF28:
 1024 021f 2E5C4765 		.ascii	".\\Generated_Source\\PSoC4\\HPD_P1.c\000"
 1024      6E657261 
 1024      7465645F 
 1024      536F7572 
 1024      63655C50 
 1025              	.LASF22:
 1026 0241 4850445F 		.ascii	"HPD_P1_SetInterruptMode\000"
 1026      50315F53 
 1026      6574496E 
 1026      74657272 
 1026      7570744D 
 1027              	.LASF2:
 1028 0259 73686F72 		.ascii	"short int\000"
 1028      7420696E 
 1028      7400
 1029              	.LASF9:
 1030 0263 75696E74 		.ascii	"uint8\000"
 1030      3800
 1031              	.LASF4:
 1032 0269 6C6F6E67 		.ascii	"long int\000"
 1032      20696E74 
 1032      00
 1033              	.LASF14:
 1034 0272 63686172 		.ascii	"char\000"
 1034      00
 1035              	.LASF17:
 1036 0277 4850445F 		.ascii	"HPD_P1_Write\000"
 1036      50315F57 
 1036      72697465 
 1036      00
 1037              	.LASF0:
 1038 0284 7369676E 		.ascii	"signed char\000"
 1038      65642063 
 1038      68617200 
 1039              		.comm	__gnu_lto_v1,1,1
 1040              		.ident	"GCC: (GNU Tools for ARM Embedded Processors) 4.9.3 20150303 (release) [ARM/embedded-4_9-br
