ARM GAS  C:\Users\victo\AppData\Local\Temp\ccrXnjpM.s 			page 1


   1              		.cpu cortex-m0
   2              		.fpu softvfp
   3              		.eabi_attribute 20, 1
   4              		.eabi_attribute 21, 1
   5              		.eabi_attribute 23, 3
   6              		.eabi_attribute 24, 1
   7              		.eabi_attribute 25, 1
   8              		.eabi_attribute 26, 1
   9              		.eabi_attribute 30, 4
  10              		.eabi_attribute 34, 0
  11              		.eabi_attribute 18, 4
  12              		.code	16
  13              		.file	"HPD_Timer_PM.c"
  14              		.text
  15              	.Ltext0:
  16              		.section	.gnu.lto_.profile.92f64cdc,"",%progbits
  17 0000 789C6366 		.ascii	"x\234cf```a\200\000F\006U~\000\000\315\000="
  17      60606061 
  17      80004606 
  17      557E0000 
  17      CD003D
  18              		.text
  19              		.section	.gnu.lto_.jmpfuncs.92f64cdc,"",%progbits
  20 0000 789C6366 		.ascii	"x\234cf\300\016\004\2404\013\0203\00213\204\311\000"
  20      C00E04A0 
  20      340B1033 
  20      02313384 
  20      C900
  21 0012 0002B800 		.ascii	"\000\002\270\000 "
  21      20
  22              		.text
  23              		.section	.gnu.lto_.inline.92f64cdc,"",%progbits
  24 0000 789C6366 		.ascii	"x\234cf\300\016\302\2404\013\003\0033\023#\003\023\220"
  24      C00EC2A0 
  24      340B0303 
  24      33132303 
  24      1390
  25 0012 C9B6401E 		.ascii	"\311\266@\036D102p\011\002Ex&\370!\204\270\200\0043"
  25      44313032 
  25      70090245 
  25      7826F821 
  25      84B88004 
  26 0027 864A1606 		.ascii	"\206J\026\006vN\240\010\333\007=T\225\014\000\002\334"
  26      764EA008 
  26      DB073D54 
  26      950C0002 
  26      DC
  27 0038 05E7     		.ascii	"\005\347"
  28              		.text
  29              		.section	.gnu.lto_.pureconst.92f64cdc,"",%progbits
  30 0000 789C6366 		.ascii	"x\234cf``\340d\200\000\026\006\006F)f\006\026\011\000"
  30      6060E064 
  30      80001606 
  30      06462966 
  30      06160900 
  31 0014 01C5004B 		.ascii	"\001\305\000K"
  32              		.text
ARM GAS  C:\Users\victo\AppData\Local\Temp\ccrXnjpM.s 			page 2


  33              		.section	.gnu.lto_HPD_Timer_SaveConfig.92f64cdc,"",%progbits
  34 0000 789C6366 		.ascii	"x\234cf\300\004R@\\\012\304Z@\314\310\314\300\3104\341"
  34      C0045240 
  34      5C0AC45A 
  34      40CCC8CC 
  34      C0C834E1 
  35 0014 1C034323 		.ascii	"\034\003C#\007\023##\210\301\300\310P\317\304X\317\370"
  35      07132323 
  35      88C1C0C8 
  35      50CFC458 
  35      CFF8
  36 0026 92E92313 		.ascii	"\222\351#\023\343\204\003\253gp\253/mhh\370\360\350"
  36      E38403AB 
  36      6770AB2F 
  36      6D6868F8 
  36      F0E8
  37 0038 6463C001 		.ascii	"dc\300\001\306\237L\014\014\237\231 \3460.gTg\000*\372"
  37      C69F4C0C 
  37      0C9F9920 
  37      E6302E67 
  37      5467002A 
  38 004d D8F2F73A 		.ascii	"\330\362\367:7[\013P\221\000D\216q\005#\033#\220^/t"
  38      375B0B50 
  38      9100448E 
  38      7105231B 
  38      23905E2F 
  39 0062 A0E1FFFF 		.ascii	"\240\341\377\377\317\313\017nb\004\012?\001b\220\005"
  39      CFCB0F6E 
  39      62040A3F 
  39      01629005 
  40 0072 4F999840 		.ascii	"O\231\230@4\363=FF\220B\220IO\230\030AB@\005\032z1\356"
  40      34F33D46 
  40      46904290 
  40      494F9818 
  40      41424005 
  41 008a A979A945 		.ascii	"\251y\251E\211%\251)\361\301\371\245E\311\2511\001\301"
  41      8925A929 
  41      F1C1F9A5 
  41      45C9A931 
  41      01C1
  42 009c F9CE2631 		.ascii	"\371\316&1\036\001.\361!\231\271\251E\361\001\276z\311"
  42      1E012EF1 
  42      2199B9A9 
  42      45F101BE 
  42      7AC9
  43 00ae 0C006375 		.ascii	"\014\000cu8]"
  43      385D
  44              		.text
  45              		.section	.gnu.lto_HPD_Timer_Sleep.92f64cdc,"",%progbits
  46 0000 789C7D91 		.ascii	"x\234}\221MH\025Q\030\206\277\367\234\231q\314\240h"
  46      4D481551 
  46      1886BFF7 
  46      9C9971CC 
  46      A068
  47 0012 E9E26E8D 		.ascii	"\351\342n\215@\335\264i\321\252\2506\305\005\2036\027"
  47      40DDB469 
  47      D1AAA836 
ARM GAS  C:\Users\victo\AppData\Local\Temp\ccrXnjpM.s 			page 3


  47      C5058336 
  47      17
  48 0023 2E61B368 		.ascii	".a\263hQ\302\245\226\027\317t\207\210\210\024\202\210"
  48      51C2A596 
  48      17CF7487 
  48      88881482 
  48      88
  49 0034 EC1A4499 		.ascii	"\354\032D\231u\375\353\366\267\310h\012\262]\027\311"
  49      75FDEBF6 
  49      B7C8680A 
  49      B25D17C9 
  50 0044 8A448A40 		.ascii	"\212D\212@\303v\332\205l\010\265\357;c?\03080\363\235"
  50      C376DA85 
  50      6C08B5EF 
  50      3B633F18 
  50      3830F39D 
  51 0058 9F67DEF7 		.ascii	"\237g\336\367=\337\321\364\377\263\233\337#\212h\007"
  51      3DDFD1F4 
  51      FFB39BDF 
  51      238A6807 
  52 0068 577804D5 		.ascii	"Wx\004\325\373\232(\364\225\322\343\0312\233\234\251"
  52      FB9A28F4 
  52      95D2E319 
  52      329B9CA9 
  53 0078 76329B35 		.ascii	"v2\2335\334t\331\371=p\001\031\020\250[i\307E7\276\252"
  53      DC74D9F9 
  53      3D700119 
  53      10A85B69 
  53      C74537BE 
  54 008d 4585DEB8 		.ascii	"E\205\336\270r\245\251\345\2261f\341F-\314\306HX\272"
  54      72A5A9E5 
  54      963166E1 
  54      462DCCC6 
  54      4858BA
  55 00a0 AE522BDC 		.ascii	"\256R+\334F\0131\264\030-\277o\362\"\206\266\246{\030"
  55      460B31B4 
  55      182DBF6F 
  55      F22286B6 
  55      A67B18
  56 00b3 8407AEA3 		.ascii	"\204\007\256\243\333b\263\272Z\177\372\274\337\3635"
  56      DB62B3BA 
  56      5A7FFABC 
  56      DFF335
  57 00c2 250A8E7C 		.ascii	"%\012\216|\210f\031\022\2679\245\244\352i\274\370~\376"
  57      88661912 
  57      B739A5A4 
  57      EA69BCF8 
  57      7EFE
  58 00d4 CB9296FF 		.ascii	"\313\222\226\377\226\224f\311K\023+5=\257\022\245\214"
  58      969466C9 
  58      4B132B35 
  58      3DAF12A5 
  58      8C
  59 00e5 B9691C71 		.ascii	"\271i\034q\3714[\233\364\355\022\311t\370\335\345jc"
  59      F9345B9B 
  59      F4ED12C9 
  59      74F8DDE5 
ARM GAS  C:\Users\victo\AppData\Local\Temp\ccrXnjpM.s 			page 4


  59      6A63
  60 00f7 197D61C4 		.ascii	"\031}a\304\2314\356\240\031w\321\314\336\025\224A\323"
  60      9934EEA0 
  60      1977D1CC 
  60      DE159441 
  60      D3
  61 0108 28FD383B 		.ascii	"(\3758;\343\246\202N\252\371\252<_uD\000 \0141\373\026"
  61      E3A6824E 
  61      AAF9AA3C 
  61      5F754400 
  61      200C31FB 
  62 011d D1875266 		.ascii	"\321\207Rf\215a \034xr\241\301\002,3,b$\0315\215g8\342"
  62      8D61201C 
  62      7872A1C1 
  62      022C332C 
  62      62241935 
  63 0135 9985B167 		.ascii	"\231\205\261g\207\004f\262\377\315\305\021U\374i\316"
  63      870466B2 
  63      FFCDC511 
  63      55FC69CE 
  64 0145 193F51CE 		.ascii	"\031?Q\316\262\234\371\337\204\216\235\016\206\3215"
  64      B29CF9DF 
  64      848E9D0E 
  64      86D135
  65 0154 48422394 		.ascii	"HB#\224\213\021\0241*\252\274\2672\324S\365Z+\334\262"
  65      8B111431 
  65      2AAABCB7 
  65      32D453F5 
  65      5A2BDCB2 
  66 0168 7857A23C 		.ascii	"xW\242<\2141\370\315\266\025\367\320\312\300\344\325"
  66      8C31F8CD 
  66      B615F7D0 
  66      CAC0E4D5 
  67 0178 81D216D1 		.ascii	"\201\322\026\321\342F\242j\263\314\261\356T{\232\344"
  67      E246A26A 
  67      B3CCB1EE 
  67      547B9AE4 
  68 0188 E5E7C60D 		.ascii	"\345\347\306\015\243\254\367\276\277\201\367\203\277"
  68      A3ACF7BE 
  68      BF81F783 
  68      BF
  69 0195 DE0FADF7 		.ascii	"\336\017\255\367\237sx\274\364h\315\333\26575\203R\334"
  69      9F7378BC 
  69      F468CDDB 
  69      B5373583 
  69      52DC
  70 01a7 37A1C49B 		.ascii	"7\241\304\233\326\2337\324m\343\036\243\310\267\354"
  70      D69B37D4 
  70      6DE31EA3 
  70      C8B7EC
  71 01b6 D34784F1 		.ascii	"\323G\204\361\365}\226$\271r\210\000\333lo\313\355\017"
  71      F57D9624 
  71      B9728800 
  71      DB6C6FCB 
  71      ED0F
  72 01c8 4E0685A3 		.ascii	"N\006\205\243\247\202c\371\216\256\323\205\316 \227"
  72      A78263F9 
ARM GAS  C:\Users\victo\AppData\Local\Temp\ccrXnjpM.s 			page 5


  72      8EAED385 
  72      CE2097
  73 01d7 EDE8DAB3 		.ascii	"\355\350\332\2633w \2737\177\370\370\211\240\220\317"
  73      337720BB 
  73      377FF8F8 
  73      89A090CF 
  74 01e7 1E6CEBA4 		.ascii	"\036l\353\244_\273n\346\312"
  74      5FBB6EE6 
  74      CA
  75              		.text
  76              		.section	.gnu.lto_HPD_Timer_RestoreConfig.92f64cdc,"",%progbits
  77 0000 789C6366 		.ascii	"x\234cf\300\004R@\\\012\304Z@\314\310\314\300\3104\341"
  77      C0045240 
  77      5C0AC45A 
  77      40CCC8CC 
  77      C0C834E1 
  78 0014 1C034323 		.ascii	"\034\003C#\007\023##\210\301\300\310P\317\304X\317\370"
  78      07132323 
  78      88C1C0C8 
  78      50CFC458 
  78      CFF8
  79 0026 92E92313 		.ascii	"\222\351#\023\343\204\003\253gp\253/mhh\370\320\264"
  79      E38403AB 
  79      6770AB2F 
  79      6D6868F8 
  79      D0B4
  80 0038 5DA255E2 		.ascii	"]\242U\342'\023\003\303g&\2101\214\313\031\325\031\200"
  80      271303C3 
  80      67268831 
  80      8CCB19D5 
  80      1980
  81 004a 6A3EB6FC 		.ascii	"j>\266\374\275\316\315\326\002T#\000\221c\\\301\310"
  81      BDCECDD6 
  81      02542300 
  81      91635CC1 
  81      C8
  82 005b C608A4D7 		.ascii	"\306\010\244\327\013\035h\370\377\377\363\235\211/\364"
  82      0B1D68F8 
  82      FFFFF39D 
  82      892FF4
  83 006a 1881E24F 		.ascii	"\030\201\342O\200\030d\301S&&\020\315|\217\221\021\244"
  83      801864C1 
  83      53262610 
  83      CD7C8F91 
  83      11A4
  84 007c 1264D413 		.ascii	"\022d\324\023&F\220\020P\201\206^\214{j^jQbIjJ|p~iQ"
  84      26469010 
  84      5081865E 
  84      8C7B6A5E 
  84      6A516249 
  85 0097 726A4C40 		.ascii	"rjL@p\276\263I\214G\200K|HfnjQ|\200\257^2\003\000\337"
  85      70BEB349 
  85      8C47804B 
  85      7C48666E 
  85      6A517C80 
  86 00b1 833777   		.ascii	"\2037w"
  87              		.text
ARM GAS  C:\Users\victo\AppData\Local\Temp\ccrXnjpM.s 			page 6


  88              		.section	.gnu.lto_HPD_Timer_Wakeup.92f64cdc,"",%progbits
  89 0000 789C654F 		.ascii	"x\234eO=HBQ\024>\347\334\347\017\351\020M\322\340j\024"
  89      3D484251 
  89      143EE7DC 
  89      E70FE910 
  89      4DD2E06A 
  90 0015 DA505B63 		.ascii	"\332P[c\201A\004\202\215\202\204\275\241\241\004\251"
  90      81410482 
  90      8D8284BD 
  90      A1A104A9 
  91 0025 51BC2F5F 		.ascii	"Q\274/_\340\020e[\320\317VY\232QC\203.\217\226\266\""
  91      E010655B 
  91      D0CF5659 
  91      9A514383 
  91      2E8F96B6 
  92 003a C2C28822 		.ascii	"\302\302\210\"0\250%2\203x\204\331\275\317!\250\013"
  92      30A82532 
  92      837884D9 
  92      BDCF21A8 
  92      0B
  93 004b 9773EF77 		.ascii	"\227s\357w\276\357|\337a\360\377\014\210;\206\000\275"
  93      BEEF7CDF 
  93      61F0FF0C 
  93      883B8600 
  93      BD
  94 005c A2A20D90 		.ascii	"\242\242\015\220\262\347\000\232\223\210\225\274\300"
  94      B2E7009A 
  94      938895BC 
  94      C0
  95 0069 3B94EB7E 		.ascii	";\224\353~\340n\206J\033V\020\345\003\020R\304\024L"
  95      E06E864A 
  95      1B5610E5 
  95      031052C4 
  95      144C
  96 007b E10BD509 		.ascii	"\341\013\325\011\263F~\315\345\333\346\234\277\235\226"
  96      B3467ECD 
  96      E5DBE69C 
  96      BF9D96
  97 008a 3D8B1E93 		.ascii	"=\213\036\223\000\032\324\236\217\273\350\003\301\251"
  97      001AD49E 
  97      8FBBE803 
  97      C1A9
  98 0098 EBCD1B97 		.ascii	"\353\315\033\227]\027\234\316v\017sh\027\276p\330e\360"
  98      5D179CCE 
  98      760F7368 
  98      17BE70D8 
  98      65F0
  99 00aa 56ABF1BA 		.ascii	"V\253\361\272\232\031B\033\003\223\004X\023\004\351"
  99      9A19421B 
  99      03930458 
  99      1304E9
 100 00b9 F344242B 		.ascii	"\363D$+\273\305\205\223\243\217G\207\324|\022\023\343"
 100      BBC58593 
 100      A38F4787 
 100      D47C1213 
 100      E3
 101 00ca B6AE968B 		.ascii	"\266\256\226\213\224\374\342\031\3564\211\232r\240@"
ARM GAS  C:\Users\victo\AppData\Local\Temp\ccrXnjpM.s 			page 7


 101      94FCE219 
 101      EE34899A 
 101      72A040
 102 00d9 1F6A1797 		.ascii	"\037j\027\227\316g\022\210\365\315i\372\006n\342\272"
 102      CE671288 
 102      F5CD69FA 
 102      066EE2BA 
 103 00e9 C6258BE1 		.ascii	"\306%\213\341\036&q\037\273\255\336wa\345\330\356\357"
 103      1E26711F 
 103      BBADDE77 
 103      61E5D8EE 
 103      EF
 104 00fa 3349C1BC 		.ascii	"3I\301\274\340\274[q\261\200~\250\240^M{\177\255\264"
 104      E0BC5B71 
 104      B1807EA8 
 104      A05E4D7B 
 104      7FADB4
 105 010d 9DF29243 		.ascii	"\235\362\222C\016\025\301\360@\312A&cP\362\262;L\033"
 105      0E15C1F0 
 105      40CA4126 
 105      6350F2B2 
 105      3B4C1B
 106 0120 9533B724 		.ascii	"\2253\267$\303\337T\266\206\245(bR,e\2674\212\265\315"
 106      C3DF54B6 
 106      86A52862 
 106      522C65B7 
 106      348AB5CD 
 107 0134 3D6A4635 		.ascii	"=jF5hi@\356\212\022\025\376=\201HP\235U\023\223s\352"
 107      686940EE 
 107      8A1215FE 
 107      3D814850 
 107      9D551393 
 108 014a 54341C9F 		.ascii	"T4\034\237O\304\324H(\034\037\036\214\214\206F\242\023"
 108      4FC4D448 
 108      281C1F1E 
 108      8C8C8646 
 108      A213
 109 015c D3336A22 		.ascii	"\3233j\"\032\032\017\304\340\0071\307\204/"
 109      1A1A0FC4 
 109      E00731C7 
 109      842F
 110              		.text
 111              		.section	.gnu.lto_.symbol_nodes.92f64cdc,"",%progbits
 112 0000 789C55CA 		.ascii	"x\234U\312\301\011\2000\020\005\321\331\335$X\220\265"
 112      C1098030 
 112      1005D1D9 
 112      DD245890 
 112      B5
 113 0011 79FD29C1 		.ascii	"y\375)\301\012$EX\202g{\020\254C\024\364\020\347\366"
 113      0A244558 
 113      82677B10 
 113      AC4314F4 
 113      10E7F6
 114 0024 600298F8 		.ascii	"`\002\230\370r\023\314;H,m\300]\326;Cs\205\207\374\267"
 114      7213CC3B 
 114      482C6DC0 
 114      5DD63B43 
ARM GAS  C:\Users\victo\AppData\Local\Temp\ccrXnjpM.s 			page 8


 114      738587FC 
 115 0039 25456FCB 		.ascii	"%Eo\313J\257\251\365aQ\356\030\226\331\216\313\"\025"
 115      4AAFA9F5 
 115      6151EE18 
 115      96D98ECB 
 115      2215
 116 004b CE75E406 		.ascii	"\316u\344\006\332!\035\243"
 116      DA211DA3 
 117              		.text
 118              		.section	.gnu.lto_.refs.92f64cdc,"",%progbits
 119 0000 789C6366 		.ascii	"x\234cf``\340c\200\000&FF&\026F&VF\026 \223\001\000"
 119      6060E063 
 119      80002646 
 119      46261646 
 119      26564616 
 120 0018 026D002C 		.ascii	"\002m\000,"
 121              		.text
 122              		.section	.gnu.lto_.decls.92f64cdc,"",%progbits
 123 0000 789C8D94 		.ascii	"x\234\215\224\177L\024G\024\307\347\355p\013w\234@B"
 123      7F4C1447 
 123      14C7E7ED 
 123      700B779C 
 123      4042
 124 0012 030DFF14 		.ascii	"\003\015\377\024$%\266!\244\305\376\321\377j\245\015"
 124      2425B621 
 124      A4C5FED1 
 124      FF6AA50D 
 125 0022 26A6CD45 		.ascii	"&\246\315E \376Q\022r\322\255%Z\356\202G\023\377\033"
 125      20FE5112 
 125      72D2AD25 
 125      5AEE8247 
 125      13FF1B
 126 0035 A105D212 		.ascii	"\241\005\322\022\005\202\221\320\246\234\021\254\374"
 126      058291D0 
 126      A69C11AC 
 126      FC
 127 0042 BCE3F8A5 		.ascii	"\274\343\370\245\240p\210\210\024(b\211\224V\355iJB"
 127      A0708888 
 127      14286289 
 127      9456ED69 
 127      4A42
 128 0054 D3985C2B 		.ascii	"\323\230\\+6RM\256ofw\331\265B\353$owf\366\275\317\373"
 128      36524DAE 
 128      6F6677D9 
 128      B542EB24 
 128      6F7766F6 
 129 006b CEBC99A5 		.ascii	"\316\274\231\245\204\220\327\200\220\0106\267\205\220"
 129      8490D780 
 129      900836B7 
 129      8590
 130 0079 D7B18F2F 		.ascii	"\327\261\217/\342 F\223\321\272\320z\320\374h\001\264"
 130      E2204693 
 130      D1BAD07A 
 130      D0FC6801 
 130      B4
 131 008a 7EB44134 		.ascii	"~\264A4t'W\310\323\255K\233\327\031\240\315\375\273"
 131      742757C8 
ARM GAS  C:\Users\victo\AppData\Local\Temp\ccrXnjpM.s 			page 9


 131      D3AD4B9B 
 131      D719A0CD 
 131      FDBB
 132 009c 719E55F3 		.ascii	"q\236U\363KC\273\2166\217\266\2006\2166\202v\003\255"
 132      4B43BB8E 
 132      368FB680 
 132      368E3682 
 132      7603AD
 133 00af 5D638CA2 		.ascii	"]c\214\242IZ\\\377\026\271\375\233\344\366o\222\233"
 133      495A5CFF 
 133      16B9FD9B 
 133      E4F66F92 
 133      9B
 134 00c0 AF215AF3 		.ascii	"\257!Z\363Kz\216\234\201\377X\357\037\022\314\334{\364"
 134      4B7A8E9C 
 134      81FF58EF 
 134      1F12CCDC 
 134      7BF4
 135 00d2 C0BE2A41 		.ascii	"\300\276*A\234-\201\017\233\227V\326(\016\3556\211\017"
 135      9C2D810F 
 135      9B9756D6 
 135      280EED36 
 135      890F
 136 00e4 07D7FFF2 		.ascii	"\007\327\377\362\311\311'\031o\225,A\002G\022|\013)"
 136      C9C92719 
 136      6F952C41 
 136      0247127C 
 136      0B29
 137 00f6 700E5290 		.ascii	"p\016R\220\330\016\311\370\374 J%\375yj\305M%\340\335"
 137      D80EC9F8 
 137      FC204A25 
 137      FD796AC5 
 137      4D25E0DD 
 138 010a 334D7717 		.ascii	"3Mw\027m\231\035\030T\303\202\217$#\333\340e\366\033"
 138      6D991D18 
 138      54C3828F 
 138      2423DBE0 
 138      65F61B
 139 011d 4DFD8685 		.ascii	"M\375\206\205\375\341\321\257\227\355\354\034\013F\""
 139      FDE1D1AF 
 139      97EDEC1C 
 139      0B4622
 140 012c 630C040B 		.ascii	"c\014\004\013:\200B'd\212\325c_\335\206.H\305\300\332"
 140      3A804227 
 140      648AD563 
 140      5FDD862E 
 140      48C5C0DA 
 141 0140 FBBE2A4A 		.ascii	"\373\276*Js\005\375\336\347'NX\020\342\365{\377\016"
 141      7305FDDE 
 141      E7274E58 
 141      10E2F57B 
 141      FF0E
 142 0152 B05D15EC 		.ascii	"\260]\025\354I$B\005\240\333\004\350\326\001=\002p\247"
 142      49244205 
 142      A0DB04E8 
 142      D6013D02 
 142      70A7
ARM GAS  C:\Users\victo\AppData\Local\Temp\ccrXnjpM.s 			page 10


 143 0164 ADFBA64C 		.ascii	"\255\373\246L\367\013@\333\227]\253\262P\341=\177F\326"
 143      F70B40DB 
 143      975DABB2 
 143      50E13D7F 
 143      46D6
 144 0176 350882CF 		.ascii	"5\010\202\317D\360\351\004\277 \234\356\365\005\255"
 144      44F0E904 
 144      BF209CEE 
 144      F505AD
 145 0185 D42508CD 		.ascii	"\324%\010\315s\025U\232\204[\032\341-\021\337k\212\357"
 145      7315559A 
 145      845B1AE1 
 145      2D11DF6B 
 145      8AEF
 146 0197 D5E30322 		.ascii	"\325\343\003\"~h\355\366\245m\024\363p\300b\373H\347"
 146      7E68EDF6 
 146      A56D14F3 
 146      70C062FB 
 146      48E7
 147 01a9 36048458 		.ascii	"6\004\204X\270erxw}e]#\013E\"/\251\033\321g\242\364"
 147      B8657278 
 147      777D655D 
 147      230B4522 
 147      2FA91BD1 
 148 01c0 E9947E41 		.ascii	"\351\224~A\251\273\375d\310J\007TJ\344\263Pu\234\240"
 148      A9BBFD64 
 148      C84A0754 
 148      4AE4B350 
 148      759CA0
 149 01d3 7857DBAB 		.ascii	"xW\333\253RM:\006L\204\001\2350(\010\365M\035\3631\364"
 149      524D3A06 
 149      4C84019D 
 149      302808F5 
 149      4D1DF331 
 150 01e8 AA4AB839 		.ascii	"\252J\2709V]\035C\357\250\203cgGj\243\261\370I6Q\254"
 150      565D1D43 
 150      EFA88363 
 150      67476AA3 
 150      B1F84936 
 151 01fe E333CDE3 		.ascii	"\3433\315\343T\014#\374\263\264\274\334\270N\301\226"
 151      540C23FC 
 151      B3B4BCDC 
 151      B84EC196 
 152 020e 51C35805 		.ascii	"Q\303X\005\01370\372\"\201\314\024x%\205\300E\310@7"
 152      0B3730FA 
 152      2281CC14 
 152      782585C0 
 152      45C84037 
 153 0222 91112EE0 		.ascii	"\221\021.\340\371\030\306\363\321\212\345\017\317V\367"
 153      F918C6F3 
 153      D18AE50F 
 153      CF56F7
 154 0231 ECAD64BB 		.ascii	"\354\255d\273`\004lp~C\223\310\240\035\211\261\236\037"
 154      60046C70 
 154      7E4393C8 
 154      A01D89B1 
 154      9E1F
ARM GAS  C:\Users\victo\AppData\Local\Temp\ccrXnjpM.s 			page 11


 155 0243 9A62688D 		.ascii	"\232bh\21588\364\370\203c\223\361\260=1\303\2139\302"
 155      3838F4F8 
 155      836393F1 
 155      B03D31C3 
 155      8B39C2
 156 0256 2D2B0D71 		.ascii	"-+\015q\247X(\010\"\374\022\206\217A\242\236r\007?\201"
 156      A7582808 
 156      22FC1286 
 156      8F41A29E 
 156      72073F81 
 157 026a AFE283D4 		.ascii	"\257\342\203\324\363\323\031\256\300,\272\036\"\034"
 157      F3D319AE 
 157      C02CBA1E 
 157      221C
 158 0278 31170451 		.ascii	"1\027\004Q\330(l\027\311\270\240\320tv\014\377H\364"
 158      D8286C17 
 158      C9B8A0D0 
 158      74760CFF 
 158      48F4
 159 028a DDD17548 		.ascii	"\335\321uHg\037\266V\307Cb\306\2634\270\214\220-\201"
 159      671FB656 
 159      C74362C6 
 159      B334B88C 
 159      902D81
 160 029d B332C038 		.ascii	"\2632\3008~\0342V\307\371\372\362\026\037\326\007\354"
 160      7E1C3256 
 160      C7F9FAF2 
 160      161FD607 
 160      EC
 161 02ae B451BD17 		.ascii	"\264Q\275\027\353?\257M\310\351\247\031\363\206G\177"
 161      EB3FAF4D 
 161      C8E9A719 
 161      F386477F 
 162 02be F24AB836 		.ascii	"\362J\2706$\360\222\011\302\204J\330X\303\204Z7\270"
 162      24F09209 
 162      C2844AD8 
 162      58C3845A 
 162      37B8
 163 02d0 02E9187B 		.ascii	"\002\351\030{\241gm.V\\\324T\216\032n\270\326$\213\213"
 163      A1676D2E 
 163      565CD454 
 163      8E1A6EB8 
 163      D6248B8B 
 164 02e4 1AC58735 		.ascii	"\032\305\2075\015\203\277[h\233\364T\035\323\324:\376"
 164      0D83BF5B 
 164      689BF454 
 164      1DD3D43A 
 164      FE
 165 02f5 F2D57AAB 		.ascii	"\362\325z\253U\014\371\2772\236O\335\375q\351b4\355"
 165      550CF9BF 
 165      329E4FDD 
 165      FD71E962 
 165      34ED
 166 0307 14EED2FD 		.ascii	"\024\356\322\375\306\212H,d\330\324\202M\251\005\233"
 166      C68A482C 
 166      64D8D482 
 166      4DA9059B 
ARM GAS  C:\Users\victo\AppData\Local\Temp\ccrXnjpM.s 			page 12


 167 0317 C51DFFCE 		.ascii	"\305\035\377\316XR\232V0Q\373\272Jf\335C`\022\013}\025"
 167      58529A56 
 167      3051FBBA 
 167      4A66DD43 
 167      60120B7D 
 168 032c 0B0D33B8 		.ascii	"\013\0153\270'iZ\365\257\341\3444Nr\305'\027\246l\266"
 168      27695AF5 
 168      AFE1E434 
 168      4E72C527 
 168      17A66CB6 
 169 0340 1AFEE778 		.ascii	"\032\376\347x\276\010)\330W\367\330\256)\011\325\366"
 169      BE0829D8 
 169      57F7D8AE 
 169      2909D5F6 
 170 0350 B54A8C45 		.ascii	"\265J\214E\301<*\2312\224\314\201!\345Y\360\367\233"
 170      C13C2A99 
 170      3294CC81 
 170      21E559F0 
 170      F79B
 171 0362 4B59F9B5 		.ascii	"KY\371\265\345\261l\377bC\274\200\352A\004\256\203]"
 171      E5B16CFF 
 171      6243BC80 
 171      EA4104AE 
 171      835D
 172 0374 EC34BEF9 		.ascii	"\3544\276\371Ee\315+V\2633/\216\341\274\2409/\010\347"
 172      4565CD2B 
 172      56B3332F 
 172      8EE1BCA0 
 172      392F08E7 
 173 0388 5BD3234B 		.ascii	"[\323#K6\2633\277}\206\363\015\260\353\302\261K^\330"
 173      36B333BF 
 173      7D86F30D 
 173      B0EBC2B1 
 173      4B5ED8
 174 039b E378A728 		.ascii	"\343x\247(\277\344\023\245\254(\317\371\251\222\343"
 174      BFE413A5 
 174      AC28CFF9 
 174      A992E3
 175 03aa 2AFDA8E4 		.ascii	"*\375\250\344\240\234\373~Aj\016\331\221U\230\253\224"
 175      A09CFB7E 
 175      416A0ED9 
 175      915598AB 
 175      94
 176 03bb 2A654E8F 		.ascii	"*eN\217\362aQ\236\253\274\254X)t\344\271r\336(4\202"
 176      F261519E 
 176      ABBCAC58 
 176      2974E4B9 
 176      72DE2834 
 177 03d0 1CEF6515 		.ascii	"\034\357e\025\223x\023\344\260\242\270\223\215\361>"
 177      937813E4 
 177      B0A2B893 
 177      8DF13E
 178 03df E588C755 		.ascii	"\345\210\307U\246q\023\214\371\375\316CJ\271;\316\024"
 178      A671138C 
 178      F9FDCE43 
 178      4AB93BCE 
 178      14
ARM GAS  C:\Users\victo\AppData\Local\Temp\ccrXnjpM.s 			page 13


 179 03f0 E871B95F 		.ascii	"\350q\271_\376\377\204Y\037\023\023\345\335R\347\201"
 179      FEFF8459 
 179      1F1313E5 
 179      DD52E781 
 180 0400 C38A29DD 		.ascii	"\303\212)\335\356\267s\366\0268\212\362\362\367\025"
 180      EEB773F6 
 180      16388AF2 
 180      F2F715
 181 040f E4E45BCA 		.ascii	"\344\344[\312KJ=o\246o\011->\3529\352V\216 2V\021\240"
 181      4B4A3D6F 
 181      A66F092D 
 181      3EEA39EA 
 181      568E2032 
 182 0426 3C0F3A99 		.ascii	"<\017:\231\360\007\234\305\207\312\335\2262\345\340"
 182      F0079CC5 
 182      87CADD96 
 182      32E5E0
 183 0435 CE6C99C3 		.ascii	"\316l\231\303vf\377\003\3051+l"
 183      7666FF03 
 183      C5312B6C 
 184              		.text
 185              		.section	.gnu.lto_.symtab.92f64cdc,"",%progbits
 186 0000 4850445F 		.ascii	"HPD_Timer_SaveConfig\000\000\000\000\000\000\000\000"
 186      54696D65 
 186      725F5361 
 186      7665436F 
 186      6E666967 
 187 001c 00000000 		.ascii	"\000\000\000\000\254\000\000\000HPD_Timer_Sleep\000"
 187      AC000000 
 187      4850445F 
 187      54696D65 
 187      725F536C 
 188 0034 00000000 		.ascii	"\000\000\000\000\000\000\000\000\000\000\000\256\000"
 188      00000000 
 188      000000AE 
 188      00
 189 0041 00004850 		.ascii	"\000\000HPD_Timer_RestoreConfig\000\000\000\000\000"
 189      445F5469 
 189      6D65725F 
 189      52657374 
 189      6F726543 
 190 005f 00000000 		.ascii	"\000\000\000\000\000\000\000\260\000\000\000HPD_Tim"
 190      000000B0 
 190      00000048 
 190      50445F54 
 190      696D
 191 0071 65725F57 		.ascii	"er_Wakeup\000\000\000\000\000\000\000\000\000\000\000"
 191      616B6575 
 191      70000000 
 191      00000000 
 191      00000000 
 192 0085 00B20000 		.ascii	"\000\262\000\000\000HPD_Timer_Stop\000\000\002\000\000"
 192      00485044 
 192      5F54696D 
 192      65725F53 
 192      746F7000 
 193 009d 00000000 		.ascii	"\000\000\000\000\000\000\000\264\000\000\000HPD_Tim"
ARM GAS  C:\Users\victo\AppData\Local\Temp\ccrXnjpM.s 			page 14


 193      000000B4 
 193      00000048 
 193      50445F54 
 193      696D
 194 00af 65725F45 		.ascii	"er_Enable\000\000\002\000\000\000\000\000\000\000\000"
 194      6E61626C 
 194      65000002 
 194      00000000 
 194      00000000 
 195 00c3 00B60000 		.ascii	"\000\266\000\000\000"
 195      00
 196              		.text
 197              		.section	.gnu.lto_.opts,"",%progbits
 198 0000 272D666E 		.ascii	"'-fno-trapv' '-mcpu=cortex-m0' '-mthumb' '-g' '-Os'"
 198      6F2D7472 
 198      61707627 
 198      20272D6D 
 198      6370753D 
 199 0033 20272D57 		.ascii	" '-Werror' '-ffunction-sections' '-finline-function"
 199      6572726F 
 199      72272027 
 199      2D666675 
 199      6E637469 
 200 0066 73272027 		.ascii	"s' '-flto' '-ffat-lto-objects' '-fno-strict-aliasin"
 200      2D666C74 
 200      6F272027 
 200      2D666661 
 200      742D6C74 
 201 0099 672700   		.ascii	"g'\000"
 202              		.text
 203              		.cfi_sections	.debug_frame
 204              		.section	.text.HPD_Timer_SaveConfig,"ax",%progbits
 205              		.align	1
 206              		.global	HPD_Timer_SaveConfig
 207              		.code	16
 208              		.thumb_func
 209              		.type	HPD_Timer_SaveConfig, %function
 210              	HPD_Timer_SaveConfig:
 211              	.LFB0:
 212              		.file 1 ".\\Generated_Source\\PSoC4\\HPD_Timer_PM.c"
   1:.\Generated_Source\PSoC4/HPD_Timer_PM.c **** /*******************************************************************************
   2:.\Generated_Source\PSoC4/HPD_Timer_PM.c **** * File Name: HPD_Timer_PM.c
   3:.\Generated_Source\PSoC4/HPD_Timer_PM.c **** * Version 2.0
   4:.\Generated_Source\PSoC4/HPD_Timer_PM.c **** *
   5:.\Generated_Source\PSoC4/HPD_Timer_PM.c **** * Description:
   6:.\Generated_Source\PSoC4/HPD_Timer_PM.c **** *  This file contains the setup, control, and status commands to support
   7:.\Generated_Source\PSoC4/HPD_Timer_PM.c **** *  the component operations in the low power mode.
   8:.\Generated_Source\PSoC4/HPD_Timer_PM.c **** *
   9:.\Generated_Source\PSoC4/HPD_Timer_PM.c **** * Note:
  10:.\Generated_Source\PSoC4/HPD_Timer_PM.c **** *  None
  11:.\Generated_Source\PSoC4/HPD_Timer_PM.c **** *
  12:.\Generated_Source\PSoC4/HPD_Timer_PM.c **** ********************************************************************************
  13:.\Generated_Source\PSoC4/HPD_Timer_PM.c **** * Copyright 2013-2014, Cypress Semiconductor Corporation.  All rights reserved.
  14:.\Generated_Source\PSoC4/HPD_Timer_PM.c **** * You may use this file only in accordance with the license, terms, conditions,
  15:.\Generated_Source\PSoC4/HPD_Timer_PM.c **** * disclaimers, and limitations in the end user license agreement accompanying
  16:.\Generated_Source\PSoC4/HPD_Timer_PM.c **** * the software package with which this file was provided.
  17:.\Generated_Source\PSoC4/HPD_Timer_PM.c **** *******************************************************************************/
ARM GAS  C:\Users\victo\AppData\Local\Temp\ccrXnjpM.s 			page 15


  18:.\Generated_Source\PSoC4/HPD_Timer_PM.c **** 
  19:.\Generated_Source\PSoC4/HPD_Timer_PM.c **** #include "HPD_Timer.h"
  20:.\Generated_Source\PSoC4/HPD_Timer_PM.c **** 
  21:.\Generated_Source\PSoC4/HPD_Timer_PM.c **** static HPD_Timer_BACKUP_STRUCT HPD_Timer_backup;
  22:.\Generated_Source\PSoC4/HPD_Timer_PM.c **** 
  23:.\Generated_Source\PSoC4/HPD_Timer_PM.c **** 
  24:.\Generated_Source\PSoC4/HPD_Timer_PM.c **** /*******************************************************************************
  25:.\Generated_Source\PSoC4/HPD_Timer_PM.c **** * Function Name: HPD_Timer_SaveConfig
  26:.\Generated_Source\PSoC4/HPD_Timer_PM.c **** ********************************************************************************
  27:.\Generated_Source\PSoC4/HPD_Timer_PM.c **** *
  28:.\Generated_Source\PSoC4/HPD_Timer_PM.c **** * Summary:
  29:.\Generated_Source\PSoC4/HPD_Timer_PM.c **** *  All configuration registers are retention. Nothing to save here.
  30:.\Generated_Source\PSoC4/HPD_Timer_PM.c **** *
  31:.\Generated_Source\PSoC4/HPD_Timer_PM.c **** * Parameters:
  32:.\Generated_Source\PSoC4/HPD_Timer_PM.c **** *  None
  33:.\Generated_Source\PSoC4/HPD_Timer_PM.c **** *
  34:.\Generated_Source\PSoC4/HPD_Timer_PM.c **** * Return:
  35:.\Generated_Source\PSoC4/HPD_Timer_PM.c **** *  None
  36:.\Generated_Source\PSoC4/HPD_Timer_PM.c **** *
  37:.\Generated_Source\PSoC4/HPD_Timer_PM.c **** *******************************************************************************/
  38:.\Generated_Source\PSoC4/HPD_Timer_PM.c **** void HPD_Timer_SaveConfig(void)
  39:.\Generated_Source\PSoC4/HPD_Timer_PM.c **** {
 213              		.loc 1 39 0
 214              		.cfi_startproc
  40:.\Generated_Source\PSoC4/HPD_Timer_PM.c **** 
  41:.\Generated_Source\PSoC4/HPD_Timer_PM.c **** }
 215              		.loc 1 41 0
 216              		@ sp needed
 217 0000 7047     		bx	lr
 218              		.cfi_endproc
 219              	.LFE0:
 220              		.size	HPD_Timer_SaveConfig, .-HPD_Timer_SaveConfig
 221              		.section	.text.HPD_Timer_Sleep,"ax",%progbits
 222              		.align	1
 223              		.global	HPD_Timer_Sleep
 224              		.code	16
 225              		.thumb_func
 226              		.type	HPD_Timer_Sleep, %function
 227              	HPD_Timer_Sleep:
 228              	.LFB1:
  42:.\Generated_Source\PSoC4/HPD_Timer_PM.c **** 
  43:.\Generated_Source\PSoC4/HPD_Timer_PM.c **** 
  44:.\Generated_Source\PSoC4/HPD_Timer_PM.c **** /*******************************************************************************
  45:.\Generated_Source\PSoC4/HPD_Timer_PM.c **** * Function Name: HPD_Timer_Sleep
  46:.\Generated_Source\PSoC4/HPD_Timer_PM.c **** ********************************************************************************
  47:.\Generated_Source\PSoC4/HPD_Timer_PM.c **** *
  48:.\Generated_Source\PSoC4/HPD_Timer_PM.c **** * Summary:
  49:.\Generated_Source\PSoC4/HPD_Timer_PM.c **** *  Stops the component operation and saves the user configuration.
  50:.\Generated_Source\PSoC4/HPD_Timer_PM.c **** *
  51:.\Generated_Source\PSoC4/HPD_Timer_PM.c **** * Parameters:
  52:.\Generated_Source\PSoC4/HPD_Timer_PM.c **** *  None
  53:.\Generated_Source\PSoC4/HPD_Timer_PM.c **** *
  54:.\Generated_Source\PSoC4/HPD_Timer_PM.c **** * Return:
  55:.\Generated_Source\PSoC4/HPD_Timer_PM.c **** *  None
  56:.\Generated_Source\PSoC4/HPD_Timer_PM.c **** *
  57:.\Generated_Source\PSoC4/HPD_Timer_PM.c **** *******************************************************************************/
  58:.\Generated_Source\PSoC4/HPD_Timer_PM.c **** void HPD_Timer_Sleep(void)
ARM GAS  C:\Users\victo\AppData\Local\Temp\ccrXnjpM.s 			page 16


  59:.\Generated_Source\PSoC4/HPD_Timer_PM.c **** {
 229              		.loc 1 59 0
 230              		.cfi_startproc
  60:.\Generated_Source\PSoC4/HPD_Timer_PM.c ****     if(0u != (HPD_Timer_BLOCK_CONTROL_REG & HPD_Timer_MASK))
 231              		.loc 1 60 0
 232 0000 0121     		mov	r1, #1
  59:.\Generated_Source\PSoC4/HPD_Timer_PM.c ****     if(0u != (HPD_Timer_BLOCK_CONTROL_REG & HPD_Timer_MASK))
 233              		.loc 1 59 0
 234 0002 08B5     		push	{r3, lr}
 235              		.cfi_def_cfa_offset 8
 236              		.cfi_offset 3, -8
 237              		.cfi_offset 14, -4
 238              		.loc 1 60 0
 239 0004 054B     		ldr	r3, .L6
 240 0006 064A     		ldr	r2, .L6+4
 241 0008 1B68     		ldr	r3, [r3]
 242 000a 0B40     		and	r3, r1
 243 000c 01D0     		beq	.L3
  61:.\Generated_Source\PSoC4/HPD_Timer_PM.c ****     {
  62:.\Generated_Source\PSoC4/HPD_Timer_PM.c ****         HPD_Timer_backup.enableState = 1u;
 244              		.loc 1 62 0
 245 000e 1170     		strb	r1, [r2]
 246 0010 00E0     		b	.L4
 247              	.L3:
  63:.\Generated_Source\PSoC4/HPD_Timer_PM.c ****     }
  64:.\Generated_Source\PSoC4/HPD_Timer_PM.c ****     else
  65:.\Generated_Source\PSoC4/HPD_Timer_PM.c ****     {
  66:.\Generated_Source\PSoC4/HPD_Timer_PM.c ****         HPD_Timer_backup.enableState = 0u;
 248              		.loc 1 66 0
 249 0012 1370     		strb	r3, [r2]
 250              	.L4:
  67:.\Generated_Source\PSoC4/HPD_Timer_PM.c ****     }
  68:.\Generated_Source\PSoC4/HPD_Timer_PM.c **** 
  69:.\Generated_Source\PSoC4/HPD_Timer_PM.c ****     HPD_Timer_Stop();
 251              		.loc 1 69 0
 252 0014 FFF7FEFF 		bl	HPD_Timer_Stop
 253              	.LVL0:
  70:.\Generated_Source\PSoC4/HPD_Timer_PM.c ****     HPD_Timer_SaveConfig();
  71:.\Generated_Source\PSoC4/HPD_Timer_PM.c **** }
 254              		.loc 1 71 0
 255              		@ sp needed
 256 0018 08BD     		pop	{r3, pc}
 257              	.L7:
 258 001a C046     		.align	2
 259              	.L6:
 260 001c 00000940 		.word	1074331648
 261 0020 00000000 		.word	.LANCHOR0
 262              		.cfi_endproc
 263              	.LFE1:
 264              		.size	HPD_Timer_Sleep, .-HPD_Timer_Sleep
 265              		.section	.text.HPD_Timer_RestoreConfig,"ax",%progbits
 266              		.align	1
 267              		.global	HPD_Timer_RestoreConfig
 268              		.code	16
 269              		.thumb_func
 270              		.type	HPD_Timer_RestoreConfig, %function
 271              	HPD_Timer_RestoreConfig:
ARM GAS  C:\Users\victo\AppData\Local\Temp\ccrXnjpM.s 			page 17


 272              	.LFB2:
  72:.\Generated_Source\PSoC4/HPD_Timer_PM.c **** 
  73:.\Generated_Source\PSoC4/HPD_Timer_PM.c **** 
  74:.\Generated_Source\PSoC4/HPD_Timer_PM.c **** /*******************************************************************************
  75:.\Generated_Source\PSoC4/HPD_Timer_PM.c **** * Function Name: HPD_Timer_RestoreConfig
  76:.\Generated_Source\PSoC4/HPD_Timer_PM.c **** ********************************************************************************
  77:.\Generated_Source\PSoC4/HPD_Timer_PM.c **** *
  78:.\Generated_Source\PSoC4/HPD_Timer_PM.c **** * Summary:
  79:.\Generated_Source\PSoC4/HPD_Timer_PM.c **** *  All configuration registers are retention. Nothing to restore here.
  80:.\Generated_Source\PSoC4/HPD_Timer_PM.c **** *
  81:.\Generated_Source\PSoC4/HPD_Timer_PM.c **** * Parameters:
  82:.\Generated_Source\PSoC4/HPD_Timer_PM.c **** *  None
  83:.\Generated_Source\PSoC4/HPD_Timer_PM.c **** *
  84:.\Generated_Source\PSoC4/HPD_Timer_PM.c **** * Return:
  85:.\Generated_Source\PSoC4/HPD_Timer_PM.c **** *  None
  86:.\Generated_Source\PSoC4/HPD_Timer_PM.c **** *
  87:.\Generated_Source\PSoC4/HPD_Timer_PM.c **** *******************************************************************************/
  88:.\Generated_Source\PSoC4/HPD_Timer_PM.c **** void HPD_Timer_RestoreConfig(void)
  89:.\Generated_Source\PSoC4/HPD_Timer_PM.c **** {
 273              		.loc 1 89 0
 274              		.cfi_startproc
  90:.\Generated_Source\PSoC4/HPD_Timer_PM.c **** 
  91:.\Generated_Source\PSoC4/HPD_Timer_PM.c **** }
 275              		.loc 1 91 0
 276              		@ sp needed
 277 0000 7047     		bx	lr
 278              		.cfi_endproc
 279              	.LFE2:
 280              		.size	HPD_Timer_RestoreConfig, .-HPD_Timer_RestoreConfig
 281              		.section	.text.HPD_Timer_Wakeup,"ax",%progbits
 282              		.align	1
 283              		.global	HPD_Timer_Wakeup
 284              		.code	16
 285              		.thumb_func
 286              		.type	HPD_Timer_Wakeup, %function
 287              	HPD_Timer_Wakeup:
 288              	.LFB3:
  92:.\Generated_Source\PSoC4/HPD_Timer_PM.c **** 
  93:.\Generated_Source\PSoC4/HPD_Timer_PM.c **** 
  94:.\Generated_Source\PSoC4/HPD_Timer_PM.c **** /*******************************************************************************
  95:.\Generated_Source\PSoC4/HPD_Timer_PM.c **** * Function Name: HPD_Timer_Wakeup
  96:.\Generated_Source\PSoC4/HPD_Timer_PM.c **** ********************************************************************************
  97:.\Generated_Source\PSoC4/HPD_Timer_PM.c **** *
  98:.\Generated_Source\PSoC4/HPD_Timer_PM.c **** * Summary:
  99:.\Generated_Source\PSoC4/HPD_Timer_PM.c **** *  Restores the user configuration and restores the enable state.
 100:.\Generated_Source\PSoC4/HPD_Timer_PM.c **** *
 101:.\Generated_Source\PSoC4/HPD_Timer_PM.c **** * Parameters:
 102:.\Generated_Source\PSoC4/HPD_Timer_PM.c **** *  None
 103:.\Generated_Source\PSoC4/HPD_Timer_PM.c **** *
 104:.\Generated_Source\PSoC4/HPD_Timer_PM.c **** * Return:
 105:.\Generated_Source\PSoC4/HPD_Timer_PM.c **** *  None
 106:.\Generated_Source\PSoC4/HPD_Timer_PM.c **** *
 107:.\Generated_Source\PSoC4/HPD_Timer_PM.c **** *******************************************************************************/
 108:.\Generated_Source\PSoC4/HPD_Timer_PM.c **** void HPD_Timer_Wakeup(void)
 109:.\Generated_Source\PSoC4/HPD_Timer_PM.c **** {
 289              		.loc 1 109 0
 290              		.cfi_startproc
ARM GAS  C:\Users\victo\AppData\Local\Temp\ccrXnjpM.s 			page 18


 291 0000 08B5     		push	{r3, lr}
 292              		.cfi_def_cfa_offset 8
 293              		.cfi_offset 3, -8
 294              		.cfi_offset 14, -4
 110:.\Generated_Source\PSoC4/HPD_Timer_PM.c ****     HPD_Timer_RestoreConfig();
 111:.\Generated_Source\PSoC4/HPD_Timer_PM.c **** 
 112:.\Generated_Source\PSoC4/HPD_Timer_PM.c ****     if(0u != HPD_Timer_backup.enableState)
 295              		.loc 1 112 0
 296 0002 034B     		ldr	r3, .L14
 297 0004 1B78     		ldrb	r3, [r3]
 298 0006 002B     		cmp	r3, #0
 299 0008 01D0     		beq	.L9
 113:.\Generated_Source\PSoC4/HPD_Timer_PM.c ****     {
 114:.\Generated_Source\PSoC4/HPD_Timer_PM.c ****         HPD_Timer_Enable();
 300              		.loc 1 114 0
 301 000a FFF7FEFF 		bl	HPD_Timer_Enable
 302              	.LVL1:
 303              	.L9:
 115:.\Generated_Source\PSoC4/HPD_Timer_PM.c ****     }
 116:.\Generated_Source\PSoC4/HPD_Timer_PM.c **** }
 304              		.loc 1 116 0
 305              		@ sp needed
 306 000e 08BD     		pop	{r3, pc}
 307              	.L15:
 308              		.align	2
 309              	.L14:
 310 0010 00000000 		.word	.LANCHOR0
 311              		.cfi_endproc
 312              	.LFE3:
 313              		.size	HPD_Timer_Wakeup, .-HPD_Timer_Wakeup
 314              		.bss
 315              		.set	.LANCHOR0,. + 0
 316              		.type	HPD_Timer_backup, %object
 317              		.size	HPD_Timer_backup, 1
 318              	HPD_Timer_backup:
 319 0000 00       		.space	1
 320              		.text
 321              	.Letext0:
 322              		.file 2 ".\\Generated_Source\\PSoC4\\cytypes.h"
 323              		.file 3 ".\\Generated_Source\\PSoC4\\HPD_Timer.h"
 324              		.section	.debug_info,"",%progbits
 325              	.Ldebug_info0:
 326 0000 5A010000 		.4byte	0x15a
 327 0004 0400     		.2byte	0x4
 328 0006 00000000 		.4byte	.Ldebug_abbrev0
 329 000a 04       		.byte	0x4
 330 000b 01       		.uleb128 0x1
 331 000c 3F000000 		.4byte	.LASF23
 332 0010 01       		.byte	0x1
 333 0011 6C010000 		.4byte	.LASF24
 334 0015 E6010000 		.4byte	.LASF25
 335 0019 00000000 		.4byte	.Ldebug_ranges0+0
 336 001d 00000000 		.4byte	0
 337 0021 00000000 		.4byte	.Ldebug_line0
 338 0025 02       		.uleb128 0x2
 339 0026 01       		.byte	0x1
 340 0027 06       		.byte	0x6
ARM GAS  C:\Users\victo\AppData\Local\Temp\ccrXnjpM.s 			page 19


 341 0028 C5010000 		.4byte	.LASF0
 342 002c 02       		.uleb128 0x2
 343 002d 01       		.byte	0x1
 344 002e 08       		.byte	0x8
 345 002f 50010000 		.4byte	.LASF1
 346 0033 02       		.uleb128 0x2
 347 0034 02       		.byte	0x2
 348 0035 05       		.byte	0x5
 349 0036 4D020000 		.4byte	.LASF2
 350 003a 02       		.uleb128 0x2
 351 003b 02       		.byte	0x2
 352 003c 07       		.byte	0x7
 353 003d B2010000 		.4byte	.LASF3
 354 0041 02       		.uleb128 0x2
 355 0042 04       		.byte	0x4
 356 0043 05       		.byte	0x5
 357 0044 63010000 		.4byte	.LASF4
 358 0048 02       		.uleb128 0x2
 359 0049 04       		.byte	0x4
 360 004a 07       		.byte	0x7
 361 004b 01010000 		.4byte	.LASF5
 362 004f 02       		.uleb128 0x2
 363 0050 08       		.byte	0x8
 364 0051 05       		.byte	0x5
 365 0052 00000000 		.4byte	.LASF6
 366 0056 02       		.uleb128 0x2
 367 0057 08       		.byte	0x8
 368 0058 07       		.byte	0x7
 369 0059 13010000 		.4byte	.LASF7
 370 005d 03       		.uleb128 0x3
 371 005e 04       		.byte	0x4
 372 005f 05       		.byte	0x5
 373 0060 696E7400 		.ascii	"int\000"
 374 0064 02       		.uleb128 0x2
 375 0065 04       		.byte	0x4
 376 0066 07       		.byte	0x7
 377 0067 21000000 		.4byte	.LASF8
 378 006b 04       		.uleb128 0x4
 379 006c FB000000 		.4byte	.LASF9
 380 0070 02       		.byte	0x2
 381 0071 9801     		.2byte	0x198
 382 0073 2C000000 		.4byte	0x2c
 383 0077 04       		.uleb128 0x4
 384 0078 0E000000 		.4byte	.LASF10
 385 007c 02       		.byte	0x2
 386 007d 9A01     		.2byte	0x19a
 387 007f 48000000 		.4byte	0x48
 388 0083 02       		.uleb128 0x2
 389 0084 04       		.byte	0x4
 390 0085 04       		.byte	0x4
 391 0086 2A010000 		.4byte	.LASF11
 392 008a 02       		.uleb128 0x2
 393 008b 08       		.byte	0x8
 394 008c 04       		.byte	0x4
 395 008d 94010000 		.4byte	.LASF12
 396 0091 02       		.uleb128 0x2
 397 0092 01       		.byte	0x1
ARM GAS  C:\Users\victo\AppData\Local\Temp\ccrXnjpM.s 			page 20


 398 0093 08       		.byte	0x8
 399 0094 5E010000 		.4byte	.LASF13
 400 0098 04       		.uleb128 0x4
 401 0099 AC010000 		.4byte	.LASF14
 402 009d 02       		.byte	0x2
 403 009e 4402     		.2byte	0x244
 404 00a0 A4000000 		.4byte	0xa4
 405 00a4 05       		.uleb128 0x5
 406 00a5 77000000 		.4byte	0x77
 407 00a9 02       		.uleb128 0x2
 408 00aa 04       		.byte	0x4
 409 00ab 07       		.byte	0x7
 410 00ac 6F020000 		.4byte	.LASF15
 411 00b0 06       		.uleb128 0x6
 412 00b1 01       		.byte	0x1
 413 00b2 03       		.byte	0x3
 414 00b3 21       		.byte	0x21
 415 00b4 C5000000 		.4byte	0xc5
 416 00b8 07       		.uleb128 0x7
 417 00b9 15000000 		.4byte	.LASF26
 418 00bd 03       		.byte	0x3
 419 00be 23       		.byte	0x23
 420 00bf 6B000000 		.4byte	0x6b
 421 00c3 00       		.byte	0
 422 00c4 00       		.byte	0
 423 00c5 08       		.uleb128 0x8
 424 00c6 78020000 		.4byte	.LASF16
 425 00ca 03       		.byte	0x3
 426 00cb 24       		.byte	0x24
 427 00cc B0000000 		.4byte	0xb0
 428 00d0 09       		.uleb128 0x9
 429 00d1 D1010000 		.4byte	.LASF17
 430 00d5 01       		.byte	0x1
 431 00d6 26       		.byte	0x26
 432 00d7 01       		.byte	0x1
 433 00d8 09       		.uleb128 0x9
 434 00d9 57020000 		.4byte	.LASF18
 435 00dd 01       		.byte	0x1
 436 00de 58       		.byte	0x58
 437 00df 01       		.byte	0x1
 438 00e0 0A       		.uleb128 0xa
 439 00e1 D0000000 		.4byte	0xd0
 440 00e5 00000000 		.4byte	.LFB0
 441 00e9 02000000 		.4byte	.LFE0-.LFB0
 442 00ed 01       		.uleb128 0x1
 443 00ee 9C       		.byte	0x9c
 444 00ef 0B       		.uleb128 0xb
 445 00f0 3D020000 		.4byte	.LASF19
 446 00f4 01       		.byte	0x1
 447 00f5 3A       		.byte	0x3a
 448 00f6 00000000 		.4byte	.LFB1
 449 00fa 24000000 		.4byte	.LFE1-.LFB1
 450 00fe 01       		.uleb128 0x1
 451 00ff 9C       		.byte	0x9c
 452 0100 0E010000 		.4byte	0x10e
 453 0104 0C       		.uleb128 0xc
 454 0105 18000000 		.4byte	.LVL0
ARM GAS  C:\Users\victo\AppData\Local\Temp\ccrXnjpM.s 			page 21


 455 0109 4D010000 		.4byte	0x14d
 456 010d 00       		.byte	0
 457 010e 0A       		.uleb128 0xa
 458 010f D8000000 		.4byte	0xd8
 459 0113 00000000 		.4byte	.LFB2
 460 0117 02000000 		.4byte	.LFE2-.LFB2
 461 011b 01       		.uleb128 0x1
 462 011c 9C       		.byte	0x9c
 463 011d 0B       		.uleb128 0xb
 464 011e 3F010000 		.4byte	.LASF20
 465 0122 01       		.byte	0x1
 466 0123 6C       		.byte	0x6c
 467 0124 00000000 		.4byte	.LFB3
 468 0128 14000000 		.4byte	.LFE3-.LFB3
 469 012c 01       		.uleb128 0x1
 470 012d 9C       		.byte	0x9c
 471 012e 3C010000 		.4byte	0x13c
 472 0132 0C       		.uleb128 0xc
 473 0133 0E000000 		.4byte	.LVL1
 474 0137 55010000 		.4byte	0x155
 475 013b 00       		.byte	0
 476 013c 0D       		.uleb128 0xd
 477 013d 9B010000 		.4byte	.LASF27
 478 0141 01       		.byte	0x1
 479 0142 15       		.byte	0x15
 480 0143 C5000000 		.4byte	0xc5
 481 0147 05       		.uleb128 0x5
 482 0148 03       		.byte	0x3
 483 0149 00000000 		.4byte	HPD_Timer_backup
 484 014d 0E       		.uleb128 0xe
 485 014e 30010000 		.4byte	.LASF21
 486 0152 03       		.byte	0x3
 487 0153 3201     		.2byte	0x132
 488 0155 0E       		.uleb128 0xe
 489 0156 2E000000 		.4byte	.LASF22
 490 015a 03       		.byte	0x3
 491 015b 3001     		.2byte	0x130
 492 015d 00       		.byte	0
 493              		.section	.debug_abbrev,"",%progbits
 494              	.Ldebug_abbrev0:
 495 0000 01       		.uleb128 0x1
 496 0001 11       		.uleb128 0x11
 497 0002 01       		.byte	0x1
 498 0003 25       		.uleb128 0x25
 499 0004 0E       		.uleb128 0xe
 500 0005 13       		.uleb128 0x13
 501 0006 0B       		.uleb128 0xb
 502 0007 03       		.uleb128 0x3
 503 0008 0E       		.uleb128 0xe
 504 0009 1B       		.uleb128 0x1b
 505 000a 0E       		.uleb128 0xe
 506 000b 55       		.uleb128 0x55
 507 000c 17       		.uleb128 0x17
 508 000d 11       		.uleb128 0x11
 509 000e 01       		.uleb128 0x1
 510 000f 10       		.uleb128 0x10
 511 0010 17       		.uleb128 0x17
ARM GAS  C:\Users\victo\AppData\Local\Temp\ccrXnjpM.s 			page 22


 512 0011 00       		.byte	0
 513 0012 00       		.byte	0
 514 0013 02       		.uleb128 0x2
 515 0014 24       		.uleb128 0x24
 516 0015 00       		.byte	0
 517 0016 0B       		.uleb128 0xb
 518 0017 0B       		.uleb128 0xb
 519 0018 3E       		.uleb128 0x3e
 520 0019 0B       		.uleb128 0xb
 521 001a 03       		.uleb128 0x3
 522 001b 0E       		.uleb128 0xe
 523 001c 00       		.byte	0
 524 001d 00       		.byte	0
 525 001e 03       		.uleb128 0x3
 526 001f 24       		.uleb128 0x24
 527 0020 00       		.byte	0
 528 0021 0B       		.uleb128 0xb
 529 0022 0B       		.uleb128 0xb
 530 0023 3E       		.uleb128 0x3e
 531 0024 0B       		.uleb128 0xb
 532 0025 03       		.uleb128 0x3
 533 0026 08       		.uleb128 0x8
 534 0027 00       		.byte	0
 535 0028 00       		.byte	0
 536 0029 04       		.uleb128 0x4
 537 002a 16       		.uleb128 0x16
 538 002b 00       		.byte	0
 539 002c 03       		.uleb128 0x3
 540 002d 0E       		.uleb128 0xe
 541 002e 3A       		.uleb128 0x3a
 542 002f 0B       		.uleb128 0xb
 543 0030 3B       		.uleb128 0x3b
 544 0031 05       		.uleb128 0x5
 545 0032 49       		.uleb128 0x49
 546 0033 13       		.uleb128 0x13
 547 0034 00       		.byte	0
 548 0035 00       		.byte	0
 549 0036 05       		.uleb128 0x5
 550 0037 35       		.uleb128 0x35
 551 0038 00       		.byte	0
 552 0039 49       		.uleb128 0x49
 553 003a 13       		.uleb128 0x13
 554 003b 00       		.byte	0
 555 003c 00       		.byte	0
 556 003d 06       		.uleb128 0x6
 557 003e 13       		.uleb128 0x13
 558 003f 01       		.byte	0x1
 559 0040 0B       		.uleb128 0xb
 560 0041 0B       		.uleb128 0xb
 561 0042 3A       		.uleb128 0x3a
 562 0043 0B       		.uleb128 0xb
 563 0044 3B       		.uleb128 0x3b
 564 0045 0B       		.uleb128 0xb
 565 0046 01       		.uleb128 0x1
 566 0047 13       		.uleb128 0x13
 567 0048 00       		.byte	0
 568 0049 00       		.byte	0
ARM GAS  C:\Users\victo\AppData\Local\Temp\ccrXnjpM.s 			page 23


 569 004a 07       		.uleb128 0x7
 570 004b 0D       		.uleb128 0xd
 571 004c 00       		.byte	0
 572 004d 03       		.uleb128 0x3
 573 004e 0E       		.uleb128 0xe
 574 004f 3A       		.uleb128 0x3a
 575 0050 0B       		.uleb128 0xb
 576 0051 3B       		.uleb128 0x3b
 577 0052 0B       		.uleb128 0xb
 578 0053 49       		.uleb128 0x49
 579 0054 13       		.uleb128 0x13
 580 0055 38       		.uleb128 0x38
 581 0056 0B       		.uleb128 0xb
 582 0057 00       		.byte	0
 583 0058 00       		.byte	0
 584 0059 08       		.uleb128 0x8
 585 005a 16       		.uleb128 0x16
 586 005b 00       		.byte	0
 587 005c 03       		.uleb128 0x3
 588 005d 0E       		.uleb128 0xe
 589 005e 3A       		.uleb128 0x3a
 590 005f 0B       		.uleb128 0xb
 591 0060 3B       		.uleb128 0x3b
 592 0061 0B       		.uleb128 0xb
 593 0062 49       		.uleb128 0x49
 594 0063 13       		.uleb128 0x13
 595 0064 00       		.byte	0
 596 0065 00       		.byte	0
 597 0066 09       		.uleb128 0x9
 598 0067 2E       		.uleb128 0x2e
 599 0068 00       		.byte	0
 600 0069 3F       		.uleb128 0x3f
 601 006a 19       		.uleb128 0x19
 602 006b 03       		.uleb128 0x3
 603 006c 0E       		.uleb128 0xe
 604 006d 3A       		.uleb128 0x3a
 605 006e 0B       		.uleb128 0xb
 606 006f 3B       		.uleb128 0x3b
 607 0070 0B       		.uleb128 0xb
 608 0071 27       		.uleb128 0x27
 609 0072 19       		.uleb128 0x19
 610 0073 20       		.uleb128 0x20
 611 0074 0B       		.uleb128 0xb
 612 0075 00       		.byte	0
 613 0076 00       		.byte	0
 614 0077 0A       		.uleb128 0xa
 615 0078 2E       		.uleb128 0x2e
 616 0079 00       		.byte	0
 617 007a 31       		.uleb128 0x31
 618 007b 13       		.uleb128 0x13
 619 007c 11       		.uleb128 0x11
 620 007d 01       		.uleb128 0x1
 621 007e 12       		.uleb128 0x12
 622 007f 06       		.uleb128 0x6
 623 0080 40       		.uleb128 0x40
 624 0081 18       		.uleb128 0x18
 625 0082 9742     		.uleb128 0x2117
ARM GAS  C:\Users\victo\AppData\Local\Temp\ccrXnjpM.s 			page 24


 626 0084 19       		.uleb128 0x19
 627 0085 00       		.byte	0
 628 0086 00       		.byte	0
 629 0087 0B       		.uleb128 0xb
 630 0088 2E       		.uleb128 0x2e
 631 0089 01       		.byte	0x1
 632 008a 3F       		.uleb128 0x3f
 633 008b 19       		.uleb128 0x19
 634 008c 03       		.uleb128 0x3
 635 008d 0E       		.uleb128 0xe
 636 008e 3A       		.uleb128 0x3a
 637 008f 0B       		.uleb128 0xb
 638 0090 3B       		.uleb128 0x3b
 639 0091 0B       		.uleb128 0xb
 640 0092 27       		.uleb128 0x27
 641 0093 19       		.uleb128 0x19
 642 0094 11       		.uleb128 0x11
 643 0095 01       		.uleb128 0x1
 644 0096 12       		.uleb128 0x12
 645 0097 06       		.uleb128 0x6
 646 0098 40       		.uleb128 0x40
 647 0099 18       		.uleb128 0x18
 648 009a 9742     		.uleb128 0x2117
 649 009c 19       		.uleb128 0x19
 650 009d 01       		.uleb128 0x1
 651 009e 13       		.uleb128 0x13
 652 009f 00       		.byte	0
 653 00a0 00       		.byte	0
 654 00a1 0C       		.uleb128 0xc
 655 00a2 898201   		.uleb128 0x4109
 656 00a5 00       		.byte	0
 657 00a6 11       		.uleb128 0x11
 658 00a7 01       		.uleb128 0x1
 659 00a8 31       		.uleb128 0x31
 660 00a9 13       		.uleb128 0x13
 661 00aa 00       		.byte	0
 662 00ab 00       		.byte	0
 663 00ac 0D       		.uleb128 0xd
 664 00ad 34       		.uleb128 0x34
 665 00ae 00       		.byte	0
 666 00af 03       		.uleb128 0x3
 667 00b0 0E       		.uleb128 0xe
 668 00b1 3A       		.uleb128 0x3a
 669 00b2 0B       		.uleb128 0xb
 670 00b3 3B       		.uleb128 0x3b
 671 00b4 0B       		.uleb128 0xb
 672 00b5 49       		.uleb128 0x49
 673 00b6 13       		.uleb128 0x13
 674 00b7 02       		.uleb128 0x2
 675 00b8 18       		.uleb128 0x18
 676 00b9 00       		.byte	0
 677 00ba 00       		.byte	0
 678 00bb 0E       		.uleb128 0xe
 679 00bc 2E       		.uleb128 0x2e
 680 00bd 00       		.byte	0
 681 00be 3F       		.uleb128 0x3f
 682 00bf 19       		.uleb128 0x19
ARM GAS  C:\Users\victo\AppData\Local\Temp\ccrXnjpM.s 			page 25


 683 00c0 03       		.uleb128 0x3
 684 00c1 0E       		.uleb128 0xe
 685 00c2 3A       		.uleb128 0x3a
 686 00c3 0B       		.uleb128 0xb
 687 00c4 3B       		.uleb128 0x3b
 688 00c5 05       		.uleb128 0x5
 689 00c6 27       		.uleb128 0x27
 690 00c7 19       		.uleb128 0x19
 691 00c8 3C       		.uleb128 0x3c
 692 00c9 19       		.uleb128 0x19
 693 00ca 00       		.byte	0
 694 00cb 00       		.byte	0
 695 00cc 00       		.byte	0
 696              		.section	.debug_aranges,"",%progbits
 697 0000 34000000 		.4byte	0x34
 698 0004 0200     		.2byte	0x2
 699 0006 00000000 		.4byte	.Ldebug_info0
 700 000a 04       		.byte	0x4
 701 000b 00       		.byte	0
 702 000c 0000     		.2byte	0
 703 000e 0000     		.2byte	0
 704 0010 00000000 		.4byte	.LFB0
 705 0014 02000000 		.4byte	.LFE0-.LFB0
 706 0018 00000000 		.4byte	.LFB1
 707 001c 24000000 		.4byte	.LFE1-.LFB1
 708 0020 00000000 		.4byte	.LFB2
 709 0024 02000000 		.4byte	.LFE2-.LFB2
 710 0028 00000000 		.4byte	.LFB3
 711 002c 14000000 		.4byte	.LFE3-.LFB3
 712 0030 00000000 		.4byte	0
 713 0034 00000000 		.4byte	0
 714              		.section	.debug_ranges,"",%progbits
 715              	.Ldebug_ranges0:
 716 0000 00000000 		.4byte	.LFB0
 717 0004 02000000 		.4byte	.LFE0
 718 0008 00000000 		.4byte	.LFB1
 719 000c 24000000 		.4byte	.LFE1
 720 0010 00000000 		.4byte	.LFB2
 721 0014 02000000 		.4byte	.LFE2
 722 0018 00000000 		.4byte	.LFB3
 723 001c 14000000 		.4byte	.LFE3
 724 0020 00000000 		.4byte	0
 725 0024 00000000 		.4byte	0
 726              		.section	.debug_line,"",%progbits
 727              	.Ldebug_line0:
 728 0000 AA000000 		.section	.debug_str,"MS",%progbits,1
 728      02005A00 
 728      00000201 
 728      FB0E0D00 
 728      01010101 
 729              	.LASF6:
 730 0000 6C6F6E67 		.ascii	"long long int\000"
 730      206C6F6E 
 730      6720696E 
 730      7400
 731              	.LASF10:
 732 000e 75696E74 		.ascii	"uint32\000"
ARM GAS  C:\Users\victo\AppData\Local\Temp\ccrXnjpM.s 			page 26


 732      333200
 733              	.LASF26:
 734 0015 656E6162 		.ascii	"enableState\000"
 734      6C655374 
 734      61746500 
 735              	.LASF8:
 736 0021 756E7369 		.ascii	"unsigned int\000"
 736      676E6564 
 736      20696E74 
 736      00
 737              	.LASF22:
 738 002e 4850445F 		.ascii	"HPD_Timer_Enable\000"
 738      54696D65 
 738      725F456E 
 738      61626C65 
 738      00
 739              	.LASF23:
 740 003f 474E5520 		.ascii	"GNU C 4.9.3 20150303 (release) [ARM/embedded-4_9-br"
 740      4320342E 
 740      392E3320 
 740      32303135 
 740      30333033 
 741 0072 616E6368 		.ascii	"anch revision 221220] -mcpu=cortex-m0 -mthumb -g -O"
 741      20726576 
 741      6973696F 
 741      6E203232 
 741      31323230 
 742 00a5 73202D66 		.ascii	"s -ffunction-sections -finline-functions -flto -ffa"
 742      66756E63 
 742      74696F6E 
 742      2D736563 
 742      74696F6E 
 743 00d8 742D6C74 		.ascii	"t-lto-objects -fno-strict-aliasing\000"
 743      6F2D6F62 
 743      6A656374 
 743      73202D66 
 743      6E6F2D73 
 744              	.LASF9:
 745 00fb 75696E74 		.ascii	"uint8\000"
 745      3800
 746              	.LASF5:
 747 0101 6C6F6E67 		.ascii	"long unsigned int\000"
 747      20756E73 
 747      69676E65 
 747      6420696E 
 747      7400
 748              	.LASF7:
 749 0113 6C6F6E67 		.ascii	"long long unsigned int\000"
 749      206C6F6E 
 749      6720756E 
 749      7369676E 
 749      65642069 
 750              	.LASF11:
 751 012a 666C6F61 		.ascii	"float\000"
 751      7400
 752              	.LASF21:
 753 0130 4850445F 		.ascii	"HPD_Timer_Stop\000"
ARM GAS  C:\Users\victo\AppData\Local\Temp\ccrXnjpM.s 			page 27


 753      54696D65 
 753      725F5374 
 753      6F7000
 754              	.LASF20:
 755 013f 4850445F 		.ascii	"HPD_Timer_Wakeup\000"
 755      54696D65 
 755      725F5761 
 755      6B657570 
 755      00
 756              	.LASF1:
 757 0150 756E7369 		.ascii	"unsigned char\000"
 757      676E6564 
 757      20636861 
 757      7200
 758              	.LASF13:
 759 015e 63686172 		.ascii	"char\000"
 759      00
 760              	.LASF4:
 761 0163 6C6F6E67 		.ascii	"long int\000"
 761      20696E74 
 761      00
 762              	.LASF24:
 763 016c 2E5C4765 		.ascii	".\\Generated_Source\\PSoC4\\HPD_Timer_PM.c\000"
 763      6E657261 
 763      7465645F 
 763      536F7572 
 763      63655C50 
 764              	.LASF12:
 765 0194 646F7562 		.ascii	"double\000"
 765      6C6500
 766              	.LASF27:
 767 019b 4850445F 		.ascii	"HPD_Timer_backup\000"
 767      54696D65 
 767      725F6261 
 767      636B7570 
 767      00
 768              	.LASF14:
 769 01ac 72656733 		.ascii	"reg32\000"
 769      3200
 770              	.LASF3:
 771 01b2 73686F72 		.ascii	"short unsigned int\000"
 771      7420756E 
 771      7369676E 
 771      65642069 
 771      6E7400
 772              	.LASF0:
 773 01c5 7369676E 		.ascii	"signed char\000"
 773      65642063 
 773      68617200 
 774              	.LASF17:
 775 01d1 4850445F 		.ascii	"HPD_Timer_SaveConfig\000"
 775      54696D65 
 775      725F5361 
 775      7665436F 
 775      6E666967 
 776              	.LASF25:
 777 01e6 433A5C76 		.ascii	"C:\\victor0617\\github_code\\CY4541\\CYPD4225-40LQX"
ARM GAS  C:\Users\victo\AppData\Local\Temp\ccrXnjpM.s 			page 28


 777      6963746F 
 777      72303631 
 777      375C6769 
 777      74687562 
 778 0215 495F3038 		.ascii	"I_0805\\CYPD4225-40LQXI_notebook01.cydsn\000"
 778      30355C43 
 778      59504434 
 778      3232352D 
 778      34304C51 
 779              	.LASF19:
 780 023d 4850445F 		.ascii	"HPD_Timer_Sleep\000"
 780      54696D65 
 780      725F536C 
 780      65657000 
 781              	.LASF2:
 782 024d 73686F72 		.ascii	"short int\000"
 782      7420696E 
 782      7400
 783              	.LASF18:
 784 0257 4850445F 		.ascii	"HPD_Timer_RestoreConfig\000"
 784      54696D65 
 784      725F5265 
 784      73746F72 
 784      65436F6E 
 785              	.LASF15:
 786 026f 73697A65 		.ascii	"sizetype\000"
 786      74797065 
 786      00
 787              	.LASF16:
 788 0278 4850445F 		.ascii	"HPD_Timer_BACKUP_STRUCT\000"
 788      54696D65 
 788      725F4241 
 788      434B5550 
 788      5F535452 
 789              		.comm	__gnu_lto_v1,1,1
 790              		.ident	"GCC: (GNU Tools for ARM Embedded Processors) 4.9.3 20150303 (release) [ARM/embedded-4_9-br
