ARM GAS  C:\Users\victo\AppData\Local\Temp\ccAdIcZj.s 			page 1


   1              		.cpu cortex-m0
   2              		.fpu softvfp
   3              		.eabi_attribute 20, 1
   4              		.eabi_attribute 21, 1
   5              		.eabi_attribute 23, 3
   6              		.eabi_attribute 24, 1
   7              		.eabi_attribute 25, 1
   8              		.eabi_attribute 26, 1
   9              		.eabi_attribute 30, 4
  10              		.eabi_attribute 34, 0
  11              		.eabi_attribute 18, 4
  12              		.code	16
  13              		.file	"HPI_IF_scl.c"
  14              		.text
  15              	.Ltext0:
  16              		.section	.gnu.lto_.profile.92f6715c,"",%progbits
  17 0000 789C6366 		.ascii	"x\234cf```a\200\000F\006uE\000\000\343\000Q"
  17      60606061 
  17      80004606 
  17      75450000 
  17      E30051
  18              		.text
  19              		.section	.gnu.lto_.jmpfuncs.92f6715c,"",%progbits
  20 0000 789C6366 		.ascii	"x\234cf\300\016d\2404\033\003##c=#\210`b``f``abdd\256"
  20      C00E64A0 
  20      341B0323 
  20      23633D23 
  20      88606260 
  21 001d AF6705CA 		.ascii	"\257g\005\312\001\000 \267\002>"
  21      010020B7 
  21      023E
  22              		.text
  23              		.section	.gnu.lto_.inline.92f6715c,"",%progbits
  24 0000 789C6366 		.ascii	"x\234cf\300\016f@i6\006\006\016vFF\006F\006\006f\216"
  24      C00E6640 
  24      69360606 
  24      0E764646 
  24      06460606 
  25 0016 03760C6C 		.ascii	"\003v\014l\013\344\231\030\230.\360\263\200$\031\031"
  25      0BE49918 
  25      982EF0B3 
  25      80241919 
  26 0026 3839D0E5 		.ascii	"89\320\345X\026\310\203\345\230\030\330X\031\031\230"
  26      5816C883 
  26      E59818D8 
  26      58191998 
  27 0036 D83EE841 		.ascii	"\330>\350A\304\201\200\031S\210\005d\002\023\310\004"
  27      C4818019 
  27      53880564 
  27      0213C804 
  28 0046 A0390C2C 		.ascii	"\2409\014,\2506\000\011\036\220\"V\006v6\240>\270$\010"
  28      A8360009 
  28      1E902256 
  28      067636A0 
  28      3EB82408 
  29 005a 0000BE90 		.ascii	"\000\000\276\220\017\254"
  29      0FAC
ARM GAS  C:\Users\victo\AppData\Local\Temp\ccAdIcZj.s 			page 2


  30              		.text
  31              		.section	.gnu.lto_.pureconst.92f6715c,"",%progbits
  32 0000 789C6366 		.ascii	"x\234cf``\340e\200\0006\006)F)&)f)\026)V)\000\005\261"
  32      6060E065 
  32      80003606 
  32      29462926 
  32      29662916 
  33 001a 00C2     		.ascii	"\000\302"
  34              		.text
  35              		.section	.gnu.lto_HPI_IF_scl_SetDriveMode.92f6715c,"",%progbits
  36 0000 789C7D51 		.ascii	"x\234}Q=K\003A\024|\263w^\224 \212e\012\273(\202\246"
  36      3D4B0341 
  36      147CB377 
  36      5E94208A 
  36      650ABB28 
  37 0016 F2070882 		.ascii	"\362\007\010\202\037]\3006\020%\036X\250\001?j71\205"
  37      1F5DC036 
  37      10251E58 
  37      A8013F6A 
  37      373185
  38 0029 58C58F42 		.ascii	"X\305\217BQ+\021?\022#ha\033\004\265\021E\013#Qb\023"
  38      512B113F 
  38      12236861 
  38      1B04B511 
  38      450B2351 
  39 003f 31168221 		.ascii	"1\026\202!\242\246\220\363=\223N\360`\337\276\035ff"
  39      A2A690F3 
  39      3D934EF0 
  39      60DFBE1D 
  39      6666
  40 0051 E7ED19F4 		.ascii	"\347\355\031\364\367\363\360J\202\250\203w\030\004\025"
  40      F7F3F04A 
  40      82A88377 
  40      180415
  41 0060 BF248AD4 		.ascii	"\277$\212\324*@\032\002\315(\314\340E\025\025\342\351"
  41      2A401A02 
  41      CD28CCE0 
  41      451515E2 
  41      E9
  42 0071 C48ABB75 		.ascii	"\304\212\273uKk\375\026=\032\321\313\203eETR\025\037"
  42      4B6BFD16 
  42      3D1AD1CB 
  42      83654554 
  42      52151F
  43 0084 6CA39539 		.ascii	"l\243\2259\317\345\227\355z\243\015\304\375\367B\346"
  43      CFE597ED 
  43      7AA30DC4 
  43      FDF742E6 
  44 0094 467937B5 		.ascii	"Fy7\265\216\246\357R\272\013e6\335\201\301\012\264{"
  44      8EA6EF52 
  44      BA0B6536 
  44      DD81C10A 
  44      B47B
  45 00a6 D0E62106 		.ascii	"\320\346!\006\010\273\360\012\271\030\373\316\270\255"
  45      08BBF00A 
  45      B918FBCE 
  45      B8AD
ARM GAS  C:\Users\victo\AppData\Local\Temp\ccAdIcZj.s 			page 3


  46 00b4 189B3756 		.ascii	"\030\2337V<\261\007\213s\321ASZ;N\351\342\272\320\202"
  46      3CB1078B 
  46      73D14153 
  46      5A3B4EE9 
  46      E2BAD082 
  47 00c8 3AC51A65 		.ascii	":\305\032eH1!\312\032i-).)Dy^\022\374\211\017\274\033"
  47      483121CA 
  47      1A692D29 
  47      2E294479 
  47      5E12FC89 
  48 00df 599C7CCC 		.ascii	"Y\234|\314\337\256Z\342\366\251d\212\373\302\322+\012"
  48      DFAE5AE2 
  48      F6A9648A 
  48      FBC2D22B 
  48      0A
  49 00f0 AAAC8C39 		.ascii	"\252\254\2149\035\327\246\334\375\230\277\272\256\375"
  49      1DD7A6DC 
  49      FD98BFBA 
  49      AEFD
  50 00fe 85488EEB 		.ascii	"\205H\216\353\231\315S\367\006\326\"1\216l\"\001\017"
  50      99CD53F7 
  50      06D62231 
  50      8E6C2201 
  50      0F
  51 010f 92E077C2 		.ascii	"\222\340w\302>6@Y\314~U\355\214\212c\342\360\256Y\324"
  51      3E364059 
  51      CC7E55ED 
  51      8C8A63E2 
  51      F0AE59D4 
  52 0123 EADC719C 		.ascii	"\352\334q\234\006B\212\311YDs\256\012\253\346S\231\242"
  52      06428AC9 
  52      594473AE 
  52      0AABE653 
  52      99A2
  53 0135 7AA8AA04 		.ascii	"z\250\252\004\202W(\263\357U\310\365\353e1t\262\010"
  53      825728B3 
  53      EF55C8F5 
  53      EB653174 
  53      B208
  54 0147 81FE4B71 		.ascii	"\201\376Kq\300)XB9D\322\307gJ\350\362\003\362\374\230"
  54      C0295842 
  54      3944D2C7 
  54      674AE8F2 
  54      03F2FC98 
  55 015b 3C31CFDF 		.ascii	"<1\317\337\342\013\364\332\343\366\304\320\224=\034"
  55      E20BF4DA 
  55      E3F6C4D0 
  55      943D1C
  56 016a 1C084F4F 		.ascii	"\034\010OO\204\354\200\177 \334\335\031\350\363\367"
  56      84EC807F 
  56      20DCDD19 
  56      E8F3F7
  57 0179 07FB7B82 		.ascii	"\007\373{\202\223\241Q_\210\314\261\360\260\375\003"
  57      93A1515F 
  57      88CCB1F0 
  57      B0FD03
  58 0188 18D4A115 		.ascii	"\030\324\241\025"
ARM GAS  C:\Users\victo\AppData\Local\Temp\ccAdIcZj.s 			page 4


  59              		.text
  60              		.section	.gnu.lto_HPI_IF_scl_Write.92f6715c,"",%progbits
  61 0000 789C6552 		.ascii	"x\234eRMh\023A\030\235of7\273!\036D\020J.\036J-\005"
  61      4D681341 
  61      189D6F66 
  61      37BB211E 
  61      44104A2E 
  62 0018 A997DEBC 		.ascii	"\251\227\336\274\010\202\265\267B\301\203\004CH\367"
  62      0882B5B7 
  62      42C18304 
  62      4348F7
  63 0027 20040BD1 		.ascii	" \004\013\321\366\332IM[\351\305(E\012\222\210\212\370"
  63      F6DA494D 
  63      5BE9C528 
  63      450A9288 
  63      8AF8
  64 0039 136D6B0B 		.ascii	"\023mk\013^DXjQ\004\333Z\220\252%\304\224FhO\375\245"
  64      5E44586A 
  64      5104DB5A 
  64      90AA25C4 
  64      9446684F 
  65 004f 9A438DEF 		.ascii	"\232C\215\357\333\271\030\034v~\366\355{o\336|\263J"
  65      DBB9181C 
  65      767EF6ED 
  65      7B6FDE7C 
  65      B34A
  66 0061 FCDFA2E8 		.ascii	"\374\337\242\350W\244\020\035\230I\011\222\271E!2\256"
  66      57A4101D 
  66      98490992 
  66      B9452132 
  66      AE
  67 0072 24E28520 		.ascii	"$\342\205 1(i\2206\345\216\244\234_\234\210\264>\326"
  67      31286990 
  67      36E58EA4 
  67      9C5F9C88 
  67      B43ED6
  68 0085 5A6FEFBE 		.ascii	"Zo\357\276i\032n\252A\266'\215\015=\241VP\366\212z\\"
  68      691A6EAA 
  68      41B6278D 
  68      0D3DA156 
  68      50F68A7A 
  69 009a A9361258 		.ascii	"\2516\022XO//\374qZ\036i=\344\277\235\324g\251\006\317"
  69      4F2F2FFC 
  69      715A1E69 
  69      3DE4BF9D 
  69      D467A906 
  70 00af A7A4A0A0 		.ascii	"\247\244\240\240SQj\213\012\000\202\236Q\013\223w\357"
  70      53516A8B 
  70      0A00829E 
  70      510B9377 
  70      EF
  71 00c0 160FA43A 		.ascii	"\026\017\244:\035\010\327\036\256\337w\232\037@X\331"
  71      1D08D71E 
  71      AEDF779A 
  71      1F4058D9 
  72 00d0 5C7F1FD1 		.ascii	"\\\177\037\321\023:[\251\327O\260\376\371\277z\323 "
  72      133A5BA9 
ARM GAS  C:\Users\victo\AppData\Local\Temp\ccAdIcZj.s 			page 5


  72      D74FB0FE 
  72      F9BF7AD3 
  72      20
  73 00e1 D8C91E7E 		.ascii	"\330\311\036~\215\204\262\010v\224\212\324lB\321\013"
  73      8D84B208 
  73      76948AD4 
  73      6C42D10B 
  74 00f1 0A112646 		.ascii	"\012\021&F\246\216\371\272^\237\335\277}\363\014E$6"
  74      A68EF9BA 
  74      5E9FDDBF 
  74      7DF30C45 
  74      2436
  75 0103 960A83B2 		.ascii	"\226\012\203\262\004\177\264\211C\204\030pxp\0034\314"
  75      047FB489 
  75      43841870 
  75      78700334 
  75      CC
  76 0114 2C21AAE8 		.ascii	",!\252\350\\\210\237x\301\254Vi\356`l\2610\300\356\277"
  76      5C889F78 
  76      C1AC5669 
  76      EE606CB1 
  76      30C0EEBF 
  77 0128 24576561 		.ascii	"$Wea\376\363\226\265!k\322\322:\247-\316\363\243\272"
  77      FEF396B5 
  77      216BD2D2 
  77      3AA72DCE 
  77      F3A3BA
  78 013b B4EC0650 		.ascii	"\264\354\006P\020\357\343\360\374\227p\236\356e\262"
  78      10EFE3F0 
  78      FC97709E 
  78      EE65B2
  79 014a A8814D2F 		.ascii	"\250\201M/)J\223\204\3704Ey\022\2534\364m\264$\215\241"
  79      294A9384 
  79      F8344579 
  79      12AB34F4 
  79      6DB4248D 
  80 015f 8227901B 		.ascii	"\202'\220\033\277GJd\020\013 <\306^\177\032Wl\251\016"
  80      BF474A64 
  80      100B203C 
  80      C65E7F1A 
  80      576CA90E 
  81 0173 51B469C8 		.ascii	"Q\264i\310W(\320pV\260XT\032Y)\\6*<6T\037\362\0333A"
  81      5728D070 
  81      56B05854 
  81      1A59295C 
  81      362A3C36 
  82 018d 3605D12B 		.ascii	"6\005\321+\210\032\254\035\360@Z\252\274\273u\204I\204"
  82      881AAC1D 
  82      F0405AAA 
  82      BCBB7584 
  82      4984
  83 019f CACE18D2 		.ascii	"\312\316\030\322~\310P\334 \200\323\270\231\313\231"
  83      7EC850DC 
  83      2080D3B8 
  83      99CB99
  84 01ae CBA3E5C2 		.ascii	"\313\243\345\302%C\012\033h\356\316\332q\006\032N\234"
  84      25430A1B 
ARM GAS  C:\Users\victo\AppData\Local\Temp\ccAdIcZj.s 			page 6


  84      68EECEDA 
  84      71061A4E 
  84      9C
  85 01bf F1EDC633 		.ascii	"\361\355\3063\317\342\314\220\2102e\374\357\235\314"
  85      CFE2CC90 
  85      883265FC 
  85      EF9DCC
  86 01ce E74BACE2 		.ascii	"\347K\254\342W@yQ\354\223\355\261N\357\252\227N\\\367"
  86      57407951 
  86      EC93EDB1 
  86      4EEFAA97 
  86      4E5CF7
  87 01e1 7AE33D7D 		.ascii	"z\343=}\375\351\244\027\353\356\351;\327\021\273\320"
  87      FDE9A417 
  87      EBEEE93B 
  87      D711BBD0 
  88 01f1 DD15EF3A 		.ascii	"\335\025\357:\037\277\226L\265'\205=\220H\365{vo\372"
  88      1FBF964C 
  88      B527853D 
  88      9048F57B 
  88      766FFA
  89 0204 6222F517 		.ascii	"b\"\365\027\371Q\341\210"
  89      F951E188 
  90              		.text
  91              		.section	.gnu.lto_HPI_IF_scl_Read.92f6715c,"",%progbits
  92 0000 789C654F 		.ascii	"x\234eO1KBa\024\275\347\276\247\010\016ES8\207\026\230"
  92      314B4261 
  92      14BDE7BE 
  92      A7080E45 
  92      53388716 
  93 0015 53FF20A8 		.ascii	"S\377 \250\334\004\267\020$\354m\221`5\373i/\203h\020"
  93      DC04B710 
  93      24EC6D91 
  93      6035FB69 
  93      2F836810 
  94 0029 C7C231CA 		.ascii	"\307\3021\312\012\032\204\240-j\225\"\204\002\021[\024"
  94      0A1A84A0 
  94      2D6A9522 
  94      8402115B 
  94      14
  95 003a 745394EA 		.ascii	"tS\224\352\015e\367\363\265\365\301w\357w\317=\234s"
  95      0D65F7F3 
  95      B5F5C177 
  95      EF77CF3D 
  95      9C73
  96 004c 3E83FE9F 		.ascii	">\203\376\237\200\334E\020\315K\207A\340\342\023Q\316"
  96      80DC4510 
  96      CD4B8741 
  96      E0E21351 
  96      CE
  97 005d C7807E10 		.ascii	"\307\200~\020(\313\310\242\307\003F\355\356\247\216"
  97      28CBC8A2 
  97      C70346ED 
  97      EEA78E
  98 006c D09952F9 		.ascii	"\320\231R\371~\276\336\364\037\314:L4dB8\200\005\255"
  98      7EBEDEF4 
  98      1FCC3A4C 
ARM GAS  C:\Users\victo\AppData\Local\Temp\ccAdIcZj.s 			page 7


  98      34644238 
  98      8005AD
  99 007f 83738448 		.ascii	"\203s\204H\210\003\373\373\315\357\265\225R\323z/\213"
  99      8803FBFB 
  99      CDEFB595 
  99      52D37A2F 
  99      8B
 100 0090 0B78C583 		.ascii	"\013x\305\203nf\356\325x<\254\225\272A\36629,\216RL"
 100      6E66EED5 
 100      783CAC95 
 100      BA41F632 
 100      392C8E52 
 101 00a5 5D3CA4E5 		.ascii	"]<\244\345\250-E;w\230u7\032x\3708z\255\254k\211O\326"
 101      A82D453B 
 101      77987537 
 101      1A78F838 
 101      7AADAC6B 
 102 00bc 311EFBC7 		.ascii	"1\036\373\307%\177\227\035f[\025\225\251\015\337\333"
 102      257F971D 
 102      665B1595 
 102      A90DDFDB 
 103 00cc CF2FBE09 		.ascii	"\317/\276\011Dz\254\336\366\252Se\234\346l8l\240\202"
 103      447AACDE 
 103      F6AA5365 
 103      9CE66C38 
 103      6CA082
 104 00df 002E2101 		.ascii	"\000.!\001q\2052\250\201\375\257B\323t\005\015W\363"
 104      718532A8 
 104      81FDAF42 
 104      D374050D 
 104      57F3
 105 00f1 E4AD3332 		.ascii	"\344\25532\264\000\344;\327\302\025R\2530\362\272$S"
 105      B400E43B 
 105      D7C21552 
 105      AB30F2BA 
 105      2453
 106 0103 7898D360 		.ascii	"x\230\323`\276u\030v1\217\300\324\002\376\246Ir\350"
 106      BE751876 
 106      318FC0D4 
 106      02FEA649 
 106      72E8
 107 0115 C4122118 		.ascii	"\304\022!\030I\254Z\333Vfc\327\332L\306\323{\231\224"
 107      49AC5ADB 
 107      566663D7 
 107      DA4CC6D3 
 107      7B9994
 108 0128 9588C5D3 		.ascii	"\225\210\305\323\313K\211\265X4\031]I\356\244\266\""
 108      CB4B89B5 
 108      5834195D 
 108      49EEA4B6 
 108      22
 109 0139 29FA0584 		.ascii	")\372\005\204\037u\340"
 109      1F75E0
 110              		.text
 111              		.section	.gnu.lto_HPI_IF_scl_ReadDataReg.92f6715c,"",%progbits
 112 0000 789C654F 		.ascii	"x\234eO\277K\202Q\024\275\347~\237b\270DS8G\026\230"
 112      BF4B8251 
ARM GAS  C:\Users\victo\AppData\Local\Temp\ccAdIcZj.s 			page 8


 112      14BDE77E 
 112      9F62B844 
 112      53384716 
 113 0015 4BFD0741 		.ascii	"K\375\007A\345&\270\205 a\337\026\011V\263OS\203&i,"
 113      E526B885 
 113      2061DF16 
 113      0956B34F 
 113      53832669 
 114 002a 1CA35F42 		.ascii	"\034\243_Bs[\210K\320O\012$\021[4l*Q\254o(\273\317\257"
 114      735B884B 
 114      D04F0A24 
 114      115B346C 
 114      2A51AC6F 
 115 0042 AD07EFDE 		.ascii	"\255\007\357\336w\317=\234s\236A\377\217O\356\014\210"
 115      77CF3D9C 
 115      739E41FF 
 115      8F4FEE0C 
 115      88
 116 0053 A6A4C320 		.ascii	"\246\244\303 p\341\226(\355a@?\010\224b\244\360\306"
 116      70E19628 
 116      ED61403F 
 116      089462A4 
 116      F0C6
 117 0065 1DC6F5C5 		.ascii	"\035\306\365\305\317#\374\207Je>\312\317uon\334f\242"
 117      CF23FC87 
 117      4A653ECA 
 117      CF756F6E 
 117      DC66A2
 118 0078 2E13023E 		.ascii	".\023\002>Lk\035\034\301OB\354d\277\253^wV)5\252\367"
 118      4C6B1D1C 
 118      C14F42EC 
 118      64BFAB5E 
 118      77562935 
 119 008e B238865B 		.ascii	"\2628\206[<\350|\354R\015\006\335\327\275\366,\273\231"
 119      3CE87CEC 
 119      520D06DD 
 119      D7BDF62C 
 119      BB99
 120 00a0 6C164729 		.ascii	"l\026G)\246..\322r\324\224\242\235[\314\272\0335\224"
 120      A62E2ED2 
 120      72D494A2 
 120      9D5BCCBA 
 120      1B3594
 121 00b3 FBBBFDD2 		.ascii	"\373\273\375\322\262\226\370d\035\343\246r\377n\266"
 121      B296F864 
 121      1DE3A672 
 121      FF6EB6
 122 00c2 D96656AA 		.ascii	"\331fV\252\240Lm\370\322\274{\360\014!\322\343U\256"
 122      A04C6DF8 
 122      D2BC7BF0 
 122      0C21D2E3 
 122      55AE
 123 00d4 F23452C4 		.ascii	"\3624R\304A:\013\233\015\234\300\207SH@\234\241\010"
 123      413A0B9B 
 123      0D9CC087 
 123      5348409C 
 123      A108
ARM GAS  C:\Users\victo\AppData\Local\Temp\ccAdIcZj.s 			page 9


 124 00e6 AA61FB2B 		.ascii	"\252a\373+_7\035A\303\321\334\257\266z\206\026\200|"
 124      5F371D41 
 124      C3D1DCAF 
 124      B67A8616 
 124      807C
 125 00f8 A7245C21 		.ascii	"\247$\\!5\362=\267C2\205\207\011\015f\032;\001\007s"
 125      35F23DB7 
 125      43328587 
 125      090D661A 
 125      3B010773 
 126 010c 094C0DE0 		.ascii	"\011L\015\340o\032&\207N,\021&\203\321Ek\335J\256lZ"
 126      6F1A2687 
 126      4E2C1126 
 126      83D1456B 
 126      DD4AAE6C 
 127 0121 ABB14862 		.ascii	"\253\261Hb+\031\267\242\341Hb~.\272\024\016\305B\013"
 127      2B19B7A2 
 127      E148627E 
 127      2EBA140E 
 127      C5420B
 128 0134 B18DF85A 		.ascii	"\261\215\370Z0N\277d!v\277"
 128      304EBF64 
 128      2176BF
 129              		.text
 130              		.section	.gnu.lto_HPI_IF_scl_SetInterruptMode.92f6715c,"",%progbits
 131 0000 789C6D91 		.ascii	"x\234m\221Oh\023A\024\306\347\315\354f7M\204\342\305"
 131      4F681341 
 131      14C6E7CD 
 131      EC66374D 
 131      84E2C5
 132 0013 928B4289 		.ascii	"\222\213B\211E\204\036T\360&BA\355E\002\275\006\202"
 132      45841E54 
 132      F0264241 
 132      ED4502BD 
 132      0682
 133 0025 A451029A 		.ascii	"\244Q\002\232\2254\236<t\266MS\020\205P\213\024K\221"
 133      95349E3C 
 133      74B64D53 
 133      1085508B 
 133      144B91
 134 0038 2ADAD668 		.ascii	"*\332\326h\033\255\025\315)D\301\202\377\241X\214\220"
 134      1BAD15CD 
 134      2944C182 
 134      FFA1588C 
 134      90
 135 0049 D69AA885 		.ascii	"\326\232\250\205\012\326D\323\024$\276\267\033A\321"
 135      0AD644D3 
 135      1424BEB7 
 135      1B41D1
 136 0058 859D99F7 		.ascii	"\205\235\231\367\343\275o\276\367F\260\177?\017\376"
 136      E3BD6FBE 
 136      F746B07F 
 136      3F0FFE
 137 0067 57396307 		.ascii	"W9c\007p\007\301\200'_0f\352\034\200\016\014X/\207^"
 137      7007C180 
 137      275F3066 
 137      EA1C800E 
ARM GAS  C:\Users\victo\AppData\Local\Temp\ccAdIcZj.s 			page 10


 137      0C582F87 
 138 007c 58E5EB1C 		.ascii	"X\345\353\034\222\331\324\210\253\355\272\224\362\353"
 138      92D9D488 
 138      ABEDBA94 
 138      F2EB
 139 008a B772CB40 		.ascii	"\267r\313@K\015\313\312\334\226\201\011h\303\224\322"
 139      4B0DCBCA 
 139      DC968109 
 139      68C394D2 
 140 009a 83F1B362 		.ascii	"\203\361\263b\0270<>]\331(\273?\363\032\207f\012//\226"
 140      17303C3E 
 140      5DD928BB 
 140      3FF31A87 
 140      660A2F2F 
 141 00af 2A8242CE 		.ascii	"*\202B\316)L=\036Nk\336kR\366e\337\246\345A\344\002"
 141      294C3D1E 
 141      4E6BDE6B 
 141      52F665DF 
 141      A6E541E4 
 142 00c4 2641A01C 		.ascii	"&A\240\034L\201\007n\202\207!b\220\002/f\177\252\255"
 142      4C81076E 
 142      82872162 
 142      90022F66 
 142      7FAAAD
 143 00d7 4E6C117B 		.ascii	"Nl\021{,\335\025\363\312w\227]\271\371\273\362\326\177"
 143      2CDD15F3 
 143      CA77975D 
 143      B9F9BBF2 
 143      D67F
 144 00e9 2A6F8397 		.ascii	"*o\203\227\322_=\032\376\240\212\375V\351\303\351\312"
 144      D25F3D1A 
 144      FEA08AFD 
 144      56E9C3E9 
 144      CA
 145 00fa 73976569 		.ascii	"s\227ei\007\205\231\241\371\021\207eI\241\360\313\245"
 145      078599A1 
 145      F9118765 
 145      49A1F0CB 
 145      A5
 146 010b DC286F1D 		.ascii	"\334(o\035G\341\345\251\301'n9/\343\313\365\372\366"
 146      47E1E5A9 
 146      C1276E39 
 146      2FE3CBF5 
 146      FAF6
 147 011d 1A5760DA 		.ascii	"\032W`\332\326\237A\3754x\032\223\303\222\365\370\317"
 147      D69F41FD 
 147      34781A93 
 147      C392F5F8 
 147      CF
 148 012e 4597238E 		.ascii	"E\227#\216\023i\206;\320jO\003\356\202\003p#2\2635+"
 148      1369863B 
 148      D06A4F03 
 148      EE820370 
 148      2332B335 
 149 0143 EBF5D985 		.ascii	"\353\365\331\205\213\223\273\205\233\2431U\000\365\244"
 149      8B93BB85 
 149      9BA33155 
ARM GAS  C:\Users\victo\AppData\Local\Temp\ccAdIcZj.s 			page 11


 149      00F5A4
 150 0152 D051A5C5 		.ascii	"\320Q\245\305\301(O\003\362\253#p8\2116\321\302X\021"
 150      C1284F03 
 150      F2AB2370 
 150      388936D1 
 150      C25811
 151 0165 F5E8194A 		.ascii	"\365\350\031J84\334E\036r?\316\0252>\272\242\312\351"
 151      3834DC45 
 151      1E723FCE 
 151      15323EBA 
 151      A2CAE9
 152 0178 4DFAE373 		.ascii	"M\372\343s\013\234z\320\316\313\244\264\372X*\276|\255"
 152      0B9C7AD0 
 152      CECBA4B4 
 152      FA582ABE 
 152      7CAD
 153 018a 5BC8F278 		.ascii	"[\310\362x!}c\357\030\214\232q\250q\035f\261\205{\324"
 153      217D63EF 
 153      188C9A71 
 153      A8711D66 
 153      B1857BD4 
 154 019e 02CCC118 		.ascii	"\002\314\301\030\260<\364\025\006+\252\255\247TqnH6"
 154      B03CF415 
 154      062BAAAD 
 154      A754716E 
 154      4836
 155 01b0 1345C526 		.ascii	"\023E\305&*B$\375\033\2115\260\011]\213\234\275\001"
 155      2A4224FD 
 155      1B8935B0 
 155      095D8B9C 
 155      BD01
 156 01c2 6EF589DE 		.ascii	"n\365\211\336\021\3329\0373\371F\226\216JU\274\237\344"
 156      11DA391F 
 156      33F94696 
 156      8E4A55BC 
 156      9FE4
 157 01d4 351B3991 		.ascii	"5\0339\221RZ%\361\254!\336d\2519\021\346\206\336o#\366"
 157      525A25F1 
 157      AC21DE64 
 157      A93911E6 
 157      86DE6F23 
 158 01e9 A75B33AB 		.ascii	"\247[3\253\376\355\367>\372\305\"V\0003\373\356(\245"
 158      FEEDF73E 
 158      FAC52256 
 158      0033FBEE 
 158      28A5
 159 01fb D3231439 		.ascii	"\323#\0249\320dpN;\333\375\207C\221P\364X,\324\035\350"
 159      D064704E 
 159      3BDBFD87 
 159      439150F4 
 159      582CD41D 
 160 0210 32CE4483 		.ascii	"2\316D\203!\277\257\313\350\330\347?\342\353\014t\036"
 160      21BFAFCB 
 160      E8D8E73F 
 160      E2EB0C74 
 160      1E
 161 0221 0AF4044F 		.ascii	"\012\364\004O\266\007\231~\332\350\011\307\302FD9et"
ARM GAS  C:\Users\victo\AppData\Local\Temp\ccAdIcZj.s 			page 12


 161      B607997E 
 161      DAE809C7 
 161      C2464439 
 161      6574
 162 0233 87B47024 		.ascii	"\207\264p$\026\3558~\342\027I\034\374\235"
 162      16ED387E 
 162      E217491C 
 162      FC9D
 163              		.text
 164              		.section	.gnu.lto_HPI_IF_scl_ClearInterrupt.92f6715c,"",%progbits
 165 0000 789C6590 		.ascii	"x\234e\220OH\033A\024\306\337\367&\232`<\224\236J.\036"
 165      4F481B41 
 165      14C6DFF7 
 165      269A603C 
 165      949E4A2E 
 166 0015 2C8A209E 		.ascii	",\212 \236\354\245W\241\255\267@n\022\010!\356\251\177"
 166      ECA557A1 
 166      ADB7406E 
 166      120821EE 
 166      A97F
 167 0027 0413AF3A 		.ascii	"\004\023\257:\321h\250^\202R(\212\007\021\251\265\255"
 167      D168A85E 
 167      8252288A 
 167      0711A9B5 
 167      AD
 168 0038 39B79022 		.ascii	"9\267\220\"\241H\241\245\"B-\"Q\250B{\021EI\273\324"
 168      A148A1A5 
 168      22422D22 
 168      51A8427B 
 168      114549BB 
 169 004d BABEB7EB 		.ascii	"\272\276\267\353\241\322\201\331\231\375f\276\337\373"
 169      A1D281D9 
 169      99FD66BE 
 169      DFFB
 170 005b E619FA7F 		.ascii	"\346\031\372\177\304d~\002\321\035Ya\010\\\372B\224"
 170      C4647E02 
 170      D11D5961 
 170      085CFA42 
 170      94
 171 006c 8F30A01B 		.ascii	"\2170\240\033\002\2150F\360\223O\030\237\337^l\241}"
 171      028D3046 
 171      F0934F18 
 171      9FDF5E6C 
 171      A17D
 172 007e C9DAD1E3 		.ascii	"\311\332\321\343\352\237\335\350\370-\227\211N\231\320"
 172      EA9FDDE8 
 172      F82D9789 
 172      4E99D0
 173 008d 19438772 		.ascii	"\031C\207r\360\002\355$\027\237}\177z\004\323\001\335"
 173      F002ED24 
 173      179F7D7F 
 173      7A04D301 
 173      DD
 174 009e D7BDA995 		.ascii	"\327\275\251\225H\353\202\230\366k\305\365\250}n\013"
 174      48EB8298 
 174      F66BC5F5 
 174      A87D6E0B 
ARM GAS  C:\Users\victo\AppData\Local\Temp\ccAdIcZj.s 			page 13


 175 00ae FB9ED722 		.ascii	"\373\236\327\"V,\303\374\353\326!\206\223\302\337\355"
 175      562CC3FC 
 175      EBD62186 
 175      93C2DFED 
 176 00be 6863C15A 		.ascii	"hc\301Z{\003/\321\252\005\204\274\202F\011\011U\312"
 176      7B032FD1 
 176      AA0584BC 
 176      82460909 
 176      55CA
 177 00d0 37D7ACE7 		.ascii	"7\327\254\347\235\036\315,\3375\021&\227%\266\313\034"
 177      9D1ECD2C 
 177      DF351126 
 177      9725B6CB 
 177      1C
 178 00e1 223D6CD0 		.ascii	"\"=l\320\3770i2:\220\217>\342\220YW\263\203j}\262^\031"
 178      FF306932 
 178      3A908F3E 
 178      E2905957 
 178      B3836A7D 
 179 00f8 56D82FD6 		.ascii	"V\330/\326\027\235\177\334]l\372\301.\233\222-\331\220"
 179      179D7FDC 
 179      5D6CFAC1 
 179      2E9B922D 
 179      D990
 180 010a 96DF3BD8 		.ascii	"\226\337;\330\330\214\370\222\237f\362\370\335\014\346"
 180      D88CF892 
 180      9F66F2F8 
 180      DD0CE6
 181 0119 31972FC0 		.ascii	"1\227/\300\345\020^!\206\327\220\264x#*\355`\364[\361"
 181      E5105E21 
 181      86D790B4 
 181      78232AED 
 181      60F45BF1 
 182 012d 9C03A011 		.ascii	"\234\003\240\021\246(c\277'> PB\"\012cv\373\360\314"
 182      A62863BF 
 182      273E2050 
 182      42220A63 
 182      76FBF0CC 
 183 0141 2852CEB1 		.ascii	"(R\316\261*\356\257\360-\232W.)\245V\274\250\364\005"
 183      2AEEAFF0 
 183      2D9A572E 
 183      29A556BC 
 183      A8F405
 184 0154 A68640AA 		.ascii	"\246\206@\252N\373\220k\021\362k|=DYtqh\325\332\304"
 184      4EFB906B 
 184      11F26B7C 
 184      3D445974 
 184      7168D5DA 
 185 0169 FAFBA680 		.ascii	"\372\373\246\200\020\026\002n\307\250\206\253\034a\277"
 185      1016026E 
 185      C7A886AB 
 185      1C61BF
 186 0178 19D02648 		.ascii	"\031\320&HK\332\272\222\367\235'\316`:\347\364\247\022"
 186      4BDABA92 
 186      F79D27CE 
 186      603AE7F4 
 186      A712
ARM GAS  C:\Users\victo\AppData\Local\Temp\ccAdIcZj.s 			page 14


 187 018a 03438319 		.ascii	"\003C\203\031'\031O\014\364t'\037\304{S\275\367R\331"
 187      27194F0C 
 187      F474271F 
 187      C47B53BD 
 187      F752D9
 188 019d CCA3AE0C 		.ascii	"\314\243\256\0145?Ng\037:\375\211\\:7\224\275\004ia"
 188      353F4E67 
 188      1F3AFD89 
 188      5C3A3794 
 188      BD046961 
 189 01b1 AFF7     		.ascii	"\257\367"
 190              		.text
 191              		.section	.gnu.lto_.symbol_nodes.92f6715c,"",%progbits
 192 0000 789C55C7 		.ascii	"x\234U\307;\015\000 \020D\301w\037\022tbd-\240\200\240"
 192      3B0D0020 
 192      1044C177 
 192      1F127462 
 192      642DA080 
 193 0015 084D3414 		.ascii	"\010M4\024\334t\023\300\340q\004\363\200\304\332\035"
 193      DC7413C0 
 193      E07104F3 
 193      80C4DA1D 
 194 0025 3759B9CB 		.ascii	"7Y\271\313\313CQ\236\312\362\246\366\237\013\351b\031"
 194      CB43519E 
 194      CAF2A6F6 
 194      9F0BE962 
 194      19
 195 0036 56       		.ascii	"V"
 196              		.text
 197              		.section	.gnu.lto_.refs.92f6715c,"",%progbits
 198 0000 789C6366 		.ascii	"x\234cf```d\200\002\000\000=\000\005"
 198      60606064 
 198      80020000 
 198      3D0005
 199              		.text
 200              		.section	.gnu.lto_.decls.92f6715c,"",%progbits
 201 0000 789C8D54 		.ascii	"x\234\215T]L\024W\024\276g\356\354\256;l\200'\250\264"
 201      5D4C1457 
 201      14BE67EE 
 201      ECAE3B6C 
 201      8027A8B4 
 202 0014 49973421 		.ascii	"I\2274!mBH\224\246\351[\0370U\036\332l$M\037$!\033\230"
 202      6D424894 
 202      A6E95B1F 
 202      30551EDA 
 202      6C244D1F 
 203 002c 58120366 		.ascii	"X\022\003f\\\232\370va\323B\255\255\224B\244h\205VJ"
 203      5C9AF876 
 203      61D342AD 
 203      AD9442A4 
 203      6885564A 
 204 0040 15EB2F5B 		.ascii	"\025\353/[p\025qaUT\330\012\375S\264\324\265-\322\306"
 204      70157161 
 204      5554D80A 
 204      FD53B4D4 
 204      B52DD2C6 
 205 0054 6A286E52 		.ascii	"j(nR\214\215\323s\357\314\354\014\272\326\336\344\354"
ARM GAS  C:\Users\victo\AppData\Local\Temp\ccAdIcZj.s 			page 15


 205      8C8DD373 
 205      EFCCEC0C 
 205      BAD6DEE4 
 205      EC
 206 0065 EEB973BF 		.ascii	"\356\271s\277\357|\347|w\226\022B:\201\020\035\327\003"
 206      EF7CE77C 
 206      77961242 
 206      3A81101D 
 206      D703
 207 0077 9990BB98 		.ascii	"\231\220\273\230{0\002\304^n\214c\030\021\214!\214("
 207      7B3002C4 
 207      5E6E8C63 
 207      18118C21 
 207      8C28
 208 0089 461CE32C 		.ascii	"F\034\343,yt\361s.\023\177\020\243\020c\032c\312|\016"
 208      7974F173 
 208      2E137F10 
 208      A310631A 
 208      63CA7C0E 
 209 009d E6998757 		.ascii	"\346\231\207W\304\254\343\304\345e\300F2`\271&\371?"
 209      C4ACE3C4 
 209      E565C046 
 209      3260B926 
 209      F93F
 210 00af EA0D65C0 		.ascii	"\352\015e\300D\237\200\211f\300\360\236\275\246\306"
 210      449F8089 
 210      66C0F09E 
 210      BDA6C6
 211 00be 6C0C1FC6 		.ascii	"l\014\037\306\010F\302\344\360g\340\211g\340\341ss="
 211      0846C2E4 
 211      F067E089 
 211      67E0E173 
 211      733D
 212 00d0 A1CF4CB3 		.ascii	"\241\317L\263\375K\202\211_\226\356\372~\227 [\311\345"
 212      FD4B8289 
 212      5F96EEFA 
 212      7E97205B 
 212      C9E5
 213 00e2 69D7E5B9 		.ascii	"i\327\345\271\024\305\324\247H<\375\361ts\363\012*\001"
 213      14C5D4A7 
 213      483CFDF1 
 213      7473F30A 
 213      2A01
 214 00f4 FFBDB7F3 		.ascii	"\377\275\267\363\306\367Jq?c\254\205\305b`S4\366\235"
 214      C6F74A71 
 214      3F63AC85 
 214      C5626053 
 214      34F69D
 215 0107 DCEE414C 		.ascii	"\334\356AL\236\"\322\017'\272F\251Hu\216\223ff\332\357"
 215      9E22D20F 
 215      27BA46A9 
 215      48758E93 
 215      6666DAEF 
 216 011b 51508A5A 		.ascii	"QP\212Z\030kb\013m\214>E\240\270\000^( p\010\212\360"
 216      186B620B 
 216      6D8C3E45 
 216      A0B8005E 
ARM GAS  C:\Users\victo\AppData\Local\Temp\ccAdIcZj.s 			page 16


 216      28207008 
 217 0131 18F44331 		.ascii	"\030\364C1\201\003P\000_A\001\351\305\002\013\335\013"
 217      81035000 
 217      5F4101E9 
 217      C5020BDD 
 217      0B
 218 0142 579F614C 		.ascii	"W\237aL\206\203\240\300~\240\342\004\266\301+\230E["
 218      8683A0C0 
 218      7EA0E204 
 218      B6C12B98 
 218      455B
 219 0154 DF196D95 		.ascii	"\337\031m\225e\0117\371\231\0152\337\233\334\271{,+"
 219      650937F9 
 219      990D32DF 
 219      9BDCB97B 
 219      2C2B
 220 0166 BF83F115 		.ascii	"\277\203\361\025f\271\022\004\362\340K\244\335\207\264"
 220      66B91204 
 220      F2E04BA4 
 220      DD87B4
 221 0175 048E403E 		.ascii	"\004\216@>~\036\006\331 \37099\023\363\320R\321\332"
 221      7E1E06D9 
 221      20F83939 
 221      13F3D052 
 221      D1DA
 222 0187 8E2B7B53 		.ascii	"\216+{SY\376=\254\347\310\302\256\360\315\300Ga\326"
 222      59FE3DAC 
 222      E7C8C2AE 
 222      F0CDC047 
 222      61D6
 223 0199 CE92BAFE 		.ascii	"\316\222\272\376\254\000\301\321\264\000\302\177\033"
 223      AC00C1D1 
 223      B400C27F 
 223      1B
 224 01a6 133D067E 		.ascii	"\023=\006~\004\336Y\372\243\335C5A2;\337\367Y\216 I"
 224      04DE59FA 
 224      A3DD4335 
 224      41323BDF 
 224      F7598E20 
 225 01bb 5E8FABB1 		.ascii	"^\217\253\261&\366\217\256S\203a\300\3010`1D\004C\342"
 225      26F68FAE 
 225      538361C0 
 225      C1306031 
 225      440443E2 
 226 01cf C08577C1 		.ascii	"\300\205w\301\251\231\267c\213\376Z\210\336`j\036\325"
 226      A999B763 
 226      8BFE5A88 
 226      DE606A1E 
 226      D5
 227 01e0 DFEBC8A6 		.ascii	"\337\353\310\246a\020\365\256%\336\337m\210Nv\316\331"
 227      6110F5AE 
 227      25DEDF6D 
 227      884E76CE 
 227      D9
 228 01f1 F5100183 		.ascii	"\365\020\001\203\216z\203V\275!Qo\366\203\305Y\231~"
 228      8E7A8356 
 228      BD21516F 
ARM GAS  C:\Users\victo\AppData\Local\Temp\ccAdIcZj.s 			page 17


 228      F683C559 
 228      997E
 229 0203 6C509C1B 		.ascii	"lP\234\033\277\271R0\364L~\341\336\307b\272\376\212"
 229      BFB95230 
 229      F44C7EE1 
 229      DEC762BA 
 229      FE8A
 230 0215 C01F77E0 		.ascii	"\300\037w\340\217[\370\250\300\177\272xg\330K\373\015"
 230      8F5BF8A8 
 230      C07FBA78 
 230      67D84BFB 
 230      0D
 231 0226 BCE5BCDF 		.ascii	"\274\345\274\337p~\347\255\245\310\012\221r%h}\337\324"
 231      707EE7AD 
 231      A5C80A91 
 231      7225687D 
 231      DFD4
 232 0238 DF5DD950 		.ascii	"\337]\331P\244\030\236.\032\236\216`\203'lO\375\246"
 232      A4189E2E 
 232      1A9E8E60 
 232      83276C4F 
 232      FDA6
 233 024a A7E27AE0 		.ascii	"\247\342z\340\010\\\317\223t\377p\012/\210\337\274 "
 233      085CCF93 
 233      74FF700A 
 233      2F88DFBC 
 233      20
 234 025b 27717318 		.ascii	"'qs\0307\261P\367\370\237?\344\010\363G\322\346_\375"
 234      37B150F7 
 234      F89F3FE4 
 234      08F347D2 
 234      E65FFD
 235 026e EEDA7E6F 		.ascii	"\356\332~oz\3574\210\315=\372HT~\354\215\030\025\303"
 235      7AEF3488 
 235      CD3DFA48 
 235      547EEC8D 
 235      1815C3
 236 0281 8D5937A2 		.ascii	"\215Y7\242q[\177\263L\217\032\255\245.\306wXW\342\327"
 236      715B7FB3 
 236      4C8F1AAD 
 236      A52EC677 
 236      5857E2D7 
 237 0295 F9559FB0 		.ascii	"\371U\237\260\236F\366@\307\033\315Q0\346\030\320\230"
 237      9E46F640 
 237      C71BCD51 
 237      30E618D0 
 237      98
 238 02a6 35A0B818 		.ascii	"5\240\270\030\320\341o\233.)4a\260t4~>\3512<\372i~\271"
 238      D0E16F9B 
 238      2E293461 
 238      B074347E 
 238      3EE9323C 
 239 02be 47671C14 		.ascii	"Gg\034\024g,\212\263\202\"z(\225\310\022\357\244\237"
 239      672C8AB3 
 239      82227A28 
 239      95C812EF 
 239      A49F
ARM GAS  C:\Users\victo\AppData\Local\Temp\ccAdIcZj.s 			page 18


 240 02d0 939C683B 		.ascii	"\223\234h;\337\351\026\357\244\350\251\245m\360\226"
 240      DFE916EF 
 240      A4E8A9A5 
 240      6DF096
 241 02df 8BCE2F77 		.ascii	"\213\316/w\240\320p\340\372\256{\275^\221\362\277\337"
 241      A0D070E0 
 241      FAAE7BBD 
 241      5E91F2BF 
 241      DF
 242 02f0 1CBE75E3 		.ascii	"\034\276u\343\312\345a\017\275-\216K\267\333\233\364"
 242      CAE5610F 
 242      BD2D8E4B 
 242      B7DB9BF4 
 243 0300 ACB42129 		.ascii	"\254\264!)\303\220\004\316k\3026\244\320iHk\230y\327"
 243      C39004CE 
 243      6BC236A4 
 243      D069486B 
 243      9879D7
 244 0313 11388733 		.ascii	"\0218\2073\033\347\206L\242!\205\246!\027p\363\242a"
 244      1BE7864C 
 244      A22185A6 
 244      211770F3 
 244      A261
 245 0325 48B4637A 		.ascii	"H\264cz\\QZ\370\220\377\037B\212\015\264\336\367\231"
 245      5C515AF8 
 245      90FF1F42 
 245      8A0DB4DE 
 245      F799
 246 0337 4A92DB07 		.ascii	"J\222\333\007z%\256d\012\225\234\267\225|\003\266\224"
 246      7A25AE64 
 246      0A959CB7 
 246      957C03B6 
 246      94
 247 0348 47892F65 		.ascii	"G\211/e\2262\367[\367}\267o[Z\274 \265@\004\246\301"
 247      9632F75B 
 247      F77DB76F 
 247      5B5ABC20 
 247      B54004A6 
 248 035d 2726CDBF 		.ascii	"'&\315\277]\015\265u\241\227\335k_\177\303_F\236+\251"
 248      5D0DB575 
 248      A197DD6B 
 248      5F7FC35F 
 248      469E2BA9 
 249 0371 5CABD6A9 		.ascii	"\\\253\326\251Z0\244\326TU\3247h\325je\240\242\276\354"
 249      5A30A4D6 
 249      5455D437 
 249      68D56A65 
 249      A0A2BEEC 
 250 0385 C5CAEAAD 		.ascii	"\305\312\352\255\241\255\233\325-%o\221\374u\201\362"
 250      A1AD9BD5 
 250      2D256F91 
 250      FC7581F2 
 251 0395 AAF257AB 		.ascii	"\252\362W\253\266To\252\252PCk\264\332\267\325\327\352"
 251      B6546FAA 
 251      AA50436B 
 251      B4DAB7D5 
 251      D7EA
ARM GAS  C:\Users\victo\AppData\Local\Temp\ccAdIcZj.s 			page 19


 252 03a7 6BD4A2C7 		.ascii	"k\324\242\307bm@I5\311u\300\337\324jCj\216cc\275\032"
 252      626D4049 
 252      35C975C0 
 252      DFD46A43 
 252      6A8E6363 
 253 03bd ACC97B28 		.ascii	"\254\311{(_\023\014\005\327\253\033\335\\\347\252\227"
 253      5F130C05 
 253      D7AB1BDD 
 253      5CE7AA97 
 254 03cd 9E5E5EBD 		.ascii	"\236^^\275\274.\244jZ\303\346\020W\260\322\361\254l"
 254      BC2EA46A 
 254      5AC3E610 
 254      57B0D2F1 
 254      AC6C
 255 03df 931AD4D2 		.ascii	"\223\032\324\322O]\232\272\261t\265\240(]\375/\011s"
 255      4F5D9ABA 
 255      B174B5A0 
 255      285DFD2F 
 255      0973
 256 03f1 FDC5     		.ascii	"\375\305"
 257              		.text
 258              		.section	.gnu.lto_.symtab.92f6715c,"",%progbits
 259 0000 4850495F 		.ascii	"HPI_IF_scl_SetDriveMode\000\000\000\000\000\000\000"
 259      49465F73 
 259      636C5F53 
 259      65744472 
 259      6976654D 
 260 001e 00000000 		.ascii	"\000\000\000\000\000\262\000\000\000HPI_IF_scl_Writ"
 260      00B20000 
 260      00485049 
 260      5F49465F 
 260      73636C5F 
 261 0036 65000000 		.ascii	"e\000\000\000\000\000\000\000\000\000\000\000\000\264"
 261      00000000 
 261      00000000 
 261      00B4
 262 0044 00000048 		.ascii	"\000\000\000HPI_IF_scl_Read\000\000\000\000\000\000"
 262      50495F49 
 262      465F7363 
 262      6C5F5265 
 262      61640000 
 263 005c 00000000 		.ascii	"\000\000\000\000\000\000\267\000\000\000HPI_IF_scl_"
 263      0000B700 
 263      00004850 
 263      495F4946 
 263      5F73636C 
 264 0071 52656164 		.ascii	"ReadDataReg\000\000\000\000\000\000\000\000\000\000"
 264      44617461 
 264      52656700 
 264      00000000 
 264      00000000 
 265 0086 0000B900 		.ascii	"\000\000\271\000\000\000HPI_IF_scl_SetInterruptMode"
 265      00004850 
 265      495F4946 
 265      5F73636C 
 265      5F536574 
 266 00a7 00000000 		.ascii	"\000\000\000\000\000\000\000\000\000\000\000\000\303"
ARM GAS  C:\Users\victo\AppData\Local\Temp\ccAdIcZj.s 			page 20


 266      00000000 
 266      00000000 
 266      C3
 267 00b4 00000048 		.ascii	"\000\000\000HPI_IF_scl_ClearInterrupt\000\000\000\000"
 267      50495F49 
 267      465F7363 
 267      6C5F436C 
 267      65617249 
 268 00d4 00000000 		.ascii	"\000\000\000\000\000\000\000\000\305\000\000\000"
 268      00000000 
 268      C5000000 
 269              		.text
 270              		.section	.gnu.lto_.opts,"",%progbits
 271 0000 272D666E 		.ascii	"'-fno-trapv' '-mcpu=cortex-m0' '-mthumb' '-g' '-Os'"
 271      6F2D7472 
 271      61707627 
 271      20272D6D 
 271      6370753D 
 272 0033 20272D57 		.ascii	" '-Werror' '-ffunction-sections' '-finline-function"
 272      6572726F 
 272      72272027 
 272      2D666675 
 272      6E637469 
 273 0066 73272027 		.ascii	"s' '-flto' '-ffat-lto-objects' '-fno-strict-aliasin"
 273      2D666C74 
 273      6F272027 
 273      2D666661 
 273      742D6C74 
 274 0099 672700   		.ascii	"g'\000"
 275              		.text
 276              		.cfi_sections	.debug_frame
 277              		.section	.text.HPI_IF_scl_SetDriveMode,"ax",%progbits
 278              		.align	1
 279              		.global	HPI_IF_scl_SetDriveMode
 280              		.code	16
 281              		.thumb_func
 282              		.type	HPI_IF_scl_SetDriveMode, %function
 283              	HPI_IF_scl_SetDriveMode:
 284              	.LFB0:
 285              		.file 1 ".\\Generated_Source\\PSoC4\\HPI_IF_scl.c"
   1:.\Generated_Source\PSoC4/HPI_IF_scl.c **** /*******************************************************************************
   2:.\Generated_Source\PSoC4/HPI_IF_scl.c **** * File Name: HPI_IF_scl.c  
   3:.\Generated_Source\PSoC4/HPI_IF_scl.c **** * Version 2.20
   4:.\Generated_Source\PSoC4/HPI_IF_scl.c **** *
   5:.\Generated_Source\PSoC4/HPI_IF_scl.c **** * Description:
   6:.\Generated_Source\PSoC4/HPI_IF_scl.c **** *  This file contains API to enable firmware control of a Pins component.
   7:.\Generated_Source\PSoC4/HPI_IF_scl.c **** *
   8:.\Generated_Source\PSoC4/HPI_IF_scl.c **** ********************************************************************************
   9:.\Generated_Source\PSoC4/HPI_IF_scl.c **** * Copyright 2008-2015, Cypress Semiconductor Corporation.  All rights reserved.
  10:.\Generated_Source\PSoC4/HPI_IF_scl.c **** * You may use this file only in accordance with the license, terms, conditions, 
  11:.\Generated_Source\PSoC4/HPI_IF_scl.c **** * disclaimers, and limitations in the end user license agreement accompanying 
  12:.\Generated_Source\PSoC4/HPI_IF_scl.c **** * the software package with which this file was provided.
  13:.\Generated_Source\PSoC4/HPI_IF_scl.c **** *******************************************************************************/
  14:.\Generated_Source\PSoC4/HPI_IF_scl.c **** 
  15:.\Generated_Source\PSoC4/HPI_IF_scl.c **** #include "cytypes.h"
  16:.\Generated_Source\PSoC4/HPI_IF_scl.c **** #include "HPI_IF_scl.h"
  17:.\Generated_Source\PSoC4/HPI_IF_scl.c **** 
ARM GAS  C:\Users\victo\AppData\Local\Temp\ccAdIcZj.s 			page 21


  18:.\Generated_Source\PSoC4/HPI_IF_scl.c **** 
  19:.\Generated_Source\PSoC4/HPI_IF_scl.c **** #if defined(HPI_IF_scl__PC)
  20:.\Generated_Source\PSoC4/HPI_IF_scl.c ****     #define HPI_IF_scl_SetP4PinDriveMode(shift, mode)  \
  21:.\Generated_Source\PSoC4/HPI_IF_scl.c ****     do { \
  22:.\Generated_Source\PSoC4/HPI_IF_scl.c ****         HPI_IF_scl_PC =   (HPI_IF_scl_PC & \
  23:.\Generated_Source\PSoC4/HPI_IF_scl.c ****                                 (uint32)(~(uint32)(HPI_IF_scl_DRIVE_MODE_IND_MASK << \
  24:.\Generated_Source\PSoC4/HPI_IF_scl.c ****                                 (HPI_IF_scl_DRIVE_MODE_BITS * (shift))))) | \
  25:.\Generated_Source\PSoC4/HPI_IF_scl.c ****                                 (uint32)((uint32)(mode) << \
  26:.\Generated_Source\PSoC4/HPI_IF_scl.c ****                                 (HPI_IF_scl_DRIVE_MODE_BITS * (shift))); \
  27:.\Generated_Source\PSoC4/HPI_IF_scl.c ****     } while (0)
  28:.\Generated_Source\PSoC4/HPI_IF_scl.c **** #else
  29:.\Generated_Source\PSoC4/HPI_IF_scl.c ****     #if (CY_PSOC4_4200L)
  30:.\Generated_Source\PSoC4/HPI_IF_scl.c ****         #define HPI_IF_scl_SetP4PinDriveMode(shift, mode)  \
  31:.\Generated_Source\PSoC4/HPI_IF_scl.c ****         do { \
  32:.\Generated_Source\PSoC4/HPI_IF_scl.c ****             HPI_IF_scl_USBIO_CTRL_REG = (HPI_IF_scl_USBIO_CTRL_REG & \
  33:.\Generated_Source\PSoC4/HPI_IF_scl.c ****                                     (uint32)(~(uint32)(HPI_IF_scl_DRIVE_MODE_IND_MASK << \
  34:.\Generated_Source\PSoC4/HPI_IF_scl.c ****                                     (HPI_IF_scl_DRIVE_MODE_BITS * (shift))))) | \
  35:.\Generated_Source\PSoC4/HPI_IF_scl.c ****                                     (uint32)((uint32)(mode) << \
  36:.\Generated_Source\PSoC4/HPI_IF_scl.c ****                                     (HPI_IF_scl_DRIVE_MODE_BITS * (shift))); \
  37:.\Generated_Source\PSoC4/HPI_IF_scl.c ****         } while (0)
  38:.\Generated_Source\PSoC4/HPI_IF_scl.c ****     #endif
  39:.\Generated_Source\PSoC4/HPI_IF_scl.c **** #endif
  40:.\Generated_Source\PSoC4/HPI_IF_scl.c ****   
  41:.\Generated_Source\PSoC4/HPI_IF_scl.c **** 
  42:.\Generated_Source\PSoC4/HPI_IF_scl.c **** #if defined(HPI_IF_scl__PC) || (CY_PSOC4_4200L) 
  43:.\Generated_Source\PSoC4/HPI_IF_scl.c ****     /*******************************************************************************
  44:.\Generated_Source\PSoC4/HPI_IF_scl.c ****     * Function Name: HPI_IF_scl_SetDriveMode
  45:.\Generated_Source\PSoC4/HPI_IF_scl.c ****     ****************************************************************************//**
  46:.\Generated_Source\PSoC4/HPI_IF_scl.c ****     *
  47:.\Generated_Source\PSoC4/HPI_IF_scl.c ****     * \brief Sets the drive mode for each of the Pins component's pins.
  48:.\Generated_Source\PSoC4/HPI_IF_scl.c ****     * 
  49:.\Generated_Source\PSoC4/HPI_IF_scl.c ****     * <b>Note</b> This affects all pins in the Pins component instance. Use the
  50:.\Generated_Source\PSoC4/HPI_IF_scl.c ****     * Per-Pin APIs if you wish to control individual pin's drive modes.
  51:.\Generated_Source\PSoC4/HPI_IF_scl.c ****     *
  52:.\Generated_Source\PSoC4/HPI_IF_scl.c ****     * <b>Note</b> USBIOs have limited drive functionality. Refer to the Drive Mode
  53:.\Generated_Source\PSoC4/HPI_IF_scl.c ****     * parameter for more information.
  54:.\Generated_Source\PSoC4/HPI_IF_scl.c ****     *
  55:.\Generated_Source\PSoC4/HPI_IF_scl.c ****     * \param mode
  56:.\Generated_Source\PSoC4/HPI_IF_scl.c ****     *  Mode for the selected signals. Valid options are documented in 
  57:.\Generated_Source\PSoC4/HPI_IF_scl.c ****     *  \ref driveMode.
  58:.\Generated_Source\PSoC4/HPI_IF_scl.c ****     *
  59:.\Generated_Source\PSoC4/HPI_IF_scl.c ****     * \return
  60:.\Generated_Source\PSoC4/HPI_IF_scl.c ****     *  None
  61:.\Generated_Source\PSoC4/HPI_IF_scl.c ****     *
  62:.\Generated_Source\PSoC4/HPI_IF_scl.c ****     * \sideeffect
  63:.\Generated_Source\PSoC4/HPI_IF_scl.c ****     *  If you use read-modify-write operations that are not atomic, the ISR can
  64:.\Generated_Source\PSoC4/HPI_IF_scl.c ****     *  cause corruption of this function. An ISR that interrupts this function 
  65:.\Generated_Source\PSoC4/HPI_IF_scl.c ****     *  and performs writes to the Pins component Drive Mode registers can cause 
  66:.\Generated_Source\PSoC4/HPI_IF_scl.c ****     *  corrupted port data. To avoid this issue, you should either use the Per-Pin
  67:.\Generated_Source\PSoC4/HPI_IF_scl.c ****     *  APIs (primary method) or disable interrupts around this function.
  68:.\Generated_Source\PSoC4/HPI_IF_scl.c ****     *
  69:.\Generated_Source\PSoC4/HPI_IF_scl.c ****     * \funcusage
  70:.\Generated_Source\PSoC4/HPI_IF_scl.c ****     *  \snippet HPI_IF_scl_SUT.c usage_HPI_IF_scl_SetDriveMode
  71:.\Generated_Source\PSoC4/HPI_IF_scl.c ****     *******************************************************************************/
  72:.\Generated_Source\PSoC4/HPI_IF_scl.c ****     void HPI_IF_scl_SetDriveMode(uint8 mode)
  73:.\Generated_Source\PSoC4/HPI_IF_scl.c ****     {
 286              		.loc 1 73 0
ARM GAS  C:\Users\victo\AppData\Local\Temp\ccAdIcZj.s 			page 22


 287              		.cfi_startproc
 288              	.LVL0:
  74:.\Generated_Source\PSoC4/HPI_IF_scl.c **** 		HPI_IF_scl_SetP4PinDriveMode(HPI_IF_scl__0__SHIFT, mode);
 289              		.loc 1 74 0
 290 0000 3821     		mov	r1, #56
 291 0002 034A     		ldr	r2, .L2
 292 0004 C000     		lsl	r0, r0, #3
 293              	.LVL1:
 294 0006 1368     		ldr	r3, [r2]
  75:.\Generated_Source\PSoC4/HPI_IF_scl.c ****     }
 295              		.loc 1 75 0
 296              		@ sp needed
  74:.\Generated_Source\PSoC4/HPI_IF_scl.c **** 		HPI_IF_scl_SetP4PinDriveMode(HPI_IF_scl__0__SHIFT, mode);
 297              		.loc 1 74 0
 298 0008 8B43     		bic	r3, r1
 299 000a 1843     		orr	r0, r3
 300 000c 1060     		str	r0, [r2]
 301              		.loc 1 75 0
 302 000e 7047     		bx	lr
 303              	.L3:
 304              		.align	2
 305              	.L2:
 306 0010 08000440 		.word	1074003976
 307              		.cfi_endproc
 308              	.LFE0:
 309              		.size	HPI_IF_scl_SetDriveMode, .-HPI_IF_scl_SetDriveMode
 310              		.section	.text.HPI_IF_scl_Write,"ax",%progbits
 311              		.align	1
 312              		.global	HPI_IF_scl_Write
 313              		.code	16
 314              		.thumb_func
 315              		.type	HPI_IF_scl_Write, %function
 316              	HPI_IF_scl_Write:
 317              	.LFB1:
  76:.\Generated_Source\PSoC4/HPI_IF_scl.c **** #endif
  77:.\Generated_Source\PSoC4/HPI_IF_scl.c **** 
  78:.\Generated_Source\PSoC4/HPI_IF_scl.c **** 
  79:.\Generated_Source\PSoC4/HPI_IF_scl.c **** /*******************************************************************************
  80:.\Generated_Source\PSoC4/HPI_IF_scl.c **** * Function Name: HPI_IF_scl_Write
  81:.\Generated_Source\PSoC4/HPI_IF_scl.c **** ****************************************************************************//**
  82:.\Generated_Source\PSoC4/HPI_IF_scl.c **** *
  83:.\Generated_Source\PSoC4/HPI_IF_scl.c **** * \brief Writes the value to the physical port (data output register), masking
  84:.\Generated_Source\PSoC4/HPI_IF_scl.c **** *  and shifting the bits appropriately. 
  85:.\Generated_Source\PSoC4/HPI_IF_scl.c **** *
  86:.\Generated_Source\PSoC4/HPI_IF_scl.c **** * The data output register controls the signal applied to the physical pin in 
  87:.\Generated_Source\PSoC4/HPI_IF_scl.c **** * conjunction with the drive mode parameter. This function avoids changing 
  88:.\Generated_Source\PSoC4/HPI_IF_scl.c **** * other bits in the port by using the appropriate method (read-modify-write or
  89:.\Generated_Source\PSoC4/HPI_IF_scl.c **** * bit banding).
  90:.\Generated_Source\PSoC4/HPI_IF_scl.c **** *
  91:.\Generated_Source\PSoC4/HPI_IF_scl.c **** * <b>Note</b> This function should not be used on a hardware digital output pin 
  92:.\Generated_Source\PSoC4/HPI_IF_scl.c **** * as it is driven by the hardware signal attached to it.
  93:.\Generated_Source\PSoC4/HPI_IF_scl.c **** *
  94:.\Generated_Source\PSoC4/HPI_IF_scl.c **** * \param value
  95:.\Generated_Source\PSoC4/HPI_IF_scl.c **** *  Value to write to the component instance.
  96:.\Generated_Source\PSoC4/HPI_IF_scl.c **** *
  97:.\Generated_Source\PSoC4/HPI_IF_scl.c **** * \return 
  98:.\Generated_Source\PSoC4/HPI_IF_scl.c **** *  None 
ARM GAS  C:\Users\victo\AppData\Local\Temp\ccAdIcZj.s 			page 23


  99:.\Generated_Source\PSoC4/HPI_IF_scl.c **** *
 100:.\Generated_Source\PSoC4/HPI_IF_scl.c **** * \sideeffect
 101:.\Generated_Source\PSoC4/HPI_IF_scl.c **** *  If you use read-modify-write operations that are not atomic; the Interrupt 
 102:.\Generated_Source\PSoC4/HPI_IF_scl.c **** *  Service Routines (ISR) can cause corruption of this function. An ISR that 
 103:.\Generated_Source\PSoC4/HPI_IF_scl.c **** *  interrupts this function and performs writes to the Pins component data 
 104:.\Generated_Source\PSoC4/HPI_IF_scl.c **** *  register can cause corrupted port data. To avoid this issue, you should 
 105:.\Generated_Source\PSoC4/HPI_IF_scl.c **** *  either use the Per-Pin APIs (primary method) or disable interrupts around 
 106:.\Generated_Source\PSoC4/HPI_IF_scl.c **** *  this function.
 107:.\Generated_Source\PSoC4/HPI_IF_scl.c **** *
 108:.\Generated_Source\PSoC4/HPI_IF_scl.c **** * \funcusage
 109:.\Generated_Source\PSoC4/HPI_IF_scl.c **** *  \snippet HPI_IF_scl_SUT.c usage_HPI_IF_scl_Write
 110:.\Generated_Source\PSoC4/HPI_IF_scl.c **** *******************************************************************************/
 111:.\Generated_Source\PSoC4/HPI_IF_scl.c **** void HPI_IF_scl_Write(uint8 value)
 112:.\Generated_Source\PSoC4/HPI_IF_scl.c **** {
 318              		.loc 1 112 0
 319              		.cfi_startproc
 320              	.LVL2:
 113:.\Generated_Source\PSoC4/HPI_IF_scl.c ****     uint8 drVal = (uint8)(HPI_IF_scl_DR & (uint8)(~HPI_IF_scl_MASK));
 321              		.loc 1 113 0
 322 0000 0223     		mov	r3, #2
 323 0002 0449     		ldr	r1, .L5
 114:.\Generated_Source\PSoC4/HPI_IF_scl.c ****     drVal = (drVal | ((uint8)(value << HPI_IF_scl_SHIFT) & HPI_IF_scl_MASK));
 324              		.loc 1 114 0
 325 0004 4000     		lsl	r0, r0, #1
 326              	.LVL3:
 113:.\Generated_Source\PSoC4/HPI_IF_scl.c ****     uint8 drVal = (uint8)(HPI_IF_scl_DR & (uint8)(~HPI_IF_scl_MASK));
 327              		.loc 1 113 0
 328 0006 0A68     		ldr	r2, [r1]
 115:.\Generated_Source\PSoC4/HPI_IF_scl.c ****     HPI_IF_scl_DR = (uint32)drVal;
 116:.\Generated_Source\PSoC4/HPI_IF_scl.c **** }
 329              		.loc 1 116 0
 330              		@ sp needed
 113:.\Generated_Source\PSoC4/HPI_IF_scl.c ****     drVal = (drVal | ((uint8)(value << HPI_IF_scl_SHIFT) & HPI_IF_scl_MASK));
 331              		.loc 1 113 0
 332 0008 9A43     		bic	r2, r3
 333 000a D2B2     		uxtb	r2, r2
 114:.\Generated_Source\PSoC4/HPI_IF_scl.c ****     drVal = (drVal | ((uint8)(value << HPI_IF_scl_SHIFT) & HPI_IF_scl_MASK));
 334              		.loc 1 114 0
 335 000c 0340     		and	r3, r0
 115:.\Generated_Source\PSoC4/HPI_IF_scl.c ****     HPI_IF_scl_DR = (uint32)drVal;
 336              		.loc 1 115 0
 337 000e 1343     		orr	r3, r2
 338 0010 0B60     		str	r3, [r1]
 339              		.loc 1 116 0
 340 0012 7047     		bx	lr
 341              	.L6:
 342              		.align	2
 343              	.L5:
 344 0014 00000440 		.word	1074003968
 345              		.cfi_endproc
 346              	.LFE1:
 347              		.size	HPI_IF_scl_Write, .-HPI_IF_scl_Write
 348              		.section	.text.HPI_IF_scl_Read,"ax",%progbits
 349              		.align	1
 350              		.global	HPI_IF_scl_Read
 351              		.code	16
 352              		.thumb_func
ARM GAS  C:\Users\victo\AppData\Local\Temp\ccAdIcZj.s 			page 24


 353              		.type	HPI_IF_scl_Read, %function
 354              	HPI_IF_scl_Read:
 355              	.LFB2:
 117:.\Generated_Source\PSoC4/HPI_IF_scl.c **** 
 118:.\Generated_Source\PSoC4/HPI_IF_scl.c **** 
 119:.\Generated_Source\PSoC4/HPI_IF_scl.c **** /*******************************************************************************
 120:.\Generated_Source\PSoC4/HPI_IF_scl.c **** * Function Name: HPI_IF_scl_Read
 121:.\Generated_Source\PSoC4/HPI_IF_scl.c **** ****************************************************************************//**
 122:.\Generated_Source\PSoC4/HPI_IF_scl.c **** *
 123:.\Generated_Source\PSoC4/HPI_IF_scl.c **** * \brief Reads the associated physical port (pin status register) and masks 
 124:.\Generated_Source\PSoC4/HPI_IF_scl.c **** *  the required bits according to the width and bit position of the component
 125:.\Generated_Source\PSoC4/HPI_IF_scl.c **** *  instance. 
 126:.\Generated_Source\PSoC4/HPI_IF_scl.c **** *
 127:.\Generated_Source\PSoC4/HPI_IF_scl.c **** * The pin's status register returns the current logic level present on the 
 128:.\Generated_Source\PSoC4/HPI_IF_scl.c **** * physical pin.
 129:.\Generated_Source\PSoC4/HPI_IF_scl.c **** *
 130:.\Generated_Source\PSoC4/HPI_IF_scl.c **** * \return 
 131:.\Generated_Source\PSoC4/HPI_IF_scl.c **** *  The current value for the pins in the component as a right justified number.
 132:.\Generated_Source\PSoC4/HPI_IF_scl.c **** *
 133:.\Generated_Source\PSoC4/HPI_IF_scl.c **** * \funcusage
 134:.\Generated_Source\PSoC4/HPI_IF_scl.c **** *  \snippet HPI_IF_scl_SUT.c usage_HPI_IF_scl_Read  
 135:.\Generated_Source\PSoC4/HPI_IF_scl.c **** *******************************************************************************/
 136:.\Generated_Source\PSoC4/HPI_IF_scl.c **** uint8 HPI_IF_scl_Read(void)
 137:.\Generated_Source\PSoC4/HPI_IF_scl.c **** {
 356              		.loc 1 137 0
 357              		.cfi_startproc
 138:.\Generated_Source\PSoC4/HPI_IF_scl.c ****     return (uint8)((HPI_IF_scl_PS & HPI_IF_scl_MASK) >> HPI_IF_scl_SHIFT);
 358              		.loc 1 138 0
 359 0000 024B     		ldr	r3, .L8
 139:.\Generated_Source\PSoC4/HPI_IF_scl.c **** }
 360              		.loc 1 139 0
 361              		@ sp needed
 138:.\Generated_Source\PSoC4/HPI_IF_scl.c ****     return (uint8)((HPI_IF_scl_PS & HPI_IF_scl_MASK) >> HPI_IF_scl_SHIFT);
 362              		.loc 1 138 0
 363 0002 1868     		ldr	r0, [r3]
 364 0004 8007     		lsl	r0, r0, #30
 365 0006 C00F     		lsr	r0, r0, #31
 366              		.loc 1 139 0
 367 0008 7047     		bx	lr
 368              	.L9:
 369 000a C046     		.align	2
 370              	.L8:
 371 000c 04000440 		.word	1074003972
 372              		.cfi_endproc
 373              	.LFE2:
 374              		.size	HPI_IF_scl_Read, .-HPI_IF_scl_Read
 375              		.section	.text.HPI_IF_scl_ReadDataReg,"ax",%progbits
 376              		.align	1
 377              		.global	HPI_IF_scl_ReadDataReg
 378              		.code	16
 379              		.thumb_func
 380              		.type	HPI_IF_scl_ReadDataReg, %function
 381              	HPI_IF_scl_ReadDataReg:
 382              	.LFB3:
 140:.\Generated_Source\PSoC4/HPI_IF_scl.c **** 
 141:.\Generated_Source\PSoC4/HPI_IF_scl.c **** 
 142:.\Generated_Source\PSoC4/HPI_IF_scl.c **** /*******************************************************************************
ARM GAS  C:\Users\victo\AppData\Local\Temp\ccAdIcZj.s 			page 25


 143:.\Generated_Source\PSoC4/HPI_IF_scl.c **** * Function Name: HPI_IF_scl_ReadDataReg
 144:.\Generated_Source\PSoC4/HPI_IF_scl.c **** ****************************************************************************//**
 145:.\Generated_Source\PSoC4/HPI_IF_scl.c **** *
 146:.\Generated_Source\PSoC4/HPI_IF_scl.c **** * \brief Reads the associated physical port's data output register and masks 
 147:.\Generated_Source\PSoC4/HPI_IF_scl.c **** *  the correct bits according to the width and bit position of the component 
 148:.\Generated_Source\PSoC4/HPI_IF_scl.c **** *  instance. 
 149:.\Generated_Source\PSoC4/HPI_IF_scl.c **** *
 150:.\Generated_Source\PSoC4/HPI_IF_scl.c **** * The data output register controls the signal applied to the physical pin in 
 151:.\Generated_Source\PSoC4/HPI_IF_scl.c **** * conjunction with the drive mode parameter. This is not the same as the 
 152:.\Generated_Source\PSoC4/HPI_IF_scl.c **** * preferred HPI_IF_scl_Read() API because the 
 153:.\Generated_Source\PSoC4/HPI_IF_scl.c **** * HPI_IF_scl_ReadDataReg() reads the data register instead of the status 
 154:.\Generated_Source\PSoC4/HPI_IF_scl.c **** * register. For output pins this is a useful function to determine the value 
 155:.\Generated_Source\PSoC4/HPI_IF_scl.c **** * just written to the pin.
 156:.\Generated_Source\PSoC4/HPI_IF_scl.c **** *
 157:.\Generated_Source\PSoC4/HPI_IF_scl.c **** * \return 
 158:.\Generated_Source\PSoC4/HPI_IF_scl.c **** *  The current value of the data register masked and shifted into a right 
 159:.\Generated_Source\PSoC4/HPI_IF_scl.c **** *  justified number for the component instance.
 160:.\Generated_Source\PSoC4/HPI_IF_scl.c **** *
 161:.\Generated_Source\PSoC4/HPI_IF_scl.c **** * \funcusage
 162:.\Generated_Source\PSoC4/HPI_IF_scl.c **** *  \snippet HPI_IF_scl_SUT.c usage_HPI_IF_scl_ReadDataReg 
 163:.\Generated_Source\PSoC4/HPI_IF_scl.c **** *******************************************************************************/
 164:.\Generated_Source\PSoC4/HPI_IF_scl.c **** uint8 HPI_IF_scl_ReadDataReg(void)
 165:.\Generated_Source\PSoC4/HPI_IF_scl.c **** {
 383              		.loc 1 165 0
 384              		.cfi_startproc
 166:.\Generated_Source\PSoC4/HPI_IF_scl.c ****     return (uint8)((HPI_IF_scl_DR & HPI_IF_scl_MASK) >> HPI_IF_scl_SHIFT);
 385              		.loc 1 166 0
 386 0000 024B     		ldr	r3, .L11
 167:.\Generated_Source\PSoC4/HPI_IF_scl.c **** }
 387              		.loc 1 167 0
 388              		@ sp needed
 166:.\Generated_Source\PSoC4/HPI_IF_scl.c ****     return (uint8)((HPI_IF_scl_DR & HPI_IF_scl_MASK) >> HPI_IF_scl_SHIFT);
 389              		.loc 1 166 0
 390 0002 1868     		ldr	r0, [r3]
 391 0004 8007     		lsl	r0, r0, #30
 392 0006 C00F     		lsr	r0, r0, #31
 393              		.loc 1 167 0
 394 0008 7047     		bx	lr
 395              	.L12:
 396 000a C046     		.align	2
 397              	.L11:
 398 000c 00000440 		.word	1074003968
 399              		.cfi_endproc
 400              	.LFE3:
 401              		.size	HPI_IF_scl_ReadDataReg, .-HPI_IF_scl_ReadDataReg
 402              		.section	.text.HPI_IF_scl_SetInterruptMode,"ax",%progbits
 403              		.align	1
 404              		.global	HPI_IF_scl_SetInterruptMode
 405              		.code	16
 406              		.thumb_func
 407              		.type	HPI_IF_scl_SetInterruptMode, %function
 408              	HPI_IF_scl_SetInterruptMode:
 409              	.LFB4:
 168:.\Generated_Source\PSoC4/HPI_IF_scl.c **** 
 169:.\Generated_Source\PSoC4/HPI_IF_scl.c **** 
 170:.\Generated_Source\PSoC4/HPI_IF_scl.c **** /*******************************************************************************
 171:.\Generated_Source\PSoC4/HPI_IF_scl.c **** * Function Name: HPI_IF_scl_SetInterruptMode
ARM GAS  C:\Users\victo\AppData\Local\Temp\ccAdIcZj.s 			page 26


 172:.\Generated_Source\PSoC4/HPI_IF_scl.c **** ****************************************************************************//**
 173:.\Generated_Source\PSoC4/HPI_IF_scl.c **** *
 174:.\Generated_Source\PSoC4/HPI_IF_scl.c **** * \brief Configures the interrupt mode for each of the Pins component's
 175:.\Generated_Source\PSoC4/HPI_IF_scl.c **** *  pins. Alternatively you may set the interrupt mode for all the pins
 176:.\Generated_Source\PSoC4/HPI_IF_scl.c **** *  specified in the Pins component.
 177:.\Generated_Source\PSoC4/HPI_IF_scl.c **** *
 178:.\Generated_Source\PSoC4/HPI_IF_scl.c **** *  <b>Note</b> The interrupt is port-wide and therefore any enabled pin
 179:.\Generated_Source\PSoC4/HPI_IF_scl.c **** *  interrupt may trigger it.
 180:.\Generated_Source\PSoC4/HPI_IF_scl.c **** *
 181:.\Generated_Source\PSoC4/HPI_IF_scl.c **** * \param position
 182:.\Generated_Source\PSoC4/HPI_IF_scl.c **** *  The pin position as listed in the Pins component. You may OR these to be 
 183:.\Generated_Source\PSoC4/HPI_IF_scl.c **** *  able to configure the interrupt mode of multiple pins within a Pins 
 184:.\Generated_Source\PSoC4/HPI_IF_scl.c **** *  component. Or you may use HPI_IF_scl_INTR_ALL to configure the
 185:.\Generated_Source\PSoC4/HPI_IF_scl.c **** *  interrupt mode of all the pins in the Pins component.       
 186:.\Generated_Source\PSoC4/HPI_IF_scl.c **** *  - HPI_IF_scl_0_INTR       (First pin in the list)
 187:.\Generated_Source\PSoC4/HPI_IF_scl.c **** *  - HPI_IF_scl_1_INTR       (Second pin in the list)
 188:.\Generated_Source\PSoC4/HPI_IF_scl.c **** *  - ...
 189:.\Generated_Source\PSoC4/HPI_IF_scl.c **** *  - HPI_IF_scl_INTR_ALL     (All pins in Pins component)
 190:.\Generated_Source\PSoC4/HPI_IF_scl.c **** *
 191:.\Generated_Source\PSoC4/HPI_IF_scl.c **** * \param mode
 192:.\Generated_Source\PSoC4/HPI_IF_scl.c **** *  Interrupt mode for the selected pins. Valid options are documented in
 193:.\Generated_Source\PSoC4/HPI_IF_scl.c **** *  \ref intrMode.
 194:.\Generated_Source\PSoC4/HPI_IF_scl.c **** *
 195:.\Generated_Source\PSoC4/HPI_IF_scl.c **** * \return 
 196:.\Generated_Source\PSoC4/HPI_IF_scl.c **** *  None
 197:.\Generated_Source\PSoC4/HPI_IF_scl.c **** *  
 198:.\Generated_Source\PSoC4/HPI_IF_scl.c **** * \sideeffect
 199:.\Generated_Source\PSoC4/HPI_IF_scl.c **** *  It is recommended that the interrupt be disabled before calling this 
 200:.\Generated_Source\PSoC4/HPI_IF_scl.c **** *  function to avoid unintended interrupt requests. Note that the interrupt
 201:.\Generated_Source\PSoC4/HPI_IF_scl.c **** *  type is port wide, and therefore will trigger for any enabled pin on the 
 202:.\Generated_Source\PSoC4/HPI_IF_scl.c **** *  port.
 203:.\Generated_Source\PSoC4/HPI_IF_scl.c **** *
 204:.\Generated_Source\PSoC4/HPI_IF_scl.c **** * \funcusage
 205:.\Generated_Source\PSoC4/HPI_IF_scl.c **** *  \snippet HPI_IF_scl_SUT.c usage_HPI_IF_scl_SetInterruptMode
 206:.\Generated_Source\PSoC4/HPI_IF_scl.c **** *******************************************************************************/
 207:.\Generated_Source\PSoC4/HPI_IF_scl.c **** void HPI_IF_scl_SetInterruptMode(uint16 position, uint16 mode)
 208:.\Generated_Source\PSoC4/HPI_IF_scl.c **** {
 410              		.loc 1 208 0
 411              		.cfi_startproc
 412              	.LVL4:
 209:.\Generated_Source\PSoC4/HPI_IF_scl.c ****     uint32 intrCfg;
 210:.\Generated_Source\PSoC4/HPI_IF_scl.c ****     
 211:.\Generated_Source\PSoC4/HPI_IF_scl.c ****     intrCfg =  HPI_IF_scl_INTCFG & (uint32)(~(uint32)position);
 413              		.loc 1 211 0
 414 0000 034A     		ldr	r2, .L14
 212:.\Generated_Source\PSoC4/HPI_IF_scl.c ****     HPI_IF_scl_INTCFG = intrCfg | ((uint32)position & (uint32)mode);
 213:.\Generated_Source\PSoC4/HPI_IF_scl.c **** }
 415              		.loc 1 213 0
 416              		@ sp needed
 211:.\Generated_Source\PSoC4/HPI_IF_scl.c ****     HPI_IF_scl_INTCFG = intrCfg | ((uint32)position & (uint32)mode);
 417              		.loc 1 211 0
 418 0002 1368     		ldr	r3, [r2]
 419              	.LVL5:
 420 0004 8343     		bic	r3, r0
 421              	.LVL6:
 212:.\Generated_Source\PSoC4/HPI_IF_scl.c ****     HPI_IF_scl_INTCFG = intrCfg | ((uint32)position & (uint32)mode);
 422              		.loc 1 212 0
ARM GAS  C:\Users\victo\AppData\Local\Temp\ccAdIcZj.s 			page 27


 423 0006 0840     		and	r0, r1
 424              	.LVL7:
 425 0008 1843     		orr	r0, r3
 426 000a 1060     		str	r0, [r2]
 427              		.loc 1 213 0
 428 000c 7047     		bx	lr
 429              	.L15:
 430 000e C046     		.align	2
 431              	.L14:
 432 0010 0C000440 		.word	1074003980
 433              		.cfi_endproc
 434              	.LFE4:
 435              		.size	HPI_IF_scl_SetInterruptMode, .-HPI_IF_scl_SetInterruptMode
 436              		.section	.text.HPI_IF_scl_ClearInterrupt,"ax",%progbits
 437              		.align	1
 438              		.global	HPI_IF_scl_ClearInterrupt
 439              		.code	16
 440              		.thumb_func
 441              		.type	HPI_IF_scl_ClearInterrupt, %function
 442              	HPI_IF_scl_ClearInterrupt:
 443              	.LFB5:
 214:.\Generated_Source\PSoC4/HPI_IF_scl.c **** 
 215:.\Generated_Source\PSoC4/HPI_IF_scl.c **** 
 216:.\Generated_Source\PSoC4/HPI_IF_scl.c **** /*******************************************************************************
 217:.\Generated_Source\PSoC4/HPI_IF_scl.c **** * Function Name: HPI_IF_scl_ClearInterrupt
 218:.\Generated_Source\PSoC4/HPI_IF_scl.c **** ****************************************************************************//**
 219:.\Generated_Source\PSoC4/HPI_IF_scl.c **** *
 220:.\Generated_Source\PSoC4/HPI_IF_scl.c **** * \brief Clears any active interrupts attached with the component and returns 
 221:.\Generated_Source\PSoC4/HPI_IF_scl.c **** *  the value of the interrupt status register allowing determination of which
 222:.\Generated_Source\PSoC4/HPI_IF_scl.c **** *  pins generated an interrupt event.
 223:.\Generated_Source\PSoC4/HPI_IF_scl.c **** *
 224:.\Generated_Source\PSoC4/HPI_IF_scl.c **** * \return 
 225:.\Generated_Source\PSoC4/HPI_IF_scl.c **** *  The right-shifted current value of the interrupt status register. Each pin 
 226:.\Generated_Source\PSoC4/HPI_IF_scl.c **** *  has one bit set if it generated an interrupt event. For example, bit 0 is 
 227:.\Generated_Source\PSoC4/HPI_IF_scl.c **** *  for pin 0 and bit 1 is for pin 1 of the Pins component.
 228:.\Generated_Source\PSoC4/HPI_IF_scl.c **** *  
 229:.\Generated_Source\PSoC4/HPI_IF_scl.c **** * \sideeffect
 230:.\Generated_Source\PSoC4/HPI_IF_scl.c **** *  Clears all bits of the physical port's interrupt status register, not just
 231:.\Generated_Source\PSoC4/HPI_IF_scl.c **** *  those associated with the Pins component.
 232:.\Generated_Source\PSoC4/HPI_IF_scl.c **** *
 233:.\Generated_Source\PSoC4/HPI_IF_scl.c **** * \funcusage
 234:.\Generated_Source\PSoC4/HPI_IF_scl.c **** *  \snippet HPI_IF_scl_SUT.c usage_HPI_IF_scl_ClearInterrupt
 235:.\Generated_Source\PSoC4/HPI_IF_scl.c **** *******************************************************************************/
 236:.\Generated_Source\PSoC4/HPI_IF_scl.c **** uint8 HPI_IF_scl_ClearInterrupt(void)
 237:.\Generated_Source\PSoC4/HPI_IF_scl.c **** {
 444              		.loc 1 237 0
 445              		.cfi_startproc
 238:.\Generated_Source\PSoC4/HPI_IF_scl.c **** 	uint8 maskedStatus = (uint8)(HPI_IF_scl_INTSTAT & HPI_IF_scl_MASK);
 446              		.loc 1 238 0
 447 0000 0223     		mov	r3, #2
 448 0002 034A     		ldr	r2, .L17
 239:.\Generated_Source\PSoC4/HPI_IF_scl.c **** 	HPI_IF_scl_INTSTAT = maskedStatus;
 240:.\Generated_Source\PSoC4/HPI_IF_scl.c ****     return maskedStatus >> HPI_IF_scl_SHIFT;
 241:.\Generated_Source\PSoC4/HPI_IF_scl.c **** }
 449              		.loc 1 241 0
 450              		@ sp needed
 238:.\Generated_Source\PSoC4/HPI_IF_scl.c **** 	uint8 maskedStatus = (uint8)(HPI_IF_scl_INTSTAT & HPI_IF_scl_MASK);
ARM GAS  C:\Users\victo\AppData\Local\Temp\ccAdIcZj.s 			page 28


 451              		.loc 1 238 0
 452 0004 1068     		ldr	r0, [r2]
 453 0006 1840     		and	r0, r3
 454              	.LVL8:
 239:.\Generated_Source\PSoC4/HPI_IF_scl.c **** 	HPI_IF_scl_INTSTAT = maskedStatus;
 455              		.loc 1 239 0
 456 0008 1060     		str	r0, [r2]
 240:.\Generated_Source\PSoC4/HPI_IF_scl.c **** }
 457              		.loc 1 240 0
 458 000a 4008     		lsr	r0, r0, #1
 459              	.LVL9:
 460 000c C0B2     		uxtb	r0, r0
 461              		.loc 1 241 0
 462 000e 7047     		bx	lr
 463              	.L18:
 464              		.align	2
 465              	.L17:
 466 0010 10000440 		.word	1074003984
 467              		.cfi_endproc
 468              	.LFE5:
 469              		.size	HPI_IF_scl_ClearInterrupt, .-HPI_IF_scl_ClearInterrupt
 470              		.text
 471              	.Letext0:
 472              		.file 2 ".\\Generated_Source\\PSoC4\\cytypes.h"
 473              		.section	.debug_info,"",%progbits
 474              	.Ldebug_info0:
 475 0000 97010000 		.4byte	0x197
 476 0004 0400     		.2byte	0x4
 477 0006 00000000 		.4byte	.Ldebug_abbrev0
 478 000a 04       		.byte	0x4
 479 000b 01       		.uleb128 0x1
 480 000c 5A010000 		.4byte	.LASF27
 481 0010 01       		.byte	0x1
 482 0011 1B020000 		.4byte	.LASF28
 483 0015 EC000000 		.4byte	.LASF29
 484 0019 00000000 		.4byte	.Ldebug_ranges0+0
 485 001d 00000000 		.4byte	0
 486 0021 00000000 		.4byte	.Ldebug_line0
 487 0025 02       		.uleb128 0x2
 488 0026 01       		.byte	0x1
 489 0027 06       		.byte	0x6
 490 0028 92020000 		.4byte	.LASF0
 491 002c 02       		.uleb128 0x2
 492 002d 01       		.byte	0x1
 493 002e 08       		.byte	0x8
 494 002f 3D000000 		.4byte	.LASF1
 495 0033 02       		.uleb128 0x2
 496 0034 02       		.byte	0x2
 497 0035 05       		.byte	0x5
 498 0036 61020000 		.4byte	.LASF2
 499 003a 02       		.uleb128 0x2
 500 003b 02       		.byte	0x2
 501 003c 07       		.byte	0x7
 502 003d 63000000 		.4byte	.LASF3
 503 0041 02       		.uleb128 0x2
 504 0042 04       		.byte	0x4
 505 0043 05       		.byte	0x5
ARM GAS  C:\Users\victo\AppData\Local\Temp\ccAdIcZj.s 			page 29


 506 0044 71020000 		.4byte	.LASF4
 507 0048 02       		.uleb128 0x2
 508 0049 04       		.byte	0x4
 509 004a 07       		.byte	0x7
 510 004b 51000000 		.4byte	.LASF5
 511 004f 02       		.uleb128 0x2
 512 0050 08       		.byte	0x8
 513 0051 05       		.byte	0x5
 514 0052 41020000 		.4byte	.LASF6
 515 0056 02       		.uleb128 0x2
 516 0057 08       		.byte	0x8
 517 0058 07       		.byte	0x7
 518 0059 43010000 		.4byte	.LASF7
 519 005d 03       		.uleb128 0x3
 520 005e 04       		.byte	0x4
 521 005f 05       		.byte	0x5
 522 0060 696E7400 		.ascii	"int\000"
 523 0064 02       		.uleb128 0x2
 524 0065 04       		.byte	0x4
 525 0066 07       		.byte	0x7
 526 0067 DF000000 		.4byte	.LASF8
 527 006b 04       		.uleb128 0x4
 528 006c 6B020000 		.4byte	.LASF9
 529 0070 02       		.byte	0x2
 530 0071 9801     		.2byte	0x198
 531 0073 2C000000 		.4byte	0x2c
 532 0077 04       		.uleb128 0x4
 533 0078 C0000000 		.4byte	.LASF10
 534 007c 02       		.byte	0x2
 535 007d 9901     		.2byte	0x199
 536 007f 3A000000 		.4byte	0x3a
 537 0083 04       		.uleb128 0x4
 538 0084 D0000000 		.4byte	.LASF11
 539 0088 02       		.byte	0x2
 540 0089 9A01     		.2byte	0x19a
 541 008b 48000000 		.4byte	0x48
 542 008f 02       		.uleb128 0x2
 543 0090 04       		.byte	0x4
 544 0091 04       		.byte	0x4
 545 0092 1D000000 		.4byte	.LASF12
 546 0096 02       		.uleb128 0x2
 547 0097 08       		.byte	0x8
 548 0098 04       		.byte	0x4
 549 0099 A9000000 		.4byte	.LASF13
 550 009d 02       		.uleb128 0x2
 551 009e 01       		.byte	0x1
 552 009f 08       		.byte	0x8
 553 00a0 5C020000 		.4byte	.LASF14
 554 00a4 04       		.uleb128 0x4
 555 00a5 00000000 		.4byte	.LASF15
 556 00a9 02       		.byte	0x2
 557 00aa 4402     		.2byte	0x244
 558 00ac B0000000 		.4byte	0xb0
 559 00b0 05       		.uleb128 0x5
 560 00b1 83000000 		.4byte	0x83
 561 00b5 06       		.uleb128 0x6
 562 00b6 7A020000 		.4byte	.LASF16
ARM GAS  C:\Users\victo\AppData\Local\Temp\ccAdIcZj.s 			page 30


 563 00ba 01       		.byte	0x1
 564 00bb 48       		.byte	0x48
 565 00bc 00000000 		.4byte	.LFB0
 566 00c0 14000000 		.4byte	.LFE0-.LFB0
 567 00c4 01       		.uleb128 0x1
 568 00c5 9C       		.byte	0x9c
 569 00c6 DA000000 		.4byte	0xda
 570 00ca 07       		.uleb128 0x7
 571 00cb 16020000 		.4byte	.LASF18
 572 00cf 01       		.byte	0x1
 573 00d0 48       		.byte	0x48
 574 00d1 6B000000 		.4byte	0x6b
 575 00d5 00000000 		.4byte	.LLST0
 576 00d9 00       		.byte	0
 577 00da 06       		.uleb128 0x6
 578 00db 0C000000 		.4byte	.LASF17
 579 00df 01       		.byte	0x1
 580 00e0 6F       		.byte	0x6f
 581 00e1 00000000 		.4byte	.LFB1
 582 00e5 18000000 		.4byte	.LFE1-.LFB1
 583 00e9 01       		.uleb128 0x1
 584 00ea 9C       		.byte	0x9c
 585 00eb 0A010000 		.4byte	0x10a
 586 00ef 07       		.uleb128 0x7
 587 00f0 06000000 		.4byte	.LASF19
 588 00f4 01       		.byte	0x1
 589 00f5 6F       		.byte	0x6f
 590 00f6 6B000000 		.4byte	0x6b
 591 00fa 21000000 		.4byte	.LLST1
 592 00fe 08       		.uleb128 0x8
 593 00ff 4B000000 		.4byte	.LASF30
 594 0103 01       		.byte	0x1
 595 0104 71       		.byte	0x71
 596 0105 6B000000 		.4byte	0x6b
 597 0109 00       		.byte	0
 598 010a 09       		.uleb128 0x9
 599 010b B0000000 		.4byte	.LASF20
 600 010f 01       		.byte	0x1
 601 0110 88       		.byte	0x88
 602 0111 6B000000 		.4byte	0x6b
 603 0115 00000000 		.4byte	.LFB2
 604 0119 10000000 		.4byte	.LFE2-.LFB2
 605 011d 01       		.uleb128 0x1
 606 011e 9C       		.byte	0x9c
 607 011f 09       		.uleb128 0x9
 608 0120 92000000 		.4byte	.LASF21
 609 0124 01       		.byte	0x1
 610 0125 A4       		.byte	0xa4
 611 0126 6B000000 		.4byte	0x6b
 612 012a 00000000 		.4byte	.LFB3
 613 012e 10000000 		.4byte	.LFE3-.LFB3
 614 0132 01       		.uleb128 0x1
 615 0133 9C       		.byte	0x9c
 616 0134 06       		.uleb128 0x6
 617 0135 76000000 		.4byte	.LASF22
 618 0139 01       		.byte	0x1
 619 013a CF       		.byte	0xcf
ARM GAS  C:\Users\victo\AppData\Local\Temp\ccAdIcZj.s 			page 31


 620 013b 00000000 		.4byte	.LFB4
 621 013f 14000000 		.4byte	.LFE4-.LFB4
 622 0143 01       		.uleb128 0x1
 623 0144 9C       		.byte	0x9c
 624 0145 75010000 		.4byte	0x175
 625 0149 07       		.uleb128 0x7
 626 014a C7000000 		.4byte	.LASF23
 627 014e 01       		.byte	0x1
 628 014f CF       		.byte	0xcf
 629 0150 77000000 		.4byte	0x77
 630 0154 42000000 		.4byte	.LLST2
 631 0158 0A       		.uleb128 0xa
 632 0159 16020000 		.4byte	.LASF18
 633 015d 01       		.byte	0x1
 634 015e CF       		.byte	0xcf
 635 015f 77000000 		.4byte	0x77
 636 0163 01       		.uleb128 0x1
 637 0164 51       		.byte	0x51
 638 0165 0B       		.uleb128 0xb
 639 0166 D7000000 		.4byte	.LASF25
 640 016a 01       		.byte	0x1
 641 016b D1       		.byte	0xd1
 642 016c 83000000 		.4byte	0x83
 643 0170 63000000 		.4byte	.LLST3
 644 0174 00       		.byte	0
 645 0175 0C       		.uleb128 0xc
 646 0176 23000000 		.4byte	.LASF24
 647 017a 01       		.byte	0x1
 648 017b EC       		.byte	0xec
 649 017c 6B000000 		.4byte	0x6b
 650 0180 00000000 		.4byte	.LFB5
 651 0184 14000000 		.4byte	.LFE5-.LFB5
 652 0188 01       		.uleb128 0x1
 653 0189 9C       		.byte	0x9c
 654 018a 0B       		.uleb128 0xb
 655 018b 4F020000 		.4byte	.LASF26
 656 018f 01       		.byte	0x1
 657 0190 EE       		.byte	0xee
 658 0191 6B000000 		.4byte	0x6b
 659 0195 80000000 		.4byte	.LLST4
 660 0199 00       		.byte	0
 661 019a 00       		.byte	0
 662              		.section	.debug_abbrev,"",%progbits
 663              	.Ldebug_abbrev0:
 664 0000 01       		.uleb128 0x1
 665 0001 11       		.uleb128 0x11
 666 0002 01       		.byte	0x1
 667 0003 25       		.uleb128 0x25
 668 0004 0E       		.uleb128 0xe
 669 0005 13       		.uleb128 0x13
 670 0006 0B       		.uleb128 0xb
 671 0007 03       		.uleb128 0x3
 672 0008 0E       		.uleb128 0xe
 673 0009 1B       		.uleb128 0x1b
 674 000a 0E       		.uleb128 0xe
 675 000b 55       		.uleb128 0x55
 676 000c 17       		.uleb128 0x17
ARM GAS  C:\Users\victo\AppData\Local\Temp\ccAdIcZj.s 			page 32


 677 000d 11       		.uleb128 0x11
 678 000e 01       		.uleb128 0x1
 679 000f 10       		.uleb128 0x10
 680 0010 17       		.uleb128 0x17
 681 0011 00       		.byte	0
 682 0012 00       		.byte	0
 683 0013 02       		.uleb128 0x2
 684 0014 24       		.uleb128 0x24
 685 0015 00       		.byte	0
 686 0016 0B       		.uleb128 0xb
 687 0017 0B       		.uleb128 0xb
 688 0018 3E       		.uleb128 0x3e
 689 0019 0B       		.uleb128 0xb
 690 001a 03       		.uleb128 0x3
 691 001b 0E       		.uleb128 0xe
 692 001c 00       		.byte	0
 693 001d 00       		.byte	0
 694 001e 03       		.uleb128 0x3
 695 001f 24       		.uleb128 0x24
 696 0020 00       		.byte	0
 697 0021 0B       		.uleb128 0xb
 698 0022 0B       		.uleb128 0xb
 699 0023 3E       		.uleb128 0x3e
 700 0024 0B       		.uleb128 0xb
 701 0025 03       		.uleb128 0x3
 702 0026 08       		.uleb128 0x8
 703 0027 00       		.byte	0
 704 0028 00       		.byte	0
 705 0029 04       		.uleb128 0x4
 706 002a 16       		.uleb128 0x16
 707 002b 00       		.byte	0
 708 002c 03       		.uleb128 0x3
 709 002d 0E       		.uleb128 0xe
 710 002e 3A       		.uleb128 0x3a
 711 002f 0B       		.uleb128 0xb
 712 0030 3B       		.uleb128 0x3b
 713 0031 05       		.uleb128 0x5
 714 0032 49       		.uleb128 0x49
 715 0033 13       		.uleb128 0x13
 716 0034 00       		.byte	0
 717 0035 00       		.byte	0
 718 0036 05       		.uleb128 0x5
 719 0037 35       		.uleb128 0x35
 720 0038 00       		.byte	0
 721 0039 49       		.uleb128 0x49
 722 003a 13       		.uleb128 0x13
 723 003b 00       		.byte	0
 724 003c 00       		.byte	0
 725 003d 06       		.uleb128 0x6
 726 003e 2E       		.uleb128 0x2e
 727 003f 01       		.byte	0x1
 728 0040 3F       		.uleb128 0x3f
 729 0041 19       		.uleb128 0x19
 730 0042 03       		.uleb128 0x3
 731 0043 0E       		.uleb128 0xe
 732 0044 3A       		.uleb128 0x3a
 733 0045 0B       		.uleb128 0xb
ARM GAS  C:\Users\victo\AppData\Local\Temp\ccAdIcZj.s 			page 33


 734 0046 3B       		.uleb128 0x3b
 735 0047 0B       		.uleb128 0xb
 736 0048 27       		.uleb128 0x27
 737 0049 19       		.uleb128 0x19
 738 004a 11       		.uleb128 0x11
 739 004b 01       		.uleb128 0x1
 740 004c 12       		.uleb128 0x12
 741 004d 06       		.uleb128 0x6
 742 004e 40       		.uleb128 0x40
 743 004f 18       		.uleb128 0x18
 744 0050 9742     		.uleb128 0x2117
 745 0052 19       		.uleb128 0x19
 746 0053 01       		.uleb128 0x1
 747 0054 13       		.uleb128 0x13
 748 0055 00       		.byte	0
 749 0056 00       		.byte	0
 750 0057 07       		.uleb128 0x7
 751 0058 05       		.uleb128 0x5
 752 0059 00       		.byte	0
 753 005a 03       		.uleb128 0x3
 754 005b 0E       		.uleb128 0xe
 755 005c 3A       		.uleb128 0x3a
 756 005d 0B       		.uleb128 0xb
 757 005e 3B       		.uleb128 0x3b
 758 005f 0B       		.uleb128 0xb
 759 0060 49       		.uleb128 0x49
 760 0061 13       		.uleb128 0x13
 761 0062 02       		.uleb128 0x2
 762 0063 17       		.uleb128 0x17
 763 0064 00       		.byte	0
 764 0065 00       		.byte	0
 765 0066 08       		.uleb128 0x8
 766 0067 34       		.uleb128 0x34
 767 0068 00       		.byte	0
 768 0069 03       		.uleb128 0x3
 769 006a 0E       		.uleb128 0xe
 770 006b 3A       		.uleb128 0x3a
 771 006c 0B       		.uleb128 0xb
 772 006d 3B       		.uleb128 0x3b
 773 006e 0B       		.uleb128 0xb
 774 006f 49       		.uleb128 0x49
 775 0070 13       		.uleb128 0x13
 776 0071 00       		.byte	0
 777 0072 00       		.byte	0
 778 0073 09       		.uleb128 0x9
 779 0074 2E       		.uleb128 0x2e
 780 0075 00       		.byte	0
 781 0076 3F       		.uleb128 0x3f
 782 0077 19       		.uleb128 0x19
 783 0078 03       		.uleb128 0x3
 784 0079 0E       		.uleb128 0xe
 785 007a 3A       		.uleb128 0x3a
 786 007b 0B       		.uleb128 0xb
 787 007c 3B       		.uleb128 0x3b
 788 007d 0B       		.uleb128 0xb
 789 007e 27       		.uleb128 0x27
 790 007f 19       		.uleb128 0x19
ARM GAS  C:\Users\victo\AppData\Local\Temp\ccAdIcZj.s 			page 34


 791 0080 49       		.uleb128 0x49
 792 0081 13       		.uleb128 0x13
 793 0082 11       		.uleb128 0x11
 794 0083 01       		.uleb128 0x1
 795 0084 12       		.uleb128 0x12
 796 0085 06       		.uleb128 0x6
 797 0086 40       		.uleb128 0x40
 798 0087 18       		.uleb128 0x18
 799 0088 9742     		.uleb128 0x2117
 800 008a 19       		.uleb128 0x19
 801 008b 00       		.byte	0
 802 008c 00       		.byte	0
 803 008d 0A       		.uleb128 0xa
 804 008e 05       		.uleb128 0x5
 805 008f 00       		.byte	0
 806 0090 03       		.uleb128 0x3
 807 0091 0E       		.uleb128 0xe
 808 0092 3A       		.uleb128 0x3a
 809 0093 0B       		.uleb128 0xb
 810 0094 3B       		.uleb128 0x3b
 811 0095 0B       		.uleb128 0xb
 812 0096 49       		.uleb128 0x49
 813 0097 13       		.uleb128 0x13
 814 0098 02       		.uleb128 0x2
 815 0099 18       		.uleb128 0x18
 816 009a 00       		.byte	0
 817 009b 00       		.byte	0
 818 009c 0B       		.uleb128 0xb
 819 009d 34       		.uleb128 0x34
 820 009e 00       		.byte	0
 821 009f 03       		.uleb128 0x3
 822 00a0 0E       		.uleb128 0xe
 823 00a1 3A       		.uleb128 0x3a
 824 00a2 0B       		.uleb128 0xb
 825 00a3 3B       		.uleb128 0x3b
 826 00a4 0B       		.uleb128 0xb
 827 00a5 49       		.uleb128 0x49
 828 00a6 13       		.uleb128 0x13
 829 00a7 02       		.uleb128 0x2
 830 00a8 17       		.uleb128 0x17
 831 00a9 00       		.byte	0
 832 00aa 00       		.byte	0
 833 00ab 0C       		.uleb128 0xc
 834 00ac 2E       		.uleb128 0x2e
 835 00ad 01       		.byte	0x1
 836 00ae 3F       		.uleb128 0x3f
 837 00af 19       		.uleb128 0x19
 838 00b0 03       		.uleb128 0x3
 839 00b1 0E       		.uleb128 0xe
 840 00b2 3A       		.uleb128 0x3a
 841 00b3 0B       		.uleb128 0xb
 842 00b4 3B       		.uleb128 0x3b
 843 00b5 0B       		.uleb128 0xb
 844 00b6 27       		.uleb128 0x27
 845 00b7 19       		.uleb128 0x19
 846 00b8 49       		.uleb128 0x49
 847 00b9 13       		.uleb128 0x13
ARM GAS  C:\Users\victo\AppData\Local\Temp\ccAdIcZj.s 			page 35


 848 00ba 11       		.uleb128 0x11
 849 00bb 01       		.uleb128 0x1
 850 00bc 12       		.uleb128 0x12
 851 00bd 06       		.uleb128 0x6
 852 00be 40       		.uleb128 0x40
 853 00bf 18       		.uleb128 0x18
 854 00c0 9742     		.uleb128 0x2117
 855 00c2 19       		.uleb128 0x19
 856 00c3 00       		.byte	0
 857 00c4 00       		.byte	0
 858 00c5 00       		.byte	0
 859              		.section	.debug_loc,"",%progbits
 860              	.Ldebug_loc0:
 861              	.LLST0:
 862 0000 00000000 		.4byte	.LVL0
 863 0004 06000000 		.4byte	.LVL1
 864 0008 0100     		.2byte	0x1
 865 000a 50       		.byte	0x50
 866 000b 06000000 		.4byte	.LVL1
 867 000f 14000000 		.4byte	.LFE0
 868 0013 0400     		.2byte	0x4
 869 0015 F3       		.byte	0xf3
 870 0016 01       		.uleb128 0x1
 871 0017 50       		.byte	0x50
 872 0018 9F       		.byte	0x9f
 873 0019 00000000 		.4byte	0
 874 001d 00000000 		.4byte	0
 875              	.LLST1:
 876 0021 00000000 		.4byte	.LVL2
 877 0025 06000000 		.4byte	.LVL3
 878 0029 0100     		.2byte	0x1
 879 002b 50       		.byte	0x50
 880 002c 06000000 		.4byte	.LVL3
 881 0030 18000000 		.4byte	.LFE1
 882 0034 0400     		.2byte	0x4
 883 0036 F3       		.byte	0xf3
 884 0037 01       		.uleb128 0x1
 885 0038 50       		.byte	0x50
 886 0039 9F       		.byte	0x9f
 887 003a 00000000 		.4byte	0
 888 003e 00000000 		.4byte	0
 889              	.LLST2:
 890 0042 00000000 		.4byte	.LVL4
 891 0046 08000000 		.4byte	.LVL7
 892 004a 0100     		.2byte	0x1
 893 004c 50       		.byte	0x50
 894 004d 08000000 		.4byte	.LVL7
 895 0051 14000000 		.4byte	.LFE4
 896 0055 0400     		.2byte	0x4
 897 0057 F3       		.byte	0xf3
 898 0058 01       		.uleb128 0x1
 899 0059 50       		.byte	0x50
 900 005a 9F       		.byte	0x9f
 901 005b 00000000 		.4byte	0
 902 005f 00000000 		.4byte	0
 903              	.LLST3:
 904 0063 04000000 		.4byte	.LVL5
ARM GAS  C:\Users\victo\AppData\Local\Temp\ccAdIcZj.s 			page 36


 905 0067 06000000 		.4byte	.LVL6
 906 006b 0B00     		.2byte	0xb
 907 006d 70       		.byte	0x70
 908 006e 00       		.sleb128 0
 909 006f 0A       		.byte	0xa
 910 0070 FFFF     		.2byte	0xffff
 911 0072 1A       		.byte	0x1a
 912 0073 20       		.byte	0x20
 913 0074 73       		.byte	0x73
 914 0075 00       		.sleb128 0
 915 0076 1A       		.byte	0x1a
 916 0077 9F       		.byte	0x9f
 917 0078 00000000 		.4byte	0
 918 007c 00000000 		.4byte	0
 919              	.LLST4:
 920 0080 08000000 		.4byte	.LVL8
 921 0084 0C000000 		.4byte	.LVL9
 922 0088 0100     		.2byte	0x1
 923 008a 50       		.byte	0x50
 924 008b 0C000000 		.4byte	.LVL9
 925 008f 14000000 		.4byte	.LFE5
 926 0093 0400     		.2byte	0x4
 927 0095 72       		.byte	0x72
 928 0096 00       		.sleb128 0
 929 0097 06       		.byte	0x6
 930 0098 9F       		.byte	0x9f
 931 0099 00000000 		.4byte	0
 932 009d 00000000 		.4byte	0
 933              		.section	.debug_aranges,"",%progbits
 934 0000 44000000 		.4byte	0x44
 935 0004 0200     		.2byte	0x2
 936 0006 00000000 		.4byte	.Ldebug_info0
 937 000a 04       		.byte	0x4
 938 000b 00       		.byte	0
 939 000c 0000     		.2byte	0
 940 000e 0000     		.2byte	0
 941 0010 00000000 		.4byte	.LFB0
 942 0014 14000000 		.4byte	.LFE0-.LFB0
 943 0018 00000000 		.4byte	.LFB1
 944 001c 18000000 		.4byte	.LFE1-.LFB1
 945 0020 00000000 		.4byte	.LFB2
 946 0024 10000000 		.4byte	.LFE2-.LFB2
 947 0028 00000000 		.4byte	.LFB3
 948 002c 10000000 		.4byte	.LFE3-.LFB3
 949 0030 00000000 		.4byte	.LFB4
 950 0034 14000000 		.4byte	.LFE4-.LFB4
 951 0038 00000000 		.4byte	.LFB5
 952 003c 14000000 		.4byte	.LFE5-.LFB5
 953 0040 00000000 		.4byte	0
 954 0044 00000000 		.4byte	0
 955              		.section	.debug_ranges,"",%progbits
 956              	.Ldebug_ranges0:
 957 0000 00000000 		.4byte	.LFB0
 958 0004 14000000 		.4byte	.LFE0
 959 0008 00000000 		.4byte	.LFB1
 960 000c 18000000 		.4byte	.LFE1
 961 0010 00000000 		.4byte	.LFB2
ARM GAS  C:\Users\victo\AppData\Local\Temp\ccAdIcZj.s 			page 37


 962 0014 10000000 		.4byte	.LFE2
 963 0018 00000000 		.4byte	.LFB3
 964 001c 10000000 		.4byte	.LFE3
 965 0020 00000000 		.4byte	.LFB4
 966 0024 14000000 		.4byte	.LFE4
 967 0028 00000000 		.4byte	.LFB5
 968 002c 14000000 		.4byte	.LFE5
 969 0030 00000000 		.4byte	0
 970 0034 00000000 		.4byte	0
 971              		.section	.debug_line,"",%progbits
 972              	.Ldebug_line0:
 973 0000 CE000000 		.section	.debug_str,"MS",%progbits,1
 973      02004900 
 973      00000201 
 973      FB0E0D00 
 973      01010101 
 974              	.LASF15:
 975 0000 72656733 		.ascii	"reg32\000"
 975      3200
 976              	.LASF19:
 977 0006 76616C75 		.ascii	"value\000"
 977      6500
 978              	.LASF17:
 979 000c 4850495F 		.ascii	"HPI_IF_scl_Write\000"
 979      49465F73 
 979      636C5F57 
 979      72697465 
 979      00
 980              	.LASF12:
 981 001d 666C6F61 		.ascii	"float\000"
 981      7400
 982              	.LASF24:
 983 0023 4850495F 		.ascii	"HPI_IF_scl_ClearInterrupt\000"
 983      49465F73 
 983      636C5F43 
 983      6C656172 
 983      496E7465 
 984              	.LASF1:
 985 003d 756E7369 		.ascii	"unsigned char\000"
 985      676E6564 
 985      20636861 
 985      7200
 986              	.LASF30:
 987 004b 64725661 		.ascii	"drVal\000"
 987      6C00
 988              	.LASF5:
 989 0051 6C6F6E67 		.ascii	"long unsigned int\000"
 989      20756E73 
 989      69676E65 
 989      6420696E 
 989      7400
 990              	.LASF3:
 991 0063 73686F72 		.ascii	"short unsigned int\000"
 991      7420756E 
 991      7369676E 
 991      65642069 
 991      6E7400
ARM GAS  C:\Users\victo\AppData\Local\Temp\ccAdIcZj.s 			page 38


 992              	.LASF22:
 993 0076 4850495F 		.ascii	"HPI_IF_scl_SetInterruptMode\000"
 993      49465F73 
 993      636C5F53 
 993      6574496E 
 993      74657272 
 994              	.LASF21:
 995 0092 4850495F 		.ascii	"HPI_IF_scl_ReadDataReg\000"
 995      49465F73 
 995      636C5F52 
 995      65616444 
 995      61746152 
 996              	.LASF13:
 997 00a9 646F7562 		.ascii	"double\000"
 997      6C6500
 998              	.LASF20:
 999 00b0 4850495F 		.ascii	"HPI_IF_scl_Read\000"
 999      49465F73 
 999      636C5F52 
 999      65616400 
 1000              	.LASF10:
 1001 00c0 75696E74 		.ascii	"uint16\000"
 1001      313600
 1002              	.LASF23:
 1003 00c7 706F7369 		.ascii	"position\000"
 1003      74696F6E 
 1003      00
 1004              	.LASF11:
 1005 00d0 75696E74 		.ascii	"uint32\000"
 1005      333200
 1006              	.LASF25:
 1007 00d7 696E7472 		.ascii	"intrCfg\000"
 1007      43666700 
 1008              	.LASF8:
 1009 00df 756E7369 		.ascii	"unsigned int\000"
 1009      676E6564 
 1009      20696E74 
 1009      00
 1010              	.LASF29:
 1011 00ec 433A5C76 		.ascii	"C:\\victor0617\\github_code\\CY4541\\CYPD4225-40LQX"
 1011      6963746F 
 1011      72303631 
 1011      375C6769 
 1011      74687562 
 1012 011b 495F3038 		.ascii	"I_0805\\CYPD4225-40LQXI_notebook01.cydsn\000"
 1012      30355C43 
 1012      59504434 
 1012      3232352D 
 1012      34304C51 
 1013              	.LASF7:
 1014 0143 6C6F6E67 		.ascii	"long long unsigned int\000"
 1014      206C6F6E 
 1014      6720756E 
 1014      7369676E 
 1014      65642069 
 1015              	.LASF27:
 1016 015a 474E5520 		.ascii	"GNU C 4.9.3 20150303 (release) [ARM/embedded-4_9-br"
ARM GAS  C:\Users\victo\AppData\Local\Temp\ccAdIcZj.s 			page 39


 1016      4320342E 
 1016      392E3320 
 1016      32303135 
 1016      30333033 
 1017 018d 616E6368 		.ascii	"anch revision 221220] -mcpu=cortex-m0 -mthumb -g -O"
 1017      20726576 
 1017      6973696F 
 1017      6E203232 
 1017      31323230 
 1018 01c0 73202D66 		.ascii	"s -ffunction-sections -finline-functions -flto -ffa"
 1018      66756E63 
 1018      74696F6E 
 1018      2D736563 
 1018      74696F6E 
 1019 01f3 742D6C74 		.ascii	"t-lto-objects -fno-strict-aliasing\000"
 1019      6F2D6F62 
 1019      6A656374 
 1019      73202D66 
 1019      6E6F2D73 
 1020              	.LASF18:
 1021 0216 6D6F6465 		.ascii	"mode\000"
 1021      00
 1022              	.LASF28:
 1023 021b 2E5C4765 		.ascii	".\\Generated_Source\\PSoC4\\HPI_IF_scl.c\000"
 1023      6E657261 
 1023      7465645F 
 1023      536F7572 
 1023      63655C50 
 1024              	.LASF6:
 1025 0241 6C6F6E67 		.ascii	"long long int\000"
 1025      206C6F6E 
 1025      6720696E 
 1025      7400
 1026              	.LASF26:
 1027 024f 6D61736B 		.ascii	"maskedStatus\000"
 1027      65645374 
 1027      61747573 
 1027      00
 1028              	.LASF14:
 1029 025c 63686172 		.ascii	"char\000"
 1029      00
 1030              	.LASF2:
 1031 0261 73686F72 		.ascii	"short int\000"
 1031      7420696E 
 1031      7400
 1032              	.LASF9:
 1033 026b 75696E74 		.ascii	"uint8\000"
 1033      3800
 1034              	.LASF4:
 1035 0271 6C6F6E67 		.ascii	"long int\000"
 1035      20696E74 
 1035      00
 1036              	.LASF16:
 1037 027a 4850495F 		.ascii	"HPI_IF_scl_SetDriveMode\000"
 1037      49465F73 
 1037      636C5F53 
 1037      65744472 
ARM GAS  C:\Users\victo\AppData\Local\Temp\ccAdIcZj.s 			page 40


 1037      6976654D 
 1038              	.LASF0:
 1039 0292 7369676E 		.ascii	"signed char\000"
 1039      65642063 
 1039      68617200 
 1040              		.comm	__gnu_lto_v1,1,1
 1041              		.ident	"GCC: (GNU Tools for ARM Embedded Processors) 4.9.3 20150303 (release) [ARM/embedded-4_9-br
