ARM GAS  C:\Users\victo\AppData\Local\Temp\ccaed8oU.s 			page 1


   1              		.cpu cortex-m0
   2              		.fpu softvfp
   3              		.eabi_attribute 20, 1
   4              		.eabi_attribute 21, 1
   5              		.eabi_attribute 23, 3
   6              		.eabi_attribute 24, 1
   7              		.eabi_attribute 25, 1
   8              		.eabi_attribute 26, 1
   9              		.eabi_attribute 30, 4
  10              		.eabi_attribute 34, 0
  11              		.eabi_attribute 18, 4
  12              		.code	16
  13              		.file	"HPI_IF_sda.c"
  14              		.text
  15              	.Ltext0:
  16              		.section	.gnu.lto_.profile.92f64e39,"",%progbits
  17 0000 789C6366 		.ascii	"x\234cf```a\200\000F\006%\031\000\000\324\000G"
  17      60606061 
  17      80004606 
  17      25190000 
  17      D40047
  18              		.text
  19              		.section	.gnu.lto_.jmpfuncs.92f64e39,"",%progbits
  20 0000 789C6366 		.ascii	"x\234cf\300\016d\2404\033\003##c=#\210`b``f``abdd\256"
  20      C00E64A0 
  20      341B0323 
  20      23633D23 
  20      88606260 
  21 001d AF6705CA 		.ascii	"\257g\005\312\001\000 \267\002>"
  21      010020B7 
  21      023E
  22              		.text
  23              		.section	.gnu.lto_.inline.92f64e39,"",%progbits
  24 0000 789C6D8C 		.ascii	"x\234m\214\321\011\2000\014\005/i\232V\020\034\301\015"
  24      D1098030 
  24      0C052F69 
  24      9A56101C 
  24      C10D
  25 0012 1CC1255D 		.ascii	"\034\301%]\240\2438\202\2438\202-JA4\037\011\\\336\273"
  25      A0A33882 
  25      A338822D 
  25      4A41341F 
  25      095CDEBB 
  26 0026 C0FF6CCF 		.ascii	"\300\377l\317uH.\202\200\346}\305\313\254\215\0139\335"
  26      75482E82 
  26      80E67DC5 
  26      CBAC8D0B 
  26      39DD
  27 0038 3874ACC7 		.ascii	"8t\254\307d\355\247D\023\324\312\334\343\341\213\214"
  27      64EDA744 
  27      13D4CADC 
  27      E3E18B8C 
  28 0048 218B3643 		.ascii	"!\2136C\365`oK]c\013E<\326\236\237K\357q\001\011\220"
  28      F5606F4B 
  28      5D630B45 
  28      3CD69E9F 
  28      4BEF7101 
ARM GAS  C:\Users\victo\AppData\Local\Temp\ccaed8oU.s 			page 2


  29 005e 0E31     		.ascii	"\0161"
  30              		.text
  31              		.section	.gnu.lto_.pureconst.92f64e39,"",%progbits
  32 0000 789C6366 		.ascii	"x\234cf``\340e\200\0006\006)F)&)f)\026)V)\000\005\261"
  32      6060E065 
  32      80003606 
  32      29462926 
  32      29662916 
  33 001a 00C2     		.ascii	"\000\302"
  34              		.text
  35              		.section	.gnu.lto_HPI_IF_sda_SetDriveMode.92f64e39,"",%progbits
  36 0000 789C7D50 		.ascii	"x\234}P\271J\003Q\024\275\347\315d\014\004Q,\247W\021"
  36      B94A0351 
  36      14BDE7CD 
  36      640C0451 
  36      2CA75711 
  37 0014 D4CA0F10 		.ascii	"\324\312\017\020\0045]\3006\020%\031\260\321\200K\235"
  37      04355DC0 
  37      36102519 
  37      B0D1804B 
  37      9D
  38 0025 979842AC 		.ascii	"\227\230B\254\342\006\212\246\022q\211Kaa;\010Z\211"
  38      E2068AA6 
  38      1271894B 
  38      61613B08 
  38      5A89
  39 0037 A2859108 		.ascii	"\242\205\221\010\261\211\032\013Q\211\230L\021\306\373"
  39      B1891A0B 
  39      5189984C 
  39      11C6FB
  40 0046 9C74820F 		.ascii	"\234t\202\017\356\273\013\347\234\273h\364\367\231l"
  40      EEBB0BE7 
  40      9CBB68F4 
  40      F7996C
  41 0055 AB20EA61 		.ascii	"\253 \352a\017\215 2WDI\277\000T@\240\204@\002\257\342"
  41      0F8D2032 
  41      574449BF 
  41      005440A0 
  41      844002AF 
  42 006a 532063E7 		.ascii	"S c\347\326\002\235\333R\312\217\324\311\270\\\031u"
  42      D6029DDB 
  42      52CA8FD4 
  42      C9B85C19 
  42      75
  43 007b 04514578 		.ascii	"\004QEx:\330A'c^\234\327\235f\255\013\304q}1\177+\332"
  43      3AD84127 
  43      635E9CD7 
  43      9D66AD0B 
  43      C4717D31 
  44 0092 B7A44CD9 		.ascii	"\267\244L\331\367G\262\037\016\213\356Bc\006\272Mt\231"
  44      F747B21F 
  44      0E8BEE42 
  44      6306BA4D 
  44      7499
  45 00a4 C405C21E 		.ascii	"\304\005\302\036\332\025\3703]\317\007\2144\213\267"
  45      DA15F833 
  45      5DCF078C 
ARM GAS  C:\Users\victo\AppData\Local\Temp\ccaed8oU.s 			page 3


  45      348BB7
  46 00b3 7A9AD887 		.ascii	"z\232\330\207\301s\321q\233-]\267ryS\356\200_0Gh\352"
  46      C173D171 
  46      9B2D5DB7 
  46      727953EE 
  46      805F3047 
  47 00c9 D3A1983E 		.ascii	"\323\241\230>\025\032\352#*\261\251\231\2378a\257\025"
  47      151AEA23 
  47      2AB1A999 
  47      9F3861AF 
  47      15
  48 00da 70F6BD70 		.ascii	"p\366\275p\267n(\241\252P\013<\224\227\337P\026\216"
  48      B76E28A1 
  48      AA500B3C 
  48      9497DF50 
  48      168E
  49 00ec D0E66546 		.ascii	"\320\346eF\352\252\355c\351\372\306\377[\"\225n\346"
  49      EAAAED63 
  49      E9FAC6FF 
  49      5B22956E 
  49      E6
  50 00fd B7CE0359 		.ascii	"\267\316\003Yl$\323<\255\216\034L\034\200O\204CdA\005"
  50      6C24D33C 
  50      AD8E1C4C 
  50      1C804F84 
  50      43644105 
  51 0111 CCD51A72 		.ascii	"\314\325\032r\232\247Xy~\337\323\025]\324\\\327m!\034"
  51      9AA75879 
  51      7EDFD315 
  51      5DD45CD7 
  51      6D211C
  52 0124 31BA8054 		.ascii	"1\272\200T\261\311\203\371\252BW\264\257\006\315c\372"
  52      B1C983F9 
  52      AA4257B4 
  52      AF06CD63 
  52      FA
  53 0135 B874B604 		.ascii	"\270t\266\004U\372\257\3471\367d\012\025\221\264O/\204"
  53      55FAAFE7 
  53      31F7640A 
  53      1591B44F 
  53      2F84
  54 0147 82AB4B97 		.ascii	"\202\253K\227\370j\274\037o\333\321\033\036\262&\255"
  54      F86ABC1F 
  54      6FDBD11B 
  54      1EB226AD 
  55 0157 A9B1192B 		.ascii	"\251\261\031+\026\031\211\317NE\255ph$>\320\027\036"
  55      161989CF 
  55      4E45AD70 
  55      68243ED0 
  55      171E
  56 0169 0E0523C1 		.ascii	"\016\005#\301\301\310tl\2547J\372D<f\375\000pm\234\020"
  56      C1C8746C 
  56      AC374AFA 
  56      443C66FD 
  56      00706D9C 
  57              		.text
  58              		.section	.gnu.lto_HPI_IF_sda_Write.92f64e39,"",%progbits
ARM GAS  C:\Users\victo\AppData\Local\Temp\ccaed8oU.s 			page 4


  59 0000 789C6591 		.ascii	"x\234e\221MHTQ\030\206\277\367\234\37339\213\"\010d"
  59      4D485451 
  59      1886BFF7 
  59      9CFB3339 
  59      8B220864 
  60 0014 16B51013 		.ascii	"\026\265\020\023!l\343.\210 \310\334\011B\213\030\030"
  60      216CE32E 
  60      8820C8DC 
  60      09428B18 
  60      18
  61 0025 06E7EE24 		.ascii	"\006\347\356$aJ\267\236\3211\243\325\024!RhX\364cSj"
  61      614AB79E 
  61      D131A3D5 
  61      14215268 
  61      58F46353 
  62 003a B58CE022 		.ascii	"\265\214\340\"\022\264\320\232\210~D&\305\011tU\376"
  62      12B4D09A 
  62      887E4426 
  62      C5097455 
  62      FE
  63 004b 60CD22A7 		.ascii	"`\315\"\247\357\273g\323\320\341\336{\316}\357\373\274"
  63      EFBB67D3 
  63      D0E1DE7B 
  63      CE7DEFFB 
  63      BC
  64 005c F73BDFD1 		.ascii	"\367;\337\321\364\377H\360}Z\021\265\363\014MP\205%"
  64      F4FF48F0 
  64      7D5A11B5 
  64      F30C4D50 
  64      8525
  65 006e A25C4C01 		.ascii	"\242\\L\001\262 \320\240\302 6\325\226B!,\216\307[\036"
  65      B220D0A0 
  65      C22036D5 
  65      9642212C 
  65      8EC75B1E 
  66 0082 18637E6E 		.ascii	"\030c~n\277j\034i\2542\266\243l\014\036\241\205-;Es"
  66      BF6A1C69 
  66      AC32B6A3 
  66      6C0C1EA1 
  66      852D3B45 
  67 0097 4BEB5610 		.ascii	"K\353V\020\257\347J\213\373~\363}c\206\302\3273\346"
  67      AFE74A8B 
  67      FB7EF37D 
  67      6386C2D7 
  67      33E6
  68 00a9 0CAA9CF9 		.ascii	"\014\252\234\371\030\232\011\234H\2405A,\020\246\321"
  68      189A099C 
  68      48A03541 
  68      2C10A6D1 
  69 00b9 2CE6EDB1 		.ascii	",\346\355\261\342\236\322'#p\355\336\372]\277i\212\301"
  69      E29ED227 
  69      2370EDDE 
  69      FA5DBF69 
  69      8AC1
  70 00cb D5CDF537 		.ascii	"\325\315\3657q3n\362\253\265\3321\341\237\374\313\333"
  70      71336EF2 
  70      ABB5DA31 
ARM GAS  C:\Users\victo\AppData\Local\Temp\ccaed8oU.s 			page 5


  70      E19FFCCB 
  70      DB
  71 00dc C1C056FE 		.ascii	"\301\300V\376\317\347\270\227\347\302\016\241\210&["
  71      CFE7B897 
  71      E7C20EA1 
  71      88265B
  72 00eb 149EC203 		.ascii	"\024\236\302\003O\242\314\036\016M\255\366r\367\306"
  72      4FA2CC1E 
  72      0E4DADF6 
  72      72F7C6
  73 00fa B5536850 		.ascii	"\265ShP\374c\245\371\241\035\222\217.\244\010O\004?"
  73      FC63A5F9 
  73      A11D928F 
  73      2EA4084F 
  73      043F
  74 010c 12626220 		.ascii	"\022bb \252\360-=\370\316/<\353e\314\357]_\232\034\220"
  74      AAF02D3D 
  74      F8CE2F3C 
  74      EB65CCEF 
  74      5D5F9A1C 
  75 0121 E05F4A1A 		.ascii	"\340_J\032\262\270\360\376\207\263\241\252\3121\246"
  75      B2B8F0FE 
  75      87B3A1AA 
  75      CA31A6
  76 0130 601C29E5 		.ascii	"`\034)\345[\345])\026IQeoG\026>\036\230\300\235\\\236"
  76      5BE55D29 
  76      16495165 
  76      6F47163E 
  76      1E98C09D 
  77 0146 B7EFE219 		.ascii	"\267\357\342\031\022\230\001W\216YL\200\2261\364etE"
  77      12980157 
  77      8E594C80 
  77      9631F465 
  77      7445
  78 0158 D940CD99 		.ascii	"\331@\315\231\254\014\377\276\272\002\2538,r\306\306"
  78      AC0CFFBE 
  78      BA02AB38 
  78      2C72C6C6 
  79 0168 F4D45883 		.ascii	"\364\324X\203D\352}\356\327\034\343\237\0201R+\273,"
  79      44EA7DEE 
  79      D71CE39F 
  79      1031522B 
  79      BB2C
  80 017a F4E1A885 		.ascii	"\364\341\250\205\370r\031*\335~8|P 0\363\234\0316\355"
  80      F872192A 
  80      DD7E387C 
  80      502030F3 
  80      9C1936ED 
  81 018e 7AD6E247 		.ascii	"z\326\342G\321^}\214/\325\224G\313\223\027\255)f\245"
  81      D15E7D8C 
  81      2FD59447 
  81      CB9317AD 
  81      2966A5
  82 01a1 F99B6B47 		.ascii	"\371\233kGD\250\333K.t\353w\363\202w\303\010\225\221"
  82      44A8DB4B 
  82      2E74EB77 
  82      F38277C3 
ARM GAS  C:\Users\victo\AppData\Local\Temp\ccaed8oU.s 			page 6


  82      089591
  83 01b4 0BBF7688 		.ascii	"\013\277v\210_N\246\302\347\313\215\3436\036oKv\004"
  83      5F4EA6C2 
  83      E7CB8DE3 
  83      361E6F4B 
  83      7604
  84 01c6 97826CFA 		.ascii	"\227\202l\372J\220Iu\367\365g{\202dWw\337\331\366\344"
  84      4A904975 
  84      F7F5677B 
  84      82645777 
  84      DFD9F6E4 
  85 01da F9AECE54 		.ascii	"\371\256\316T\347\271\324\345L\272\255\207\334\201t"
  85      E7B9D4E5 
  85      4CBAAD87 
  85      DC8174
  86 01e9 6F7FE066 		.ascii	"o\177\340f\262\027\322\275\177\001`\302\322*"
  86      B217D2BD 
  86      7F0160C2 
  86      D22A
  87              		.text
  88              		.section	.gnu.lto_HPI_IF_sda_Read.92f64e39,"",%progbits
  89 0000 789C654F 		.ascii	"x\234eO\277KBQ\024>\337y/\021\336`\324\022\376\001Z"
  89      BF4B4251 
  89      143EDF79 
  89      2F11DE60 
  89      D412FE01 
  90 0015 204EFD07 		.ascii	" N\375\007A\345&\270\205 \242oM\260\232\275\352\253"
  90      41E526B8 
  90      8520A26F 
  90      4DB09ABD 
  90      EAAB
  91 0027 201AC4B1 		.ascii	" \032\304\261p\354\207\0254\010A[\324*\205\010\005\022"
  91      70EC8715 
  91      3408415B 
  91      D42A8508 
  91      0512
  92 0039 B6BC4037 		.ascii	"\266\274@7E\250\336Pv\256\266u\341\336s\357w\316\367"
  92      45A8DE50 
  92      76AEB675 
  92      E1DE73EF 
  92      77CEF7
  93 004c E31AF47F 		.ascii	"\343\032\364\177\005e\317\203hQ*\014\002W\036\211\212"
  93      0565CF83 
  93      68512A0C 
  93      02571E89 
  93      8A
  94 005d 7E06F485 		.ascii	"~\006\364\205@\005F\001}\0362\232\267?m\204O\224*\015"
  94      40054601 
  94      7D1E329A 
  94      B73F6D84 
  94      4F942A0D 
  95 0071 4AED576B 		.ascii	"J\355Wkw\301c\242\021\023\"A,i\035\234!L28t\276_,\237"
  95      77C163A2 
  95      11132241 
  95      2C691D9C 
  95      214C3238 
  96 008a A3949AD5 		.ascii	"\243\224\232\325}i\234\303'\036t=w\247\306\343Q\263"
ARM GAS  C:\Users\victo\AppData\Local\Temp\ccaed8oU.s 			page 7


  96      7D699CC3 
  96      271E743D 
  96      77A7C6E3 
  96      51B3
  97 009c DA0BF10C 		.ascii	"\332\013\361\014\223\307\342\3501\233\244\225\310\225"
  97      93C7E2E8 
  97      319BA495 
  97      C895
  98 00aa 439BBE33 		.ascii	"C\233\2763\353jtp\377q\360\\\337\320\354O\326\011\036"
  98      EB6A7470 
  98      FF71F05C 
  98      DFD0EC4F 
  98      D6091E
  99 00bd 068755AB 		.ascii	"\006\207U\253\307\036\033\216\252(S{\275\271O-\377\004"
  99      C71E1B8E 
  99      AA28537B 
  99      BDB94F2D 
  99      FF04
 100 00cf 22FD6CDC 		.ascii	"\"\375l\334\364\033\201\032\216\213\016<6QG\020\027"
 100      F41B811A 
 100      8E8B0E3C 
 100      36514710 
 100      17
 101 00e0 906CB844 		.ascii	"\220l\270D\015\324A\251\273\357b*h\210\246 \345\257"
 101      0DD441A9 
 101      BBEF622A 
 101      6888A620 
 101      E5AF
 102 00f2 BDC81430 		.ascii	"\275\310\0240\005\023\211\326\321i9\240\025\345\363"
 102      051389D6 
 102      D16939A0 
 102      15E5F3
 103 0101 B8127217 		.ascii	"\270\022r\027\177\014s\022\022:\234D\015E\223k\366\246"
 103      7F0C7312 
 103      123A9C44 
 103      0D45936B 
 103      F6A6
 104 0113 9D4F6FDB 		.ascii	"\235Oo\333\331T\"\267\223\317\330\311x\"\267\262\234"
 104      D95422B7 
 104      93CFD8C9 
 104      7822B7B2 
 104      9C
 105 0124 5C8FC752 		.ascii	"\\\217\307R\261\325\324V6\035\315\320/\361\214mp"
 105      B1D5D456 
 105      361DCDD0 
 105      2FF18C6D 
 105      70
 106              		.text
 107              		.section	.gnu.lto_HPI_IF_sda_ReadDataReg.92f64e39,"",%progbits
 108 0000 789C654F 		.ascii	"x\234eOKKBA\024>\337\27171\\\024\265\011\177@\026\210"
 108      4B4B4241 
 108      143EDFB9 
 108      37315C14 
 108      B5097F40 
 109 0016 9BFA0741 		.ascii	"\233\372\007A\345Np\027\302E\364n\023\254\326\216\257"
 109      E54E7017 
 109      C245F46E 
ARM GAS  C:\Users\victo\AppData\Local\Temp\ccaed8oU.s 			page 8


 109      13ACD68E 
 109      AF
 110 0027 8256D2B2 		.ascii	"\202V\322\262p\331\303\022Z\267\013q\023\364\222\202"
 110      70D9C312 
 110      5AB70B71 
 110      13F49282 
 111 0037 48C236B7 		.ascii	"H\3026\267\260U\211`\335E\331\031m\327\300\314\231\371"
 111      B0558960 
 111      DD45D919 
 111      6DD7C0CC 
 111      99F9
 112 0049 CEF91E63 		.ascii	"\316\371\036c\320\377\345\227=\011\242\031\2510\010"
 112      D0FFE597 
 112      3D09A219 
 112      A93008
 113 0058 5CBA26CA 		.ascii	"\\\272&\312z\031\320\027\002e\030\031\274q\207qy\366"
 113      7A19D017 
 113      02651819 
 113      BC718771 
 113      79F6
 114 006a 7387C0BE 		.ascii	"s\207\300\276R\271\217\332\343\223\2578\3452Q\227\011"
 114      52B98FDA 
 114      E393AF38 
 114      E5325197 
 114      09
 115 007b 413F66B5 		.ascii	"A?f\265\016\016\021 \031\354\024\276\037|\236\202Rj"
 115      0E0E1120 
 115      19EC14BE 
 115      1F7C9E82 
 115      526A
 116 008d 5CF7A571 		.ascii	"\\\367\245q\004\217x\320\351\304\271\352\367\273\257"
 116      048F78D0 
 116      E9C4B9EA 
 116      F7BBAF
 117 009c 3BED391E 		.ascii	";\3559\036arY\034]f\223\264\0229rh\323\027f]\215&j\275"
 117      6172591C 
 117      5D6693B4 
 117      12397268 
 117      D317665D 
 118 00b4 ED5E7545 		.ascii	"\355^uE\263?Y'\270\252\337\276\233mv\331P\252\244L\355"
 118      B33F5927 
 118      B8AADFBE 
 118      9B6D76D9 
 118      50AAA44C 
 119 00c9 F5ECDC34 		.ascii	"\365\354\3344\274\003\210\364\363\242X\277\037-c/[\200"
 119      BC0388F4 
 119      F3A258BF 
 119      1F2D632F 
 119      5B80
 120 00db CB262AF0 		.ascii	"\313&*\360\343\030\222\015'(\203\232\310\265\266\034"
 120      E318920D 
 120      2728839A 
 120      C8B5B61C 
 121 00eb 0C050DD1 		.ascii	"\014\005\015\321\024$\377\265\031\034\002\246`\"\321"
 121      1424FFB5 
 121      191C02A6 
 121      6022D1
ARM GAS  C:\Users\victo\AppData\Local\Temp\ccaed8oU.s 			page 9


 122 00fa D83DC88F 		.ascii	"\330=\310\217iE\371<\252Bn\341\217a\016BB\207\223\250"
 122      6945F93C 
 122      AA426EE1 
 122      8F610E42 
 122      428793A8 
 123 010e D3A1D892 		.ascii	"\323\241\330\222\275j\247\343\353v\322\212\2466\322"
 123      BD6AA7E3 
 123      EB76D28A 
 123      A636D2
 124 011d 093B1689 		.ascii	"\011;\026\211\246\026\346c\313\221\260\025^\264\326"
 124      A616E663 
 124      CB91B015 
 124      5EB4D6
 125 012c 92F15082 		.ascii	"\222\361P\202~\001\275\"nO"
 125      7E01BD22 
 125      6E4F
 126              		.text
 127              		.section	.gnu.lto_HPI_IF_sda_SetInterruptMode.92f64e39,"",%progbits
 128 0000 789C6D91 		.ascii	"x\234m\221Oh\023A\024\306\347\315\354&\233&B\351\305"
 128      4F681341 
 128      14C6E7CD 
 128      EC269B26 
 128      42E9C5
 129 0013 928B4289 		.ascii	"\222\213B\211E\204\036T\360&BA\355E\002\275\006Bi\242"
 129      45841E54 
 129      F0264241 
 129      ED4502BD 
 129      064269A2 
 130 0027 E46056D2 		.ascii	"\344`V\322x\362\320I\273\246 \012\241\026)\226\"U\264"
 130      78F2D049 
 130      BBA6200A 
 130      A1162996 
 130      2255B4
 131 003a ADD1365A 		.ascii	"\255\3216Z+\232\323\022\005\013\376\207b1Blk\242-(X"
 131      2B9AD312 
 131      050BFE87 
 131      6231426C 
 131      6BA22D28 
 132 004f 134D5390 		.ascii	"\023MS\220\370\336n\004E\027vf\336\217\367\276\371\336"
 132      F8DE6E04 
 132      45177666 
 132      DE8FF7BE 
 132      F9DE
 133 0061 1BC1FEFD 		.ascii	"\033\301\376\375\274\370_\345\214\035\304\035\004\003"
 133      BCF85FE5 
 133      8C1DC41D 
 133      0403
 134 006f 9E7AC158 		.ascii	"\236z\301XB\343\000t`\300\3729\364\303:\337\340\220"
 134      42E30074 
 134      60C0FA39 
 134      F4C33ADF 
 134      E090
 135 0081 32D3A3EE 		.ascii	"2\323\243\356\366\353R\312\257\337\312\255g[kXV\346"
 135      F6EB52CA 
 135      AFDFCAAD 
 135      675B6B58 
 135      56E6
ARM GAS  C:\Users\victo\AppData\Local\Temp\ccaed8oU.s 			page 10


 136 0093 B60C4C42 		.ascii	"\266\014LB;\246\224\036L\234\021\273\201\341\361\351"
 136      3BA6941E 
 136      4C9C11BB 
 136      81E1F1E9 
 137 00a3 EA66D9B3 		.ascii	"\352f\331\263\306k\034\232)\274\274T\252\010\0129\247"
 137      C66B1C9A 
 137      29BCBC54 
 137      AA080A39 
 137      A7
 138 00b4 30FD7824 		.ascii	"0\375x$\343\364]\223r\300|\233\221\207\220\013\230\002"
 138      E3F45D93 
 138      72C07C9B 
 138      9187900B 
 138      9802
 139 00c6 8172300D 		.ascii	"\201r0\015^\270\011^\206\210A\032|\230\375\251\266>"
 139      5EB8095E 
 139      8688411A 
 139      7C98FDA9 
 139      B63E
 140 00d8 B94DECB5 		.ascii	"\271M\354\265tW\023W\276\273\355\312\255\337\225\267"
 140      74571357 
 140      BEBBEDCA 
 140      ADDF95B7 
 141 00e8 FE53791B 		.ascii	"\376Sy\033|\224\376\352\321\310\007U\034\260J\037\316"
 141      7C94FEEA 
 141      D1C80755 
 141      1CB04A1F 
 141      CE
 142 00f9 549EBB2D 		.ascii	"T\236\273-K;)\314\016/\214:,K\012\205_.\345\306x\333"
 142      4B3B29CC 
 142      0E2F8C3A 
 142      2C4B0A85 
 142      5F2EE5C6 
 143 010f 040A2F4F 		.ascii	"\004\012/O\017=\361\310\005i,\327\353;j\\\201\031[\177"
 143      0F3DF1C8 
 143      05692CD7 
 143      EB3B6A5C 
 143      81195B7F 
 144 0123 16F533E0 		.ascii	"\026\3653\340mL\016K6\214\237Kn\207\201\023i\206;\320"
 144      6D4C0E4B 
 144      368C9F4B 
 144      6E878113 
 144      69863BD0 
 145 0137 664F03EE 		.ascii	"fO\003\356\202\003p#2\333b\312z}n\361\342\324\036\341"
 145      82037023 
 145      32DB62CA 
 145      7A7D6EF1 
 145      E2D41EE1 
 146 014b E1684C15 		.ascii	"\341hL\025@=)tTiq0\312s\002\371\325\0208\\D\233ha\254"
 146      403D2974 
 146      54697130 
 146      CA7302F9 
 146      D510385C 
 147 0164 887AF40C 		.ascii	"\210z\364\014%\034\032\356\"\017\271\037\347\012Y?]"
 147      251C1AEE 
 147      220FB91F 
 147      E70A593F 
ARM GAS  C:\Users\victo\AppData\Local\Temp\ccaed8oU.s 			page 11


 147      5D
 148 0175 51E5F426 		.ascii	"Q\345\364&\203\306\374\"\247\036\234\347eJZ}\274/\276"
 148      83C6FC22 
 148      A71E9CE7 
 148      654A5A7D 
 148      BC2FBE
 149 0188 7CAD59C8 		.ascii	"|\255Y\310\362x!sc\3378\214%\014\250q\015\346\260\205"
 149      F2782173 
 149      63DF388C 
 149      250CA871 
 149      0DE6B085 
 150 019c 7BD402CC 		.ascii	"{\324\002\314\3038\260<\014\024\206*\252\255\247Tqn"
 150      C338B03C 
 150      0C14862A 
 150      AAADA754 
 150      716E
 151 01ae 48B69245 		.ascii	"H\266\222E\305&*B$\203\233\311\317`\023\272\0269{\003"
 151      C5262A42 
 151      24839BC9 
 151      CF6013BA 
 151      16397B03 
 152 01c2 DCEA13BD 		.ascii	"\334\352\023\275#\264s>f\363\215,\015\225\252x?\311"
 152      23B4733E 
 152      66F38D2C 
 152      0D95AA78 
 152      3FC9
 153 01d4 3B6DE442 		.ascii	";m\344BJi\225\344\263\206x\223\245\346B\230\033^\331"
 153      4A6995E4 
 153      B3867893 
 153      A5E64298 
 153      1B5ED9
 154 01e7 4EEC4FB7 		.ascii	"N\354O\267\011S\375\333\357}\364\213E\254\000\011\363"
 154      0953FDDB 
 154      EF7DF48B 
 154      45AC0009 
 154      F3
 155 01f8 DD314AA7 		.ascii	"\3351J\247G(r\240\311\340\234vu\004\216\204\243\341"
 155      472872A0 
 155      C9E09C76 
 155      75048E84 
 155      A3E1
 156 020a 584F3C1C 		.ascii	"XO<\034\012v\353\247c\275\341\200\277[\357\334\0378"
 156      0A76EBA7 
 156      63BDE180 
 156      BF5BEFDC 
 156      1F38
 157 021c EAEF0A76 		.ascii	"\352\357\012v\035\016\366\205z:z\231vJ\357\213\304#"
 157      1D0EF685 
 157      7A3A7A99 
 157      764AEF8B 
 157      C423
 158 022e 7A5439A9 		.ascii	"zT9\251\207\302\316H4\036\353<~\342\027H\031\374\223"
 158      87C2CE48 
 158      341EEB3C 
 158      7EE21748 
 158      19FC93
 159              		.text
ARM GAS  C:\Users\victo\AppData\Local\Temp\ccaed8oU.s 			page 12


 160              		.section	.gnu.lto_HPI_IF_sda_ClearInterrupt.92f64e39,"",%progbits
 161 0000 789C6590 		.ascii	"x\234e\220=HcA\024\205\357\271\357\351\006\263\205X"
 161      3D486341 
 161      1485EFB9 
 161      EFE906B3 
 161      8558
 162 0012 499A2D04 		.ascii	"I\232-\004E\020+ml\005\177:!\335\022\010\301\274JT0"
 162      45102B6D 
 162      6C057F3A 
 162      21DD1208 
 162      C1BC4A54 
 163 0027 B1D58946 		.ascii	"\261\325\211F\203\332\004E\020\304bY\226u\325]A\266"
 163      83DA0445 
 163      10C46259 
 163      9675D55D 
 163      41B6
 164 0039 59410841 		.ascii	"YA\010A\324bY\021AE$\012\253\240\215(B\364\341\317\363"
 164      D4625911 
 164      4145240A 
 164      ABA08D28 
 164      42F4E1CF 
 165 004e DEC44271 		.ascii	"\336\304Bq`\230\2313\367\234\371\356X\364~\004d\376"
 165      60989933 
 165      F79CF9EE 
 165      58F47E04 
 165      64FE
 166 0060 0651A3AC 		.ascii	"\006Q\243\254\260\010\234\376G\224\3601\240\033\002"
 166      B0089CFE 
 166      4794F031 
 166      A01B02
 167 006f 0D320671 		.ascii	"\0152\006q\301\327\214\277\177\236vQ\363\315\230\241"
 167      C1D78CBF 
 167      7F9E7651 
 167      F3CD98A1 
 168 007f ABECFD91 		.ascii	"\253\354\375\221\177\244\322e\242\033&\324\005P\253"
 168      7FA4D265 
 168      A21B26D4 
 168      0550AB
 169 008e 39F88E1A 		.ascii	"9\370\216\032\222\302\351\377c\227\260j\241\373\274"
 169      92C2E9FF 
 169      6397B06A 
 169      A1FBBC
 170 009d 37B1E0AB 		.ascii	"7\261\340\253\372\"\246\223\\j\303ofL\362\304\363>\211"
 170      FA22A693 
 170      5C6AC36F 
 170      664CF2C4 
 170      F33E89
 171 00b0 15F3B05E 		.ascii	"\025\363\260^\273u\210\341:\371\270\357/M\032c\312\361"
 171      BB7588E1 
 171      3AF9B8EF 
 171      2F4D1A63 
 171      CAF1
 172 00c2 0355FA80 		.ascii	"\003U\372\200$/\240T \241\312rE\306x\336\315\345\324"
 172      242FA054 
 172      20A1CA72 
 172      45C678DE 
 172      CDE5D4
ARM GAS  C:\Users\victo\AppData\Local\Temp\ccaed8oU.s 			page 13


 173 00d5 7C93F581 		.ascii	"|\223\365\201\311e\301v\231m\322\313\022=\023\235\212"
 173      C965C176 
 173      996DD2CB 
 173      123D139D 
 173      8A
 174 00e6 49F9CF98 		.ascii	"I\371\317\230u\265\016\221\315\217\347\327\0064\347"
 174      75B50E91 
 174      CD8FE7D7 
 174      0634E7
 175 00f5 96B59987 		.ascii	"\226\265\231\207\255\243\257e\347\354\262\2256ic\353"
 175      ADA3AF65 
 175      E7ECB295 
 175      366963EB 
 176 0105 CBC7A7DB 		.ascii	"\313\307\247\333;\276\202T\000\031\277Z\235\302\034"
 176      3BBE8254 
 176      0019BF5A 
 176      9DC21C
 177 0114 661349B8 		.ascii	"f\023I\270lc\021\001,A@\361ST:\304\320A\352\201\213"
 177      6C631101 
 177      2C4140F1 
 177      53543AC4 
 177      D041EA81 
 178 0129 8196648A 		.ascii	"\201\226d\2122|7\272\216\242b\213(\031\233s\347+\266"
 178      327C37BA 
 178      8EA2628B 
 178      28199B73 
 178      E72BB6
 179 013c 460A147E 		.ascii	"F\012\024~\211{\017\005\213\242J\221\246\344ROk\237"
 179      897B0F05 
 179      8BA24A91 
 179      A6E4524F 
 179      6B9F
 180 014e 8BA692A2 		.ascii	"\213\246\222\242\224\235,\204\274AHd\370-\304\262\350"
 180      949D2C84 
 180      BC414864 
 180      F82DC4B2 
 180      E8
 181 015f E2A01C12 		.ascii	"\342\240\034\022\231\235\355\027\016\233\264uh\313\362"
 181      999DED17 
 181      0E9BB475 
 181      68CBF2
 182 016e 01D5F5A1 		.ascii	"\001\325\365\241V\247\307\351\213\304\235h8\330\333"
 182      56A7C7E9 
 182      8BC49D68 
 182      38D8DB
 183 017d DFD7E984 		.ascii	"\337\327\351\204:\202\275\315\015\241\266\216\366p{"
 183      3A82BDCD 
 183      0DA1B68E 
 183      F6707B
 184 018c 4B38168D 		.ascii	"K8\026\215\324w\322\307\356H\254\313\211\006\343\221"
 184      D477D2C7 
 184      EE48ACCB 
 184      8906E391 
 185 019c 787FEC19 		.ascii	"x\177\354\031\235\334\252("
 185      9DDCAA28 
 186              		.text
 187              		.section	.gnu.lto_.symbol_nodes.92f64e39,"",%progbits
ARM GAS  C:\Users\victo\AppData\Local\Temp\ccaed8oU.s 			page 14


 188 0000 789C55C7 		.ascii	"x\234U\307;\015\000 \020D\301w\037\022tbd-\240\200\240"
 188      3B0D0020 
 188      1044C177 
 188      1F127462 
 188      642DA080 
 189 0015 084D3414 		.ascii	"\010M4\024\334t\023\300\340q\004\363\200\304\332\035"
 189      DC7413C0 
 189      E07104F3 
 189      80C4DA1D 
 190 0025 3759B9CB 		.ascii	"7Y\271\313\313CQ\236\312\362\246\366\237\013\351b\031"
 190      CB43519E 
 190      CAF2A6F6 
 190      9F0BE962 
 190      19
 191 0036 56       		.ascii	"V"
 192              		.text
 193              		.section	.gnu.lto_.refs.92f64e39,"",%progbits
 194 0000 789C6366 		.ascii	"x\234cf```d\200\002\000\000=\000\005"
 194      60606064 
 194      80020000 
 194      3D0005
 195              		.text
 196              		.section	.gnu.lto_.decls.92f64e39,"",%progbits
 197 0000 789C8D54 		.ascii	"x\234\215T]L\024W\024\276g\356\354\342\016\033\340\011"
 197      5D4C1457 
 197      14BE67EE 
 197      ECE20E1B 
 197      E009
 198 0012 5ADAA44B 		.ascii	"Z\332\244K\232\2206!$Jc\372\326\007L\225\2076\033I\333"
 198      9A903621 
 198      244A63FA 
 198      D6074C95 
 198      87361B49 
 199 0027 0749C806 		.ascii	"\007I\310\006&\226\304\200\031\227&\276]\330T\2511\015"
 199      2696C480 
 199      199726BE 
 199      5DD854A9 
 199      310D
 200 0039 6EB16EF1 		.ascii	"n\261n\361\007\232\242UPQ\331\262\256\320u\371+ZX\012"
 200      079AA255 
 200      5051D9B2 
 200      AED075F9 
 200      2B5A580A 
 201 004d D26AB546 		.ascii	"\322j\265F\261\225\322\224\332P%\025C\353\364\334;\263"
 201      B195D294 
 201      DA502515 
 201      43EBF4DC 
 201      3BB3
 202 005f 3B83AE0D 		.ascii	";\203\256\01579\273{\316\334\357;\337=\337\235\245\204"
 202      3739BB7B 
 202      CEDCEF3B 
 202      DF3DDF9D 
 202      A584
 203 0071 90762044 		.ascii	"\220v D\307\365X&\344\001\346\031\030^b-'\3069\2140"
 203      C7F55826 
 203      E401E619 
 203      185E622D 
ARM GAS  C:\Users\victo\AppData\Local\Temp\ccaed8oU.s 			page 15


 203      27C6398C 
 204 0086 4604238A 		.ascii	"F\004#\2121\2041B\236^|\237\303\304\237\302(\300\230"
 204      31843142 
 204      9E5E7C9F 
 204      C3C49FC2 
 204      28C098
 205 0099 C298349F 		.ascii	"\302\2304\237\203\271\347\311\0256\373\330q\271i\260"
 205      83B9E7C9 
 205      1536FBD8 
 205      71B969B0 
 206 00a9 E134D888 		.ascii	"\3414\330\210\331\363\377p\2214\270\350*p\32148~v\227"
 206      D9F3FF70 
 206      9134B8E8 
 206      2A70D134 
 206      387E7697 
 207 00bd A9350BC3 		.ascii	"\2515\013\303\215\021\303H\230<\2364<CixFV\321?\335"
 207      8D11C348 
 207      983C9E34 
 207      3C436978 
 207      4656D13F 
 208 00d2 8CFF9260 		.ascii	"\214\377\222`\354\347\245\007\356\337$\310Rrx\332zm"
 208      ECE7A507 
 208      EEDF24C8 
 208      527278DA 
 208      7A6D
 209 00e4 769162EA 		.ascii	"v\221b\352V$\236^\275\270{\367\032*\001\377\375E\350"
 209      56249E5E 
 209      BDB87BF7 
 209      1A2A01FF 
 209      FD45E8
 210 00f7 CEF74A51 		.ascii	"\316\367JQ'c\254\211\305\343`Q4\034\353\333\233\201"
 210      2763AC89 
 210      C5E36051 
 210      341CEBDB 
 210      9B81
 211 0109 985C45A4 		.ascii	"\230\\E\244\037\217\265\016P\221\352\034']\277\336\362"
 211      1F8FB50E 
 211      5091EA1C 
 211      275DBFDE 
 211      F2
 212 011a 888252D8 		.ascii	"\210\202R\330\304X#[\0102\372\034\201\242|x5\237\300"
 212      C458235B 
 212      0832FA1C 
 212      81A27C78 
 212      359FC0
 213 012d 6928C46D 		.ascii	"i(\304m\320\011E\004\272 \037NB>\351\300\006\013m\013"
 213      D0094504 
 213      BA201F4E 
 213      423EE9C0 
 213      060B6D0B 
 214 0141 375E644C 		.ascii	"7^dL\206S\240\300\011\240b\007\036\203w0\2336\1778\320"
 214      8653A0C0 
 214      09A06207 
 214      1E837730 
 214      9B367F38 
 215 0156 2CCB1216 		.ascii	",\313\022\026\371\236-2\257\215\03784\230\231\267\237"
 215      F99E2D32 
ARM GAS  C:\Users\victo\AppData\Local\Temp\ccaed8oU.s 			page 16


 215      AF8D1F38 
 215      349899B7 
 215      9F
 216 0167 F1156039 		.ascii	"\361\025`9\022xs\341K\244=\216\264\004\316@\036~v\203"
 216      127873E1 
 216      4BA43D8E 
 216      B404CE40 
 216      1E7E7683 
 217 017b 6C10ECF9 		.ascii	"l\020\354\371\250\377\250\203\226\210\243\355\033Y\232"
 217      A8FFA883 
 217      9688A3ED 
 217      1B599A
 218 018a 77788EB0 		.ascii	"wx\216\260\3663\013\007\003\277z\367\005X\013\233\321"
 218      F6330B07 
 218      03BF7AF7 
 218      05580B9B 
 218      D1
 219 019b F5970408 		.ascii	"\365\227\004\010\316\246\004\020\376\333\230\3509\360"
 219      CEA60410 
 219      FEDB98E8 
 219      39F0
 220 01a9 2030381D 		.ascii	" 08\035\354\223\251&Hv\265\205\256H\202d\346\366\220"
 220      EC93A926 
 220      4876B585 
 220      AE488264 
 220      E6F690
 221 01bc 1A6F64FF 		.ascii	"\032od\377\350:5\030zl\014=I\206\260`Ht]\336\005v\315"
 221      E83A3518 
 221      7A6C0C3D 
 221      4986B060 
 221      48745DDE 
 222 01d3 FC3896E8 		.ascii	"\3748\226\350\257\204\350-\246\346\340\364\360\247\224"
 222      AF84E82D 
 222      A6E6E0F4 
 222      F0A794
 223 01e2 0640F49B 		.ascii	"\006@\364\233x\330\375\271\333\350\027\232\265\372!"
 223      78D8FDB9 
 223      DBE8179A 
 223      B5FA21
 224 01f1 027A6DFD 		.ascii	"\002zm\375z\223\375\"\242\337r$0*\323O\014\212\256\356"
 224      7A93FD22 
 224      A2DF7224 
 224      302AD34F 
 224      0C8AAEEE 
 225 0205 D0BB82A1 		.ascii	"\320\273\202\241}\374\250\3638\213\353\372\033\002\177"
 225      7DFCA8F3 
 225      388BEBFA 
 225      1B027F
 226 0214 DE863F9F 		.ascii	"\336\206?\237\304G\005\376\360\375?\373]\264\323\300"
 226      C44705FE 
 226      F0FD3FFB 
 226      5DB4D3C0 
 227 0224 279DF718 		.ascii	"'\235\367\030\316\037\230_\012\257\021)W\202\326\037"
 227      CE1F985F 
 227      0AAF1129 
 227      5782D61F 
 228 0234 9B7CD89A 		.ascii	"\233|\330\232\005\205\212\341\351}\303\323\030\036\360"
ARM GAS  C:\Users\victo\AppData\Local\Temp\ccaed8oU.s 			page 17


 228      05858AE1 
 228      E97DC3D3 
 228      181EF0
 229 0243 82E5A9C7 		.ascii	"\202\345\251\307\364T\\\017\034\201\343\025\222:?|\215"
 229      F4545C0F 
 229      1C81E315 
 229      923A3F7C 
 229      8D
 230 0254 17C4635E 		.ascii	"\027\304c^\220>,\366c\021\033\265\215\376\361C\2660"
 230      903E2CF6 
 230      63111BB5 
 230      8DFEF143 
 230      B630
 231 0266 3F9632FF 		.ascii	"?\2262\377\306\364O'\\\251\332E\020\305#z,*?\363F\014"
 231      C6F44F27 
 231      5CA9DA45 
 231      10C5237A 
 231      2C2A3FF3 
 232 027c 88E1C693 		.ascii	"\210\341\306\2237\242\341\356\277!7=k\034\355\360\304"
 232      37A2E1EE 
 232      BF21373D 
 232      6B1CEDF0 
 232      C4
 233 028d A1389857 		.ascii	"\2418\230W\342\227\271\265\237\261\366\006\366X\307"
 233      E297B9B5 
 233      9FB1F606 
 233      F658C7
 234 029c 1BCD5130 		.ascii	"\033\315Q0h\033\320`r@Cb@\267:N\376\235A\023\006K\354"
 234      681BD060 
 234      72404362 
 234      40B73A4E 
 234      FE9D4113 
 235 02b3 F799ABD4 		.ascii	"\367\231\253\324\360\350\346\334J\217\206m\024\303I"
 235      F0E8E6DC 
 235      4A8F866D 
 235      14C349
 236 02c2 8A114111 		.ascii	"\212\021A\021=\275\230\310\024\357\244\207\223\\\010"
 236      3DBD98C8 
 236      14EFA487 
 236      935C08
 237 02d1 5E0A39C5 		.ascii	"^\0129\305;)\316\324\024\354\235w\320\271\225\016\024"
 237      3B29CED4 
 237      14EC9D77 
 237      D0B9950E 
 237      14
 238 02e2 180EDC3E 		.ascii	"\030\016\334>\370\250\303%R\3767\234\315Kw~\274\326"
 238      F8A8C325 
 238      52FE379C 
 238      CD4B777E 
 238      BCD6
 239 02f4 9F41EF89 		.ascii	"\237A\357\211\355\322\275\226F=3e\310\242aH\002\347"
 239      EDD2BD96 
 239      463D3365 
 239      C8A26148 
 239      02E7
 240 0306 35661952 		.ascii	"5f\031R`7\2449\300\\\233\010|\2033\033\345\206\214\243"
 240      6037A439 
ARM GAS  C:\Users\victo\AppData\Local\Temp\ccaed8oU.s 			page 18


 240      C05C9B08 
 240      7C83331B 
 240      E5868CA3 
 241 031a 2105A621 		.ascii	"!\005\246!\227\261\370\255aHt\377\324\250\2424\361!"
 241      97B1F8AD 
 241      614874FF 
 241      D4A8A234 
 241      F121
 242 032c AF0E21C5 		.ascii	"\257\016!\305{\232\227\335\246\222\231\275=\035\022"
 242      7B9A97DD 
 242      A69299BD 
 242      3D1D12
 243 033b 5732894A 		.ascii	"W2\211J.YJ&\300\222\3624\361w\351\245\314\336m[v\272"
 243      2E594A26 
 243      C092F234 
 243      F177E9A5 
 243      CCDE6D5B 
 244 0351 F7A4C40B 		.ascii	"\367\244\304\013\322$\210\300\024\270\305\244\371\267"
 244      D22488C0 
 244      14B8C5A4 
 244      F9B7
 245 035f A3BEA6D6 		.ascii	"\243\276\246\326\377\272s\343\333\357xJ\311\313\305"
 245      FFBA73E3 
 245      DBEF784A 
 245      C9CBC5
 246 036e 151BD55A 		.ascii	"\025\033\325ZU\363\371\325\352\312\362\272z\255J\255"
 246      55F3F9D5 
 246      EACAF2BA 
 246      7AAD4AAD 
 247 037e F096D795 		.ascii	"\360\226\327\225\276VQ\265\323\277s\273\272\243\370"
 247      BE5651B5 
 247      D3BF73BB 
 247      BAA3F8
 248 038d 7D92B7C9 		.ascii	"}\222\267\311[VY\366f\345\216j_e\271\352\337\240\325"
 248      5B5659F6 
 248      66E58E6A 
 248      5F65B9EA 
 248      DFA0D5
 249 03a0 7CA0BE55 		.ascii	"|\240\276UW\255\026>\023k\001\212\253H\216\015\376\236"
 249      57AD163E 
 249      136B018A 
 249      AB488E0D 
 249      FE9E
 250 03b2 56E357B3 		.ascii	"V\343W\263m\205\315\252\257:\367\211|\203\317\357\333"
 250      6D85CDAA 
 250      AF3AF789 
 250      7C83CFEF 
 250      DB
 251 03c3 AC6E7572 		.ascii	"\254nur\235k\327\277\260\262{Y\255_\325\264\372\355"
 251      9D6BD7BF 
 251      B0B27B59 
 251      AD5FD5B4 
 251      FAED
 252 03d5 7EAEE079 		.ascii	"~\256\340y\333\263\322m\252OK=uh\352\326\222u\202\242"
 252      DBB3D26D 
 252      AA4F4B3D 
 252      7568EAD6 
ARM GAS  C:\Users\victo\AppData\Local\Temp\ccaed8oU.s 			page 19


 252      927582A2 
 253 03e9 64DD7FA4 		.ascii	"d\335\177\244\262\374\376"
 253      B2FCFE
 254              		.text
 255              		.section	.gnu.lto_.symtab.92f64e39,"",%progbits
 256 0000 4850495F 		.ascii	"HPI_IF_sda_SetDriveMode\000\000\000\000\000\000\000"
 256      49465F73 
 256      64615F53 
 256      65744472 
 256      6976654D 
 257 001e 00000000 		.ascii	"\000\000\000\000\000\262\000\000\000HPI_IF_sda_Writ"
 257      00B20000 
 257      00485049 
 257      5F49465F 
 257      7364615F 
 258 0036 65000000 		.ascii	"e\000\000\000\000\000\000\000\000\000\000\000\000\264"
 258      00000000 
 258      00000000 
 258      00B4
 259 0044 00000048 		.ascii	"\000\000\000HPI_IF_sda_Read\000\000\000\000\000\000"
 259      50495F49 
 259      465F7364 
 259      615F5265 
 259      61640000 
 260 005c 00000000 		.ascii	"\000\000\000\000\000\000\267\000\000\000HPI_IF_sda_"
 260      0000B700 
 260      00004850 
 260      495F4946 
 260      5F736461 
 261 0071 52656164 		.ascii	"ReadDataReg\000\000\000\000\000\000\000\000\000\000"
 261      44617461 
 261      52656700 
 261      00000000 
 261      00000000 
 262 0086 0000B900 		.ascii	"\000\000\271\000\000\000HPI_IF_sda_SetInterruptMode"
 262      00004850 
 262      495F4946 
 262      5F736461 
 262      5F536574 
 263 00a7 00000000 		.ascii	"\000\000\000\000\000\000\000\000\000\000\000\000\303"
 263      00000000 
 263      00000000 
 263      C3
 264 00b4 00000048 		.ascii	"\000\000\000HPI_IF_sda_ClearInterrupt\000\000\000\000"
 264      50495F49 
 264      465F7364 
 264      615F436C 
 264      65617249 
 265 00d4 00000000 		.ascii	"\000\000\000\000\000\000\000\000\305\000\000\000"
 265      00000000 
 265      C5000000 
 266              		.text
 267              		.section	.gnu.lto_.opts,"",%progbits
 268 0000 272D666E 		.ascii	"'-fno-trapv' '-mcpu=cortex-m0' '-mthumb' '-g' '-Os'"
 268      6F2D7472 
 268      61707627 
 268      20272D6D 
ARM GAS  C:\Users\victo\AppData\Local\Temp\ccaed8oU.s 			page 20


 268      6370753D 
 269 0033 20272D57 		.ascii	" '-Werror' '-ffunction-sections' '-finline-function"
 269      6572726F 
 269      72272027 
 269      2D666675 
 269      6E637469 
 270 0066 73272027 		.ascii	"s' '-flto' '-ffat-lto-objects' '-fno-strict-aliasin"
 270      2D666C74 
 270      6F272027 
 270      2D666661 
 270      742D6C74 
 271 0099 672700   		.ascii	"g'\000"
 272              		.text
 273              		.cfi_sections	.debug_frame
 274              		.section	.text.HPI_IF_sda_SetDriveMode,"ax",%progbits
 275              		.align	1
 276              		.global	HPI_IF_sda_SetDriveMode
 277              		.code	16
 278              		.thumb_func
 279              		.type	HPI_IF_sda_SetDriveMode, %function
 280              	HPI_IF_sda_SetDriveMode:
 281              	.LFB0:
 282              		.file 1 ".\\Generated_Source\\PSoC4\\HPI_IF_sda.c"
   1:.\Generated_Source\PSoC4/HPI_IF_sda.c **** /*******************************************************************************
   2:.\Generated_Source\PSoC4/HPI_IF_sda.c **** * File Name: HPI_IF_sda.c  
   3:.\Generated_Source\PSoC4/HPI_IF_sda.c **** * Version 2.20
   4:.\Generated_Source\PSoC4/HPI_IF_sda.c **** *
   5:.\Generated_Source\PSoC4/HPI_IF_sda.c **** * Description:
   6:.\Generated_Source\PSoC4/HPI_IF_sda.c **** *  This file contains API to enable firmware control of a Pins component.
   7:.\Generated_Source\PSoC4/HPI_IF_sda.c **** *
   8:.\Generated_Source\PSoC4/HPI_IF_sda.c **** ********************************************************************************
   9:.\Generated_Source\PSoC4/HPI_IF_sda.c **** * Copyright 2008-2015, Cypress Semiconductor Corporation.  All rights reserved.
  10:.\Generated_Source\PSoC4/HPI_IF_sda.c **** * You may use this file only in accordance with the license, terms, conditions, 
  11:.\Generated_Source\PSoC4/HPI_IF_sda.c **** * disclaimers, and limitations in the end user license agreement accompanying 
  12:.\Generated_Source\PSoC4/HPI_IF_sda.c **** * the software package with which this file was provided.
  13:.\Generated_Source\PSoC4/HPI_IF_sda.c **** *******************************************************************************/
  14:.\Generated_Source\PSoC4/HPI_IF_sda.c **** 
  15:.\Generated_Source\PSoC4/HPI_IF_sda.c **** #include "cytypes.h"
  16:.\Generated_Source\PSoC4/HPI_IF_sda.c **** #include "HPI_IF_sda.h"
  17:.\Generated_Source\PSoC4/HPI_IF_sda.c **** 
  18:.\Generated_Source\PSoC4/HPI_IF_sda.c **** 
  19:.\Generated_Source\PSoC4/HPI_IF_sda.c **** #if defined(HPI_IF_sda__PC)
  20:.\Generated_Source\PSoC4/HPI_IF_sda.c ****     #define HPI_IF_sda_SetP4PinDriveMode(shift, mode)  \
  21:.\Generated_Source\PSoC4/HPI_IF_sda.c ****     do { \
  22:.\Generated_Source\PSoC4/HPI_IF_sda.c ****         HPI_IF_sda_PC =   (HPI_IF_sda_PC & \
  23:.\Generated_Source\PSoC4/HPI_IF_sda.c ****                                 (uint32)(~(uint32)(HPI_IF_sda_DRIVE_MODE_IND_MASK << \
  24:.\Generated_Source\PSoC4/HPI_IF_sda.c ****                                 (HPI_IF_sda_DRIVE_MODE_BITS * (shift))))) | \
  25:.\Generated_Source\PSoC4/HPI_IF_sda.c ****                                 (uint32)((uint32)(mode) << \
  26:.\Generated_Source\PSoC4/HPI_IF_sda.c ****                                 (HPI_IF_sda_DRIVE_MODE_BITS * (shift))); \
  27:.\Generated_Source\PSoC4/HPI_IF_sda.c ****     } while (0)
  28:.\Generated_Source\PSoC4/HPI_IF_sda.c **** #else
  29:.\Generated_Source\PSoC4/HPI_IF_sda.c ****     #if (CY_PSOC4_4200L)
  30:.\Generated_Source\PSoC4/HPI_IF_sda.c ****         #define HPI_IF_sda_SetP4PinDriveMode(shift, mode)  \
  31:.\Generated_Source\PSoC4/HPI_IF_sda.c ****         do { \
  32:.\Generated_Source\PSoC4/HPI_IF_sda.c ****             HPI_IF_sda_USBIO_CTRL_REG = (HPI_IF_sda_USBIO_CTRL_REG & \
  33:.\Generated_Source\PSoC4/HPI_IF_sda.c ****                                     (uint32)(~(uint32)(HPI_IF_sda_DRIVE_MODE_IND_MASK << \
  34:.\Generated_Source\PSoC4/HPI_IF_sda.c ****                                     (HPI_IF_sda_DRIVE_MODE_BITS * (shift))))) | \
ARM GAS  C:\Users\victo\AppData\Local\Temp\ccaed8oU.s 			page 21


  35:.\Generated_Source\PSoC4/HPI_IF_sda.c ****                                     (uint32)((uint32)(mode) << \
  36:.\Generated_Source\PSoC4/HPI_IF_sda.c ****                                     (HPI_IF_sda_DRIVE_MODE_BITS * (shift))); \
  37:.\Generated_Source\PSoC4/HPI_IF_sda.c ****         } while (0)
  38:.\Generated_Source\PSoC4/HPI_IF_sda.c ****     #endif
  39:.\Generated_Source\PSoC4/HPI_IF_sda.c **** #endif
  40:.\Generated_Source\PSoC4/HPI_IF_sda.c ****   
  41:.\Generated_Source\PSoC4/HPI_IF_sda.c **** 
  42:.\Generated_Source\PSoC4/HPI_IF_sda.c **** #if defined(HPI_IF_sda__PC) || (CY_PSOC4_4200L) 
  43:.\Generated_Source\PSoC4/HPI_IF_sda.c ****     /*******************************************************************************
  44:.\Generated_Source\PSoC4/HPI_IF_sda.c ****     * Function Name: HPI_IF_sda_SetDriveMode
  45:.\Generated_Source\PSoC4/HPI_IF_sda.c ****     ****************************************************************************//**
  46:.\Generated_Source\PSoC4/HPI_IF_sda.c ****     *
  47:.\Generated_Source\PSoC4/HPI_IF_sda.c ****     * \brief Sets the drive mode for each of the Pins component's pins.
  48:.\Generated_Source\PSoC4/HPI_IF_sda.c ****     * 
  49:.\Generated_Source\PSoC4/HPI_IF_sda.c ****     * <b>Note</b> This affects all pins in the Pins component instance. Use the
  50:.\Generated_Source\PSoC4/HPI_IF_sda.c ****     * Per-Pin APIs if you wish to control individual pin's drive modes.
  51:.\Generated_Source\PSoC4/HPI_IF_sda.c ****     *
  52:.\Generated_Source\PSoC4/HPI_IF_sda.c ****     * <b>Note</b> USBIOs have limited drive functionality. Refer to the Drive Mode
  53:.\Generated_Source\PSoC4/HPI_IF_sda.c ****     * parameter for more information.
  54:.\Generated_Source\PSoC4/HPI_IF_sda.c ****     *
  55:.\Generated_Source\PSoC4/HPI_IF_sda.c ****     * \param mode
  56:.\Generated_Source\PSoC4/HPI_IF_sda.c ****     *  Mode for the selected signals. Valid options are documented in 
  57:.\Generated_Source\PSoC4/HPI_IF_sda.c ****     *  \ref driveMode.
  58:.\Generated_Source\PSoC4/HPI_IF_sda.c ****     *
  59:.\Generated_Source\PSoC4/HPI_IF_sda.c ****     * \return
  60:.\Generated_Source\PSoC4/HPI_IF_sda.c ****     *  None
  61:.\Generated_Source\PSoC4/HPI_IF_sda.c ****     *
  62:.\Generated_Source\PSoC4/HPI_IF_sda.c ****     * \sideeffect
  63:.\Generated_Source\PSoC4/HPI_IF_sda.c ****     *  If you use read-modify-write operations that are not atomic, the ISR can
  64:.\Generated_Source\PSoC4/HPI_IF_sda.c ****     *  cause corruption of this function. An ISR that interrupts this function 
  65:.\Generated_Source\PSoC4/HPI_IF_sda.c ****     *  and performs writes to the Pins component Drive Mode registers can cause 
  66:.\Generated_Source\PSoC4/HPI_IF_sda.c ****     *  corrupted port data. To avoid this issue, you should either use the Per-Pin
  67:.\Generated_Source\PSoC4/HPI_IF_sda.c ****     *  APIs (primary method) or disable interrupts around this function.
  68:.\Generated_Source\PSoC4/HPI_IF_sda.c ****     *
  69:.\Generated_Source\PSoC4/HPI_IF_sda.c ****     * \funcusage
  70:.\Generated_Source\PSoC4/HPI_IF_sda.c ****     *  \snippet HPI_IF_sda_SUT.c usage_HPI_IF_sda_SetDriveMode
  71:.\Generated_Source\PSoC4/HPI_IF_sda.c ****     *******************************************************************************/
  72:.\Generated_Source\PSoC4/HPI_IF_sda.c ****     void HPI_IF_sda_SetDriveMode(uint8 mode)
  73:.\Generated_Source\PSoC4/HPI_IF_sda.c ****     {
 283              		.loc 1 73 0
 284              		.cfi_startproc
 285              	.LVL0:
  74:.\Generated_Source\PSoC4/HPI_IF_sda.c **** 		HPI_IF_sda_SetP4PinDriveMode(HPI_IF_sda__0__SHIFT, mode);
 286              		.loc 1 74 0
 287 0000 0721     		mov	r1, #7
 288 0002 034A     		ldr	r2, .L2
  75:.\Generated_Source\PSoC4/HPI_IF_sda.c ****     }
 289              		.loc 1 75 0
 290              		@ sp needed
  74:.\Generated_Source\PSoC4/HPI_IF_sda.c **** 		HPI_IF_sda_SetP4PinDriveMode(HPI_IF_sda__0__SHIFT, mode);
 291              		.loc 1 74 0
 292 0004 1368     		ldr	r3, [r2]
 293 0006 8B43     		bic	r3, r1
 294 0008 1843     		orr	r0, r3
 295              	.LVL1:
 296 000a 1060     		str	r0, [r2]
 297              		.loc 1 75 0
ARM GAS  C:\Users\victo\AppData\Local\Temp\ccaed8oU.s 			page 22


 298 000c 7047     		bx	lr
 299              	.L3:
 300 000e C046     		.align	2
 301              	.L2:
 302 0010 08000440 		.word	1074003976
 303              		.cfi_endproc
 304              	.LFE0:
 305              		.size	HPI_IF_sda_SetDriveMode, .-HPI_IF_sda_SetDriveMode
 306              		.section	.text.HPI_IF_sda_Write,"ax",%progbits
 307              		.align	1
 308              		.global	HPI_IF_sda_Write
 309              		.code	16
 310              		.thumb_func
 311              		.type	HPI_IF_sda_Write, %function
 312              	HPI_IF_sda_Write:
 313              	.LFB1:
  76:.\Generated_Source\PSoC4/HPI_IF_sda.c **** #endif
  77:.\Generated_Source\PSoC4/HPI_IF_sda.c **** 
  78:.\Generated_Source\PSoC4/HPI_IF_sda.c **** 
  79:.\Generated_Source\PSoC4/HPI_IF_sda.c **** /*******************************************************************************
  80:.\Generated_Source\PSoC4/HPI_IF_sda.c **** * Function Name: HPI_IF_sda_Write
  81:.\Generated_Source\PSoC4/HPI_IF_sda.c **** ****************************************************************************//**
  82:.\Generated_Source\PSoC4/HPI_IF_sda.c **** *
  83:.\Generated_Source\PSoC4/HPI_IF_sda.c **** * \brief Writes the value to the physical port (data output register), masking
  84:.\Generated_Source\PSoC4/HPI_IF_sda.c **** *  and shifting the bits appropriately. 
  85:.\Generated_Source\PSoC4/HPI_IF_sda.c **** *
  86:.\Generated_Source\PSoC4/HPI_IF_sda.c **** * The data output register controls the signal applied to the physical pin in 
  87:.\Generated_Source\PSoC4/HPI_IF_sda.c **** * conjunction with the drive mode parameter. This function avoids changing 
  88:.\Generated_Source\PSoC4/HPI_IF_sda.c **** * other bits in the port by using the appropriate method (read-modify-write or
  89:.\Generated_Source\PSoC4/HPI_IF_sda.c **** * bit banding).
  90:.\Generated_Source\PSoC4/HPI_IF_sda.c **** *
  91:.\Generated_Source\PSoC4/HPI_IF_sda.c **** * <b>Note</b> This function should not be used on a hardware digital output pin 
  92:.\Generated_Source\PSoC4/HPI_IF_sda.c **** * as it is driven by the hardware signal attached to it.
  93:.\Generated_Source\PSoC4/HPI_IF_sda.c **** *
  94:.\Generated_Source\PSoC4/HPI_IF_sda.c **** * \param value
  95:.\Generated_Source\PSoC4/HPI_IF_sda.c **** *  Value to write to the component instance.
  96:.\Generated_Source\PSoC4/HPI_IF_sda.c **** *
  97:.\Generated_Source\PSoC4/HPI_IF_sda.c **** * \return 
  98:.\Generated_Source\PSoC4/HPI_IF_sda.c **** *  None 
  99:.\Generated_Source\PSoC4/HPI_IF_sda.c **** *
 100:.\Generated_Source\PSoC4/HPI_IF_sda.c **** * \sideeffect
 101:.\Generated_Source\PSoC4/HPI_IF_sda.c **** *  If you use read-modify-write operations that are not atomic; the Interrupt 
 102:.\Generated_Source\PSoC4/HPI_IF_sda.c **** *  Service Routines (ISR) can cause corruption of this function. An ISR that 
 103:.\Generated_Source\PSoC4/HPI_IF_sda.c **** *  interrupts this function and performs writes to the Pins component data 
 104:.\Generated_Source\PSoC4/HPI_IF_sda.c **** *  register can cause corrupted port data. To avoid this issue, you should 
 105:.\Generated_Source\PSoC4/HPI_IF_sda.c **** *  either use the Per-Pin APIs (primary method) or disable interrupts around 
 106:.\Generated_Source\PSoC4/HPI_IF_sda.c **** *  this function.
 107:.\Generated_Source\PSoC4/HPI_IF_sda.c **** *
 108:.\Generated_Source\PSoC4/HPI_IF_sda.c **** * \funcusage
 109:.\Generated_Source\PSoC4/HPI_IF_sda.c **** *  \snippet HPI_IF_sda_SUT.c usage_HPI_IF_sda_Write
 110:.\Generated_Source\PSoC4/HPI_IF_sda.c **** *******************************************************************************/
 111:.\Generated_Source\PSoC4/HPI_IF_sda.c **** void HPI_IF_sda_Write(uint8 value)
 112:.\Generated_Source\PSoC4/HPI_IF_sda.c **** {
 314              		.loc 1 112 0
 315              		.cfi_startproc
 316              	.LVL2:
 113:.\Generated_Source\PSoC4/HPI_IF_sda.c ****     uint8 drVal = (uint8)(HPI_IF_sda_DR & (uint8)(~HPI_IF_sda_MASK));
ARM GAS  C:\Users\victo\AppData\Local\Temp\ccaed8oU.s 			page 23


 317              		.loc 1 113 0
 318 0000 0123     		mov	r3, #1
 319 0002 0449     		ldr	r1, .L5
 114:.\Generated_Source\PSoC4/HPI_IF_sda.c ****     drVal = (drVal | ((uint8)(value << HPI_IF_sda_SHIFT) & HPI_IF_sda_MASK));
 115:.\Generated_Source\PSoC4/HPI_IF_sda.c ****     HPI_IF_sda_DR = (uint32)drVal;
 116:.\Generated_Source\PSoC4/HPI_IF_sda.c **** }
 320              		.loc 1 116 0
 321              		@ sp needed
 113:.\Generated_Source\PSoC4/HPI_IF_sda.c ****     uint8 drVal = (uint8)(HPI_IF_sda_DR & (uint8)(~HPI_IF_sda_MASK));
 322              		.loc 1 113 0
 323 0004 0A68     		ldr	r2, [r1]
 324 0006 9A43     		bic	r2, r3
 325 0008 D2B2     		uxtb	r2, r2
 326              	.LVL3:
 114:.\Generated_Source\PSoC4/HPI_IF_sda.c ****     drVal = (drVal | ((uint8)(value << HPI_IF_sda_SHIFT) & HPI_IF_sda_MASK));
 327              		.loc 1 114 0
 328 000a 0340     		and	r3, r0
 115:.\Generated_Source\PSoC4/HPI_IF_sda.c **** }
 329              		.loc 1 115 0
 330 000c 1343     		orr	r3, r2
 331 000e 0B60     		str	r3, [r1]
 332              		.loc 1 116 0
 333 0010 7047     		bx	lr
 334              	.L6:
 335 0012 C046     		.align	2
 336              	.L5:
 337 0014 00000440 		.word	1074003968
 338              		.cfi_endproc
 339              	.LFE1:
 340              		.size	HPI_IF_sda_Write, .-HPI_IF_sda_Write
 341              		.section	.text.HPI_IF_sda_Read,"ax",%progbits
 342              		.align	1
 343              		.global	HPI_IF_sda_Read
 344              		.code	16
 345              		.thumb_func
 346              		.type	HPI_IF_sda_Read, %function
 347              	HPI_IF_sda_Read:
 348              	.LFB2:
 117:.\Generated_Source\PSoC4/HPI_IF_sda.c **** 
 118:.\Generated_Source\PSoC4/HPI_IF_sda.c **** 
 119:.\Generated_Source\PSoC4/HPI_IF_sda.c **** /*******************************************************************************
 120:.\Generated_Source\PSoC4/HPI_IF_sda.c **** * Function Name: HPI_IF_sda_Read
 121:.\Generated_Source\PSoC4/HPI_IF_sda.c **** ****************************************************************************//**
 122:.\Generated_Source\PSoC4/HPI_IF_sda.c **** *
 123:.\Generated_Source\PSoC4/HPI_IF_sda.c **** * \brief Reads the associated physical port (pin status register) and masks 
 124:.\Generated_Source\PSoC4/HPI_IF_sda.c **** *  the required bits according to the width and bit position of the component
 125:.\Generated_Source\PSoC4/HPI_IF_sda.c **** *  instance. 
 126:.\Generated_Source\PSoC4/HPI_IF_sda.c **** *
 127:.\Generated_Source\PSoC4/HPI_IF_sda.c **** * The pin's status register returns the current logic level present on the 
 128:.\Generated_Source\PSoC4/HPI_IF_sda.c **** * physical pin.
 129:.\Generated_Source\PSoC4/HPI_IF_sda.c **** *
 130:.\Generated_Source\PSoC4/HPI_IF_sda.c **** * \return 
 131:.\Generated_Source\PSoC4/HPI_IF_sda.c **** *  The current value for the pins in the component as a right justified number.
 132:.\Generated_Source\PSoC4/HPI_IF_sda.c **** *
 133:.\Generated_Source\PSoC4/HPI_IF_sda.c **** * \funcusage
 134:.\Generated_Source\PSoC4/HPI_IF_sda.c **** *  \snippet HPI_IF_sda_SUT.c usage_HPI_IF_sda_Read  
 135:.\Generated_Source\PSoC4/HPI_IF_sda.c **** *******************************************************************************/
ARM GAS  C:\Users\victo\AppData\Local\Temp\ccaed8oU.s 			page 24


 136:.\Generated_Source\PSoC4/HPI_IF_sda.c **** uint8 HPI_IF_sda_Read(void)
 137:.\Generated_Source\PSoC4/HPI_IF_sda.c **** {
 349              		.loc 1 137 0
 350              		.cfi_startproc
 138:.\Generated_Source\PSoC4/HPI_IF_sda.c ****     return (uint8)((HPI_IF_sda_PS & HPI_IF_sda_MASK) >> HPI_IF_sda_SHIFT);
 351              		.loc 1 138 0
 352 0000 024B     		ldr	r3, .L8
 139:.\Generated_Source\PSoC4/HPI_IF_sda.c **** }
 353              		.loc 1 139 0
 354              		@ sp needed
 138:.\Generated_Source\PSoC4/HPI_IF_sda.c ****     return (uint8)((HPI_IF_sda_PS & HPI_IF_sda_MASK) >> HPI_IF_sda_SHIFT);
 355              		.loc 1 138 0
 356 0002 1868     		ldr	r0, [r3]
 357 0004 0123     		mov	r3, #1
 358 0006 1840     		and	r0, r3
 359              		.loc 1 139 0
 360 0008 7047     		bx	lr
 361              	.L9:
 362 000a C046     		.align	2
 363              	.L8:
 364 000c 04000440 		.word	1074003972
 365              		.cfi_endproc
 366              	.LFE2:
 367              		.size	HPI_IF_sda_Read, .-HPI_IF_sda_Read
 368              		.section	.text.HPI_IF_sda_ReadDataReg,"ax",%progbits
 369              		.align	1
 370              		.global	HPI_IF_sda_ReadDataReg
 371              		.code	16
 372              		.thumb_func
 373              		.type	HPI_IF_sda_ReadDataReg, %function
 374              	HPI_IF_sda_ReadDataReg:
 375              	.LFB3:
 140:.\Generated_Source\PSoC4/HPI_IF_sda.c **** 
 141:.\Generated_Source\PSoC4/HPI_IF_sda.c **** 
 142:.\Generated_Source\PSoC4/HPI_IF_sda.c **** /*******************************************************************************
 143:.\Generated_Source\PSoC4/HPI_IF_sda.c **** * Function Name: HPI_IF_sda_ReadDataReg
 144:.\Generated_Source\PSoC4/HPI_IF_sda.c **** ****************************************************************************//**
 145:.\Generated_Source\PSoC4/HPI_IF_sda.c **** *
 146:.\Generated_Source\PSoC4/HPI_IF_sda.c **** * \brief Reads the associated physical port's data output register and masks 
 147:.\Generated_Source\PSoC4/HPI_IF_sda.c **** *  the correct bits according to the width and bit position of the component 
 148:.\Generated_Source\PSoC4/HPI_IF_sda.c **** *  instance. 
 149:.\Generated_Source\PSoC4/HPI_IF_sda.c **** *
 150:.\Generated_Source\PSoC4/HPI_IF_sda.c **** * The data output register controls the signal applied to the physical pin in 
 151:.\Generated_Source\PSoC4/HPI_IF_sda.c **** * conjunction with the drive mode parameter. This is not the same as the 
 152:.\Generated_Source\PSoC4/HPI_IF_sda.c **** * preferred HPI_IF_sda_Read() API because the 
 153:.\Generated_Source\PSoC4/HPI_IF_sda.c **** * HPI_IF_sda_ReadDataReg() reads the data register instead of the status 
 154:.\Generated_Source\PSoC4/HPI_IF_sda.c **** * register. For output pins this is a useful function to determine the value 
 155:.\Generated_Source\PSoC4/HPI_IF_sda.c **** * just written to the pin.
 156:.\Generated_Source\PSoC4/HPI_IF_sda.c **** *
 157:.\Generated_Source\PSoC4/HPI_IF_sda.c **** * \return 
 158:.\Generated_Source\PSoC4/HPI_IF_sda.c **** *  The current value of the data register masked and shifted into a right 
 159:.\Generated_Source\PSoC4/HPI_IF_sda.c **** *  justified number for the component instance.
 160:.\Generated_Source\PSoC4/HPI_IF_sda.c **** *
 161:.\Generated_Source\PSoC4/HPI_IF_sda.c **** * \funcusage
 162:.\Generated_Source\PSoC4/HPI_IF_sda.c **** *  \snippet HPI_IF_sda_SUT.c usage_HPI_IF_sda_ReadDataReg 
 163:.\Generated_Source\PSoC4/HPI_IF_sda.c **** *******************************************************************************/
 164:.\Generated_Source\PSoC4/HPI_IF_sda.c **** uint8 HPI_IF_sda_ReadDataReg(void)
ARM GAS  C:\Users\victo\AppData\Local\Temp\ccaed8oU.s 			page 25


 165:.\Generated_Source\PSoC4/HPI_IF_sda.c **** {
 376              		.loc 1 165 0
 377              		.cfi_startproc
 166:.\Generated_Source\PSoC4/HPI_IF_sda.c ****     return (uint8)((HPI_IF_sda_DR & HPI_IF_sda_MASK) >> HPI_IF_sda_SHIFT);
 378              		.loc 1 166 0
 379 0000 024B     		ldr	r3, .L11
 167:.\Generated_Source\PSoC4/HPI_IF_sda.c **** }
 380              		.loc 1 167 0
 381              		@ sp needed
 166:.\Generated_Source\PSoC4/HPI_IF_sda.c ****     return (uint8)((HPI_IF_sda_DR & HPI_IF_sda_MASK) >> HPI_IF_sda_SHIFT);
 382              		.loc 1 166 0
 383 0002 1868     		ldr	r0, [r3]
 384 0004 0123     		mov	r3, #1
 385 0006 1840     		and	r0, r3
 386              		.loc 1 167 0
 387 0008 7047     		bx	lr
 388              	.L12:
 389 000a C046     		.align	2
 390              	.L11:
 391 000c 00000440 		.word	1074003968
 392              		.cfi_endproc
 393              	.LFE3:
 394              		.size	HPI_IF_sda_ReadDataReg, .-HPI_IF_sda_ReadDataReg
 395              		.section	.text.HPI_IF_sda_SetInterruptMode,"ax",%progbits
 396              		.align	1
 397              		.global	HPI_IF_sda_SetInterruptMode
 398              		.code	16
 399              		.thumb_func
 400              		.type	HPI_IF_sda_SetInterruptMode, %function
 401              	HPI_IF_sda_SetInterruptMode:
 402              	.LFB4:
 168:.\Generated_Source\PSoC4/HPI_IF_sda.c **** 
 169:.\Generated_Source\PSoC4/HPI_IF_sda.c **** 
 170:.\Generated_Source\PSoC4/HPI_IF_sda.c **** /*******************************************************************************
 171:.\Generated_Source\PSoC4/HPI_IF_sda.c **** * Function Name: HPI_IF_sda_SetInterruptMode
 172:.\Generated_Source\PSoC4/HPI_IF_sda.c **** ****************************************************************************//**
 173:.\Generated_Source\PSoC4/HPI_IF_sda.c **** *
 174:.\Generated_Source\PSoC4/HPI_IF_sda.c **** * \brief Configures the interrupt mode for each of the Pins component's
 175:.\Generated_Source\PSoC4/HPI_IF_sda.c **** *  pins. Alternatively you may set the interrupt mode for all the pins
 176:.\Generated_Source\PSoC4/HPI_IF_sda.c **** *  specified in the Pins component.
 177:.\Generated_Source\PSoC4/HPI_IF_sda.c **** *
 178:.\Generated_Source\PSoC4/HPI_IF_sda.c **** *  <b>Note</b> The interrupt is port-wide and therefore any enabled pin
 179:.\Generated_Source\PSoC4/HPI_IF_sda.c **** *  interrupt may trigger it.
 180:.\Generated_Source\PSoC4/HPI_IF_sda.c **** *
 181:.\Generated_Source\PSoC4/HPI_IF_sda.c **** * \param position
 182:.\Generated_Source\PSoC4/HPI_IF_sda.c **** *  The pin position as listed in the Pins component. You may OR these to be 
 183:.\Generated_Source\PSoC4/HPI_IF_sda.c **** *  able to configure the interrupt mode of multiple pins within a Pins 
 184:.\Generated_Source\PSoC4/HPI_IF_sda.c **** *  component. Or you may use HPI_IF_sda_INTR_ALL to configure the
 185:.\Generated_Source\PSoC4/HPI_IF_sda.c **** *  interrupt mode of all the pins in the Pins component.       
 186:.\Generated_Source\PSoC4/HPI_IF_sda.c **** *  - HPI_IF_sda_0_INTR       (First pin in the list)
 187:.\Generated_Source\PSoC4/HPI_IF_sda.c **** *  - HPI_IF_sda_1_INTR       (Second pin in the list)
 188:.\Generated_Source\PSoC4/HPI_IF_sda.c **** *  - ...
 189:.\Generated_Source\PSoC4/HPI_IF_sda.c **** *  - HPI_IF_sda_INTR_ALL     (All pins in Pins component)
 190:.\Generated_Source\PSoC4/HPI_IF_sda.c **** *
 191:.\Generated_Source\PSoC4/HPI_IF_sda.c **** * \param mode
 192:.\Generated_Source\PSoC4/HPI_IF_sda.c **** *  Interrupt mode for the selected pins. Valid options are documented in
 193:.\Generated_Source\PSoC4/HPI_IF_sda.c **** *  \ref intrMode.
ARM GAS  C:\Users\victo\AppData\Local\Temp\ccaed8oU.s 			page 26


 194:.\Generated_Source\PSoC4/HPI_IF_sda.c **** *
 195:.\Generated_Source\PSoC4/HPI_IF_sda.c **** * \return 
 196:.\Generated_Source\PSoC4/HPI_IF_sda.c **** *  None
 197:.\Generated_Source\PSoC4/HPI_IF_sda.c **** *  
 198:.\Generated_Source\PSoC4/HPI_IF_sda.c **** * \sideeffect
 199:.\Generated_Source\PSoC4/HPI_IF_sda.c **** *  It is recommended that the interrupt be disabled before calling this 
 200:.\Generated_Source\PSoC4/HPI_IF_sda.c **** *  function to avoid unintended interrupt requests. Note that the interrupt
 201:.\Generated_Source\PSoC4/HPI_IF_sda.c **** *  type is port wide, and therefore will trigger for any enabled pin on the 
 202:.\Generated_Source\PSoC4/HPI_IF_sda.c **** *  port.
 203:.\Generated_Source\PSoC4/HPI_IF_sda.c **** *
 204:.\Generated_Source\PSoC4/HPI_IF_sda.c **** * \funcusage
 205:.\Generated_Source\PSoC4/HPI_IF_sda.c **** *  \snippet HPI_IF_sda_SUT.c usage_HPI_IF_sda_SetInterruptMode
 206:.\Generated_Source\PSoC4/HPI_IF_sda.c **** *******************************************************************************/
 207:.\Generated_Source\PSoC4/HPI_IF_sda.c **** void HPI_IF_sda_SetInterruptMode(uint16 position, uint16 mode)
 208:.\Generated_Source\PSoC4/HPI_IF_sda.c **** {
 403              		.loc 1 208 0
 404              		.cfi_startproc
 405              	.LVL4:
 209:.\Generated_Source\PSoC4/HPI_IF_sda.c ****     uint32 intrCfg;
 210:.\Generated_Source\PSoC4/HPI_IF_sda.c ****     
 211:.\Generated_Source\PSoC4/HPI_IF_sda.c ****     intrCfg =  HPI_IF_sda_INTCFG & (uint32)(~(uint32)position);
 406              		.loc 1 211 0
 407 0000 034A     		ldr	r2, .L14
 212:.\Generated_Source\PSoC4/HPI_IF_sda.c ****     HPI_IF_sda_INTCFG = intrCfg | ((uint32)position & (uint32)mode);
 213:.\Generated_Source\PSoC4/HPI_IF_sda.c **** }
 408              		.loc 1 213 0
 409              		@ sp needed
 211:.\Generated_Source\PSoC4/HPI_IF_sda.c ****     HPI_IF_sda_INTCFG = intrCfg | ((uint32)position & (uint32)mode);
 410              		.loc 1 211 0
 411 0002 1368     		ldr	r3, [r2]
 412              	.LVL5:
 413 0004 8343     		bic	r3, r0
 414              	.LVL6:
 212:.\Generated_Source\PSoC4/HPI_IF_sda.c ****     HPI_IF_sda_INTCFG = intrCfg | ((uint32)position & (uint32)mode);
 415              		.loc 1 212 0
 416 0006 0840     		and	r0, r1
 417              	.LVL7:
 418 0008 1843     		orr	r0, r3
 419 000a 1060     		str	r0, [r2]
 420              		.loc 1 213 0
 421 000c 7047     		bx	lr
 422              	.L15:
 423 000e C046     		.align	2
 424              	.L14:
 425 0010 0C000440 		.word	1074003980
 426              		.cfi_endproc
 427              	.LFE4:
 428              		.size	HPI_IF_sda_SetInterruptMode, .-HPI_IF_sda_SetInterruptMode
 429              		.section	.text.HPI_IF_sda_ClearInterrupt,"ax",%progbits
 430              		.align	1
 431              		.global	HPI_IF_sda_ClearInterrupt
 432              		.code	16
 433              		.thumb_func
 434              		.type	HPI_IF_sda_ClearInterrupt, %function
 435              	HPI_IF_sda_ClearInterrupt:
 436              	.LFB5:
 214:.\Generated_Source\PSoC4/HPI_IF_sda.c **** 
ARM GAS  C:\Users\victo\AppData\Local\Temp\ccaed8oU.s 			page 27


 215:.\Generated_Source\PSoC4/HPI_IF_sda.c **** 
 216:.\Generated_Source\PSoC4/HPI_IF_sda.c **** /*******************************************************************************
 217:.\Generated_Source\PSoC4/HPI_IF_sda.c **** * Function Name: HPI_IF_sda_ClearInterrupt
 218:.\Generated_Source\PSoC4/HPI_IF_sda.c **** ****************************************************************************//**
 219:.\Generated_Source\PSoC4/HPI_IF_sda.c **** *
 220:.\Generated_Source\PSoC4/HPI_IF_sda.c **** * \brief Clears any active interrupts attached with the component and returns 
 221:.\Generated_Source\PSoC4/HPI_IF_sda.c **** *  the value of the interrupt status register allowing determination of which
 222:.\Generated_Source\PSoC4/HPI_IF_sda.c **** *  pins generated an interrupt event.
 223:.\Generated_Source\PSoC4/HPI_IF_sda.c **** *
 224:.\Generated_Source\PSoC4/HPI_IF_sda.c **** * \return 
 225:.\Generated_Source\PSoC4/HPI_IF_sda.c **** *  The right-shifted current value of the interrupt status register. Each pin 
 226:.\Generated_Source\PSoC4/HPI_IF_sda.c **** *  has one bit set if it generated an interrupt event. For example, bit 0 is 
 227:.\Generated_Source\PSoC4/HPI_IF_sda.c **** *  for pin 0 and bit 1 is for pin 1 of the Pins component.
 228:.\Generated_Source\PSoC4/HPI_IF_sda.c **** *  
 229:.\Generated_Source\PSoC4/HPI_IF_sda.c **** * \sideeffect
 230:.\Generated_Source\PSoC4/HPI_IF_sda.c **** *  Clears all bits of the physical port's interrupt status register, not just
 231:.\Generated_Source\PSoC4/HPI_IF_sda.c **** *  those associated with the Pins component.
 232:.\Generated_Source\PSoC4/HPI_IF_sda.c **** *
 233:.\Generated_Source\PSoC4/HPI_IF_sda.c **** * \funcusage
 234:.\Generated_Source\PSoC4/HPI_IF_sda.c **** *  \snippet HPI_IF_sda_SUT.c usage_HPI_IF_sda_ClearInterrupt
 235:.\Generated_Source\PSoC4/HPI_IF_sda.c **** *******************************************************************************/
 236:.\Generated_Source\PSoC4/HPI_IF_sda.c **** uint8 HPI_IF_sda_ClearInterrupt(void)
 237:.\Generated_Source\PSoC4/HPI_IF_sda.c **** {
 437              		.loc 1 237 0
 438              		.cfi_startproc
 238:.\Generated_Source\PSoC4/HPI_IF_sda.c **** 	uint8 maskedStatus = (uint8)(HPI_IF_sda_INTSTAT & HPI_IF_sda_MASK);
 439              		.loc 1 238 0
 440 0000 0123     		mov	r3, #1
 441 0002 024A     		ldr	r2, .L17
 239:.\Generated_Source\PSoC4/HPI_IF_sda.c **** 	HPI_IF_sda_INTSTAT = maskedStatus;
 240:.\Generated_Source\PSoC4/HPI_IF_sda.c ****     return maskedStatus >> HPI_IF_sda_SHIFT;
 241:.\Generated_Source\PSoC4/HPI_IF_sda.c **** }
 442              		.loc 1 241 0
 443              		@ sp needed
 238:.\Generated_Source\PSoC4/HPI_IF_sda.c **** 	uint8 maskedStatus = (uint8)(HPI_IF_sda_INTSTAT & HPI_IF_sda_MASK);
 444              		.loc 1 238 0
 445 0004 1068     		ldr	r0, [r2]
 446 0006 1840     		and	r0, r3
 447              	.LVL8:
 239:.\Generated_Source\PSoC4/HPI_IF_sda.c **** 	HPI_IF_sda_INTSTAT = maskedStatus;
 448              		.loc 1 239 0
 449 0008 1060     		str	r0, [r2]
 450              		.loc 1 241 0
 451 000a 7047     		bx	lr
 452              	.L18:
 453              		.align	2
 454              	.L17:
 455 000c 10000440 		.word	1074003984
 456              		.cfi_endproc
 457              	.LFE5:
 458              		.size	HPI_IF_sda_ClearInterrupt, .-HPI_IF_sda_ClearInterrupt
 459              		.text
 460              	.Letext0:
 461              		.file 2 ".\\Generated_Source\\PSoC4\\cytypes.h"
 462              		.section	.debug_info,"",%progbits
 463              	.Ldebug_info0:
 464 0000 9C010000 		.4byte	0x19c
ARM GAS  C:\Users\victo\AppData\Local\Temp\ccaed8oU.s 			page 28


 465 0004 0400     		.2byte	0x4
 466 0006 00000000 		.4byte	.Ldebug_abbrev0
 467 000a 04       		.byte	0x4
 468 000b 01       		.uleb128 0x1
 469 000c 6D010000 		.4byte	.LASF28
 470 0010 01       		.byte	0x1
 471 0011 06000000 		.4byte	.LASF29
 472 0015 FF000000 		.4byte	.LASF30
 473 0019 00000000 		.4byte	.Ldebug_ranges0+0
 474 001d 00000000 		.4byte	0
 475 0021 00000000 		.4byte	.Ldebug_line0
 476 0025 02       		.uleb128 0x2
 477 0026 01       		.byte	0x1
 478 0027 06       		.byte	0x6
 479 0028 78020000 		.4byte	.LASF0
 480 002c 02       		.uleb128 0x2
 481 002d 01       		.byte	0x1
 482 002e 08       		.byte	0x8
 483 002f 60000000 		.4byte	.LASF1
 484 0033 02       		.uleb128 0x2
 485 0034 02       		.byte	0x2
 486 0035 05       		.byte	0x5
 487 0036 4E020000 		.4byte	.LASF2
 488 003a 02       		.uleb128 0x2
 489 003b 02       		.byte	0x2
 490 003c 07       		.byte	0x7
 491 003d 86000000 		.4byte	.LASF3
 492 0041 02       		.uleb128 0x2
 493 0042 04       		.byte	0x4
 494 0043 05       		.byte	0x5
 495 0044 5E020000 		.4byte	.LASF4
 496 0048 02       		.uleb128 0x2
 497 0049 04       		.byte	0x4
 498 004a 07       		.byte	0x7
 499 004b 74000000 		.4byte	.LASF5
 500 004f 02       		.uleb128 0x2
 501 0050 08       		.byte	0x8
 502 0051 05       		.byte	0x5
 503 0052 2E020000 		.4byte	.LASF6
 504 0056 02       		.uleb128 0x2
 505 0057 08       		.byte	0x8
 506 0058 07       		.byte	0x7
 507 0059 56010000 		.4byte	.LASF7
 508 005d 03       		.uleb128 0x3
 509 005e 04       		.byte	0x4
 510 005f 05       		.byte	0x5
 511 0060 696E7400 		.ascii	"int\000"
 512 0064 02       		.uleb128 0x2
 513 0065 04       		.byte	0x4
 514 0066 07       		.byte	0x7
 515 0067 F2000000 		.4byte	.LASF8
 516 006b 04       		.uleb128 0x4
 517 006c 58020000 		.4byte	.LASF9
 518 0070 02       		.byte	0x2
 519 0071 9801     		.2byte	0x198
 520 0073 2C000000 		.4byte	0x2c
 521 0077 04       		.uleb128 0x4
ARM GAS  C:\Users\victo\AppData\Local\Temp\ccaed8oU.s 			page 29


 522 0078 B7000000 		.4byte	.LASF10
 523 007c 02       		.byte	0x2
 524 007d 9901     		.2byte	0x199
 525 007f 3A000000 		.4byte	0x3a
 526 0083 04       		.uleb128 0x4
 527 0084 C7000000 		.4byte	.LASF11
 528 0088 02       		.byte	0x2
 529 0089 9A01     		.2byte	0x19a
 530 008b 48000000 		.4byte	0x48
 531 008f 02       		.uleb128 0x2
 532 0090 04       		.byte	0x4
 533 0091 04       		.byte	0x4
 534 0092 5A000000 		.4byte	.LASF12
 535 0096 02       		.uleb128 0x2
 536 0097 08       		.byte	0x8
 537 0098 04       		.byte	0x4
 538 0099 99000000 		.4byte	.LASF13
 539 009d 02       		.uleb128 0x2
 540 009e 01       		.byte	0x1
 541 009f 08       		.byte	0x8
 542 00a0 49020000 		.4byte	.LASF14
 543 00a4 04       		.uleb128 0x4
 544 00a5 00000000 		.4byte	.LASF15
 545 00a9 02       		.byte	0x2
 546 00aa 4402     		.2byte	0x244
 547 00ac B0000000 		.4byte	0xb0
 548 00b0 05       		.uleb128 0x5
 549 00b1 83000000 		.4byte	0x83
 550 00b5 06       		.uleb128 0x6
 551 00b6 2C000000 		.4byte	.LASF16
 552 00ba 01       		.byte	0x1
 553 00bb 48       		.byte	0x48
 554 00bc 00000000 		.4byte	.LFB0
 555 00c0 14000000 		.4byte	.LFE0-.LFB0
 556 00c4 01       		.uleb128 0x1
 557 00c5 9C       		.byte	0x9c
 558 00c6 DA000000 		.4byte	0xda
 559 00ca 07       		.uleb128 0x7
 560 00cb 29020000 		.4byte	.LASF18
 561 00cf 01       		.byte	0x1
 562 00d0 48       		.byte	0x48
 563 00d1 6B000000 		.4byte	0x6b
 564 00d5 00000000 		.4byte	.LLST0
 565 00d9 00       		.byte	0
 566 00da 06       		.uleb128 0x6
 567 00db 67020000 		.4byte	.LASF17
 568 00df 01       		.byte	0x1
 569 00e0 6F       		.byte	0x6f
 570 00e1 00000000 		.4byte	.LFB1
 571 00e5 18000000 		.4byte	.LFE1-.LFB1
 572 00e9 01       		.uleb128 0x1
 573 00ea 9C       		.byte	0x9c
 574 00eb 11010000 		.4byte	0x111
 575 00ef 08       		.uleb128 0x8
 576 00f0 44000000 		.4byte	.LASF19
 577 00f4 01       		.byte	0x1
 578 00f5 6F       		.byte	0x6f
ARM GAS  C:\Users\victo\AppData\Local\Temp\ccaed8oU.s 			page 30


 579 00f6 6B000000 		.4byte	0x6b
 580 00fa 01       		.uleb128 0x1
 581 00fb 50       		.byte	0x50
 582 00fc 09       		.uleb128 0x9
 583 00fd 6E000000 		.4byte	.LASF24
 584 0101 01       		.byte	0x1
 585 0102 71       		.byte	0x71
 586 0103 6B000000 		.4byte	0x6b
 587 0107 08       		.uleb128 0x8
 588 0108 70       		.byte	0x70
 589 0109 00       		.sleb128 0
 590 010a 31       		.byte	0x31
 591 010b 1A       		.byte	0x1a
 592 010c 72       		.byte	0x72
 593 010d 00       		.sleb128 0
 594 010e 21       		.byte	0x21
 595 010f 9F       		.byte	0x9f
 596 0110 00       		.byte	0
 597 0111 0A       		.uleb128 0xa
 598 0112 4A000000 		.4byte	.LASF20
 599 0116 01       		.byte	0x1
 600 0117 88       		.byte	0x88
 601 0118 6B000000 		.4byte	0x6b
 602 011c 00000000 		.4byte	.LFB2
 603 0120 10000000 		.4byte	.LFE2-.LFB2
 604 0124 01       		.uleb128 0x1
 605 0125 9C       		.byte	0x9c
 606 0126 0A       		.uleb128 0xa
 607 0127 A0000000 		.4byte	.LASF21
 608 012b 01       		.byte	0x1
 609 012c A4       		.byte	0xa4
 610 012d 6B000000 		.4byte	0x6b
 611 0131 00000000 		.4byte	.LFB3
 612 0135 10000000 		.4byte	.LFE3-.LFB3
 613 0139 01       		.uleb128 0x1
 614 013a 9C       		.byte	0x9c
 615 013b 06       		.uleb128 0x6
 616 013c CE000000 		.4byte	.LASF22
 617 0140 01       		.byte	0x1
 618 0141 CF       		.byte	0xcf
 619 0142 00000000 		.4byte	.LFB4
 620 0146 14000000 		.4byte	.LFE4-.LFB4
 621 014a 01       		.uleb128 0x1
 622 014b 9C       		.byte	0x9c
 623 014c 7C010000 		.4byte	0x17c
 624 0150 07       		.uleb128 0x7
 625 0151 BE000000 		.4byte	.LASF23
 626 0155 01       		.byte	0x1
 627 0156 CF       		.byte	0xcf
 628 0157 77000000 		.4byte	0x77
 629 015b 21000000 		.4byte	.LLST1
 630 015f 08       		.uleb128 0x8
 631 0160 29020000 		.4byte	.LASF18
 632 0164 01       		.byte	0x1
 633 0165 CF       		.byte	0xcf
 634 0166 77000000 		.4byte	0x77
 635 016a 01       		.uleb128 0x1
ARM GAS  C:\Users\victo\AppData\Local\Temp\ccaed8oU.s 			page 31


 636 016b 51       		.byte	0x51
 637 016c 0B       		.uleb128 0xb
 638 016d EA000000 		.4byte	.LASF25
 639 0171 01       		.byte	0x1
 640 0172 D1       		.byte	0xd1
 641 0173 83000000 		.4byte	0x83
 642 0177 42000000 		.4byte	.LLST2
 643 017b 00       		.byte	0
 644 017c 0C       		.uleb128 0xc
 645 017d 84020000 		.4byte	.LASF26
 646 0181 01       		.byte	0x1
 647 0182 EC       		.byte	0xec
 648 0183 6B000000 		.4byte	0x6b
 649 0187 00000000 		.4byte	.LFB5
 650 018b 10000000 		.4byte	.LFE5-.LFB5
 651 018f 01       		.uleb128 0x1
 652 0190 9C       		.byte	0x9c
 653 0191 09       		.uleb128 0x9
 654 0192 3C020000 		.4byte	.LASF27
 655 0196 01       		.byte	0x1
 656 0197 EE       		.byte	0xee
 657 0198 6B000000 		.4byte	0x6b
 658 019c 01       		.uleb128 0x1
 659 019d 50       		.byte	0x50
 660 019e 00       		.byte	0
 661 019f 00       		.byte	0
 662              		.section	.debug_abbrev,"",%progbits
 663              	.Ldebug_abbrev0:
 664 0000 01       		.uleb128 0x1
 665 0001 11       		.uleb128 0x11
 666 0002 01       		.byte	0x1
 667 0003 25       		.uleb128 0x25
 668 0004 0E       		.uleb128 0xe
 669 0005 13       		.uleb128 0x13
 670 0006 0B       		.uleb128 0xb
 671 0007 03       		.uleb128 0x3
 672 0008 0E       		.uleb128 0xe
 673 0009 1B       		.uleb128 0x1b
 674 000a 0E       		.uleb128 0xe
 675 000b 55       		.uleb128 0x55
 676 000c 17       		.uleb128 0x17
 677 000d 11       		.uleb128 0x11
 678 000e 01       		.uleb128 0x1
 679 000f 10       		.uleb128 0x10
 680 0010 17       		.uleb128 0x17
 681 0011 00       		.byte	0
 682 0012 00       		.byte	0
 683 0013 02       		.uleb128 0x2
 684 0014 24       		.uleb128 0x24
 685 0015 00       		.byte	0
 686 0016 0B       		.uleb128 0xb
 687 0017 0B       		.uleb128 0xb
 688 0018 3E       		.uleb128 0x3e
 689 0019 0B       		.uleb128 0xb
 690 001a 03       		.uleb128 0x3
 691 001b 0E       		.uleb128 0xe
 692 001c 00       		.byte	0
ARM GAS  C:\Users\victo\AppData\Local\Temp\ccaed8oU.s 			page 32


 693 001d 00       		.byte	0
 694 001e 03       		.uleb128 0x3
 695 001f 24       		.uleb128 0x24
 696 0020 00       		.byte	0
 697 0021 0B       		.uleb128 0xb
 698 0022 0B       		.uleb128 0xb
 699 0023 3E       		.uleb128 0x3e
 700 0024 0B       		.uleb128 0xb
 701 0025 03       		.uleb128 0x3
 702 0026 08       		.uleb128 0x8
 703 0027 00       		.byte	0
 704 0028 00       		.byte	0
 705 0029 04       		.uleb128 0x4
 706 002a 16       		.uleb128 0x16
 707 002b 00       		.byte	0
 708 002c 03       		.uleb128 0x3
 709 002d 0E       		.uleb128 0xe
 710 002e 3A       		.uleb128 0x3a
 711 002f 0B       		.uleb128 0xb
 712 0030 3B       		.uleb128 0x3b
 713 0031 05       		.uleb128 0x5
 714 0032 49       		.uleb128 0x49
 715 0033 13       		.uleb128 0x13
 716 0034 00       		.byte	0
 717 0035 00       		.byte	0
 718 0036 05       		.uleb128 0x5
 719 0037 35       		.uleb128 0x35
 720 0038 00       		.byte	0
 721 0039 49       		.uleb128 0x49
 722 003a 13       		.uleb128 0x13
 723 003b 00       		.byte	0
 724 003c 00       		.byte	0
 725 003d 06       		.uleb128 0x6
 726 003e 2E       		.uleb128 0x2e
 727 003f 01       		.byte	0x1
 728 0040 3F       		.uleb128 0x3f
 729 0041 19       		.uleb128 0x19
 730 0042 03       		.uleb128 0x3
 731 0043 0E       		.uleb128 0xe
 732 0044 3A       		.uleb128 0x3a
 733 0045 0B       		.uleb128 0xb
 734 0046 3B       		.uleb128 0x3b
 735 0047 0B       		.uleb128 0xb
 736 0048 27       		.uleb128 0x27
 737 0049 19       		.uleb128 0x19
 738 004a 11       		.uleb128 0x11
 739 004b 01       		.uleb128 0x1
 740 004c 12       		.uleb128 0x12
 741 004d 06       		.uleb128 0x6
 742 004e 40       		.uleb128 0x40
 743 004f 18       		.uleb128 0x18
 744 0050 9742     		.uleb128 0x2117
 745 0052 19       		.uleb128 0x19
 746 0053 01       		.uleb128 0x1
 747 0054 13       		.uleb128 0x13
 748 0055 00       		.byte	0
 749 0056 00       		.byte	0
ARM GAS  C:\Users\victo\AppData\Local\Temp\ccaed8oU.s 			page 33


 750 0057 07       		.uleb128 0x7
 751 0058 05       		.uleb128 0x5
 752 0059 00       		.byte	0
 753 005a 03       		.uleb128 0x3
 754 005b 0E       		.uleb128 0xe
 755 005c 3A       		.uleb128 0x3a
 756 005d 0B       		.uleb128 0xb
 757 005e 3B       		.uleb128 0x3b
 758 005f 0B       		.uleb128 0xb
 759 0060 49       		.uleb128 0x49
 760 0061 13       		.uleb128 0x13
 761 0062 02       		.uleb128 0x2
 762 0063 17       		.uleb128 0x17
 763 0064 00       		.byte	0
 764 0065 00       		.byte	0
 765 0066 08       		.uleb128 0x8
 766 0067 05       		.uleb128 0x5
 767 0068 00       		.byte	0
 768 0069 03       		.uleb128 0x3
 769 006a 0E       		.uleb128 0xe
 770 006b 3A       		.uleb128 0x3a
 771 006c 0B       		.uleb128 0xb
 772 006d 3B       		.uleb128 0x3b
 773 006e 0B       		.uleb128 0xb
 774 006f 49       		.uleb128 0x49
 775 0070 13       		.uleb128 0x13
 776 0071 02       		.uleb128 0x2
 777 0072 18       		.uleb128 0x18
 778 0073 00       		.byte	0
 779 0074 00       		.byte	0
 780 0075 09       		.uleb128 0x9
 781 0076 34       		.uleb128 0x34
 782 0077 00       		.byte	0
 783 0078 03       		.uleb128 0x3
 784 0079 0E       		.uleb128 0xe
 785 007a 3A       		.uleb128 0x3a
 786 007b 0B       		.uleb128 0xb
 787 007c 3B       		.uleb128 0x3b
 788 007d 0B       		.uleb128 0xb
 789 007e 49       		.uleb128 0x49
 790 007f 13       		.uleb128 0x13
 791 0080 02       		.uleb128 0x2
 792 0081 18       		.uleb128 0x18
 793 0082 00       		.byte	0
 794 0083 00       		.byte	0
 795 0084 0A       		.uleb128 0xa
 796 0085 2E       		.uleb128 0x2e
 797 0086 00       		.byte	0
 798 0087 3F       		.uleb128 0x3f
 799 0088 19       		.uleb128 0x19
 800 0089 03       		.uleb128 0x3
 801 008a 0E       		.uleb128 0xe
 802 008b 3A       		.uleb128 0x3a
 803 008c 0B       		.uleb128 0xb
 804 008d 3B       		.uleb128 0x3b
 805 008e 0B       		.uleb128 0xb
 806 008f 27       		.uleb128 0x27
ARM GAS  C:\Users\victo\AppData\Local\Temp\ccaed8oU.s 			page 34


 807 0090 19       		.uleb128 0x19
 808 0091 49       		.uleb128 0x49
 809 0092 13       		.uleb128 0x13
 810 0093 11       		.uleb128 0x11
 811 0094 01       		.uleb128 0x1
 812 0095 12       		.uleb128 0x12
 813 0096 06       		.uleb128 0x6
 814 0097 40       		.uleb128 0x40
 815 0098 18       		.uleb128 0x18
 816 0099 9742     		.uleb128 0x2117
 817 009b 19       		.uleb128 0x19
 818 009c 00       		.byte	0
 819 009d 00       		.byte	0
 820 009e 0B       		.uleb128 0xb
 821 009f 34       		.uleb128 0x34
 822 00a0 00       		.byte	0
 823 00a1 03       		.uleb128 0x3
 824 00a2 0E       		.uleb128 0xe
 825 00a3 3A       		.uleb128 0x3a
 826 00a4 0B       		.uleb128 0xb
 827 00a5 3B       		.uleb128 0x3b
 828 00a6 0B       		.uleb128 0xb
 829 00a7 49       		.uleb128 0x49
 830 00a8 13       		.uleb128 0x13
 831 00a9 02       		.uleb128 0x2
 832 00aa 17       		.uleb128 0x17
 833 00ab 00       		.byte	0
 834 00ac 00       		.byte	0
 835 00ad 0C       		.uleb128 0xc
 836 00ae 2E       		.uleb128 0x2e
 837 00af 01       		.byte	0x1
 838 00b0 3F       		.uleb128 0x3f
 839 00b1 19       		.uleb128 0x19
 840 00b2 03       		.uleb128 0x3
 841 00b3 0E       		.uleb128 0xe
 842 00b4 3A       		.uleb128 0x3a
 843 00b5 0B       		.uleb128 0xb
 844 00b6 3B       		.uleb128 0x3b
 845 00b7 0B       		.uleb128 0xb
 846 00b8 27       		.uleb128 0x27
 847 00b9 19       		.uleb128 0x19
 848 00ba 49       		.uleb128 0x49
 849 00bb 13       		.uleb128 0x13
 850 00bc 11       		.uleb128 0x11
 851 00bd 01       		.uleb128 0x1
 852 00be 12       		.uleb128 0x12
 853 00bf 06       		.uleb128 0x6
 854 00c0 40       		.uleb128 0x40
 855 00c1 18       		.uleb128 0x18
 856 00c2 9742     		.uleb128 0x2117
 857 00c4 19       		.uleb128 0x19
 858 00c5 00       		.byte	0
 859 00c6 00       		.byte	0
 860 00c7 00       		.byte	0
 861              		.section	.debug_loc,"",%progbits
 862              	.Ldebug_loc0:
 863              	.LLST0:
ARM GAS  C:\Users\victo\AppData\Local\Temp\ccaed8oU.s 			page 35


 864 0000 00000000 		.4byte	.LVL0
 865 0004 0A000000 		.4byte	.LVL1
 866 0008 0100     		.2byte	0x1
 867 000a 50       		.byte	0x50
 868 000b 0A000000 		.4byte	.LVL1
 869 000f 14000000 		.4byte	.LFE0
 870 0013 0400     		.2byte	0x4
 871 0015 F3       		.byte	0xf3
 872 0016 01       		.uleb128 0x1
 873 0017 50       		.byte	0x50
 874 0018 9F       		.byte	0x9f
 875 0019 00000000 		.4byte	0
 876 001d 00000000 		.4byte	0
 877              	.LLST1:
 878 0021 00000000 		.4byte	.LVL4
 879 0025 08000000 		.4byte	.LVL7
 880 0029 0100     		.2byte	0x1
 881 002b 50       		.byte	0x50
 882 002c 08000000 		.4byte	.LVL7
 883 0030 14000000 		.4byte	.LFE4
 884 0034 0400     		.2byte	0x4
 885 0036 F3       		.byte	0xf3
 886 0037 01       		.uleb128 0x1
 887 0038 50       		.byte	0x50
 888 0039 9F       		.byte	0x9f
 889 003a 00000000 		.4byte	0
 890 003e 00000000 		.4byte	0
 891              	.LLST2:
 892 0042 04000000 		.4byte	.LVL5
 893 0046 06000000 		.4byte	.LVL6
 894 004a 0B00     		.2byte	0xb
 895 004c 70       		.byte	0x70
 896 004d 00       		.sleb128 0
 897 004e 0A       		.byte	0xa
 898 004f FFFF     		.2byte	0xffff
 899 0051 1A       		.byte	0x1a
 900 0052 20       		.byte	0x20
 901 0053 73       		.byte	0x73
 902 0054 00       		.sleb128 0
 903 0055 1A       		.byte	0x1a
 904 0056 9F       		.byte	0x9f
 905 0057 00000000 		.4byte	0
 906 005b 00000000 		.4byte	0
 907              		.section	.debug_aranges,"",%progbits
 908 0000 44000000 		.4byte	0x44
 909 0004 0200     		.2byte	0x2
 910 0006 00000000 		.4byte	.Ldebug_info0
 911 000a 04       		.byte	0x4
 912 000b 00       		.byte	0
 913 000c 0000     		.2byte	0
 914 000e 0000     		.2byte	0
 915 0010 00000000 		.4byte	.LFB0
 916 0014 14000000 		.4byte	.LFE0-.LFB0
 917 0018 00000000 		.4byte	.LFB1
 918 001c 18000000 		.4byte	.LFE1-.LFB1
 919 0020 00000000 		.4byte	.LFB2
 920 0024 10000000 		.4byte	.LFE2-.LFB2
ARM GAS  C:\Users\victo\AppData\Local\Temp\ccaed8oU.s 			page 36


 921 0028 00000000 		.4byte	.LFB3
 922 002c 10000000 		.4byte	.LFE3-.LFB3
 923 0030 00000000 		.4byte	.LFB4
 924 0034 14000000 		.4byte	.LFE4-.LFB4
 925 0038 00000000 		.4byte	.LFB5
 926 003c 10000000 		.4byte	.LFE5-.LFB5
 927 0040 00000000 		.4byte	0
 928 0044 00000000 		.4byte	0
 929              		.section	.debug_ranges,"",%progbits
 930              	.Ldebug_ranges0:
 931 0000 00000000 		.4byte	.LFB0
 932 0004 14000000 		.4byte	.LFE0
 933 0008 00000000 		.4byte	.LFB1
 934 000c 18000000 		.4byte	.LFE1
 935 0010 00000000 		.4byte	.LFB2
 936 0014 10000000 		.4byte	.LFE2
 937 0018 00000000 		.4byte	.LFB3
 938 001c 10000000 		.4byte	.LFE3
 939 0020 00000000 		.4byte	.LFB4
 940 0024 14000000 		.4byte	.LFE4
 941 0028 00000000 		.4byte	.LFB5
 942 002c 10000000 		.4byte	.LFE5
 943 0030 00000000 		.4byte	0
 944 0034 00000000 		.4byte	0
 945              		.section	.debug_line,"",%progbits
 946              	.Ldebug_line0:
 947 0000 CB000000 		.section	.debug_str,"MS",%progbits,1
 947      02004900 
 947      00000201 
 947      FB0E0D00 
 947      01010101 
 948              	.LASF15:
 949 0000 72656733 		.ascii	"reg32\000"
 949      3200
 950              	.LASF29:
 951 0006 2E5C4765 		.ascii	".\\Generated_Source\\PSoC4\\HPI_IF_sda.c\000"
 951      6E657261 
 951      7465645F 
 951      536F7572 
 951      63655C50 
 952              	.LASF16:
 953 002c 4850495F 		.ascii	"HPI_IF_sda_SetDriveMode\000"
 953      49465F73 
 953      64615F53 
 953      65744472 
 953      6976654D 
 954              	.LASF19:
 955 0044 76616C75 		.ascii	"value\000"
 955      6500
 956              	.LASF20:
 957 004a 4850495F 		.ascii	"HPI_IF_sda_Read\000"
 957      49465F73 
 957      64615F52 
 957      65616400 
 958              	.LASF12:
 959 005a 666C6F61 		.ascii	"float\000"
 959      7400
ARM GAS  C:\Users\victo\AppData\Local\Temp\ccaed8oU.s 			page 37


 960              	.LASF1:
 961 0060 756E7369 		.ascii	"unsigned char\000"
 961      676E6564 
 961      20636861 
 961      7200
 962              	.LASF24:
 963 006e 64725661 		.ascii	"drVal\000"
 963      6C00
 964              	.LASF5:
 965 0074 6C6F6E67 		.ascii	"long unsigned int\000"
 965      20756E73 
 965      69676E65 
 965      6420696E 
 965      7400
 966              	.LASF3:
 967 0086 73686F72 		.ascii	"short unsigned int\000"
 967      7420756E 
 967      7369676E 
 967      65642069 
 967      6E7400
 968              	.LASF13:
 969 0099 646F7562 		.ascii	"double\000"
 969      6C6500
 970              	.LASF21:
 971 00a0 4850495F 		.ascii	"HPI_IF_sda_ReadDataReg\000"
 971      49465F73 
 971      64615F52 
 971      65616444 
 971      61746152 
 972              	.LASF10:
 973 00b7 75696E74 		.ascii	"uint16\000"
 973      313600
 974              	.LASF23:
 975 00be 706F7369 		.ascii	"position\000"
 975      74696F6E 
 975      00
 976              	.LASF11:
 977 00c7 75696E74 		.ascii	"uint32\000"
 977      333200
 978              	.LASF22:
 979 00ce 4850495F 		.ascii	"HPI_IF_sda_SetInterruptMode\000"
 979      49465F73 
 979      64615F53 
 979      6574496E 
 979      74657272 
 980              	.LASF25:
 981 00ea 696E7472 		.ascii	"intrCfg\000"
 981      43666700 
 982              	.LASF8:
 983 00f2 756E7369 		.ascii	"unsigned int\000"
 983      676E6564 
 983      20696E74 
 983      00
 984              	.LASF30:
 985 00ff 433A5C76 		.ascii	"C:\\victor0617\\github_code\\CY4541\\CYPD4225-40LQX"
 985      6963746F 
 985      72303631 
ARM GAS  C:\Users\victo\AppData\Local\Temp\ccaed8oU.s 			page 38


 985      375C6769 
 985      74687562 
 986 012e 495F3038 		.ascii	"I_0805\\CYPD4225-40LQXI_notebook01.cydsn\000"
 986      30355C43 
 986      59504434 
 986      3232352D 
 986      34304C51 
 987              	.LASF7:
 988 0156 6C6F6E67 		.ascii	"long long unsigned int\000"
 988      206C6F6E 
 988      6720756E 
 988      7369676E 
 988      65642069 
 989              	.LASF28:
 990 016d 474E5520 		.ascii	"GNU C 4.9.3 20150303 (release) [ARM/embedded-4_9-br"
 990      4320342E 
 990      392E3320 
 990      32303135 
 990      30333033 
 991 01a0 616E6368 		.ascii	"anch revision 221220] -mcpu=cortex-m0 -mthumb -g -O"
 991      20726576 
 991      6973696F 
 991      6E203232 
 991      31323230 
 992 01d3 73202D66 		.ascii	"s -ffunction-sections -finline-functions -flto -ffa"
 992      66756E63 
 992      74696F6E 
 992      2D736563 
 992      74696F6E 
 993 0206 742D6C74 		.ascii	"t-lto-objects -fno-strict-aliasing\000"
 993      6F2D6F62 
 993      6A656374 
 993      73202D66 
 993      6E6F2D73 
 994              	.LASF18:
 995 0229 6D6F6465 		.ascii	"mode\000"
 995      00
 996              	.LASF6:
 997 022e 6C6F6E67 		.ascii	"long long int\000"
 997      206C6F6E 
 997      6720696E 
 997      7400
 998              	.LASF27:
 999 023c 6D61736B 		.ascii	"maskedStatus\000"
 999      65645374 
 999      61747573 
 999      00
 1000              	.LASF14:
 1001 0249 63686172 		.ascii	"char\000"
 1001      00
 1002              	.LASF2:
 1003 024e 73686F72 		.ascii	"short int\000"
 1003      7420696E 
 1003      7400
 1004              	.LASF9:
 1005 0258 75696E74 		.ascii	"uint8\000"
 1005      3800
ARM GAS  C:\Users\victo\AppData\Local\Temp\ccaed8oU.s 			page 39


 1006              	.LASF4:
 1007 025e 6C6F6E67 		.ascii	"long int\000"
 1007      20696E74 
 1007      00
 1008              	.LASF17:
 1009 0267 4850495F 		.ascii	"HPI_IF_sda_Write\000"
 1009      49465F73 
 1009      64615F57 
 1009      72697465 
 1009      00
 1010              	.LASF0:
 1011 0278 7369676E 		.ascii	"signed char\000"
 1011      65642063 
 1011      68617200 
 1012              	.LASF26:
 1013 0284 4850495F 		.ascii	"HPI_IF_sda_ClearInterrupt\000"
 1013      49465F73 
 1013      64615F43 
 1013      6C656172 
 1013      496E7465 
 1014              		.comm	__gnu_lto_v1,1,1
 1015              		.ident	"GCC: (GNU Tools for ARM Embedded Processors) 4.9.3 20150303 (release) [ARM/embedded-4_9-br
