ARM GAS  C:\Users\victo\AppData\Local\Temp\ccOgV2D6.s 			page 1


   1              		.cpu cortex-m0
   2              		.fpu softvfp
   3              		.eabi_attribute 20, 1
   4              		.eabi_attribute 21, 1
   5              		.eabi_attribute 23, 3
   6              		.eabi_attribute 24, 1
   7              		.eabi_attribute 25, 1
   8              		.eabi_attribute 26, 1
   9              		.eabi_attribute 30, 4
  10              		.eabi_attribute 34, 0
  11              		.eabi_attribute 18, 4
  12              		.code	16
  13              		.file	"MUX_CTRL_PM.c"
  14              		.text
  15              	.Ltext0:
  16              		.section	.gnu.lto_.profile.91bcb766,"",%progbits
  17 0000 789C6366 		.ascii	"x\234cf```a\200\000F\006\005\036\000\000\300\0005"
  17      60606061 
  17      80004606 
  17      051E0000 
  17      C00035
  18              		.text
  19              		.section	.gnu.lto_.jmpfuncs.91bcb766,"",%progbits
  20 0000 789C6366 		.ascii	"x\234cf\300\016\270\2404\023\234\000\000\001z\000\022"
  20      C00EB8A0 
  20      34139C00 
  20      00017A00 
  20      12
  21              		.text
  22              		.section	.gnu.lto_.inline.91bcb766,"",%progbits
  23 0000 789C6366 		.ascii	"x\234cf\300\016\214\2404\023\003\003'7#\003\023\327"
  23      C00E8CA0 
  23      34130303 
  23      27372303 
  23      13D7
  24 0012 043F06B6 		.ascii	"\004?\006\266\005\362L 1F.\260\004;'P\234\355\203\036"
  24      05F24C20 
  24      31462EB0 
  24      043B2750 
  24      9CED831E 
  25 0026 AA380300 		.ascii	"\2528\003\000s4\004\024"
  25      73340414 
  26              		.text
  27              		.section	.gnu.lto_.pureconst.91bcb766,"",%progbits
  28 0000 789C6366 		.ascii	"x\234cf```e\200\000&\006)&\011\000\000\371\000?"
  28      60606065 
  28      80002606 
  28      29260900 
  28      00F9003F 
  29              		.text
  30              		.section	.gnu.lto_MUX_CTRL_Sleep.91bcb766,"",%progbits
  31 0000 789C6551 		.ascii	"x\234eQAHTQ\024\275\347\2767\177F'BZ\211\201\233\240"
  31      41485451 
  31      14BDE7BE 
  31      377F4627 
  31      425A8981 
  32 0016 A185B6A8 		.ascii	"\241\205\266\250E{\027B$H\026\264\030\030\302f\233 "
ARM GAS  C:\Users\victo\AppData\Local\Temp\ccOgV2D6.s 			page 2


  32      457B1742 
  32      244816B4 
  32      1818C266 
  32      9B20
  33 0028 B51C7CBF 		.ascii	"\265\034|\277\371\241\210\250\2652\312jSZc\232\323\316"
  33      F9A188A8 
  33      B532CA6A 
  33      535A639A 
  33      D3CE
  34 003a A07E2DD4 		.ascii	"\240~-\324\225\025\221\221\204\021\030\330.\233H>5\331"
  34      95159191 
  34      841118D8 
  34      2E9B483E 
  34      35D9
  35 004c BDFFBB90 		.ascii	"\275\377\273\220\372\360\337\373\367\274s\317=\377<"
  35      FAF0DFFB 
  35      F7BC73CF 
  35      3DFF3C
  36 005b 43FF3FC7 		.ascii	"C\377?\307\344\335\006\321\021\331\221\"\360\370\012"
  36      E4DD06D1 
  36      11D99122 
  36      F0F80A
  37 006a 919F6136 		.ascii	"\221\237a6\013\255\344\032\355\352Qr\373\014l\002[@"
  37      0BADE41A 
  37      EDEA5172 
  37      FB0C6C02 
  37      5B40
  38 007c 3F0834C0 		.ascii	"?\0104\300\306b\000_y\2131\036V&\262\271{\316\271o\325"
  38      C662005F 
  38      798B311E 
  38      5626B2B9 
  38      7BCEB96F 
  39 0091 F9E6ABCD 		.ascii	"\371\346\253\315\021\023\3258\321\307\024r$\234\255"
  39      1113D538 
  39      D1C71472 
  39      249CAD
  40 00a0 A0FE3EEB 		.ascii	"\240\376>\353\005\302iJ\3160\015O\346\322\334\201\320"
  40      05C2694A 
  40      CE300D4F 
  40      E6D2DC81 
  40      D0
  41 00b1 EDEC3C59 		.ascii	"\355\354<Y\2746t\210\033\014E\014+\013\247d1\236,\226"
  41      BC367488 
  41      1B0C450C 
  41      2B0BA764 
  41      319E2C96 
  42 00c5 6843F83A 		.ascii	"hC\370:\366\013\263\356f\015/\177\016\257\336y\006\325"
  42      F60BB3EE 
  42      660D2F7F 
  42      0EAFDE79 
  42      06D5
  43 00d7 D86623F2 		.ascii	"\330f#\362\317\177L-g79\342\224sw\235\325\211\2376^"
  43      CF7F4C2D 
  43      673739E2 
  43      9473779D 
  43      D5899F36 
  44 00ec BDC9C410 		.ascii	"\275\311\304\020i\271\371b\3605O\342\246\037 b\017\017"
ARM GAS  C:\Users\victo\AppData\Local\Temp\ccOgV2D6.s 			page 3


  44      69B9F962 
  44      F0354FE2 
  44      A61F2062 
  44      0F0F
  45 00fe D0828768 		.ascii	"\320\202\207h\021\037\025L\202\326pe}\360\267M\004\255"
  45      111F154C 
  45      82D67065 
  45      7DF0B74D 
  45      04AD
  46 0110 680A529E 		.ascii	"h\012R\236H'uJ\240\275\202b\0073\322\253M\273\024ei"
  46      4827754A 
  46      A0BD8262 
  46      0733D2AB 
  46      4DBB1465 
  47 0125 7DFDF361 		.ascii	"}\375\363a\005\204}\373\355\350,\227~\271!\227\2118"
  47      05847DFB 
  47      EDE82C97 
  47      7EB92197 
  47      8938
  48 0137 5DD75FDE 		.ascii	"]\327_\336\253\221\216\313i?\270\0055\345\224\225\301"
  48      AB918ECB 
  48      693FB805 
  48      35E59495 
  48      C1
  49 0148 239430AB 		.ascii	"#\2240\253\256\344\354\317\314X\325k\253Hb\341\211\210"
  49      AEE4ECCF 
  49      CC58D56B 
  49      AB4862E1 
  49      8988
  50 015a 1B3027C4 		.ascii	"\0330'\304\357q\252x\2146\031I\357\020|(\327\306\016"
  50      EF71AA78 
  50      8C361949 
  50      EF107C28 
  50      D7C60E
  51 016d EE5A901E 		.ascii	"\356Z\220\036\377\376\323\221\264\312Kj\230W!\322\330"
  51      FFFED391 
  51      B4CA4B6A 
  51      985721D2 
  51      D8
  52 017e 0C2DB49A 		.ascii	"\014-\264\232\217(\207\365\245\375J\246\177\3755\326"
  52      8F2887F5 
  52      A5FD4AA6 
  52      7FFD35D6 
  53 018e 58EE0255 		.ascii	"X\356\002U\224$\361l\334c\343\250\327\341\2077N\306"
  53      9424F16C 
  53      DC63E3A8 
  53      D7E18737 
  53      4EC6
  54 01a0 3DA41701 		.ascii	"=\244\027\001E\305D\256=\337Y\274X\354?\177\251x\241"
  54      45C544AE 
  54      3DDF59BC 
  54      58EC3F7F 
  54      A978A1
  55 01b3 D0D377B9 		.ascii	"\320\323w\271\277\267\230\357\356\351\3538\236\357:"
  55      BFB798EF 
  55      EEE9EB38 
  55      9EEF3A
ARM GAS  C:\Users\victo\AppData\Local\Temp\ccOgV2D6.s 			page 4


  56 01c2 7BAED071 		.ascii	"{\256\320q\346\364\251BwW{/\375\005ZF\300)"
  56      E6F4A942 
  56      77577B2F 
  56      FD055A46 
  56      C029
  57              		.text
  58              		.section	.gnu.lto_MUX_CTRL_Wakeup.91bcb766,"",%progbits
  59 0000 789C654F 		.ascii	"x\234eO\277KBQ\024>\347\334\347\3132\"\232\244\301U"
  59      BF4B4251 
  59      143EE7DC 
  59      E7CB3222 
  59      9AA4C155 
  60 0014 42B4A1FE 		.ascii	"B\264\241\376\003\207\2062$\013\032\004\011{\253\202"
  60      03878632 
  60      240B1A04 
  60      097BAB82 
  61 0024 D428DEA7 		.ascii	"\324(\336\247/h\210\212Z\202~l\225\245\03144\330\320"
  61      2F68888A 
  61      5A827E6C 
  61      95A51934 
  61      34D8D0
  62 0037 FB0B8C88 		.ascii	"\373\013\214\210\222Jj1\250-s\210G\230\335\373\034\202"
  62      924A6A31 
  62      A82D7388 
  62      4798DDFB 
  62      1C82
  63 0049 BA7039F7 		.ascii	"\272p9\367~\347\373\316\367\035\006\377\317\210\270"
  63      7EE7FBCE 
  63      F71D06FF 
  63      CF88B8
  64 0058 E3083024 		.ascii	"\343\0100$*:\000i\275\002\240;\211X\331\003\274G\271"
  64      2A3A0069 
  64      BD02A03B 
  64      8958D903 
  64      BC47B9
  65 006b 1B06DECB 		.ascii	"\033\006\336\313P\351\300\012\242|\000B\206\230\202"
  65      50E9C00A 
  65      A27C0042 
  65      869882
  66 007a 197CA306 		.ascii	"\031|\243\006\341\272Y\330ry\3679\347\357\331\252{\311"
  66      E1BA59D8 
  66      7279F739 
  66      E7EFD9AA 
  66      7BC9
  67 008c 6D114093 		.ascii	"m\021@\223:\363\361\020\275 8\015\243Uu\251\206\340"
  67      3AF3F110 
  67      BD20380D 
  67      A35575A9 
  67      86E0
  68 009e F4777A98 		.ascii	"\364wz\230GU\370\302\351\200\311\333\355fm#\357c\016"
  68      4755F8C2 
  68      E980C9DB 
  68      ED666D23 
  68      EF630E
  69 00b1 061609B0 		.ascii	"\006\026\011\260.\010\322\347\205HV\366\200\331\363"
  69      2E08D2E7 
  69      854856F6 
ARM GAS  C:\Users\victo\AppData\Local\Temp\ccOgV2D6.s 			page 5


  69      80D9F3
  70 00c0 4665B35B 		.ascii	"Fe\263[j>\211\211q{7\253%J\177\361e\356\264\210Zr\240"
  70      6A3E8989 
  70      717B37AB 
  70      254A7FF1 
  70      65EEB488 
  71 00d7 409FEB57 		.ascii	"@\237\353W\327\316W\022\210\375\315\353\306\016\356"
  71      D7CE5712 
  71      88FDCDEB 
  71      C60EEE
  72 00e6 E2B6CE25 		.ascii	"\342\266\316%\213\341\021\246\361\030\007\355\336wq"
  72      8BE111A6 
  72      F11807ED 
  72      DE7771
  73 00f5 ED4CF5FB 		.ascii	"\355L\365\373,R\260 8\037v\\,\242\037n\321\270\317%"
  73      2C52B020 
  73      381F765C 
  73      2CA21F6E 
  73      D1B8CF25 
  74 0109 7EADF483 		.ascii	"~\255\364\203\213\225.9T\004\303\023)\007\231\214A\331"
  74      8B952E39 
  74      5404C313 
  74      2907998C 
  74      41D9
  75 011b C36A9833 		.ascii	"\303j\2303/+}\222\014\177S9\232\266\242\204i\261\224"
  75      2F2B7D92 
  75      0C7F5339 
  75      9AB6A284 
  75      69B194
  76 012e 6A6B147B 		.ascii	"jk\024{\233'\324\315\307I[\003rW\224\250\360\367\006"
  76      9B27D4CD 
  76      C7495B03 
  76      725794A8 
  76      F0F706
  77 0141 A2635A42 		.ascii	"\242cZBK\315-h\363\261Hr1\025\327\242\341H28\032\015"
  77      4BCD2D68 
  77      F3B14872 
  77      3115D7A2 
  77      E1483238 
  78 0157 CDCCC682 		.ascii	"\315\314\306\202\323S\023\261p(\020\207\037q\333\203"
  78      D35313B1 
  78      70281087 
  78      1F71DB83 
  79 0167 76       		.ascii	"v"
  80              		.text
  81              		.section	.gnu.lto_.symbol_nodes.91bcb766,"",%progbits
  82 0000 789C4DC8 		.ascii	"x\234M\310A\015\2000\024\004\321\351\376\222 \250V\320"
  82      410D8030 
  82      1404D1E9 
  82      FE9220A8 
  82      56D0
  83 0012 B3958002 		.ascii	"\263\225\200\002\002\036\212\015TT\010M\340\320\235"
  83      021E8A0D 
  83      5454084D 
  83      E0D09D
  84 0021 D3DB0036 		.ascii	"\323\333\0006\376)\031\366\007l\216se\201KFr\232\357"
  84      FE2919F6 
ARM GAS  C:\Users\victo\AppData\Local\Temp\ccOgV2D6.s 			page 6


  84      076C8E73 
  84      65814B46 
  84      729AEF
  85 0034 14D6676A 		.ascii	"\024\326gj\035\314\216\2111\352w\011ez+\274f\334\024"
  85      1DCC8E89 
  85      31EA7709 
  85      657A2BBC 
  85      66DC14
  86 0047 48       		.ascii	"H"
  87              		.text
  88              		.section	.gnu.lto_.refs.91bcb766,"",%progbits
  89 0000 789C6366 		.ascii	"x\234cf``\340f\200\000F\006FFVF& \311\000\000\001\201"
  89      6060E066 
  89      80004606 
  89      46465646 
  89      2620C900 
  90 0017 001C     		.ascii	"\000\034"
  91              		.text
  92              		.section	.gnu.lto_.decls.91bcb766,"",%progbits
  93 0000 789C8D94 		.ascii	"x\234\215\224}LSW\024\300\337y\227\226\366\321\001\011"
  93      7D4C5357 
  93      14C0DF79 
  93      9796F6D1 
  93      0109
  94 0012 4935FDAB 		.ascii	"I5\375\253\325\245\373\010a\211.f\377\215\331-.q.\215"
  94      D5A5FB08 
  94      61892E66 
  94      FF8DD92D 
  94      2E712E8D 
  95 0026 85CC6424 		.ascii	"\205\314d$\004\331\313\266H(ae\211\177\355\322F\250"
  95      04D9CBB6 
  95      48286165 
  95      897FEDD2 
  95      46A8
  96 0038 8E203245 		.ascii	"\216 2E\324e++NeZ\0128, _s`Y\301O(#3\033.\230\270\017"
  96      D4652B2B 
  96      4E655A0A 
  96      382C205F 
  96      736059C1 
  97 0055 B5285944 		.ascii	"\265(YD3\273s\357k\373\352\324\315\227\234\367\356y"
  97      33BB73EF 
  97      6BFBEAD4 
  97      CD979CF7 
  97      EE79
  98 0067 EF9CDF39 		.ascii	"\357\234\3379\367\234s\037\021\004a\001%\216\327\214"
  98      F79C731F 
  98      11046101 
  98      258ED78C 
  99 0077 06172008 		.ascii	"\006\027 \010\004\037vA\2752P\216\243\004P\202(\335"
  99      041F7641 
  99      BD32508E 
  99      A3045082 
  99      28DD
 100 0089 8A99302A 		.ascii	"\212\2310*<|1\033C\302\327\2022\216\022F1\242\314\240"
 100      3C7C311B 
 100      43C2D782 
 100      328E1246 
ARM GAS  C:\Users\victo\AppData\Local\Temp\ccOgV2D6.s 			page 7


 100      31A2CCA0 
 101 009d 4CA34451 		.ascii	"L\243DQ\006QN\241\314\242\034K\260\372Q\304\004#\370"
 101      06514EA1 
 101      CCA21C4B 
 101      B0FA51C4 
 101      0423F8
 102 00b0 043E8B9F 		.ascii	"\004>\213\237\231\340\033\237\202\025\370\217\\\027"
 102      99E01B9F 
 102      8215F88F 
 102      5C17
 103 00be 4588FC7A 		.ascii	"E\210\374z\367\216\341\272\010\331R.S\017\316^[\"\250"
 103      F78EE1BA 
 103      08D9522E 
 103      530FCE5E 
 103      5B22A8
 104 00d1 1A2491A9 		.ascii	"\032$\221\251\275\313\177ujW\354\243\354\362\320\\\021"
 104      BDCB7F75 
 104      6A57ECA3 
 104      ECF2D05C 
 104      11
 105 00e2 EC463802 		.ascii	"\354F8\002&8\012&$\036\203\025x\1777C!\315\017\236Y"
 105      26380A26 
 105      241E8315 
 105      787F3743 
 105      21CD0F9E 
 106 00f7 204404B6 		.ascii	" D\004\266\366\267^\235\226\362;\320\313KG\302\242\032"
 106      F6B75E9D 
 106      96F23BD0 
 106      CB4B47C2 
 106      A21A
 107 0109 2E7C2E2C 		.ascii	".|.,\233\277\240\276`,\324RG\016P_-}\020\217\003gA\007"
 107      9BBFA0BE 
 107      602CD452 
 107      470E505F 
 107      2D7D108F 
 108 0121 10F806F2 		.ascii	"\020\370\006\362\231)[s\0378\016f\364\333\025\275\031"
 108      99295B73 
 108      1F380E66 
 108      F4DB15BD 
 108      19
 109 0132 D190420E 		.ascii	"\321\220B\016\257\237\274\342\321r\210/tX{\224\216\304"
 109      AF9FBCE2 
 109      D172882F 
 109      74587B94 
 109      8EC4
 110 0144 E3AF72FF 		.ascii	"\343\257r\377\023i\376'\222\376\001\356\177d\267{g\016"
 110      1369FE27 
 110      92FE01EE 
 110      7F64B77B 
 110      670E
 111 0156 B173FF99 		.ascii	"\261s\377\231\211\251\306,\364\237\247\301!\377\307"
 111      89A9C62C 
 111      F49FA7C1 
 111      21FFC7
 112 0165 07685B7A 		.ascii	"\007h[z\016\235i\214\316$#\310\031\237\336>\\\227M<"
 112      0E9D698C 
 112      CE2423C8 
ARM GAS  C:\Users\victo\AppData\Local\Temp\ccOgV2D6.s 			page 8


 112      199FDE3E 
 112      5C974D3C 
 113 0179 C0217FDE 		.ascii	"\300!\177\336\236\376]\303!\276\363\376:sZ\026]i\204"
 113      9EFE5DC3 
 113      21BEF3FE 
 113      3A735A16 
 113      5D6984
 114 018c AE24A19B 		.ascii	"\256$\241\233\023B\341\361n=\371L!D\207\353\353u\244"
 114      1342E1F1 
 114      6E3DF94C 
 114      214487EB 
 114      EB75A4
 115 019f 43516ABF 		.ascii	"CQj\277\036h\310\304\272\033%^\246\306\310\301Q\302"
 115      1E68C8C4 
 115      BA1B255E 
 115      A6C6C8C1 
 115      51C2
 116 01b1 D538FB2C 		.ascii	"\3258\373,\316\315\355]& Y\275\224\272i\254\231\222"
 116      CECDED5D 
 116      262059BD 
 116      94BA69AC 
 116      9992
 117 01c3 9502E49B 		.ascii	"\225\002\344\233\340\005\223\000!\260\242\031\217\010"
 117      E0059300 
 117      21B0A219 
 117      8F08
 118 01d1 DF626B7A 		.ascii	"\337bkz\2615\355X\370\330\365\035\201\215\036Z\010\247"
 118      B135ED58 
 118      F8D8F51D 
 118      818D1E5A 
 118      08A7
 119 01e3 408293A9 		.ascii	"@\202\223\251\234x\204D3\206\003\227[u\344\022\317\200"
 119      9C788444 
 119      33860397 
 119      5B75E412 
 119      CF80
 120 01f5 34DEA91D 		.ascii	"4\336\251\035\313\201UyV\037\306\210\015\371omYt\323"
 120      CB815579 
 120      561FC688 
 120      0DF96F6D 
 120      5974D3
 121 0208 8695DCBD 		.ascii	"\206\225\334\275\017\335\007 /\031\362y\326\374\027"
 121      0FDD0720 
 121      2F19F279 
 121      D6FC17
 122 0217 F126EC61 		.ascii	"\361&\354a\203\021sc\224d>\0027\304Xp\032\023\353\207"
 122      83117363 
 122      94643E02 
 122      37C45870 
 122      1A13EB87 
 123 022b 553C184B 		.ascii	"U<\030Kh~\300\257\245\300>\013\311\372$3\021\353v\372"
 123      687EC0AF 
 123      A5C03E0B 
 123      C9FA2433 
 123      11EB76FA 
 124 023f 1B0D9067 		.ascii	"\033\015\220g}\224\007C\210y\"r\250\\\007\203\370\261"
 124      7D940743 
ARM GAS  C:\Users\victo\AppData\Local\Temp\ccOgV2D6.s 			page 9


 124      88792272 
 124      A85C0783 
 124      F8B1
 125 0251 47DD1FE3 		.ascii	"G\335\037\343'7\330\275\034\014\033\310\317J\211\177"
 125      2737D8BD 
 125      1C0C1BC8 
 125      CF4A897F 
 126 0261 3BD4D925 		.ascii	";\324\331%\255;I\275>\305\007A\254`\274\3347\036Lg\257"
 126      AD3B49BD 
 126      3EC50741 
 126      AC60BCDC 
 126      371E4C67 
 127 0276 6EA33E5F 		.ascii	"n\243>_,\024Z\204\375\330UJY?\271\341\260\002Omp\230"
 127      2C145A84 
 127      FDD8554A 
 127      593FB9E1 
 127      B0024F6D 
 128 028c 35154660 		.ascii	"5\025F`\235\000\243\260\032\335\373\002KSY\374\014\231"
 128      9D00A3B0 
 128      1ADDFB02 
 128      4B5359FC 
 128      0C99
 129 029e 19ADBF39 		.ascii	"\031\255\2779\334\252\345g(\203\025\266\371\336\255"
 129      DCAAE567 
 129      288315B6 
 129      F9DEAD
 130 02ad 0B22984C 		.ascii	"\013\"\230LR+\036\206\273\370\207\371$N`\034$\201\351"
 130      522B1E86 
 130      BBF887F9 
 130      244E601C 
 130      2481E9
 131 02c0 23DE3D5F 		.ascii	"#\336=_\275\356\375\233\375x\342\2733\371k/\253A\223"
 131      BDEEFD9B 
 131      FD78E2BB 
 131      33F96B2F 
 131      AB4193
 132 02d3 87EADF14 		.ascii	"\207\352\337\024\340;l\350\031~\326\330\027\001\306"
 132      E03B6CE8 
 132      197ED6D8 
 132      1701C6
 133 02e2 50FF1E75 		.ascii	"P\377\036u\246b\244\375-\221\3173\311M\276\277\214\266"
 133      A662A4FD 
 133      2D91CF33 
 133      C94DBEBF 
 133      8CB6
 134 02f4 1D2D3FE9 		.ascii	"\035-?\351@o\262\232\352\371\224\270\233r\325*\376\200"
 134      406FB29A 
 134      EAF994B8 
 134      9B72D52A 
 134      FE80
 135 0306 950B831E 		.ascii	"\225\013\203\036\021\023\210\210 \242\225\352\370\233"
 135      11138888 
 135      20A295EA 
 135      F89B
 136 0314 767E480B 		.ascii	"v~H\013\331\032\316&\306U\271X~\212\015\273a8os\357"
 136      D91ACE26 
 136      C655B958 
ARM GAS  C:\Users\victo\AppData\Local\Temp\ccOgV2D6.s 			page 10


 136      7E8A0DBB 
 136      61386F73 
 137 0329 1F1AB2F4 		.ascii	"\037\032\262\364\360\304Z\224\211\375\345\320r\273\236"
 137      F0C45A94 
 137      89FDE5D0 
 137      72BB9E
 138 0338 AB6C2B39 		.ascii	"\253l+9\354\325\325\037gOg\222{\334\\\274\261\327\035"
 138      ECD5D51F 
 138      674F6792 
 138      7BDC5CBC 
 138      B1D71D
 139 034b CF02ABA4 		.ascii	"\317\002\253\244\214\346\2302\232\027q\266\316\253\255"
 139      8CE69832 
 139      9A1771B6 
 139      CEABAD
 140 035a B3244693 		.ascii	"\263$F\223O\371\277*\000\027p\007\226\304\234O\341\313"
 140      4FF9BF2A 
 140      00177007 
 140      96C49C4F 
 140      E1CB
 141 036c 734AEBFA 		.ascii	"sJ\353\372\366]<+I^\366{z:\017q\244\247\351\276!\221"
 141      F65D3C2B 
 141      495EF67B 
 141      7A3A0F71 
 141      A4A7E9BE 
 142 0382 C97C434F 		.ascii	"\311|CO\273Hi\006Lc&\223j&\227@M\345Q\360\345\307\247"
 142      BB486906 
 142      4C632693 
 142      6A269740 
 142      4DE551F0 
 143 0399 726DE1CB 		.ascii	"rm\341\313\373Z\303\256T\362\034\252vp\006\014\374W"
 143      FB5AC3AE 
 143      54F21CAA 
 143      7670060C 
 143      FC57
 144 03ab 804F346E 		.ascii	"\200O4n\211M\316\211\351\306l\322T\343h\3028\312\215"
 144      894DCE89 
 144      E9C66CD2 
 144      54E368C2 
 144      38CA8D
 145 03be AF4C0CCC 		.ascii	"\257L\014\314J\351\306\354?\243\032\317\202!\2318.\205"
 145      4AE9C6EC 
 145      3FA31ACF 
 145      82219938 
 145      2E85
 146 03d0 EC4DC55B 		.ascii	"\354M\305[JmE\233\337*uT\310r\225v\303\333\305f\233"
 146      4A6D459B 
 146      DF2A7554 
 146      C8729576 
 146      C3DBC566 
 147 03e5 F05C41C9 		.ascii	"\360\\A\311\006\271R\256.s\311\357\225:\2345\325\345"
 147      06B952AE 
 147      2E73C9EF 
 147      953A9C35 
 147      D5E5
 148 03f7 7289DDE1 		.ascii	"r\211\335\341\264\275\\\2222\267o*(\027rR\352;e\333"
 148      B4BD5C92 
ARM GAS  C:\Users\victo\AppData\Local\Temp\ccOgV2D6.s 			page 11


 148      32B76F2A 
 148      28177252 
 148      EA3B65DB 
 149 040b E49AAA67 		.ascii	"\344\232\252gT\232\313Y\365\354\377R\012>HC\274QY\266"
 149      549ACB59 
 149      F5ECFF52 
 149      0A3E4843 
 149      BC5159B6 
 150 041f B54236A6 		.ascii	"\265B6\246\364\365\257\3316\026\333K\035E\233\213mE"
 150      F4F5AFD9 
 150      3616DB4B 
 150      1D459B8B 
 150      6D45
 151 0431 9A9A0F2B 		.ascii	"\232\232\017+]\257X\036\317{\251|\273k{\225\374\021"
 151      5DAF581E 
 151      CF7BA97C 
 151      BB6B7B95 
 151      FC11
 152 0443 E2B2644E 		.ascii	"\342\262dNq\270\320HEo-+\337VS\245)]\357tVh\252\345"
 152      71B8D048 
 152      456F2D2B 
 152      DF5653A5 
 152      295DEF74 
 153 045b F7D7AED1 		.ascii	"\367\327\256\3212\336\3325\377\000\300a38"
 153      32DEDA35 
 153      FF00C061 
 153      3338
 154              		.text
 155              		.section	.gnu.lto_.symtab.91bcb766,"",%progbits
 156 0000 4D55585F 		.ascii	"MUX_CTRL_Sleep\000\000\000\000\000\000\000\000\000\000"
 156      4354524C 
 156      5F536C65 
 156      65700000 
 156      00000000 
 157 0018 0000AC00 		.ascii	"\000\000\254\000\000\000MUX_CTRL_backup\000\000\000"
 157      00004D55 
 157      585F4354 
 157      524C5F62 
 157      61636B75 
 158 0030 00000000 		.ascii	"\000\000\000\000\000\000\000\000\000\301\000\000\000"
 158      00000000 
 158      00C10000 
 158      00
 159 003d 4D55585F 		.ascii	"MUX_CTRL_Wakeup\000\000\000\000\000\000\000\000\000"
 159      4354524C 
 159      5F57616B 
 159      65757000 
 159      00000000 
 160 0055 000000AE 		.ascii	"\000\000\000\256\000\000\000MUX_CTRL_Stop\000\000\002"
 160      0000004D 
 160      55585F43 
 160      54524C5F 
 160      53746F70 
 161 006c 00000000 		.ascii	"\000\000\000\000\000\000\000\000\000\260\000\000\000"
 161      00000000 
 161      00B00000 
 161      00
ARM GAS  C:\Users\victo\AppData\Local\Temp\ccOgV2D6.s 			page 12


 162 0079 4D55585F 		.ascii	"MUX_CTRL_Enable\000\000\002\000\000\000\000\000\000"
 162      4354524C 
 162      5F456E61 
 162      626C6500 
 162      00020000 
 163 0091 000000B2 		.ascii	"\000\000\000\262\000\000\000"
 163      000000
 164              		.text
 165              		.section	.gnu.lto_.opts,"",%progbits
 166 0000 272D666E 		.ascii	"'-fno-trapv' '-mcpu=cortex-m0' '-mthumb' '-g' '-Os'"
 166      6F2D7472 
 166      61707627 
 166      20272D6D 
 166      6370753D 
 167 0033 20272D57 		.ascii	" '-Werror' '-ffunction-sections' '-finline-function"
 167      6572726F 
 167      72272027 
 167      2D666675 
 167      6E637469 
 168 0066 73272027 		.ascii	"s' '-flto' '-ffat-lto-objects' '-fno-strict-aliasin"
 168      2D666C74 
 168      6F272027 
 168      2D666661 
 168      742D6C74 
 169 0099 672700   		.ascii	"g'\000"
 170              		.text
 171              		.cfi_sections	.debug_frame
 172              		.section	.text.MUX_CTRL_Sleep,"ax",%progbits
 173              		.align	1
 174              		.global	MUX_CTRL_Sleep
 175              		.code	16
 176              		.thumb_func
 177              		.type	MUX_CTRL_Sleep, %function
 178              	MUX_CTRL_Sleep:
 179              	.LFB0:
 180              		.file 1 ".\\Generated_Source\\PSoC4\\MUX_CTRL_PM.c"
   1:.\Generated_Source\PSoC4/MUX_CTRL_PM.c **** /*******************************************************************************
   2:.\Generated_Source\PSoC4/MUX_CTRL_PM.c **** * File Name: MUX_CTRL_PM.c
   3:.\Generated_Source\PSoC4/MUX_CTRL_PM.c **** * Version 3.10
   4:.\Generated_Source\PSoC4/MUX_CTRL_PM.c **** *
   5:.\Generated_Source\PSoC4/MUX_CTRL_PM.c **** * Description:
   6:.\Generated_Source\PSoC4/MUX_CTRL_PM.c **** *  This file provides the source code to the Power Management support for
   7:.\Generated_Source\PSoC4/MUX_CTRL_PM.c **** *  the SCB Component.
   8:.\Generated_Source\PSoC4/MUX_CTRL_PM.c **** *
   9:.\Generated_Source\PSoC4/MUX_CTRL_PM.c **** * Note:
  10:.\Generated_Source\PSoC4/MUX_CTRL_PM.c **** *
  11:.\Generated_Source\PSoC4/MUX_CTRL_PM.c **** ********************************************************************************
  12:.\Generated_Source\PSoC4/MUX_CTRL_PM.c **** * Copyright 2013-2015, Cypress Semiconductor Corporation.  All rights reserved.
  13:.\Generated_Source\PSoC4/MUX_CTRL_PM.c **** * You may use this file only in accordance with the license, terms, conditions,
  14:.\Generated_Source\PSoC4/MUX_CTRL_PM.c **** * disclaimers, and limitations in the end user license agreement accompanying
  15:.\Generated_Source\PSoC4/MUX_CTRL_PM.c **** * the software package with which this file was provided.
  16:.\Generated_Source\PSoC4/MUX_CTRL_PM.c **** *******************************************************************************/
  17:.\Generated_Source\PSoC4/MUX_CTRL_PM.c **** 
  18:.\Generated_Source\PSoC4/MUX_CTRL_PM.c **** #include "MUX_CTRL.h"
  19:.\Generated_Source\PSoC4/MUX_CTRL_PM.c **** #include "MUX_CTRL_PVT.h"
  20:.\Generated_Source\PSoC4/MUX_CTRL_PM.c **** 
  21:.\Generated_Source\PSoC4/MUX_CTRL_PM.c **** #if(MUX_CTRL_SCB_MODE_I2C_INC)
ARM GAS  C:\Users\victo\AppData\Local\Temp\ccOgV2D6.s 			page 13


  22:.\Generated_Source\PSoC4/MUX_CTRL_PM.c ****     #include "MUX_CTRL_I2C_PVT.h"
  23:.\Generated_Source\PSoC4/MUX_CTRL_PM.c **** #endif /* (MUX_CTRL_SCB_MODE_I2C_INC) */
  24:.\Generated_Source\PSoC4/MUX_CTRL_PM.c **** 
  25:.\Generated_Source\PSoC4/MUX_CTRL_PM.c **** #if(MUX_CTRL_SCB_MODE_EZI2C_INC)
  26:.\Generated_Source\PSoC4/MUX_CTRL_PM.c ****     #include "MUX_CTRL_EZI2C_PVT.h"
  27:.\Generated_Source\PSoC4/MUX_CTRL_PM.c **** #endif /* (MUX_CTRL_SCB_MODE_EZI2C_INC) */
  28:.\Generated_Source\PSoC4/MUX_CTRL_PM.c **** 
  29:.\Generated_Source\PSoC4/MUX_CTRL_PM.c **** #if(MUX_CTRL_SCB_MODE_SPI_INC || MUX_CTRL_SCB_MODE_UART_INC)
  30:.\Generated_Source\PSoC4/MUX_CTRL_PM.c ****     #include "MUX_CTRL_SPI_UART_PVT.h"
  31:.\Generated_Source\PSoC4/MUX_CTRL_PM.c **** #endif /* (MUX_CTRL_SCB_MODE_SPI_INC || MUX_CTRL_SCB_MODE_UART_INC) */
  32:.\Generated_Source\PSoC4/MUX_CTRL_PM.c **** 
  33:.\Generated_Source\PSoC4/MUX_CTRL_PM.c **** 
  34:.\Generated_Source\PSoC4/MUX_CTRL_PM.c **** /***************************************
  35:.\Generated_Source\PSoC4/MUX_CTRL_PM.c **** *   Backup Structure declaration
  36:.\Generated_Source\PSoC4/MUX_CTRL_PM.c **** ***************************************/
  37:.\Generated_Source\PSoC4/MUX_CTRL_PM.c **** 
  38:.\Generated_Source\PSoC4/MUX_CTRL_PM.c **** #if(MUX_CTRL_SCB_MODE_UNCONFIG_CONST_CFG || \
  39:.\Generated_Source\PSoC4/MUX_CTRL_PM.c ****    (MUX_CTRL_SCB_MODE_I2C_CONST_CFG   && (!MUX_CTRL_I2C_WAKE_ENABLE_CONST))   || \
  40:.\Generated_Source\PSoC4/MUX_CTRL_PM.c ****    (MUX_CTRL_SCB_MODE_EZI2C_CONST_CFG && (!MUX_CTRL_EZI2C_WAKE_ENABLE_CONST)) || \
  41:.\Generated_Source\PSoC4/MUX_CTRL_PM.c ****    (MUX_CTRL_SCB_MODE_SPI_CONST_CFG   && (!MUX_CTRL_SPI_WAKE_ENABLE_CONST))   || \
  42:.\Generated_Source\PSoC4/MUX_CTRL_PM.c ****    (MUX_CTRL_SCB_MODE_UART_CONST_CFG  && (!MUX_CTRL_UART_WAKE_ENABLE_CONST)))
  43:.\Generated_Source\PSoC4/MUX_CTRL_PM.c **** 
  44:.\Generated_Source\PSoC4/MUX_CTRL_PM.c ****     MUX_CTRL_BACKUP_STRUCT MUX_CTRL_backup =
  45:.\Generated_Source\PSoC4/MUX_CTRL_PM.c ****     {
  46:.\Generated_Source\PSoC4/MUX_CTRL_PM.c ****         0u, /* enableState */
  47:.\Generated_Source\PSoC4/MUX_CTRL_PM.c ****     };
  48:.\Generated_Source\PSoC4/MUX_CTRL_PM.c **** #endif
  49:.\Generated_Source\PSoC4/MUX_CTRL_PM.c **** 
  50:.\Generated_Source\PSoC4/MUX_CTRL_PM.c **** 
  51:.\Generated_Source\PSoC4/MUX_CTRL_PM.c **** /*******************************************************************************
  52:.\Generated_Source\PSoC4/MUX_CTRL_PM.c **** * Function Name: MUX_CTRL_Sleep
  53:.\Generated_Source\PSoC4/MUX_CTRL_PM.c **** ********************************************************************************
  54:.\Generated_Source\PSoC4/MUX_CTRL_PM.c **** *
  55:.\Generated_Source\PSoC4/MUX_CTRL_PM.c **** * Summary:
  56:.\Generated_Source\PSoC4/MUX_CTRL_PM.c **** *  Prepares the component to enter Deep Sleep.
  57:.\Generated_Source\PSoC4/MUX_CTRL_PM.c **** *  The "Enable wakeup from Sleep Mode" selection has an influence on
  58:.\Generated_Source\PSoC4/MUX_CTRL_PM.c **** *  this function implementation.
  59:.\Generated_Source\PSoC4/MUX_CTRL_PM.c **** *
  60:.\Generated_Source\PSoC4/MUX_CTRL_PM.c **** * Parameters:
  61:.\Generated_Source\PSoC4/MUX_CTRL_PM.c **** *  None
  62:.\Generated_Source\PSoC4/MUX_CTRL_PM.c **** *
  63:.\Generated_Source\PSoC4/MUX_CTRL_PM.c **** * Return:
  64:.\Generated_Source\PSoC4/MUX_CTRL_PM.c **** *  None
  65:.\Generated_Source\PSoC4/MUX_CTRL_PM.c **** *
  66:.\Generated_Source\PSoC4/MUX_CTRL_PM.c **** *******************************************************************************/
  67:.\Generated_Source\PSoC4/MUX_CTRL_PM.c **** void MUX_CTRL_Sleep(void)
  68:.\Generated_Source\PSoC4/MUX_CTRL_PM.c **** {
 181              		.loc 1 68 0
 182              		.cfi_startproc
 183 0000 08B5     		push	{r3, lr}
 184              		.cfi_def_cfa_offset 8
 185              		.cfi_offset 3, -8
 186              		.cfi_offset 14, -4
  69:.\Generated_Source\PSoC4/MUX_CTRL_PM.c **** #if(MUX_CTRL_SCB_MODE_UNCONFIG_CONST_CFG)
  70:.\Generated_Source\PSoC4/MUX_CTRL_PM.c **** 
  71:.\Generated_Source\PSoC4/MUX_CTRL_PM.c ****     if(MUX_CTRL_SCB_WAKE_ENABLE_CHECK)
  72:.\Generated_Source\PSoC4/MUX_CTRL_PM.c ****     {
ARM GAS  C:\Users\victo\AppData\Local\Temp\ccOgV2D6.s 			page 14


  73:.\Generated_Source\PSoC4/MUX_CTRL_PM.c ****         if(MUX_CTRL_SCB_MODE_I2C_RUNTM_CFG)
  74:.\Generated_Source\PSoC4/MUX_CTRL_PM.c ****         {
  75:.\Generated_Source\PSoC4/MUX_CTRL_PM.c ****             MUX_CTRL_I2CSaveConfig();
  76:.\Generated_Source\PSoC4/MUX_CTRL_PM.c ****         }
  77:.\Generated_Source\PSoC4/MUX_CTRL_PM.c ****         else if(MUX_CTRL_SCB_MODE_EZI2C_RUNTM_CFG)
  78:.\Generated_Source\PSoC4/MUX_CTRL_PM.c ****         {
  79:.\Generated_Source\PSoC4/MUX_CTRL_PM.c ****             MUX_CTRL_EzI2CSaveConfig();
  80:.\Generated_Source\PSoC4/MUX_CTRL_PM.c ****         }
  81:.\Generated_Source\PSoC4/MUX_CTRL_PM.c ****     #if(!MUX_CTRL_CY_SCBIP_V1)
  82:.\Generated_Source\PSoC4/MUX_CTRL_PM.c ****         else if(MUX_CTRL_SCB_MODE_SPI_RUNTM_CFG)
  83:.\Generated_Source\PSoC4/MUX_CTRL_PM.c ****         {
  84:.\Generated_Source\PSoC4/MUX_CTRL_PM.c ****             MUX_CTRL_SpiSaveConfig();
  85:.\Generated_Source\PSoC4/MUX_CTRL_PM.c ****         }
  86:.\Generated_Source\PSoC4/MUX_CTRL_PM.c ****         else if(MUX_CTRL_SCB_MODE_UART_RUNTM_CFG)
  87:.\Generated_Source\PSoC4/MUX_CTRL_PM.c ****         {
  88:.\Generated_Source\PSoC4/MUX_CTRL_PM.c ****             MUX_CTRL_UartSaveConfig();
  89:.\Generated_Source\PSoC4/MUX_CTRL_PM.c ****         }
  90:.\Generated_Source\PSoC4/MUX_CTRL_PM.c ****     #endif /* (!MUX_CTRL_CY_SCBIP_V1) */
  91:.\Generated_Source\PSoC4/MUX_CTRL_PM.c ****         else
  92:.\Generated_Source\PSoC4/MUX_CTRL_PM.c ****         {
  93:.\Generated_Source\PSoC4/MUX_CTRL_PM.c ****             /* Unknown mode */
  94:.\Generated_Source\PSoC4/MUX_CTRL_PM.c ****         }
  95:.\Generated_Source\PSoC4/MUX_CTRL_PM.c ****     }
  96:.\Generated_Source\PSoC4/MUX_CTRL_PM.c ****     else
  97:.\Generated_Source\PSoC4/MUX_CTRL_PM.c ****     {
  98:.\Generated_Source\PSoC4/MUX_CTRL_PM.c ****         MUX_CTRL_backup.enableState = (uint8) MUX_CTRL_GET_CTRL_ENABLED;
  99:.\Generated_Source\PSoC4/MUX_CTRL_PM.c **** 
 100:.\Generated_Source\PSoC4/MUX_CTRL_PM.c ****         if(0u != MUX_CTRL_backup.enableState)
 101:.\Generated_Source\PSoC4/MUX_CTRL_PM.c ****         {
 102:.\Generated_Source\PSoC4/MUX_CTRL_PM.c ****             MUX_CTRL_Stop();
 103:.\Generated_Source\PSoC4/MUX_CTRL_PM.c ****         }
 104:.\Generated_Source\PSoC4/MUX_CTRL_PM.c ****     }
 105:.\Generated_Source\PSoC4/MUX_CTRL_PM.c **** 
 106:.\Generated_Source\PSoC4/MUX_CTRL_PM.c **** #else
 107:.\Generated_Source\PSoC4/MUX_CTRL_PM.c **** 
 108:.\Generated_Source\PSoC4/MUX_CTRL_PM.c ****     #if (MUX_CTRL_SCB_MODE_I2C_CONST_CFG && MUX_CTRL_I2C_WAKE_ENABLE_CONST)
 109:.\Generated_Source\PSoC4/MUX_CTRL_PM.c ****         MUX_CTRL_I2CSaveConfig();
 110:.\Generated_Source\PSoC4/MUX_CTRL_PM.c **** 
 111:.\Generated_Source\PSoC4/MUX_CTRL_PM.c ****     #elif (MUX_CTRL_SCB_MODE_EZI2C_CONST_CFG && MUX_CTRL_EZI2C_WAKE_ENABLE_CONST)
 112:.\Generated_Source\PSoC4/MUX_CTRL_PM.c ****         MUX_CTRL_EzI2CSaveConfig();
 113:.\Generated_Source\PSoC4/MUX_CTRL_PM.c **** 
 114:.\Generated_Source\PSoC4/MUX_CTRL_PM.c ****     #elif (MUX_CTRL_SCB_MODE_SPI_CONST_CFG && MUX_CTRL_SPI_WAKE_ENABLE_CONST)
 115:.\Generated_Source\PSoC4/MUX_CTRL_PM.c ****         MUX_CTRL_SpiSaveConfig();
 116:.\Generated_Source\PSoC4/MUX_CTRL_PM.c **** 
 117:.\Generated_Source\PSoC4/MUX_CTRL_PM.c ****     #elif (MUX_CTRL_SCB_MODE_UART_CONST_CFG && MUX_CTRL_UART_WAKE_ENABLE_CONST)
 118:.\Generated_Source\PSoC4/MUX_CTRL_PM.c ****         MUX_CTRL_UartSaveConfig();
 119:.\Generated_Source\PSoC4/MUX_CTRL_PM.c **** 
 120:.\Generated_Source\PSoC4/MUX_CTRL_PM.c ****     #else
 121:.\Generated_Source\PSoC4/MUX_CTRL_PM.c **** 
 122:.\Generated_Source\PSoC4/MUX_CTRL_PM.c ****         MUX_CTRL_backup.enableState = (uint8) MUX_CTRL_GET_CTRL_ENABLED;
 187              		.loc 1 122 0
 188 0002 044B     		ldr	r3, .L7
 189 0004 044A     		ldr	r2, .L7+4
 190 0006 1B68     		ldr	r3, [r3]
 191 0008 DB0F     		lsr	r3, r3, #31
 192 000a 1370     		strb	r3, [r2]
 123:.\Generated_Source\PSoC4/MUX_CTRL_PM.c **** 
ARM GAS  C:\Users\victo\AppData\Local\Temp\ccOgV2D6.s 			page 15


 124:.\Generated_Source\PSoC4/MUX_CTRL_PM.c ****         if(0u != MUX_CTRL_backup.enableState)
 193              		.loc 1 124 0
 194 000c 01D0     		beq	.L1
 125:.\Generated_Source\PSoC4/MUX_CTRL_PM.c ****         {
 126:.\Generated_Source\PSoC4/MUX_CTRL_PM.c ****             MUX_CTRL_Stop();
 195              		.loc 1 126 0
 196 000e FFF7FEFF 		bl	MUX_CTRL_Stop
 197              	.LVL0:
 198              	.L1:
 127:.\Generated_Source\PSoC4/MUX_CTRL_PM.c ****         }
 128:.\Generated_Source\PSoC4/MUX_CTRL_PM.c **** 
 129:.\Generated_Source\PSoC4/MUX_CTRL_PM.c ****     #endif /* defined (MUX_CTRL_SCB_MODE_I2C_CONST_CFG) && (MUX_CTRL_I2C_WAKE_ENABLE_CONST) */
 130:.\Generated_Source\PSoC4/MUX_CTRL_PM.c **** 
 131:.\Generated_Source\PSoC4/MUX_CTRL_PM.c **** #endif /* (MUX_CTRL_SCB_MODE_UNCONFIG_CONST_CFG) */
 132:.\Generated_Source\PSoC4/MUX_CTRL_PM.c **** }
 199              		.loc 1 132 0
 200              		@ sp needed
 201 0012 08BD     		pop	{r3, pc}
 202              	.L8:
 203              		.align	2
 204              	.L7:
 205 0014 00000840 		.word	1074266112
 206 0018 00000000 		.word	.LANCHOR0
 207              		.cfi_endproc
 208              	.LFE0:
 209              		.size	MUX_CTRL_Sleep, .-MUX_CTRL_Sleep
 210              		.section	.text.MUX_CTRL_Wakeup,"ax",%progbits
 211              		.align	1
 212              		.global	MUX_CTRL_Wakeup
 213              		.code	16
 214              		.thumb_func
 215              		.type	MUX_CTRL_Wakeup, %function
 216              	MUX_CTRL_Wakeup:
 217              	.LFB1:
 133:.\Generated_Source\PSoC4/MUX_CTRL_PM.c **** 
 134:.\Generated_Source\PSoC4/MUX_CTRL_PM.c **** 
 135:.\Generated_Source\PSoC4/MUX_CTRL_PM.c **** /*******************************************************************************
 136:.\Generated_Source\PSoC4/MUX_CTRL_PM.c **** * Function Name: MUX_CTRL_Wakeup
 137:.\Generated_Source\PSoC4/MUX_CTRL_PM.c **** ********************************************************************************
 138:.\Generated_Source\PSoC4/MUX_CTRL_PM.c **** *
 139:.\Generated_Source\PSoC4/MUX_CTRL_PM.c **** * Summary:
 140:.\Generated_Source\PSoC4/MUX_CTRL_PM.c **** *  Prepares the component for the Active mode operation after exiting
 141:.\Generated_Source\PSoC4/MUX_CTRL_PM.c **** *  Deep Sleep. The "Enable wakeup from Sleep Mode" option has an influence
 142:.\Generated_Source\PSoC4/MUX_CTRL_PM.c **** *  on this function implementation.
 143:.\Generated_Source\PSoC4/MUX_CTRL_PM.c **** *  This function should not be called after exiting Sleep.
 144:.\Generated_Source\PSoC4/MUX_CTRL_PM.c **** *
 145:.\Generated_Source\PSoC4/MUX_CTRL_PM.c **** * Parameters:
 146:.\Generated_Source\PSoC4/MUX_CTRL_PM.c **** *  None
 147:.\Generated_Source\PSoC4/MUX_CTRL_PM.c **** *
 148:.\Generated_Source\PSoC4/MUX_CTRL_PM.c **** * Return:
 149:.\Generated_Source\PSoC4/MUX_CTRL_PM.c **** *  None
 150:.\Generated_Source\PSoC4/MUX_CTRL_PM.c **** *
 151:.\Generated_Source\PSoC4/MUX_CTRL_PM.c **** *******************************************************************************/
 152:.\Generated_Source\PSoC4/MUX_CTRL_PM.c **** void MUX_CTRL_Wakeup(void)
 153:.\Generated_Source\PSoC4/MUX_CTRL_PM.c **** {
 218              		.loc 1 153 0
 219              		.cfi_startproc
ARM GAS  C:\Users\victo\AppData\Local\Temp\ccOgV2D6.s 			page 16


 220 0000 08B5     		push	{r3, lr}
 221              		.cfi_def_cfa_offset 8
 222              		.cfi_offset 3, -8
 223              		.cfi_offset 14, -4
 154:.\Generated_Source\PSoC4/MUX_CTRL_PM.c **** #if(MUX_CTRL_SCB_MODE_UNCONFIG_CONST_CFG)
 155:.\Generated_Source\PSoC4/MUX_CTRL_PM.c **** 
 156:.\Generated_Source\PSoC4/MUX_CTRL_PM.c ****     if(MUX_CTRL_SCB_WAKE_ENABLE_CHECK)
 157:.\Generated_Source\PSoC4/MUX_CTRL_PM.c ****     {
 158:.\Generated_Source\PSoC4/MUX_CTRL_PM.c ****         if(MUX_CTRL_SCB_MODE_I2C_RUNTM_CFG)
 159:.\Generated_Source\PSoC4/MUX_CTRL_PM.c ****         {
 160:.\Generated_Source\PSoC4/MUX_CTRL_PM.c ****             MUX_CTRL_I2CRestoreConfig();
 161:.\Generated_Source\PSoC4/MUX_CTRL_PM.c ****         }
 162:.\Generated_Source\PSoC4/MUX_CTRL_PM.c ****         else if(MUX_CTRL_SCB_MODE_EZI2C_RUNTM_CFG)
 163:.\Generated_Source\PSoC4/MUX_CTRL_PM.c ****         {
 164:.\Generated_Source\PSoC4/MUX_CTRL_PM.c ****             MUX_CTRL_EzI2CRestoreConfig();
 165:.\Generated_Source\PSoC4/MUX_CTRL_PM.c ****         }
 166:.\Generated_Source\PSoC4/MUX_CTRL_PM.c ****     #if(!MUX_CTRL_CY_SCBIP_V1)
 167:.\Generated_Source\PSoC4/MUX_CTRL_PM.c ****         else if(MUX_CTRL_SCB_MODE_SPI_RUNTM_CFG)
 168:.\Generated_Source\PSoC4/MUX_CTRL_PM.c ****         {
 169:.\Generated_Source\PSoC4/MUX_CTRL_PM.c ****             MUX_CTRL_SpiRestoreConfig();
 170:.\Generated_Source\PSoC4/MUX_CTRL_PM.c ****         }
 171:.\Generated_Source\PSoC4/MUX_CTRL_PM.c ****         else if(MUX_CTRL_SCB_MODE_UART_RUNTM_CFG)
 172:.\Generated_Source\PSoC4/MUX_CTRL_PM.c ****         {
 173:.\Generated_Source\PSoC4/MUX_CTRL_PM.c ****             MUX_CTRL_UartRestoreConfig();
 174:.\Generated_Source\PSoC4/MUX_CTRL_PM.c ****         }
 175:.\Generated_Source\PSoC4/MUX_CTRL_PM.c ****     #endif /* (!MUX_CTRL_CY_SCBIP_V1) */
 176:.\Generated_Source\PSoC4/MUX_CTRL_PM.c ****         else
 177:.\Generated_Source\PSoC4/MUX_CTRL_PM.c ****         {
 178:.\Generated_Source\PSoC4/MUX_CTRL_PM.c ****             /* Unknown mode */
 179:.\Generated_Source\PSoC4/MUX_CTRL_PM.c ****         }
 180:.\Generated_Source\PSoC4/MUX_CTRL_PM.c ****     }
 181:.\Generated_Source\PSoC4/MUX_CTRL_PM.c ****     else
 182:.\Generated_Source\PSoC4/MUX_CTRL_PM.c ****     {
 183:.\Generated_Source\PSoC4/MUX_CTRL_PM.c ****         if(0u != MUX_CTRL_backup.enableState)
 184:.\Generated_Source\PSoC4/MUX_CTRL_PM.c ****         {
 185:.\Generated_Source\PSoC4/MUX_CTRL_PM.c ****             MUX_CTRL_Enable();
 186:.\Generated_Source\PSoC4/MUX_CTRL_PM.c ****         }
 187:.\Generated_Source\PSoC4/MUX_CTRL_PM.c ****     }
 188:.\Generated_Source\PSoC4/MUX_CTRL_PM.c **** 
 189:.\Generated_Source\PSoC4/MUX_CTRL_PM.c **** #else
 190:.\Generated_Source\PSoC4/MUX_CTRL_PM.c **** 
 191:.\Generated_Source\PSoC4/MUX_CTRL_PM.c ****     #if (MUX_CTRL_SCB_MODE_I2C_CONST_CFG  && MUX_CTRL_I2C_WAKE_ENABLE_CONST)
 192:.\Generated_Source\PSoC4/MUX_CTRL_PM.c ****         MUX_CTRL_I2CRestoreConfig();
 193:.\Generated_Source\PSoC4/MUX_CTRL_PM.c **** 
 194:.\Generated_Source\PSoC4/MUX_CTRL_PM.c ****     #elif (MUX_CTRL_SCB_MODE_EZI2C_CONST_CFG && MUX_CTRL_EZI2C_WAKE_ENABLE_CONST)
 195:.\Generated_Source\PSoC4/MUX_CTRL_PM.c ****         MUX_CTRL_EzI2CRestoreConfig();
 196:.\Generated_Source\PSoC4/MUX_CTRL_PM.c **** 
 197:.\Generated_Source\PSoC4/MUX_CTRL_PM.c ****     #elif (MUX_CTRL_SCB_MODE_SPI_CONST_CFG && MUX_CTRL_SPI_WAKE_ENABLE_CONST)
 198:.\Generated_Source\PSoC4/MUX_CTRL_PM.c ****         MUX_CTRL_SpiRestoreConfig();
 199:.\Generated_Source\PSoC4/MUX_CTRL_PM.c **** 
 200:.\Generated_Source\PSoC4/MUX_CTRL_PM.c ****     #elif (MUX_CTRL_SCB_MODE_UART_CONST_CFG && MUX_CTRL_UART_WAKE_ENABLE_CONST)
 201:.\Generated_Source\PSoC4/MUX_CTRL_PM.c ****         MUX_CTRL_UartRestoreConfig();
 202:.\Generated_Source\PSoC4/MUX_CTRL_PM.c **** 
 203:.\Generated_Source\PSoC4/MUX_CTRL_PM.c ****     #else
 204:.\Generated_Source\PSoC4/MUX_CTRL_PM.c **** 
 205:.\Generated_Source\PSoC4/MUX_CTRL_PM.c ****         if(0u != MUX_CTRL_backup.enableState)
 224              		.loc 1 205 0
ARM GAS  C:\Users\victo\AppData\Local\Temp\ccOgV2D6.s 			page 17


 225 0002 034B     		ldr	r3, .L14
 226 0004 1B78     		ldrb	r3, [r3]
 227 0006 002B     		cmp	r3, #0
 228 0008 01D0     		beq	.L9
 206:.\Generated_Source\PSoC4/MUX_CTRL_PM.c ****         {
 207:.\Generated_Source\PSoC4/MUX_CTRL_PM.c ****             MUX_CTRL_Enable();
 229              		.loc 1 207 0
 230 000a FFF7FEFF 		bl	MUX_CTRL_Enable
 231              	.LVL1:
 232              	.L9:
 208:.\Generated_Source\PSoC4/MUX_CTRL_PM.c ****         }
 209:.\Generated_Source\PSoC4/MUX_CTRL_PM.c **** 
 210:.\Generated_Source\PSoC4/MUX_CTRL_PM.c ****     #endif /* (MUX_CTRL_I2C_WAKE_ENABLE_CONST) */
 211:.\Generated_Source\PSoC4/MUX_CTRL_PM.c **** 
 212:.\Generated_Source\PSoC4/MUX_CTRL_PM.c **** #endif /* (MUX_CTRL_SCB_MODE_UNCONFIG_CONST_CFG) */
 213:.\Generated_Source\PSoC4/MUX_CTRL_PM.c **** }
 233              		.loc 1 213 0
 234              		@ sp needed
 235 000e 08BD     		pop	{r3, pc}
 236              	.L15:
 237              		.align	2
 238              	.L14:
 239 0010 00000000 		.word	.LANCHOR0
 240              		.cfi_endproc
 241              	.LFE1:
 242              		.size	MUX_CTRL_Wakeup, .-MUX_CTRL_Wakeup
 243              		.global	MUX_CTRL_backup
 244              		.bss
 245              		.set	.LANCHOR0,. + 0
 246              		.type	MUX_CTRL_backup, %object
 247              		.size	MUX_CTRL_backup, 1
 248              	MUX_CTRL_backup:
 249 0000 00       		.space	1
 250              		.text
 251              	.Letext0:
 252              		.file 2 "Generated_Source\\PSoC4/cytypes.h"
 253              		.file 3 ".\\Generated_Source\\PSoC4\\MUX_CTRL.h"
 254              		.section	.debug_info,"",%progbits
 255              	.Ldebug_info0:
 256 0000 2A010000 		.4byte	0x12a
 257 0004 0400     		.2byte	0x4
 258 0006 00000000 		.4byte	.Ldebug_abbrev0
 259 000a 04       		.byte	0x4
 260 000b 01       		.uleb128 0x1
 261 000c 42000000 		.4byte	.LASF21
 262 0010 01       		.byte	0x1
 263 0011 A9010000 		.4byte	.LASF22
 264 0015 44010000 		.4byte	.LASF23
 265 0019 00000000 		.4byte	.Ldebug_ranges0+0
 266 001d 00000000 		.4byte	0
 267 0021 00000000 		.4byte	.Ldebug_line0
 268 0025 02       		.uleb128 0x2
 269 0026 01       		.byte	0x1
 270 0027 06       		.byte	0x6
 271 0028 36020000 		.4byte	.LASF0
 272 002c 02       		.uleb128 0x2
 273 002d 01       		.byte	0x1
ARM GAS  C:\Users\victo\AppData\Local\Temp\ccOgV2D6.s 			page 18


 274 002e 08       		.byte	0x8
 275 002f DE010000 		.4byte	.LASF1
 276 0033 02       		.uleb128 0x2
 277 0034 02       		.byte	0x2
 278 0035 05       		.byte	0x5
 279 0036 57020000 		.4byte	.LASF2
 280 003a 02       		.uleb128 0x2
 281 003b 02       		.byte	0x2
 282 003c 07       		.byte	0x7
 283 003d 23020000 		.4byte	.LASF3
 284 0041 02       		.uleb128 0x2
 285 0042 04       		.byte	0x4
 286 0043 05       		.byte	0x5
 287 0044 F1010000 		.4byte	.LASF4
 288 0048 02       		.uleb128 0x2
 289 0049 04       		.byte	0x4
 290 004a 07       		.byte	0x7
 291 004b 04010000 		.4byte	.LASF5
 292 004f 02       		.uleb128 0x2
 293 0050 08       		.byte	0x8
 294 0051 05       		.byte	0x5
 295 0052 00000000 		.4byte	.LASF6
 296 0056 02       		.uleb128 0x2
 297 0057 08       		.byte	0x8
 298 0058 07       		.byte	0x7
 299 0059 2D010000 		.4byte	.LASF7
 300 005d 03       		.uleb128 0x3
 301 005e 04       		.byte	0x4
 302 005f 05       		.byte	0x5
 303 0060 696E7400 		.ascii	"int\000"
 304 0064 02       		.uleb128 0x2
 305 0065 04       		.byte	0x4
 306 0066 07       		.byte	0x7
 307 0067 25000000 		.4byte	.LASF8
 308 006b 04       		.uleb128 0x4
 309 006c FE000000 		.4byte	.LASF9
 310 0070 02       		.byte	0x2
 311 0071 9801     		.2byte	0x198
 312 0073 2C000000 		.4byte	0x2c
 313 0077 04       		.uleb128 0x4
 314 0078 0E000000 		.4byte	.LASF10
 315 007c 02       		.byte	0x2
 316 007d 9A01     		.2byte	0x19a
 317 007f 48000000 		.4byte	0x48
 318 0083 02       		.uleb128 0x2
 319 0084 04       		.byte	0x4
 320 0085 04       		.byte	0x4
 321 0086 51020000 		.4byte	.LASF11
 322 008a 02       		.uleb128 0x2
 323 008b 08       		.byte	0x8
 324 008c 04       		.byte	0x4
 325 008d 0C020000 		.4byte	.LASF12
 326 0091 02       		.uleb128 0x2
 327 0092 01       		.byte	0x1
 328 0093 08       		.byte	0x8
 329 0094 EC010000 		.4byte	.LASF13
 330 0098 04       		.uleb128 0x4
ARM GAS  C:\Users\victo\AppData\Local\Temp\ccOgV2D6.s 			page 19


 331 0099 FA010000 		.4byte	.LASF14
 332 009d 02       		.byte	0x2
 333 009e 4402     		.2byte	0x244
 334 00a0 A4000000 		.4byte	0xa4
 335 00a4 05       		.uleb128 0x5
 336 00a5 77000000 		.4byte	0x77
 337 00a9 02       		.uleb128 0x2
 338 00aa 04       		.byte	0x4
 339 00ab 07       		.byte	0x7
 340 00ac 61020000 		.4byte	.LASF15
 341 00b0 06       		.uleb128 0x6
 342 00b1 01       		.byte	0x1
 343 00b2 03       		.byte	0x3
 344 00b3 5B       		.byte	0x5b
 345 00b4 C5000000 		.4byte	0xc5
 346 00b8 07       		.uleb128 0x7
 347 00b9 00020000 		.4byte	.LASF24
 348 00bd 03       		.byte	0x3
 349 00be 5D       		.byte	0x5d
 350 00bf 6B000000 		.4byte	0x6b
 351 00c3 00       		.byte	0
 352 00c4 00       		.byte	0
 353 00c5 08       		.uleb128 0x8
 354 00c6 16010000 		.4byte	.LASF16
 355 00ca 03       		.byte	0x3
 356 00cb 5E       		.byte	0x5e
 357 00cc B0000000 		.4byte	0xb0
 358 00d0 09       		.uleb128 0x9
 359 00d1 42020000 		.4byte	.LASF17
 360 00d5 01       		.byte	0x1
 361 00d6 43       		.byte	0x43
 362 00d7 00000000 		.4byte	.LFB0
 363 00db 1C000000 		.4byte	.LFE0-.LFB0
 364 00df 01       		.uleb128 0x1
 365 00e0 9C       		.byte	0x9c
 366 00e1 EF000000 		.4byte	0xef
 367 00e5 0A       		.uleb128 0xa
 368 00e6 12000000 		.4byte	.LVL0
 369 00ea 1F010000 		.4byte	0x11f
 370 00ee 00       		.byte	0
 371 00ef 09       		.uleb128 0x9
 372 00f0 15000000 		.4byte	.LASF18
 373 00f4 01       		.byte	0x1
 374 00f5 98       		.byte	0x98
 375 00f6 00000000 		.4byte	.LFB1
 376 00fa 14000000 		.4byte	.LFE1-.LFB1
 377 00fe 01       		.uleb128 0x1
 378 00ff 9C       		.byte	0x9c
 379 0100 0E010000 		.4byte	0x10e
 380 0104 0A       		.uleb128 0xa
 381 0105 0E000000 		.4byte	.LVL1
 382 0109 26010000 		.4byte	0x126
 383 010d 00       		.byte	0
 384 010e 0B       		.uleb128 0xb
 385 010f 13020000 		.4byte	.LASF25
 386 0113 01       		.byte	0x1
 387 0114 2C       		.byte	0x2c
ARM GAS  C:\Users\victo\AppData\Local\Temp\ccOgV2D6.s 			page 20


 388 0115 C5000000 		.4byte	0xc5
 389 0119 05       		.uleb128 0x5
 390 011a 03       		.byte	0x3
 391 011b 00000000 		.4byte	MUX_CTRL_backup
 392 011f 0C       		.uleb128 0xc
 393 0120 D0010000 		.4byte	.LASF19
 394 0124 03       		.byte	0x3
 395 0125 69       		.byte	0x69
 396 0126 0C       		.uleb128 0xc
 397 0127 32000000 		.4byte	.LASF20
 398 012b 03       		.byte	0x3
 399 012c 67       		.byte	0x67
 400 012d 00       		.byte	0
 401              		.section	.debug_abbrev,"",%progbits
 402              	.Ldebug_abbrev0:
 403 0000 01       		.uleb128 0x1
 404 0001 11       		.uleb128 0x11
 405 0002 01       		.byte	0x1
 406 0003 25       		.uleb128 0x25
 407 0004 0E       		.uleb128 0xe
 408 0005 13       		.uleb128 0x13
 409 0006 0B       		.uleb128 0xb
 410 0007 03       		.uleb128 0x3
 411 0008 0E       		.uleb128 0xe
 412 0009 1B       		.uleb128 0x1b
 413 000a 0E       		.uleb128 0xe
 414 000b 55       		.uleb128 0x55
 415 000c 17       		.uleb128 0x17
 416 000d 11       		.uleb128 0x11
 417 000e 01       		.uleb128 0x1
 418 000f 10       		.uleb128 0x10
 419 0010 17       		.uleb128 0x17
 420 0011 00       		.byte	0
 421 0012 00       		.byte	0
 422 0013 02       		.uleb128 0x2
 423 0014 24       		.uleb128 0x24
 424 0015 00       		.byte	0
 425 0016 0B       		.uleb128 0xb
 426 0017 0B       		.uleb128 0xb
 427 0018 3E       		.uleb128 0x3e
 428 0019 0B       		.uleb128 0xb
 429 001a 03       		.uleb128 0x3
 430 001b 0E       		.uleb128 0xe
 431 001c 00       		.byte	0
 432 001d 00       		.byte	0
 433 001e 03       		.uleb128 0x3
 434 001f 24       		.uleb128 0x24
 435 0020 00       		.byte	0
 436 0021 0B       		.uleb128 0xb
 437 0022 0B       		.uleb128 0xb
 438 0023 3E       		.uleb128 0x3e
 439 0024 0B       		.uleb128 0xb
 440 0025 03       		.uleb128 0x3
 441 0026 08       		.uleb128 0x8
 442 0027 00       		.byte	0
 443 0028 00       		.byte	0
 444 0029 04       		.uleb128 0x4
ARM GAS  C:\Users\victo\AppData\Local\Temp\ccOgV2D6.s 			page 21


 445 002a 16       		.uleb128 0x16
 446 002b 00       		.byte	0
 447 002c 03       		.uleb128 0x3
 448 002d 0E       		.uleb128 0xe
 449 002e 3A       		.uleb128 0x3a
 450 002f 0B       		.uleb128 0xb
 451 0030 3B       		.uleb128 0x3b
 452 0031 05       		.uleb128 0x5
 453 0032 49       		.uleb128 0x49
 454 0033 13       		.uleb128 0x13
 455 0034 00       		.byte	0
 456 0035 00       		.byte	0
 457 0036 05       		.uleb128 0x5
 458 0037 35       		.uleb128 0x35
 459 0038 00       		.byte	0
 460 0039 49       		.uleb128 0x49
 461 003a 13       		.uleb128 0x13
 462 003b 00       		.byte	0
 463 003c 00       		.byte	0
 464 003d 06       		.uleb128 0x6
 465 003e 13       		.uleb128 0x13
 466 003f 01       		.byte	0x1
 467 0040 0B       		.uleb128 0xb
 468 0041 0B       		.uleb128 0xb
 469 0042 3A       		.uleb128 0x3a
 470 0043 0B       		.uleb128 0xb
 471 0044 3B       		.uleb128 0x3b
 472 0045 0B       		.uleb128 0xb
 473 0046 01       		.uleb128 0x1
 474 0047 13       		.uleb128 0x13
 475 0048 00       		.byte	0
 476 0049 00       		.byte	0
 477 004a 07       		.uleb128 0x7
 478 004b 0D       		.uleb128 0xd
 479 004c 00       		.byte	0
 480 004d 03       		.uleb128 0x3
 481 004e 0E       		.uleb128 0xe
 482 004f 3A       		.uleb128 0x3a
 483 0050 0B       		.uleb128 0xb
 484 0051 3B       		.uleb128 0x3b
 485 0052 0B       		.uleb128 0xb
 486 0053 49       		.uleb128 0x49
 487 0054 13       		.uleb128 0x13
 488 0055 38       		.uleb128 0x38
 489 0056 0B       		.uleb128 0xb
 490 0057 00       		.byte	0
 491 0058 00       		.byte	0
 492 0059 08       		.uleb128 0x8
 493 005a 16       		.uleb128 0x16
 494 005b 00       		.byte	0
 495 005c 03       		.uleb128 0x3
 496 005d 0E       		.uleb128 0xe
 497 005e 3A       		.uleb128 0x3a
 498 005f 0B       		.uleb128 0xb
 499 0060 3B       		.uleb128 0x3b
 500 0061 0B       		.uleb128 0xb
 501 0062 49       		.uleb128 0x49
ARM GAS  C:\Users\victo\AppData\Local\Temp\ccOgV2D6.s 			page 22


 502 0063 13       		.uleb128 0x13
 503 0064 00       		.byte	0
 504 0065 00       		.byte	0
 505 0066 09       		.uleb128 0x9
 506 0067 2E       		.uleb128 0x2e
 507 0068 01       		.byte	0x1
 508 0069 3F       		.uleb128 0x3f
 509 006a 19       		.uleb128 0x19
 510 006b 03       		.uleb128 0x3
 511 006c 0E       		.uleb128 0xe
 512 006d 3A       		.uleb128 0x3a
 513 006e 0B       		.uleb128 0xb
 514 006f 3B       		.uleb128 0x3b
 515 0070 0B       		.uleb128 0xb
 516 0071 27       		.uleb128 0x27
 517 0072 19       		.uleb128 0x19
 518 0073 11       		.uleb128 0x11
 519 0074 01       		.uleb128 0x1
 520 0075 12       		.uleb128 0x12
 521 0076 06       		.uleb128 0x6
 522 0077 40       		.uleb128 0x40
 523 0078 18       		.uleb128 0x18
 524 0079 9742     		.uleb128 0x2117
 525 007b 19       		.uleb128 0x19
 526 007c 01       		.uleb128 0x1
 527 007d 13       		.uleb128 0x13
 528 007e 00       		.byte	0
 529 007f 00       		.byte	0
 530 0080 0A       		.uleb128 0xa
 531 0081 898201   		.uleb128 0x4109
 532 0084 00       		.byte	0
 533 0085 11       		.uleb128 0x11
 534 0086 01       		.uleb128 0x1
 535 0087 31       		.uleb128 0x31
 536 0088 13       		.uleb128 0x13
 537 0089 00       		.byte	0
 538 008a 00       		.byte	0
 539 008b 0B       		.uleb128 0xb
 540 008c 34       		.uleb128 0x34
 541 008d 00       		.byte	0
 542 008e 03       		.uleb128 0x3
 543 008f 0E       		.uleb128 0xe
 544 0090 3A       		.uleb128 0x3a
 545 0091 0B       		.uleb128 0xb
 546 0092 3B       		.uleb128 0x3b
 547 0093 0B       		.uleb128 0xb
 548 0094 49       		.uleb128 0x49
 549 0095 13       		.uleb128 0x13
 550 0096 3F       		.uleb128 0x3f
 551 0097 19       		.uleb128 0x19
 552 0098 02       		.uleb128 0x2
 553 0099 18       		.uleb128 0x18
 554 009a 00       		.byte	0
 555 009b 00       		.byte	0
 556 009c 0C       		.uleb128 0xc
 557 009d 2E       		.uleb128 0x2e
 558 009e 00       		.byte	0
ARM GAS  C:\Users\victo\AppData\Local\Temp\ccOgV2D6.s 			page 23


 559 009f 3F       		.uleb128 0x3f
 560 00a0 19       		.uleb128 0x19
 561 00a1 03       		.uleb128 0x3
 562 00a2 0E       		.uleb128 0xe
 563 00a3 3A       		.uleb128 0x3a
 564 00a4 0B       		.uleb128 0xb
 565 00a5 3B       		.uleb128 0x3b
 566 00a6 0B       		.uleb128 0xb
 567 00a7 27       		.uleb128 0x27
 568 00a8 19       		.uleb128 0x19
 569 00a9 3C       		.uleb128 0x3c
 570 00aa 19       		.uleb128 0x19
 571 00ab 00       		.byte	0
 572 00ac 00       		.byte	0
 573 00ad 00       		.byte	0
 574              		.section	.debug_aranges,"",%progbits
 575 0000 24000000 		.4byte	0x24
 576 0004 0200     		.2byte	0x2
 577 0006 00000000 		.4byte	.Ldebug_info0
 578 000a 04       		.byte	0x4
 579 000b 00       		.byte	0
 580 000c 0000     		.2byte	0
 581 000e 0000     		.2byte	0
 582 0010 00000000 		.4byte	.LFB0
 583 0014 1C000000 		.4byte	.LFE0-.LFB0
 584 0018 00000000 		.4byte	.LFB1
 585 001c 14000000 		.4byte	.LFE1-.LFB1
 586 0020 00000000 		.4byte	0
 587 0024 00000000 		.4byte	0
 588              		.section	.debug_ranges,"",%progbits
 589              	.Ldebug_ranges0:
 590 0000 00000000 		.4byte	.LFB0
 591 0004 1C000000 		.4byte	.LFE0
 592 0008 00000000 		.4byte	.LFB1
 593 000c 14000000 		.4byte	.LFE1
 594 0010 00000000 		.4byte	0
 595 0014 00000000 		.4byte	0
 596              		.section	.debug_line,"",%progbits
 597              	.Ldebug_line0:
 598 0000 A0000000 		.section	.debug_str,"MS",%progbits,1
 598      02006F00 
 598      00000201 
 598      FB0E0D00 
 598      01010101 
 599              	.LASF6:
 600 0000 6C6F6E67 		.ascii	"long long int\000"
 600      206C6F6E 
 600      6720696E 
 600      7400
 601              	.LASF10:
 602 000e 75696E74 		.ascii	"uint32\000"
 602      333200
 603              	.LASF18:
 604 0015 4D55585F 		.ascii	"MUX_CTRL_Wakeup\000"
 604      4354524C 
 604      5F57616B 
 604      65757000 
ARM GAS  C:\Users\victo\AppData\Local\Temp\ccOgV2D6.s 			page 24


 605              	.LASF8:
 606 0025 756E7369 		.ascii	"unsigned int\000"
 606      676E6564 
 606      20696E74 
 606      00
 607              	.LASF20:
 608 0032 4D55585F 		.ascii	"MUX_CTRL_Enable\000"
 608      4354524C 
 608      5F456E61 
 608      626C6500 
 609              	.LASF21:
 610 0042 474E5520 		.ascii	"GNU C 4.9.3 20150303 (release) [ARM/embedded-4_9-br"
 610      4320342E 
 610      392E3320 
 610      32303135 
 610      30333033 
 611 0075 616E6368 		.ascii	"anch revision 221220] -mcpu=cortex-m0 -mthumb -g -O"
 611      20726576 
 611      6973696F 
 611      6E203232 
 611      31323230 
 612 00a8 73202D66 		.ascii	"s -ffunction-sections -finline-functions -flto -ffa"
 612      66756E63 
 612      74696F6E 
 612      2D736563 
 612      74696F6E 
 613 00db 742D6C74 		.ascii	"t-lto-objects -fno-strict-aliasing\000"
 613      6F2D6F62 
 613      6A656374 
 613      73202D66 
 613      6E6F2D73 
 614              	.LASF9:
 615 00fe 75696E74 		.ascii	"uint8\000"
 615      3800
 616              	.LASF5:
 617 0104 6C6F6E67 		.ascii	"long unsigned int\000"
 617      20756E73 
 617      69676E65 
 617      6420696E 
 617      7400
 618              	.LASF16:
 619 0116 4D55585F 		.ascii	"MUX_CTRL_BACKUP_STRUCT\000"
 619      4354524C 
 619      5F424143 
 619      4B55505F 
 619      53545255 
 620              	.LASF7:
 621 012d 6C6F6E67 		.ascii	"long long unsigned int\000"
 621      206C6F6E 
 621      6720756E 
 621      7369676E 
 621      65642069 
 622              	.LASF23:
 623 0144 433A5C55 		.ascii	"C:\\Users\\victo\\OneDrive\\Documents\\PSoC Creator"
 623      73657273 
 623      5C766963 
 623      746F5C4F 
ARM GAS  C:\Users\victo\AppData\Local\Temp\ccOgV2D6.s 			page 25


 623      6E654472 
 624 0172 5C435950 		.ascii	"\\CYPD4225-40LQXI_0805\\CYPD4225-40LQXI_notebook01."
 624      44343232 
 624      352D3430 
 624      4C515849 
 624      5F303830 
 625 01a3 63796473 		.ascii	"cydsn\000"
 625      6E00
 626              	.LASF22:
 627 01a9 2E5C4765 		.ascii	".\\Generated_Source\\PSoC4\\MUX_CTRL_PM.c\000"
 627      6E657261 
 627      7465645F 
 627      536F7572 
 627      63655C50 
 628              	.LASF19:
 629 01d0 4D55585F 		.ascii	"MUX_CTRL_Stop\000"
 629      4354524C 
 629      5F53746F 
 629      7000
 630              	.LASF1:
 631 01de 756E7369 		.ascii	"unsigned char\000"
 631      676E6564 
 631      20636861 
 631      7200
 632              	.LASF13:
 633 01ec 63686172 		.ascii	"char\000"
 633      00
 634              	.LASF4:
 635 01f1 6C6F6E67 		.ascii	"long int\000"
 635      20696E74 
 635      00
 636              	.LASF14:
 637 01fa 72656733 		.ascii	"reg32\000"
 637      3200
 638              	.LASF24:
 639 0200 656E6162 		.ascii	"enableState\000"
 639      6C655374 
 639      61746500 
 640              	.LASF12:
 641 020c 646F7562 		.ascii	"double\000"
 641      6C6500
 642              	.LASF25:
 643 0213 4D55585F 		.ascii	"MUX_CTRL_backup\000"
 643      4354524C 
 643      5F626163 
 643      6B757000 
 644              	.LASF3:
 645 0223 73686F72 		.ascii	"short unsigned int\000"
 645      7420756E 
 645      7369676E 
 645      65642069 
 645      6E7400
 646              	.LASF0:
 647 0236 7369676E 		.ascii	"signed char\000"
 647      65642063 
 647      68617200 
 648              	.LASF17:
ARM GAS  C:\Users\victo\AppData\Local\Temp\ccOgV2D6.s 			page 26


 649 0242 4D55585F 		.ascii	"MUX_CTRL_Sleep\000"
 649      4354524C 
 649      5F536C65 
 649      657000
 650              	.LASF11:
 651 0251 666C6F61 		.ascii	"float\000"
 651      7400
 652              	.LASF2:
 653 0257 73686F72 		.ascii	"short int\000"
 653      7420696E 
 653      7400
 654              	.LASF15:
 655 0261 73697A65 		.ascii	"sizetype\000"
 655      74797065 
 655      00
 656              		.comm	__gnu_lto_v1,1,1
 657              		.ident	"GCC: (GNU Tools for ARM Embedded Processors) 4.9.3 20150303 (release) [ARM/embedded-4_9-br
