ARM GAS  C:\Users\victo\AppData\Local\Temp\ccrQDdDX.s 			page 1


   1              		.cpu cortex-m0
   2              		.fpu softvfp
   3              		.eabi_attribute 20, 1
   4              		.eabi_attribute 21, 1
   5              		.eabi_attribute 23, 3
   6              		.eabi_attribute 24, 1
   7              		.eabi_attribute 25, 1
   8              		.eabi_attribute 26, 1
   9              		.eabi_attribute 30, 4
  10              		.eabi_attribute 34, 0
  11              		.eabi_attribute 18, 4
  12              		.code	16
  13              		.file	"MUX_CTRL_SCBCLK.c"
  14              		.text
  15              	.Ltext0:
  16              		.section	.gnu.lto_.profile.91bca17f,"",%progbits
  17 0000 789C6366 		.ascii	"x\234cf```a\200\000F\0069I\000\000\311\000@"
  17      60606061 
  17      80004606 
  17      39490000 
  17      C90040
  18              		.text
  19              		.section	.gnu.lto_.jmpfuncs.91bca17f,"",%progbits
  20 0000 789C6366 		.ascii	"x\234cf\300\016\304\2414+\003##c=#\003\003\023\023#"
  20      C00EC4A1 
  20      342B0323 
  20      23633D23 
  20      03031313 
  21 0015 23737D3D 		.ascii	"#s}=3\003\003\013P\030\000\026R\001\261"
  21      3303030B 
  21      50180016 
  21      5201B1
  22              		.text
  23              		.section	.gnu.lto_.inline.91bca17f,"",%progbits
  24 0000 789C6D8B 		.ascii	"x\234m\213\273\025\2000\014\003eG\201\020\012FH\303"
  24      BB158030 
  24      0C036547 
  24      81100A46 
  24      48C3
  25 0012 631C3662 		.ascii	"c\0346b\007J\312\314\301\024\214\204\375\3705\250\261"
  25      074ACACC 
  25      C1148C84 
  25      FDF835A8 
  25      B1
  26 0023 ADF305FC 		.ascii	"\255\363\005\374g\271g\004\272I\004\002\204\264oDS\213"
  26      67B96704 
  26      BA490402 
  26      84B46F44 
  26      538B
  27 0035 82B5D0A9 		.ascii	"\202\265\320\251\240\035\005\372\001\213\242\317\242"
  27      A01D05FA 
  27      018BA2CF 
  27      A2
  28 0042 2E9806E6 		.ascii	".\230\006\346u\276\220\036\003]L\376\024\020i\242\235"
  28      75BE901E 
  28      035D4CFE 
  28      141069A2 
ARM GAS  C:\Users\victo\AppData\Local\Temp\ccrQDdDX.s 			page 2


  28      9D
  29 0053 AF4704B5 		.ascii	"\257G\004\265\312\266\247\301\011M\203\013\347"
  29      CAB6A7C1 
  29      094D830B 
  29      E7
  30              		.text
  31              		.section	.gnu.lto_.pureconst.91bca17f,"",%progbits
  32 0000 789C6366 		.ascii	"x\234cf``\340f\200\000V\006)F)&)f)\026\006\000\003\374"
  32      6060E066 
  32      80005606 
  32      29462926 
  32      29662916 
  33 0018 0086     		.ascii	"\000\206"
  34              		.text
  35              		.section	.gnu.lto_MUX_CTRL_SCBCLK_StartEx.91bca17f,"",%progbits
  36 0000 789C6551 		.ascii	"x\234eQMHTQ\024>\337\275\357\276y4\006\321*\\\265\021"
  36      4D485451 
  36      143EDFBD 
  36      EFBE7934 
  36      06D12A5C 
  37 0016 17C1ACDA 		.ascii	"\027\301\254\332\264\010\252'\264HA\032\203\026\003"
  37      B408AA27 
  37      B448411A 
  37      831603
  38 0025 83D81096 		.ascii	"\203\330\020\226(H\265h\323}\316c\002i!\206a\204+\213"
  38      2848B568 
  38      D37DCE63 
  38      02692186 
  38      61842B8B 
  39 0039 7E669A49 		.ascii	"~f\232I]\025\004OAJp&Z\2440\014\266\031#7\322\224$\003"
  39      5D15044F 
  39      414A7026 
  39      5AA4300C 
  39      B6192337 
  40 0051 869D3BD7 		.ascii	"\206\235;\327\205\321\203{\317=\207\357\373\316w\316"
  40      85D1837B 
  40      CF3D87EF 
  40      FBCE77CE 
  41 0061 93F4FFD7 		.ascii	"\223\364\377\327\305G\011\2423\034\341\022\304D\205"
  41      C54709A2 
  41      331CE112 
  41      C44485
  42 0070 28F004A4 		.ascii	"(\360\004\244}H\241\036| \322G\2340F\272M\331\372y\007"
  42      7D48A11E 
  42      7C20D247 
  42      9C3046BA 
  42      4DD9FA79 
  43 0085 309140F7 		.ascii	"0\221@\367\204T\016\370\266z[\242!0\021\345\247\343"
  43      84540EF8 
  43      B67A5BA2 
  43      213011E5 
  43      A7E3
  44 0097 9DCFB4D6 		.ascii	"\235\317\264\326?~\256\004\275\021\232\334\341\227\260"
  44      3F7EAE04 
  44      BD119ADC 
  44      E197B0
  45 00a6 083C4727 		.ascii	"\010<G'c\226\367\266\243\2432\001\342\367\333\342N9"
ARM GAS  C:\Users\victo\AppData\Local\Temp\ccrQDdDX.s 			page 3


  45      6396F7B6 
  45      A3A33201 
  45      E2F7DBE2 
  45      4E39
  46 00b8 FE5D3405 		.ascii	"\376]4\005N\232\364\335\344\307i\327\244\3021\351J\256"
  46      4E9AF4DD 
  46      E4C769D7 
  46      A4C231E9 
  46      4AAE
  47 00ca F8D8ED98 		.ascii	"\370\330\355\230\325z,*\317\353sNSH\274\200d=\274D;"
  47      D57A2C2A 
  47      CFEB734E 
  47      5348BC80 
  47      643DBC44 
  48 00df 5EA19DB8 		.ascii	"^\241\235\270D\310\243\303\300\033\341\237\365\270\033"
  48      44C8A3C3 
  48      C01BE19F 
  48      F5B81B
  49 00ee 72F363B6 		.ascii	"r\363c\266'\012p\301\261t<\322\373\373\013\205\3055"
  49      270A70C1 
  49      B1743CD2 
  49      FBFB0B85 
  49      C535
  50 0100 7882298E 		.ascii	"x\202)\216\344\213\275\033\2422\271k.\242:\223x\330"
  50      E48BBD1B 
  50      A232B96B 
  50      2EA23A93 
  50      78D8
  51 0112 BA101CE4 		.ascii	"\272\020\034\344&K\363\250\262\212\245\337\343k\313"
  51      264BF3A8 
  51      B28AA5DF 
  51      E36BCB
  52 0121 D2A8ED0A 		.ascii	"\322\250\355\0123\345T-_i36]\255C\335\262\372\265\376"
  52      33E5542D 
  52      5F693336 
  52      5DAD43DD 
  52      B2FAB5FE 
  53 0135 E9B3D72A 		.ascii	"\351\263\327*\221I\027\337\217\337\235\301\223 \344"
  53      914917DF 
  53      8FDF9DC1 
  53      9320E4
  54 0144 05C4F09A 		.ascii	"\005\304\360\232\315\026\331,\241\204\031P\025c\033"
  54      CD16D92C 
  54      A1841950 
  54      15631B
  55 0153 F7F74E58 		.ascii	"\367\367NX=\311\222\364\005\341j\366\306A\341\260\232"
  55      3DC992F4 
  55      05E16AF6 
  55      C641E1B0 
  55      9A
  56 0164 62CE1BC3 		.ascii	"b\316\033\303$\343N\021\377\021l\262U\266WE\266\226"
  56      24E34E11 
  56      FF116CB2 
  56      55B65745 
  56      B696
  57 0176 AB7C5396 		.ascii	"\253|S\226\245v\205\303\304\247S\217\012\312\020=\217"
  57      A57685C3 
ARM GAS  C:\Users\victo\AppData\Local\Temp\ccrQDdDX.s 			page 4


  57      C4A7538F 
  57      0ACA103D 
  57      8F
  58 0187 30C74446 		.ascii	"0\307DF\355\344j1\01328\006\225\347\036\256\302\200"
  58      EDE46A31 
  58      0B323806 
  58      95E71EAE 
  58      C280
  59 0199 9C2CEF8A 		.ascii	"\234,\357\212\201\363-\340\322d\243t\326\000\017\373"
  59      81F32DE0 
  59      D264A374 
  59      D6000FFB 
  60 01a9 0F22F5EF 		.ascii	"\017\"\365\357\004\013<\001+\321\006\202h\275\325\334"
  60      040B3C01 
  60      2BD10682 
  60      68BDD5DC 
  61 01b9 7A037BE2 		.ascii	"z\003{\342\365\235J\244.f\2063\243\375\2672\327\322"
  61      F59D4AA4 
  61      2E668633 
  61      A3FDB732 
  61      D7D2
  62 01cb C991DBA3 		.ascii	"\311\221\333\243\003\231Tor\304?\235\352\271r5\355\367"
  62      0399546F 
  62      72C43F9D 
  62      EAB97235 
  62      EDF7
  63 01dd 5DEE4E27 		.ascii	"]\356N'\375\013~\367\245\304\000\305\373\207\006\257"
  63      FD0B7EF7 
  63      A5C400C5 
  63      FB8706AF 
  64 01ed 0FFB4337 		.ascii	"\017\373C7\273\006\357\374\005b@\312\333"
  64      BB06EFFC 
  64      056240CA 
  64      DB
  65              		.text
  66              		.section	.gnu.lto_MUX_CTRL_SCBCLK_Stop.91bca17f,"",%progbits
  67 0000 789C6590 		.ascii	"x\234e\220\275KBQ\030\306\337\367\334{UR(\232\304\177"
  67      BD4B4251 
  67      18C6DFF7 
  67      DC7B5552 
  67      289AC47F 
  68 0014 C021726A 		.ascii	"\300!rj\210\266\272\201C\006\221\005\015\202\204\335"
  68      88B6BA81 
  68      43069105 
  68      0D8284DD 
  69 0024 A521416A 		.ascii	"\245!Aji\351\334\274\021H\203\005\201PBK\364a\037CC"
  69      69E9DCBC 
  69      11488305 
  69      8150424B 
  69      F4611F43 
  70 0039 53706B69 		.ascii	"Spki\011\313!\004\011[\256a\320\240\005\305\205\302"
  70      09CB2104 
  70      095BAE61 
  70      D0A005C5 
  70      85C2
  71 004b DED36D30 		.ascii	"\336\323m0:p\276\336\363\274\317\363\343H\360\177\014"
  71      3A70BEDE 
ARM GAS  C:\Users\victo\AppData\Local\Temp\ccrQDdDX.s 			page 5


  71      F3BCCFF3 
  71      E348F07F 
  71      0C
  72 005c D34C2040 		.ascii	"\323L @/\355\350\002d\331\"\200\356a(9\007\211)k\327"
  72      2FEDE802 
  72      64D92280 
  72      EE612839 
  72      0789296B 
  73 0071 00BC4336 		.ascii	"\000\274C6\334\300}\212S\037\224\021\305\016\010KLR"
  73      DCC07D8A 
  73      531F9411 
  73      C50E084B 
  73      4C52
  74 0083 64A4D5F1 		.ascii	"d\244\325\361{fM\206Y\263\220\363\006w9\347\215\327"
  74      7B664D86 
  74      59B390F3 
  74      067739E7 
  74      8DD7
  75 0095 73FF8ADF 		.ascii	"s\377\212\337f\000o\314\021\340\036\006\2014M\343\253"
  75      66006FCC 
  75      11E01E06 
  75      81344DE3 
  75      AB
  76 00a6 EC7519A4 		.ascii	"\354u\031\244\351r\336p\037]\004\002\247\335&o\265\316"
  76      E972DE70 
  76      1F5D0402 
  76      A7DD266F 
  76      B5CE
  77 00b8 ACF5FA00 		.ascii	"\254\365\372\000*\014lB\241\205\024\026M\202\260\350"
  77      2A0C6C42 
  77      A1851416 
  77      4D82B0E8 
  78 00c8 6CB8A51A 		.ascii	"l\270\245\032%\022\202T\301\253\367\314\323v\277h\377"
  78      25128254 
  78      C1ABF7CC 
  78      D376BF68 
  78      FF
  79 00d9 60227DF3 		.ascii	"`\"}\363\241P\364\325\231\315$\316\015.\213\260G\353"
  79      A150F4D5 
  79      99CD24CE 
  79      0D2E8BB0 
  79      47EB
  80 00eb B6E4F929 		.ascii	"\266\344\371)\201\270^^d\026\363\270\245\033h3\031\017"
  80      81B85E5E 
  80      6416F3B8 
  80      A51B6833 
  80      190F
  81 00fd 30808718 		.ascii	"0\200\207\030 \202\002\346\021*\270\\]\375\364;~\022"
  81      208202E6 
  81      112AB85C 
  81      5DFDF43B 
  81      7E12
  82 010f 59C23D1A 		.ascii	"Y\302=\0327\351\331\337B\273\033\001\341\221\350\004"
  82      37E9D9DF 
  82      42BB1B01 
  82      E191E804 
  83 011f 41A700FD 		.ascii	"A\247\000\375\024\326\230,\360\010\253\321x)\271EW{"
ARM GAS  C:\Users\victo\AppData\Local\Temp\ccrQDdDX.s 			page 6


  83      14D6982C 
  83      F008ABD1 
  83      7829B945 
  83      577B
  84 0131 A26E2A7F 		.ascii	"\242n*\1773\217)\223\004w;\271\215N\341\211i\372\022"
  84      338F2993 
  84      04773BB9 
  84      8D4EE189 
  84      69FA12
  85 0144 19F0845E 		.ascii	"\031\360\204^\253\250\233\345\260\260p\022\220\234)"
  85      ABA89BE5 
  85      B0B07012 
  85      909C29
  86 0153 B327140B 		.ascii	"\263'\024\013ksZjz^\233\211G\223\013\251\204\026\033"
  86      6B735A6A 
  86      7A5E9B89 
  86      47930BA9 
  86      84161B
  87 0166 8B26D5BE 		.ascii	"\213&\325\276\330\350\344T\\\235\030\217\304\243\352"
  87      D8E8E454 
  87      5C9D188F 
  87      C4A3EA
  88 0175 901A1909 		.ascii	"\220\032\031\011%\340\033\362\220\220b"
  88      25E01BF2 
  88      909062
  89              		.text
  90              		.section	.gnu.lto_MUX_CTRL_SCBCLK_SetFractionalDividerRegister.91bca17f,"",%progbits
  91 0000 789C7552 		.ascii	"x\234uR]HSa\030\376\336\357lgg?\205te\273)\220!Q\330"
  91      5D485361 
  91      18FEDEEF 
  91      6C67673F 
  91      857465BB 
  92 0019 4D177513 		.ascii	"M\027u\023\321\"\241\214\"S\272\030\310\230#DSX\326"
  92      D122A18C 
  92      2253BA18 
  92      C8982344 
  92      5358D6
  93 002c AD67360D 		.ascii	"\255g6\015d\204\014,\263\244\302$\377R\323,\265\233"
  93      64840C2C 
  93      B3A4C224 
  93      FF52D32C 
  93      B59B
  94 003e 65171AA6 		.ascii	"e\027\032\246a?J\026\323t\213\242\240\206\303\271H\326"
  94      613F4A16 
  94      D3748BA2 
  94      A086C3B9 
  94      48D6
  95 0050 FB7E9F56 		.ascii	"\373~\237V\022\0358\337\317s\336\347y\337\367y\217\302"
  95      121D38DF 
  95      CF73DEE7 
  95      79DFF779 
  95      8FC2
  96 0062 FE7DECF8 		.ascii	"\376}\354\370\026+\214\025\340\016\012\003^?\311\230"
  96      162B8C15 
  96      E00E0A03 
  96      5E3FC998 
  97 0072 5FE30074 		.ascii	"_\343\000t`\300\2528T\301g\036\347P\037\356l\264f\267"
ARM GAS  C:\Users\victo\AppData\Local\Temp\ccrQDdDX.s 			page 7


  97      60C0AA38 
  97      54C1671E 
  97      E7501FEE 
  97      6CB466B7 
  98 0086 EABAFE7D 		.ascii	"\352\272\376}a*\263&3\305\031[\342R\006\356B6\206\254"
  98      612AB326 
  98      33C5195B 
  98      E25206EE 
  98      423686AC 
  99 009a 7C9CBD6A 		.ascii	"|\234\275jVr\200\341y|ae\311\366\211\2478d\320\265i"
  99      567280E1 
  99      797C6165 
  99      C9F689A7 
  99      3864D0B5 
 100 00af 269650E8 		.ascii	"&\226P\350\3129]\033\332^}\340\216\026]\257\016\377"
 100      CA395D1B 
 100      DA5E7DE0 
 100      8E165DAF 
 100      0EFF
 101 00c1 E8D50F20 		.ascii	"\350\325\017 \256@\033(\250\007\355`\207\016\2603\204"
 101      AE401B28 
 101      A807ED60 
 101      870EB033 
 101      84
 102 00d2 18748283 		.ascii	"\030t\202\203\264\202]fe\237\220\375\371\266\376\246"
 102      B4825D66 
 102      659F90FD 
 102      F9B6FEA6 
 103 00e2 26893716 		.ascii	"&\2117\026\215X\204\001\272$o\227\035v\020\313\300\340"
 103      8D588401 
 103      BA246F97 
 103      1D7610CB 
 103      C0E0
 104 00f4 1E382876 		.ascii	"\0368(vf:TgPr\005o\250;1a\025\345l\247\353ph\254Q\025"
 104      663A5467 
 104      5072056F 
 104      A83B3161 
 104      15E56CA7 
 105 010e E518E8DA 		.ascii	"\345\030\350\332>7\361\315\220u\033U\347\033kFm\372"
 105      3E37F1CD 
 105      90751B55 
 105      E71B6B46 
 105      6DFA
 106 0120 981E984F 		.ascii	"\230\036\230O\247\267\245\270\021\272\245z\017V\325"
 106      A7B7A5B8 
 106      11BAA57A 
 106      0F56D5
 107 012f 0BF635DB 		.ascii	"\013\3665\333\220\022\354\213\015Z\224\343B<\334\033"
 107      9012EC8B 
 107      0D5A94E3 
 107      423CDC1B 
 108 013f 5CE4827E 		.ascii	"\\\344\202~\353Z\253\372\027\271\357?\344x`u\306\252"
 108      EB5AABFA 
 108      17B9EF3F 
 108      E4786075 
 108      C6AA
 109 0151 06D0CB0C 		.ascii	"\006\320\313\014\270\017Y\320\017Y\322Kx\000*0\306\327"
ARM GAS  C:\Users\victo\AppData\Local\Temp\ccrQDdDX.s 			page 8


 109      B80F59D0 
 109      0F59D24B 
 109      78002A30 
 109      C6D7
 110 0163 D19E2D61 		.ascii	"\321\236-a=\235^\032\015\215\355\346\2339v\247\242)"
 110      3D9D5E1A 
 110      0D8DEDE6 
 110      9B3976A7 
 110      A229
 111 0175 F8CD0064 		.ascii	"\370\315\000d\215\221\000\225\026\023-\032P\347f:Zh"
 111      8D910095 
 111      16132D1A 
 111      50E7663A 
 111      5A68
 112 0187 B1D26263 		.ascii	"\261\322bcB\235EQ\236f\032\303\001\340\256\314\302\310"
 112      429D4551 
 112      9E661AC3 
 112      01E0AECC 
 112      C2C8
 113 0199 72DD72FB 		.ascii	"r\335r\373~\312\230\3444\340\330\233g-\032yb\012\006"
 113      7ECA98E4 
 113      34E0D89B 
 113      672D1A79 
 113      620A06
 114 01ac 02BAF065 		.ascii	"\002\272\360e.\372bJB\242\354\350\300\273\247\226f\270"
 114      2EFA624A 
 114      42A2ECE8 
 114      C0BBA796 
 114      66B8
 115 01be EE0F408A 		.ascii	"\356\017@\212k0\200m=\244\266\340\0214\003\233\205\213"
 115      6B30806D 
 115      3DA4B6E0 
 115      1134039B 
 115      858B
 116 01d0 2BB55F41 		.ascii	"+\265_A\012*R3\3312\377\005H\000+\204A\214\235\006."
 116      0A2A5233 
 116      D932FF05 
 116      48002B84 
 116      418C9D06 
 117 01e5 7AC41E30 		.ascii	"z\304\0360\0109\325\221K\323\035\205\222dL\3428P\346"
 117      0839D591 
 117      4BD31D85 
 117      92644CE2 
 117      3850E6
 118 01f8 7DEDF3AD 		.ascii	"}\355\363\255\022!\020e\3564\\\3512\222\214Yc0\2042"
 118      12211065 
 118      EE345CE9 
 118      32928C59 
 118      63308432 
 119 020c 1894A89D 		.ascii	"\030\224\250\235\354p\311(\223\310\247J\265\310\272"
 119      EC70C928 
 119      93C8A74A 
 119      B5C8BA
 120 021b 9A39C935 		.ascii	"\2329\3115\251\366z\255(\013\202\340\260\313J\243k)"
 120      A9F67AAD 
 120      280B82E0 
 120      B0CB4AA3 
ARM GAS  C:\Users\victo\AppData\Local\Temp\ccrQDdDX.s 			page 9


 120      6B29
 121 022d AC88638A 		.ascii	"\254\210c\212\313\343MO\304\017\252\246\201\301\360"
 121      CBE34D4F 
 121      C40FAAA6 
 121      81C1F0
 122 023c 9F1C7B65 		.ascii	"\237\034{e\230M\244\261\376n\240\237\032\260a\320H("
 122      984DA4B1 
 122      FE6EA09F 
 122      1AB061D0 
 122      4828
 123 024e 1E796922 		.ascii	"\036yi\"l\203C\376\260q\243G\217\321#bD\300\037^=B\361"
 123      6C8343FE 
 123      B071A347 
 123      8FD12362 
 123      44C01F5E 
 124 0265 F4334439 		.ascii	"\3643D9\3208p8;s\\\271\336r\257\317]\351-.\312\2578"
 124      D0387038 
 124      3B735CB9 
 124      DE72AFCF 
 124      5DE92D2E 
 125 027c EFF3785D 		.ascii	"\357\363x]'\362+\234{\\\307\012N\0279O\235\314+\312"
 125      27F22B9C 
 125      7B5CC70A 
 125      4E17394F 
 125      9DCC2BCA 
 126 0290 771E74E6 		.ascii	"w\036t\346\035\315\3610\213\247\254\364P\311\205\222"
 126      1DCDF130 
 126      8BA7ACF4 
 126      50C98592 
 127 02a0 62AF6F13 		.ascii	"b\257o\023\036\017\373\334\236\312\222\212rw\231\351"
 127      1E0FFBDC 
 127      9ECA928A 
 127      727799E9 
 128 02b0 ACFB5C69 		.ascii	"\254\373\\i\241\273L\365y\317\340\366\013\232\267G\334"
 128      A1BB4CF5 
 128      79CFE0F6 
 128      0B9AB747 
 128      DC
 129              		.text
 130              		.section	.gnu.lto_MUX_CTRL_SCBCLK_GetDividerRegister.91bca17f,"",%progbits
 131 0000 789C658E 		.ascii	"x\234e\216\275K\003A\020\305\347\355]B\210\026\3012"
 131      BD4B0341 
 131      10C5E7ED 
 131      5D428816 
 131      C132
 132 0012 FF400A31 		.ascii	"\377@\0121\205\010\026v^aa\0041\012\026\007Q\342\265"
 132      85081676 
 132      5E616104 
 132      310A1607 
 132      51E2B5
 133 0025 0682D6B9 		.ascii	"\006\202\326\271\304CE,DTD\011\010*~\305\263\262\262"
 133      C443452C 
 133      44544409 
 133      082A7EC5 
 133      B3B2B2
 134 0038 11AD4488 		.ascii	"\021\255D\210X\230@\304\023B\002\332\031.\250)$\356"
 134      589840C4 
ARM GAS  C:\Users\victo\AppData\Local\Temp\ccrQDdDX.s 			page 10


 134      134202DA 
 134      192EA829 
 134      24EE
 135 004a 70762ECC 		.ascii	"pv.\314\316\276\335\267o~\012\375_aY\375 \352\221\035"
 135      CEBEDDB7 
 135      6F7E0AFD 
 135      5F6159FD 
 135      20EA911D 
 136 005e 0A41AC15 		.ascii	"\012A\254\025\211\262\001\001\360\201@\031\201\014\336"
 136      89B20101 
 136      F0814019 
 136      810CDE
 137 006d 4543E0BE 		.ascii	"EC\340\276\372\355v\276\211\226\240\020I\271S\2567\025"
 137      FAED76BE 
 137      8996A010 
 137      49B953AE 
 137      3715
 138 007f 96102CAF 		.ascii	"\226\020,\257\334b\325\03794\315\334G\356ej{c\017-!"
 138      DC62D51F 
 138      3934CDDC 
 138      47EE656A 
 138      7B630F2D 
 139 0094 C8158423 		.ascii	"\310\025\204#\204q\014\036\204\023D\330\333\260~\312"
 139      84710C1E 
 139      841344D8 
 139      DBB07ECA 
 140 00a4 1D7ECB34 		.ascii	"\035~\3134\315\020;\344\303)\374\022\202.\272\256\315"
 140      CD103BE4 
 140      C329FC12 
 140      822EBAAE 
 140      CD
 141 00b5 76DB6DAE 		.ascii	"v\333m\256/\017\010\237\240\226P\024\336T\342,\252\311"
 141      2F0F089F 
 141      A0965014 
 141      DE54E22C 
 141      AAC9
 142 00c7 62AABA14 		.ascii	"b\252\272\024\262+\025\334|\256\224l\235\177\177\011"
 142      B22B15DC 
 142      7CAE946C 
 142      9D7F7F09 
 143 00d7 46AC3FDD 		.ascii	"F\254?\335\355\007\230I]\265,S\345Y\257\265\207G\357"
 143      ED079849 
 143      5DB52C53 
 143      E559AFB5 
 143      8747EF
 144 00ea 8A58D62E 		.ascii	"\212X\326.\237o\203y\354f-\311\347\303\231d+0\033\316"
 144      9F6F8379 
 144      EC662DC9 
 144      E7C39964 
 144      2B301BCE 
 145 00fe 910755B0 		.ascii	"\221\007U\260\340,:v\257\227\250x\241\007\233[\005\037"
 145      E02C3A76 
 145      AF97A878 
 145      A1079B5B 
 145      051F
 146 0110 27F80304 		.ascii	"'\370\003\004[\232+\3109K%;\350\271Ti$\007\370S\304"
 146      5B9A2BC8 
ARM GAS  C:\Users\victo\AppData\Local\Temp\ccrQDdDX.s 			page 11


 146      394B253B 
 146      E8B95469 
 146      2407F853 
 147 0125 9C603E49 		.ascii	"\234`>I\333\035\325\207\214Y#==g\314$\342\251\371t\322"
 147      DB1DD587 
 147      8C59233D 
 147      3D67CC24 
 147      E2A9F974 
 148 013a D047E329 		.ascii	"\320G\343)\255O\037\231\230Lh\343c\261D\\\033\324b\303"
 148      AD4F1F99 
 148      984C68E3 
 148      63B1445C 
 148      1BD462C3 
 149 014e D124FD02 		.ascii	"\321$\375\002<\306\177\325"
 149      3CC67FD5 
 150              		.text
 151              		.section	.gnu.lto_MUX_CTRL_SCBCLK_GetFractionalDividerRegister.91bca17f,"",%progbits
 152 0000 789C6366 		.ascii	"x\234cf\300\004R@<\001\210u\201\230\221\231\201\221"
 152      C0045240 
 152      3C018875 
 152      81989199 
 152      8191
 153 0012 69C23906 		.ascii	"i\3029\006\206F\016&FF\020\203\201\221\241\236\211\261"
 153      86460E26 
 153      46461083 
 153      8191A19E 
 153      89B1
 154 0024 9EF125D3 		.ascii	"\236\361%\323G&\3063;\377]fT_\332\320\320\364\341\321"
 154      4726C633 
 154      3BFF5D66 
 154      545FDAD0 
 154      D0F4E1D1 
 155 0038 C73BDCAD 		.ascii	"\307;\334\255\022?\231\030\030>310\352H1j\202\314a\\"
 155      123F9918 
 155      183E3331 
 155      30EA4831 
 155      6A82CC61 
 156 004d CEA8CE00 		.ascii	"\316\250\316\000T\370\261\345\357un\266\226\206\206"
 156      54F8B1E5 
 156      EF756EB6 
 156      968686
 157 005c 0601903C 		.ascii	"\006\001\220<Pb\005#\033#\220^/t\240\341\377\377\317"
 157      50620523 
 157      1B23905E 
 157      2F74A0E1 
 157      FFFFCF
 158 006f C727BF50 		.ascii	"\307'\277Pg\006\212?\001b\220-O\231\230@4\363=\306\306"
 158      67068A3F 
 158      0162902D 
 158      4F999840 
 158      34F33DC6 
 159 0084 03BBCF31 		.ascii	"\003\273\3171\201T\003M\271\377\344\374E\216\027L?\301"
 159      8154034D 
 159      B9FFE4FC 
 159      458E174C 
 159      3FC1
 160 0096 06AC6404 		.ascii	"\006\254d\004Y\360\204\211\021\244\020(\242\255\027"
ARM GAS  C:\Users\victo\AppData\Local\Temp\ccrQDdDX.s 			page 12


 160      59F08489 
 160      11A41028 
 160      A2AD17
 161 00a5 E39E9A97 		.ascii	"\343\236\232\227Z\224X\222\232\022\037\234_Z\224\234"
 161      5A945892 
 161      9A121F9C 
 161      5F5A949C 
 162 00b5 1A13109C 		.ascii	"\032\023\020\234\357l\022\343\033\032\021\357\034\022"
 162      EF6C12E3 
 162      1B1A11EF 
 162      1C12
 163 00c3 E4131FEC 		.ascii	"\344\023\037\354\354\344\354\343\255\227\314\000\000"
 163      ECE4ECE3 
 163      AD97CC00 
 163      00
 164 00d0 DDB3446A 		.ascii	"\335\263Dj"
 165              		.text
 166              		.section	.gnu.lto_.symbol_nodes.91bca17f,"",%progbits
 167 0000 789C55C7 		.ascii	"x\234U\3071\021\000 \014\004\301\313\207\002}\030z\013"
 167      31110020 
 167      0C04C1CB 
 167      87027D18 
 167      7A0B
 168 0012 28605084 		.ascii	"(`P\204&\032\012\262\335&0x\204a\036\260Y\273\243p\224"
 168      261A0AB2 
 168      DD263078 
 168      84611EB0 
 168      59BBA370 
 169 0027 CB2A4F67 		.ascii	"\313*Ogys\373\317\005lA\025\031"
 169      7973FBCF 
 169      056C4115 
 169      19
 170              		.text
 171              		.section	.gnu.lto_.refs.91bca17f,"",%progbits
 172 0000 789C6366 		.ascii	"x\234cf```d\200\002\000\000=\000\005"
 172      60606064 
 172      80020000 
 172      3D0005
 173              		.text
 174              		.section	.gnu.lto_.decls.91bca17f,"",%progbits
 175 0000 789C8D54 		.ascii	"x\234\215ToL[U\024\277\347\335\376\241o\265.\306\200"
 175      6F4C5B55 
 175      14BFE7DD 
 175      FEA16FB5 
 175      2EC680
 176 0013 69FC50FC 		.ascii	"i\374P\374@4\022\2261c\374\246\261S\026\235\206\014"
 176      40341296 
 176      3163FCA6 
 176      B153169D 
 176      860C
 177 0025 97988C84 		.ascii	"\227\230\214\204\020\3662\233\020X\272nq\237\2740\346"
 177      10F6329B 
 177      1058BA6E 
 177      719FBC30 
 177      E6
 178 0036 9AB9CCAE 		.ascii	"\232\271\314\256B\250\030\034\0212q8V\005\013l\010e"
 178      42A8181C 
ARM GAS  C:\Users\victo\AppData\Local\Temp\ccrQDdDX.s 			page 13


 178      11327138 
 178      56050B6C 
 178      0865
 179 0048 1306421D 		.ascii	"\023\006B\035s\215\023\277\310\246\270&s\216M\034\305"
 179      738D13BF 
 179      C8A6B826 
 179      738E4D1C 
 179      C5
 180 0059 CD3DCFBD 		.ascii	"\315=\317\275\257\177\036m1\336\344\264\357\234{~\347"
 180      AF7F1E6D 
 180      31DEE4B4 
 180      EF9C7B7E 
 180      E7
 181 006a F7BBE79E 		.ascii	"\367\273\347\236\367(!\244\026\010Qq\325\032\011\261"
 181      F72821A4 
 181      16085171 
 181      D51A09B1 
 182 007a E3B30963 		.ascii	"\343\263\011c\345$\2750L\372\321\006\320&\320\246\320"
 182      E524BD30 
 182      4CFAD106 
 182      D026D0A6 
 182      D0
 183 008b 6648F6E2 		.ascii	"fH\366\3429\226\004\326\206fE\013\242\025\242]D\213"
 183      399604D6 
 183      8666450B 
 183      A215A25D 
 183      448B
 184 009d A25D467B 		.ascii	"\242]F{%\221\017\011L\346\032Hp\226\347\300&q\0039p"
 184      25910F09 
 184      4CE61A48 
 184      7096E7C0 
 184      26710339 
 185 00b2 5C9B9CC1 		.ascii	"\\\233\234\301?\214\026\326\351\310\245a\"G-~FsF\235"
 185      3F8C16D6 
 185      E9C8A561 
 185      22472D7E 
 185      4673469D 
 186 00c6 B5F05339 		.ascii	"\265\360S9\3603\211\275\260./W\317nK0}-\376\2475&\201"
 186      F03389BD 
 186      B02E2F57 
 186      CF6E4B30 
 186      7D2DFEA7 
 187 00dd 4D5ECFDD 		.ascii	"M^\317\335\266+\013K\024]\253,qw\250w)\262N\354:\270"
 187      B62B0B4B 
 187      145DAB2C 
 187      7177A877 
 187      29B24EEC 
 188 00f3 7BC63F19 		.ascii	"{\306?\0310\211]\003w\257\376xe\330L%\340\317\235\201"
 188      30895D03 
 188      77AFFE78 
 188      65D84C25 
 188      E0CF9D81 
 189 0107 AB51B9F8 		.ascii	"\253Q\271\370$c\314\313\302\223\220&h8q\366\210\031"
 189      2463CCCB 
 189      C2939026 
 189      683871F6 
 189      8819
ARM GAS  C:\Users\victo\AppData\Local\Temp\ccrQDdDX.s 			page 14


 190 0119 3185B270 		.ascii	"1\205\262p\177\376h\245\313\"\\~\351\017cH\272\331\334"
 190      7FFE68A5 
 190      CB225C7E 
 190      E90F6348 
 190      BAD9DC
 191 012c A8AE8322 		.ascii	"\250\256\203\"\271\013\301\213\335K?=\316\230\001\202"
 191      B90BC18B 
 191      DD4B3F3D 
 191      CE980182 
 192 013c 20430F50 		.ascii	" C\017P\370\034\212\371\0018\232//c\215\314w\200Y\266"
 192      F81C8AF9 
 192      01389A2F 
 192      2F638DCC 
 192      778059B6 
 193 0150 10F80CEC 		.ascii	"\020\370\014\354p\022\354\004NC\021&\210T8\205\301^"
 193      7012EC04 
 193      4E431126 
 193      88543885 
 193      C15E
 194 0162 0C22D5E1 		.ascii	"\014\"\325\341\256\246^\331 !\232\027\333!$\2676\265"
 194      AEA65ED9 
 194      20219A17 
 194      DB2124B7 
 194      36B5
 195 0174 F6D08216 		.ascii	"\366\320\202\026\306\327\001\266^\202\362|\370\024!"
 195      C6D701B6 
 195      5E82F27C 
 195      F81421
 196 0183 DD0821F0 		.ascii	"\335\010!\360%\024\340\357\027`\320\244\377>v,f\243"
 196      2514E0EF 
 196      1760D0A4 
 196      FF3E762C 
 196      66A3
 197 0195 A5E27C7D 		.ascii	"\245\342|}\355\276\366<\307\307\254#\270\330\366\313"
 197      EDBEF63C 
 197      C7C7AC23 
 197      B8D8F6CB 
 198 01a5 07F443D6 		.ascii	"\007\364C\326\321\300\036\250*\010\020\364\245\224\022"
 198      D1C01EA8 
 198      2A0810F4 
 198      A59412
 199 01b4 FEAC35BD 		.ascii	"\376\2545\275\037\034\010\014\255\334=mZ\223\361+\301"
 199      1F1C080C 
 199      ADDC3D6D 
 199      5A93F12B 
 199      C1
 200 01c5 B8234178 		.ascii	"\270#Ax\255\271%n\240\373\004\341x\343\251^\263 \354"
 200      ADB9256E 
 200      A0FB04E1 
 200      78E3A95E 
 200      B320EC
 201 01d8 18ED3475 		.ascii	"\030\3554u\263\260\252>\317\323!\244\343\012%\271\006"
 201      B3B0AA3E 
 201      CFD321A4 
 201      E30A25B9 
 201      06
 202 01e9 0457FB9D 		.ascii	"\004W\373\235?\206-\364=\000}\343\035Z\343[o\304\373"
ARM GAS  C:\Users\victo\AppData\Local\Temp\ccrQDdDX.s 			page 15


 202      3F862DF4 
 202      3D007DE3 
 202      1D5AE35B 
 202      6FC4FB
 203 01fc F384ABAA 		.ascii	"\363\204\253\252\224\267\375\304\354r\233-\325\366;"
 203      94B7FDC4 
 203      EC729B2D 
 203      D5F63B
 204 020b 5ADB87B1 		.ascii	"Z\333\207\261S\203\351\266;\364mG\371\306'IJ<\234\305"
 204      5383E9B6 
 204      3BF46D47 
 204      F9C62749 
 204      4A3C9CC5 
 205 021f B63B126D 		.ascii	"\266;\022m\037\302\340\031\255\355?\214\036:\224G\375"
 205      1FC2E019 
 205      ADED3F8C 
 205      1E3A9447 
 205      FD
 206 0230 AB45E46B 		.ascii	"\253E\344k\"\216N\267\215Q\341\252|[\232\233k^\241 "
 206      228E4EB7 
 206      8D51E1AA 
 206      7C5B9A9B 
 206      6B5EA120 
 207 0244 1789FA8B 		.ascii	"\027\211\372\213~F\037#Pl\207\247\260\372\030V\317O"
 207      7E461F23 
 207      506C87A7 
 207      B0FA1856 
 207      CF4F
 208 0256 541FC1EA 		.ascii	"T\037\301\352\243X\235K\355\030|\010 \2142\277N\313"
 208      A3589D4B 
 208      ED187C08 
 208      208C32BF 
 208      4ECB
 209 0268 CC9753E3 		.ascii	"\314\227S\343\346;8\3463\210K\017\247.}e.rW\0221~\274"
 209      E63B38E6 
 209      33884B0F 
 209      A72E7D65 
 209      2E725712 
 210 027f 73208263 		.ascii	"s \202c\213\203#\2265\357\345\033q/\347\223\223\240"
 210      8B832396 
 210      35EFE51B 
 210      712FE793 
 210      93A0
 211 0291 1EBFAF9A 		.ascii	"\036\277\257\232i@;S<8\377\300\226\030\205\363\235\033"
 211      69403B53 
 211      3C38FFC0 
 211      961885F3 
 211      9D1B
 212 02a3 75A38028 		.ascii	"u\243\200(\030\327]\317x\362z&\304\365\374u3v\335\246"
 212      18D75DCF 
 212      78F27A26 
 212      C4F5FC75 
 212      3376DDA6 
 213 02b7 A7E472D2 		.ascii	"\247\344r\322\234\027V\315B\350\310\322\202D\3075\312"
 213      9C1756CD 
 213      42E8C8D2 
 213      8244C735 
ARM GAS  C:\Users\victo\AppData\Local\Temp\ccrQDdDX.s 			page 16


 213      CA
 214 02c8 E56834A2 		.ascii	"\345h4\242Q\316\307\016NX\2316\016\002\002\223:\302"
 214      51CEC70E 
 214      4E589936 
 214      0E020293 
 214      3AC2
 215 02da C924E194 		.ascii	"\311$\341\224 \214\364L\275\013z\302\360*\302oW\021"
 215      208CF44C 
 215      BD0B7AC2 
 215      F02AC26F 
 215      5711
 216 02ec DE8E368C 		.ascii	"\336\2166\214\000\215i\204\267\226\203\217 _08\177\364"
 216      008D6984 
 216      B796838F 
 216      205F3038 
 216      7FF4
 217 02fe BA126E64 		.ascii	"\272\022nd\367\371\320p\000L\353\350\246\223t3\234\216"
 217      F7F9D070 
 217      004CEBE8 
 217      A6937433 
 217      9C8E
 218 0310 FAFFBE35 		.ascii	"\372\377\2765+\201\335.\007\360#\020\307\327\373\035"
 218      2B81DD2E 
 218      07F02310 
 218      C7D7FB1D 
 219 0320 95C24590 		.ascii	"\225\302E\220\011\367\303\336c\237l\366\376\303\337"
 219      09F7C3DE 
 219      639F6CF6 
 219      FEC3DF
 220 032f 7AF57DB3 		.ascii	"z\365}\263\010{\271\256\214\227\231\210\035\002\337"
 220      087BB9AE 
 220      8C979988 
 220      1D02DF
 221 033e A11FE153 		.ascii	"\241\037\341S\206.\352\361\372C7\214\264E\373\326\014"
 221      862EEAF1 
 221      FA43378C 
 221      B445FBD6 
 221      0C
 222 034f B55CBA20 		.ascii	"\265\\\272 \313^~\246\377\367)\220\302}\276{\326\324"
 222      CB5E7EA6 
 222      FFF72990 
 222      C27DBE7B 
 222      D6D4
 223 0361 AC077EDB 		.ascii	"\254\007~\333\322\304^\200\313\330\214\331\364\020]"
 223      D2C45E80 
 223      CBD88CD9 
 223      F4105D
 224 0370 82F4B067 		.ascii	"\202\364\260g\027\376>\3677f\341\327\343\367L\326\303"
 224      17FE3EF7 
 224      3766E1D7 
 224      E3F74CD6 
 224      C3
 225 0381 A9AF9228 		.ascii	"\251\257\222(\232>K\024\254\242?\374\337\264\327U\347"
 225      9A3E4B14 
 225      ACA23FFC 
 225      DFB4D755 
 225      E7
ARM GAS  C:\Users\victo\AppData\Local\Temp\ccrQDdDX.s 			page 17


 226 0392 D9546A2A 		.ascii	"\331Tj*{}\273\303I\012\313\224:\305]\355QvVU\324\357"
 226      7B7DBBC3 
 226      490ACB94 
 226      3AC55DED 
 226      51765655 
 227 03a8 75D72895 		.ascii	"u\327(\225\345\025\365\316g6\324\354\367\354\337\255"
 227      E515F5CE 
 227      6736D4EC 
 227      F7ECDFAD 
 228 03b8 EC29798B 		.ascii	"\354)y\213\024\274\266\375\315*\347\033\333\266VU8_"
 228      14BCB6FD 
 228      CD2AE71B 
 228      DBB65655 
 228      385F
 229 03ca 746E7DB5 		.ascii	"tn}\265\252\302S\355\366\274\364\366\323%\225\271\261"
 229      AAC253ED 
 229      F6BCF4F6 
 229      D32595B9 
 229      B1
 230 03db 95198092 		.ascii	"\225\031\200\222\032\362hv\215\372\335B\310\306g\215"
 230      1AF26876 
 230      8DFADD42 
 230      C8C6678D 
 231 03eb FCEFB9E2 		.ascii	"\374\357\271\342\254\014\305\363\262\273\272\306\343"
 231      AC0CC5F3 
 231      B2BBBAC6 
 231      E3
 232 03f8 AAAFABAE 		.ascii	"\252\257\253\256\335\354\332\347\332\251\270\267)\273"
 232      DDECDAE7 
 232      DAA9B8B7 
 232      29BB
 233 0406 5C7B3C8A 		.ascii	"\\{<\212\373\211\314\3442\305\223\221\222U\257\354?"
 233      FB89CCE4 
 233      32C59391 
 233      9255AFEC 
 233      3F
 234 0417 EA19DDCA 		.ascii	"\352\031\335\312\256M\245\377\002\222#&\327"
 234      AE4DA5FF 
 234      02922326 
 234      D7
 235              		.text
 236              		.section	.gnu.lto_.symtab.91bca17f,"",%progbits
 237 0000 4D55585F 		.ascii	"MUX_CTRL_SCBCLK_StartEx\000\000\000\000\000\000\000"
 237      4354524C 
 237      5F534342 
 237      434C4B5F 
 237      53746172 
 238 001e 00000000 		.ascii	"\000\000\000\000\000\264\000\000\000MUX_CTRL_SCBCLK"
 238      00B40000 
 238      004D5558 
 238      5F435452 
 238      4C5F5343 
 239 0036 5F53746F 		.ascii	"_Stop\000\000\000\000\000\000\000\000\000\000\000\000"
 239      70000000 
 239      00000000 
 239      00000000 
 239      00
ARM GAS  C:\Users\victo\AppData\Local\Temp\ccrQDdDX.s 			page 18


 240 0047 B7000000 		.ascii	"\267\000\000\000MUX_CTRL_SCBCLK_SetFractionalDivide"
 240      4D55585F 
 240      4354524C 
 240      5F534342 
 240      434C4B5F 
 241 006e 72526567 		.ascii	"rRegister\000\000\000\000\000\000\000\000\000\000\000"
 241      69737465 
 241      72000000 
 241      00000000 
 241      00000000 
 242 0082 00C60000 		.ascii	"\000\306\000\000\000MUX_CTRL_SCBCLK_GetDividerRegis"
 242      004D5558 
 242      5F435452 
 242      4C5F5343 
 242      42434C4B 
 243 00a6 74657200 		.ascii	"ter\000\000\000\000\000\000\000\000\000\000\000\000"
 243      00000000 
 243      00000000 
 243      000000
 244 00b5 C9000000 		.ascii	"\311\000\000\000MUX_CTRL_SCBCLK_GetFractionalDivide"
 244      4D55585F 
 244      4354524C 
 244      5F534342 
 244      434C4B5F 
 245 00dc 72526567 		.ascii	"rRegister\000\000\000\000\000\000\000\000\000\000\000"
 245      69737465 
 245      72000000 
 245      00000000 
 245      00000000 
 246 00f0 00CC0000 		.ascii	"\000\314\000\000\000"
 246      00
 247              		.text
 248              		.section	.gnu.lto_.opts,"",%progbits
 249 0000 272D666E 		.ascii	"'-fno-trapv' '-mcpu=cortex-m0' '-mthumb' '-g' '-Os'"
 249      6F2D7472 
 249      61707627 
 249      20272D6D 
 249      6370753D 
 250 0033 20272D57 		.ascii	" '-Werror' '-ffunction-sections' '-finline-function"
 250      6572726F 
 250      72272027 
 250      2D666675 
 250      6E637469 
 251 0066 73272027 		.ascii	"s' '-flto' '-ffat-lto-objects' '-fno-strict-aliasin"
 251      2D666C74 
 251      6F272027 
 251      2D666661 
 251      742D6C74 
 252 0099 672700   		.ascii	"g'\000"
 253              		.text
 254              		.cfi_sections	.debug_frame
 255              		.section	.text.MUX_CTRL_SCBCLK_StartEx,"ax",%progbits
 256              		.align	1
 257              		.global	MUX_CTRL_SCBCLK_StartEx
 258              		.code	16
 259              		.thumb_func
 260              		.type	MUX_CTRL_SCBCLK_StartEx, %function
ARM GAS  C:\Users\victo\AppData\Local\Temp\ccrQDdDX.s 			page 19


 261              	MUX_CTRL_SCBCLK_StartEx:
 262              	.LFB0:
 263              		.file 1 ".\\Generated_Source\\PSoC4\\MUX_CTRL_SCBCLK.c"
   1:.\Generated_Source\PSoC4/MUX_CTRL_SCBCLK.c **** /*******************************************************************************
   2:.\Generated_Source\PSoC4/MUX_CTRL_SCBCLK.c **** * File Name: MUX_CTRL_SCBCLK.c
   3:.\Generated_Source\PSoC4/MUX_CTRL_SCBCLK.c **** * Version 2.20
   4:.\Generated_Source\PSoC4/MUX_CTRL_SCBCLK.c **** *
   5:.\Generated_Source\PSoC4/MUX_CTRL_SCBCLK.c **** *  Description:
   6:.\Generated_Source\PSoC4/MUX_CTRL_SCBCLK.c **** *   Provides system API for the clocking, interrupts and watchdog timer.
   7:.\Generated_Source\PSoC4/MUX_CTRL_SCBCLK.c **** *
   8:.\Generated_Source\PSoC4/MUX_CTRL_SCBCLK.c **** *  Note:
   9:.\Generated_Source\PSoC4/MUX_CTRL_SCBCLK.c **** *   Documentation of the API's in this file is located in the
  10:.\Generated_Source\PSoC4/MUX_CTRL_SCBCLK.c **** *   System Reference Guide provided with PSoC Creator.
  11:.\Generated_Source\PSoC4/MUX_CTRL_SCBCLK.c **** *
  12:.\Generated_Source\PSoC4/MUX_CTRL_SCBCLK.c **** ********************************************************************************
  13:.\Generated_Source\PSoC4/MUX_CTRL_SCBCLK.c **** * Copyright 2008-2012, Cypress Semiconductor Corporation.  All rights reserved.
  14:.\Generated_Source\PSoC4/MUX_CTRL_SCBCLK.c **** * You may use this file only in accordance with the license, terms, conditions,
  15:.\Generated_Source\PSoC4/MUX_CTRL_SCBCLK.c **** * disclaimers, and limitations in the end user license agreement accompanying
  16:.\Generated_Source\PSoC4/MUX_CTRL_SCBCLK.c **** * the software package with which this file was provided.
  17:.\Generated_Source\PSoC4/MUX_CTRL_SCBCLK.c **** *******************************************************************************/
  18:.\Generated_Source\PSoC4/MUX_CTRL_SCBCLK.c **** 
  19:.\Generated_Source\PSoC4/MUX_CTRL_SCBCLK.c **** #include <cydevice_trm.h>
  20:.\Generated_Source\PSoC4/MUX_CTRL_SCBCLK.c **** #include "MUX_CTRL_SCBCLK.h"
  21:.\Generated_Source\PSoC4/MUX_CTRL_SCBCLK.c **** 
  22:.\Generated_Source\PSoC4/MUX_CTRL_SCBCLK.c **** #if defined CYREG_PERI_DIV_CMD
  23:.\Generated_Source\PSoC4/MUX_CTRL_SCBCLK.c **** 
  24:.\Generated_Source\PSoC4/MUX_CTRL_SCBCLK.c **** /*******************************************************************************
  25:.\Generated_Source\PSoC4/MUX_CTRL_SCBCLK.c **** * Function Name: MUX_CTRL_SCBCLK_StartEx
  26:.\Generated_Source\PSoC4/MUX_CTRL_SCBCLK.c **** ********************************************************************************
  27:.\Generated_Source\PSoC4/MUX_CTRL_SCBCLK.c **** *
  28:.\Generated_Source\PSoC4/MUX_CTRL_SCBCLK.c **** * Summary:
  29:.\Generated_Source\PSoC4/MUX_CTRL_SCBCLK.c **** *  Starts the clock, aligned to the specified running clock.
  30:.\Generated_Source\PSoC4/MUX_CTRL_SCBCLK.c **** *
  31:.\Generated_Source\PSoC4/MUX_CTRL_SCBCLK.c **** * Parameters:
  32:.\Generated_Source\PSoC4/MUX_CTRL_SCBCLK.c **** *  alignClkDiv:  The divider to which phase alignment is performed when the
  33:.\Generated_Source\PSoC4/MUX_CTRL_SCBCLK.c **** *    clock is started.
  34:.\Generated_Source\PSoC4/MUX_CTRL_SCBCLK.c **** *
  35:.\Generated_Source\PSoC4/MUX_CTRL_SCBCLK.c **** * Returns:
  36:.\Generated_Source\PSoC4/MUX_CTRL_SCBCLK.c **** *  None
  37:.\Generated_Source\PSoC4/MUX_CTRL_SCBCLK.c **** *
  38:.\Generated_Source\PSoC4/MUX_CTRL_SCBCLK.c **** *******************************************************************************/
  39:.\Generated_Source\PSoC4/MUX_CTRL_SCBCLK.c **** void MUX_CTRL_SCBCLK_StartEx(uint32 alignClkDiv)
  40:.\Generated_Source\PSoC4/MUX_CTRL_SCBCLK.c **** {
 264              		.loc 1 40 0
 265              		.cfi_startproc
 266              	.LVL0:
 267              	.L2:
  41:.\Generated_Source\PSoC4/MUX_CTRL_SCBCLK.c ****     /* Make sure any previous start command has finished. */
  42:.\Generated_Source\PSoC4/MUX_CTRL_SCBCLK.c ****     while((MUX_CTRL_SCBCLK_CMD_REG & MUX_CTRL_SCBCLK_CMD_ENABLE_MASK) != 0u)
 268              		.loc 1 42 0 discriminator 1
 269 0000 044B     		ldr	r3, .L4
 270 0002 1A68     		ldr	r2, [r3]
 271 0004 002A     		cmp	r2, #0
 272 0006 FBDB     		blt	.L2
  43:.\Generated_Source\PSoC4/MUX_CTRL_SCBCLK.c ****     {
  44:.\Generated_Source\PSoC4/MUX_CTRL_SCBCLK.c ****     }
  45:.\Generated_Source\PSoC4/MUX_CTRL_SCBCLK.c ****     
ARM GAS  C:\Users\victo\AppData\Local\Temp\ccrQDdDX.s 			page 20


  46:.\Generated_Source\PSoC4/MUX_CTRL_SCBCLK.c ****     /* Specify the target divider and it's alignment divider, and enable. */
  47:.\Generated_Source\PSoC4/MUX_CTRL_SCBCLK.c ****     MUX_CTRL_SCBCLK_CMD_REG =
  48:.\Generated_Source\PSoC4/MUX_CTRL_SCBCLK.c ****         ((uint32)MUX_CTRL_SCBCLK__DIV_ID << MUX_CTRL_SCBCLK_CMD_DIV_SHIFT)|
  49:.\Generated_Source\PSoC4/MUX_CTRL_SCBCLK.c ****         (alignClkDiv << MUX_CTRL_SCBCLK_CMD_PA_DIV_SHIFT) |
 273              		.loc 1 49 0
 274 0008 034A     		ldr	r2, .L4+4
 275 000a 0002     		lsl	r0, r0, #8
 276              	.LVL1:
 277 000c 1043     		orr	r0, r2
  47:.\Generated_Source\PSoC4/MUX_CTRL_SCBCLK.c ****         ((uint32)MUX_CTRL_SCBCLK__DIV_ID << MUX_CTRL_SCBCLK_CMD_DIV_SHIFT)|
 278              		.loc 1 47 0
 279 000e 1860     		str	r0, [r3]
  50:.\Generated_Source\PSoC4/MUX_CTRL_SCBCLK.c ****         (uint32)MUX_CTRL_SCBCLK_CMD_ENABLE_MASK;
  51:.\Generated_Source\PSoC4/MUX_CTRL_SCBCLK.c **** }
 280              		.loc 1 51 0
 281              		@ sp needed
 282 0010 7047     		bx	lr
 283              	.L5:
 284 0012 C046     		.align	2
 285              	.L4:
 286 0014 00000140 		.word	1073807360
 287 0018 03000080 		.word	-2147483645
 288              		.cfi_endproc
 289              	.LFE0:
 290              		.size	MUX_CTRL_SCBCLK_StartEx, .-MUX_CTRL_SCBCLK_StartEx
 291              		.section	.text.MUX_CTRL_SCBCLK_Stop,"ax",%progbits
 292              		.align	1
 293              		.global	MUX_CTRL_SCBCLK_Stop
 294              		.code	16
 295              		.thumb_func
 296              		.type	MUX_CTRL_SCBCLK_Stop, %function
 297              	MUX_CTRL_SCBCLK_Stop:
 298              	.LFB1:
  52:.\Generated_Source\PSoC4/MUX_CTRL_SCBCLK.c **** 
  53:.\Generated_Source\PSoC4/MUX_CTRL_SCBCLK.c **** #else
  54:.\Generated_Source\PSoC4/MUX_CTRL_SCBCLK.c **** 
  55:.\Generated_Source\PSoC4/MUX_CTRL_SCBCLK.c **** /*******************************************************************************
  56:.\Generated_Source\PSoC4/MUX_CTRL_SCBCLK.c **** * Function Name: MUX_CTRL_SCBCLK_Start
  57:.\Generated_Source\PSoC4/MUX_CTRL_SCBCLK.c **** ********************************************************************************
  58:.\Generated_Source\PSoC4/MUX_CTRL_SCBCLK.c **** *
  59:.\Generated_Source\PSoC4/MUX_CTRL_SCBCLK.c **** * Summary:
  60:.\Generated_Source\PSoC4/MUX_CTRL_SCBCLK.c **** *  Starts the clock.
  61:.\Generated_Source\PSoC4/MUX_CTRL_SCBCLK.c **** *
  62:.\Generated_Source\PSoC4/MUX_CTRL_SCBCLK.c **** * Parameters:
  63:.\Generated_Source\PSoC4/MUX_CTRL_SCBCLK.c **** *  None
  64:.\Generated_Source\PSoC4/MUX_CTRL_SCBCLK.c **** *
  65:.\Generated_Source\PSoC4/MUX_CTRL_SCBCLK.c **** * Returns:
  66:.\Generated_Source\PSoC4/MUX_CTRL_SCBCLK.c **** *  None
  67:.\Generated_Source\PSoC4/MUX_CTRL_SCBCLK.c **** *
  68:.\Generated_Source\PSoC4/MUX_CTRL_SCBCLK.c **** *******************************************************************************/
  69:.\Generated_Source\PSoC4/MUX_CTRL_SCBCLK.c **** 
  70:.\Generated_Source\PSoC4/MUX_CTRL_SCBCLK.c **** void MUX_CTRL_SCBCLK_Start(void)
  71:.\Generated_Source\PSoC4/MUX_CTRL_SCBCLK.c **** {
  72:.\Generated_Source\PSoC4/MUX_CTRL_SCBCLK.c ****     /* Set the bit to enable the clock. */
  73:.\Generated_Source\PSoC4/MUX_CTRL_SCBCLK.c ****     MUX_CTRL_SCBCLK_ENABLE_REG |= MUX_CTRL_SCBCLK__ENABLE_MASK;
  74:.\Generated_Source\PSoC4/MUX_CTRL_SCBCLK.c **** }
  75:.\Generated_Source\PSoC4/MUX_CTRL_SCBCLK.c **** 
ARM GAS  C:\Users\victo\AppData\Local\Temp\ccrQDdDX.s 			page 21


  76:.\Generated_Source\PSoC4/MUX_CTRL_SCBCLK.c **** #endif /* CYREG_PERI_DIV_CMD */
  77:.\Generated_Source\PSoC4/MUX_CTRL_SCBCLK.c **** 
  78:.\Generated_Source\PSoC4/MUX_CTRL_SCBCLK.c **** 
  79:.\Generated_Source\PSoC4/MUX_CTRL_SCBCLK.c **** /*******************************************************************************
  80:.\Generated_Source\PSoC4/MUX_CTRL_SCBCLK.c **** * Function Name: MUX_CTRL_SCBCLK_Stop
  81:.\Generated_Source\PSoC4/MUX_CTRL_SCBCLK.c **** ********************************************************************************
  82:.\Generated_Source\PSoC4/MUX_CTRL_SCBCLK.c **** *
  83:.\Generated_Source\PSoC4/MUX_CTRL_SCBCLK.c **** * Summary:
  84:.\Generated_Source\PSoC4/MUX_CTRL_SCBCLK.c **** *  Stops the clock and returns immediately. This API does not require the
  85:.\Generated_Source\PSoC4/MUX_CTRL_SCBCLK.c **** *  source clock to be running but may return before the hardware is actually
  86:.\Generated_Source\PSoC4/MUX_CTRL_SCBCLK.c **** *  disabled.
  87:.\Generated_Source\PSoC4/MUX_CTRL_SCBCLK.c **** *
  88:.\Generated_Source\PSoC4/MUX_CTRL_SCBCLK.c **** * Parameters:
  89:.\Generated_Source\PSoC4/MUX_CTRL_SCBCLK.c **** *  None
  90:.\Generated_Source\PSoC4/MUX_CTRL_SCBCLK.c **** *
  91:.\Generated_Source\PSoC4/MUX_CTRL_SCBCLK.c **** * Returns:
  92:.\Generated_Source\PSoC4/MUX_CTRL_SCBCLK.c **** *  None
  93:.\Generated_Source\PSoC4/MUX_CTRL_SCBCLK.c **** *
  94:.\Generated_Source\PSoC4/MUX_CTRL_SCBCLK.c **** *******************************************************************************/
  95:.\Generated_Source\PSoC4/MUX_CTRL_SCBCLK.c **** void MUX_CTRL_SCBCLK_Stop(void)
  96:.\Generated_Source\PSoC4/MUX_CTRL_SCBCLK.c **** {
 299              		.loc 1 96 0
 300              		.cfi_startproc
 301              	.L7:
  97:.\Generated_Source\PSoC4/MUX_CTRL_SCBCLK.c **** #if defined CYREG_PERI_DIV_CMD
  98:.\Generated_Source\PSoC4/MUX_CTRL_SCBCLK.c **** 
  99:.\Generated_Source\PSoC4/MUX_CTRL_SCBCLK.c ****     /* Make sure any previous start command has finished. */
 100:.\Generated_Source\PSoC4/MUX_CTRL_SCBCLK.c ****     while((MUX_CTRL_SCBCLK_CMD_REG & MUX_CTRL_SCBCLK_CMD_ENABLE_MASK) != 0u)
 302              		.loc 1 100 0 discriminator 1
 303 0000 034B     		ldr	r3, .L8
 304 0002 1A68     		ldr	r2, [r3]
 305 0004 002A     		cmp	r2, #0
 306 0006 FBDB     		blt	.L7
 101:.\Generated_Source\PSoC4/MUX_CTRL_SCBCLK.c ****     {
 102:.\Generated_Source\PSoC4/MUX_CTRL_SCBCLK.c ****     }
 103:.\Generated_Source\PSoC4/MUX_CTRL_SCBCLK.c ****     
 104:.\Generated_Source\PSoC4/MUX_CTRL_SCBCLK.c ****     /* Specify the target divider and it's alignment divider, and disable. */
 105:.\Generated_Source\PSoC4/MUX_CTRL_SCBCLK.c ****     MUX_CTRL_SCBCLK_CMD_REG =
 307              		.loc 1 105 0
 308 0008 024A     		ldr	r2, .L8+4
 106:.\Generated_Source\PSoC4/MUX_CTRL_SCBCLK.c ****         ((uint32)MUX_CTRL_SCBCLK__DIV_ID << MUX_CTRL_SCBCLK_CMD_DIV_SHIFT)|
 107:.\Generated_Source\PSoC4/MUX_CTRL_SCBCLK.c ****         ((uint32)MUX_CTRL_SCBCLK_CMD_DISABLE_MASK);
 108:.\Generated_Source\PSoC4/MUX_CTRL_SCBCLK.c **** 
 109:.\Generated_Source\PSoC4/MUX_CTRL_SCBCLK.c **** #else
 110:.\Generated_Source\PSoC4/MUX_CTRL_SCBCLK.c **** 
 111:.\Generated_Source\PSoC4/MUX_CTRL_SCBCLK.c ****     /* Clear the bit to disable the clock. */
 112:.\Generated_Source\PSoC4/MUX_CTRL_SCBCLK.c ****     MUX_CTRL_SCBCLK_ENABLE_REG &= (uint32)(~MUX_CTRL_SCBCLK__ENABLE_MASK);
 113:.\Generated_Source\PSoC4/MUX_CTRL_SCBCLK.c ****     
 114:.\Generated_Source\PSoC4/MUX_CTRL_SCBCLK.c **** #endif /* CYREG_PERI_DIV_CMD */
 115:.\Generated_Source\PSoC4/MUX_CTRL_SCBCLK.c **** }
 309              		.loc 1 115 0
 310              		@ sp needed
 105:.\Generated_Source\PSoC4/MUX_CTRL_SCBCLK.c ****         ((uint32)MUX_CTRL_SCBCLK__DIV_ID << MUX_CTRL_SCBCLK_CMD_DIV_SHIFT)|
 311              		.loc 1 105 0
 312 000a 1A60     		str	r2, [r3]
 313              		.loc 1 115 0
 314 000c 7047     		bx	lr
ARM GAS  C:\Users\victo\AppData\Local\Temp\ccrQDdDX.s 			page 22


 315              	.L9:
 316 000e C046     		.align	2
 317              	.L8:
 318 0010 00000140 		.word	1073807360
 319 0014 03000040 		.word	1073741827
 320              		.cfi_endproc
 321              	.LFE1:
 322              		.size	MUX_CTRL_SCBCLK_Stop, .-MUX_CTRL_SCBCLK_Stop
 323              		.section	.text.MUX_CTRL_SCBCLK_SetFractionalDividerRegister,"ax",%progbits
 324              		.align	1
 325              		.global	MUX_CTRL_SCBCLK_SetFractionalDividerRegister
 326              		.code	16
 327              		.thumb_func
 328              		.type	MUX_CTRL_SCBCLK_SetFractionalDividerRegister, %function
 329              	MUX_CTRL_SCBCLK_SetFractionalDividerRegister:
 330              	.LFB2:
 116:.\Generated_Source\PSoC4/MUX_CTRL_SCBCLK.c **** 
 117:.\Generated_Source\PSoC4/MUX_CTRL_SCBCLK.c **** 
 118:.\Generated_Source\PSoC4/MUX_CTRL_SCBCLK.c **** /*******************************************************************************
 119:.\Generated_Source\PSoC4/MUX_CTRL_SCBCLK.c **** * Function Name: MUX_CTRL_SCBCLK_SetFractionalDividerRegister
 120:.\Generated_Source\PSoC4/MUX_CTRL_SCBCLK.c **** ********************************************************************************
 121:.\Generated_Source\PSoC4/MUX_CTRL_SCBCLK.c **** *
 122:.\Generated_Source\PSoC4/MUX_CTRL_SCBCLK.c **** * Summary:
 123:.\Generated_Source\PSoC4/MUX_CTRL_SCBCLK.c **** *  Modifies the clock divider and the fractional divider.
 124:.\Generated_Source\PSoC4/MUX_CTRL_SCBCLK.c **** *
 125:.\Generated_Source\PSoC4/MUX_CTRL_SCBCLK.c **** * Parameters:
 126:.\Generated_Source\PSoC4/MUX_CTRL_SCBCLK.c **** *  clkDivider:  Divider register value (0-65535). This value is NOT the
 127:.\Generated_Source\PSoC4/MUX_CTRL_SCBCLK.c **** *    divider; the clock hardware divides by clkDivider plus one. For example,
 128:.\Generated_Source\PSoC4/MUX_CTRL_SCBCLK.c **** *    to divide the clock by 2, this parameter should be set to 1.
 129:.\Generated_Source\PSoC4/MUX_CTRL_SCBCLK.c **** *  fracDivider:  Fractional Divider register value (0-31).
 130:.\Generated_Source\PSoC4/MUX_CTRL_SCBCLK.c **** * Returns:
 131:.\Generated_Source\PSoC4/MUX_CTRL_SCBCLK.c **** *  None
 132:.\Generated_Source\PSoC4/MUX_CTRL_SCBCLK.c **** *
 133:.\Generated_Source\PSoC4/MUX_CTRL_SCBCLK.c **** *******************************************************************************/
 134:.\Generated_Source\PSoC4/MUX_CTRL_SCBCLK.c **** void MUX_CTRL_SCBCLK_SetFractionalDividerRegister(uint16 clkDivider, uint8 clkFractional)
 135:.\Generated_Source\PSoC4/MUX_CTRL_SCBCLK.c **** {
 331              		.loc 1 135 0
 332              		.cfi_startproc
 333              	.LVL2:
 136:.\Generated_Source\PSoC4/MUX_CTRL_SCBCLK.c ****     uint32 maskVal;
 137:.\Generated_Source\PSoC4/MUX_CTRL_SCBCLK.c ****     uint32 regVal;
 138:.\Generated_Source\PSoC4/MUX_CTRL_SCBCLK.c ****     
 139:.\Generated_Source\PSoC4/MUX_CTRL_SCBCLK.c **** #if defined (MUX_CTRL_SCBCLK__FRAC_MASK) || defined (CYREG_PERI_DIV_CMD)
 140:.\Generated_Source\PSoC4/MUX_CTRL_SCBCLK.c ****     
 141:.\Generated_Source\PSoC4/MUX_CTRL_SCBCLK.c **** 	/* get all but divider bits */
 142:.\Generated_Source\PSoC4/MUX_CTRL_SCBCLK.c ****     maskVal = MUX_CTRL_SCBCLK_DIV_REG & 
 143:.\Generated_Source\PSoC4/MUX_CTRL_SCBCLK.c ****                     (uint32)(~(uint32)(MUX_CTRL_SCBCLK_DIV_INT_MASK | MUX_CTRL_SCBCLK_DIV_FRAC_MASK
 144:.\Generated_Source\PSoC4/MUX_CTRL_SCBCLK.c **** 	/* combine mask and new divider vals into 32-bit value */
 145:.\Generated_Source\PSoC4/MUX_CTRL_SCBCLK.c ****     regVal = maskVal |
 146:.\Generated_Source\PSoC4/MUX_CTRL_SCBCLK.c ****         ((uint32)((uint32)clkDivider <<  MUX_CTRL_SCBCLK_DIV_INT_SHIFT) & MUX_CTRL_SCBCLK_DIV_INT_M
 147:.\Generated_Source\PSoC4/MUX_CTRL_SCBCLK.c ****         ((uint32)((uint32)clkFractional << MUX_CTRL_SCBCLK_DIV_FRAC_SHIFT) & MUX_CTRL_SCBCLK_DIV_FR
 334              		.loc 1 147 0
 335 0000 FF22     		mov	r2, #255
 142:.\Generated_Source\PSoC4/MUX_CTRL_SCBCLK.c ****                     (uint32)(~(uint32)(MUX_CTRL_SCBCLK_DIV_INT_MASK | MUX_CTRL_SCBCLK_DIV_FRAC_MASK
 336              		.loc 1 142 0
 337 0002 0723     		mov	r3, #7
 135:.\Generated_Source\PSoC4/MUX_CTRL_SCBCLK.c ****     uint32 maskVal;
ARM GAS  C:\Users\victo\AppData\Local\Temp\ccrQDdDX.s 			page 23


 338              		.loc 1 135 0
 339 0004 30B5     		push	{r4, r5, lr}
 340              		.cfi_def_cfa_offset 12
 341              		.cfi_offset 4, -12
 342              		.cfi_offset 5, -8
 343              		.cfi_offset 14, -4
 142:.\Generated_Source\PSoC4/MUX_CTRL_SCBCLK.c ****                     (uint32)(~(uint32)(MUX_CTRL_SCBCLK_DIV_INT_MASK | MUX_CTRL_SCBCLK_DIV_FRAC_MASK
 344              		.loc 1 142 0
 345 0006 054C     		ldr	r4, .L11
 346              		.loc 1 147 0
 347 0008 C900     		lsl	r1, r1, #3
 348              	.LVL3:
 142:.\Generated_Source\PSoC4/MUX_CTRL_SCBCLK.c ****                     (uint32)(~(uint32)(MUX_CTRL_SCBCLK_DIV_INT_MASK | MUX_CTRL_SCBCLK_DIV_FRAC_MASK
 349              		.loc 1 142 0
 350 000a 2568     		ldr	r5, [r4]
 351              	.LVL4:
 146:.\Generated_Source\PSoC4/MUX_CTRL_SCBCLK.c ****         ((uint32)((uint32)clkFractional << MUX_CTRL_SCBCLK_DIV_FRAC_SHIFT) & MUX_CTRL_SCBCLK_DIV_FR
 352              		.loc 1 146 0
 353 000c 0002     		lsl	r0, r0, #8
 354              	.LVL5:
 355              		.loc 1 147 0
 356 000e 1140     		and	r1, r2
 142:.\Generated_Source\PSoC4/MUX_CTRL_SCBCLK.c ****                     (uint32)(~(uint32)(MUX_CTRL_SCBCLK_DIV_INT_MASK | MUX_CTRL_SCBCLK_DIV_FRAC_MASK
 357              		.loc 1 142 0
 358 0010 2B40     		and	r3, r5
 359              	.LVL6:
 360 0012 0143     		orr	r1, r0
 145:.\Generated_Source\PSoC4/MUX_CTRL_SCBCLK.c ****         ((uint32)((uint32)clkDivider <<  MUX_CTRL_SCBCLK_DIV_INT_SHIFT) & MUX_CTRL_SCBCLK_DIV_INT_M
 361              		.loc 1 145 0
 362 0014 1943     		orr	r1, r3
 363              	.LVL7:
 148:.\Generated_Source\PSoC4/MUX_CTRL_SCBCLK.c ****     
 149:.\Generated_Source\PSoC4/MUX_CTRL_SCBCLK.c **** #else
 150:.\Generated_Source\PSoC4/MUX_CTRL_SCBCLK.c ****     /* get all but integer divider bits */
 151:.\Generated_Source\PSoC4/MUX_CTRL_SCBCLK.c ****     maskVal = MUX_CTRL_SCBCLK_DIV_REG & (uint32)(~(uint32)MUX_CTRL_SCBCLK__DIVIDER_MASK);
 152:.\Generated_Source\PSoC4/MUX_CTRL_SCBCLK.c ****     /* combine mask and new divider val into 32-bit value */
 153:.\Generated_Source\PSoC4/MUX_CTRL_SCBCLK.c ****     regVal = clkDivider | maskVal;
 154:.\Generated_Source\PSoC4/MUX_CTRL_SCBCLK.c ****     
 155:.\Generated_Source\PSoC4/MUX_CTRL_SCBCLK.c **** #endif /* MUX_CTRL_SCBCLK__FRAC_MASK || CYREG_PERI_DIV_CMD */
 156:.\Generated_Source\PSoC4/MUX_CTRL_SCBCLK.c **** 
 157:.\Generated_Source\PSoC4/MUX_CTRL_SCBCLK.c ****     MUX_CTRL_SCBCLK_DIV_REG = regVal;
 364              		.loc 1 157 0
 365 0016 2160     		str	r1, [r4]
 158:.\Generated_Source\PSoC4/MUX_CTRL_SCBCLK.c **** }
 366              		.loc 1 158 0
 367              		@ sp needed
 368 0018 30BD     		pop	{r4, r5, pc}
 369              	.L12:
 370 001a C046     		.align	2
 371              	.L11:
 372 001c 0C020140 		.word	1073807884
 373              		.cfi_endproc
 374              	.LFE2:
 375              		.size	MUX_CTRL_SCBCLK_SetFractionalDividerRegister, .-MUX_CTRL_SCBCLK_SetFractionalDividerRegister
 376              		.section	.text.MUX_CTRL_SCBCLK_GetDividerRegister,"ax",%progbits
 377              		.align	1
 378              		.global	MUX_CTRL_SCBCLK_GetDividerRegister
ARM GAS  C:\Users\victo\AppData\Local\Temp\ccrQDdDX.s 			page 24


 379              		.code	16
 380              		.thumb_func
 381              		.type	MUX_CTRL_SCBCLK_GetDividerRegister, %function
 382              	MUX_CTRL_SCBCLK_GetDividerRegister:
 383              	.LFB3:
 159:.\Generated_Source\PSoC4/MUX_CTRL_SCBCLK.c **** 
 160:.\Generated_Source\PSoC4/MUX_CTRL_SCBCLK.c **** 
 161:.\Generated_Source\PSoC4/MUX_CTRL_SCBCLK.c **** /*******************************************************************************
 162:.\Generated_Source\PSoC4/MUX_CTRL_SCBCLK.c **** * Function Name: MUX_CTRL_SCBCLK_GetDividerRegister
 163:.\Generated_Source\PSoC4/MUX_CTRL_SCBCLK.c **** ********************************************************************************
 164:.\Generated_Source\PSoC4/MUX_CTRL_SCBCLK.c **** *
 165:.\Generated_Source\PSoC4/MUX_CTRL_SCBCLK.c **** * Summary:
 166:.\Generated_Source\PSoC4/MUX_CTRL_SCBCLK.c **** *  Gets the clock divider register value.
 167:.\Generated_Source\PSoC4/MUX_CTRL_SCBCLK.c **** *
 168:.\Generated_Source\PSoC4/MUX_CTRL_SCBCLK.c **** * Parameters:
 169:.\Generated_Source\PSoC4/MUX_CTRL_SCBCLK.c **** *  None
 170:.\Generated_Source\PSoC4/MUX_CTRL_SCBCLK.c **** *
 171:.\Generated_Source\PSoC4/MUX_CTRL_SCBCLK.c **** * Returns:
 172:.\Generated_Source\PSoC4/MUX_CTRL_SCBCLK.c **** *  Divide value of the clock minus 1. For example, if the clock is set to
 173:.\Generated_Source\PSoC4/MUX_CTRL_SCBCLK.c **** *  divide by 2, the return value will be 1.
 174:.\Generated_Source\PSoC4/MUX_CTRL_SCBCLK.c **** *
 175:.\Generated_Source\PSoC4/MUX_CTRL_SCBCLK.c **** *******************************************************************************/
 176:.\Generated_Source\PSoC4/MUX_CTRL_SCBCLK.c **** uint16 MUX_CTRL_SCBCLK_GetDividerRegister(void)
 177:.\Generated_Source\PSoC4/MUX_CTRL_SCBCLK.c **** {
 384              		.loc 1 177 0
 385              		.cfi_startproc
 178:.\Generated_Source\PSoC4/MUX_CTRL_SCBCLK.c ****     return (uint16)((MUX_CTRL_SCBCLK_DIV_REG & MUX_CTRL_SCBCLK_DIV_INT_MASK)
 386              		.loc 1 178 0
 387 0000 024B     		ldr	r3, .L14
 179:.\Generated_Source\PSoC4/MUX_CTRL_SCBCLK.c ****         >> MUX_CTRL_SCBCLK_DIV_INT_SHIFT);
 180:.\Generated_Source\PSoC4/MUX_CTRL_SCBCLK.c **** }
 388              		.loc 1 180 0
 389              		@ sp needed
 178:.\Generated_Source\PSoC4/MUX_CTRL_SCBCLK.c ****     return (uint16)((MUX_CTRL_SCBCLK_DIV_REG & MUX_CTRL_SCBCLK_DIV_INT_MASK)
 390              		.loc 1 178 0
 391 0002 1868     		ldr	r0, [r3]
 179:.\Generated_Source\PSoC4/MUX_CTRL_SCBCLK.c ****         >> MUX_CTRL_SCBCLK_DIV_INT_SHIFT);
 392              		.loc 1 179 0
 393 0004 000A     		lsr	r0, r0, #8
 178:.\Generated_Source\PSoC4/MUX_CTRL_SCBCLK.c ****     return (uint16)((MUX_CTRL_SCBCLK_DIV_REG & MUX_CTRL_SCBCLK_DIV_INT_MASK)
 394              		.loc 1 178 0
 395 0006 80B2     		uxth	r0, r0
 396              		.loc 1 180 0
 397 0008 7047     		bx	lr
 398              	.L15:
 399 000a C046     		.align	2
 400              	.L14:
 401 000c 0C020140 		.word	1073807884
 402              		.cfi_endproc
 403              	.LFE3:
 404              		.size	MUX_CTRL_SCBCLK_GetDividerRegister, .-MUX_CTRL_SCBCLK_GetDividerRegister
 405              		.section	.text.MUX_CTRL_SCBCLK_GetFractionalDividerRegister,"ax",%progbits
 406              		.align	1
 407              		.global	MUX_CTRL_SCBCLK_GetFractionalDividerRegister
 408              		.code	16
 409              		.thumb_func
 410              		.type	MUX_CTRL_SCBCLK_GetFractionalDividerRegister, %function
ARM GAS  C:\Users\victo\AppData\Local\Temp\ccrQDdDX.s 			page 25


 411              	MUX_CTRL_SCBCLK_GetFractionalDividerRegister:
 412              	.LFB4:
 181:.\Generated_Source\PSoC4/MUX_CTRL_SCBCLK.c **** 
 182:.\Generated_Source\PSoC4/MUX_CTRL_SCBCLK.c **** 
 183:.\Generated_Source\PSoC4/MUX_CTRL_SCBCLK.c **** /*******************************************************************************
 184:.\Generated_Source\PSoC4/MUX_CTRL_SCBCLK.c **** * Function Name: MUX_CTRL_SCBCLK_GetFractionalDividerRegister
 185:.\Generated_Source\PSoC4/MUX_CTRL_SCBCLK.c **** ********************************************************************************
 186:.\Generated_Source\PSoC4/MUX_CTRL_SCBCLK.c **** *
 187:.\Generated_Source\PSoC4/MUX_CTRL_SCBCLK.c **** * Summary:
 188:.\Generated_Source\PSoC4/MUX_CTRL_SCBCLK.c **** *  Gets the clock fractional divider register value.
 189:.\Generated_Source\PSoC4/MUX_CTRL_SCBCLK.c **** *
 190:.\Generated_Source\PSoC4/MUX_CTRL_SCBCLK.c **** * Parameters:
 191:.\Generated_Source\PSoC4/MUX_CTRL_SCBCLK.c **** *  None
 192:.\Generated_Source\PSoC4/MUX_CTRL_SCBCLK.c **** *
 193:.\Generated_Source\PSoC4/MUX_CTRL_SCBCLK.c **** * Returns:
 194:.\Generated_Source\PSoC4/MUX_CTRL_SCBCLK.c **** *  Fractional Divide value of the clock
 195:.\Generated_Source\PSoC4/MUX_CTRL_SCBCLK.c **** *  0 if the fractional divider is not in use.
 196:.\Generated_Source\PSoC4/MUX_CTRL_SCBCLK.c **** *
 197:.\Generated_Source\PSoC4/MUX_CTRL_SCBCLK.c **** *******************************************************************************/
 198:.\Generated_Source\PSoC4/MUX_CTRL_SCBCLK.c **** uint8 MUX_CTRL_SCBCLK_GetFractionalDividerRegister(void)
 199:.\Generated_Source\PSoC4/MUX_CTRL_SCBCLK.c **** {
 413              		.loc 1 199 0
 414              		.cfi_startproc
 200:.\Generated_Source\PSoC4/MUX_CTRL_SCBCLK.c **** #if defined (MUX_CTRL_SCBCLK__FRAC_MASK)
 201:.\Generated_Source\PSoC4/MUX_CTRL_SCBCLK.c ****     /* return fractional divider bits */
 202:.\Generated_Source\PSoC4/MUX_CTRL_SCBCLK.c ****     return (uint8)((MUX_CTRL_SCBCLK_DIV_REG & MUX_CTRL_SCBCLK_DIV_FRAC_MASK)
 203:.\Generated_Source\PSoC4/MUX_CTRL_SCBCLK.c ****         >> MUX_CTRL_SCBCLK_DIV_FRAC_SHIFT);
 204:.\Generated_Source\PSoC4/MUX_CTRL_SCBCLK.c **** #else
 205:.\Generated_Source\PSoC4/MUX_CTRL_SCBCLK.c ****     return 0u;
 206:.\Generated_Source\PSoC4/MUX_CTRL_SCBCLK.c **** #endif /* MUX_CTRL_SCBCLK__FRAC_MASK */
 207:.\Generated_Source\PSoC4/MUX_CTRL_SCBCLK.c **** }
 415              		.loc 1 207 0
 416 0000 0020     		mov	r0, #0
 417              		@ sp needed
 418 0002 7047     		bx	lr
 419              		.cfi_endproc
 420              	.LFE4:
 421              		.size	MUX_CTRL_SCBCLK_GetFractionalDividerRegister, .-MUX_CTRL_SCBCLK_GetFractionalDividerRegister
 422              		.text
 423              	.Letext0:
 424              		.file 2 "Generated_Source\\PSoC4/cytypes.h"
 425              		.section	.debug_info,"",%progbits
 426              	.Ldebug_info0:
 427 0000 62010000 		.4byte	0x162
 428 0004 0400     		.2byte	0x4
 429 0006 00000000 		.4byte	.Ldebug_abbrev0
 430 000a 04       		.byte	0x4
 431 000b 01       		.uleb128 0x1
 432 000c 3F010000 		.4byte	.LASF25
 433 0010 01       		.byte	0x1
 434 0011 0E000000 		.4byte	.LASF26
 435 0015 FB010000 		.4byte	.LASF27
 436 0019 00000000 		.4byte	.Ldebug_ranges0+0
 437 001d 00000000 		.4byte	0
 438 0021 00000000 		.4byte	.Ldebug_line0
 439 0025 02       		.uleb128 0x2
 440 0026 01       		.byte	0x1
ARM GAS  C:\Users\victo\AppData\Local\Temp\ccrQDdDX.s 			page 26


 441 0027 06       		.byte	0x6
 442 0028 CE020000 		.4byte	.LASF0
 443 002c 02       		.uleb128 0x2
 444 002d 01       		.byte	0x1
 445 002e 08       		.byte	0x8
 446 002f 57000000 		.4byte	.LASF1
 447 0033 02       		.uleb128 0x2
 448 0034 02       		.byte	0x2
 449 0035 05       		.byte	0x5
 450 0036 88020000 		.4byte	.LASF2
 451 003a 02       		.uleb128 0x2
 452 003b 02       		.byte	0x2
 453 003c 07       		.byte	0x7
 454 003d 9A000000 		.4byte	.LASF3
 455 0041 02       		.uleb128 0x2
 456 0042 04       		.byte	0x4
 457 0043 05       		.byte	0x5
 458 0044 C5020000 		.4byte	.LASF4
 459 0048 02       		.uleb128 0x2
 460 0049 04       		.byte	0x4
 461 004a 07       		.byte	0x7
 462 004b 88000000 		.4byte	.LASF5
 463 004f 02       		.uleb128 0x2
 464 0050 08       		.byte	0x8
 465 0051 05       		.byte	0x5
 466 0052 60020000 		.4byte	.LASF6
 467 0056 02       		.uleb128 0x2
 468 0057 08       		.byte	0x8
 469 0058 07       		.byte	0x7
 470 0059 28010000 		.4byte	.LASF7
 471 005d 03       		.uleb128 0x3
 472 005e 04       		.byte	0x4
 473 005f 05       		.byte	0x5
 474 0060 696E7400 		.ascii	"int\000"
 475 0064 02       		.uleb128 0x2
 476 0065 04       		.byte	0x4
 477 0066 07       		.byte	0x7
 478 0067 EE000000 		.4byte	.LASF8
 479 006b 04       		.uleb128 0x4
 480 006c 92020000 		.4byte	.LASF9
 481 0070 02       		.byte	0x2
 482 0071 9801     		.2byte	0x198
 483 0073 2C000000 		.4byte	0x2c
 484 0077 04       		.uleb128 0x4
 485 0078 E0000000 		.4byte	.LASF10
 486 007c 02       		.byte	0x2
 487 007d 9901     		.2byte	0x199
 488 007f 3A000000 		.4byte	0x3a
 489 0083 04       		.uleb128 0x4
 490 0084 E7000000 		.4byte	.LASF11
 491 0088 02       		.byte	0x2
 492 0089 9A01     		.2byte	0x19a
 493 008b 48000000 		.4byte	0x48
 494 008f 02       		.uleb128 0x2
 495 0090 04       		.byte	0x4
 496 0091 04       		.byte	0x4
 497 0092 51000000 		.4byte	.LASF12
ARM GAS  C:\Users\victo\AppData\Local\Temp\ccrQDdDX.s 			page 27


 498 0096 02       		.uleb128 0x2
 499 0097 08       		.byte	0x8
 500 0098 04       		.byte	0x4
 501 0099 B8000000 		.4byte	.LASF13
 502 009d 02       		.uleb128 0x2
 503 009e 01       		.byte	0x1
 504 009f 08       		.byte	0x8
 505 00a0 6E020000 		.4byte	.LASF14
 506 00a4 04       		.uleb128 0x4
 507 00a5 00000000 		.4byte	.LASF15
 508 00a9 02       		.byte	0x2
 509 00aa 4402     		.2byte	0x244
 510 00ac B0000000 		.4byte	0xb0
 511 00b0 05       		.uleb128 0x5
 512 00b1 83000000 		.4byte	0x83
 513 00b5 06       		.uleb128 0x6
 514 00b6 39000000 		.4byte	.LASF16
 515 00ba 01       		.byte	0x1
 516 00bb 27       		.byte	0x27
 517 00bc 00000000 		.4byte	.LFB0
 518 00c0 1C000000 		.4byte	.LFE0-.LFB0
 519 00c4 01       		.uleb128 0x1
 520 00c5 9C       		.byte	0x9c
 521 00c6 DA000000 		.4byte	0xda
 522 00ca 07       		.uleb128 0x7
 523 00cb C6000000 		.4byte	.LASF18
 524 00cf 01       		.byte	0x1
 525 00d0 27       		.byte	0x27
 526 00d1 83000000 		.4byte	0x83
 527 00d5 00000000 		.4byte	.LLST0
 528 00d9 00       		.byte	0
 529 00da 08       		.uleb128 0x8
 530 00db 73020000 		.4byte	.LASF28
 531 00df 01       		.byte	0x1
 532 00e0 5F       		.byte	0x5f
 533 00e1 00000000 		.4byte	.LFB1
 534 00e5 18000000 		.4byte	.LFE1-.LFB1
 535 00e9 01       		.uleb128 0x1
 536 00ea 9C       		.byte	0x9c
 537 00eb 06       		.uleb128 0x6
 538 00ec 98020000 		.4byte	.LASF17
 539 00f0 01       		.byte	0x1
 540 00f1 86       		.byte	0x86
 541 00f2 00000000 		.4byte	.LFB2
 542 00f6 20000000 		.4byte	.LFE2-.LFB2
 543 00fa 01       		.uleb128 0x1
 544 00fb 9C       		.byte	0x9c
 545 00fc 3B010000 		.4byte	0x13b
 546 0100 07       		.uleb128 0x7
 547 0101 AD000000 		.4byte	.LASF19
 548 0105 01       		.byte	0x1
 549 0106 86       		.byte	0x86
 550 0107 77000000 		.4byte	0x77
 551 010b 21000000 		.4byte	.LLST1
 552 010f 07       		.uleb128 0x7
 553 0110 D2000000 		.4byte	.LASF20
 554 0114 01       		.byte	0x1
ARM GAS  C:\Users\victo\AppData\Local\Temp\ccrQDdDX.s 			page 28


 555 0115 86       		.byte	0x86
 556 0116 6B000000 		.4byte	0x6b
 557 011a 42000000 		.4byte	.LLST2
 558 011e 09       		.uleb128 0x9
 559 011f 06000000 		.4byte	.LASF21
 560 0123 01       		.byte	0x1
 561 0124 88       		.byte	0x88
 562 0125 83000000 		.4byte	0x83
 563 0129 63000000 		.4byte	.LLST3
 564 012d 0A       		.uleb128 0xa
 565 012e BF000000 		.4byte	.LASF22
 566 0132 01       		.byte	0x1
 567 0133 89       		.byte	0x89
 568 0134 83000000 		.4byte	0x83
 569 0138 01       		.uleb128 0x1
 570 0139 51       		.byte	0x51
 571 013a 00       		.byte	0
 572 013b 0B       		.uleb128 0xb
 573 013c 65000000 		.4byte	.LASF23
 574 0140 01       		.byte	0x1
 575 0141 B0       		.byte	0xb0
 576 0142 77000000 		.4byte	0x77
 577 0146 00000000 		.4byte	.LFB3
 578 014a 10000000 		.4byte	.LFE3-.LFB3
 579 014e 01       		.uleb128 0x1
 580 014f 9C       		.byte	0x9c
 581 0150 0B       		.uleb128 0xb
 582 0151 FB000000 		.4byte	.LASF24
 583 0155 01       		.byte	0x1
 584 0156 C6       		.byte	0xc6
 585 0157 6B000000 		.4byte	0x6b
 586 015b 00000000 		.4byte	.LFB4
 587 015f 04000000 		.4byte	.LFE4-.LFB4
 588 0163 01       		.uleb128 0x1
 589 0164 9C       		.byte	0x9c
 590 0165 00       		.byte	0
 591              		.section	.debug_abbrev,"",%progbits
 592              	.Ldebug_abbrev0:
 593 0000 01       		.uleb128 0x1
 594 0001 11       		.uleb128 0x11
 595 0002 01       		.byte	0x1
 596 0003 25       		.uleb128 0x25
 597 0004 0E       		.uleb128 0xe
 598 0005 13       		.uleb128 0x13
 599 0006 0B       		.uleb128 0xb
 600 0007 03       		.uleb128 0x3
 601 0008 0E       		.uleb128 0xe
 602 0009 1B       		.uleb128 0x1b
 603 000a 0E       		.uleb128 0xe
 604 000b 55       		.uleb128 0x55
 605 000c 17       		.uleb128 0x17
 606 000d 11       		.uleb128 0x11
 607 000e 01       		.uleb128 0x1
 608 000f 10       		.uleb128 0x10
 609 0010 17       		.uleb128 0x17
 610 0011 00       		.byte	0
 611 0012 00       		.byte	0
ARM GAS  C:\Users\victo\AppData\Local\Temp\ccrQDdDX.s 			page 29


 612 0013 02       		.uleb128 0x2
 613 0014 24       		.uleb128 0x24
 614 0015 00       		.byte	0
 615 0016 0B       		.uleb128 0xb
 616 0017 0B       		.uleb128 0xb
 617 0018 3E       		.uleb128 0x3e
 618 0019 0B       		.uleb128 0xb
 619 001a 03       		.uleb128 0x3
 620 001b 0E       		.uleb128 0xe
 621 001c 00       		.byte	0
 622 001d 00       		.byte	0
 623 001e 03       		.uleb128 0x3
 624 001f 24       		.uleb128 0x24
 625 0020 00       		.byte	0
 626 0021 0B       		.uleb128 0xb
 627 0022 0B       		.uleb128 0xb
 628 0023 3E       		.uleb128 0x3e
 629 0024 0B       		.uleb128 0xb
 630 0025 03       		.uleb128 0x3
 631 0026 08       		.uleb128 0x8
 632 0027 00       		.byte	0
 633 0028 00       		.byte	0
 634 0029 04       		.uleb128 0x4
 635 002a 16       		.uleb128 0x16
 636 002b 00       		.byte	0
 637 002c 03       		.uleb128 0x3
 638 002d 0E       		.uleb128 0xe
 639 002e 3A       		.uleb128 0x3a
 640 002f 0B       		.uleb128 0xb
 641 0030 3B       		.uleb128 0x3b
 642 0031 05       		.uleb128 0x5
 643 0032 49       		.uleb128 0x49
 644 0033 13       		.uleb128 0x13
 645 0034 00       		.byte	0
 646 0035 00       		.byte	0
 647 0036 05       		.uleb128 0x5
 648 0037 35       		.uleb128 0x35
 649 0038 00       		.byte	0
 650 0039 49       		.uleb128 0x49
 651 003a 13       		.uleb128 0x13
 652 003b 00       		.byte	0
 653 003c 00       		.byte	0
 654 003d 06       		.uleb128 0x6
 655 003e 2E       		.uleb128 0x2e
 656 003f 01       		.byte	0x1
 657 0040 3F       		.uleb128 0x3f
 658 0041 19       		.uleb128 0x19
 659 0042 03       		.uleb128 0x3
 660 0043 0E       		.uleb128 0xe
 661 0044 3A       		.uleb128 0x3a
 662 0045 0B       		.uleb128 0xb
 663 0046 3B       		.uleb128 0x3b
 664 0047 0B       		.uleb128 0xb
 665 0048 27       		.uleb128 0x27
 666 0049 19       		.uleb128 0x19
 667 004a 11       		.uleb128 0x11
 668 004b 01       		.uleb128 0x1
ARM GAS  C:\Users\victo\AppData\Local\Temp\ccrQDdDX.s 			page 30


 669 004c 12       		.uleb128 0x12
 670 004d 06       		.uleb128 0x6
 671 004e 40       		.uleb128 0x40
 672 004f 18       		.uleb128 0x18
 673 0050 9742     		.uleb128 0x2117
 674 0052 19       		.uleb128 0x19
 675 0053 01       		.uleb128 0x1
 676 0054 13       		.uleb128 0x13
 677 0055 00       		.byte	0
 678 0056 00       		.byte	0
 679 0057 07       		.uleb128 0x7
 680 0058 05       		.uleb128 0x5
 681 0059 00       		.byte	0
 682 005a 03       		.uleb128 0x3
 683 005b 0E       		.uleb128 0xe
 684 005c 3A       		.uleb128 0x3a
 685 005d 0B       		.uleb128 0xb
 686 005e 3B       		.uleb128 0x3b
 687 005f 0B       		.uleb128 0xb
 688 0060 49       		.uleb128 0x49
 689 0061 13       		.uleb128 0x13
 690 0062 02       		.uleb128 0x2
 691 0063 17       		.uleb128 0x17
 692 0064 00       		.byte	0
 693 0065 00       		.byte	0
 694 0066 08       		.uleb128 0x8
 695 0067 2E       		.uleb128 0x2e
 696 0068 00       		.byte	0
 697 0069 3F       		.uleb128 0x3f
 698 006a 19       		.uleb128 0x19
 699 006b 03       		.uleb128 0x3
 700 006c 0E       		.uleb128 0xe
 701 006d 3A       		.uleb128 0x3a
 702 006e 0B       		.uleb128 0xb
 703 006f 3B       		.uleb128 0x3b
 704 0070 0B       		.uleb128 0xb
 705 0071 27       		.uleb128 0x27
 706 0072 19       		.uleb128 0x19
 707 0073 11       		.uleb128 0x11
 708 0074 01       		.uleb128 0x1
 709 0075 12       		.uleb128 0x12
 710 0076 06       		.uleb128 0x6
 711 0077 40       		.uleb128 0x40
 712 0078 18       		.uleb128 0x18
 713 0079 9742     		.uleb128 0x2117
 714 007b 19       		.uleb128 0x19
 715 007c 00       		.byte	0
 716 007d 00       		.byte	0
 717 007e 09       		.uleb128 0x9
 718 007f 34       		.uleb128 0x34
 719 0080 00       		.byte	0
 720 0081 03       		.uleb128 0x3
 721 0082 0E       		.uleb128 0xe
 722 0083 3A       		.uleb128 0x3a
 723 0084 0B       		.uleb128 0xb
 724 0085 3B       		.uleb128 0x3b
 725 0086 0B       		.uleb128 0xb
ARM GAS  C:\Users\victo\AppData\Local\Temp\ccrQDdDX.s 			page 31


 726 0087 49       		.uleb128 0x49
 727 0088 13       		.uleb128 0x13
 728 0089 02       		.uleb128 0x2
 729 008a 17       		.uleb128 0x17
 730 008b 00       		.byte	0
 731 008c 00       		.byte	0
 732 008d 0A       		.uleb128 0xa
 733 008e 34       		.uleb128 0x34
 734 008f 00       		.byte	0
 735 0090 03       		.uleb128 0x3
 736 0091 0E       		.uleb128 0xe
 737 0092 3A       		.uleb128 0x3a
 738 0093 0B       		.uleb128 0xb
 739 0094 3B       		.uleb128 0x3b
 740 0095 0B       		.uleb128 0xb
 741 0096 49       		.uleb128 0x49
 742 0097 13       		.uleb128 0x13
 743 0098 02       		.uleb128 0x2
 744 0099 18       		.uleb128 0x18
 745 009a 00       		.byte	0
 746 009b 00       		.byte	0
 747 009c 0B       		.uleb128 0xb
 748 009d 2E       		.uleb128 0x2e
 749 009e 00       		.byte	0
 750 009f 3F       		.uleb128 0x3f
 751 00a0 19       		.uleb128 0x19
 752 00a1 03       		.uleb128 0x3
 753 00a2 0E       		.uleb128 0xe
 754 00a3 3A       		.uleb128 0x3a
 755 00a4 0B       		.uleb128 0xb
 756 00a5 3B       		.uleb128 0x3b
 757 00a6 0B       		.uleb128 0xb
 758 00a7 27       		.uleb128 0x27
 759 00a8 19       		.uleb128 0x19
 760 00a9 49       		.uleb128 0x49
 761 00aa 13       		.uleb128 0x13
 762 00ab 11       		.uleb128 0x11
 763 00ac 01       		.uleb128 0x1
 764 00ad 12       		.uleb128 0x12
 765 00ae 06       		.uleb128 0x6
 766 00af 40       		.uleb128 0x40
 767 00b0 18       		.uleb128 0x18
 768 00b1 9742     		.uleb128 0x2117
 769 00b3 19       		.uleb128 0x19
 770 00b4 00       		.byte	0
 771 00b5 00       		.byte	0
 772 00b6 00       		.byte	0
 773              		.section	.debug_loc,"",%progbits
 774              	.Ldebug_loc0:
 775              	.LLST0:
 776 0000 00000000 		.4byte	.LVL0
 777 0004 0C000000 		.4byte	.LVL1
 778 0008 0100     		.2byte	0x1
 779 000a 50       		.byte	0x50
 780 000b 0C000000 		.4byte	.LVL1
 781 000f 1C000000 		.4byte	.LFE0
 782 0013 0400     		.2byte	0x4
ARM GAS  C:\Users\victo\AppData\Local\Temp\ccrQDdDX.s 			page 32


 783 0015 F3       		.byte	0xf3
 784 0016 01       		.uleb128 0x1
 785 0017 50       		.byte	0x50
 786 0018 9F       		.byte	0x9f
 787 0019 00000000 		.4byte	0
 788 001d 00000000 		.4byte	0
 789              	.LLST1:
 790 0021 00000000 		.4byte	.LVL2
 791 0025 0E000000 		.4byte	.LVL5
 792 0029 0100     		.2byte	0x1
 793 002b 50       		.byte	0x50
 794 002c 0E000000 		.4byte	.LVL5
 795 0030 20000000 		.4byte	.LFE2
 796 0034 0400     		.2byte	0x4
 797 0036 F3       		.byte	0xf3
 798 0037 01       		.uleb128 0x1
 799 0038 50       		.byte	0x50
 800 0039 9F       		.byte	0x9f
 801 003a 00000000 		.4byte	0
 802 003e 00000000 		.4byte	0
 803              	.LLST2:
 804 0042 00000000 		.4byte	.LVL2
 805 0046 0A000000 		.4byte	.LVL3
 806 004a 0100     		.2byte	0x1
 807 004c 51       		.byte	0x51
 808 004d 0A000000 		.4byte	.LVL3
 809 0051 20000000 		.4byte	.LFE2
 810 0055 0400     		.2byte	0x4
 811 0057 F3       		.byte	0xf3
 812 0058 01       		.uleb128 0x1
 813 0059 51       		.byte	0x51
 814 005a 9F       		.byte	0x9f
 815 005b 00000000 		.4byte	0
 816 005f 00000000 		.4byte	0
 817              	.LLST3:
 818 0063 0C000000 		.4byte	.LVL4
 819 0067 12000000 		.4byte	.LVL6
 820 006b 0500     		.2byte	0x5
 821 006d 75       		.byte	0x75
 822 006e 00       		.sleb128 0
 823 006f 37       		.byte	0x37
 824 0070 1A       		.byte	0x1a
 825 0071 9F       		.byte	0x9f
 826 0072 12000000 		.4byte	.LVL6
 827 0076 20000000 		.4byte	.LFE2
 828 007a 0100     		.2byte	0x1
 829 007c 53       		.byte	0x53
 830 007d 00000000 		.4byte	0
 831 0081 00000000 		.4byte	0
 832              		.section	.debug_aranges,"",%progbits
 833 0000 3C000000 		.4byte	0x3c
 834 0004 0200     		.2byte	0x2
 835 0006 00000000 		.4byte	.Ldebug_info0
 836 000a 04       		.byte	0x4
 837 000b 00       		.byte	0
 838 000c 0000     		.2byte	0
 839 000e 0000     		.2byte	0
ARM GAS  C:\Users\victo\AppData\Local\Temp\ccrQDdDX.s 			page 33


 840 0010 00000000 		.4byte	.LFB0
 841 0014 1C000000 		.4byte	.LFE0-.LFB0
 842 0018 00000000 		.4byte	.LFB1
 843 001c 18000000 		.4byte	.LFE1-.LFB1
 844 0020 00000000 		.4byte	.LFB2
 845 0024 20000000 		.4byte	.LFE2-.LFB2
 846 0028 00000000 		.4byte	.LFB3
 847 002c 10000000 		.4byte	.LFE3-.LFB3
 848 0030 00000000 		.4byte	.LFB4
 849 0034 04000000 		.4byte	.LFE4-.LFB4
 850 0038 00000000 		.4byte	0
 851 003c 00000000 		.4byte	0
 852              		.section	.debug_ranges,"",%progbits
 853              	.Ldebug_ranges0:
 854 0000 00000000 		.4byte	.LFB0
 855 0004 1C000000 		.4byte	.LFE0
 856 0008 00000000 		.4byte	.LFB1
 857 000c 18000000 		.4byte	.LFE1
 858 0010 00000000 		.4byte	.LFB2
 859 0014 20000000 		.4byte	.LFE2
 860 0018 00000000 		.4byte	.LFB3
 861 001c 10000000 		.4byte	.LFE3
 862 0020 00000000 		.4byte	.LFB4
 863 0024 04000000 		.4byte	.LFE4
 864 0028 00000000 		.4byte	0
 865 002c 00000000 		.4byte	0
 866              		.section	.debug_line,"",%progbits
 867              	.Ldebug_line0:
 868 0000 EA000000 		.section	.debug_str,"MS",%progbits,1
 868      02006500 
 868      00000201 
 868      FB0E0D00 
 868      01010101 
 869              	.LASF15:
 870 0000 72656733 		.ascii	"reg32\000"
 870      3200
 871              	.LASF21:
 872 0006 6D61736B 		.ascii	"maskVal\000"
 872      56616C00 
 873              	.LASF26:
 874 000e 2E5C4765 		.ascii	".\\Generated_Source\\PSoC4\\MUX_CTRL_SCBCLK.c\000"
 874      6E657261 
 874      7465645F 
 874      536F7572 
 874      63655C50 
 875              	.LASF16:
 876 0039 4D55585F 		.ascii	"MUX_CTRL_SCBCLK_StartEx\000"
 876      4354524C 
 876      5F534342 
 876      434C4B5F 
 876      53746172 
 877              	.LASF12:
 878 0051 666C6F61 		.ascii	"float\000"
 878      7400
 879              	.LASF1:
 880 0057 756E7369 		.ascii	"unsigned char\000"
 880      676E6564 
ARM GAS  C:\Users\victo\AppData\Local\Temp\ccrQDdDX.s 			page 34


 880      20636861 
 880      7200
 881              	.LASF23:
 882 0065 4D55585F 		.ascii	"MUX_CTRL_SCBCLK_GetDividerRegister\000"
 882      4354524C 
 882      5F534342 
 882      434C4B5F 
 882      47657444 
 883              	.LASF5:
 884 0088 6C6F6E67 		.ascii	"long unsigned int\000"
 884      20756E73 
 884      69676E65 
 884      6420696E 
 884      7400
 885              	.LASF3:
 886 009a 73686F72 		.ascii	"short unsigned int\000"
 886      7420756E 
 886      7369676E 
 886      65642069 
 886      6E7400
 887              	.LASF19:
 888 00ad 636C6B44 		.ascii	"clkDivider\000"
 888      69766964 
 888      657200
 889              	.LASF13:
 890 00b8 646F7562 		.ascii	"double\000"
 890      6C6500
 891              	.LASF22:
 892 00bf 72656756 		.ascii	"regVal\000"
 892      616C00
 893              	.LASF18:
 894 00c6 616C6967 		.ascii	"alignClkDiv\000"
 894      6E436C6B 
 894      44697600 
 895              	.LASF20:
 896 00d2 636C6B46 		.ascii	"clkFractional\000"
 896      72616374 
 896      696F6E61 
 896      6C00
 897              	.LASF10:
 898 00e0 75696E74 		.ascii	"uint16\000"
 898      313600
 899              	.LASF11:
 900 00e7 75696E74 		.ascii	"uint32\000"
 900      333200
 901              	.LASF8:
 902 00ee 756E7369 		.ascii	"unsigned int\000"
 902      676E6564 
 902      20696E74 
 902      00
 903              	.LASF24:
 904 00fb 4D55585F 		.ascii	"MUX_CTRL_SCBCLK_GetFractionalDividerRegister\000"
 904      4354524C 
 904      5F534342 
 904      434C4B5F 
 904      47657446 
 905              	.LASF7:
ARM GAS  C:\Users\victo\AppData\Local\Temp\ccrQDdDX.s 			page 35


 906 0128 6C6F6E67 		.ascii	"long long unsigned int\000"
 906      206C6F6E 
 906      6720756E 
 906      7369676E 
 906      65642069 
 907              	.LASF25:
 908 013f 474E5520 		.ascii	"GNU C 4.9.3 20150303 (release) [ARM/embedded-4_9-br"
 908      4320342E 
 908      392E3320 
 908      32303135 
 908      30333033 
 909 0172 616E6368 		.ascii	"anch revision 221220] -mcpu=cortex-m0 -mthumb -g -O"
 909      20726576 
 909      6973696F 
 909      6E203232 
 909      31323230 
 910 01a5 73202D66 		.ascii	"s -ffunction-sections -finline-functions -flto -ffa"
 910      66756E63 
 910      74696F6E 
 910      2D736563 
 910      74696F6E 
 911 01d8 742D6C74 		.ascii	"t-lto-objects -fno-strict-aliasing\000"
 911      6F2D6F62 
 911      6A656374 
 911      73202D66 
 911      6E6F2D73 
 912              	.LASF27:
 913 01fb 433A5C55 		.ascii	"C:\\Users\\victo\\OneDrive\\Documents\\PSoC Creator"
 913      73657273 
 913      5C766963 
 913      746F5C4F 
 913      6E654472 
 914 0229 5C435950 		.ascii	"\\CYPD4225-40LQXI_0805\\CYPD4225-40LQXI_notebook01."
 914      44343232 
 914      352D3430 
 914      4C515849 
 914      5F303830 
 915 025a 63796473 		.ascii	"cydsn\000"
 915      6E00
 916              	.LASF6:
 917 0260 6C6F6E67 		.ascii	"long long int\000"
 917      206C6F6E 
 917      6720696E 
 917      7400
 918              	.LASF14:
 919 026e 63686172 		.ascii	"char\000"
 919      00
 920              	.LASF28:
 921 0273 4D55585F 		.ascii	"MUX_CTRL_SCBCLK_Stop\000"
 921      4354524C 
 921      5F534342 
 921      434C4B5F 
 921      53746F70 
 922              	.LASF2:
 923 0288 73686F72 		.ascii	"short int\000"
 923      7420696E 
 923      7400
ARM GAS  C:\Users\victo\AppData\Local\Temp\ccrQDdDX.s 			page 36


 924              	.LASF9:
 925 0292 75696E74 		.ascii	"uint8\000"
 925      3800
 926              	.LASF17:
 927 0298 4D55585F 		.ascii	"MUX_CTRL_SCBCLK_SetFractionalDividerRegister\000"
 927      4354524C 
 927      5F534342 
 927      434C4B5F 
 927      53657446 
 928              	.LASF4:
 929 02c5 6C6F6E67 		.ascii	"long int\000"
 929      20696E74 
 929      00
 930              	.LASF0:
 931 02ce 7369676E 		.ascii	"signed char\000"
 931      65642063 
 931      68617200 
 932              		.comm	__gnu_lto_v1,1,1
 933              		.ident	"GCC: (GNU Tools for ARM Embedded Processors) 4.9.3 20150303 (release) [ARM/embedded-4_9-br
