ARM GAS  C:\Users\victo\AppData\Local\Temp\ccIADJks.s 			page 1


   1              		.cpu cortex-m0
   2              		.fpu softvfp
   3              		.eabi_attribute 20, 1
   4              		.eabi_attribute 21, 1
   5              		.eabi_attribute 23, 3
   6              		.eabi_attribute 24, 1
   7              		.eabi_attribute 25, 1
   8              		.eabi_attribute 26, 1
   9              		.eabi_attribute 30, 4
  10              		.eabi_attribute 34, 0
  11              		.eabi_attribute 18, 4
  12              		.code	16
  13              		.file	"MUX_CTRL_scl.c"
  14              		.text
  15              	.Ltext0:
  16              		.section	.gnu.lto_.profile.91bcb286,"",%progbits
  17 0000 789C6366 		.ascii	"x\234cf```a\200\000F\006uE\000\000\343\000Q"
  17      60606061 
  17      80004606 
  17      75450000 
  17      E30051
  18              		.text
  19              		.section	.gnu.lto_.jmpfuncs.91bcb286,"",%progbits
  20 0000 789C6366 		.ascii	"x\234cf\300\016d\2404\033\003##c=#\210`b``f``abdd\256"
  20      C00E64A0 
  20      341B0323 
  20      23633D23 
  20      88606260 
  21 001d AF6705CA 		.ascii	"\257g\005\312\001\000 \267\002>"
  21      010020B7 
  21      023E
  22              		.text
  23              		.section	.gnu.lto_.inline.91bcb286,"",%progbits
  24 0000 789C6366 		.ascii	"x\234cf\300\016f@i6\006\006\016vFF\006F\006\006f\216"
  24      C00E6640 
  24      69360606 
  24      0E764646 
  24      06460606 
  25 0016 03760C6C 		.ascii	"\003v\014l\013\344\231\030\230.\360\263\200$\031\031"
  25      0BE49918 
  25      982EF0B3 
  25      80241919 
  26 0026 3839D0E5 		.ascii	"89\320\345X\026\310\203\345\230\030\330X\031\031\230"
  26      5816C883 
  26      E59818D8 
  26      58191998 
  27 0036 D83EE841 		.ascii	"\330>\350A\304\201\200\031S\210\005d\002\023\310\004"
  27      C4818019 
  27      53880564 
  27      0213C804 
  28 0046 A0390C2C 		.ascii	"\2409\014,\2506\000\011\036\220\"V\006v6\240>\270$\010"
  28      A8360009 
  28      1E902256 
  28      067636A0 
  28      3EB82408 
  29 005a 0000BE90 		.ascii	"\000\000\276\220\017\254"
  29      0FAC
ARM GAS  C:\Users\victo\AppData\Local\Temp\ccIADJks.s 			page 2


  30              		.text
  31              		.section	.gnu.lto_.pureconst.91bcb286,"",%progbits
  32 0000 789C6366 		.ascii	"x\234cf``\340e\200\0006\006)F)&)f)\026)V)\000\005\261"
  32      6060E065 
  32      80003606 
  32      29462926 
  32      29662916 
  33 001a 00C2     		.ascii	"\000\302"
  34              		.text
  35              		.section	.gnu.lto_MUX_CTRL_scl_SetDriveMode.91bcb286,"",%progbits
  36 0000 789C7D51 		.ascii	"x\234}Q=hSQ\030\375\316}//M\203\2648\276=FQ\322\305"
  36      3D685351 
  36      18FDCE7D 
  36      2F2F4D83 
  36      B438BE3D 
  37 0018 EE850C2E 		.ascii	"\356\205\014.\025\304Tp\010\304\222<p\320\006\253\316"
  37      15C45470 
  37      08C4923C 
  37      70D006AB 
  37      CE
  38 0029 B9F96929 		.ascii	"\271\371i)\205B\024A\203t\251Hlc[\241CA\035B\206\342"
  38      85421441 
  38      8374A948 
  38      6C635BA1 
  38      43411D42 
  39 003f 20967430 		.ascii	" \226t0%H\034\2144q\262\2644\315P\236\337\227d\023\372"
  39      25481C8C 
  39      3471B2B4 
  39      34CD509E 
  39      DF976413 
  40 0054 E07EF7BB 		.ascii	"\340~\367\273\207s\316=\367{\006\375\377\331\274>\202"
  40      8773CE3D 
  40      F77B06FD 
  40      FFD9BC3E 
  40      82
  41 0065 688C7718 		.ascii	"h\214w\030\004\225\377F\224\036R\2004\004J)\244\320"
  41      0495FF46 
  41      941E5280 
  41      34044A29 
  41      A4D0
  42 0077 56870AF9 		.ascii	"V\207\012\371r\351\225?\370Vk\3757\263u_\277\270\327"
  42      72E9953F 
  42      F8566BFD 
  42      37B3755F 
  42      BFB8D7
  43 008a 554447AA 		.ascii	"UDG\252\357\203\"\202\3149\350\266\213\027\214\253 "
  43      EF832282 
  43      CC39E8B6 
  43      8B178CAB 
  43      20
  44 009b EECF9ED5 		.ascii	"\356\317\236\325\366T\340\215\326\231r}CO\240\313\246"
  44      F654E08D 
  44      D699727D 
  44      434FA0CB 
  44      A6
  45 00ac EF60B002 		.ascii	"\357`\260\002\327l\\\261\211\001\302*\002B>\314\235"
  45      D76C5CB1 
ARM GAS  C:\Users\victo\AppData\Local\Temp\ccIADJks.s 			page 3


  45      8901C22A 
  45      02423ECC 
  45      9D
  46 00bd D5FC568E 		.ascii	"\325\374V\216\315G\373\236X\203\305\271h\363bY\273\356"
  46      CD47FB9E 
  46      5883C5B9 
  46      68F36259 
  46      BBEE
  47 00cf D1D76AEB 		.ascii	"\321\327j\353\022|\2125\312\220bB\224\036i-)^)DM^\022"
  47      127C8A35 
  47      CA906242 
  47      941E692D 
  47      295E2944 
  48 00e6 FC371F78 		.ascii	"\3747\037x7\352\250\234,~/X\342\326Q\362\212OsK\265"
  48      37EAA89C 
  48      2C7E2F58 
  48      E2D651F2 
  48      8A4F734B 
  49 00fb E196EA2A 		.ascii	"\341\226\352*ca>\257M\271\373gs\267:\324\203H\216\177"
  49      63613EAF 
  49      4DB9FB67 
  49      73B73AD4 
  49      83488E7F 
  50 010f 563E3F5A 		.ascii	"V>?Z\306\353t\216\023\233(\301\306{\360\230\260\216"
  50      C6EB748E 
  50      139B28C1 
  50      C67BF098 
  50      B08E
  51 0121 65501DD9 		.ascii	"eP\035\331\323\201\233\3217L\357e\013\020\265r\177\271"
  51      D3819BD1 
  51      374CEF65 
  51      0B10B572 
  51      7FB9
  52 0133 EE086183 		.ascii	"\356\010a\203\331ud\032\336>\315\323Q\246\310~\014d"
  52      D975641A 
  52      DE3ECDD3 
  52      51A6C87E 
  52      0C64
  53 0145 02B16CFF 		.ascii	"\002\261l\377\313\313qQy|\204\315\236\"{<`x{\336\026"
  53      CBCB7151 
  53      797C84CD 
  53      9E227B3C 
  53      60787BDE 
  54 015a 4395E710 		.ascii	"C\225\347\020\350\234P\0378\024+\250\201ty{G\011[~G"
  54      E89C501F 
  54      38142BA8 
  54      8174797B 
  54      47095B7E 
  55 016f 9347CBEF 		.ascii	"\223G\313\357\347i\\\016Eo83\316\354\364\023'\021\213"
  55      E7695C0E 
  55      456F3833 
  55      CEECF413 
  55      27118B
  56 0182 249FCEC6 		.ascii	"$\237\316\306\235\350\255H2|=z\363\316\335Xx\352\366"
  56      9DE8AD48 
  56      327C3D7A 
  56      F3CEDD58 
ARM GAS  C:\Users\victo\AppData\Local\Temp\ccIADJks.s 			page 4


  56      78EAF6
  57 0195 64EC71FC 		.ascii	"d\354q\374A(N\346\303d\302\371\007\276\224\247\030"
  57      41284EE6 
  57      C364C2F9 
  57      07BE94A7 
  57      18
  58              		.text
  59              		.section	.gnu.lto_MUX_CTRL_scl_Write.91bcb286,"",%progbits
  60 0000 789C6552 		.ascii	"x\234eRMh\023A\030\2357\223\315nYD\361 %\027\017\245"
  60      4D681341 
  60      189D3793 
  60      CD6E5944 
  60      F1202517 
  61 0016 54510A82 		.ascii	"TQ\012\202x\361\"\364\320\213\202X\025\017\301\020\322"
  61      78F122F4 
  61      D08B8258 
  61      150FC110 
  61      D2
  62 0027 3D08C142 		.ascii	"=\010\301B\264\275vR\327\244x\220(R\002\322j\324b5\232"
  62      B4BD7652 
  62      D7A47890 
  62      285202D2 
  62      6AD46235 
  63 003c 564B4F1E 		.ascii	"VKO\036\\z\360f%\227ZK\210\015\215`\301\203mJk\016\232"
  63      5C7AF066 
  63      25975A4B 
  63      880D8D60 
  63      C1836D4A 
  64 0053 7EDF2E82 		.ascii	"~\337.\202\301a\347g\337\276\367\346\3157\253\304\377"
  64      C161E767 
  64      DFBEF7E6 
  64      CD37ABC4 
  64      FF
  65 0064 2D42FD9A 		.ascii	"-B\375\232\024\342\024\315P\0022\267$D\332\222\000/"
  65      14E214CD 
  65      500232B7 
  65      2444DA92 
  65      002F
  66 0076 04C4A8C4 		.ascii	"\004\304\250\304(6\344\246D\316+\346\355\236i\255\365"
  66      2836E4A6 
  66      44CE2BE6 
  66      ED9E69AD 
  66      F5
  67 0087 CFAD779D 		.ascii	"\317\255w\235\267;\233$k\310\300\006\317\321C\224FQ"
  67      B73B9B24 
  67      6BC8C006 
  67      CFD14394 
  67      4651
  68 0099 3F50EA18 		.ascii	"?P\352\030\004\255\347\312\037\377\230\335O\265\036"
  68      04ADE7CA 
  68      1FFF98DD 
  68      4FB51E
  69 00a8 F3DE97F4 		.ascii	"\363\336\227\364\0314\311s\006\212\0248\036\301\321"
  69      1934C973 
  69      068A1438 
  69      1EC1D1
  70 00b7 882040E0 		.ascii	"\210 @\340\005\272\231\2745Q\334\221\352\204/\254=Y"
ARM GAS  C:\Users\victo\AppData\Local\Temp\ccIADJks.s 			page 5


  70      05BA99BC 
  70      3551DC91 
  70      EA842FAC 
  70      3D59
  71 00c9 7F647615 		.ascii	"\177dv\025H\270\266\261\376\301\326y\355\256\265Z\207"
  71      48B8B6B1 
  71      FEC1D679 
  71      EDAEB55A 
  71      87
  72 00da 59FFF25F 		.ascii	"Y\377\362_}\320H\260\351\376\376l\207]\012v\000Et\005"
  72      7DD048B0 
  72      E9FEFE6C 
  72      875D0A76 
  72      00457405 
  73 00ee A1F00A61 		.ascii	"\241\360\012a\320\304\310\354AO\267Z\363\333\367\306"
  73      D0C4C8EC 
  73      414FB75A 
  73      F3DBF7C6 
  74 00fe 4FC396B4 		.ascii	"O\303\226\264\261T4\250\220\340\217\0068D\230\001\223"
  74      B15434A8 
  74      90E08F06 
  74      38449801 
  74      93
  75 010f 07CB473B 		.ascii	"\007\313G;\230%D\235:\027\342\033\275\320\254V\261\270"
  75      9825449D 
  75      3A17E21B 
  75      BDD0AC56 
  75      B1B8
  76 0121 7367696A 		.ascii	"sgij\204\335w%W\2450\235w\361]6eHgr:\304y\276\326?\225"
  76      84DD7725 
  76      57A5309D 
  76      77F15D36 
  76      65486772 
  77 013c 2D1FF2E3 		.ascii	"-\037\362\343\325\036gg\324$\036\246]\252\201\201\327"
  77      D51E6767 
  77      D4241EA6 
  77      5DAA8181 
  77      D7
  78 014d 88A0048A 		.ascii	"\210\240\004\212\217YLB\254bl%[\221\201\241\"OBn\375"
  78      8F594C42 
  78      AC626C25 
  78      5B9181A1 
  78      224F426E 
  79 0162 CA541020 		.ascii	"\312T\020 !\002\311\243\234_X\260\331R\355R\321\346"
  79      2102C9A3 
  79      9C5F58B0 
  79      D952ED52 
  79      D1E6
  80 0174 48BE0C5F 		.ascii	"H\276\014_\303Y\211\305\242Jfy\352j\240\242\307 \325"
  80      C35989C5 
  80      A24A6679 
  80      EA6AA0A2 
  80      C720D5
  81 0187 DDD2B3C6 		.ascii	"\335\322\263\306~_E7\373\206Dm\326&\361\210\264R\370"
  81      7E5F4537 
  81      FB86446D 
  81      D626F188 
ARM GAS  C:\Users\victo\AppData\Local\Temp\ccIADJks.s 			page 6


  81      B452F8
  82 019a 31B18F49 		.ascii	"1\261\217I\240\223\277\015H\333\341\200b\371\001\314"
  82      A093BF0D 
  82      48DBE180 
  82      62F901CC 
  83 01aa F6CD2CCE 		.ascii	"\366\315,\316\\\315V\377n\326\021@\213\367k\207\030"
  83      5CCD56FF 
  83      6ED61140 
  83      8BF76B87 
  83      18
  84 01bb 683B71DA 		.ascii	"h;q\3323\332\317<Og&\211\250\"\355}\351g>_b\235~\005"
  84      33DACF3C 
  84      4F672689 
  84      A822ED7D 
  84      E9673E5F 
  85 01d3 2A2F15FB 		.ascii	"*/\025\373Ho\264\337\271\356\244\3427\235\301\330\300"
  85      486FB4DF 
  85      B9EEA4E2 
  85      379DC1D8 
  85      C0
  86 01e4 D0702AE1 		.ascii	"\320p*\341D\317\017\014\365\235\214\236\273t%\326w\361"
  86      44CF0F0C 
  86      F59D8C9E 
  86      BB7425D6 
  86      77F1
  87 01f6 C2D9D88D 		.ascii	"\302\331\330\215D\2627!\214\221xr\3301\006S\227\343"
  87      44B23721 
  87      8C917872 
  87      D8310653 
  87      97E3
  88 0208 C93D2838 		.ascii	"\311=(8\341\013"
  88      E10B
  89              		.text
  90              		.section	.gnu.lto_MUX_CTRL_scl_Read.91bcb286,"",%progbits
  91 0000 789C654E 		.ascii	"x\234eN\277KBa\024\275\347\276\247\011\016ES\270\227"
  91      BF4B4261 
  91      14BDE7BE 
  91      A7090E45 
  91      53B897
  92 0013 15E6D47F 		.ascii	"\025\346\324\177\340\320R\020Y\020!H\330\333\"\301j"
  92      E0D05210 
  92      59102148 
  92      D8DB22C1 
  92      6A
  93 0024 F6692F83 		.ascii	"\366i/\203&\011j(\234*\312\022jm*\234%\011\243@\302"
  93      26096A28 
  93      9C2ACA12 
  93      6A6D2A9C 
  93      2509A340 
  94 0039 16038386 		.ascii	"\026\003\203\206\304~\275\241\354~\276\266>\370\356"
  94      C47EBDA1 
  94      EC7EBEB6 
  94      3EF8EE
  95 0048 8F730FE7 		.ascii	"\217s\017\347\034\215\376?\237\374\021\020\015K\207"
  95      1C8DFE3F 
  95      9FFC1110 
  95      0D4B87
ARM GAS  C:\Users\victo\AppData\Local\Temp\ccIADJks.s 			page 7


  96 0057 46E0EC35 		.ascii	"F\340\3545Q\312\303\200\032\010\224d$\361\314MF\351"
  96      51CAC380 
  96      1A089464 
  96      24F1CC4D 
  96      46E9
  97 0069 E2A702FF 		.ascii	"\342\247\002\377\241i\246_\323\225\007\357z\237\315"
  97      A169A65F 
  97      D39507EF 
  97      7A9FCD
  98 0078 442D2604 		.ascii	"D-&\004|\030R:8\202\237\204\330\264\276\357\275n\313"
  98      7C18523A 
  98      38829F84 
  98      D8B4BEEF 
  98      BD6ECB
  99 008b 34CD1E75 		.ascii	"4\315\036u\227\3031\334\342Ag\275Wf\273\335*m5\006\330"
  99      97C331DC 
  99      E24167BD 
  99      5766BBDD 
  99      2A6D3506 
 100 00a0 CD64B338 		.ascii	"\315d\2638J\321Uq\221\222\243\272\024\345\374\304\254"
 100      4AD15571 
 100      9192A3BA 
 100      14E5FCC4 
 100      AC
 101 00b1 BA5645F1 		.ascii	"\272VE\361c\363.?\247$>Y\305\330/\027\337\\\015\266"
 101      63F32E3F 
 101      A7243E59 
 101      C5D82F17 
 101      DF5C0DB6 
 102 00c5 99AD4CD6 		.ascii	"\231\255L\326\324\225\341c\275|\343\351@\244\326\367"
 102      D495E163 
 102      BD7CE3E9 
 102      40A4D6F7 
 103 00d5 DDF3CBEE 		.ascii	"\335\363\313\356\034\366R\026l\326\220\207\017'\220"
 103      1CF65216 
 103      6CD69087 
 103      0F2790
 104 00e4 8038450E 		.ascii	"\2008E\016T\305\332W\346Ew\0045G\363`{\247\320\321\204"
 104      54C5DA57 
 104      E6457704 
 104      3547F360 
 104      7BA7D0D1 
 105 00f9 875010AE 		.ascii	"\207P\020\256\220j\231\333.\207\244\013\017\375\012"
 105      906A99DB 
 105      2E87A40B 
 105      0FFD0A
 106 0108 4CD73602 		.ascii	"L\3276\002\016\346\022\230j\300\337\326I\016\225X\""
 106      0EE61298 
 106      6AC0DFD6 
 106      490E9558 
 106      22
 107 0119 0C062363 		.ascii	"\014\006#c\306\222\221\230_1\026\242\341\370j\"fD&\303"
 107      C6929198 
 107      5F3116A2 
 107      E1F86A22 
 107      664426C3 
 108 012d F1D06864 		.ascii	"\361\320hdbf6\032\232\236\032\217.\307\026\2031\372"
ARM GAS  C:\Users\victo\AppData\Local\Temp\ccIADJks.s 			page 8


 108      6266361A 
 108      9A9E1A8F 
 108      2EC71683 
 108      31FA
 109 013f 0556BA76 		.ascii	"\005V\272v\036"
 109      1E
 110              		.text
 111              		.section	.gnu.lto_MUX_CTRL_scl_ReadDataReg.91bcb286,"",%progbits
 112 0000 789C654E 		.ascii	"x\234eN\277KBa\024\275\347\276\247\011.\321\024\356"
 112      BF4B4261 
 112      14BDE7BE 
 112      A7092ED1 
 112      14EE
 113 0012 6185B9D4 		.ascii	"a\205\271\324\177\340\320R\020Y\020!H\230[$X\315~\332"
 113      7FE0D052 
 113      10591021 
 113      48985B24 
 113      58CD7EDA 
 114 0026 4BA14982 		.ascii	"K\241I\202\"\010\241 \311Jhn\013\347(\242 \2220\002"
 114      2208A120 
 114      C94A686E 
 114      0BE728A2 
 114      20923002 
 115 003a 0B838644 		.ascii	"\013\203\206D\260\336P\366]_[\037|\367\307\271\207s"
 115      B0DE50F6 
 115      5D5F5B1F 
 115      7CF7C7B9 
 115      8773
 116 004c 8E41FF9F 		.ascii	"\216A\377\237O\377\021\020\015\353\016\203\300\371+"
 116      4FFF1110 
 116      0DEB0E83 
 116      C0F92B
 117 005b A2B48701 		.ascii	"\242\264\207\001\031\010\224b\244\360\306M\306\345\371"
 117      19089462 
 117      A4F0C64D 
 117      C6E5F9
 118 006a CF2DFC45 		.ascii	"\317-\374E\2452\037\225\207G\357F\277\315D-&\004|\030"
 118      A5321F95 
 118      8747EF46 
 118      BFCD442D 
 118      26047C18 
 119 007e 121D1CC1 		.ascii	"\022\035\034\301O\232\330\264\276\357\275nK)\325+w}"
 119      4F9AD8B4 
 119      BEEFBD6E 
 119      4B29D52B 
 119      777D
 120 0090 28C1AD3D 		.ascii	"(\301\255=\350\254\357Bu:\255\327\255\306(\273\231l"
 120      E8ACEF42 
 120      753AADD7 
 120      ADC628BB 
 120      996C
 121 00a2 D68EBA98 		.ascii	"\326\216\272\230R\\$rT\327E\234_\230\245\033UT\332\233"
 121      525C2472 
 121      54D7459C 
 121      5F98A51B 
 121      5554DA9B 
 122 00b6 EDF2BC48 		.ascii	"\355\362\274H|\262\3048(\356Zh\260\315\254\262ye\212"
ARM GAS  C:\Users\victo\AppData\Local\Temp\ccIADJks.s 			page 9


 122      7CB2C438 
 122      28EE5A68 
 122      B0CDACB2 
 122      79658A
 123 00c9 E153FDFA 		.ascii	"\341S\375\372\306\323\205H\326\347\375\\\311(`/m\301"
 123      C6D38548 
 123      D6E7FD5C 
 123      C928602F 
 123      6DC1
 124 00db 6603C7F0 		.ascii	"f\003\307\360\341\004: NQ\000U\261\376\225}7\035A\303"
 124      E1043A20 
 124      4E510055 
 124      B1FE957D 
 124      371D41C3 
 125 00ef D13CDCDE 		.ascii	"\321<\334\336)\273D\000\036BYs5\251\226\275\353qH\246"
 125      29BB4400 
 125      1E425973 
 125      35A996BD 
 125      EB7148A6 
 126 0103 E66140C0 		.ascii	"\346a@\300L-\027p0\227\206\251\006\374m\335\344\220"
 126      4C2D1770 
 126      309786A9 
 126      06FC6DDD 
 126      E490
 127 0115 C43AC260 		.ascii	"\304:\302`02\036_\216'\027V\343\213\321pb-\031\213G"
 127      30321E5F 
 127      8E271756 
 127      E38BD170 
 127      622D198B 
 128 012a A6C289D0 		.ascii	"\246\302\211\320Xdrv.\032\232\231\236\210\256\304\226"
 128      58647276 
 128      2E1A9A99 
 128      9E88AEC4 
 128      96
 129 013b 8231FA05 		.ascii	"\2021\372\005\031\336u\206"
 129      19DE7586 
 130              		.text
 131              		.section	.gnu.lto_MUX_CTRL_scl_SetInterruptMode.91bcb286,"",%progbits
 132 0000 789C6D91 		.ascii	"x\234m\221_H\323Q\024\307\357\271\367\367o\376\026I"
 132      5F48D351 
 132      14C7EFB9 
 132      F7F76FFE 
 132      1649
 133 0012 4F328202 		.ascii	"O2\202\002\031\006\202O\276\364&\354\241\227\012\311"
 133      1906824F 
 133      BEF426EC 
 133      A1970AC9 
 134 0022 821E0623 		.ascii	"\202\036\006#\346\212Am1\327S\017\376~km\020=\014\223"
 134      E68A416D 
 134      31D7530F 
 134      FE7E6B6D 
 134      103D0C93 
 135 0036 9044422A 		.ascii	"\220DB*\324V\272\262\242\3664\226\220\020\225B$h,\263"
 135      D456BAB2 
 135      A2F63496 
 135      90109542 
 135      24682CB3 
ARM GAS  C:\Users\victo\AppData\Local\Temp\ccIADJks.s 			page 10


 136 004a AD120A9C 		.ascii	"\255\022\012\234\233\315E\261\316\371\375\326\203\324"
 136      9BCD45B1 
 136      CEF9FDD6 
 136      83D4
 137 0058 0F7EF7DE 		.ascii	"\017~\367\336\363\341\234\357\375\236s\005\373\367s"
 137      F3E19CEF 
 137      FD9E7305 
 137      FBF773
 138 0067 E17F9B33 		.ascii	"\341\177\2333\326\203;\010\006<\365\2321S\343\000t`"
 138      D6833B08 
 138      063CF59A 
 138      3153E300 
 138      7460
 139 0079 C006390C 		.ascii	"\300\0069\014\302:/sH\345\322#z\307\035\303066+m\227"
 139      C23A2F73 
 139      48E5D223 
 139      7AC71DC3 
 139      3036362B 
 140 008f DBEA5856 		.ascii	"\333\352XV\341\266\014L@\007\246\224\236\216_\024\235"
 140      E1B60C4C 
 140      4007A694 
 140      9E8E5F14 
 140      9D
 141 00a0 C0F0F872 		.ascii	"\300\360\370rm\273\342\374\312\353\034Z)\274\261T\252"
 141      6DBBE2FC 
 141      CAEB1C5A 
 141      29BCB154 
 141      AA
 142 00b1 0A0A39A7 		.ascii	"\012\0129\2470=7\234Q\335\267\014#\226[\311\030=\310"
 142      303D379C 
 142      51DDB70C 
 142      23965BC9 
 142      183DC8
 143 00c4 054C8240 		.ascii	"\005L\202@9\230\002\027\334\005\027C\304 \015n\314\376"
 143      39980217 
 143      DC051743 
 143      C4200D6E 
 143      CCFE
 144 00d6 525F9FD8 		.ascii	"R_\237\330%\272-\3355\363\346\226nW\376\372[y\357?\225"
 144      25BA2DDD 
 144      35F3E696 
 144      6E57FEFA 
 144      5B79EF3F 
 145 00eb F7C14DE9 		.ascii	"\367\301M\351\013\317\207?\311\342\240U\372l\272\372"
 145      0BCF873F 
 145      C9E2A055 
 145      FA6CBAFA 
 146 00fb 4AB72CED 		.ascii	"J\267,\355\2470;4?\242X\226$\012\277_\317\217\362\366"
 146      A7303B34 
 146      3FA25896 
 146      240ABF5F 
 146      CF8FF2F6 
 147 010f 71145E9D 		.ascii	"q\024^\235J\276p\032\363F|\265\321\330W\347\022L\333"
 147      4ABE701A 
 147      F3467CB5 
 147      D1D857E7 
 147      124CDB
ARM GAS  C:\Users\victo\AppData\Local\Temp\ccIADJks.s 			page 11


 148 0122 FA33A89F 		.ascii	"\3723\250\237\001WsrXR\216\377^\322\2258N\244\025\036"
 148      01577372 
 148      58528EFF 
 148      5ED29538 
 148      4EA4151E 
 149 0136 40BB3D0D 		.ascii	"@\273=\015x\010\012\340FdfO\316h4f\337^\233\354\024"
 149      78080AE0 
 149      4664664F 
 149      CE683466 
 149      DF5E9BEC 
 150 014b 4E8EC664 		.ascii	"N\216\306d\001\324\223DG\231\026\205Q\236\012\344WC"
 150      01D49344 
 150      47991685 
 150      519E0AE4 
 150      5743
 151 015d A03888B6 		.ascii	"\2408\210\266\320\302X\021\365\350\031J84\334\3052\344"
 151      D0C25811 
 151      F5E8194A 
 151      3834DCC5 
 151      32E4
 152 016f 7F5C2964 		.ascii	"\177\\)d{\351\212\032\2477YHV\027wS\017\352\325D\312"
 152      7BE98A1A 
 152      A7375948 
 152      56177753 
 152      0FEAD544 
 153 0184 B0FAF850 		.ascii	"\260\372\370P|\263\250Y\310\362\270QN\306\3641\0305"
 153      7CB3A859 
 153      C8F2B851 
 153      4EC6F431 
 153      1835
 154 0196 E350E71A 		.ascii	"\343P\347\032\314b\017\217\250\007x\014c\300\226!VH"
 154      CC620F8F 
 154      A807780C 
 154      63C09621 
 154      5648
 155 01a8 CE29B6A0 		.ascii	"\316)\266\240T\303\301!\371\231\250J6\221\021\"\271"
 155      54C3C121 
 155      F999A84A 
 155      36911122 
 155      B9
 156 01b9 B49DF806 		.ascii	"\264\235\370\0066\241{\221\263w\300\255F\321<B;\347"
 156      36A17B91 
 156      B377C0AD 
 156      46D13C42 
 156      3BE7
 157 01cb 73B6D0CC 		.ascii	"s\266\320\314\322P\251\206\006H^\265\221\003)\245U\023"
 157      D250A986 
 157      06485EB5 
 157      910329A5 
 157      5513
 158 01dd EF9BE22D 		.ascii	"\357\233\342-\226\232\003a~\350\343^b;\354\2329y\247"
 158      969A0361 
 158      7EE8E35E 
 158      623BEC9A 
 158      3979A7
 159 01f0 E1276818 		.ascii	"\341'h\030\253X\001\314\334\312Q\312\247g(r\240\331"
 159      AB5801CC 
ARM GAS  C:\Users\victo\AppData\Local\Temp\ccIADJks.s 			page 12


 159      DCCA51CA 
 159      A7672872 
 159      A0D9
 160 0202 E0A40E74 		.ascii	"\340\244\016ty\017\005B\201\310\251h\240\337\327\027"
 160      790F0542 
 160      81C8A968 
 160      A0DFD717 
 161 0212 BE10F107 		.ascii	"\276\020\361\007\274\275}aO\267\367\310\211\223>\317"
 161      BCBD7D61 
 161      4FB7F7C8 
 161      89933ECF 
 162 0222 F163877D 		.ascii	"\361c\207}\003\376\263]~\246\235\017\017\004\243\301"
 162      03FEB35D 
 162      7EA69D0F 
 162      0F04A3C1 
 163 0232 70483A17 		.ascii	"pH:\027\356\017\250\301P4\3429}\346\017\006~\377\303"
 163      EE0FA8C1 
 163      5034E239 
 163      7DE60F06 
 163      7EFFC3
 164              		.text
 165              		.section	.gnu.lto_MUX_CTRL_scl_ClearInterrupt.91bcb286,"",%progbits
 166 0000 789C6590 		.ascii	"x\234e\220OHTQ\024\306\317w\336\214\363l\202\244\225"
 166      4F485451 
 166      14C6CF77 
 166      DE8CF36C 
 166      82A495
 167 0013 CCC68588 		.ascii	"\314\306\205\210I\341*\010\332\272h\223 NB\213\301a"
 167      49E12A08 
 167      DABA6893 
 167      204E428B 
 167      C161
 168 0025 18DFAA3F 		.ascii	"\030\337\252?\2023n\363\216M3\224\013\207B\011\302E"
 168      82336EF3 
 168      8E4D3394 
 168      0B874209 
 168      C245
 169 0037 50E47F71 		.ascii	"P\344\177q\023\2640d\0107F!B\205\3048\220AA\210\"\214"
 169      13B43064 
 169      08374621 
 169      4285C438 
 169      90414188 
 170 004d 3EAA799D 		.ascii	">\252y\235\363^\013\305\013\357\376\371\336\375~\347"
 170      F35E0BC5 
 170      0BEFFEF9 
 170      DEFD7EE7 
 171 005d BBC7A2D3 		.ascii	"\273\307\242\323#&\337:\210\256\310\012\213\300\245"
 171      2326DF3A 
 171      88AEC80A 
 171      8BC0A5
 172 006c 0F44399B 		.ascii	"\017D9\233\001\335\020h\2041\202\237\274\317x\377\246"
 172      01DD1068 
 172      8431829F 
 172      BCCF78FF 
 172      A6
 173 007d BE89F697 		.ascii	"\276\211\366\227\306\214\356\225\177\177\215>hv\231"
 173      C68CEE95 
ARM GAS  C:\Users\victo\AppData\Local\Temp\ccIADJks.s 			page 13


 173      7F7F8D3E 
 173      687699
 174 008c E8800997 		.ascii	"\350\200\011\227b\350P\016^\241\235\344\342\304\267"
 174      62E8500E 
 174      5EA19DE4 
 174      E2C4B7
 175 009b 87BBB02E 		.ascii	"\207\273\260.B\3675ol\326n}.\246j\245\270\0265OM\276"
 175      42F7356F 
 175      6CD66E7D 
 175      2EA66AA5 
 175      B816354F 
 176 00b1 EA792D62 		.ascii	"\352y-b\3054\254\343n\035b\330\317\377\375\034m\310"
 176      C534ACE3 
 176      6E1D62D8 
 176      CFFFFD1C 
 176      6DC8
 177 00c3 1B639A30 		.ascii	"\033c\2320\203V- \344Y4HH\250\262t~\325x\336\301\356"
 177      83562D20 
 177      E4593448 
 177      48A8B274 
 177      7ED578DE 
 178 00d9 93E9AB96 		.ascii	"\223\351\253\226\315\344\262\304v\231C\244?\303z\216"
 178      CDE4B2C4 
 178      769943A4 
 178      3FC37A8E 
 179 00e9 9026A31D 		.ascii	"\220&\243\035\231\364\021\337\231u\265\266P\256=\252"
 179      99F411DF 
 179      9975B5B6 
 179      50AE3DAA 
 180 00f9 ADDC53D8 		.ascii	"\255\334S\330!\353\213\306_o\0376\376`\227\255R\241"
 180      21EB8BC6 
 180      5F6F1F36 
 180      FE6097AD 
 180      52A1
 181 010b 64425A7E 		.ascii	"dBZ~{\347\343\206\355K~\232\302\257\345\372\271)<\313"
 181      7BE7E386 
 181      ED4B7E9A 
 181      C2AFE5FA 
 181      B9293CCB 
 182 011f E5E17208 		.ascii	"\345\341r\010s\210a\036\222\026\013\230\002ma\364K\361"
 182      7388611E 
 182      92160B98 
 182      026D61F4 
 182      4BF1
 183 0131 0F07404B 		.ascii	"\017\007@K\230\242\334?*\274C\240\204D\024\306\213\211"
 183      98A2DC3F 
 183      2ABC43A0 
 183      844414C6 
 183      8B89
 184 0143 C9F9B022 		.ascii	"\311\371\260\"\331&,\212\373\023|\213\346\225KJ\251"
 184      D9262C8A 
 184      FB137C8B 
 184      E6954B4A 
 184      A9
 185 0154 14EB2BFD 		.ascii	"\024\353+\375\201)\034H\345\307>\344D\204\334*\237\014"
 185      81291C48 
 185      E5C73EE4 
ARM GAS  C:\Users\victo\AppData\Local\Temp\ccIADJks.s 			page 14


 185      4484DC2A 
 185      9F0C
 186 0166 B12421C4 		.ascii	"\261$!\304\241U+\205\265\267g\002BD\010h\213Q\005\377"
 186      A1552B85 
 186      B5B76702 
 186      42440868 
 186      8B5105FF 
 187 017a 7344FC66 		.ascii	"sD\374f@\233 -\271\320\231\270\346\334u\206RYg \031"
 187      409B202D 
 187      B9D099B8 
 187      E6DC7586 
 187      52596720 
 188 018f 1F1C1E4A 		.ascii	"\037\034\036J;\211\236\370`\327\345Dw\337\315d\327\215"
 188      3B899EF8 
 188      60D7E544 
 188      77DFCD64 
 188      D78D
 189 01a1 DEEBC94C 		.ascii	"\336\353\311L\372vg\232\316\336Ien9\003\361l*;\234\371"
 189      FA76679A 
 189      CEDE4965 
 189      6E3903F1 
 189      6C2A3B9C 
 190 01b6 07B427B0 		.ascii	"\007\264'\260\247"
 190      A7
 191              		.text
 192              		.section	.gnu.lto_.symbol_nodes.91bcb286,"",%progbits
 193 0000 789C55C7 		.ascii	"x\234U\307;\015\000 \020D\301w\037\022tbd-\240\200\240"
 193      3B0D0020 
 193      1044C177 
 193      1F127462 
 193      642DA080 
 194 0015 084D3414 		.ascii	"\010M4\024\334t\023\300\340q\004\363\200\304\332\035"
 194      DC7413C0 
 194      E07104F3 
 194      80C4DA1D 
 195 0025 3759B9CB 		.ascii	"7Y\271\313\313CQ\236\312\362\246\366\237\013\351b\031"
 195      CB43519E 
 195      CAF2A6F6 
 195      9F0BE962 
 195      19
 196 0036 56       		.ascii	"V"
 197              		.text
 198              		.section	.gnu.lto_.refs.91bcb286,"",%progbits
 199 0000 789C6366 		.ascii	"x\234cf```d\200\002\000\000=\000\005"
 199      60606064 
 199      80020000 
 199      3D0005
 200              		.text
 201              		.section	.gnu.lto_.decls.91bcb286,"",%progbits
 202 0000 789C8D54 		.ascii	"x\234\215T]L\024W\024\276gfvqg\267\240}@\213m\272\244"
 202      5D4C1457 
 202      14BE6766 
 202      767167B7 
 202      A07D408B 
 203 0017 09B10921 		.ascii	"\011\261\011!QL\343[\0370\261mjC\240\246M$!\033\230"
 203      514CE35B 
 203      1F30B16D 
ARM GAS  C:\Users\victo\AppData\Local\Temp\ccIADJks.s 			page 15


 203      6A43A0A6 
 203      4D24211B 
 204 002c 58120366 		.ascii	"X\022\003f]L|\273@T4\204 \301\270\005\021\022\250U)"
 204      5D4C7CBB 
 204      40543484 
 204      20C1B805 
 204      1112A855 
 205 0041 D62E2BCB 		.ascii	"\326.+\313\012\256\313\217\242\002\012A\253\250\215"
 205      0AAECB8F 
 205      A2020A41 
 205      ABA88D
 206 0050 F8839858 		.ascii	"\370\203\230X+U\232ji:=\367\316\314\356\254\214\321"
 206      2B559A6A 
 206      693A3DF7 
 206      CECCEEAC 
 206      8CD1
 207 0062 9B9CDDB9 		.ascii	"\233\234\335\271g\356\367\235\357\234\357\356\212\204"
 207      67EEF79D 
 207      EF9CEFEE 
 207      8A84
 208 0070 90434088 		.ascii	"\220C@\210\312\226D\010\340s\022\346rI|\3311\002\030"
 208      CA964408 
 208      E07312E6 
 208      72497CD9 
 208      310218
 209 0083 418C1046 		.ascii	"A\214\020F\030c\020\343\034Y\274\002\372y\206\357\304"
 209      186310E3 
 209      1C59BC02 
 209      FA7986EF 
 209      C4
 210 0094 48C798C0 		.ascii	"H\307\230\300\030\307\370B?\003\372\271WW\320\002\233"
 210      18C7F842 
 210      3F03FAB9 
 210      5757D002 
 210      9B
 211 00a5 6AC21BD8 		.ascii	"j\302\033\330\240\005\226\351\222,j\032\230\220\005"
 211      A00596E9 
 211      922C6A1A 
 211      989005
 212 00b4 26FC064C 		.ascii	"&\374\006L\330\002\303\372v\350\032\2231\\\030\021\214"
 212      D802C3FA 
 212      76E81A93 
 212      315C1811 
 212      8C
 213 00c5 319DC36D 		.ascii	"1\235\303m\3013h\301\303fg{C\237V\363\375S\200\221{"
 213      C13368C1 
 213      C366677B 
 213      439F56F3 
 213      FD538091 
 214 00da 2F9EBB1E 		.ascii	"/\236\273\036\011\220,/e\333\306\3533\363\"n]\262\300"
 214      09902C2F 
 214      65DBC6EB 
 214      33F3226E 
 214      5DB2C0
 215 00ed B6BF9EDD 		.ascii	"\266\277\236\335\263g\211(\000{n\363\337\275*g\036\247"
 215      B3678928 
 215      007B6EF3 
ARM GAS  C:\Users\victo\AppData\Local\Temp\ccIADJks.s 			page 16


 215      DFBD2A67 
 215      1EA7
 216 00ff 9456D368 		.ascii	"\224V\323h\024\342\024\025Gzk\222\020\223*\363m\355"
 216      14E21415 
 216      477A6B92 
 216      10932AF3 
 216      6DED
 217 0111 4863BFC8 		.ascii	"Hc\277\310\267*\303\011SS\015/E\2203\252)\255\244s\365"
 217      B72AC309 
 217      53530D2F 
 217      459033AA 
 217      29ADA473 
 218 0126 545C4120 		.ascii	"T\\A 3\015>N#p\0022\360\030\034\207L\002\035\220\006"
 218      330D3E4E 
 218      23700232 
 218      F0181C87 
 218      4C021D90 
 219 013b 3F411A69 		.ascii	"?A\032i\307\002s-s7\337\247T\202N\220\341\030\210\374"
 219      C702732D 
 219      7337DFA7 
 219      54824E90 
 219      E11888FC 
 220 014f 04B6C12A 		.ascii	"\004\266\301*\350E\353v\365\327I\222\200Ivf\263\304"
 220      E845EB76 
 220      F5D74992 
 220      80497666 
 220      B3C4
 221 0161 72A3070F 		.ascii	"r\243\007\017\0158\227\037\240lU\321\245\002\344\246"
 221      0D38971F 
 221      A06C55D1 
 221      A502E4A6 
 222 0171 C28F487B 		.ascii	"\302\217H{\024i\011\234\204\345\370\3713H\032\301o\017"
 222      1469099C 
 222      84E5F8F9 
 222      33481AC1 
 222      6F0F
 223 0183 86024E31 		.ascii	"\206\002N1\233\267vj(\342w\272\017\323\326\223s\315"
 223      9BB7766A 
 223      28E277BA 
 223      0FD3D693 
 223      73CD
 224 0195 550F73F7 		.ascii	"U\017s\367W\321\006:\255\252\037r\020\374\022\023@\330"
 224      57D1063A 
 224      ADAA1F72 
 224      10FC1213 
 224      40D8
 225 01a7 B336D100 		.ascii	"\2636\321\000\270\021X\031\232\214:\305\035\234\244"
 225      B8115819 
 225      9A8C3AC5 
 225      1D9CA4
 226 01b6 F6C6EEC8 		.ascii	"\366\306\356\310;\234d\372\316\240\022\255\244\377\252"
 226      3B9C64FA 
 226      CEA012AD 
 226      A4FFAA
 227 01c5 AAA83174 		.ascii	"\252\2501t\231\030\272\014\206 g\030\353\270\270\033"
 227      9918BA0C 
 227      86206718 
ARM GAS  C:\Users\victo\AppData\Local\Temp\ccIADJks.s 			page 17


 227      EBB8B81B 
 228 01d5 CC9A593B 		.ascii	"\314\232Y;q\321\247\270\350\315\272\346\333\275\376"
 228      71D1A7B8 
 228      E8CDBAE6 
 228      DBBDFE
 229 01e4 E776712F 		.ascii	"\347vq/\360zW&\2376\245h\365\3743\361z\210\200nS\275"
 229      F07A5726 
 229      9F36A568 
 229      F5FC33F1 
 229      7A88806E 
 230 01fa 6EA35E88 		.ascii	"n\243^\210\327\363_j\016\270\304&\215\242\347\352\376"
 230      D7F35F6A 
 230      0EB8C426 
 230      8DA2E7EA 
 230      FE
 231 020b 4E3BA768 		.ascii	"N;\247h\035\375\301~\224FU\365SN\320c\"\3501\010\302"
 231      1DFDC17E 
 231      944655F5 
 231      534ED063 
 231      22E83108 
 232 0220 9CA0F9D9 		.ascii	"\234\240\371\331\037}\0161\250\021\030\326\2735\353"
 232      1F7D0E31 
 232      A81118D6 
 232      BB35EB
 233 022f 0F3E7E11 		.ascii	"\017>~\021\\\302\267L\012z\177d\374\357\306d\310\220"
 233      5CC2B74C 
 233      0A7A7F64 
 233      FCEFC664 
 233      C890
 234 0241 35539F69 		.ascii	"5S\237i\246F\260\303\323qS\335\272\251\374~\340\014"
 234      A646B0C3 
 234      D37153DD 
 234      BAA9FC7E 
 234      E00C
 235 0253 6CAB486C 		.ascii	"l\253Hl\000p\006o\210[\277!\275\230\354\303$\026j\031"
 235      0070066F 
 235      885BBF21 
 235      BD98ECC3 
 235      24166A19 
 236 0267 FEFD5A0A 		.ascii	"\376\375Z\012w?\022s\377\346\344\255c\216X\356,\360"
 236      773F1273 
 236      FFE6E4AD 
 236      638E58EE 
 236      2CF0
 237 0279 E4613512 		.ascii	"\344a5\022\226^{%\372\371t\243\306\225\250\257\250\231"
 237      965E7B25 
 237      FAF974A3 
 237      C695A8AF 
 237      A899
 238 028b 7589BD5A 		.ascii	"u\211\275Zkmm\367\036\201~'\356\317\256\376\236\266"
 238      6B6D6DF7 
 238      1E817E27 
 238      EECFAEFE 
 238      9EB6
 239 029d 56D0FF54 		.ascii	"V\320\377T\274\322\014\005\003\246\001\015\030\003\032"
 239      BCD20C05 
 239      03A6010D 
ARM GAS  C:\Users\victo\AppData\Local\Temp\ccIADJks.s 			page 18


 239      18031A
 240 02ac E4037A1A 		.ascii	"\344\003z\032\352\250\225\304)\215\2459\274\357\237"
 240      EAA895C4 
 240      298DA539 
 240      BCEF9F
 241 02bb 64CDA4DB 		.ascii	"d\315\244\333\263\211&\015\231(\206\014\212s\234\"|"
 241      B389260D 
 241      9928860C 
 241      8A739C22 
 241      7C
 242 02cc 627ECCC9 		.ascii	"b~\314\311\177\224nFr\272\376\202\337\316\177\224\274"
 242      7F946E46 
 242      72BAFE82 
 242      DFCE7F94 
 242      BC
 243 02dd A7EAFAEE 		.ascii	"\247\352\372\356\3076\361\257D\007\3225\007\3564\275"
 243      C736F1AF 
 243      4407D235 
 243      07EE34BD 
 244 02ed 6C77F02D 		.ascii	"lw\360-\373\013Na\251\2737\256\367%\211\013\374\270"
 244      FB0B4E61 
 244      A9BB37AE 
 244      F725890B 
 244      FCB8
 245 02ff F0A4A152 		.ascii	"\360\244\241Ru\306\014\231\327\014\031\303y\215\304"
 245      75C60C99 
 245      D70C19C3 
 245      798DC4
 246 030e 0D49371B 		.ascii	"\015I7\033RWE\035\237\0218\2173\033f\206\214\242!\351"
 246      5257451D 
 246      9F11388F 
 246      331B6686 
 246      8CA221E9 
 247 0322 BA211731 		.ascii	"\272!\0271yI3$|`bX\226\253\331\220\337\016!D\273\352"
 247      79493324 
 247      7C606258 
 247      96ABD990 
 247      DF0E2144 
 248 0338 165CBA92 		.ascii	"\026\\\272\222\351\232\256v\201)\031G%\027\342J.C\\"
 248      E99AAE76 
 248      81291947 
 248      2517E24A 
 248      2E435C
 249 034b CA62E22B 		.ascii	"\312b\342+\326Rf\036\264,\330]\373b\3429\251\001\"0"
 249      D652661E 
 249      B42CD85D 
 249      FB62E239 
 249      A9012230 
 250 035f 012E3E69 		.ascii	"\001.>i\366m+/)\365\255\263o\370j\223;\207|\224U\260"
 250      F66D2B2F 
 250      29F5ADB3 
 250      6FF86A93 
 250      3B877C94 
 251 0375 412955BC 		.ascii	"A)U\274\036\237R\\\230_V\356-R\012r\363\313r\326\026"
 251      1E9F525C 
 251      985F56EE 
 251      2D520A72 
ARM GAS  C:\Users\victo\AppData\Local\Temp\ccIADJks.s 			page 19


 251      F3CB72D6 
 252 038a 14EDF4ED 		.ascii	"\024\355\364\355\334\246l\317\372\216\274\267q\323\267"
 252      DCA66CCF 
 252      FA8EBCB7 
 252      71D3B7
 253 0399 85395FE7 		.ascii	"\2059_\347}Y\270\275hka\276\342[\357-\331\241l,+VV\275"
 253      7D59B8BD 
 253      686B61BE 
 253      E25BEF2D 
 253      D9A16C2C 
 254 03b1 166D8664 		.ascii	"\026m\206d\025\221w\023(\276\361\226\370\224e\011\251"
 254      15917713 
 254      28BEF196 
 254      F8946509 
 254      A9
 255 03c2 3CC553BC 		.ascii	"<\305S\274bQf\275\307\347\311S\266\330\231\342\325\237"
 255      625166BD 
 255      C7E7C953 
 255      B6D899E2 
 255      D59F
 256 03d4 7CF0AA8E 		.ascii	"|\360\252\216\317K}\212\327[\276\315\307\264\254Lx\233"
 256      CF4B7D8A 
 256      D75BBECD 
 256      C7B4AC4C 
 256      789B
 257 03e6 B355F178 		.ascii	"\263U\361xc\357m^eK\366\032N\223\275\346\177\324\336"
 257      63EF6D5E 
 257      654BF61A 
 257      4E93BDE6 
 257      7FD4DE
 258 03f9 029A     		.ascii	"\002\232"
 259              		.text
 260              		.section	.gnu.lto_.symtab.91bcb286,"",%progbits
 261 0000 4D55585F 		.ascii	"MUX_CTRL_scl_SetDriveMode\000\000\000\000\000\000\000"
 261      4354524C 
 261      5F73636C 
 261      5F536574 
 261      44726976 
 262 0020 00000000 		.ascii	"\000\000\000\000\000\262\000\000\000MUX_CTRL_scl_Wr"
 262      00B20000 
 262      004D5558 
 262      5F435452 
 262      4C5F7363 
 263 0038 69746500 		.ascii	"ite\000\000\000\000\000\000\000\000\000\000\000\000"
 263      00000000 
 263      00000000 
 263      000000
 264 0047 B4000000 		.ascii	"\264\000\000\000MUX_CTRL_scl_Read\000\000\000\000\000"
 264      4D55585F 
 264      4354524C 
 264      5F73636C 
 264      5F526561 
 265 0061 00000000 		.ascii	"\000\000\000\000\000\000\000\267\000\000\000MUX_CTR"
 265      000000B7 
 265      0000004D 
 265      55585F43 
 265      5452
ARM GAS  C:\Users\victo\AppData\Local\Temp\ccIADJks.s 			page 20


 266 0073 4C5F7363 		.ascii	"L_scl_ReadDataReg\000\000\000\000\000\000\000\000\000"
 266      6C5F5265 
 266      61644461 
 266      74615265 
 266      67000000 
 267 008d 000000B9 		.ascii	"\000\000\000\271\000\000\000MUX_CTRL_scl_SetInterru"
 267      0000004D 
 267      55585F43 
 267      54524C5F 
 267      73636C5F 
 268 00ab 70744D6F 		.ascii	"ptMode\000\000\000\000\000\000\000\000\000\000\000\000"
 268      64650000 
 268      00000000 
 268      00000000 
 268      0000
 269 00bd C3000000 		.ascii	"\303\000\000\000MUX_CTRL_scl_ClearInterrupt\000\000"
 269      4D55585F 
 269      4354524C 
 269      5F73636C 
 269      5F436C65 
 270 00de 00000000 		.ascii	"\000\000\000\000\000\000\000\000\000\000\305\000\000"
 270      00000000 
 270      0000C500 
 270      00
 271 00eb 00       		.ascii	"\000"
 272              		.text
 273              		.section	.gnu.lto_.opts,"",%progbits
 274 0000 272D666E 		.ascii	"'-fno-trapv' '-mcpu=cortex-m0' '-mthumb' '-g' '-Os'"
 274      6F2D7472 
 274      61707627 
 274      20272D6D 
 274      6370753D 
 275 0033 20272D57 		.ascii	" '-Werror' '-ffunction-sections' '-finline-function"
 275      6572726F 
 275      72272027 
 275      2D666675 
 275      6E637469 
 276 0066 73272027 		.ascii	"s' '-flto' '-ffat-lto-objects' '-fno-strict-aliasin"
 276      2D666C74 
 276      6F272027 
 276      2D666661 
 276      742D6C74 
 277 0099 672700   		.ascii	"g'\000"
 278              		.text
 279              		.cfi_sections	.debug_frame
 280              		.section	.text.MUX_CTRL_scl_SetDriveMode,"ax",%progbits
 281              		.align	1
 282              		.global	MUX_CTRL_scl_SetDriveMode
 283              		.code	16
 284              		.thumb_func
 285              		.type	MUX_CTRL_scl_SetDriveMode, %function
 286              	MUX_CTRL_scl_SetDriveMode:
 287              	.LFB0:
 288              		.file 1 ".\\Generated_Source\\PSoC4\\MUX_CTRL_scl.c"
   1:.\Generated_Source\PSoC4/MUX_CTRL_scl.c **** /*******************************************************************************
   2:.\Generated_Source\PSoC4/MUX_CTRL_scl.c **** * File Name: MUX_CTRL_scl.c  
   3:.\Generated_Source\PSoC4/MUX_CTRL_scl.c **** * Version 2.20
ARM GAS  C:\Users\victo\AppData\Local\Temp\ccIADJks.s 			page 21


   4:.\Generated_Source\PSoC4/MUX_CTRL_scl.c **** *
   5:.\Generated_Source\PSoC4/MUX_CTRL_scl.c **** * Description:
   6:.\Generated_Source\PSoC4/MUX_CTRL_scl.c **** *  This file contains API to enable firmware control of a Pins component.
   7:.\Generated_Source\PSoC4/MUX_CTRL_scl.c **** *
   8:.\Generated_Source\PSoC4/MUX_CTRL_scl.c **** ********************************************************************************
   9:.\Generated_Source\PSoC4/MUX_CTRL_scl.c **** * Copyright 2008-2015, Cypress Semiconductor Corporation.  All rights reserved.
  10:.\Generated_Source\PSoC4/MUX_CTRL_scl.c **** * You may use this file only in accordance with the license, terms, conditions, 
  11:.\Generated_Source\PSoC4/MUX_CTRL_scl.c **** * disclaimers, and limitations in the end user license agreement accompanying 
  12:.\Generated_Source\PSoC4/MUX_CTRL_scl.c **** * the software package with which this file was provided.
  13:.\Generated_Source\PSoC4/MUX_CTRL_scl.c **** *******************************************************************************/
  14:.\Generated_Source\PSoC4/MUX_CTRL_scl.c **** 
  15:.\Generated_Source\PSoC4/MUX_CTRL_scl.c **** #include "cytypes.h"
  16:.\Generated_Source\PSoC4/MUX_CTRL_scl.c **** #include "MUX_CTRL_scl.h"
  17:.\Generated_Source\PSoC4/MUX_CTRL_scl.c **** 
  18:.\Generated_Source\PSoC4/MUX_CTRL_scl.c **** 
  19:.\Generated_Source\PSoC4/MUX_CTRL_scl.c **** #if defined(MUX_CTRL_scl__PC)
  20:.\Generated_Source\PSoC4/MUX_CTRL_scl.c ****     #define MUX_CTRL_scl_SetP4PinDriveMode(shift, mode)  \
  21:.\Generated_Source\PSoC4/MUX_CTRL_scl.c ****     do { \
  22:.\Generated_Source\PSoC4/MUX_CTRL_scl.c ****         MUX_CTRL_scl_PC =   (MUX_CTRL_scl_PC & \
  23:.\Generated_Source\PSoC4/MUX_CTRL_scl.c ****                                 (uint32)(~(uint32)(MUX_CTRL_scl_DRIVE_MODE_IND_MASK << \
  24:.\Generated_Source\PSoC4/MUX_CTRL_scl.c ****                                 (MUX_CTRL_scl_DRIVE_MODE_BITS * (shift))))) | \
  25:.\Generated_Source\PSoC4/MUX_CTRL_scl.c ****                                 (uint32)((uint32)(mode) << \
  26:.\Generated_Source\PSoC4/MUX_CTRL_scl.c ****                                 (MUX_CTRL_scl_DRIVE_MODE_BITS * (shift))); \
  27:.\Generated_Source\PSoC4/MUX_CTRL_scl.c ****     } while (0)
  28:.\Generated_Source\PSoC4/MUX_CTRL_scl.c **** #else
  29:.\Generated_Source\PSoC4/MUX_CTRL_scl.c ****     #if (CY_PSOC4_4200L)
  30:.\Generated_Source\PSoC4/MUX_CTRL_scl.c ****         #define MUX_CTRL_scl_SetP4PinDriveMode(shift, mode)  \
  31:.\Generated_Source\PSoC4/MUX_CTRL_scl.c ****         do { \
  32:.\Generated_Source\PSoC4/MUX_CTRL_scl.c ****             MUX_CTRL_scl_USBIO_CTRL_REG = (MUX_CTRL_scl_USBIO_CTRL_REG & \
  33:.\Generated_Source\PSoC4/MUX_CTRL_scl.c ****                                     (uint32)(~(uint32)(MUX_CTRL_scl_DRIVE_MODE_IND_MASK << \
  34:.\Generated_Source\PSoC4/MUX_CTRL_scl.c ****                                     (MUX_CTRL_scl_DRIVE_MODE_BITS * (shift))))) | \
  35:.\Generated_Source\PSoC4/MUX_CTRL_scl.c ****                                     (uint32)((uint32)(mode) << \
  36:.\Generated_Source\PSoC4/MUX_CTRL_scl.c ****                                     (MUX_CTRL_scl_DRIVE_MODE_BITS * (shift))); \
  37:.\Generated_Source\PSoC4/MUX_CTRL_scl.c ****         } while (0)
  38:.\Generated_Source\PSoC4/MUX_CTRL_scl.c ****     #endif
  39:.\Generated_Source\PSoC4/MUX_CTRL_scl.c **** #endif
  40:.\Generated_Source\PSoC4/MUX_CTRL_scl.c ****   
  41:.\Generated_Source\PSoC4/MUX_CTRL_scl.c **** 
  42:.\Generated_Source\PSoC4/MUX_CTRL_scl.c **** #if defined(MUX_CTRL_scl__PC) || (CY_PSOC4_4200L) 
  43:.\Generated_Source\PSoC4/MUX_CTRL_scl.c ****     /*******************************************************************************
  44:.\Generated_Source\PSoC4/MUX_CTRL_scl.c ****     * Function Name: MUX_CTRL_scl_SetDriveMode
  45:.\Generated_Source\PSoC4/MUX_CTRL_scl.c ****     ****************************************************************************//**
  46:.\Generated_Source\PSoC4/MUX_CTRL_scl.c ****     *
  47:.\Generated_Source\PSoC4/MUX_CTRL_scl.c ****     * \brief Sets the drive mode for each of the Pins component's pins.
  48:.\Generated_Source\PSoC4/MUX_CTRL_scl.c ****     * 
  49:.\Generated_Source\PSoC4/MUX_CTRL_scl.c ****     * <b>Note</b> This affects all pins in the Pins component instance. Use the
  50:.\Generated_Source\PSoC4/MUX_CTRL_scl.c ****     * Per-Pin APIs if you wish to control individual pin's drive modes.
  51:.\Generated_Source\PSoC4/MUX_CTRL_scl.c ****     *
  52:.\Generated_Source\PSoC4/MUX_CTRL_scl.c ****     * <b>Note</b> USBIOs have limited drive functionality. Refer to the Drive Mode
  53:.\Generated_Source\PSoC4/MUX_CTRL_scl.c ****     * parameter for more information.
  54:.\Generated_Source\PSoC4/MUX_CTRL_scl.c ****     *
  55:.\Generated_Source\PSoC4/MUX_CTRL_scl.c ****     * \param mode
  56:.\Generated_Source\PSoC4/MUX_CTRL_scl.c ****     *  Mode for the selected signals. Valid options are documented in 
  57:.\Generated_Source\PSoC4/MUX_CTRL_scl.c ****     *  \ref driveMode.
  58:.\Generated_Source\PSoC4/MUX_CTRL_scl.c ****     *
  59:.\Generated_Source\PSoC4/MUX_CTRL_scl.c ****     * \return
  60:.\Generated_Source\PSoC4/MUX_CTRL_scl.c ****     *  None
ARM GAS  C:\Users\victo\AppData\Local\Temp\ccIADJks.s 			page 22


  61:.\Generated_Source\PSoC4/MUX_CTRL_scl.c ****     *
  62:.\Generated_Source\PSoC4/MUX_CTRL_scl.c ****     * \sideeffect
  63:.\Generated_Source\PSoC4/MUX_CTRL_scl.c ****     *  If you use read-modify-write operations that are not atomic, the ISR can
  64:.\Generated_Source\PSoC4/MUX_CTRL_scl.c ****     *  cause corruption of this function. An ISR that interrupts this function 
  65:.\Generated_Source\PSoC4/MUX_CTRL_scl.c ****     *  and performs writes to the Pins component Drive Mode registers can cause 
  66:.\Generated_Source\PSoC4/MUX_CTRL_scl.c ****     *  corrupted port data. To avoid this issue, you should either use the Per-Pin
  67:.\Generated_Source\PSoC4/MUX_CTRL_scl.c ****     *  APIs (primary method) or disable interrupts around this function.
  68:.\Generated_Source\PSoC4/MUX_CTRL_scl.c ****     *
  69:.\Generated_Source\PSoC4/MUX_CTRL_scl.c ****     * \funcusage
  70:.\Generated_Source\PSoC4/MUX_CTRL_scl.c ****     *  \snippet MUX_CTRL_scl_SUT.c usage_MUX_CTRL_scl_SetDriveMode
  71:.\Generated_Source\PSoC4/MUX_CTRL_scl.c ****     *******************************************************************************/
  72:.\Generated_Source\PSoC4/MUX_CTRL_scl.c ****     void MUX_CTRL_scl_SetDriveMode(uint8 mode)
  73:.\Generated_Source\PSoC4/MUX_CTRL_scl.c ****     {
 289              		.loc 1 73 0
 290              		.cfi_startproc
 291              	.LVL0:
  74:.\Generated_Source\PSoC4/MUX_CTRL_scl.c **** 		MUX_CTRL_scl_SetP4PinDriveMode(MUX_CTRL_scl__0__SHIFT, mode);
 292              		.loc 1 74 0
 293 0000 034A     		ldr	r2, .L2
 294 0002 044B     		ldr	r3, .L2+4
 295 0004 1168     		ldr	r1, [r2]
 296 0006 4002     		lsl	r0, r0, #9
 297              	.LVL1:
 298 0008 0B40     		and	r3, r1
 299 000a 1843     		orr	r0, r3
 300 000c 1060     		str	r0, [r2]
  75:.\Generated_Source\PSoC4/MUX_CTRL_scl.c ****     }
 301              		.loc 1 75 0
 302              		@ sp needed
 303 000e 7047     		bx	lr
 304              	.L3:
 305              		.align	2
 306              	.L2:
 307 0010 08030440 		.word	1074004744
 308 0014 FFF1FFFF 		.word	-3585
 309              		.cfi_endproc
 310              	.LFE0:
 311              		.size	MUX_CTRL_scl_SetDriveMode, .-MUX_CTRL_scl_SetDriveMode
 312              		.section	.text.MUX_CTRL_scl_Write,"ax",%progbits
 313              		.align	1
 314              		.global	MUX_CTRL_scl_Write
 315              		.code	16
 316              		.thumb_func
 317              		.type	MUX_CTRL_scl_Write, %function
 318              	MUX_CTRL_scl_Write:
 319              	.LFB1:
  76:.\Generated_Source\PSoC4/MUX_CTRL_scl.c **** #endif
  77:.\Generated_Source\PSoC4/MUX_CTRL_scl.c **** 
  78:.\Generated_Source\PSoC4/MUX_CTRL_scl.c **** 
  79:.\Generated_Source\PSoC4/MUX_CTRL_scl.c **** /*******************************************************************************
  80:.\Generated_Source\PSoC4/MUX_CTRL_scl.c **** * Function Name: MUX_CTRL_scl_Write
  81:.\Generated_Source\PSoC4/MUX_CTRL_scl.c **** ****************************************************************************//**
  82:.\Generated_Source\PSoC4/MUX_CTRL_scl.c **** *
  83:.\Generated_Source\PSoC4/MUX_CTRL_scl.c **** * \brief Writes the value to the physical port (data output register), masking
  84:.\Generated_Source\PSoC4/MUX_CTRL_scl.c **** *  and shifting the bits appropriately. 
  85:.\Generated_Source\PSoC4/MUX_CTRL_scl.c **** *
  86:.\Generated_Source\PSoC4/MUX_CTRL_scl.c **** * The data output register controls the signal applied to the physical pin in 
ARM GAS  C:\Users\victo\AppData\Local\Temp\ccIADJks.s 			page 23


  87:.\Generated_Source\PSoC4/MUX_CTRL_scl.c **** * conjunction with the drive mode parameter. This function avoids changing 
  88:.\Generated_Source\PSoC4/MUX_CTRL_scl.c **** * other bits in the port by using the appropriate method (read-modify-write or
  89:.\Generated_Source\PSoC4/MUX_CTRL_scl.c **** * bit banding).
  90:.\Generated_Source\PSoC4/MUX_CTRL_scl.c **** *
  91:.\Generated_Source\PSoC4/MUX_CTRL_scl.c **** * <b>Note</b> This function should not be used on a hardware digital output pin 
  92:.\Generated_Source\PSoC4/MUX_CTRL_scl.c **** * as it is driven by the hardware signal attached to it.
  93:.\Generated_Source\PSoC4/MUX_CTRL_scl.c **** *
  94:.\Generated_Source\PSoC4/MUX_CTRL_scl.c **** * \param value
  95:.\Generated_Source\PSoC4/MUX_CTRL_scl.c **** *  Value to write to the component instance.
  96:.\Generated_Source\PSoC4/MUX_CTRL_scl.c **** *
  97:.\Generated_Source\PSoC4/MUX_CTRL_scl.c **** * \return 
  98:.\Generated_Source\PSoC4/MUX_CTRL_scl.c **** *  None 
  99:.\Generated_Source\PSoC4/MUX_CTRL_scl.c **** *
 100:.\Generated_Source\PSoC4/MUX_CTRL_scl.c **** * \sideeffect
 101:.\Generated_Source\PSoC4/MUX_CTRL_scl.c **** *  If you use read-modify-write operations that are not atomic; the Interrupt 
 102:.\Generated_Source\PSoC4/MUX_CTRL_scl.c **** *  Service Routines (ISR) can cause corruption of this function. An ISR that 
 103:.\Generated_Source\PSoC4/MUX_CTRL_scl.c **** *  interrupts this function and performs writes to the Pins component data 
 104:.\Generated_Source\PSoC4/MUX_CTRL_scl.c **** *  register can cause corrupted port data. To avoid this issue, you should 
 105:.\Generated_Source\PSoC4/MUX_CTRL_scl.c **** *  either use the Per-Pin APIs (primary method) or disable interrupts around 
 106:.\Generated_Source\PSoC4/MUX_CTRL_scl.c **** *  this function.
 107:.\Generated_Source\PSoC4/MUX_CTRL_scl.c **** *
 108:.\Generated_Source\PSoC4/MUX_CTRL_scl.c **** * \funcusage
 109:.\Generated_Source\PSoC4/MUX_CTRL_scl.c **** *  \snippet MUX_CTRL_scl_SUT.c usage_MUX_CTRL_scl_Write
 110:.\Generated_Source\PSoC4/MUX_CTRL_scl.c **** *******************************************************************************/
 111:.\Generated_Source\PSoC4/MUX_CTRL_scl.c **** void MUX_CTRL_scl_Write(uint8 value)
 112:.\Generated_Source\PSoC4/MUX_CTRL_scl.c **** {
 320              		.loc 1 112 0
 321              		.cfi_startproc
 322              	.LVL2:
 113:.\Generated_Source\PSoC4/MUX_CTRL_scl.c ****     uint8 drVal = (uint8)(MUX_CTRL_scl_DR & (uint8)(~MUX_CTRL_scl_MASK));
 323              		.loc 1 113 0
 324 0000 0823     		mov	r3, #8
 325 0002 0449     		ldr	r1, .L5
 114:.\Generated_Source\PSoC4/MUX_CTRL_scl.c ****     drVal = (drVal | ((uint8)(value << MUX_CTRL_scl_SHIFT) & MUX_CTRL_scl_MASK));
 326              		.loc 1 114 0
 327 0004 C000     		lsl	r0, r0, #3
 328              	.LVL3:
 113:.\Generated_Source\PSoC4/MUX_CTRL_scl.c ****     uint8 drVal = (uint8)(MUX_CTRL_scl_DR & (uint8)(~MUX_CTRL_scl_MASK));
 329              		.loc 1 113 0
 330 0006 0A68     		ldr	r2, [r1]
 115:.\Generated_Source\PSoC4/MUX_CTRL_scl.c ****     MUX_CTRL_scl_DR = (uint32)drVal;
 116:.\Generated_Source\PSoC4/MUX_CTRL_scl.c **** }
 331              		.loc 1 116 0
 332              		@ sp needed
 113:.\Generated_Source\PSoC4/MUX_CTRL_scl.c ****     drVal = (drVal | ((uint8)(value << MUX_CTRL_scl_SHIFT) & MUX_CTRL_scl_MASK));
 333              		.loc 1 113 0
 334 0008 9A43     		bic	r2, r3
 335 000a D2B2     		uxtb	r2, r2
 114:.\Generated_Source\PSoC4/MUX_CTRL_scl.c ****     drVal = (drVal | ((uint8)(value << MUX_CTRL_scl_SHIFT) & MUX_CTRL_scl_MASK));
 336              		.loc 1 114 0
 337 000c 0340     		and	r3, r0
 115:.\Generated_Source\PSoC4/MUX_CTRL_scl.c ****     MUX_CTRL_scl_DR = (uint32)drVal;
 338              		.loc 1 115 0
 339 000e 1343     		orr	r3, r2
 340 0010 0B60     		str	r3, [r1]
 341              		.loc 1 116 0
 342 0012 7047     		bx	lr
ARM GAS  C:\Users\victo\AppData\Local\Temp\ccIADJks.s 			page 24


 343              	.L6:
 344              		.align	2
 345              	.L5:
 346 0014 00030440 		.word	1074004736
 347              		.cfi_endproc
 348              	.LFE1:
 349              		.size	MUX_CTRL_scl_Write, .-MUX_CTRL_scl_Write
 350              		.section	.text.MUX_CTRL_scl_Read,"ax",%progbits
 351              		.align	1
 352              		.global	MUX_CTRL_scl_Read
 353              		.code	16
 354              		.thumb_func
 355              		.type	MUX_CTRL_scl_Read, %function
 356              	MUX_CTRL_scl_Read:
 357              	.LFB2:
 117:.\Generated_Source\PSoC4/MUX_CTRL_scl.c **** 
 118:.\Generated_Source\PSoC4/MUX_CTRL_scl.c **** 
 119:.\Generated_Source\PSoC4/MUX_CTRL_scl.c **** /*******************************************************************************
 120:.\Generated_Source\PSoC4/MUX_CTRL_scl.c **** * Function Name: MUX_CTRL_scl_Read
 121:.\Generated_Source\PSoC4/MUX_CTRL_scl.c **** ****************************************************************************//**
 122:.\Generated_Source\PSoC4/MUX_CTRL_scl.c **** *
 123:.\Generated_Source\PSoC4/MUX_CTRL_scl.c **** * \brief Reads the associated physical port (pin status register) and masks 
 124:.\Generated_Source\PSoC4/MUX_CTRL_scl.c **** *  the required bits according to the width and bit position of the component
 125:.\Generated_Source\PSoC4/MUX_CTRL_scl.c **** *  instance. 
 126:.\Generated_Source\PSoC4/MUX_CTRL_scl.c **** *
 127:.\Generated_Source\PSoC4/MUX_CTRL_scl.c **** * The pin's status register returns the current logic level present on the 
 128:.\Generated_Source\PSoC4/MUX_CTRL_scl.c **** * physical pin.
 129:.\Generated_Source\PSoC4/MUX_CTRL_scl.c **** *
 130:.\Generated_Source\PSoC4/MUX_CTRL_scl.c **** * \return 
 131:.\Generated_Source\PSoC4/MUX_CTRL_scl.c **** *  The current value for the pins in the component as a right justified number.
 132:.\Generated_Source\PSoC4/MUX_CTRL_scl.c **** *
 133:.\Generated_Source\PSoC4/MUX_CTRL_scl.c **** * \funcusage
 134:.\Generated_Source\PSoC4/MUX_CTRL_scl.c **** *  \snippet MUX_CTRL_scl_SUT.c usage_MUX_CTRL_scl_Read  
 135:.\Generated_Source\PSoC4/MUX_CTRL_scl.c **** *******************************************************************************/
 136:.\Generated_Source\PSoC4/MUX_CTRL_scl.c **** uint8 MUX_CTRL_scl_Read(void)
 137:.\Generated_Source\PSoC4/MUX_CTRL_scl.c **** {
 358              		.loc 1 137 0
 359              		.cfi_startproc
 138:.\Generated_Source\PSoC4/MUX_CTRL_scl.c ****     return (uint8)((MUX_CTRL_scl_PS & MUX_CTRL_scl_MASK) >> MUX_CTRL_scl_SHIFT);
 360              		.loc 1 138 0
 361 0000 024B     		ldr	r3, .L8
 139:.\Generated_Source\PSoC4/MUX_CTRL_scl.c **** }
 362              		.loc 1 139 0
 363              		@ sp needed
 138:.\Generated_Source\PSoC4/MUX_CTRL_scl.c ****     return (uint8)((MUX_CTRL_scl_PS & MUX_CTRL_scl_MASK) >> MUX_CTRL_scl_SHIFT);
 364              		.loc 1 138 0
 365 0002 1868     		ldr	r0, [r3]
 366 0004 0007     		lsl	r0, r0, #28
 367 0006 C00F     		lsr	r0, r0, #31
 368              		.loc 1 139 0
 369 0008 7047     		bx	lr
 370              	.L9:
 371 000a C046     		.align	2
 372              	.L8:
 373 000c 04030440 		.word	1074004740
 374              		.cfi_endproc
 375              	.LFE2:
ARM GAS  C:\Users\victo\AppData\Local\Temp\ccIADJks.s 			page 25


 376              		.size	MUX_CTRL_scl_Read, .-MUX_CTRL_scl_Read
 377              		.section	.text.MUX_CTRL_scl_ReadDataReg,"ax",%progbits
 378              		.align	1
 379              		.global	MUX_CTRL_scl_ReadDataReg
 380              		.code	16
 381              		.thumb_func
 382              		.type	MUX_CTRL_scl_ReadDataReg, %function
 383              	MUX_CTRL_scl_ReadDataReg:
 384              	.LFB3:
 140:.\Generated_Source\PSoC4/MUX_CTRL_scl.c **** 
 141:.\Generated_Source\PSoC4/MUX_CTRL_scl.c **** 
 142:.\Generated_Source\PSoC4/MUX_CTRL_scl.c **** /*******************************************************************************
 143:.\Generated_Source\PSoC4/MUX_CTRL_scl.c **** * Function Name: MUX_CTRL_scl_ReadDataReg
 144:.\Generated_Source\PSoC4/MUX_CTRL_scl.c **** ****************************************************************************//**
 145:.\Generated_Source\PSoC4/MUX_CTRL_scl.c **** *
 146:.\Generated_Source\PSoC4/MUX_CTRL_scl.c **** * \brief Reads the associated physical port's data output register and masks 
 147:.\Generated_Source\PSoC4/MUX_CTRL_scl.c **** *  the correct bits according to the width and bit position of the component 
 148:.\Generated_Source\PSoC4/MUX_CTRL_scl.c **** *  instance. 
 149:.\Generated_Source\PSoC4/MUX_CTRL_scl.c **** *
 150:.\Generated_Source\PSoC4/MUX_CTRL_scl.c **** * The data output register controls the signal applied to the physical pin in 
 151:.\Generated_Source\PSoC4/MUX_CTRL_scl.c **** * conjunction with the drive mode parameter. This is not the same as the 
 152:.\Generated_Source\PSoC4/MUX_CTRL_scl.c **** * preferred MUX_CTRL_scl_Read() API because the 
 153:.\Generated_Source\PSoC4/MUX_CTRL_scl.c **** * MUX_CTRL_scl_ReadDataReg() reads the data register instead of the status 
 154:.\Generated_Source\PSoC4/MUX_CTRL_scl.c **** * register. For output pins this is a useful function to determine the value 
 155:.\Generated_Source\PSoC4/MUX_CTRL_scl.c **** * just written to the pin.
 156:.\Generated_Source\PSoC4/MUX_CTRL_scl.c **** *
 157:.\Generated_Source\PSoC4/MUX_CTRL_scl.c **** * \return 
 158:.\Generated_Source\PSoC4/MUX_CTRL_scl.c **** *  The current value of the data register masked and shifted into a right 
 159:.\Generated_Source\PSoC4/MUX_CTRL_scl.c **** *  justified number for the component instance.
 160:.\Generated_Source\PSoC4/MUX_CTRL_scl.c **** *
 161:.\Generated_Source\PSoC4/MUX_CTRL_scl.c **** * \funcusage
 162:.\Generated_Source\PSoC4/MUX_CTRL_scl.c **** *  \snippet MUX_CTRL_scl_SUT.c usage_MUX_CTRL_scl_ReadDataReg 
 163:.\Generated_Source\PSoC4/MUX_CTRL_scl.c **** *******************************************************************************/
 164:.\Generated_Source\PSoC4/MUX_CTRL_scl.c **** uint8 MUX_CTRL_scl_ReadDataReg(void)
 165:.\Generated_Source\PSoC4/MUX_CTRL_scl.c **** {
 385              		.loc 1 165 0
 386              		.cfi_startproc
 166:.\Generated_Source\PSoC4/MUX_CTRL_scl.c ****     return (uint8)((MUX_CTRL_scl_DR & MUX_CTRL_scl_MASK) >> MUX_CTRL_scl_SHIFT);
 387              		.loc 1 166 0
 388 0000 024B     		ldr	r3, .L11
 167:.\Generated_Source\PSoC4/MUX_CTRL_scl.c **** }
 389              		.loc 1 167 0
 390              		@ sp needed
 166:.\Generated_Source\PSoC4/MUX_CTRL_scl.c ****     return (uint8)((MUX_CTRL_scl_DR & MUX_CTRL_scl_MASK) >> MUX_CTRL_scl_SHIFT);
 391              		.loc 1 166 0
 392 0002 1868     		ldr	r0, [r3]
 393 0004 0007     		lsl	r0, r0, #28
 394 0006 C00F     		lsr	r0, r0, #31
 395              		.loc 1 167 0
 396 0008 7047     		bx	lr
 397              	.L12:
 398 000a C046     		.align	2
 399              	.L11:
 400 000c 00030440 		.word	1074004736
 401              		.cfi_endproc
 402              	.LFE3:
 403              		.size	MUX_CTRL_scl_ReadDataReg, .-MUX_CTRL_scl_ReadDataReg
ARM GAS  C:\Users\victo\AppData\Local\Temp\ccIADJks.s 			page 26


 404              		.section	.text.MUX_CTRL_scl_SetInterruptMode,"ax",%progbits
 405              		.align	1
 406              		.global	MUX_CTRL_scl_SetInterruptMode
 407              		.code	16
 408              		.thumb_func
 409              		.type	MUX_CTRL_scl_SetInterruptMode, %function
 410              	MUX_CTRL_scl_SetInterruptMode:
 411              	.LFB4:
 168:.\Generated_Source\PSoC4/MUX_CTRL_scl.c **** 
 169:.\Generated_Source\PSoC4/MUX_CTRL_scl.c **** 
 170:.\Generated_Source\PSoC4/MUX_CTRL_scl.c **** /*******************************************************************************
 171:.\Generated_Source\PSoC4/MUX_CTRL_scl.c **** * Function Name: MUX_CTRL_scl_SetInterruptMode
 172:.\Generated_Source\PSoC4/MUX_CTRL_scl.c **** ****************************************************************************//**
 173:.\Generated_Source\PSoC4/MUX_CTRL_scl.c **** *
 174:.\Generated_Source\PSoC4/MUX_CTRL_scl.c **** * \brief Configures the interrupt mode for each of the Pins component's
 175:.\Generated_Source\PSoC4/MUX_CTRL_scl.c **** *  pins. Alternatively you may set the interrupt mode for all the pins
 176:.\Generated_Source\PSoC4/MUX_CTRL_scl.c **** *  specified in the Pins component.
 177:.\Generated_Source\PSoC4/MUX_CTRL_scl.c **** *
 178:.\Generated_Source\PSoC4/MUX_CTRL_scl.c **** *  <b>Note</b> The interrupt is port-wide and therefore any enabled pin
 179:.\Generated_Source\PSoC4/MUX_CTRL_scl.c **** *  interrupt may trigger it.
 180:.\Generated_Source\PSoC4/MUX_CTRL_scl.c **** *
 181:.\Generated_Source\PSoC4/MUX_CTRL_scl.c **** * \param position
 182:.\Generated_Source\PSoC4/MUX_CTRL_scl.c **** *  The pin position as listed in the Pins component. You may OR these to be 
 183:.\Generated_Source\PSoC4/MUX_CTRL_scl.c **** *  able to configure the interrupt mode of multiple pins within a Pins 
 184:.\Generated_Source\PSoC4/MUX_CTRL_scl.c **** *  component. Or you may use MUX_CTRL_scl_INTR_ALL to configure the
 185:.\Generated_Source\PSoC4/MUX_CTRL_scl.c **** *  interrupt mode of all the pins in the Pins component.       
 186:.\Generated_Source\PSoC4/MUX_CTRL_scl.c **** *  - MUX_CTRL_scl_0_INTR       (First pin in the list)
 187:.\Generated_Source\PSoC4/MUX_CTRL_scl.c **** *  - MUX_CTRL_scl_1_INTR       (Second pin in the list)
 188:.\Generated_Source\PSoC4/MUX_CTRL_scl.c **** *  - ...
 189:.\Generated_Source\PSoC4/MUX_CTRL_scl.c **** *  - MUX_CTRL_scl_INTR_ALL     (All pins in Pins component)
 190:.\Generated_Source\PSoC4/MUX_CTRL_scl.c **** *
 191:.\Generated_Source\PSoC4/MUX_CTRL_scl.c **** * \param mode
 192:.\Generated_Source\PSoC4/MUX_CTRL_scl.c **** *  Interrupt mode for the selected pins. Valid options are documented in
 193:.\Generated_Source\PSoC4/MUX_CTRL_scl.c **** *  \ref intrMode.
 194:.\Generated_Source\PSoC4/MUX_CTRL_scl.c **** *
 195:.\Generated_Source\PSoC4/MUX_CTRL_scl.c **** * \return 
 196:.\Generated_Source\PSoC4/MUX_CTRL_scl.c **** *  None
 197:.\Generated_Source\PSoC4/MUX_CTRL_scl.c **** *  
 198:.\Generated_Source\PSoC4/MUX_CTRL_scl.c **** * \sideeffect
 199:.\Generated_Source\PSoC4/MUX_CTRL_scl.c **** *  It is recommended that the interrupt be disabled before calling this 
 200:.\Generated_Source\PSoC4/MUX_CTRL_scl.c **** *  function to avoid unintended interrupt requests. Note that the interrupt
 201:.\Generated_Source\PSoC4/MUX_CTRL_scl.c **** *  type is port wide, and therefore will trigger for any enabled pin on the 
 202:.\Generated_Source\PSoC4/MUX_CTRL_scl.c **** *  port.
 203:.\Generated_Source\PSoC4/MUX_CTRL_scl.c **** *
 204:.\Generated_Source\PSoC4/MUX_CTRL_scl.c **** * \funcusage
 205:.\Generated_Source\PSoC4/MUX_CTRL_scl.c **** *  \snippet MUX_CTRL_scl_SUT.c usage_MUX_CTRL_scl_SetInterruptMode
 206:.\Generated_Source\PSoC4/MUX_CTRL_scl.c **** *******************************************************************************/
 207:.\Generated_Source\PSoC4/MUX_CTRL_scl.c **** void MUX_CTRL_scl_SetInterruptMode(uint16 position, uint16 mode)
 208:.\Generated_Source\PSoC4/MUX_CTRL_scl.c **** {
 412              		.loc 1 208 0
 413              		.cfi_startproc
 414              	.LVL4:
 209:.\Generated_Source\PSoC4/MUX_CTRL_scl.c ****     uint32 intrCfg;
 210:.\Generated_Source\PSoC4/MUX_CTRL_scl.c ****     
 211:.\Generated_Source\PSoC4/MUX_CTRL_scl.c ****     intrCfg =  MUX_CTRL_scl_INTCFG & (uint32)(~(uint32)position);
 415              		.loc 1 211 0
 416 0000 034A     		ldr	r2, .L14
ARM GAS  C:\Users\victo\AppData\Local\Temp\ccIADJks.s 			page 27


 212:.\Generated_Source\PSoC4/MUX_CTRL_scl.c ****     MUX_CTRL_scl_INTCFG = intrCfg | ((uint32)position & (uint32)mode);
 213:.\Generated_Source\PSoC4/MUX_CTRL_scl.c **** }
 417              		.loc 1 213 0
 418              		@ sp needed
 211:.\Generated_Source\PSoC4/MUX_CTRL_scl.c ****     MUX_CTRL_scl_INTCFG = intrCfg | ((uint32)position & (uint32)mode);
 419              		.loc 1 211 0
 420 0002 1368     		ldr	r3, [r2]
 421              	.LVL5:
 422 0004 8343     		bic	r3, r0
 423              	.LVL6:
 212:.\Generated_Source\PSoC4/MUX_CTRL_scl.c ****     MUX_CTRL_scl_INTCFG = intrCfg | ((uint32)position & (uint32)mode);
 424              		.loc 1 212 0
 425 0006 0840     		and	r0, r1
 426              	.LVL7:
 427 0008 1843     		orr	r0, r3
 428 000a 1060     		str	r0, [r2]
 429              		.loc 1 213 0
 430 000c 7047     		bx	lr
 431              	.L15:
 432 000e C046     		.align	2
 433              	.L14:
 434 0010 0C030440 		.word	1074004748
 435              		.cfi_endproc
 436              	.LFE4:
 437              		.size	MUX_CTRL_scl_SetInterruptMode, .-MUX_CTRL_scl_SetInterruptMode
 438              		.section	.text.MUX_CTRL_scl_ClearInterrupt,"ax",%progbits
 439              		.align	1
 440              		.global	MUX_CTRL_scl_ClearInterrupt
 441              		.code	16
 442              		.thumb_func
 443              		.type	MUX_CTRL_scl_ClearInterrupt, %function
 444              	MUX_CTRL_scl_ClearInterrupt:
 445              	.LFB5:
 214:.\Generated_Source\PSoC4/MUX_CTRL_scl.c **** 
 215:.\Generated_Source\PSoC4/MUX_CTRL_scl.c **** 
 216:.\Generated_Source\PSoC4/MUX_CTRL_scl.c **** /*******************************************************************************
 217:.\Generated_Source\PSoC4/MUX_CTRL_scl.c **** * Function Name: MUX_CTRL_scl_ClearInterrupt
 218:.\Generated_Source\PSoC4/MUX_CTRL_scl.c **** ****************************************************************************//**
 219:.\Generated_Source\PSoC4/MUX_CTRL_scl.c **** *
 220:.\Generated_Source\PSoC4/MUX_CTRL_scl.c **** * \brief Clears any active interrupts attached with the component and returns 
 221:.\Generated_Source\PSoC4/MUX_CTRL_scl.c **** *  the value of the interrupt status register allowing determination of which
 222:.\Generated_Source\PSoC4/MUX_CTRL_scl.c **** *  pins generated an interrupt event.
 223:.\Generated_Source\PSoC4/MUX_CTRL_scl.c **** *
 224:.\Generated_Source\PSoC4/MUX_CTRL_scl.c **** * \return 
 225:.\Generated_Source\PSoC4/MUX_CTRL_scl.c **** *  The right-shifted current value of the interrupt status register. Each pin 
 226:.\Generated_Source\PSoC4/MUX_CTRL_scl.c **** *  has one bit set if it generated an interrupt event. For example, bit 0 is 
 227:.\Generated_Source\PSoC4/MUX_CTRL_scl.c **** *  for pin 0 and bit 1 is for pin 1 of the Pins component.
 228:.\Generated_Source\PSoC4/MUX_CTRL_scl.c **** *  
 229:.\Generated_Source\PSoC4/MUX_CTRL_scl.c **** * \sideeffect
 230:.\Generated_Source\PSoC4/MUX_CTRL_scl.c **** *  Clears all bits of the physical port's interrupt status register, not just
 231:.\Generated_Source\PSoC4/MUX_CTRL_scl.c **** *  those associated with the Pins component.
 232:.\Generated_Source\PSoC4/MUX_CTRL_scl.c **** *
 233:.\Generated_Source\PSoC4/MUX_CTRL_scl.c **** * \funcusage
 234:.\Generated_Source\PSoC4/MUX_CTRL_scl.c **** *  \snippet MUX_CTRL_scl_SUT.c usage_MUX_CTRL_scl_ClearInterrupt
 235:.\Generated_Source\PSoC4/MUX_CTRL_scl.c **** *******************************************************************************/
 236:.\Generated_Source\PSoC4/MUX_CTRL_scl.c **** uint8 MUX_CTRL_scl_ClearInterrupt(void)
 237:.\Generated_Source\PSoC4/MUX_CTRL_scl.c **** {
ARM GAS  C:\Users\victo\AppData\Local\Temp\ccIADJks.s 			page 28


 446              		.loc 1 237 0
 447              		.cfi_startproc
 238:.\Generated_Source\PSoC4/MUX_CTRL_scl.c **** 	uint8 maskedStatus = (uint8)(MUX_CTRL_scl_INTSTAT & MUX_CTRL_scl_MASK);
 448              		.loc 1 238 0
 449 0000 0823     		mov	r3, #8
 450 0002 034A     		ldr	r2, .L17
 239:.\Generated_Source\PSoC4/MUX_CTRL_scl.c **** 	MUX_CTRL_scl_INTSTAT = maskedStatus;
 240:.\Generated_Source\PSoC4/MUX_CTRL_scl.c ****     return maskedStatus >> MUX_CTRL_scl_SHIFT;
 241:.\Generated_Source\PSoC4/MUX_CTRL_scl.c **** }
 451              		.loc 1 241 0
 452              		@ sp needed
 238:.\Generated_Source\PSoC4/MUX_CTRL_scl.c **** 	uint8 maskedStatus = (uint8)(MUX_CTRL_scl_INTSTAT & MUX_CTRL_scl_MASK);
 453              		.loc 1 238 0
 454 0004 1068     		ldr	r0, [r2]
 455 0006 1840     		and	r0, r3
 456              	.LVL8:
 239:.\Generated_Source\PSoC4/MUX_CTRL_scl.c **** 	MUX_CTRL_scl_INTSTAT = maskedStatus;
 457              		.loc 1 239 0
 458 0008 1060     		str	r0, [r2]
 240:.\Generated_Source\PSoC4/MUX_CTRL_scl.c **** }
 459              		.loc 1 240 0
 460 000a C008     		lsr	r0, r0, #3
 461              	.LVL9:
 462 000c C0B2     		uxtb	r0, r0
 463              		.loc 1 241 0
 464 000e 7047     		bx	lr
 465              	.L18:
 466              		.align	2
 467              	.L17:
 468 0010 10030440 		.word	1074004752
 469              		.cfi_endproc
 470              	.LFE5:
 471              		.size	MUX_CTRL_scl_ClearInterrupt, .-MUX_CTRL_scl_ClearInterrupt
 472              		.text
 473              	.Letext0:
 474              		.file 2 ".\\Generated_Source\\PSoC4\\cytypes.h"
 475              		.section	.debug_info,"",%progbits
 476              	.Ldebug_info0:
 477 0000 97010000 		.4byte	0x197
 478 0004 0400     		.2byte	0x4
 479 0006 00000000 		.4byte	.Ldebug_abbrev0
 480 000a 04       		.byte	0x4
 481 000b 01       		.uleb128 0x1
 482 000c 21010000 		.4byte	.LASF27
 483 0010 01       		.byte	0x1
 484 0011 00000000 		.4byte	.LASF28
 485 0015 E2010000 		.4byte	.LASF29
 486 0019 00000000 		.4byte	.Ldebug_ranges0+0
 487 001d 00000000 		.4byte	0
 488 0021 00000000 		.4byte	.Ldebug_line0
 489 0025 02       		.uleb128 0x2
 490 0026 01       		.byte	0x1
 491 0027 06       		.byte	0x6
 492 0028 92020000 		.4byte	.LASF0
 493 002c 02       		.uleb128 0x2
 494 002d 01       		.byte	0x1
 495 002e 08       		.byte	0x8
ARM GAS  C:\Users\victo\AppData\Local\Temp\ccIADJks.s 			page 29


 496 002f 9E000000 		.4byte	.LASF1
 497 0033 02       		.uleb128 0x2
 498 0034 02       		.byte	0x2
 499 0035 05       		.byte	0x5
 500 0036 79020000 		.4byte	.LASF2
 501 003a 02       		.uleb128 0x2
 502 003b 02       		.byte	0x2
 503 003c 07       		.byte	0x7
 504 003d C4000000 		.4byte	.LASF3
 505 0041 02       		.uleb128 0x2
 506 0042 04       		.byte	0x4
 507 0043 05       		.byte	0x5
 508 0044 89020000 		.4byte	.LASF4
 509 0048 02       		.uleb128 0x2
 510 0049 04       		.byte	0x4
 511 004a 07       		.byte	0x7
 512 004b B2000000 		.4byte	.LASF5
 513 004f 02       		.uleb128 0x2
 514 0050 08       		.byte	0x8
 515 0051 05       		.byte	0x5
 516 0052 59020000 		.4byte	.LASF6
 517 0056 02       		.uleb128 0x2
 518 0057 08       		.byte	0x8
 519 0058 07       		.byte	0x7
 520 0059 0A010000 		.4byte	.LASF7
 521 005d 03       		.uleb128 0x3
 522 005e 04       		.byte	0x4
 523 005f 05       		.byte	0x5
 524 0060 696E7400 		.ascii	"int\000"
 525 0064 02       		.uleb128 0x2
 526 0065 04       		.byte	0x4
 527 0066 07       		.byte	0x7
 528 0067 FD000000 		.4byte	.LASF8
 529 006b 04       		.uleb128 0x4
 530 006c 83020000 		.4byte	.LASF9
 531 0070 02       		.byte	0x2
 532 0071 9801     		.2byte	0x198
 533 0073 2C000000 		.4byte	0x2c
 534 0077 04       		.uleb128 0x4
 535 0078 DE000000 		.4byte	.LASF10
 536 007c 02       		.byte	0x2
 537 007d 9901     		.2byte	0x199
 538 007f 3A000000 		.4byte	0x3a
 539 0083 04       		.uleb128 0x4
 540 0084 EE000000 		.4byte	.LASF11
 541 0088 02       		.byte	0x2
 542 0089 9A01     		.2byte	0x19a
 543 008b 48000000 		.4byte	0x48
 544 008f 02       		.uleb128 0x2
 545 0090 04       		.byte	0x4
 546 0091 04       		.byte	0x4
 547 0092 6C000000 		.4byte	.LASF12
 548 0096 02       		.uleb128 0x2
 549 0097 08       		.byte	0x8
 550 0098 04       		.byte	0x4
 551 0099 D7000000 		.4byte	.LASF13
 552 009d 02       		.uleb128 0x2
ARM GAS  C:\Users\victo\AppData\Local\Temp\ccIADJks.s 			page 30


 553 009e 01       		.byte	0x1
 554 009f 08       		.byte	0x8
 555 00a0 74020000 		.4byte	.LASF14
 556 00a4 04       		.uleb128 0x4
 557 00a5 28000000 		.4byte	.LASF15
 558 00a9 02       		.byte	0x2
 559 00aa 4402     		.2byte	0x244
 560 00ac B0000000 		.4byte	0xb0
 561 00b0 05       		.uleb128 0x5
 562 00b1 83000000 		.4byte	0x83
 563 00b5 06       		.uleb128 0x6
 564 00b6 52000000 		.4byte	.LASF16
 565 00ba 01       		.byte	0x1
 566 00bb 48       		.byte	0x48
 567 00bc 00000000 		.4byte	.LFB0
 568 00c0 18000000 		.4byte	.LFE0-.LFB0
 569 00c4 01       		.uleb128 0x1
 570 00c5 9C       		.byte	0x9c
 571 00c6 DA000000 		.4byte	0xda
 572 00ca 07       		.uleb128 0x7
 573 00cb DD010000 		.4byte	.LASF18
 574 00cf 01       		.byte	0x1
 575 00d0 48       		.byte	0x48
 576 00d1 6B000000 		.4byte	0x6b
 577 00d5 00000000 		.4byte	.LLST0
 578 00d9 00       		.byte	0
 579 00da 06       		.uleb128 0x6
 580 00db 8B000000 		.4byte	.LASF17
 581 00df 01       		.byte	0x1
 582 00e0 6F       		.byte	0x6f
 583 00e1 00000000 		.4byte	.LFB1
 584 00e5 18000000 		.4byte	.LFE1-.LFB1
 585 00e9 01       		.uleb128 0x1
 586 00ea 9C       		.byte	0x9c
 587 00eb 0A010000 		.4byte	0x10a
 588 00ef 07       		.uleb128 0x7
 589 00f0 4C000000 		.4byte	.LASF19
 590 00f4 01       		.byte	0x1
 591 00f5 6F       		.byte	0x6f
 592 00f6 6B000000 		.4byte	0x6b
 593 00fa 21000000 		.4byte	.LLST1
 594 00fe 08       		.uleb128 0x8
 595 00ff AC000000 		.4byte	.LASF30
 596 0103 01       		.byte	0x1
 597 0104 71       		.byte	0x71
 598 0105 6B000000 		.4byte	0x6b
 599 0109 00       		.byte	0
 600 010a 09       		.uleb128 0x9
 601 010b 47020000 		.4byte	.LASF20
 602 010f 01       		.byte	0x1
 603 0110 88       		.byte	0x88
 604 0111 6B000000 		.4byte	0x6b
 605 0115 00000000 		.4byte	.LFB2
 606 0119 10000000 		.4byte	.LFE2-.LFB2
 607 011d 01       		.uleb128 0x1
 608 011e 9C       		.byte	0x9c
 609 011f 09       		.uleb128 0x9
ARM GAS  C:\Users\victo\AppData\Local\Temp\ccIADJks.s 			page 31


 610 0120 72000000 		.4byte	.LASF21
 611 0124 01       		.byte	0x1
 612 0125 A4       		.byte	0xa4
 613 0126 6B000000 		.4byte	0x6b
 614 012a 00000000 		.4byte	.LFB3
 615 012e 10000000 		.4byte	.LFE3-.LFB3
 616 0132 01       		.uleb128 0x1
 617 0133 9C       		.byte	0x9c
 618 0134 06       		.uleb128 0x6
 619 0135 2E000000 		.4byte	.LASF22
 620 0139 01       		.byte	0x1
 621 013a CF       		.byte	0xcf
 622 013b 00000000 		.4byte	.LFB4
 623 013f 14000000 		.4byte	.LFE4-.LFB4
 624 0143 01       		.uleb128 0x1
 625 0144 9C       		.byte	0x9c
 626 0145 75010000 		.4byte	0x175
 627 0149 07       		.uleb128 0x7
 628 014a E5000000 		.4byte	.LASF23
 629 014e 01       		.byte	0x1
 630 014f CF       		.byte	0xcf
 631 0150 77000000 		.4byte	0x77
 632 0154 42000000 		.4byte	.LLST2
 633 0158 0A       		.uleb128 0xa
 634 0159 DD010000 		.4byte	.LASF18
 635 015d 01       		.byte	0x1
 636 015e CF       		.byte	0xcf
 637 015f 77000000 		.4byte	0x77
 638 0163 01       		.uleb128 0x1
 639 0164 51       		.byte	0x51
 640 0165 0B       		.uleb128 0xb
 641 0166 F5000000 		.4byte	.LASF25
 642 016a 01       		.byte	0x1
 643 016b D1       		.byte	0xd1
 644 016c 83000000 		.4byte	0x83
 645 0170 63000000 		.4byte	.LLST3
 646 0174 00       		.byte	0
 647 0175 0C       		.uleb128 0xc
 648 0176 9E020000 		.4byte	.LASF24
 649 017a 01       		.byte	0x1
 650 017b EC       		.byte	0xec
 651 017c 6B000000 		.4byte	0x6b
 652 0180 00000000 		.4byte	.LFB5
 653 0184 14000000 		.4byte	.LFE5-.LFB5
 654 0188 01       		.uleb128 0x1
 655 0189 9C       		.byte	0x9c
 656 018a 0B       		.uleb128 0xb
 657 018b 67020000 		.4byte	.LASF26
 658 018f 01       		.byte	0x1
 659 0190 EE       		.byte	0xee
 660 0191 6B000000 		.4byte	0x6b
 661 0195 80000000 		.4byte	.LLST4
 662 0199 00       		.byte	0
 663 019a 00       		.byte	0
 664              		.section	.debug_abbrev,"",%progbits
 665              	.Ldebug_abbrev0:
 666 0000 01       		.uleb128 0x1
ARM GAS  C:\Users\victo\AppData\Local\Temp\ccIADJks.s 			page 32


 667 0001 11       		.uleb128 0x11
 668 0002 01       		.byte	0x1
 669 0003 25       		.uleb128 0x25
 670 0004 0E       		.uleb128 0xe
 671 0005 13       		.uleb128 0x13
 672 0006 0B       		.uleb128 0xb
 673 0007 03       		.uleb128 0x3
 674 0008 0E       		.uleb128 0xe
 675 0009 1B       		.uleb128 0x1b
 676 000a 0E       		.uleb128 0xe
 677 000b 55       		.uleb128 0x55
 678 000c 17       		.uleb128 0x17
 679 000d 11       		.uleb128 0x11
 680 000e 01       		.uleb128 0x1
 681 000f 10       		.uleb128 0x10
 682 0010 17       		.uleb128 0x17
 683 0011 00       		.byte	0
 684 0012 00       		.byte	0
 685 0013 02       		.uleb128 0x2
 686 0014 24       		.uleb128 0x24
 687 0015 00       		.byte	0
 688 0016 0B       		.uleb128 0xb
 689 0017 0B       		.uleb128 0xb
 690 0018 3E       		.uleb128 0x3e
 691 0019 0B       		.uleb128 0xb
 692 001a 03       		.uleb128 0x3
 693 001b 0E       		.uleb128 0xe
 694 001c 00       		.byte	0
 695 001d 00       		.byte	0
 696 001e 03       		.uleb128 0x3
 697 001f 24       		.uleb128 0x24
 698 0020 00       		.byte	0
 699 0021 0B       		.uleb128 0xb
 700 0022 0B       		.uleb128 0xb
 701 0023 3E       		.uleb128 0x3e
 702 0024 0B       		.uleb128 0xb
 703 0025 03       		.uleb128 0x3
 704 0026 08       		.uleb128 0x8
 705 0027 00       		.byte	0
 706 0028 00       		.byte	0
 707 0029 04       		.uleb128 0x4
 708 002a 16       		.uleb128 0x16
 709 002b 00       		.byte	0
 710 002c 03       		.uleb128 0x3
 711 002d 0E       		.uleb128 0xe
 712 002e 3A       		.uleb128 0x3a
 713 002f 0B       		.uleb128 0xb
 714 0030 3B       		.uleb128 0x3b
 715 0031 05       		.uleb128 0x5
 716 0032 49       		.uleb128 0x49
 717 0033 13       		.uleb128 0x13
 718 0034 00       		.byte	0
 719 0035 00       		.byte	0
 720 0036 05       		.uleb128 0x5
 721 0037 35       		.uleb128 0x35
 722 0038 00       		.byte	0
 723 0039 49       		.uleb128 0x49
ARM GAS  C:\Users\victo\AppData\Local\Temp\ccIADJks.s 			page 33


 724 003a 13       		.uleb128 0x13
 725 003b 00       		.byte	0
 726 003c 00       		.byte	0
 727 003d 06       		.uleb128 0x6
 728 003e 2E       		.uleb128 0x2e
 729 003f 01       		.byte	0x1
 730 0040 3F       		.uleb128 0x3f
 731 0041 19       		.uleb128 0x19
 732 0042 03       		.uleb128 0x3
 733 0043 0E       		.uleb128 0xe
 734 0044 3A       		.uleb128 0x3a
 735 0045 0B       		.uleb128 0xb
 736 0046 3B       		.uleb128 0x3b
 737 0047 0B       		.uleb128 0xb
 738 0048 27       		.uleb128 0x27
 739 0049 19       		.uleb128 0x19
 740 004a 11       		.uleb128 0x11
 741 004b 01       		.uleb128 0x1
 742 004c 12       		.uleb128 0x12
 743 004d 06       		.uleb128 0x6
 744 004e 40       		.uleb128 0x40
 745 004f 18       		.uleb128 0x18
 746 0050 9742     		.uleb128 0x2117
 747 0052 19       		.uleb128 0x19
 748 0053 01       		.uleb128 0x1
 749 0054 13       		.uleb128 0x13
 750 0055 00       		.byte	0
 751 0056 00       		.byte	0
 752 0057 07       		.uleb128 0x7
 753 0058 05       		.uleb128 0x5
 754 0059 00       		.byte	0
 755 005a 03       		.uleb128 0x3
 756 005b 0E       		.uleb128 0xe
 757 005c 3A       		.uleb128 0x3a
 758 005d 0B       		.uleb128 0xb
 759 005e 3B       		.uleb128 0x3b
 760 005f 0B       		.uleb128 0xb
 761 0060 49       		.uleb128 0x49
 762 0061 13       		.uleb128 0x13
 763 0062 02       		.uleb128 0x2
 764 0063 17       		.uleb128 0x17
 765 0064 00       		.byte	0
 766 0065 00       		.byte	0
 767 0066 08       		.uleb128 0x8
 768 0067 34       		.uleb128 0x34
 769 0068 00       		.byte	0
 770 0069 03       		.uleb128 0x3
 771 006a 0E       		.uleb128 0xe
 772 006b 3A       		.uleb128 0x3a
 773 006c 0B       		.uleb128 0xb
 774 006d 3B       		.uleb128 0x3b
 775 006e 0B       		.uleb128 0xb
 776 006f 49       		.uleb128 0x49
 777 0070 13       		.uleb128 0x13
 778 0071 00       		.byte	0
 779 0072 00       		.byte	0
 780 0073 09       		.uleb128 0x9
ARM GAS  C:\Users\victo\AppData\Local\Temp\ccIADJks.s 			page 34


 781 0074 2E       		.uleb128 0x2e
 782 0075 00       		.byte	0
 783 0076 3F       		.uleb128 0x3f
 784 0077 19       		.uleb128 0x19
 785 0078 03       		.uleb128 0x3
 786 0079 0E       		.uleb128 0xe
 787 007a 3A       		.uleb128 0x3a
 788 007b 0B       		.uleb128 0xb
 789 007c 3B       		.uleb128 0x3b
 790 007d 0B       		.uleb128 0xb
 791 007e 27       		.uleb128 0x27
 792 007f 19       		.uleb128 0x19
 793 0080 49       		.uleb128 0x49
 794 0081 13       		.uleb128 0x13
 795 0082 11       		.uleb128 0x11
 796 0083 01       		.uleb128 0x1
 797 0084 12       		.uleb128 0x12
 798 0085 06       		.uleb128 0x6
 799 0086 40       		.uleb128 0x40
 800 0087 18       		.uleb128 0x18
 801 0088 9742     		.uleb128 0x2117
 802 008a 19       		.uleb128 0x19
 803 008b 00       		.byte	0
 804 008c 00       		.byte	0
 805 008d 0A       		.uleb128 0xa
 806 008e 05       		.uleb128 0x5
 807 008f 00       		.byte	0
 808 0090 03       		.uleb128 0x3
 809 0091 0E       		.uleb128 0xe
 810 0092 3A       		.uleb128 0x3a
 811 0093 0B       		.uleb128 0xb
 812 0094 3B       		.uleb128 0x3b
 813 0095 0B       		.uleb128 0xb
 814 0096 49       		.uleb128 0x49
 815 0097 13       		.uleb128 0x13
 816 0098 02       		.uleb128 0x2
 817 0099 18       		.uleb128 0x18
 818 009a 00       		.byte	0
 819 009b 00       		.byte	0
 820 009c 0B       		.uleb128 0xb
 821 009d 34       		.uleb128 0x34
 822 009e 00       		.byte	0
 823 009f 03       		.uleb128 0x3
 824 00a0 0E       		.uleb128 0xe
 825 00a1 3A       		.uleb128 0x3a
 826 00a2 0B       		.uleb128 0xb
 827 00a3 3B       		.uleb128 0x3b
 828 00a4 0B       		.uleb128 0xb
 829 00a5 49       		.uleb128 0x49
 830 00a6 13       		.uleb128 0x13
 831 00a7 02       		.uleb128 0x2
 832 00a8 17       		.uleb128 0x17
 833 00a9 00       		.byte	0
 834 00aa 00       		.byte	0
 835 00ab 0C       		.uleb128 0xc
 836 00ac 2E       		.uleb128 0x2e
 837 00ad 01       		.byte	0x1
ARM GAS  C:\Users\victo\AppData\Local\Temp\ccIADJks.s 			page 35


 838 00ae 3F       		.uleb128 0x3f
 839 00af 19       		.uleb128 0x19
 840 00b0 03       		.uleb128 0x3
 841 00b1 0E       		.uleb128 0xe
 842 00b2 3A       		.uleb128 0x3a
 843 00b3 0B       		.uleb128 0xb
 844 00b4 3B       		.uleb128 0x3b
 845 00b5 0B       		.uleb128 0xb
 846 00b6 27       		.uleb128 0x27
 847 00b7 19       		.uleb128 0x19
 848 00b8 49       		.uleb128 0x49
 849 00b9 13       		.uleb128 0x13
 850 00ba 11       		.uleb128 0x11
 851 00bb 01       		.uleb128 0x1
 852 00bc 12       		.uleb128 0x12
 853 00bd 06       		.uleb128 0x6
 854 00be 40       		.uleb128 0x40
 855 00bf 18       		.uleb128 0x18
 856 00c0 9742     		.uleb128 0x2117
 857 00c2 19       		.uleb128 0x19
 858 00c3 00       		.byte	0
 859 00c4 00       		.byte	0
 860 00c5 00       		.byte	0
 861              		.section	.debug_loc,"",%progbits
 862              	.Ldebug_loc0:
 863              	.LLST0:
 864 0000 00000000 		.4byte	.LVL0
 865 0004 08000000 		.4byte	.LVL1
 866 0008 0100     		.2byte	0x1
 867 000a 50       		.byte	0x50
 868 000b 08000000 		.4byte	.LVL1
 869 000f 18000000 		.4byte	.LFE0
 870 0013 0400     		.2byte	0x4
 871 0015 F3       		.byte	0xf3
 872 0016 01       		.uleb128 0x1
 873 0017 50       		.byte	0x50
 874 0018 9F       		.byte	0x9f
 875 0019 00000000 		.4byte	0
 876 001d 00000000 		.4byte	0
 877              	.LLST1:
 878 0021 00000000 		.4byte	.LVL2
 879 0025 06000000 		.4byte	.LVL3
 880 0029 0100     		.2byte	0x1
 881 002b 50       		.byte	0x50
 882 002c 06000000 		.4byte	.LVL3
 883 0030 18000000 		.4byte	.LFE1
 884 0034 0400     		.2byte	0x4
 885 0036 F3       		.byte	0xf3
 886 0037 01       		.uleb128 0x1
 887 0038 50       		.byte	0x50
 888 0039 9F       		.byte	0x9f
 889 003a 00000000 		.4byte	0
 890 003e 00000000 		.4byte	0
 891              	.LLST2:
 892 0042 00000000 		.4byte	.LVL4
 893 0046 08000000 		.4byte	.LVL7
 894 004a 0100     		.2byte	0x1
ARM GAS  C:\Users\victo\AppData\Local\Temp\ccIADJks.s 			page 36


 895 004c 50       		.byte	0x50
 896 004d 08000000 		.4byte	.LVL7
 897 0051 14000000 		.4byte	.LFE4
 898 0055 0400     		.2byte	0x4
 899 0057 F3       		.byte	0xf3
 900 0058 01       		.uleb128 0x1
 901 0059 50       		.byte	0x50
 902 005a 9F       		.byte	0x9f
 903 005b 00000000 		.4byte	0
 904 005f 00000000 		.4byte	0
 905              	.LLST3:
 906 0063 04000000 		.4byte	.LVL5
 907 0067 06000000 		.4byte	.LVL6
 908 006b 0B00     		.2byte	0xb
 909 006d 70       		.byte	0x70
 910 006e 00       		.sleb128 0
 911 006f 0A       		.byte	0xa
 912 0070 FFFF     		.2byte	0xffff
 913 0072 1A       		.byte	0x1a
 914 0073 20       		.byte	0x20
 915 0074 73       		.byte	0x73
 916 0075 00       		.sleb128 0
 917 0076 1A       		.byte	0x1a
 918 0077 9F       		.byte	0x9f
 919 0078 00000000 		.4byte	0
 920 007c 00000000 		.4byte	0
 921              	.LLST4:
 922 0080 08000000 		.4byte	.LVL8
 923 0084 0C000000 		.4byte	.LVL9
 924 0088 0100     		.2byte	0x1
 925 008a 50       		.byte	0x50
 926 008b 0C000000 		.4byte	.LVL9
 927 008f 14000000 		.4byte	.LFE5
 928 0093 0400     		.2byte	0x4
 929 0095 72       		.byte	0x72
 930 0096 00       		.sleb128 0
 931 0097 06       		.byte	0x6
 932 0098 9F       		.byte	0x9f
 933 0099 00000000 		.4byte	0
 934 009d 00000000 		.4byte	0
 935              		.section	.debug_aranges,"",%progbits
 936 0000 44000000 		.4byte	0x44
 937 0004 0200     		.2byte	0x2
 938 0006 00000000 		.4byte	.Ldebug_info0
 939 000a 04       		.byte	0x4
 940 000b 00       		.byte	0
 941 000c 0000     		.2byte	0
 942 000e 0000     		.2byte	0
 943 0010 00000000 		.4byte	.LFB0
 944 0014 18000000 		.4byte	.LFE0-.LFB0
 945 0018 00000000 		.4byte	.LFB1
 946 001c 18000000 		.4byte	.LFE1-.LFB1
 947 0020 00000000 		.4byte	.LFB2
 948 0024 10000000 		.4byte	.LFE2-.LFB2
 949 0028 00000000 		.4byte	.LFB3
 950 002c 10000000 		.4byte	.LFE3-.LFB3
 951 0030 00000000 		.4byte	.LFB4
ARM GAS  C:\Users\victo\AppData\Local\Temp\ccIADJks.s 			page 37


 952 0034 14000000 		.4byte	.LFE4-.LFB4
 953 0038 00000000 		.4byte	.LFB5
 954 003c 14000000 		.4byte	.LFE5-.LFB5
 955 0040 00000000 		.4byte	0
 956 0044 00000000 		.4byte	0
 957              		.section	.debug_ranges,"",%progbits
 958              	.Ldebug_ranges0:
 959 0000 00000000 		.4byte	.LFB0
 960 0004 18000000 		.4byte	.LFE0
 961 0008 00000000 		.4byte	.LFB1
 962 000c 18000000 		.4byte	.LFE1
 963 0010 00000000 		.4byte	.LFB2
 964 0014 10000000 		.4byte	.LFE2
 965 0018 00000000 		.4byte	.LFB3
 966 001c 10000000 		.4byte	.LFE3
 967 0020 00000000 		.4byte	.LFB4
 968 0024 14000000 		.4byte	.LFE4
 969 0028 00000000 		.4byte	.LFB5
 970 002c 14000000 		.4byte	.LFE5
 971 0030 00000000 		.4byte	0
 972 0034 00000000 		.4byte	0
 973              		.section	.debug_line,"",%progbits
 974              	.Ldebug_line0:
 975 0000 CE000000 		.section	.debug_str,"MS",%progbits,1
 975      02004B00 
 975      00000201 
 975      FB0E0D00 
 975      01010101 
 976              	.LASF28:
 977 0000 2E5C4765 		.ascii	".\\Generated_Source\\PSoC4\\MUX_CTRL_scl.c\000"
 977      6E657261 
 977      7465645F 
 977      536F7572 
 977      63655C50 
 978              	.LASF15:
 979 0028 72656733 		.ascii	"reg32\000"
 979      3200
 980              	.LASF22:
 981 002e 4D55585F 		.ascii	"MUX_CTRL_scl_SetInterruptMode\000"
 981      4354524C 
 981      5F73636C 
 981      5F536574 
 981      496E7465 
 982              	.LASF19:
 983 004c 76616C75 		.ascii	"value\000"
 983      6500
 984              	.LASF16:
 985 0052 4D55585F 		.ascii	"MUX_CTRL_scl_SetDriveMode\000"
 985      4354524C 
 985      5F73636C 
 985      5F536574 
 985      44726976 
 986              	.LASF12:
 987 006c 666C6F61 		.ascii	"float\000"
 987      7400
 988              	.LASF21:
 989 0072 4D55585F 		.ascii	"MUX_CTRL_scl_ReadDataReg\000"
ARM GAS  C:\Users\victo\AppData\Local\Temp\ccIADJks.s 			page 38


 989      4354524C 
 989      5F73636C 
 989      5F526561 
 989      64446174 
 990              	.LASF17:
 991 008b 4D55585F 		.ascii	"MUX_CTRL_scl_Write\000"
 991      4354524C 
 991      5F73636C 
 991      5F577269 
 991      746500
 992              	.LASF1:
 993 009e 756E7369 		.ascii	"unsigned char\000"
 993      676E6564 
 993      20636861 
 993      7200
 994              	.LASF30:
 995 00ac 64725661 		.ascii	"drVal\000"
 995      6C00
 996              	.LASF5:
 997 00b2 6C6F6E67 		.ascii	"long unsigned int\000"
 997      20756E73 
 997      69676E65 
 997      6420696E 
 997      7400
 998              	.LASF3:
 999 00c4 73686F72 		.ascii	"short unsigned int\000"
 999      7420756E 
 999      7369676E 
 999      65642069 
 999      6E7400
 1000              	.LASF13:
 1001 00d7 646F7562 		.ascii	"double\000"
 1001      6C6500
 1002              	.LASF10:
 1003 00de 75696E74 		.ascii	"uint16\000"
 1003      313600
 1004              	.LASF23:
 1005 00e5 706F7369 		.ascii	"position\000"
 1005      74696F6E 
 1005      00
 1006              	.LASF11:
 1007 00ee 75696E74 		.ascii	"uint32\000"
 1007      333200
 1008              	.LASF25:
 1009 00f5 696E7472 		.ascii	"intrCfg\000"
 1009      43666700 
 1010              	.LASF8:
 1011 00fd 756E7369 		.ascii	"unsigned int\000"
 1011      676E6564 
 1011      20696E74 
 1011      00
 1012              	.LASF7:
 1013 010a 6C6F6E67 		.ascii	"long long unsigned int\000"
 1013      206C6F6E 
 1013      6720756E 
 1013      7369676E 
 1013      65642069 
ARM GAS  C:\Users\victo\AppData\Local\Temp\ccIADJks.s 			page 39


 1014              	.LASF27:
 1015 0121 474E5520 		.ascii	"GNU C 4.9.3 20150303 (release) [ARM/embedded-4_9-br"
 1015      4320342E 
 1015      392E3320 
 1015      32303135 
 1015      30333033 
 1016 0154 616E6368 		.ascii	"anch revision 221220] -mcpu=cortex-m0 -mthumb -g -O"
 1016      20726576 
 1016      6973696F 
 1016      6E203232 
 1016      31323230 
 1017 0187 73202D66 		.ascii	"s -ffunction-sections -finline-functions -flto -ffa"
 1017      66756E63 
 1017      74696F6E 
 1017      2D736563 
 1017      74696F6E 
 1018 01ba 742D6C74 		.ascii	"t-lto-objects -fno-strict-aliasing\000"
 1018      6F2D6F62 
 1018      6A656374 
 1018      73202D66 
 1018      6E6F2D73 
 1019              	.LASF18:
 1020 01dd 6D6F6465 		.ascii	"mode\000"
 1020      00
 1021              	.LASF29:
 1022 01e2 433A5C55 		.ascii	"C:\\Users\\victo\\OneDrive\\Documents\\PSoC Creator"
 1022      73657273 
 1022      5C766963 
 1022      746F5C4F 
 1022      6E654472 
 1023 0210 5C435950 		.ascii	"\\CYPD4225-40LQXI_0805\\CYPD4225-40LQXI_notebook01."
 1023      44343232 
 1023      352D3430 
 1023      4C515849 
 1023      5F303830 
 1024 0241 63796473 		.ascii	"cydsn\000"
 1024      6E00
 1025              	.LASF20:
 1026 0247 4D55585F 		.ascii	"MUX_CTRL_scl_Read\000"
 1026      4354524C 
 1026      5F73636C 
 1026      5F526561 
 1026      6400
 1027              	.LASF6:
 1028 0259 6C6F6E67 		.ascii	"long long int\000"
 1028      206C6F6E 
 1028      6720696E 
 1028      7400
 1029              	.LASF26:
 1030 0267 6D61736B 		.ascii	"maskedStatus\000"
 1030      65645374 
 1030      61747573 
 1030      00
 1031              	.LASF14:
 1032 0274 63686172 		.ascii	"char\000"
 1032      00
 1033              	.LASF2:
ARM GAS  C:\Users\victo\AppData\Local\Temp\ccIADJks.s 			page 40


 1034 0279 73686F72 		.ascii	"short int\000"
 1034      7420696E 
 1034      7400
 1035              	.LASF9:
 1036 0283 75696E74 		.ascii	"uint8\000"
 1036      3800
 1037              	.LASF4:
 1038 0289 6C6F6E67 		.ascii	"long int\000"
 1038      20696E74 
 1038      00
 1039              	.LASF0:
 1040 0292 7369676E 		.ascii	"signed char\000"
 1040      65642063 
 1040      68617200 
 1041              	.LASF24:
 1042 029e 4D55585F 		.ascii	"MUX_CTRL_scl_ClearInterrupt\000"
 1042      4354524C 
 1042      5F73636C 
 1042      5F436C65 
 1042      6172496E 
 1043              		.comm	__gnu_lto_v1,1,1
 1044              		.ident	"GCC: (GNU Tools for ARM Embedded Processors) 4.9.3 20150303 (release) [ARM/embedded-4_9-br
