ARM GAS  C:\Users\victo\AppData\Local\Temp\ccbwPXAX.s 			page 1


   1              		.cpu cortex-m0
   2              		.fpu softvfp
   3              		.eabi_attribute 20, 1
   4              		.eabi_attribute 21, 1
   5              		.eabi_attribute 23, 3
   6              		.eabi_attribute 24, 1
   7              		.eabi_attribute 25, 1
   8              		.eabi_attribute 26, 1
   9              		.eabi_attribute 30, 4
  10              		.eabi_attribute 34, 0
  11              		.eabi_attribute 18, 4
  12              		.code	16
  13              		.file	"MUX_CTRL_sda.c"
  14              		.text
  15              	.Ltext0:
  16              		.section	.gnu.lto_.profile.92f644c7,"",%progbits
  17 0000 789C6366 		.ascii	"x\234cf```a\200\000F\006uE\000\000\343\000Q"
  17      60606061 
  17      80004606 
  17      75450000 
  17      E30051
  18              		.text
  19              		.section	.gnu.lto_.jmpfuncs.92f644c7,"",%progbits
  20 0000 789C6366 		.ascii	"x\234cf\300\016d\2404\033\003##c=#\210`b``f``abdd\256"
  20      C00E64A0 
  20      341B0323 
  20      23633D23 
  20      88606260 
  21 001d AF6705CA 		.ascii	"\257g\005\312\001\000 \267\002>"
  21      010020B7 
  21      023E
  22              		.text
  23              		.section	.gnu.lto_.inline.92f644c7,"",%progbits
  24 0000 789C6366 		.ascii	"x\234cf\300\016f@i6\006\006\016vFF\006F\006\006f\216"
  24      C00E6640 
  24      69360606 
  24      0E764646 
  24      06460606 
  25 0016 03760C6C 		.ascii	"\003v\014l\013\344\231\030\230.\360\263\200$\031\031"
  25      0BE49918 
  25      982EF0B3 
  25      80241919 
  26 0026 3839D0E5 		.ascii	"89\320\345X\026\310\203\345\230\030\330X\031\031\230"
  26      5816C883 
  26      E59818D8 
  26      58191998 
  27 0036 D83EE841 		.ascii	"\330>\350A\304\201\200\031S\210\005d\002\023\310\004"
  27      C4818019 
  27      53880564 
  27      0213C804 
  28 0046 A0390C2C 		.ascii	"\2409\014,\2506\000\011\036\220\"V\006v6\240>\270$\010"
  28      A8360009 
  28      1E902256 
  28      067636A0 
  28      3EB82408 
  29 005a 0000BE90 		.ascii	"\000\000\276\220\017\254"
  29      0FAC
ARM GAS  C:\Users\victo\AppData\Local\Temp\ccbwPXAX.s 			page 2


  30              		.text
  31              		.section	.gnu.lto_.pureconst.92f644c7,"",%progbits
  32 0000 789C6366 		.ascii	"x\234cf``\340e\200\0006\006)F)&)f)\026)V)\000\005\261"
  32      6060E065 
  32      80003606 
  32      29462926 
  32      29662916 
  33 001a 00C2     		.ascii	"\000\302"
  34              		.text
  35              		.section	.gnu.lto_MUX_CTRL_sda_SetDriveMode.92f644c7,"",%progbits
  36 0000 789C7D51 		.ascii	"x\234}Q\313J[Q\024\335\353\334\233\0335Z\305a\346\276"
  36      CB4A5B51 
  36      14DDEBDC 
  36      9B1B355A 
  36      C561E6BE 
  37 0014 68B1937E 		.ascii	"h\261\223~\200\340\300\211\202\370\000\007\201(\346"
  37      80E0C089 
  37      82F80007 
  37      8128E6
  38 0023 82931AEA 		.ascii	"\202\223\032\352c\354\311C\221B!j\007\025q\242\210\357"
  38      63ECC943 
  38      9142216A 
  38      071571A2 
  38      88EF
  39 0035 07385051 		.ascii	"\0078PQ08\350H,q` \370\230\244\230t\324\0201\015T\322"
  39      3038E848 
  39      2C716020 
  39      F898A498 
  39      74D41031 
  40 004c BD93CC0A 		.ascii	"\275\223\314\012\0368\373\354\263Xk\335u\3671\350\377"
  40      1E38FBEC 
  40      B3586BDD 
  40      75F731E8 
  40      FF
  41 005d E5E67D0A 		.ascii	"\345\346}\012\242\367|\302 \250\310\025Q\240B\001\322"
  41      A2F77CC2 
  41      20A8C815 
  41      51A04201 
  41      D2
  42 006e 10684A61 		.ascii	"\020hJa\012i\225Q\210D\267\277\271\232\326\264\326\277"
  42      0A699551 
  42      8844B7BF 
  42      B99AD6B4 
  42      D6BF
  43 0080 838723FA 		.ascii	"\203\207#\372\353`^\021eU\311\007\353hb\316c>\275^c"
  43      EB605E11 
  43      6555C907 
  43      EB6862CE 
  43      633EBD5E 
  44 0095 BC0571FF 		.ascii	"\274\005q\3772\027\277V\015\253Z\007\243\211=\335\206"
  44      3217BF56 
  44      0DAB5A07 
  44      A3893DDD 
  44      86
  45 00a6 3C9B6EC0 		.ascii	"<\233n\300`\005\336\271\321\342&\006\010\233h\020r&"
  45      6005DEB9 
  45      D1E22606 
ARM GAS  C:\Users\victo\AppData\Local\Temp\ccbwPXAX.s 			page 3


  45      089B6810 
  45      7226
  46 00b8 FC127759 		.ascii	"\374\022wYa6\257+yb\013\026\347\242\375\372\250.\024"
  46      6136AF2B 
  46      79620B16 
  46      E7A2FDFA 
  46      A82E14
  47 00cb B297B154 		.ascii	"\262\227\261T#*\025k\224!\305\204(\035\322ZR\234R\210"
  47      232A156B 
  47      9421C584 
  47      281DD25A 
  47      529C5288 
  48 00df 92BC25F8 		.ascii	"\222\274%\370O\276\360i$p\361\374\371f\321\022\267\234"
  48      4FBEF069 
  48      2470F1FC 
  48      F966D112 
  48      B79C
  49 00f1 92BF389D 		.ascii	"\222\2778\235\376\022\257J\251\2742fg\"\332\224o?$\177"
  49      FE12AF4A 
  49      A9BC3266 
  49      6722DA94 
  49      6F3F247F 
  50 0105 C42A8A10 		.ascii	"\304*\212\020\311\365\327\312\331\247e,\005\302\234"
  50      C9F5D7CA 
  50      D9A7652C 
  50      05C29C
  51 0114 D8C436DC 		.ascii	"\330\3046\334\330\001\217\011\273X\006%\020\372Sv3J"
  51      D8018F09 
  51      BB580625 
  51      10FA5376 
  51      334A
  52 0126 860B7727 		.ascii	"\206\013w'\213\325\242V\347\177\013\205Z\302\036\263"
  52      8BD5A256 
  52      E77F0B85 
  52      5AC21EB3 
  53 0136 1308DE3B 		.ascii	"\023\010\336;K4GN\231\"\273-\313\004b\331\374\364\361"
  53      4B34474E 
  53      9922BB2D 
  53      CB0462D9 
  53      FCF4F1
  54 0149 F11B9139 		.ascii	"\361\033\2219,\302~Q\022z*S\234Es\213\241\213y\010\364"
  54      2CC27E51 
  54      127A2A53 
  54      9C45738B 
  54      A18B7908 
  55 015e 4AAA034E 		.ascii	"J\252\003N\305\012\272G z\364]\011[\336#\311\263\345"
  55      C50ABA47 
  55      207AF45D 
  55      095BDE23 
  55      C9B3E5
  56 0171 01F0389A 		.ascii	"\001\3608\232[=\035\366\250=64a\373\274\275\376\311"
  56      5B3D1DF6 
  56      A83D3634 
  56      61FBBCBD 
  56      FEC9
  57 0183 B161DBD3 		.ascii	"\261a\333\323\335\353o\377\340\351\352\037\360\266\367"
  57      DDEB6FFF 
ARM GAS  C:\Users\victo\AppData\Local\Temp\ccbwPXAX.s 			page 4


  57      E0E9EA1F 
  57      F0B6F7
  58 0192 F5747AC7 		.ascii	"\365tz\307}C\255\303d~\364\373\354\177|\200\247l"
  58      7D43ADC3 
  58      647EF4FB 
  58      EC7F7C80 
  58      A76C
  59              		.text
  60              		.section	.gnu.lto_MUX_CTRL_sda_Write.92f644c7,"",%progbits
  61 0000 789C6552 		.ascii	"x\234eRAH\024Q\030~\337{;;#{\211\016!{\351 bQ\010At"
  61      41481451 
  61      187EDF7B 
  61      3B3B237B 
  61      890E217B 
  62 001b E91278F0 		.ascii	"\351\022x\360\222 Z\321aiY\3349\004\222\260\245W\337"
  62      92205AD1 
  62      616959DC 
  62      390492B0 
  62      A557DF
  63 002e DAB41B9E 		.ascii	"\332\264\033\2366\011Y\012-+\311\332R\313c\207\006\017"
  63      3609590A 
  63      2D2BC9DA 
  63      52CB6387 
  63      060F
  64 0040 DD32F6A2 		.ascii	"\3352\366\242%\313\352\342\012\011\035R\027s\211\332"
  64      25CBEAE2 
  64      0A091D52 
  64      177389DA 
  65 0050 FE7F1E41 		.ascii	"\376\177\036AK\303\314{3\337|\337\367\276\367\315(\361"
  65      4BC3CC7B 
  65      33DF7CDF 
  65      F7BEF7CD 
  65      28F1
  66 0062 FF11A5EB 		.ascii	"\377\021\245\353\272\024\342\034\315P\0022\267\"D\332"
  66      BA14E21C 
  66      CD500232 
  66      B72244DA 
  67 0072 9100DF08 		.ascii	"\221\000\337\010\210Q\211Q\354\310]\211\234_\310G:f"
  67      88518951 
  67      ECC85D89 
  67      9C5FC847 
  67      3A66
  68 0084 B5D6DFF7 		.ascii	"\265\326\337\367\336\265\336i\255\223l_\032\033<G\007"
  68      DEB5DE69 
  68      AD936C5F 
  68      1A1B3C47 
  68      07
  69 0095 51F60BFA 		.ascii	"Q\366\013\372\276R\247 \350~\261\370\361\267\335\376"
  69      BE52A720 
  69      E87EB1F8 
  69      F1B7DDFE 
  70 00a5 54EB31FF 		.ascii	"T\3531\377\375\274\276\200:y\316A\221\002\247\2438\031"
  70      FDBCBE80 
  70      3A79CE41 
  70      9102A7A3 
  70      3819
  71 00b7 150408BC 		.ascii	"\025\004\010\274@;\223\367&\013\007R\235\011\204\225"
ARM GAS  C:\Users\victo\AppData\Local\Temp\ccbwPXAX.s 			page 5


  71      403B93F7 
  71      260B0752 
  71      9D098495 
  72 00c7 275B8FEC 		.ascii	"'[\217\354\266\031\022n\356l}\210\350\274\3666\033\215"
  72      B619126E 
  72      EE6C7D88 
  72      E8BCF636 
  72      1B8D
  73 00d9 E3AC7FF9 		.ascii	"\343\254\177\371\257\336\034$\330\365~\255E\302\036"
  73      AFDE1C24 
  73      D8F57EAD 
  73      45C21E
  74 00e8 053B8202 		.ascii	"\005;\202\002\332L(\274B\03041\262p\324\327\215\306"
  74      DA4C28BC 
  74      42183431 
  74      B270D4D7 
  74      8DC6
  75 00fa 52EDDEDD 		.ascii	"R\355\336\335\363\210HZX*\032TH\360K\013\034\"\314\200"
  75      F388485A 
  75      582A1A54 
  75      48F04B0B 
  75      1C22CC80 
  76 010e CD8313A0 		.ascii	"\315\203\023\240-\314\022\242J\027\027\261M\0174\253"
  76      2DCC12A2 
  76      4A1717B1 
  76      4D0F34AB 
  77 011e 752C1F8C 		.ascii	"u,\037\214\257L\217\260\373\017\311\255\314\314\346"
  77      AF4C8FB0 
  77      FB0FC9AD 
  77      CCCCE6
  78 012d 3D7C9575 		.ascii	"=|\225u\031\322\231\234\016q\236\215\352\247\242\023"
  78      19D2999C 
  78      0E719E8D 
  78      EAA7A213 
  79 013d 4041BCCA 		.ascii	"@A\274\312\343\354\234\232\302\303\264G\035Xx\215(\346"
  79      E3EC9C9A 
  79      C2C3B447 
  79      1D58788D 
  79      28E6
  80 014f 41F1B180 		.ascii	"A\361\261\200)\210u\214}\316\226\2441T\344I\310\355"
  80      2988758C 
  80      7DCE96A4 
  80      3154E449 
  80      C8ED
  81 0161 C34C0906 		.ascii	"\303L\011\006\011\021H\036\272v\370M\262\245\372I\245"
  81      0911481E 
  81      BA76F84D 
  81      B2A5FA49 
  81      A5
  82 0172 2D927C15 		.ascii	"-\222|\025\201\206\263\022\213E\245\314\352\3645\243"
  82      8186B312 
  82      8B45A5CC 
  82      EAF435A3 
  83 0182 A2D322D5 		.ascii	"\242\323\"\325\203\265\355\232\012TT\332\033\0225Y\333"
  83      83B5ED9A 
  83      0A5454DA 
  83      1B123559 
ARM GAS  C:\Users\victo\AppData\Local\Temp\ccbwPXAX.s 			page 6


  83      DB
  84 0193 C423D2B3 		.ascii	"\304#\322\263\342F1 \201\372xkH\265\260\2418A\000\273"
  84      E2463120 
  84      81FA786B 
  84      48B5B0A1 
  84      384100BB 
  85 01a7 79318733 		.ascii	"y1\2073\227\263\345\277\213\265\030hy\242r\214\201\246"
  85      97B3E5BF 
  85      8BB51868 
  85      79A2728C 
  85      81A6
  86 01b9 1DA77DAB 		.ascii	"\035\247}\253y\317K\264g\222\2102\322\376\227n\346\363"
  86      79CF4BB4 
  86      67928832 
  86      D2FE976E 
  86      E6F3
  87 01cb 47ACD2AF 		.ascii	"G\254\322\257@\365R\331':c\335\356\0157\225\270\345"
  87      40F552D9 
  87      273A63DD 
  87      EE0D3795 
  87      B8E5
  88 01dd 26E3FD43 		.ascii	"&\343\375C\303\251\0017\326\333?\324u6\326s\371j\274"
  88      C3A90137 
  88      D6DB3FD4 
  88      7536D673 
  88      F96ABC
  89 01f0 EB52DFC5 		.ascii	"\353R\337\305\370\315d\242s@X#\211\301a\327J\246\256"
  89      F8CD64A2 
  89      73405823 
  89      89C161D7 
  89      4AA6AE
  90 0203 2406FF00 		.ascii	"$\006\377\000)\226\342\007"
  90      2996E207 
  91              		.text
  92              		.section	.gnu.lto_MUX_CTRL_sda_Read.92f644c7,"",%progbits
  93 0000 789C658F 		.ascii	"x\234e\217\277KBQ\024\307\317\367\274\247\011\016ES"
  93      BF4B4251 
  93      14C7CFF7 
  93      BCA7090E 
  93      4553
  94 0012 F8076485 		.ascii	"\370\007d\2058\26569\264\024D\026D\010\"\372\326\004"
  94      38B53639 
  94      B4144416 
  94      440822FA 
  94      D604
  95 0024 ABD9A7BD 		.ascii	"\253\331\247\275\014\232\304)\014\247\210\262\037\324"
  95      0C9AC429 
  95      0CA788B2 
  95      1FD4
  96 0032 5A4BE1D4 		.ascii	"ZK\341\324 I\024\011\022\266(\0304$\332\017\207\262"
  96      20491409 
  96      12B62818 
  96      3424DA0F 
  96      87B2
  97 0044 73B5AD0B 		.ascii	"s\265\255\013\367\234{\356\371\360=\337\243\321\377"
  97      F79C7BEE 
  97      F9F03DDF 
ARM GAS  C:\Users\victo\AppData\Local\Temp\ccbwPXAX.s 			page 7


  97      A3D1FF
  98 0053 E3923B05 		.ascii	"\343\222;\005\242\011\311\320\010\234\276%J8\030P\017"
  98      A209C9D0 
  98      089CBE25 
  98      4A381850 
  98      0F
  99 0064 02C51971 		.ascii	"\002\305\031q\274p\223Q\274\370\271\207{\3374\223o\311"
  99      BC709351 
  99      BCF8B987 
  99      7BDF3493 
  99      6FC9
 100 0076 FB27E7E6 		.ascii	"\373'\347\346H\207\211ZL\360\2700\256tp\0007\011\330"
 100      4887895A 
 100      4CF0B830 
 100      AE747000 
 100      3709D8
 101 0089 B4BECB4E 		.ascii	"\264\276\313N\273e\232\346\220\352K\343\020v\231Ag\303"
 101      BB659AE6 
 101      90EA4BE3 
 101      10769941 
 101      67C3
 102 009b D766B7DB 		.ascii	"\327f\267\333*f\032\243lg\352\260L\224\240\253`#%G5"
 102      2A661AA3 
 102      6C67EAB0 
 102      4C94A0AB 
 102      60232547 
 103 00b0 096A729D 		.ascii	"\011jr\235Ye\255\202\302\307\366c~YI|\262\262\261W*"
 103      5965AD82 
 103      C2C7F663 
 103      7E59497C 
 103      B2B2B157 
 104 00c5 B46D0DEE 		.ascii	"\264m\015\3560[\251\264\251\253\201\317\265\322\235"
 104      305BA9B4 
 104      A9AB81CF 
 104      B5D29D
 105 00d4 A3F745AA 		.ascii	"\243\367E\252|\317\236_\015\346\260\233\260\320a\015"
 105      7CCF9E5F 
 105      0DE6B09B 
 105      B0D0610D 
 106 00e4 79B87004 		.ascii	"y\270p\0041\210c\344@\025l|\245^\365\276\240\326\327"
 106      318863E4 
 106      40156C7C 
 106      A55EF5BE 
 106      A0D6D7
 107 00f7 BCCCDCEC 		.ascii	"\274\314\334\354\330\225\200x\301\211\260\002US\017"
 107      D8958078 
 107      C189B002 
 107      55530F
 108 0106 037D4817 		.ascii	"\003}H\027N\240l\271\336\326\024\244\313\316\247=(Y"
 108      4EA06CB9 
 108      DED614A4 
 108      CBCEA73D 
 108      2859
 109 0118 DDF2F419 		.ascii	"\335\362\364\031\233`T\005\376\252\336&P\033\210\245"
 109      9B605405 
 109      FEAADE26 
 109      501B88A5 
ARM GAS  C:\Users\victo\AppData\Local\Temp\ccbwPXAX.s 			page 8


 110 0128 316F60DA 		.ascii	"1o`\332X1b\2415#\022\364G\327ca#0\347\217\372&\003\263"
 110      583162A1 
 110      352312F4 
 110      47D76361 
 110      2330E78F 
 111 0140 8B4B41DF 		.ascii	"\213KA\337\302\374Lp5\022\362\206\351\027\331\332}\007"
 111      C2FC4C70 
 111      3512F286 
 111      E917D9DA 
 111      7D07
 112              		.text
 113              		.section	.gnu.lto_MUX_CTRL_sda_ReadDataReg.92f644c7,"",%progbits
 114 0000 789C658F 		.ascii	"x\234e\217\261KBQ\024\306\317w\336\323\004\227h\012"
 114      B14B4251 
 114      14C6CF77 
 114      DED30497 
 114      680A
 115 0012 FF012BC4 		.ascii	"\377\001+\304\245\326&\207\226\202\310\202\010AD\337"
 115      A5D62687 
 115      9682C882 
 115      084144DF 
 116 0022 9A6035FB 		.ascii	"\232`5\3734Sh\022')\204\032$+\243\271\246pj\210\"\012"
 116      34536812 
 116      2729841A 
 116      242BA3B9 
 116      A6706A88 
 117 0038 240923D0 		.ascii	"$\011#\3200hH\014\313\241\354\\_[\027\3569\367\334\363"
 117      3068480C 
 117      CBA1EC5C 
 117      5F5B17EE 
 117      39F7DCF3 
 118 004c E33BDFD1 		.ascii	"\343;\337\321\350\377q\311\235\006\321\204dh\004\316"
 118      E8FF71C9 
 118      9D06D184 
 118      646804CE 
 119 005c 5E13251C 		.ascii	"^\023%\034\014\250\007\201\342\2148^\271\315\270:\373"
 119      0CA80781 
 119      E28C385E 
 119      B9CDB83A 
 119      FB
 120 006d B983BB68 		.ascii	"\271\203\273h\232\311\367\312\303\243sk\264\307D\035"
 120      9AC9F7CA 
 120      C3A3736B 
 120      B4C7441D 
 121 007d 26785C18 		.ascii	"&x\\\030W:8\200\233\004l\247\276\253N{\3124\315a\325"
 121      573A3880 
 121      9B046CA7 
 121      BEAB4E7B 
 121      CA34CD61 
 122 0092 97460976 		.ascii	"\227F\011v\231A\247#\027f\277\337y\311\265&\331\316"
 122      9941A723 
 122      1766BFDF 
 122      79C9B526 
 122      D9CE
 123 00a4 D4639928 		.ascii	"\324c\231(AW\301FJ\216\032\022\324\344&\263\312Z\015"
 123      4157C146 
 123      4A8E1A12 
ARM GAS  C:\Users\victo\AppData\Local\Temp\ccbwPXAX.s 			page 9


 123      D4E426B3 
 123      CA5A0D
 124 00b7 95EE76B7 		.ascii	"\225\356v\267\274\242$>Y\331\330/\346Shq\217\331LgM"
 124      BCA2243E 
 124      59D9D82F 
 124      E6536871 
 124      8FD94C67 
 125 00cc 5D0D7C6A 		.ascii	"]\015|j\334\334:\006_\244\312\347\275LI+`7\221B\217"
 125      DCDC3A06 
 125      5FA4CAE7 
 125      BD4C492B 
 125      60379142 
 126 00e1 351CC285 		.ascii	"5\034\302\205#\210A\034\243\000\252a\363+\375\246[\202"
 126      2388411C 
 126      A300AA61 
 126      F32BFDA6 
 126      5B82
 127 00f3 9AA5799E 		.ascii	"\232\245y\236\273\314\333\225\200xAYX\201\352\351\373"
 127      BBCCDB95 
 127      80784159 
 127      5881EAE9 
 127      FB
 128 0104 210BD285 		.ascii	"!\013\322\205\023h\247\332\374\320\024\244\313\316'"
 128      1368A7DA 
 128      FCD014A4 
 128      CBCE27
 129 0113 032859CF 		.ascii	"\003(Y\317x,\306&\030\325\201\277j\260\011\324\006b"
 129      782CC626 
 129      18D581BF 
 129      6AB009D4 
 129      0662
 130 0125 69CC1B98 		.ascii	"i\314\033\2301V\215Xh\335\210\004\375\321\215X\330\010"
 130      31568D58 
 130      68DD8804 
 130      FDD18D58 
 130      D808
 131 0137 CCFBA3BE 		.ascii	"\314\373\243\276\251\300\334\322r\320\267\2700\033\\"
 131      A9C0DCD2 
 131      72D0B7B8 
 131      301B5C
 132 0146 8B84BC61 		.ascii	"\213\204\274a\372\005\223~|o"
 132      FA05937E 
 132      7C6F
 133              		.text
 134              		.section	.gnu.lto_MUX_CTRL_sda_SetInterruptMode.92f644c7,"",%progbits
 135 0000 789C6D91 		.ascii	"x\234m\221Ah\023Q\020\206\337\274\267\331l\272\021\213"
 135      41681351 
 135      1086DFBC 
 135      B7D96CBA 
 135      118B
 136 0012 A7120485 		.ascii	"\247\022\004\205\022*\024z\352\305[!\207^T\212U\360"
 136      122A147A 
 136      EAC55B21 
 136      875E548A 
 136      55F0
 137 0024 1008A589 		.ascii	"\020\010\245\211\222\203\211\244\361\344\241\233\030"
 137      928389A4 
ARM GAS  C:\Users\victo\AppData\Local\Temp\ccbwPXAX.s 			page 10


 137      F1E4A19B 
 137      18
 138 0031 13100FA1 		.ascii	"\023\020\017\241\026)\226\"E\245\255\3216Z\025\315i"
 138      16299622 
 138      45A5ADD1 
 138      365A15CD 
 138      69
 139 0042 89050BA2 		.ascii	"\211\005\013\242\266 \026Z\211\265&j\301BcV\323\025"
 139      B620165A 
 139      89B5266A 
 139      C1426356 
 139      D315
 140 0054 25CEECC6 		.ascii	"%\316\354\306C\321\205}\357\315\307\314\377\376\231"
 140      43D1857D 
 140      EFCDC7CC 
 140      FFFE99
 141 0063 27D8BF9F 		.ascii	"'\330\277\237\007\377[\234\261\036\334A0\340\331W\214"
 141      07FF5B9C 
 141      B11EDC41 
 141      30E0D957 
 141      8C
 142 0074 25140E40 		.ascii	"%\024\016@\007\006l\230\3030l\362*\207\254\236\033S"
 142      07066C98 
 142      C3306CF2 
 142      2A87AC9E 
 142      1B53
 143 0086 3B6E6B9A 		.ascii	";nk\232\266\375\255\326v\251\315\304\262\032\267e`\012"
 143      B6FDADD6 
 143      76A9CDC4 
 143      B21AB765 
 143      600A
 144 0098 3A30A5F2 		.ascii	":0\245\362d\362\202\350\004\206\307\027\033;5\367\027"
 144      64F282E8 
 144      0486C717 
 144      1B3B35F7 
 144      17
 145 00a9 6E7268A5 		.ascii	"nrh\245\360\372J\305\020\024rNana4\357\364\336\324\264"
 145      F0FA4AC5 
 145      1014724E 
 145      616E6134 
 145      EFF4DED4 
 146 00be A4BE96D7 		.ascii	"\244\276\226\327z\220\013\230\006\201r0\003\036\270"
 146      7A900B98 
 146      06817230 
 146      031EB8
 147 00cd 031E8688 		.ascii	"\003\036\206\210A\016\274\230\375\331\334\234\332#\272"
 147      410EBC98 
 147      FDD9DC9C 
 147      DA23BA
 148 00dc 2DDD8DC4 		.ascii	"-\335\215\304\215\357\252]\371\353o\345\335\377T\336"
 148      8DEFAA5D 
 148      F9EB6FE5 
 148      DDFF54DE 
 149 00ec 032FA52F 		.ascii	"\003/\245/=\033\375\350\020\207\255\322\247\263\306"
 149      3D1BFDE8 
 149      1087ADD2 
 149      A7B3C6
ARM GAS  C:\Users\victo\AppData\Local\Temp\ccbwPXAX.s 			page 11


 150 00fb 4BD5B274 		.ascii	"K\325\262t\220\302\302\310\342\230lY\222(\334\272V\034"
 150      90C2C2C8 
 150      E2986C59 
 150      9228DCBA 
 150      561C
 151 010d E7ED9328 		.ascii	"\347\355\223(\274>\223y\356\326\026\265\324z\243q\300"
 151      BC3E9379 
 151      EED616B5 
 151      D47AA371 
 151      C0
 152 011e E412CCDA 		.ascii	"\344\022\314\332\372s\250\237\007OsrXRM\375^Q\345\024"
 152      FA73A89F 
 152      074F7372 
 152      58524DFD 
 152      5E51E514 
 153 0132 4EA415EE 		.ascii	"N\244\025\356C\273=\015x\0002\340Fdn\237\2565\032\363"
 153      43BB3D0D 
 153      780032E0 
 153      46646E9F 
 153      AE351AF3 
 154 0146 6FAE4E77 		.ascii	"o\256Nw\0127Gc\016\001\324\223DG\007-2\243<'\220_\005"
 154      0A374763 
 154      0E01D493 
 154      4447072D 
 154      32A33C27 
 155 015d 81EC22DA 		.ascii	"\201\354\"\332B\013ce\324\243g\250\340\320p\027\253"
 155      420B6365 
 155      D4A367A8 
 155      E0D07017 
 155      AB
 156 016e 50FC71B9 		.ascii	"P\374q\271T\350\243+\352\234\336d)c,\357\245\036\234"
 156      54E8A32B 
 156      EA9CDE64 
 156      29632CEF 
 156      A51E9C
 157 0181 57D259CD 		.ascii	"W\322Y\315\352\343}\371\365\262b!\313\343v5\223T'`<"
 157      EAE37DF9 
 157      F5B26221 
 157      CBE37635 
 157      93542760 
 158 0196 9102932B 		.ascii	"\221\002\223+0\217=<\244\036\340\021L\000[\205d)\263"
 158      308F3D3C 
 158      A41EE011 
 158      4C005B85 
 158      6429B3
 159 01a9 20DB8252 		.ascii	" \333\202R\035\007\207\344g\332\220l\342@\210\344\342"
 159      1D0787E4 
 159      67DA906C 
 159      E24088E4 
 159      E2
 160 01ba 4EFA2BD8 		.ascii	"N\372+\330\204\356E\316\336\002\267\032E\363\010\355"
 160      84EE45CE 
 160      DE02B71A 
 160      45F308ED 
 161 01ca 9C4F8552 		.ascii	"\234O\205R3KA\245:\032 y\247\215\\H)\315H\277k\212\267"
 161      334B41A5 
 161      3A1A2079 
ARM GAS  C:\Users\victo\AppData\Local\Temp\ccbwPXAX.s 			page 12


 161      A78D5C48 
 161      29CD48BF 
 162 01e1 586A2E84 		.ascii	"Xj.\204\305\221\017\373\211\355\262\233\320\035\273"
 162      C5910FFB 
 162      89EDB29B 
 162      D01DBB
 163 01f0 0D3F46C3 		.ascii	"\015?F\303X\305J\220\320\327\216Q>=C\231\003\315\006"
 163      58C54A90 
 163      D0D78E51 
 163      3E3D4399 
 163      03CD06
 164 0203 2775A8CB 		.ascii	"'u\250\313\337\033\212\204b\003\361P0\320\037=\037\033"
 164      DF1B8A84 
 164      6203F150 
 164      30D01F3D 
 164      1F1B
 165 0215 0CF9FBFA 		.ascii	"\014\371\373\372\243\276n\377\321\223\247\002\276\023"
 165      A3BE6EFF 
 165      D193A702 
 165      BE13
 166 0223 C78F0486 		.ascii	"\307\217\004\206\202\003]\203L9\027\035\012\307\303"
 166      82035D83 
 166      4C39171D 
 166      0AC7C3
 167 0232 D1887436 		.ascii	"\321\210t6\032\0149\303\221x\314w\372\314\037\005{\377"
 167      1A0C39C3 
 167      9178CC77 
 167      FACC1F05 
 167      7BFF
 168 0244 B9       		.ascii	"\271"
 169              		.text
 170              		.section	.gnu.lto_MUX_CTRL_sda_ClearInterrupt.92f644c7,"",%progbits
 171 0000 789C6590 		.ascii	"x\234e\220OHTQ\024\306\317w\356\374\323\011\022W2\233"
 171      4F485451 
 171      14C6CF77 
 171      EEFCD309 
 171      1257329B 
 172 0014 162E2C0A 		.ascii	"\026.,\012WA\320\326\205\233\004q\012Z\014\016\203\363"
 172      5741D0D6 
 172      859B0471 
 172      0A5A0C0E 
 172      83F3
 173 0026 56518233 		.ascii	"VQ\2023n\363\216M3T\013\007C\020\303E\213\310\314\322"
 173      6EF38E4D 
 173      33540B07 
 173      4310C345 
 173      8BC8CCD2 
 174 003a 36418121 		.ascii	"6A\201!\203H\213(\"\310\260\030\205\024\012B\022c\354"
 174      83488B28 
 174      22C8B018 
 174      85140A42 
 174      1263EC
 175 004d 61CDEB9C 		.ascii	"a\315\353\234\367\\(]x\357\336\367\275\363}\347w\217"
 175      F75C285D 
 175      78EFDEF7 
 175      BDF37DE7 
 175      778F
ARM GAS  C:\Users\victo\AppData\Local\Temp\ccbwPXAX.s 			page 13


 176 005f A1FF5742 		.ascii	"\241\377WB\236\317 :';\014\201+o\211\0121\006\364@\240"
 176      9ECF203A 
 176      273B0C81 
 176      2B6F890A 
 176      3106F440 
 177 0074 11C608BE 		.ascii	"\021\306\010\276\363\016\343\315\213\306\007t<\260v"
 177      F30EE3CD 
 177      8BC60774 
 177      3CB076
 178 0083 F46775FF 		.ascii	"\364gu\377K\374f\233\313D\273L8\223\300)\315\301Ct\220"
 178      4BFC669B 
 178      CB44BB4C 
 178      3893C029 
 178      CDC14374 
 179 0098 144E7CBD 		.ascii	"\024N|\275\265\015s\032z\256{wfc\355\367\305\264Q+\257"
 179      B50D731A 
 179      7AAE7B77 
 179      6663EDF7 
 179      C5B4512B 
 180 00ad C4EDA42D 		.ascii	"\304\355\244-nx\336\011\261b\006\346\260[\227\030v\212"
 180      6E78DE09 
 180      B16206E6 
 180      B05B9718 
 180      768A
 181 00bf 7F57E391 		.ascii	"\177W\343\221\242\265\266\005\217\320\256\015$y\026"
 181      A2B5B605 
 181      8FD0AE0D 
 181      247916
 182 00ce 1181842A 		.ascii	"\021\201\204*\363\255K\326\363v\267\357\316\23471&\227"
 182      F3AD4BD6 
 182      F376B7EF 
 182      CE9C3731 
 182      2697
 183 00e0 05DB650E 		.ascii	"\005\333e\016\221\376\014\353w\224\224\2146\345\245"
 183      91FE0CEB 
 183      7794948C 
 183      36E5A5
 184 00ef 97D862D6 		.ascii	"\227\330b\326\335\254\241Z\277]_\274\256a{\2547\032"
 184      DDACA15A 
 184      BF5D5FBC 
 184      AE617BAC 
 184      371A
 185 0101 7BBEBED7 		.ascii	"{\276\276\327\364\215]6\225R\305\206\264\375\372\346"
 185      F48D5D36 
 185      9552C586 
 185      B4FDFAE6 
 186 0111 BBF7315F 		.ascii	"\273\3671_\362iJ?\2365\216O\343^\241\010\227Cx\214\004"
 186      F2694A3F 
 186      9E358E4F 
 186      E35EA108 
 186      9743788C 
 187 0126 E620B478 		.ascii	"\346 \264x\202i\320\032F?\225\377p\020h$S\224\033\277"
 187      8269D01A 
 187      463F95FF 
 187      70106824 
 187      53941BBF 
 188 013a 4BCB0894 		.ascii	"K\313\010\224\220\210\222\361r\374\365dD#\225\361\251"
ARM GAS  C:\Users\victo\AppData\Local\Temp\ccbwPXAX.s 			page 14


 188      908892F1 
 188      72FCF564 
 188      442395F1 
 188      A9
 189 014b B83FC2B7 		.ascii	"\270?\302\267(\257\024iJ\255\334X\354\017L\341@\252"
 189      28AF1469 
 189      4AADDC58 
 189      EC0F4CE1 
 189      40AA
 190 015d 8EFB2147 		.ascii	"\216\373!G\020\012K|\024b^ \304\241]k\245\225W\315A"
 190      100A4B7C 
 190      14625E20 
 190      C4A15D6B 
 190      A59557CD 
 191 0172 425412C4 		.ascii	"BT\022\3047\265\272\365\313h\333\260\014yA\352k8\340"
 191      37B5BAF5 
 191      CB68DBB0 
 191      0C7941EA 
 191      6B38E0
 192 0185 8AFAC381 		.ascii	"\212\372\303\201\016EFt\2623\325\355\\s\2062y'\233N"
 192      0E454674 
 192      B233D5ED 
 192      5C738632 
 192      79279B4E 
 193 0199 0E0E0F0D 		.ascii	"\016\016\017\0158\251\336\344`\327\331T\317\245\313"
 193      38A9DEE4 
 193      60D7D954 
 193      CFA5CB
 194 01a8 E9AE8B7D 		.ascii	"\351\256\213}\027\322\271l\246s\200\216]\315\344\256"
 194      17D2B96C 
 194      A673808E 
 194      5DCDE4AE 
 195 01b8 38D9643E 		.ascii	"8\331d>\223\037\316\375\003\347\271\267\224"
 195      931FCEFD 
 195      03E7B9B7 
 195      94
 196              		.text
 197              		.section	.gnu.lto_.symbol_nodes.92f644c7,"",%progbits
 198 0000 789C55C7 		.ascii	"x\234U\307;\015\000 \020D\301w\037\022tbd-\240\200\240"
 198      3B0D0020 
 198      1044C177 
 198      1F127462 
 198      642DA080 
 199 0015 084D3414 		.ascii	"\010M4\024\334t\023\300\340q\004\363\200\304\332\035"
 199      DC7413C0 
 199      E07104F3 
 199      80C4DA1D 
 200 0025 3759B9CB 		.ascii	"7Y\271\313\313CQ\236\312\362\246\366\237\013\351b\031"
 200      CB43519E 
 200      CAF2A6F6 
 200      9F0BE962 
 200      19
 201 0036 56       		.ascii	"V"
 202              		.text
 203              		.section	.gnu.lto_.refs.92f644c7,"",%progbits
 204 0000 789C6366 		.ascii	"x\234cf```d\200\002\000\000=\000\005"
 204      60606064 
ARM GAS  C:\Users\victo\AppData\Local\Temp\ccbwPXAX.s 			page 15


 204      80020000 
 204      3D0005
 205              		.text
 206              		.section	.gnu.lto_.decls.92f644c7,"",%progbits
 207 0000 789C8D54 		.ascii	"x\234\215ToLSW\024\277\347\335\266\320G\007\272\017"
 207      6F4C5357 
 207      14BFE7DD 
 207      B6D04707 
 207      BA0F
 208 0012 E8D89695 		.ascii	"\350\330\226\225,!\232\020\022eY\374\266\017\230\270"
 208      2C219A10 
 208      126559FC 
 208      B60F98B8 
 209 0022 2D732130 		.ascii	"-s!0\263%\222\220\006^\034\211\001S\213\211_\226\013"
 209      B3259290 
 209      065E1C89 
 209      01538B89 
 209      5F960B
 210 0035 D5C99C21 		.ascii	"\325\311\234!\214`D\374\003\311\230C\035\312\240\003"
 210      8C6044FC 
 210      03C99843 
 210      1DCAA003 
 211 0045 2B880544 		.ascii	"+\210\005DP\350\006\231\233\342L\304?\250I\235\001\206"
 211      50E80699 
 211      9BE24CC4 
 211      3FA8499D 
 211      0186
 212 0057 9995CDB7 		.ascii	"\231\225\315\267s\357{\257}\225g\346MN\373\356y\367"
 212      73EF7BAF 
 212      7D9567E6 
 212      4D4EFBEE 
 212      79F7
 213 0069 F73BBF73 		.ascii	"\367;\277s~\267\245\204\2206 D\305\365\314F\010\340"
 213      7EB7A584 
 213      90362044 
 213      C5F5CC46 
 213      08E0
 214 007b 7312E6F2 		.ascii	"s\022\346\362I|90:1\002\030=\030A\214!\214a\262tu\352"
 214      497C3930 
 214      3A310218 
 214      3D18418C 
 214      218C61B2 
 215 0092 E739BE1D 		.ascii	"\3479\276\035#\023c\022c\002\343C\375\014\350\347\236"
 215      23136312 
 215      6302E343 
 215      FD0CE8E7 
 215      9E
 216 00a3 5F010B6C 		.ascii	"_\001\013l\272\011o`\003\026X\256\313\376?5{,p\301\227"
 216      BA096F60 
 216      031658AE 
 216      CBFE3F35 
 216      7B2C70C1 
 217 00b8 C0052D70 		.ascii	"\300\005-p\274\177\247\2565\025\303\205\321\217\021"
 217      BC7FA7AE 
 217      3515C385 
 217      D18F11
 218 00c7 D679DC16 		.ascii	"\326y\334\026\272\207,x\206\365\236\255\3725k\260\232"
ARM GAS  C:\Users\victo\AppData\Local\Temp\ccbwPXAX.s 			page 16


 218      BA872C78 
 218      86F59EAD 
 218      FA356BB0 
 218      9A
 219 00d8 F59C0463 		.ascii	"\365\234\004c\267\237\374\345z A\252\274\214o\233\256"
 219      B79FFCE5 
 219      7A2041AA 
 219      BC8C6F9B 
 219      AE
 220 00e9 CE2C50DC 		.ascii	"\316,P\334\272d\211o\177?\277gO2\225\200?\177\333x\353"
 220      BA64896F 
 220      7F3FBF67 
 220      4F329580 
 220      3F7FDB78 
 221 00fe 8A9C7D82 		.ascii	"\212\234}\2021V\303B!\210ST\035\353\335\227\204\230"
 221      3156C342 
 221      21885354 
 221      1DEBDD97 
 221      8498
 222 0110 74596C6B 		.ascii	"tYlk\307\232\006\250\330\252\034'MM5D)\310Y5\214U\263"
 222      C79A06A8 
 222      D8AA1C27 
 222      4D4D3544 
 222      29C85935 
 223 0127 D97A4657 		.ascii	"\331zFW\022\310\316\200\325\031\004NA\026\036\203\023"
 223      12C8CE80 
 223      D519044E 
 223      41161E83 
 223      13
 224 0138 904DE024 		.ascii	"\220M\340$d\300\017\220AZ\261\300l\363\354\3657\030"
 224      64C00F90 
 224      415AB1C0 
 224      6CF3ECF5 
 224      3718
 225 014a B3413BC8 		.ascii	"\263A;\310p\034\2508\201m\360\012z\321\272\335\003u"
 225      701CA838 
 225      816DF00A 
 225      7AD1BADD 
 225      0375
 226 015c 369B8449 		.ascii	"6\233\204I~f\263\215\347\306\017\034\036LY\261\237\361"
 226      7E66B38D 
 226      E7C60F1C 
 226      1E4C59B1 
 226      9FF1
 227 016e E567CB24 		.ascii	"\345g\313$\310O\207\357\221\266\015i\011t\300\012\374"
 227      C84F87EF 
 227      91B60D69 
 227      0974C00A 
 227      FC
 228 017f 3C0D368D 		.ascii	"<\0156\215\200M\017>\262\321\\\321Z\307L\370\337$\367"
 228      804D0F3E 
 228      B2D15CD1 
 228      5AC74CF8 
 228      DF24F7
 229 0192 51D6D231 		.ascii	"Q\326\3221{\304\177/\377\033?k`\323\252\372\226\000"
 229      7BC47F2F 
 229      FF1B3F6B 
ARM GAS  C:\Users\victo\AppData\Local\Temp\ccbwPXAX.s 			page 17


 229      60D3AAFA 
 229      9600
 230 01a4 C18F3101 		.ascii	"\301\2171\001\204?k\023\355\0047\002O\317\327\036N\245"
 230      843F6B13 
 230      ED043702 
 230      4FCFD71E 
 230      4EA5
 231 01b6 3B0449ED 		.ascii	";\004I\355\225\266\010\025$\3237\207\224P5\373GU\251"
 231      95B60815 
 231      24D33787 
 231      945035FB 
 231      4755A9
 232 01c9 C6D06562 		.ascii	"\306\320eb\3502\030\002\202!|\362\322\227`\326\314\333"
 232      E8321802 
 232      82217CF2 
 232      D29760D6 
 232      CCDB
 233 01db 898BFE49 		.ascii	"\211\213\376I\210\336\254k\376Z\2751\367\012\375\012"
 233      88DEAC6B 
 233      FE5ABD31 
 233      F70AFD0A 
 234 01eb 443D762E 		.ascii	"D=v.\372\205V\256q&^\016\001\320m*\327m\224\353\021"
 234      FA8556AE 
 234      71265E0E 
 234      01D06D2A 
 234      D76D94EB 
 235 0200 E5220723 		.ascii	"\345\"\007#\217]\364\220\306\020\270<zM\022\024-\343"
 235      8F5DF490 
 235      C610B83C 
 235      7A4D1214 
 235      2DE3
 236 0212 DF39DA58 		.ascii	"\3379\332XHU\337\023\004gL\004g\014\202\240 82\377\250"
 236      4855DF13 
 236      04674C04 
 236      670C82A0 
 236      203832FF 
 237 0227 CF49031A 		.ascii	"\317I\003\032\201\341\274[s\376@\344I Yl\271\024\264"
 237      81E1BC5B 
 237      73FE40E4 
 237      4920596C 
 237      B914B4
 238 023a FED8C4DF 		.ascii	"\376\330\304\337M\251\220%k\236\316k\236\366c\203g\343"
 238      4DA99025 
 238      6B9ECE6B 
 238      9EF66383 
 238      67E3
 239 024c 9EBA754F 		.ascii	"\236\272uO\305\365\300\021\330W\221X\377p\016/\210["
 239      C5F5C011 
 239      D8579158 
 239      FF700E2F 
 239      885B
 240 025e BF20BD98 		.ascii	"\277 \275\230\354\303$\026j\036y\370[\2320\277?f\376"
 240      ECC32416 
 240      6A1E79F8 
 240      5B9A30BF 
 240      3F66FE
 241 0271 F55FFF38 		.ascii	"\365_\3778\356\214\345\316\203H\036U\373\203\266\027"
ARM GAS  C:\Users\victo\AppData\Local\Temp\ccbwPXAX.s 			page 18


 241      EE8CE5CE 
 241      83481E55 
 241      FB83B617 
 242 0281 DE880131 		.ascii	"\336\210\0011\334\220q#\356\334[\334\225L{\265\326\236"
 242      DC907123 
 242      EEDC5BDC 
 242      954C7BB5 
 242      D69E
 243 0293 EE9D6C97 		.ascii	"\356\235l\227\365+q\347\376\232\203\254\245\212=S\361"
 243      F52B71E7 
 243      FE9A83AC 
 243      A58A3D53 
 243      F1
 244 02a4 4673140C 		.ascii	"Fs\024\014\232\0064h\014hH\014(:0W\225F\2474\226\350"
 244      9A063468 
 244      0C68480C 
 244      283A3057 
 244      9546A734 
 245 02ba D3DB7EBB 		.ascii	"\323\333~\273f\322\215\373\211&]0Q\\0(\206\005E\360"
 245      66D28DFB 
 245      89265D30 
 245      515C3028 
 245      860545F0 
 246 02ce D4423845 		.ascii	"\324B8E\374&\335\234\344l\375h\243C\374&EO5\365\335"
 246      FC26DD9C 
 246      E46CFD68 
 246      A343FC26 
 246      454F35F5 
 247 02e3 113B7D9C 		.ascii	"\021;}\234\350@\246\346\300\315C\321V\247\330\362\277"
 247      E840A6E6 
 247      C0CD43D1 
 247      56A7D8F2 
 247      BF
 248 02f4 E3349EBA 		.ascii	"\3434\236\272u\355j_\022]\024\307\245?\033\252\325\224"
 248      75ED6A5F 
 248      125D14C7 
 248      A53F1BAA 
 248      D594
 249 0306 98210B9A 		.ascii	"\230!\013\232!a\234\327X\334\220L\263!u~\346|\237\300"
 249      21619CD7 
 249      58DC904C 
 249      B321757E 
 249      E67C9FC0 
 250 031a 459CD908 		.ascii	"E\234\331\0107d\034\015\311\324\015\271\204\311\313"
 250      37641C0D 
 250      C9D40DB9 
 250      84C9CB
 251 0329 9A21C1FD 		.ascii	"\232!\301\375\223#\262\\\303\207\374r\010)\324U\267"
 251      9323B25C 
 251      C387FC72 
 251      0829D455 
 251      B7
 252 033a E8D2954C 		.ascii	"\350\322\225L\357\353j\225\270\222\011T2\032W\3623\304"
 252      EFEB6A95 
 252      B8920954 
 252      321A57F2 
 252      33C4
ARM GAS  C:\Users\victo\AppData\Local\Temp\ccbwPXAX.s 			page 19


 253 034c A52C25FE 		.ascii	"\245,%\376\305Z\312\314\335\346E\207koL\274 5@\004&"
 253      C55ACACC 
 253      DDE64587 
 253      6B6F4CBC 
 253      20354004 
 254 0361 C12526CD 		.ascii	"\301%&\315\277\355\225e\345\276u\216\015\037or\347\221"
 254      BFED9565 
 254      E5BE758E 
 254      0D1F6F72 
 254      E791
 255 0373 B7738A36 		.ascii	"\267s\2126(\345\212\327\343SJ\213\013+*\275%JQ~aE\336"
 255      28E58AD7 
 255      E3534A8B 
 255      0B2B2ABD 
 255      254A517E 
 256 038a 3B45253B 		.ascii	";E%;};\267)\333s>'\257m\334\364Yq\336'\005\037\025o"
 256      7D3BB729 
 256      DB733E27 
 256      AF6DDCF4 
 256      5971DE27 
 257 03a2 2FF51417 		.ascii	"/\365\024\027*\276\365\336\262\035\312\306\212Re\325"
 257      2ABEF5DE 
 257      B21DCAC6 
 257      8A5265D5 
 258 03b2 0BD16648 		.ascii	"\013\321fHN\011y5\201\342So\231OY\236\220*P<\245+\227"
 258      4E097935 
 258      81E2536F 
 258      994F599E 
 258      902A503C 
 259 03c9 64D67B7C 		.ascii	"d\326{|\236\002e\213\203+^\363\356\233\317\353\370\240"
 259      9E02658B 
 259      832B5EF3 
 259      EE9BCFEB 
 259      F8A0
 260 03db DCA778BD 		.ascii	"\334\247x\275\225\333|\\\313\353\011o\363\266*\036o"
 260      95DB7C5C 
 260      CBEB096F 
 260      F3B62A1E 
 260      6F
 261 03ec ECBDDDAB 		.ascii	"\354\275\335\253l\311]+hr\327\376\007\214\253\006\037"
 261      6CC95D2B 
 261      6872D7FE 
 261      078CAB06 
 261      1F
 262              		.text
 263              		.section	.gnu.lto_.symtab.92f644c7,"",%progbits
 264 0000 4D55585F 		.ascii	"MUX_CTRL_sda_SetDriveMode\000\000\000\000\000\000\000"
 264      4354524C 
 264      5F736461 
 264      5F536574 
 264      44726976 
 265 0020 00000000 		.ascii	"\000\000\000\000\000\262\000\000\000MUX_CTRL_sda_Wr"
 265      00B20000 
 265      004D5558 
 265      5F435452 
 265      4C5F7364 
 266 0038 69746500 		.ascii	"ite\000\000\000\000\000\000\000\000\000\000\000\000"
ARM GAS  C:\Users\victo\AppData\Local\Temp\ccbwPXAX.s 			page 20


 266      00000000 
 266      00000000 
 266      000000
 267 0047 B4000000 		.ascii	"\264\000\000\000MUX_CTRL_sda_Read\000\000\000\000\000"
 267      4D55585F 
 267      4354524C 
 267      5F736461 
 267      5F526561 
 268 0061 00000000 		.ascii	"\000\000\000\000\000\000\000\267\000\000\000MUX_CTR"
 268      000000B7 
 268      0000004D 
 268      55585F43 
 268      5452
 269 0073 4C5F7364 		.ascii	"L_sda_ReadDataReg\000\000\000\000\000\000\000\000\000"
 269      615F5265 
 269      61644461 
 269      74615265 
 269      67000000 
 270 008d 000000B9 		.ascii	"\000\000\000\271\000\000\000MUX_CTRL_sda_SetInterru"
 270      0000004D 
 270      55585F43 
 270      54524C5F 
 270      7364615F 
 271 00ab 70744D6F 		.ascii	"ptMode\000\000\000\000\000\000\000\000\000\000\000\000"
 271      64650000 
 271      00000000 
 271      00000000 
 271      0000
 272 00bd C3000000 		.ascii	"\303\000\000\000MUX_CTRL_sda_ClearInterrupt\000\000"
 272      4D55585F 
 272      4354524C 
 272      5F736461 
 272      5F436C65 
 273 00de 00000000 		.ascii	"\000\000\000\000\000\000\000\000\000\000\305\000\000"
 273      00000000 
 273      0000C500 
 273      00
 274 00eb 00       		.ascii	"\000"
 275              		.text
 276              		.section	.gnu.lto_.opts,"",%progbits
 277 0000 272D666E 		.ascii	"'-fno-trapv' '-mcpu=cortex-m0' '-mthumb' '-g' '-Os'"
 277      6F2D7472 
 277      61707627 
 277      20272D6D 
 277      6370753D 
 278 0033 20272D57 		.ascii	" '-Werror' '-ffunction-sections' '-finline-function"
 278      6572726F 
 278      72272027 
 278      2D666675 
 278      6E637469 
 279 0066 73272027 		.ascii	"s' '-flto' '-ffat-lto-objects' '-fno-strict-aliasin"
 279      2D666C74 
 279      6F272027 
 279      2D666661 
 279      742D6C74 
 280 0099 672700   		.ascii	"g'\000"
 281              		.text
ARM GAS  C:\Users\victo\AppData\Local\Temp\ccbwPXAX.s 			page 21


 282              		.cfi_sections	.debug_frame
 283              		.section	.text.MUX_CTRL_sda_SetDriveMode,"ax",%progbits
 284              		.align	1
 285              		.global	MUX_CTRL_sda_SetDriveMode
 286              		.code	16
 287              		.thumb_func
 288              		.type	MUX_CTRL_sda_SetDriveMode, %function
 289              	MUX_CTRL_sda_SetDriveMode:
 290              	.LFB0:
 291              		.file 1 ".\\Generated_Source\\PSoC4\\MUX_CTRL_sda.c"
   1:.\Generated_Source\PSoC4/MUX_CTRL_sda.c **** /*******************************************************************************
   2:.\Generated_Source\PSoC4/MUX_CTRL_sda.c **** * File Name: MUX_CTRL_sda.c  
   3:.\Generated_Source\PSoC4/MUX_CTRL_sda.c **** * Version 2.20
   4:.\Generated_Source\PSoC4/MUX_CTRL_sda.c **** *
   5:.\Generated_Source\PSoC4/MUX_CTRL_sda.c **** * Description:
   6:.\Generated_Source\PSoC4/MUX_CTRL_sda.c **** *  This file contains API to enable firmware control of a Pins component.
   7:.\Generated_Source\PSoC4/MUX_CTRL_sda.c **** *
   8:.\Generated_Source\PSoC4/MUX_CTRL_sda.c **** ********************************************************************************
   9:.\Generated_Source\PSoC4/MUX_CTRL_sda.c **** * Copyright 2008-2015, Cypress Semiconductor Corporation.  All rights reserved.
  10:.\Generated_Source\PSoC4/MUX_CTRL_sda.c **** * You may use this file only in accordance with the license, terms, conditions, 
  11:.\Generated_Source\PSoC4/MUX_CTRL_sda.c **** * disclaimers, and limitations in the end user license agreement accompanying 
  12:.\Generated_Source\PSoC4/MUX_CTRL_sda.c **** * the software package with which this file was provided.
  13:.\Generated_Source\PSoC4/MUX_CTRL_sda.c **** *******************************************************************************/
  14:.\Generated_Source\PSoC4/MUX_CTRL_sda.c **** 
  15:.\Generated_Source\PSoC4/MUX_CTRL_sda.c **** #include "cytypes.h"
  16:.\Generated_Source\PSoC4/MUX_CTRL_sda.c **** #include "MUX_CTRL_sda.h"
  17:.\Generated_Source\PSoC4/MUX_CTRL_sda.c **** 
  18:.\Generated_Source\PSoC4/MUX_CTRL_sda.c **** 
  19:.\Generated_Source\PSoC4/MUX_CTRL_sda.c **** #if defined(MUX_CTRL_sda__PC)
  20:.\Generated_Source\PSoC4/MUX_CTRL_sda.c ****     #define MUX_CTRL_sda_SetP4PinDriveMode(shift, mode)  \
  21:.\Generated_Source\PSoC4/MUX_CTRL_sda.c ****     do { \
  22:.\Generated_Source\PSoC4/MUX_CTRL_sda.c ****         MUX_CTRL_sda_PC =   (MUX_CTRL_sda_PC & \
  23:.\Generated_Source\PSoC4/MUX_CTRL_sda.c ****                                 (uint32)(~(uint32)(MUX_CTRL_sda_DRIVE_MODE_IND_MASK << \
  24:.\Generated_Source\PSoC4/MUX_CTRL_sda.c ****                                 (MUX_CTRL_sda_DRIVE_MODE_BITS * (shift))))) | \
  25:.\Generated_Source\PSoC4/MUX_CTRL_sda.c ****                                 (uint32)((uint32)(mode) << \
  26:.\Generated_Source\PSoC4/MUX_CTRL_sda.c ****                                 (MUX_CTRL_sda_DRIVE_MODE_BITS * (shift))); \
  27:.\Generated_Source\PSoC4/MUX_CTRL_sda.c ****     } while (0)
  28:.\Generated_Source\PSoC4/MUX_CTRL_sda.c **** #else
  29:.\Generated_Source\PSoC4/MUX_CTRL_sda.c ****     #if (CY_PSOC4_4200L)
  30:.\Generated_Source\PSoC4/MUX_CTRL_sda.c ****         #define MUX_CTRL_sda_SetP4PinDriveMode(shift, mode)  \
  31:.\Generated_Source\PSoC4/MUX_CTRL_sda.c ****         do { \
  32:.\Generated_Source\PSoC4/MUX_CTRL_sda.c ****             MUX_CTRL_sda_USBIO_CTRL_REG = (MUX_CTRL_sda_USBIO_CTRL_REG & \
  33:.\Generated_Source\PSoC4/MUX_CTRL_sda.c ****                                     (uint32)(~(uint32)(MUX_CTRL_sda_DRIVE_MODE_IND_MASK << \
  34:.\Generated_Source\PSoC4/MUX_CTRL_sda.c ****                                     (MUX_CTRL_sda_DRIVE_MODE_BITS * (shift))))) | \
  35:.\Generated_Source\PSoC4/MUX_CTRL_sda.c ****                                     (uint32)((uint32)(mode) << \
  36:.\Generated_Source\PSoC4/MUX_CTRL_sda.c ****                                     (MUX_CTRL_sda_DRIVE_MODE_BITS * (shift))); \
  37:.\Generated_Source\PSoC4/MUX_CTRL_sda.c ****         } while (0)
  38:.\Generated_Source\PSoC4/MUX_CTRL_sda.c ****     #endif
  39:.\Generated_Source\PSoC4/MUX_CTRL_sda.c **** #endif
  40:.\Generated_Source\PSoC4/MUX_CTRL_sda.c ****   
  41:.\Generated_Source\PSoC4/MUX_CTRL_sda.c **** 
  42:.\Generated_Source\PSoC4/MUX_CTRL_sda.c **** #if defined(MUX_CTRL_sda__PC) || (CY_PSOC4_4200L) 
  43:.\Generated_Source\PSoC4/MUX_CTRL_sda.c ****     /*******************************************************************************
  44:.\Generated_Source\PSoC4/MUX_CTRL_sda.c ****     * Function Name: MUX_CTRL_sda_SetDriveMode
  45:.\Generated_Source\PSoC4/MUX_CTRL_sda.c ****     ****************************************************************************//**
  46:.\Generated_Source\PSoC4/MUX_CTRL_sda.c ****     *
  47:.\Generated_Source\PSoC4/MUX_CTRL_sda.c ****     * \brief Sets the drive mode for each of the Pins component's pins.
ARM GAS  C:\Users\victo\AppData\Local\Temp\ccbwPXAX.s 			page 22


  48:.\Generated_Source\PSoC4/MUX_CTRL_sda.c ****     * 
  49:.\Generated_Source\PSoC4/MUX_CTRL_sda.c ****     * <b>Note</b> This affects all pins in the Pins component instance. Use the
  50:.\Generated_Source\PSoC4/MUX_CTRL_sda.c ****     * Per-Pin APIs if you wish to control individual pin's drive modes.
  51:.\Generated_Source\PSoC4/MUX_CTRL_sda.c ****     *
  52:.\Generated_Source\PSoC4/MUX_CTRL_sda.c ****     * <b>Note</b> USBIOs have limited drive functionality. Refer to the Drive Mode
  53:.\Generated_Source\PSoC4/MUX_CTRL_sda.c ****     * parameter for more information.
  54:.\Generated_Source\PSoC4/MUX_CTRL_sda.c ****     *
  55:.\Generated_Source\PSoC4/MUX_CTRL_sda.c ****     * \param mode
  56:.\Generated_Source\PSoC4/MUX_CTRL_sda.c ****     *  Mode for the selected signals. Valid options are documented in 
  57:.\Generated_Source\PSoC4/MUX_CTRL_sda.c ****     *  \ref driveMode.
  58:.\Generated_Source\PSoC4/MUX_CTRL_sda.c ****     *
  59:.\Generated_Source\PSoC4/MUX_CTRL_sda.c ****     * \return
  60:.\Generated_Source\PSoC4/MUX_CTRL_sda.c ****     *  None
  61:.\Generated_Source\PSoC4/MUX_CTRL_sda.c ****     *
  62:.\Generated_Source\PSoC4/MUX_CTRL_sda.c ****     * \sideeffect
  63:.\Generated_Source\PSoC4/MUX_CTRL_sda.c ****     *  If you use read-modify-write operations that are not atomic, the ISR can
  64:.\Generated_Source\PSoC4/MUX_CTRL_sda.c ****     *  cause corruption of this function. An ISR that interrupts this function 
  65:.\Generated_Source\PSoC4/MUX_CTRL_sda.c ****     *  and performs writes to the Pins component Drive Mode registers can cause 
  66:.\Generated_Source\PSoC4/MUX_CTRL_sda.c ****     *  corrupted port data. To avoid this issue, you should either use the Per-Pin
  67:.\Generated_Source\PSoC4/MUX_CTRL_sda.c ****     *  APIs (primary method) or disable interrupts around this function.
  68:.\Generated_Source\PSoC4/MUX_CTRL_sda.c ****     *
  69:.\Generated_Source\PSoC4/MUX_CTRL_sda.c ****     * \funcusage
  70:.\Generated_Source\PSoC4/MUX_CTRL_sda.c ****     *  \snippet MUX_CTRL_sda_SUT.c usage_MUX_CTRL_sda_SetDriveMode
  71:.\Generated_Source\PSoC4/MUX_CTRL_sda.c ****     *******************************************************************************/
  72:.\Generated_Source\PSoC4/MUX_CTRL_sda.c ****     void MUX_CTRL_sda_SetDriveMode(uint8 mode)
  73:.\Generated_Source\PSoC4/MUX_CTRL_sda.c ****     {
 292              		.loc 1 73 0
 293              		.cfi_startproc
 294              	.LVL0:
  74:.\Generated_Source\PSoC4/MUX_CTRL_sda.c **** 		MUX_CTRL_sda_SetP4PinDriveMode(MUX_CTRL_sda__0__SHIFT, mode);
 295              		.loc 1 74 0
 296 0000 034A     		ldr	r2, .L2
 297 0002 044B     		ldr	r3, .L2+4
 298 0004 1168     		ldr	r1, [r2]
 299 0006 8001     		lsl	r0, r0, #6
 300              	.LVL1:
 301 0008 0B40     		and	r3, r1
 302 000a 1843     		orr	r0, r3
 303 000c 1060     		str	r0, [r2]
  75:.\Generated_Source\PSoC4/MUX_CTRL_sda.c ****     }
 304              		.loc 1 75 0
 305              		@ sp needed
 306 000e 7047     		bx	lr
 307              	.L3:
 308              		.align	2
 309              	.L2:
 310 0010 08030440 		.word	1074004744
 311 0014 3FFEFFFF 		.word	-449
 312              		.cfi_endproc
 313              	.LFE0:
 314              		.size	MUX_CTRL_sda_SetDriveMode, .-MUX_CTRL_sda_SetDriveMode
 315              		.section	.text.MUX_CTRL_sda_Write,"ax",%progbits
 316              		.align	1
 317              		.global	MUX_CTRL_sda_Write
 318              		.code	16
 319              		.thumb_func
 320              		.type	MUX_CTRL_sda_Write, %function
ARM GAS  C:\Users\victo\AppData\Local\Temp\ccbwPXAX.s 			page 23


 321              	MUX_CTRL_sda_Write:
 322              	.LFB1:
  76:.\Generated_Source\PSoC4/MUX_CTRL_sda.c **** #endif
  77:.\Generated_Source\PSoC4/MUX_CTRL_sda.c **** 
  78:.\Generated_Source\PSoC4/MUX_CTRL_sda.c **** 
  79:.\Generated_Source\PSoC4/MUX_CTRL_sda.c **** /*******************************************************************************
  80:.\Generated_Source\PSoC4/MUX_CTRL_sda.c **** * Function Name: MUX_CTRL_sda_Write
  81:.\Generated_Source\PSoC4/MUX_CTRL_sda.c **** ****************************************************************************//**
  82:.\Generated_Source\PSoC4/MUX_CTRL_sda.c **** *
  83:.\Generated_Source\PSoC4/MUX_CTRL_sda.c **** * \brief Writes the value to the physical port (data output register), masking
  84:.\Generated_Source\PSoC4/MUX_CTRL_sda.c **** *  and shifting the bits appropriately. 
  85:.\Generated_Source\PSoC4/MUX_CTRL_sda.c **** *
  86:.\Generated_Source\PSoC4/MUX_CTRL_sda.c **** * The data output register controls the signal applied to the physical pin in 
  87:.\Generated_Source\PSoC4/MUX_CTRL_sda.c **** * conjunction with the drive mode parameter. This function avoids changing 
  88:.\Generated_Source\PSoC4/MUX_CTRL_sda.c **** * other bits in the port by using the appropriate method (read-modify-write or
  89:.\Generated_Source\PSoC4/MUX_CTRL_sda.c **** * bit banding).
  90:.\Generated_Source\PSoC4/MUX_CTRL_sda.c **** *
  91:.\Generated_Source\PSoC4/MUX_CTRL_sda.c **** * <b>Note</b> This function should not be used on a hardware digital output pin 
  92:.\Generated_Source\PSoC4/MUX_CTRL_sda.c **** * as it is driven by the hardware signal attached to it.
  93:.\Generated_Source\PSoC4/MUX_CTRL_sda.c **** *
  94:.\Generated_Source\PSoC4/MUX_CTRL_sda.c **** * \param value
  95:.\Generated_Source\PSoC4/MUX_CTRL_sda.c **** *  Value to write to the component instance.
  96:.\Generated_Source\PSoC4/MUX_CTRL_sda.c **** *
  97:.\Generated_Source\PSoC4/MUX_CTRL_sda.c **** * \return 
  98:.\Generated_Source\PSoC4/MUX_CTRL_sda.c **** *  None 
  99:.\Generated_Source\PSoC4/MUX_CTRL_sda.c **** *
 100:.\Generated_Source\PSoC4/MUX_CTRL_sda.c **** * \sideeffect
 101:.\Generated_Source\PSoC4/MUX_CTRL_sda.c **** *  If you use read-modify-write operations that are not atomic; the Interrupt 
 102:.\Generated_Source\PSoC4/MUX_CTRL_sda.c **** *  Service Routines (ISR) can cause corruption of this function. An ISR that 
 103:.\Generated_Source\PSoC4/MUX_CTRL_sda.c **** *  interrupts this function and performs writes to the Pins component data 
 104:.\Generated_Source\PSoC4/MUX_CTRL_sda.c **** *  register can cause corrupted port data. To avoid this issue, you should 
 105:.\Generated_Source\PSoC4/MUX_CTRL_sda.c **** *  either use the Per-Pin APIs (primary method) or disable interrupts around 
 106:.\Generated_Source\PSoC4/MUX_CTRL_sda.c **** *  this function.
 107:.\Generated_Source\PSoC4/MUX_CTRL_sda.c **** *
 108:.\Generated_Source\PSoC4/MUX_CTRL_sda.c **** * \funcusage
 109:.\Generated_Source\PSoC4/MUX_CTRL_sda.c **** *  \snippet MUX_CTRL_sda_SUT.c usage_MUX_CTRL_sda_Write
 110:.\Generated_Source\PSoC4/MUX_CTRL_sda.c **** *******************************************************************************/
 111:.\Generated_Source\PSoC4/MUX_CTRL_sda.c **** void MUX_CTRL_sda_Write(uint8 value)
 112:.\Generated_Source\PSoC4/MUX_CTRL_sda.c **** {
 323              		.loc 1 112 0
 324              		.cfi_startproc
 325              	.LVL2:
 113:.\Generated_Source\PSoC4/MUX_CTRL_sda.c ****     uint8 drVal = (uint8)(MUX_CTRL_sda_DR & (uint8)(~MUX_CTRL_sda_MASK));
 326              		.loc 1 113 0
 327 0000 0423     		mov	r3, #4
 328 0002 0449     		ldr	r1, .L5
 114:.\Generated_Source\PSoC4/MUX_CTRL_sda.c ****     drVal = (drVal | ((uint8)(value << MUX_CTRL_sda_SHIFT) & MUX_CTRL_sda_MASK));
 329              		.loc 1 114 0
 330 0004 8000     		lsl	r0, r0, #2
 331              	.LVL3:
 113:.\Generated_Source\PSoC4/MUX_CTRL_sda.c ****     uint8 drVal = (uint8)(MUX_CTRL_sda_DR & (uint8)(~MUX_CTRL_sda_MASK));
 332              		.loc 1 113 0
 333 0006 0A68     		ldr	r2, [r1]
 115:.\Generated_Source\PSoC4/MUX_CTRL_sda.c ****     MUX_CTRL_sda_DR = (uint32)drVal;
 116:.\Generated_Source\PSoC4/MUX_CTRL_sda.c **** }
 334              		.loc 1 116 0
 335              		@ sp needed
ARM GAS  C:\Users\victo\AppData\Local\Temp\ccbwPXAX.s 			page 24


 113:.\Generated_Source\PSoC4/MUX_CTRL_sda.c ****     drVal = (drVal | ((uint8)(value << MUX_CTRL_sda_SHIFT) & MUX_CTRL_sda_MASK));
 336              		.loc 1 113 0
 337 0008 9A43     		bic	r2, r3
 338 000a D2B2     		uxtb	r2, r2
 114:.\Generated_Source\PSoC4/MUX_CTRL_sda.c ****     drVal = (drVal | ((uint8)(value << MUX_CTRL_sda_SHIFT) & MUX_CTRL_sda_MASK));
 339              		.loc 1 114 0
 340 000c 0340     		and	r3, r0
 115:.\Generated_Source\PSoC4/MUX_CTRL_sda.c ****     MUX_CTRL_sda_DR = (uint32)drVal;
 341              		.loc 1 115 0
 342 000e 1343     		orr	r3, r2
 343 0010 0B60     		str	r3, [r1]
 344              		.loc 1 116 0
 345 0012 7047     		bx	lr
 346              	.L6:
 347              		.align	2
 348              	.L5:
 349 0014 00030440 		.word	1074004736
 350              		.cfi_endproc
 351              	.LFE1:
 352              		.size	MUX_CTRL_sda_Write, .-MUX_CTRL_sda_Write
 353              		.section	.text.MUX_CTRL_sda_Read,"ax",%progbits
 354              		.align	1
 355              		.global	MUX_CTRL_sda_Read
 356              		.code	16
 357              		.thumb_func
 358              		.type	MUX_CTRL_sda_Read, %function
 359              	MUX_CTRL_sda_Read:
 360              	.LFB2:
 117:.\Generated_Source\PSoC4/MUX_CTRL_sda.c **** 
 118:.\Generated_Source\PSoC4/MUX_CTRL_sda.c **** 
 119:.\Generated_Source\PSoC4/MUX_CTRL_sda.c **** /*******************************************************************************
 120:.\Generated_Source\PSoC4/MUX_CTRL_sda.c **** * Function Name: MUX_CTRL_sda_Read
 121:.\Generated_Source\PSoC4/MUX_CTRL_sda.c **** ****************************************************************************//**
 122:.\Generated_Source\PSoC4/MUX_CTRL_sda.c **** *
 123:.\Generated_Source\PSoC4/MUX_CTRL_sda.c **** * \brief Reads the associated physical port (pin status register) and masks 
 124:.\Generated_Source\PSoC4/MUX_CTRL_sda.c **** *  the required bits according to the width and bit position of the component
 125:.\Generated_Source\PSoC4/MUX_CTRL_sda.c **** *  instance. 
 126:.\Generated_Source\PSoC4/MUX_CTRL_sda.c **** *
 127:.\Generated_Source\PSoC4/MUX_CTRL_sda.c **** * The pin's status register returns the current logic level present on the 
 128:.\Generated_Source\PSoC4/MUX_CTRL_sda.c **** * physical pin.
 129:.\Generated_Source\PSoC4/MUX_CTRL_sda.c **** *
 130:.\Generated_Source\PSoC4/MUX_CTRL_sda.c **** * \return 
 131:.\Generated_Source\PSoC4/MUX_CTRL_sda.c **** *  The current value for the pins in the component as a right justified number.
 132:.\Generated_Source\PSoC4/MUX_CTRL_sda.c **** *
 133:.\Generated_Source\PSoC4/MUX_CTRL_sda.c **** * \funcusage
 134:.\Generated_Source\PSoC4/MUX_CTRL_sda.c **** *  \snippet MUX_CTRL_sda_SUT.c usage_MUX_CTRL_sda_Read  
 135:.\Generated_Source\PSoC4/MUX_CTRL_sda.c **** *******************************************************************************/
 136:.\Generated_Source\PSoC4/MUX_CTRL_sda.c **** uint8 MUX_CTRL_sda_Read(void)
 137:.\Generated_Source\PSoC4/MUX_CTRL_sda.c **** {
 361              		.loc 1 137 0
 362              		.cfi_startproc
 138:.\Generated_Source\PSoC4/MUX_CTRL_sda.c ****     return (uint8)((MUX_CTRL_sda_PS & MUX_CTRL_sda_MASK) >> MUX_CTRL_sda_SHIFT);
 363              		.loc 1 138 0
 364 0000 024B     		ldr	r3, .L8
 139:.\Generated_Source\PSoC4/MUX_CTRL_sda.c **** }
 365              		.loc 1 139 0
 366              		@ sp needed
ARM GAS  C:\Users\victo\AppData\Local\Temp\ccbwPXAX.s 			page 25


 138:.\Generated_Source\PSoC4/MUX_CTRL_sda.c ****     return (uint8)((MUX_CTRL_sda_PS & MUX_CTRL_sda_MASK) >> MUX_CTRL_sda_SHIFT);
 367              		.loc 1 138 0
 368 0002 1868     		ldr	r0, [r3]
 369 0004 4007     		lsl	r0, r0, #29
 370 0006 C00F     		lsr	r0, r0, #31
 371              		.loc 1 139 0
 372 0008 7047     		bx	lr
 373              	.L9:
 374 000a C046     		.align	2
 375              	.L8:
 376 000c 04030440 		.word	1074004740
 377              		.cfi_endproc
 378              	.LFE2:
 379              		.size	MUX_CTRL_sda_Read, .-MUX_CTRL_sda_Read
 380              		.section	.text.MUX_CTRL_sda_ReadDataReg,"ax",%progbits
 381              		.align	1
 382              		.global	MUX_CTRL_sda_ReadDataReg
 383              		.code	16
 384              		.thumb_func
 385              		.type	MUX_CTRL_sda_ReadDataReg, %function
 386              	MUX_CTRL_sda_ReadDataReg:
 387              	.LFB3:
 140:.\Generated_Source\PSoC4/MUX_CTRL_sda.c **** 
 141:.\Generated_Source\PSoC4/MUX_CTRL_sda.c **** 
 142:.\Generated_Source\PSoC4/MUX_CTRL_sda.c **** /*******************************************************************************
 143:.\Generated_Source\PSoC4/MUX_CTRL_sda.c **** * Function Name: MUX_CTRL_sda_ReadDataReg
 144:.\Generated_Source\PSoC4/MUX_CTRL_sda.c **** ****************************************************************************//**
 145:.\Generated_Source\PSoC4/MUX_CTRL_sda.c **** *
 146:.\Generated_Source\PSoC4/MUX_CTRL_sda.c **** * \brief Reads the associated physical port's data output register and masks 
 147:.\Generated_Source\PSoC4/MUX_CTRL_sda.c **** *  the correct bits according to the width and bit position of the component 
 148:.\Generated_Source\PSoC4/MUX_CTRL_sda.c **** *  instance. 
 149:.\Generated_Source\PSoC4/MUX_CTRL_sda.c **** *
 150:.\Generated_Source\PSoC4/MUX_CTRL_sda.c **** * The data output register controls the signal applied to the physical pin in 
 151:.\Generated_Source\PSoC4/MUX_CTRL_sda.c **** * conjunction with the drive mode parameter. This is not the same as the 
 152:.\Generated_Source\PSoC4/MUX_CTRL_sda.c **** * preferred MUX_CTRL_sda_Read() API because the 
 153:.\Generated_Source\PSoC4/MUX_CTRL_sda.c **** * MUX_CTRL_sda_ReadDataReg() reads the data register instead of the status 
 154:.\Generated_Source\PSoC4/MUX_CTRL_sda.c **** * register. For output pins this is a useful function to determine the value 
 155:.\Generated_Source\PSoC4/MUX_CTRL_sda.c **** * just written to the pin.
 156:.\Generated_Source\PSoC4/MUX_CTRL_sda.c **** *
 157:.\Generated_Source\PSoC4/MUX_CTRL_sda.c **** * \return 
 158:.\Generated_Source\PSoC4/MUX_CTRL_sda.c **** *  The current value of the data register masked and shifted into a right 
 159:.\Generated_Source\PSoC4/MUX_CTRL_sda.c **** *  justified number for the component instance.
 160:.\Generated_Source\PSoC4/MUX_CTRL_sda.c **** *
 161:.\Generated_Source\PSoC4/MUX_CTRL_sda.c **** * \funcusage
 162:.\Generated_Source\PSoC4/MUX_CTRL_sda.c **** *  \snippet MUX_CTRL_sda_SUT.c usage_MUX_CTRL_sda_ReadDataReg 
 163:.\Generated_Source\PSoC4/MUX_CTRL_sda.c **** *******************************************************************************/
 164:.\Generated_Source\PSoC4/MUX_CTRL_sda.c **** uint8 MUX_CTRL_sda_ReadDataReg(void)
 165:.\Generated_Source\PSoC4/MUX_CTRL_sda.c **** {
 388              		.loc 1 165 0
 389              		.cfi_startproc
 166:.\Generated_Source\PSoC4/MUX_CTRL_sda.c ****     return (uint8)((MUX_CTRL_sda_DR & MUX_CTRL_sda_MASK) >> MUX_CTRL_sda_SHIFT);
 390              		.loc 1 166 0
 391 0000 024B     		ldr	r3, .L11
 167:.\Generated_Source\PSoC4/MUX_CTRL_sda.c **** }
 392              		.loc 1 167 0
 393              		@ sp needed
 166:.\Generated_Source\PSoC4/MUX_CTRL_sda.c ****     return (uint8)((MUX_CTRL_sda_DR & MUX_CTRL_sda_MASK) >> MUX_CTRL_sda_SHIFT);
ARM GAS  C:\Users\victo\AppData\Local\Temp\ccbwPXAX.s 			page 26


 394              		.loc 1 166 0
 395 0002 1868     		ldr	r0, [r3]
 396 0004 4007     		lsl	r0, r0, #29
 397 0006 C00F     		lsr	r0, r0, #31
 398              		.loc 1 167 0
 399 0008 7047     		bx	lr
 400              	.L12:
 401 000a C046     		.align	2
 402              	.L11:
 403 000c 00030440 		.word	1074004736
 404              		.cfi_endproc
 405              	.LFE3:
 406              		.size	MUX_CTRL_sda_ReadDataReg, .-MUX_CTRL_sda_ReadDataReg
 407              		.section	.text.MUX_CTRL_sda_SetInterruptMode,"ax",%progbits
 408              		.align	1
 409              		.global	MUX_CTRL_sda_SetInterruptMode
 410              		.code	16
 411              		.thumb_func
 412              		.type	MUX_CTRL_sda_SetInterruptMode, %function
 413              	MUX_CTRL_sda_SetInterruptMode:
 414              	.LFB4:
 168:.\Generated_Source\PSoC4/MUX_CTRL_sda.c **** 
 169:.\Generated_Source\PSoC4/MUX_CTRL_sda.c **** 
 170:.\Generated_Source\PSoC4/MUX_CTRL_sda.c **** /*******************************************************************************
 171:.\Generated_Source\PSoC4/MUX_CTRL_sda.c **** * Function Name: MUX_CTRL_sda_SetInterruptMode
 172:.\Generated_Source\PSoC4/MUX_CTRL_sda.c **** ****************************************************************************//**
 173:.\Generated_Source\PSoC4/MUX_CTRL_sda.c **** *
 174:.\Generated_Source\PSoC4/MUX_CTRL_sda.c **** * \brief Configures the interrupt mode for each of the Pins component's
 175:.\Generated_Source\PSoC4/MUX_CTRL_sda.c **** *  pins. Alternatively you may set the interrupt mode for all the pins
 176:.\Generated_Source\PSoC4/MUX_CTRL_sda.c **** *  specified in the Pins component.
 177:.\Generated_Source\PSoC4/MUX_CTRL_sda.c **** *
 178:.\Generated_Source\PSoC4/MUX_CTRL_sda.c **** *  <b>Note</b> The interrupt is port-wide and therefore any enabled pin
 179:.\Generated_Source\PSoC4/MUX_CTRL_sda.c **** *  interrupt may trigger it.
 180:.\Generated_Source\PSoC4/MUX_CTRL_sda.c **** *
 181:.\Generated_Source\PSoC4/MUX_CTRL_sda.c **** * \param position
 182:.\Generated_Source\PSoC4/MUX_CTRL_sda.c **** *  The pin position as listed in the Pins component. You may OR these to be 
 183:.\Generated_Source\PSoC4/MUX_CTRL_sda.c **** *  able to configure the interrupt mode of multiple pins within a Pins 
 184:.\Generated_Source\PSoC4/MUX_CTRL_sda.c **** *  component. Or you may use MUX_CTRL_sda_INTR_ALL to configure the
 185:.\Generated_Source\PSoC4/MUX_CTRL_sda.c **** *  interrupt mode of all the pins in the Pins component.       
 186:.\Generated_Source\PSoC4/MUX_CTRL_sda.c **** *  - MUX_CTRL_sda_0_INTR       (First pin in the list)
 187:.\Generated_Source\PSoC4/MUX_CTRL_sda.c **** *  - MUX_CTRL_sda_1_INTR       (Second pin in the list)
 188:.\Generated_Source\PSoC4/MUX_CTRL_sda.c **** *  - ...
 189:.\Generated_Source\PSoC4/MUX_CTRL_sda.c **** *  - MUX_CTRL_sda_INTR_ALL     (All pins in Pins component)
 190:.\Generated_Source\PSoC4/MUX_CTRL_sda.c **** *
 191:.\Generated_Source\PSoC4/MUX_CTRL_sda.c **** * \param mode
 192:.\Generated_Source\PSoC4/MUX_CTRL_sda.c **** *  Interrupt mode for the selected pins. Valid options are documented in
 193:.\Generated_Source\PSoC4/MUX_CTRL_sda.c **** *  \ref intrMode.
 194:.\Generated_Source\PSoC4/MUX_CTRL_sda.c **** *
 195:.\Generated_Source\PSoC4/MUX_CTRL_sda.c **** * \return 
 196:.\Generated_Source\PSoC4/MUX_CTRL_sda.c **** *  None
 197:.\Generated_Source\PSoC4/MUX_CTRL_sda.c **** *  
 198:.\Generated_Source\PSoC4/MUX_CTRL_sda.c **** * \sideeffect
 199:.\Generated_Source\PSoC4/MUX_CTRL_sda.c **** *  It is recommended that the interrupt be disabled before calling this 
 200:.\Generated_Source\PSoC4/MUX_CTRL_sda.c **** *  function to avoid unintended interrupt requests. Note that the interrupt
 201:.\Generated_Source\PSoC4/MUX_CTRL_sda.c **** *  type is port wide, and therefore will trigger for any enabled pin on the 
 202:.\Generated_Source\PSoC4/MUX_CTRL_sda.c **** *  port.
 203:.\Generated_Source\PSoC4/MUX_CTRL_sda.c **** *
ARM GAS  C:\Users\victo\AppData\Local\Temp\ccbwPXAX.s 			page 27


 204:.\Generated_Source\PSoC4/MUX_CTRL_sda.c **** * \funcusage
 205:.\Generated_Source\PSoC4/MUX_CTRL_sda.c **** *  \snippet MUX_CTRL_sda_SUT.c usage_MUX_CTRL_sda_SetInterruptMode
 206:.\Generated_Source\PSoC4/MUX_CTRL_sda.c **** *******************************************************************************/
 207:.\Generated_Source\PSoC4/MUX_CTRL_sda.c **** void MUX_CTRL_sda_SetInterruptMode(uint16 position, uint16 mode)
 208:.\Generated_Source\PSoC4/MUX_CTRL_sda.c **** {
 415              		.loc 1 208 0
 416              		.cfi_startproc
 417              	.LVL4:
 209:.\Generated_Source\PSoC4/MUX_CTRL_sda.c ****     uint32 intrCfg;
 210:.\Generated_Source\PSoC4/MUX_CTRL_sda.c ****     
 211:.\Generated_Source\PSoC4/MUX_CTRL_sda.c ****     intrCfg =  MUX_CTRL_sda_INTCFG & (uint32)(~(uint32)position);
 418              		.loc 1 211 0
 419 0000 034A     		ldr	r2, .L14
 212:.\Generated_Source\PSoC4/MUX_CTRL_sda.c ****     MUX_CTRL_sda_INTCFG = intrCfg | ((uint32)position & (uint32)mode);
 213:.\Generated_Source\PSoC4/MUX_CTRL_sda.c **** }
 420              		.loc 1 213 0
 421              		@ sp needed
 211:.\Generated_Source\PSoC4/MUX_CTRL_sda.c ****     MUX_CTRL_sda_INTCFG = intrCfg | ((uint32)position & (uint32)mode);
 422              		.loc 1 211 0
 423 0002 1368     		ldr	r3, [r2]
 424              	.LVL5:
 425 0004 8343     		bic	r3, r0
 426              	.LVL6:
 212:.\Generated_Source\PSoC4/MUX_CTRL_sda.c ****     MUX_CTRL_sda_INTCFG = intrCfg | ((uint32)position & (uint32)mode);
 427              		.loc 1 212 0
 428 0006 0840     		and	r0, r1
 429              	.LVL7:
 430 0008 1843     		orr	r0, r3
 431 000a 1060     		str	r0, [r2]
 432              		.loc 1 213 0
 433 000c 7047     		bx	lr
 434              	.L15:
 435 000e C046     		.align	2
 436              	.L14:
 437 0010 0C030440 		.word	1074004748
 438              		.cfi_endproc
 439              	.LFE4:
 440              		.size	MUX_CTRL_sda_SetInterruptMode, .-MUX_CTRL_sda_SetInterruptMode
 441              		.section	.text.MUX_CTRL_sda_ClearInterrupt,"ax",%progbits
 442              		.align	1
 443              		.global	MUX_CTRL_sda_ClearInterrupt
 444              		.code	16
 445              		.thumb_func
 446              		.type	MUX_CTRL_sda_ClearInterrupt, %function
 447              	MUX_CTRL_sda_ClearInterrupt:
 448              	.LFB5:
 214:.\Generated_Source\PSoC4/MUX_CTRL_sda.c **** 
 215:.\Generated_Source\PSoC4/MUX_CTRL_sda.c **** 
 216:.\Generated_Source\PSoC4/MUX_CTRL_sda.c **** /*******************************************************************************
 217:.\Generated_Source\PSoC4/MUX_CTRL_sda.c **** * Function Name: MUX_CTRL_sda_ClearInterrupt
 218:.\Generated_Source\PSoC4/MUX_CTRL_sda.c **** ****************************************************************************//**
 219:.\Generated_Source\PSoC4/MUX_CTRL_sda.c **** *
 220:.\Generated_Source\PSoC4/MUX_CTRL_sda.c **** * \brief Clears any active interrupts attached with the component and returns 
 221:.\Generated_Source\PSoC4/MUX_CTRL_sda.c **** *  the value of the interrupt status register allowing determination of which
 222:.\Generated_Source\PSoC4/MUX_CTRL_sda.c **** *  pins generated an interrupt event.
 223:.\Generated_Source\PSoC4/MUX_CTRL_sda.c **** *
 224:.\Generated_Source\PSoC4/MUX_CTRL_sda.c **** * \return 
ARM GAS  C:\Users\victo\AppData\Local\Temp\ccbwPXAX.s 			page 28


 225:.\Generated_Source\PSoC4/MUX_CTRL_sda.c **** *  The right-shifted current value of the interrupt status register. Each pin 
 226:.\Generated_Source\PSoC4/MUX_CTRL_sda.c **** *  has one bit set if it generated an interrupt event. For example, bit 0 is 
 227:.\Generated_Source\PSoC4/MUX_CTRL_sda.c **** *  for pin 0 and bit 1 is for pin 1 of the Pins component.
 228:.\Generated_Source\PSoC4/MUX_CTRL_sda.c **** *  
 229:.\Generated_Source\PSoC4/MUX_CTRL_sda.c **** * \sideeffect
 230:.\Generated_Source\PSoC4/MUX_CTRL_sda.c **** *  Clears all bits of the physical port's interrupt status register, not just
 231:.\Generated_Source\PSoC4/MUX_CTRL_sda.c **** *  those associated with the Pins component.
 232:.\Generated_Source\PSoC4/MUX_CTRL_sda.c **** *
 233:.\Generated_Source\PSoC4/MUX_CTRL_sda.c **** * \funcusage
 234:.\Generated_Source\PSoC4/MUX_CTRL_sda.c **** *  \snippet MUX_CTRL_sda_SUT.c usage_MUX_CTRL_sda_ClearInterrupt
 235:.\Generated_Source\PSoC4/MUX_CTRL_sda.c **** *******************************************************************************/
 236:.\Generated_Source\PSoC4/MUX_CTRL_sda.c **** uint8 MUX_CTRL_sda_ClearInterrupt(void)
 237:.\Generated_Source\PSoC4/MUX_CTRL_sda.c **** {
 449              		.loc 1 237 0
 450              		.cfi_startproc
 238:.\Generated_Source\PSoC4/MUX_CTRL_sda.c **** 	uint8 maskedStatus = (uint8)(MUX_CTRL_sda_INTSTAT & MUX_CTRL_sda_MASK);
 451              		.loc 1 238 0
 452 0000 0423     		mov	r3, #4
 453 0002 034A     		ldr	r2, .L17
 239:.\Generated_Source\PSoC4/MUX_CTRL_sda.c **** 	MUX_CTRL_sda_INTSTAT = maskedStatus;
 240:.\Generated_Source\PSoC4/MUX_CTRL_sda.c ****     return maskedStatus >> MUX_CTRL_sda_SHIFT;
 241:.\Generated_Source\PSoC4/MUX_CTRL_sda.c **** }
 454              		.loc 1 241 0
 455              		@ sp needed
 238:.\Generated_Source\PSoC4/MUX_CTRL_sda.c **** 	uint8 maskedStatus = (uint8)(MUX_CTRL_sda_INTSTAT & MUX_CTRL_sda_MASK);
 456              		.loc 1 238 0
 457 0004 1068     		ldr	r0, [r2]
 458 0006 1840     		and	r0, r3
 459              	.LVL8:
 239:.\Generated_Source\PSoC4/MUX_CTRL_sda.c **** 	MUX_CTRL_sda_INTSTAT = maskedStatus;
 460              		.loc 1 239 0
 461 0008 1060     		str	r0, [r2]
 240:.\Generated_Source\PSoC4/MUX_CTRL_sda.c **** }
 462              		.loc 1 240 0
 463 000a 8008     		lsr	r0, r0, #2
 464              	.LVL9:
 465 000c C0B2     		uxtb	r0, r0
 466              		.loc 1 241 0
 467 000e 7047     		bx	lr
 468              	.L18:
 469              		.align	2
 470              	.L17:
 471 0010 10030440 		.word	1074004752
 472              		.cfi_endproc
 473              	.LFE5:
 474              		.size	MUX_CTRL_sda_ClearInterrupt, .-MUX_CTRL_sda_ClearInterrupt
 475              		.text
 476              	.Letext0:
 477              		.file 2 ".\\Generated_Source\\PSoC4\\cytypes.h"
 478              		.section	.debug_info,"",%progbits
 479              	.Ldebug_info0:
 480 0000 97010000 		.4byte	0x197
 481 0004 0400     		.2byte	0x4
 482 0006 00000000 		.4byte	.Ldebug_abbrev0
 483 000a 04       		.byte	0x4
 484 000b 01       		.uleb128 0x1
 485 000c 71010000 		.4byte	.LASF27
ARM GAS  C:\Users\victo\AppData\Local\Temp\ccbwPXAX.s 			page 29


 486 0010 01       		.byte	0x1
 487 0011 A8000000 		.4byte	.LASF28
 488 0015 03010000 		.4byte	.LASF29
 489 0019 00000000 		.4byte	.Ldebug_ranges0+0
 490 001d 00000000 		.4byte	0
 491 0021 00000000 		.4byte	.Ldebug_line0
 492 0025 02       		.uleb128 0x2
 493 0026 01       		.byte	0x1
 494 0027 06       		.byte	0x6
 495 0028 6B020000 		.4byte	.LASF0
 496 002c 02       		.uleb128 0x2
 497 002d 01       		.byte	0x1
 498 002e 08       		.byte	0x8
 499 002f 55000000 		.4byte	.LASF1
 500 0033 02       		.uleb128 0x2
 501 0034 02       		.byte	0x2
 502 0035 05       		.byte	0x5
 503 0036 52020000 		.4byte	.LASF2
 504 003a 02       		.uleb128 0x2
 505 003b 02       		.byte	0x2
 506 003c 07       		.byte	0x7
 507 003d 7B000000 		.4byte	.LASF3
 508 0041 02       		.uleb128 0x2
 509 0042 04       		.byte	0x4
 510 0043 05       		.byte	0x5
 511 0044 62020000 		.4byte	.LASF4
 512 0048 02       		.uleb128 0x2
 513 0049 04       		.byte	0x4
 514 004a 07       		.byte	0x7
 515 004b 69000000 		.4byte	.LASF5
 516 004f 02       		.uleb128 0x2
 517 0050 08       		.byte	0x8
 518 0051 05       		.byte	0x5
 519 0052 32020000 		.4byte	.LASF6
 520 0056 02       		.uleb128 0x2
 521 0057 08       		.byte	0x8
 522 0058 07       		.byte	0x7
 523 0059 5A010000 		.4byte	.LASF7
 524 005d 03       		.uleb128 0x3
 525 005e 04       		.byte	0x4
 526 005f 05       		.byte	0x5
 527 0060 696E7400 		.ascii	"int\000"
 528 0064 02       		.uleb128 0x2
 529 0065 04       		.byte	0x4
 530 0066 07       		.byte	0x7
 531 0067 F6000000 		.4byte	.LASF8
 532 006b 04       		.uleb128 0x4
 533 006c 5C020000 		.4byte	.LASF9
 534 0070 02       		.byte	0x2
 535 0071 9801     		.2byte	0x198
 536 0073 2C000000 		.4byte	0x2c
 537 0077 04       		.uleb128 0x4
 538 0078 D7000000 		.4byte	.LASF10
 539 007c 02       		.byte	0x2
 540 007d 9901     		.2byte	0x199
 541 007f 3A000000 		.4byte	0x3a
 542 0083 04       		.uleb128 0x4
ARM GAS  C:\Users\victo\AppData\Local\Temp\ccbwPXAX.s 			page 30


 543 0084 E7000000 		.4byte	.LASF11
 544 0088 02       		.byte	0x2
 545 0089 9A01     		.2byte	0x19a
 546 008b 48000000 		.4byte	0x48
 547 008f 02       		.uleb128 0x2
 548 0090 04       		.byte	0x4
 549 0091 04       		.byte	0x4
 550 0092 4F000000 		.4byte	.LASF12
 551 0096 02       		.uleb128 0x2
 552 0097 08       		.byte	0x8
 553 0098 04       		.byte	0x4
 554 0099 D0000000 		.4byte	.LASF13
 555 009d 02       		.uleb128 0x2
 556 009e 01       		.byte	0x1
 557 009f 08       		.byte	0x8
 558 00a0 4D020000 		.4byte	.LASF14
 559 00a4 04       		.uleb128 0x4
 560 00a5 00000000 		.4byte	.LASF15
 561 00a9 02       		.byte	0x2
 562 00aa 4402     		.2byte	0x244
 563 00ac B0000000 		.4byte	0xb0
 564 00b0 05       		.uleb128 0x5
 565 00b1 83000000 		.4byte	0x83
 566 00b5 06       		.uleb128 0x6
 567 00b6 8E000000 		.4byte	.LASF16
 568 00ba 01       		.byte	0x1
 569 00bb 48       		.byte	0x48
 570 00bc 00000000 		.4byte	.LFB0
 571 00c0 18000000 		.4byte	.LFE0-.LFB0
 572 00c4 01       		.uleb128 0x1
 573 00c5 9C       		.byte	0x9c
 574 00c6 DA000000 		.4byte	0xda
 575 00ca 07       		.uleb128 0x7
 576 00cb 2D020000 		.4byte	.LASF18
 577 00cf 01       		.byte	0x1
 578 00d0 48       		.byte	0x48
 579 00d1 6B000000 		.4byte	0x6b
 580 00d5 00000000 		.4byte	.LLST0
 581 00d9 00       		.byte	0
 582 00da 06       		.uleb128 0x6
 583 00db 18000000 		.4byte	.LASF17
 584 00df 01       		.byte	0x1
 585 00e0 6F       		.byte	0x6f
 586 00e1 00000000 		.4byte	.LFB1
 587 00e5 18000000 		.4byte	.LFE1-.LFB1
 588 00e9 01       		.uleb128 0x1
 589 00ea 9C       		.byte	0x9c
 590 00eb 0A010000 		.4byte	0x10a
 591 00ef 07       		.uleb128 0x7
 592 00f0 2B000000 		.4byte	.LASF19
 593 00f4 01       		.byte	0x1
 594 00f5 6F       		.byte	0x6f
 595 00f6 6B000000 		.4byte	0x6b
 596 00fa 21000000 		.4byte	.LLST1
 597 00fe 08       		.uleb128 0x8
 598 00ff 63000000 		.4byte	.LASF30
 599 0103 01       		.byte	0x1
ARM GAS  C:\Users\victo\AppData\Local\Temp\ccbwPXAX.s 			page 31


 600 0104 71       		.byte	0x71
 601 0105 6B000000 		.4byte	0x6b
 602 0109 00       		.byte	0
 603 010a 09       		.uleb128 0x9
 604 010b 06000000 		.4byte	.LASF20
 605 010f 01       		.byte	0x1
 606 0110 88       		.byte	0x88
 607 0111 6B000000 		.4byte	0x6b
 608 0115 00000000 		.4byte	.LFB2
 609 0119 10000000 		.4byte	.LFE2-.LFB2
 610 011d 01       		.uleb128 0x1
 611 011e 9C       		.byte	0x9c
 612 011f 09       		.uleb128 0x9
 613 0120 77020000 		.4byte	.LASF21
 614 0124 01       		.byte	0x1
 615 0125 A4       		.byte	0xa4
 616 0126 6B000000 		.4byte	0x6b
 617 012a 00000000 		.4byte	.LFB3
 618 012e 10000000 		.4byte	.LFE3-.LFB3
 619 0132 01       		.uleb128 0x1
 620 0133 9C       		.byte	0x9c
 621 0134 06       		.uleb128 0x6
 622 0135 31000000 		.4byte	.LASF22
 623 0139 01       		.byte	0x1
 624 013a CF       		.byte	0xcf
 625 013b 00000000 		.4byte	.LFB4
 626 013f 14000000 		.4byte	.LFE4-.LFB4
 627 0143 01       		.uleb128 0x1
 628 0144 9C       		.byte	0x9c
 629 0145 75010000 		.4byte	0x175
 630 0149 07       		.uleb128 0x7
 631 014a DE000000 		.4byte	.LASF23
 632 014e 01       		.byte	0x1
 633 014f CF       		.byte	0xcf
 634 0150 77000000 		.4byte	0x77
 635 0154 42000000 		.4byte	.LLST2
 636 0158 0A       		.uleb128 0xa
 637 0159 2D020000 		.4byte	.LASF18
 638 015d 01       		.byte	0x1
 639 015e CF       		.byte	0xcf
 640 015f 77000000 		.4byte	0x77
 641 0163 01       		.uleb128 0x1
 642 0164 51       		.byte	0x51
 643 0165 0B       		.uleb128 0xb
 644 0166 EE000000 		.4byte	.LASF25
 645 016a 01       		.byte	0x1
 646 016b D1       		.byte	0xd1
 647 016c 83000000 		.4byte	0x83
 648 0170 63000000 		.4byte	.LLST3
 649 0174 00       		.byte	0
 650 0175 0C       		.uleb128 0xc
 651 0176 90020000 		.4byte	.LASF24
 652 017a 01       		.byte	0x1
 653 017b EC       		.byte	0xec
 654 017c 6B000000 		.4byte	0x6b
 655 0180 00000000 		.4byte	.LFB5
 656 0184 14000000 		.4byte	.LFE5-.LFB5
ARM GAS  C:\Users\victo\AppData\Local\Temp\ccbwPXAX.s 			page 32


 657 0188 01       		.uleb128 0x1
 658 0189 9C       		.byte	0x9c
 659 018a 0B       		.uleb128 0xb
 660 018b 40020000 		.4byte	.LASF26
 661 018f 01       		.byte	0x1
 662 0190 EE       		.byte	0xee
 663 0191 6B000000 		.4byte	0x6b
 664 0195 80000000 		.4byte	.LLST4
 665 0199 00       		.byte	0
 666 019a 00       		.byte	0
 667              		.section	.debug_abbrev,"",%progbits
 668              	.Ldebug_abbrev0:
 669 0000 01       		.uleb128 0x1
 670 0001 11       		.uleb128 0x11
 671 0002 01       		.byte	0x1
 672 0003 25       		.uleb128 0x25
 673 0004 0E       		.uleb128 0xe
 674 0005 13       		.uleb128 0x13
 675 0006 0B       		.uleb128 0xb
 676 0007 03       		.uleb128 0x3
 677 0008 0E       		.uleb128 0xe
 678 0009 1B       		.uleb128 0x1b
 679 000a 0E       		.uleb128 0xe
 680 000b 55       		.uleb128 0x55
 681 000c 17       		.uleb128 0x17
 682 000d 11       		.uleb128 0x11
 683 000e 01       		.uleb128 0x1
 684 000f 10       		.uleb128 0x10
 685 0010 17       		.uleb128 0x17
 686 0011 00       		.byte	0
 687 0012 00       		.byte	0
 688 0013 02       		.uleb128 0x2
 689 0014 24       		.uleb128 0x24
 690 0015 00       		.byte	0
 691 0016 0B       		.uleb128 0xb
 692 0017 0B       		.uleb128 0xb
 693 0018 3E       		.uleb128 0x3e
 694 0019 0B       		.uleb128 0xb
 695 001a 03       		.uleb128 0x3
 696 001b 0E       		.uleb128 0xe
 697 001c 00       		.byte	0
 698 001d 00       		.byte	0
 699 001e 03       		.uleb128 0x3
 700 001f 24       		.uleb128 0x24
 701 0020 00       		.byte	0
 702 0021 0B       		.uleb128 0xb
 703 0022 0B       		.uleb128 0xb
 704 0023 3E       		.uleb128 0x3e
 705 0024 0B       		.uleb128 0xb
 706 0025 03       		.uleb128 0x3
 707 0026 08       		.uleb128 0x8
 708 0027 00       		.byte	0
 709 0028 00       		.byte	0
 710 0029 04       		.uleb128 0x4
 711 002a 16       		.uleb128 0x16
 712 002b 00       		.byte	0
 713 002c 03       		.uleb128 0x3
ARM GAS  C:\Users\victo\AppData\Local\Temp\ccbwPXAX.s 			page 33


 714 002d 0E       		.uleb128 0xe
 715 002e 3A       		.uleb128 0x3a
 716 002f 0B       		.uleb128 0xb
 717 0030 3B       		.uleb128 0x3b
 718 0031 05       		.uleb128 0x5
 719 0032 49       		.uleb128 0x49
 720 0033 13       		.uleb128 0x13
 721 0034 00       		.byte	0
 722 0035 00       		.byte	0
 723 0036 05       		.uleb128 0x5
 724 0037 35       		.uleb128 0x35
 725 0038 00       		.byte	0
 726 0039 49       		.uleb128 0x49
 727 003a 13       		.uleb128 0x13
 728 003b 00       		.byte	0
 729 003c 00       		.byte	0
 730 003d 06       		.uleb128 0x6
 731 003e 2E       		.uleb128 0x2e
 732 003f 01       		.byte	0x1
 733 0040 3F       		.uleb128 0x3f
 734 0041 19       		.uleb128 0x19
 735 0042 03       		.uleb128 0x3
 736 0043 0E       		.uleb128 0xe
 737 0044 3A       		.uleb128 0x3a
 738 0045 0B       		.uleb128 0xb
 739 0046 3B       		.uleb128 0x3b
 740 0047 0B       		.uleb128 0xb
 741 0048 27       		.uleb128 0x27
 742 0049 19       		.uleb128 0x19
 743 004a 11       		.uleb128 0x11
 744 004b 01       		.uleb128 0x1
 745 004c 12       		.uleb128 0x12
 746 004d 06       		.uleb128 0x6
 747 004e 40       		.uleb128 0x40
 748 004f 18       		.uleb128 0x18
 749 0050 9742     		.uleb128 0x2117
 750 0052 19       		.uleb128 0x19
 751 0053 01       		.uleb128 0x1
 752 0054 13       		.uleb128 0x13
 753 0055 00       		.byte	0
 754 0056 00       		.byte	0
 755 0057 07       		.uleb128 0x7
 756 0058 05       		.uleb128 0x5
 757 0059 00       		.byte	0
 758 005a 03       		.uleb128 0x3
 759 005b 0E       		.uleb128 0xe
 760 005c 3A       		.uleb128 0x3a
 761 005d 0B       		.uleb128 0xb
 762 005e 3B       		.uleb128 0x3b
 763 005f 0B       		.uleb128 0xb
 764 0060 49       		.uleb128 0x49
 765 0061 13       		.uleb128 0x13
 766 0062 02       		.uleb128 0x2
 767 0063 17       		.uleb128 0x17
 768 0064 00       		.byte	0
 769 0065 00       		.byte	0
 770 0066 08       		.uleb128 0x8
ARM GAS  C:\Users\victo\AppData\Local\Temp\ccbwPXAX.s 			page 34


 771 0067 34       		.uleb128 0x34
 772 0068 00       		.byte	0
 773 0069 03       		.uleb128 0x3
 774 006a 0E       		.uleb128 0xe
 775 006b 3A       		.uleb128 0x3a
 776 006c 0B       		.uleb128 0xb
 777 006d 3B       		.uleb128 0x3b
 778 006e 0B       		.uleb128 0xb
 779 006f 49       		.uleb128 0x49
 780 0070 13       		.uleb128 0x13
 781 0071 00       		.byte	0
 782 0072 00       		.byte	0
 783 0073 09       		.uleb128 0x9
 784 0074 2E       		.uleb128 0x2e
 785 0075 00       		.byte	0
 786 0076 3F       		.uleb128 0x3f
 787 0077 19       		.uleb128 0x19
 788 0078 03       		.uleb128 0x3
 789 0079 0E       		.uleb128 0xe
 790 007a 3A       		.uleb128 0x3a
 791 007b 0B       		.uleb128 0xb
 792 007c 3B       		.uleb128 0x3b
 793 007d 0B       		.uleb128 0xb
 794 007e 27       		.uleb128 0x27
 795 007f 19       		.uleb128 0x19
 796 0080 49       		.uleb128 0x49
 797 0081 13       		.uleb128 0x13
 798 0082 11       		.uleb128 0x11
 799 0083 01       		.uleb128 0x1
 800 0084 12       		.uleb128 0x12
 801 0085 06       		.uleb128 0x6
 802 0086 40       		.uleb128 0x40
 803 0087 18       		.uleb128 0x18
 804 0088 9742     		.uleb128 0x2117
 805 008a 19       		.uleb128 0x19
 806 008b 00       		.byte	0
 807 008c 00       		.byte	0
 808 008d 0A       		.uleb128 0xa
 809 008e 05       		.uleb128 0x5
 810 008f 00       		.byte	0
 811 0090 03       		.uleb128 0x3
 812 0091 0E       		.uleb128 0xe
 813 0092 3A       		.uleb128 0x3a
 814 0093 0B       		.uleb128 0xb
 815 0094 3B       		.uleb128 0x3b
 816 0095 0B       		.uleb128 0xb
 817 0096 49       		.uleb128 0x49
 818 0097 13       		.uleb128 0x13
 819 0098 02       		.uleb128 0x2
 820 0099 18       		.uleb128 0x18
 821 009a 00       		.byte	0
 822 009b 00       		.byte	0
 823 009c 0B       		.uleb128 0xb
 824 009d 34       		.uleb128 0x34
 825 009e 00       		.byte	0
 826 009f 03       		.uleb128 0x3
 827 00a0 0E       		.uleb128 0xe
ARM GAS  C:\Users\victo\AppData\Local\Temp\ccbwPXAX.s 			page 35


 828 00a1 3A       		.uleb128 0x3a
 829 00a2 0B       		.uleb128 0xb
 830 00a3 3B       		.uleb128 0x3b
 831 00a4 0B       		.uleb128 0xb
 832 00a5 49       		.uleb128 0x49
 833 00a6 13       		.uleb128 0x13
 834 00a7 02       		.uleb128 0x2
 835 00a8 17       		.uleb128 0x17
 836 00a9 00       		.byte	0
 837 00aa 00       		.byte	0
 838 00ab 0C       		.uleb128 0xc
 839 00ac 2E       		.uleb128 0x2e
 840 00ad 01       		.byte	0x1
 841 00ae 3F       		.uleb128 0x3f
 842 00af 19       		.uleb128 0x19
 843 00b0 03       		.uleb128 0x3
 844 00b1 0E       		.uleb128 0xe
 845 00b2 3A       		.uleb128 0x3a
 846 00b3 0B       		.uleb128 0xb
 847 00b4 3B       		.uleb128 0x3b
 848 00b5 0B       		.uleb128 0xb
 849 00b6 27       		.uleb128 0x27
 850 00b7 19       		.uleb128 0x19
 851 00b8 49       		.uleb128 0x49
 852 00b9 13       		.uleb128 0x13
 853 00ba 11       		.uleb128 0x11
 854 00bb 01       		.uleb128 0x1
 855 00bc 12       		.uleb128 0x12
 856 00bd 06       		.uleb128 0x6
 857 00be 40       		.uleb128 0x40
 858 00bf 18       		.uleb128 0x18
 859 00c0 9742     		.uleb128 0x2117
 860 00c2 19       		.uleb128 0x19
 861 00c3 00       		.byte	0
 862 00c4 00       		.byte	0
 863 00c5 00       		.byte	0
 864              		.section	.debug_loc,"",%progbits
 865              	.Ldebug_loc0:
 866              	.LLST0:
 867 0000 00000000 		.4byte	.LVL0
 868 0004 08000000 		.4byte	.LVL1
 869 0008 0100     		.2byte	0x1
 870 000a 50       		.byte	0x50
 871 000b 08000000 		.4byte	.LVL1
 872 000f 18000000 		.4byte	.LFE0
 873 0013 0400     		.2byte	0x4
 874 0015 F3       		.byte	0xf3
 875 0016 01       		.uleb128 0x1
 876 0017 50       		.byte	0x50
 877 0018 9F       		.byte	0x9f
 878 0019 00000000 		.4byte	0
 879 001d 00000000 		.4byte	0
 880              	.LLST1:
 881 0021 00000000 		.4byte	.LVL2
 882 0025 06000000 		.4byte	.LVL3
 883 0029 0100     		.2byte	0x1
 884 002b 50       		.byte	0x50
ARM GAS  C:\Users\victo\AppData\Local\Temp\ccbwPXAX.s 			page 36


 885 002c 06000000 		.4byte	.LVL3
 886 0030 18000000 		.4byte	.LFE1
 887 0034 0400     		.2byte	0x4
 888 0036 F3       		.byte	0xf3
 889 0037 01       		.uleb128 0x1
 890 0038 50       		.byte	0x50
 891 0039 9F       		.byte	0x9f
 892 003a 00000000 		.4byte	0
 893 003e 00000000 		.4byte	0
 894              	.LLST2:
 895 0042 00000000 		.4byte	.LVL4
 896 0046 08000000 		.4byte	.LVL7
 897 004a 0100     		.2byte	0x1
 898 004c 50       		.byte	0x50
 899 004d 08000000 		.4byte	.LVL7
 900 0051 14000000 		.4byte	.LFE4
 901 0055 0400     		.2byte	0x4
 902 0057 F3       		.byte	0xf3
 903 0058 01       		.uleb128 0x1
 904 0059 50       		.byte	0x50
 905 005a 9F       		.byte	0x9f
 906 005b 00000000 		.4byte	0
 907 005f 00000000 		.4byte	0
 908              	.LLST3:
 909 0063 04000000 		.4byte	.LVL5
 910 0067 06000000 		.4byte	.LVL6
 911 006b 0B00     		.2byte	0xb
 912 006d 70       		.byte	0x70
 913 006e 00       		.sleb128 0
 914 006f 0A       		.byte	0xa
 915 0070 FFFF     		.2byte	0xffff
 916 0072 1A       		.byte	0x1a
 917 0073 20       		.byte	0x20
 918 0074 73       		.byte	0x73
 919 0075 00       		.sleb128 0
 920 0076 1A       		.byte	0x1a
 921 0077 9F       		.byte	0x9f
 922 0078 00000000 		.4byte	0
 923 007c 00000000 		.4byte	0
 924              	.LLST4:
 925 0080 08000000 		.4byte	.LVL8
 926 0084 0C000000 		.4byte	.LVL9
 927 0088 0100     		.2byte	0x1
 928 008a 50       		.byte	0x50
 929 008b 0C000000 		.4byte	.LVL9
 930 008f 14000000 		.4byte	.LFE5
 931 0093 0400     		.2byte	0x4
 932 0095 72       		.byte	0x72
 933 0096 00       		.sleb128 0
 934 0097 06       		.byte	0x6
 935 0098 9F       		.byte	0x9f
 936 0099 00000000 		.4byte	0
 937 009d 00000000 		.4byte	0
 938              		.section	.debug_aranges,"",%progbits
 939 0000 44000000 		.4byte	0x44
 940 0004 0200     		.2byte	0x2
 941 0006 00000000 		.4byte	.Ldebug_info0
ARM GAS  C:\Users\victo\AppData\Local\Temp\ccbwPXAX.s 			page 37


 942 000a 04       		.byte	0x4
 943 000b 00       		.byte	0
 944 000c 0000     		.2byte	0
 945 000e 0000     		.2byte	0
 946 0010 00000000 		.4byte	.LFB0
 947 0014 18000000 		.4byte	.LFE0-.LFB0
 948 0018 00000000 		.4byte	.LFB1
 949 001c 18000000 		.4byte	.LFE1-.LFB1
 950 0020 00000000 		.4byte	.LFB2
 951 0024 10000000 		.4byte	.LFE2-.LFB2
 952 0028 00000000 		.4byte	.LFB3
 953 002c 10000000 		.4byte	.LFE3-.LFB3
 954 0030 00000000 		.4byte	.LFB4
 955 0034 14000000 		.4byte	.LFE4-.LFB4
 956 0038 00000000 		.4byte	.LFB5
 957 003c 14000000 		.4byte	.LFE5-.LFB5
 958 0040 00000000 		.4byte	0
 959 0044 00000000 		.4byte	0
 960              		.section	.debug_ranges,"",%progbits
 961              	.Ldebug_ranges0:
 962 0000 00000000 		.4byte	.LFB0
 963 0004 18000000 		.4byte	.LFE0
 964 0008 00000000 		.4byte	.LFB1
 965 000c 18000000 		.4byte	.LFE1
 966 0010 00000000 		.4byte	.LFB2
 967 0014 10000000 		.4byte	.LFE2
 968 0018 00000000 		.4byte	.LFB3
 969 001c 10000000 		.4byte	.LFE3
 970 0020 00000000 		.4byte	.LFB4
 971 0024 14000000 		.4byte	.LFE4
 972 0028 00000000 		.4byte	.LFB5
 973 002c 14000000 		.4byte	.LFE5
 974 0030 00000000 		.4byte	0
 975 0034 00000000 		.4byte	0
 976              		.section	.debug_line,"",%progbits
 977              	.Ldebug_line0:
 978 0000 CE000000 		.section	.debug_str,"MS",%progbits,1
 978      02004B00 
 978      00000201 
 978      FB0E0D00 
 978      01010101 
 979              	.LASF15:
 980 0000 72656733 		.ascii	"reg32\000"
 980      3200
 981              	.LASF20:
 982 0006 4D55585F 		.ascii	"MUX_CTRL_sda_Read\000"
 982      4354524C 
 982      5F736461 
 982      5F526561 
 982      6400
 983              	.LASF17:
 984 0018 4D55585F 		.ascii	"MUX_CTRL_sda_Write\000"
 984      4354524C 
 984      5F736461 
 984      5F577269 
 984      746500
 985              	.LASF19:
ARM GAS  C:\Users\victo\AppData\Local\Temp\ccbwPXAX.s 			page 38


 986 002b 76616C75 		.ascii	"value\000"
 986      6500
 987              	.LASF22:
 988 0031 4D55585F 		.ascii	"MUX_CTRL_sda_SetInterruptMode\000"
 988      4354524C 
 988      5F736461 
 988      5F536574 
 988      496E7465 
 989              	.LASF12:
 990 004f 666C6F61 		.ascii	"float\000"
 990      7400
 991              	.LASF1:
 992 0055 756E7369 		.ascii	"unsigned char\000"
 992      676E6564 
 992      20636861 
 992      7200
 993              	.LASF30:
 994 0063 64725661 		.ascii	"drVal\000"
 994      6C00
 995              	.LASF5:
 996 0069 6C6F6E67 		.ascii	"long unsigned int\000"
 996      20756E73 
 996      69676E65 
 996      6420696E 
 996      7400
 997              	.LASF3:
 998 007b 73686F72 		.ascii	"short unsigned int\000"
 998      7420756E 
 998      7369676E 
 998      65642069 
 998      6E7400
 999              	.LASF16:
 1000 008e 4D55585F 		.ascii	"MUX_CTRL_sda_SetDriveMode\000"
 1000      4354524C 
 1000      5F736461 
 1000      5F536574 
 1000      44726976 
 1001              	.LASF28:
 1002 00a8 2E5C4765 		.ascii	".\\Generated_Source\\PSoC4\\MUX_CTRL_sda.c\000"
 1002      6E657261 
 1002      7465645F 
 1002      536F7572 
 1002      63655C50 
 1003              	.LASF13:
 1004 00d0 646F7562 		.ascii	"double\000"
 1004      6C6500
 1005              	.LASF10:
 1006 00d7 75696E74 		.ascii	"uint16\000"
 1006      313600
 1007              	.LASF23:
 1008 00de 706F7369 		.ascii	"position\000"
 1008      74696F6E 
 1008      00
 1009              	.LASF11:
 1010 00e7 75696E74 		.ascii	"uint32\000"
 1010      333200
 1011              	.LASF25:
ARM GAS  C:\Users\victo\AppData\Local\Temp\ccbwPXAX.s 			page 39


 1012 00ee 696E7472 		.ascii	"intrCfg\000"
 1012      43666700 
 1013              	.LASF8:
 1014 00f6 756E7369 		.ascii	"unsigned int\000"
 1014      676E6564 
 1014      20696E74 
 1014      00
 1015              	.LASF29:
 1016 0103 433A5C76 		.ascii	"C:\\victor0617\\github_code\\CY4541\\CYPD4225-40LQX"
 1016      6963746F 
 1016      72303631 
 1016      375C6769 
 1016      74687562 
 1017 0132 495F3038 		.ascii	"I_0805\\CYPD4225-40LQXI_notebook01.cydsn\000"
 1017      30355C43 
 1017      59504434 
 1017      3232352D 
 1017      34304C51 
 1018              	.LASF7:
 1019 015a 6C6F6E67 		.ascii	"long long unsigned int\000"
 1019      206C6F6E 
 1019      6720756E 
 1019      7369676E 
 1019      65642069 
 1020              	.LASF27:
 1021 0171 474E5520 		.ascii	"GNU C 4.9.3 20150303 (release) [ARM/embedded-4_9-br"
 1021      4320342E 
 1021      392E3320 
 1021      32303135 
 1021      30333033 
 1022 01a4 616E6368 		.ascii	"anch revision 221220] -mcpu=cortex-m0 -mthumb -g -O"
 1022      20726576 
 1022      6973696F 
 1022      6E203232 
 1022      31323230 
 1023 01d7 73202D66 		.ascii	"s -ffunction-sections -finline-functions -flto -ffa"
 1023      66756E63 
 1023      74696F6E 
 1023      2D736563 
 1023      74696F6E 
 1024 020a 742D6C74 		.ascii	"t-lto-objects -fno-strict-aliasing\000"
 1024      6F2D6F62 
 1024      6A656374 
 1024      73202D66 
 1024      6E6F2D73 
 1025              	.LASF18:
 1026 022d 6D6F6465 		.ascii	"mode\000"
 1026      00
 1027              	.LASF6:
 1028 0232 6C6F6E67 		.ascii	"long long int\000"
 1028      206C6F6E 
 1028      6720696E 
 1028      7400
 1029              	.LASF26:
 1030 0240 6D61736B 		.ascii	"maskedStatus\000"
 1030      65645374 
 1030      61747573 
ARM GAS  C:\Users\victo\AppData\Local\Temp\ccbwPXAX.s 			page 40


 1030      00
 1031              	.LASF14:
 1032 024d 63686172 		.ascii	"char\000"
 1032      00
 1033              	.LASF2:
 1034 0252 73686F72 		.ascii	"short int\000"
 1034      7420696E 
 1034      7400
 1035              	.LASF9:
 1036 025c 75696E74 		.ascii	"uint8\000"
 1036      3800
 1037              	.LASF4:
 1038 0262 6C6F6E67 		.ascii	"long int\000"
 1038      20696E74 
 1038      00
 1039              	.LASF0:
 1040 026b 7369676E 		.ascii	"signed char\000"
 1040      65642063 
 1040      68617200 
 1041              	.LASF21:
 1042 0277 4D55585F 		.ascii	"MUX_CTRL_sda_ReadDataReg\000"
 1042      4354524C 
 1042      5F736461 
 1042      5F526561 
 1042      64446174 
 1043              	.LASF24:
 1044 0290 4D55585F 		.ascii	"MUX_CTRL_sda_ClearInterrupt\000"
 1044      4354524C 
 1044      5F736461 
 1044      5F436C65 
 1044      6172496E 
 1045              		.comm	__gnu_lto_v1,1,1
 1046              		.ident	"GCC: (GNU Tools for ARM Embedded Processors) 4.9.3 20150303 (release) [ARM/embedded-4_9-br
