ARM GAS  C:\Users\victo\AppData\Local\Temp\ccH8uaGk.s 			page 1


   1              		.cpu cortex-m0
   2              		.fpu softvfp
   3              		.eabi_attribute 20, 1
   4              		.eabi_attribute 21, 1
   5              		.eabi_attribute 23, 3
   6              		.eabi_attribute 24, 1
   7              		.eabi_attribute 25, 1
   8              		.eabi_attribute 26, 1
   9              		.eabi_attribute 30, 4
  10              		.eabi_attribute 34, 0
  11              		.eabi_attribute 18, 4
  12              		.code	16
  13              		.file	"OCP_FAULT_P1.c"
  14              		.text
  15              	.Ltext0:
  16              		.section	.gnu.lto_.profile.91bc9445,"",%progbits
  17 0000 789C6366 		.ascii	"x\234cf```a\200\000F\006uE\000\000\343\000Q"
  17      60606061 
  17      80004606 
  17      75450000 
  17      E30051
  18              		.text
  19              		.section	.gnu.lto_.jmpfuncs.91bc9445,"",%progbits
  20 0000 789C6366 		.ascii	"x\234cf\300\016d\2404\033\003##c=#\210`b``f``abdd\256"
  20      C00E64A0 
  20      341B0323 
  20      23633D23 
  20      88606260 
  21 001d AF6705CA 		.ascii	"\257g\005\312\001\000 \267\002>"
  21      010020B7 
  21      023E
  22              		.text
  23              		.section	.gnu.lto_.inline.91bc9445,"",%progbits
  24 0000 789C6366 		.ascii	"x\234cf\300\016f@i6\006\006\016vFF\006F\006\006f\216"
  24      C00E6640 
  24      69360606 
  24      0E764646 
  24      06460606 
  25 0016 03760C6C 		.ascii	"\003v\014l\013\344\231\030\230.\360\263\200$\031\031"
  25      0BE49918 
  25      982EF0B3 
  25      80241919 
  26 0026 3839D0E5 		.ascii	"89\320\345X\026\310\203\345\230\030\330X\031\031\230"
  26      5816C883 
  26      E59818D8 
  26      58191998 
  27 0036 D83EE841 		.ascii	"\330>\350A\304\201\200\031S\210\005d\002\023\310\004"
  27      C4818019 
  27      53880564 
  27      0213C804 
  28 0046 A0390C2C 		.ascii	"\2409\014,\2506\000\011\036\220\"V\006v6\240>\270$\010"
  28      A8360009 
  28      1E902256 
  28      067636A0 
  28      3EB82408 
  29 005a 0000BE90 		.ascii	"\000\000\276\220\017\254"
  29      0FAC
ARM GAS  C:\Users\victo\AppData\Local\Temp\ccH8uaGk.s 			page 2


  30              		.text
  31              		.section	.gnu.lto_.pureconst.91bc9445,"",%progbits
  32 0000 789C6366 		.ascii	"x\234cf``\340e\200\0006\006)F)&)f)\026)V)\000\005\261"
  32      6060E065 
  32      80003606 
  32      29462926 
  32      29662916 
  33 001a 00C2     		.ascii	"\000\302"
  34              		.text
  35              		.section	.gnu.lto_OCP_FAULT_P1_SetDriveMode.91bc9445,"",%progbits
  36 0000 789C7D51 		.ascii	"x\234}QMkSA\024\275g\336\313K4\232\026\227\331\327\266"
  36      4D6B5341 
  36      14BD67DE 
  36      CB4B349A 
  36      1697D9D7 
  37 0015 5422823F 		.ascii	"T\"\202?@\011\330M\301@\332] \225\364A75\020t\235\311"
  37      4009D84D 
  37      C140DA5D 
  37      2095F441 
  37      37351074 
  38 002b 87A2AE52 		.ascii	"\207\242\256Rqa)\241\213R\322\357\317E7\026B\026\256"
  38      716129A1 
  38      8B52D2EF 
  38      CF453716 
  38      4216AE
  39 003e A492161B 		.ascii	"\244\222\026\033\014\022A\"\246\273\204\2101\213\030"
  39      0C124122 
  39      A6BB8488 
  39      318B18
  40 004d EF4DB213 		.ascii	"\357M\262\023\034\230;w\016\347\234w\336\035\203\376"
  40      1C983B77 
  40      0EE79C77 
  40      DE1D83FE 
  41 005d 5D5EDEEF 		.ascii	"]^\336\357@t\233O\030\004\2259%J\270\024 \015\201\342"
  41      40749B4F 
  41      18049539 
  41      254AB814 
  41      200D81E2 
  42 0071 0A715CAA 		.ascii	"\012q\\\252\206B&\277\365\326=\272\246\265\256'\217"
  42      864226BF 
  42      F5D63DBA 
  42      A6B5AE27 
  42      8F
  43 0082 E6F59BD9 		.ascii	"\346\365\233\331\266\"j\252\276\017r\030e\316\217\366"
  43      B6226AAA 
  43      BE0F7218 
  43      65CE8FF6 
  44 0092 65EEBA31 		.ascii	"e\356\2721\001\342\276\263X:S#\253Z'\363\345]}\017m"
  44      01E2BEB3 
  44      583A5323 
  44      AB5A27F3 
  44      E55D7D0F 
  45 00a7 365D87C1 		.ascii	"6]\207\301\012\334\362b\334K\014\02060\"\344F\272Sr"
  45      0ADCF262 
  45      DC4B0C10 
  45      363022E4 
  45      46BA5372 
ARM GAS  C:\Users\victo\AppData\Local\Temp\ccH8uaGk.s 			page 3


  46 00bb 5B69361F 		.ascii	"[i6\037\356{b\023\026\347\242\275\033y\335\3556?\024"
  46      EE7B6213 
  46      16E7A2BD 
  46      1B79DDED 
  46      363F14
  47 00ce 6B377145 		.ascii	"k7qE\261F\031RL\210\322!\255%\305)\205\250\312[\202"
  47      B1461952 
  47      4C88D221 
  47      AD25C529 
  47      85A8CA5B 
  48 00e3 7FE70B9F 		.ascii	"\177\347\013\237F\031\205_\257.\226,qk)\371\213\303"
  48      4619855F 
  48      AF2E962C 
  48      716B29F9 
  48      8BC3
  49 00f5 CFDFC66B 		.ascii	"\317\337\306k\252\255\214\027\311\2146\345\323_\253"
  49      AAAD8C17 
  49      C98C36E5 
  49      D35FAB
  50 0104 1F8BAE1E 		.ascii	"\037\213\256\036Dr=8<9\365d\261\234Hsb\023[\360b\033"
  50      44723D38 
  50      3C39F564 
  50      B19C4873 
  50      62135BF0 
  51 011a 3C26EC20 		.ascii	"<&\354 \013*#\365{\340f\364\015\237\177:\257xD\256\272"
  51      0B2A23F5 
  51      7BE066F4 
  51      0D9F7F3A 
  51      AF7844AE 
  52 012f 2B7FBA43 		.ascii	"+\177\272C\204]f\227\221\2548\3734GK\231\"\3732\220"
  52      845D6697 
  52      91AC38FB 
  52      34474B99 
  52      22FB3290 
  53 0143 09C4B2D6 		.ascii	"\011\304\262\326\263\372\313\253\"s\\#\354\365$\251"
  53      B3FACBAB 
  53      22735C23 
  53      ECF524A9 
  54 0153 9F038AB3 		.ascii	"\237\003\212\263gn1Tx\015\201\376\027k\237c\261\204"
  54      676E3154 
  54      780D81FE 
  54      176B9F63 
  54      B184
  55 0165 2A48E48F 		.ascii	"*H\344\217\337+\241\313\203Ty\270<\001\236\307\230/"
  55      DF2BA1CB 
  55      835479B8 
  55      3C019EC7 
  55      982F
  56 0177 34693FB6 		.ascii	"4i?\266c\217\236\330s\341`\364i,b\207\002\301\250\377"
  56      638F9ED8 
  56      73E160F4 
  56      692C6287 
  56      02C1A8FF 
  57 018b 6EE8A13F 		.ascii	"n\350\241?\020~p\177fj:\034\270\343\213\220\271\020"
  57      107E707F 
  57      666A3A1C 
  57      B8E38B90 
ARM GAS  C:\Users\victo\AppData\Local\Temp\ccH8uaGk.s 			page 4


  57      B910
  58 019d 9DB3FF02 		.ascii	"\235\263\377\002\265\201\247\355"
  58      B581A7ED 
  59              		.text
  60              		.section	.gnu.lto_OCP_FAULT_P1_Write.91bc9445,"",%progbits
  61 0000 789C6552 		.ascii	"x\234eRMHTQ\030\275\347\336y?\303\020H\213\220\331\264"
  61      4D485451 
  61      18BDE7DE 
  61      793FC310 
  61      488B90D9 
  62 0015 10B12804 		.ascii	"\020\261(\004!\332\264)\204\334\004\015X\255\206\206"
  62      21DAB429 
  62      84DC040D 
  62      58AD8686 
  63 0025 41DF2290 		.ascii	"A\337\"\220\204!\335zgz\376\320\"&\011\031\020\225~"
  63      8421DD7A 
  63      677AFED0 
  63      22260919 
  63      10957E
  64 0038 ADA6D49A 		.ascii	"\255\246\324\232]-z\010E\024)n\264d\232\024'\310U\371"
  64      5D2D7A08 
  64      4514296E 
  64      B4649A14 
  64      27C855F9 
  65 004c 8335814E 		.ascii	"\2035\201N\337\367\036A\203\217w\177\336y\347\234{\276"
  65      DFF71E41 
  65      838F777F 
  65      DE79E79C 
  65      7BBE
  66 005e EF3D25F6 		.ascii	"\357=%\366_Q\032W\244\020'i\205\022\220\3319!\322\266"
  66      5F511A57 
  66      A4102769 
  66      851290D9 
  66      3921D2B6 
  67 0072 04782320 		.ascii	"\004x# \372$\372\260.7$\262^>\027iz\240\265\376\271"
  67      FA24FAB0 
  67      2E3724B2 
  67      5E3E1769 
  67      7AA0B5FE 
  68 0087 F9AABEBF 		.ascii	"\371\252\276\277\276B\262-\031\330`\022MD\331\312\353"
  68      BE42B22D 
  68      19D86012 
  68      4D44D9CA 
  68      EB
  69 0098 DB4A1D83 		.ascii	"\333J\035\203\240\375\314\302\307=\253\361\236\326\031"
  69      A0FDCCC2 
  69      C73DABF1 
  69      9ED619
  70 00a7 EFF5943E 		.ascii	"\357\365\224>\215\012y>\202\"\005\216Gq4*\010\020x\214"
  70      8D0A793E 
  70      8222058E 
  70      4771342A 
  70      0810788C 
  71 00bb 46266F8E 		.ascii	"F&o\216\344w\244j\361\205\253w\327&\254\206;$\\Y_{\033"
  71      E477A46A 
  71      F185AB77 
  71      D726AC86 
ARM GAS  C:\Users\victo\AppData\Local\Temp\ccH8uaGk.s 			page 5


  71      3B245C59 
  72 00d2 D139EDAE 		.ascii	"\3219\355\256T\253\207Y\377\344\177}p\221`\303\335]"
  72      54AB8759 
  72      FFE47F7D 
  72      709160C3 
  72      DD5D
  73 00e4 8A982E05 		.ascii	"\212\230.\005\253C\036\015A(<\205\011Z\030\231>\350"
  73      AB431E0D 
  73      41283C85 
  73      095A1899 
  73      3EE8
  74 00f6 E96AB5B0 		.ascii	"\351j\265\260}k\350\024\"\222\016\226\212&\025\022\374"
  74      7D6BE814 
  74      22920E96 
  74      8A261512 
  74      FC
  75 0107 D2008730 		.ascii	"\322\000\2070\031\260x\262}4\314,!\3124\270\021\337"
  75      19B078B2 
  75      7D34CC2C 
  75      21CA34B8 
  75      11DF
  76 0119 E88156B5 		.ascii	"\350\201V\265\214\331\235\033s\343\275\354\376KrW\356"
  76      8CD99D1B 
  76      73E3BDEC 
  76      FE4B7257 
  76      EE
  77 012a DFCC7D08 		.ascii	"\337\314}\010\177\227\025\031\322\231\254\016q\236\257"
  77      7F971519 
  77      D299AC0E 
  77      719EAF
  78 0139 E5F905DB 		.ascii	"\345\371\005\333\207\374xo&\337\027\016\214a4\355R\017"
  78      87FC786F 
  78      26DF170E 
  78      8C6134ED 
  78      520F
  79 014b 0C3C4314 		.ascii	"\014<C\024S\240\370\230\306\030\30422\237\006\21320"
  79      53A0F898 
  79      C618C432 
  79      329F068B 
  79      3230
  80 015d 54E449C8 		.ascii	"T\344I\310\365\337\003E\004H\210@\362p\227\206\346-"
  80      F5DF0345 
  80      04488840 
  80      F2709786 
  80      E62D
  81 016f B6543FA8 		.ascii	"\266T?\250i3$_\204\257\341\254\304bQq`q\374r\240\242"
  81      6933245F 
  81      84AFE1AC 
  81      C4625171 
  81      6071FC72 
  82 0185 DB20D5CB 		.ascii	"\333 \325\313\341w9\323WQ\251\317ITcm\021\217H\017\277"
  82      E17739D3 
  82      5751A9CF 
  82      4954636D 
  82      118F480F 
  83 019a F4FFF10B 		.ascii	"\364\377\361\013@\235\300\213\200\264m\006\024\333\017"
  83      409DC08B 
ARM GAS  C:\Users\victo\AppData\Local\Temp\ccH8uaGk.s 			page 6


  83      80B46D06 
  83      14DB0F
  84 01a9 60D51E66 		.ascii	"`\325\036fs\346\322`\351\337a\341\000\232\035^=\304"
  84      73E6D260 
  84      E9DF61E1 
  84      009A1D5E 
  84      3DC4
  85 01bb 404DC569 		.ascii	"@M\305i\317\250\255\271@5\223D\224\220\366>\2671\237"
  85      CFA8ADB9 
  85      40359344 
  85      9490F63E 
  85      B7319F
  86 01ce 3F62997E 		.ascii	"?b\231~\005j/5\373Hs\274\315\271\352\244\222\327\234"
  86      056A2F35 
  86      FB4873BC 
  86      CDB9EAA4 
  86      92D79C
  87 01e1 CE447B77 		.ascii	"\316D{wO\252\303\211\307\332\273[O\304\317\267\306\022"
  87      4FAAC389 
  87      C7DABB5B 
  87      4FC4CFB7 
  87      C612
  88 01f3 67CF5C3C 		.ascii	"g\317\\<w!\021ki\356\020Fo\262\253\3071:S\227\222]\177"
  88      7721116B 
  88      69EE1046 
  88      6FB2ABC7 
  88      313A5397 
  89 020a 019451E0 		.ascii	"\001\224Q\340\345"
  89      E5
  90              		.text
  91              		.section	.gnu.lto_OCP_FAULT_P1_Read.91bc9445,"",%progbits
  92 0000 789C658F 		.ascii	"x\234e\217\317K\002Q\020\307\347;\273\232`\201t\012"
  92      CF4B0251 
  92      10C7E73B 
  92      BB9A6081 
  92      740A
  93 0012 FF80AC10 		.ascii	"\377\200\254\020!\350\332!\204\272\004\011\326%\004"
  93      21E8DA21 
  93      84BA0409 
  93      D62504
  94 0021 09DB6B82 		.ascii	"\011\333k\202\324\331u[\015:\211\020\004\3411\312~\320"
  94      D4D9755B 
  94      0D3A8910 
  94      04E131CA 
  94      7ED0
  95 0033 B94ED129 		.ascii	"\271N\321)H\2120\014$6(\003\003\211D(7({\317\355\326"
  95      488A300C 
  95      24362803 
  95      03894428 
  95      37287BCF 
  96 0049 8337F3E6 		.ascii	"\2037\363\346\315\207\357wF\241\377\307/\356$\210\306"
  96      CD87EF77 
  96      46A1FFC7 
  96      2FEE2488 
  96      C6
  97 005a 448642E0 		.ascii	"D\206B\340\3745Q\306\303\200|\020(\315H\343\225[\214"
  97      FC3551C6 
ARM GAS  C:\Users\victo\AppData\Local\Temp\ccH8uaGk.s 			page 7


  97      C3807C10 
  97      28CD48E3 
  97      955B8C
  98 006d F2E94F05 		.ascii	"\362\351O\005\201]]7\336\215\312\2037;d3Q\233\011A?"
  98      815D5D37 
  98      DE8DCA83 
  98      373B6433 
  98      519B0941 
  99 0082 46A50EF6 		.ascii	"F\245\016\366\020 \001\266\314\357{\257\333\324u\335"
  99      102001B6 
  99      CCEF7BAF 
  99      DBD475DD 
 100 0092 27FBA2B1 		.ascii	"'\373\242\261\017\267\360\240\223\301s\275\333m\227"
 100      0FB7F0A0 
 100      93C173BD 
 100      DB6D97
 101 00a1 0B8D6176 		.ascii	"\013\215av3\331,\034EPep\221\224\243\272\010\322\371"
 101      33D92C1C 
 101      45506570 
 101      9194A3BA 
 101      08D2F9
 102 00b4 855966A5 		.ascii	"\205Yf\245\206\213\217\315jiQJ|\262\034#\333|~\033h"
 102      868B8FCD 
 102      6A69514A 
 102      7CB21C23 
 102      DB7C7E1B 
 103 00c9 B0CD6C1A 		.ascii	"\260\315l\032y]\225\206\217\365\233[O\357\213d\271U"
 103      795D9586 
 103      8FF59B5B 
 103      4FEF8B64 
 103      B955
 104 00db FDB2B888 		.ascii	"\375\262\270\210\235\214\011\233\025\224\340\307\001"
 104      9D8C099B 
 104      1594E0C7 
 104      01
 105 00e8 C4803844 		.ascii	"\304\2008D\021T\303z'\327T\035A\305\321\274z\352\264"
 105      1154C37A 
 105      27D7541D 
 105      41C5D1BC 
 105      7AEAB4
 106 00fb FBA5007C 		.ascii	"\373\245\000|\204#\301\012\310\312\335\3659\220*8\001"
 106      8423C10A 
 106      C8CADDF5 
 106      39902A38 
 106      01
 107 010c 9D152EB7 		.ascii	"\235\025.\267\335\022RU\302q\0172\254\215\240\303\270"
 107      DD125255 
 107      C2710F32 
 107      AC8DA0C3 
 107      B8
 108 011d 044616F0 		.ascii	"\004F\026\360W\3656\201\334@\2144\022\212\315h+ZjiU"
 108      57F53681 
 108      DC408C34 
 108      128ACD68 
 108      2B5A6A69 
 109 0132 5B8E4793 		.ascii	"[\216G\223k\251\204\026\213D\223\341\211\330\\8\022"
 109      6BA98416 
ARM GAS  C:\Users\victo\AppData\Local\Temp\ccH8uaGk.s 			page 8


 109      8B4493E1 
 109      89D85C38 
 109      12
 110 0143 9F9E5A98 		.ascii	"\237\236Z\230\235\217G\306C\011\372\005a\242}:"
 110      9D8F47C6 
 110      4309FA05 
 110      61A27D3A 
 111              		.text
 112              		.section	.gnu.lto_OCP_FAULT_P1_ReadDataReg.91bc9445,"",%progbits
 113 0000 789C658F 		.ascii	"x\234e\217\277KBQ\024\307\317\367\274\247\031\026HS"
 113      BF4B4251 
 113      14C7CFF7 
 113      BCA71916 
 113      4853
 114 0012 F80F5821 		.ascii	"\370\017X!B\324\332\020B-A\202\265\204 aoM\220\232\275"
 114      42D4DA10 
 114      422D4182 
 114      B5842061 
 114      6F4D909A 
 115 0027 9A193484 		.ascii	"\232\0314\2048\005\341V\330\017\243\241\251\246\020"
 115      3805E156 
 115      D80FA3A1 
 115      A9A610
 116 0036 82C828A2 		.ascii	"\202\310(\242 \2220\010\013\203\206D0\337Pv\257\257"
 116      20923008 
 116      0B838644 
 116      30DF5076 
 116      AFAF
 117 0048 AD0BF79C 		.ascii	"\255\013\367\234{\356\371\360\375\236\243\321\377\343"
 117      7BEEF9F0 
 117      FD9EA3D1 
 117      FFE3
 118 0056 96770C44 		.ascii	"\226w\014DC2C#p\346\232(\341`@=\010\024g\304\361\316"
 118      43324323 
 118      70E69A28 
 118      E160403D 
 118      081467C4 
 119 006c 75C6D5C9 		.ascii	"u\306\325\311\317\035<;B$?\213\217O\316\325~\223\211"
 119      CF1D3C3B 
 119      42243F8B 
 119      8F4FCED5 
 119      7E9389
 120 007f 1A4CF0BA 		.ascii	"\032L\360\2721\250t\220\207\207$XO}?8\355)!\204K\365"
 120      31A87490 
 120      87872458 
 120      4F7D3F38 
 120      ED292184 
 121 0095 65631776 		.ascii	"ec\027v\351AG}g\242\335n\274ek#lg2Y:\312\240\253`#%"
 121      E941477D 
 121      67A2DD6E 
 121      BC656B23 
 121      6C673259 
 122 00b0 47551994 		.ascii	"GU\031\224\363+\263\312Z\031\305\346z\2630\247$\276"
 122      F32BB3CA 
 122      5A19C5E6 
 122      7AB330A7 
 122      24BE
ARM GAS  C:\Users\victo\AppData\Local\Temp\ccH8uaGk.s 			page 9


 123 00c2 588DB1BD 		.ascii	"X\215\261\275\261Y\352\256\261\311,\222\031\241+\303"
 123      B159EAAE 
 123      B1C92C92 
 123      19A12BC3 
 124 00d2 E7EACDAD 		.ascii	"\347\352\315\255\243\363E\252<\317_\036\367\346\260"
 124      A3F345AA 
 124      3CCF5F1E 
 124      F7E6B0
 125 00e1 9548C164 		.ascii	"\225H\301d\015{pc\037r@\034 \007*c\245\225\376\320-"
 125      0D7B7063 
 125      1F72401C 
 125      20072A63 
 125      A595FED0 
 126 00f6 41CDD22C 		.ascii	"A\315\322,\275\264\032=J\000.BA\262\022\252\244\357"
 126      BDB41A3D 
 126      4A002E42 
 126      41B212AA 
 126      A4EF
 127 0108 BB2C4897 		.ascii	"\273,H\227\234\204N\263\027\233v\005\351:\341\260\003"
 127      9C844EB3 
 127      179B7605 
 127      E93AE1B0 
 127      03
 128 0119 252B6B5E 		.ascii	"%+k^\213\261I\214*\300_\325\331\004j\0039\322\200/4"
 128      8BB1498C 
 128      2AC05FD5 
 128      D9046A03 
 128      39D2802F 
 129 012e 692C1AB1 		.ascii	"i,\032\261\371%c!\034\214.\307\"F(\020\214\372GC\323"
 129      F9256321 
 129      1C8C2EC7 
 129      22462810 
 129      8CFA4743 
 130 0143 FE407862 		.ascii	"\376@xb|vj&\034\030\366E\350\0278N|\306"
 130      7C766A26 
 130      1C18F645 
 130      E817384E 
 130      7CC6
 131              		.text
 132              		.section	.gnu.lto_OCP_FAULT_P1_SetInterruptMode.91bc9445,"",%progbits
 133 0000 789C6D91 		.ascii	"x\234m\221Oh\023Q\020\306\337\274\267\331\3354\021\212"
 133      4F681351 
 133      10C6DFBC 
 133      B7D9DD34 
 133      118A
 134 0012 A7120485 		.ascii	"\247\022\004\205\022*\024\012B/\336*\001\275\210\006"
 134      122A140A 
 134      422FDE2A 
 134      01BD8806 
 135 0022 AAB74090 		.ascii	"\252\267@\220v\225\034L$\306\223\207nbLA<\204Z\264X"
 135      76951C4C 
 135      24C69387 
 135      6E624C41 
 135      3C845AB4 
 136 0037 8A1495B6 		.ascii	"\212\024\225\266F\333\324\252hNK,\030\360?\210\205V"
 136      46DBD4AA 
 136      684E4B2C 
ARM GAS  C:\Users\victo\AppData\Local\Temp\ccH8uaGk.s 			page 10


 136      18F03F88 
 136      8556
 137 0049 626D936A 		.ascii	"bm\223j\241Bc\242\351\212\022gv\343\241\350\302\276"
 137      A14263A2 
 137      E98A1267 
 137      76E3A1E8 
 137      C2BE
 138 005b F7E6C7CC 		.ascii	"\367\346\307\314\367\276\231'\330\277\237\007\377[\234"
 138      F7BE9927 
 138      D8BF9F07 
 138      FF5B9C
 139 006a B11EDC41 		.ascii	"\261\036\334A0\340\351W\214\305U\016@\007\006l\200\303"
 139      30E0E957 
 139      8CC5550E 
 139      4007066C 
 139      80C3
 140 007c 00ACF30A 		.ascii	"\000\254\363\012\207\264\221\031qu\334\326u}\363[\265"
 140      87B49119 
 140      7175DCD6 
 140      757DF35B 
 140      B5
 141 008d ED629B89 		.ascii	"\355b\233\211eUn\313\300\004t`J\371\361\370y\321\011"
 141      65556ECB 
 141      C0047460 
 141      4AF9F1F8 
 141      79D109
 142 00a0 0C8FCF57 		.ascii	"\014\217\317W\266\252\356/\334\344\320J\341\365\205"
 142      B6AAEE2F 
 142      DCE4D04A 
 142      E1F585
 143 00af 724D50C8 		.ascii	"rMP\3109\205\231\371\341\254\342\275\251\353\011c)\253"
 143      398599F9 
 143      E1ACE2BD 
 143      A9EB0963 
 143      29AB
 144 00c1 F7201730 		.ascii	"\367 \0270\011\002\345`\012<p\007<\014\021\203\014x"
 144      0902E560 
 144      0A3C7007 
 144      3C0C1183 
 144      0C78
 145 00d3 31FBB3B9 		.ascii	"1\373\263\271>\261Ct[\272+\361\033\337]v\345\257\277"
 145      3EB14374 
 145      5BBA2BF1 
 145      1BDF5D76 
 145      E5AFBF
 146 00e6 9577FF53 		.ascii	"\225w\377Sy\017\274\224\376\346\351\360\252C\354\267"
 146      790FBC94 
 146      FEE6E9F0 
 146      AA43ECB7 
 147 00f6 4A9F4CD7 		.ascii	"J\237L\327^\272,K{(\314\015\025Fd\313\222D\341\327\253"
 147      5EBA2C4B 
 147      7B28CC0D 
 147      154664CB 
 147      9244E1D7 
 148 010b F951DE3E 		.ascii	"\371Q\336>\216\302\313S\203\317\334zAO.7\032\273M.\301"
 148      8EC2CB53 
 148      83CFDC7A 
ARM GAS  C:\Users\victo\AppData\Local\Temp\ccH8uaGk.s 			page 11


 148      414F2E37 
 148      1ABB4D2E 
 149 0120 B4AD3F83 		.ascii	"\264\255?\203\372Y\3604'\207%\225\344\357\005\227\234"
 149      FA59F034 
 149      27872595 
 149      E4EF0597 
 149      9C
 150 0131 C489B4C2 		.ascii	"\304\211\264\302,\264\333\323\200\373 \003nDfv\032z"
 150      2CB4DBD3 
 150      80FB2003 
 150      6E446676 
 150      1A7A
 151 0143 A331F7EE 		.ascii	"\2431\367\356\312d\247ps4\346\020@=Itt\320\"3\312S\200"
 151      CA64A770 
 151      7334E610 
 151      403D4974 
 151      74D02233 
 152 015a FCAA0864 		.ascii	"\374\252\010d'\321\026Z\030+\241\036=C\031\207\206\273"
 152      27D1165A 
 152      182BA11E 
 152      3D431987 
 152      86BB
 153 016c 5884FC8F 		.ascii	"X\204\374\217K\305\234\237\256\250sz\223\331\362\332"
 153      4BC59C9F 
 153      AEA8737A 
 153      93D9F2DA 
 154 017c 0B6BACCA 		.ascii	"\013k\254\312\345DZ\267\372\370Xz\375V\265\220\345\261"
 154      E5445AB7 
 154      FAF8587A 
 154      FD56B590 
 154      E5B1
 155 018e B07AADE2 		.ascii	"\260z\255\342\036\203\321x\022L\256\302\034\366\360"
 155      1E83D178 
 155      124CAEC2 
 155      1CF6F0
 156 019d 807A8087 		.ascii	"\200z\200\2070\006l\021\022\305\301y\331\026\224\352"
 156      30066C11 
 156      12C5C179 
 156      D91694EA 
 157 01ad 3838243F 		.ascii	"88$?S5\311&\016\204H.l\2456\300&t/r\366\036\270\325"
 157      5335C926 
 157      0E84482E 
 157      6CA536C0 
 157      26742F72 
 158 01c5 289A4768 		.ascii	"(\232Gh\347\254\345\212\315,\025\225\352h\200\344\025"
 158      E7ACE58A 
 158      CD2C1595 
 158      EA6880E4 
 158      15
 159 01d6 1B399152 		.ascii	"\0339\221RZ-\365\241)\336b\2519\021\346\207>\355\"\266"
 159      5A2DF5A1 
 159      29DE62A9 
 159      3911E687 
 159      3EED22B6 
 160 01ea CD6EDC70 		.ascii	"\315n\334pl7\374\010\015c\025+B\334X:B\371\364\014%"
 160      6C37FC08 
 160      0D63152B 
ARM GAS  C:\Users\victo\AppData\Local\Temp\ccH8uaGk.s 			page 12


 160      42DC583A 
 160      42F9F40C 
 161 01ff 0E341B9C 		.ascii	"\0164\033\234\324\336\256\300!-\254EO\304\264\376`o"
 161      D4DEAEC0 
 161      212DAC45 
 161      4FC4B4FE 
 161      606F
 162 0211 E45CB44F 		.ascii	"\344\\\264O\013\370{#\276\356\300Q\237?x\360\300\361"
 162      0BF87B23 
 162      BEEEC051 
 162      9F3F78F0 
 162      C0F1
 163 0223 C3C782FE 		.ascii	"\303\307\202\376}]}L=\0239\033\212\205\"a\351t\244_"
 163      7D5D7D4C 
 163      3D13391B 
 163      8A852261 
 163      E974A45F 
 164 0237 5342E158 		.ascii	"SB\341X\324w\362\324\037\220\317\377\341"
 164      D477F2D4 
 164      1F90CFFF 
 164      E1
 165              		.text
 166              		.section	.gnu.lto_OCP_FAULT_P1_ClearInterrupt.91bc9445,"",%progbits
 167 0000 789C6590 		.ascii	"x\234e\220MHTa\024\206\317{\356\374\321\270\020W1\233"
 167      4D485461 
 167      1486CF7B 
 167      EEFCD1B8 
 167      1057319B 
 168 0014 162E340C 		.ascii	"\026.4\014A\010\004w\"\324&h`l74\014zWa\202\216[\375"
 168      41080477 
 168      22D42668 
 168      606C3734 
 168      0C7A5761 
 169 002c 669C1CAC 		.ascii	"f\234\034\254\315`\010R\270h!\231\345\317\266@\221!"
 169      CD600852 
 169      B8682199 
 169      E5CFB640 
 169      9121
 170 003e 44288A21 		.ascii	"D(\212!\372Ac\024\177(7\222\014\214^Jo\347\334\333\""
 170      FA416314 
 170      7F283792 
 170      0C8C5E4A 
 170      6FE7DCDB 
 171 0053 F1837BBF 		.ascii	"\361\203{\277\357\276\367\274\317y\277c\321\305\025"
 171      EFBEF7BC 
 171      CF79BF63 
 171      D1C515
 172 0062 93671344 		.ascii	"\223g\023D\355\262\303\"p\361\003Q6\302\200\036\010"
 172      EDB2C322 
 172      70F10351 
 172      36C2801E 
 172      08
 173 0073 34C218C1 		.ascii	"4\302\030\301\001\0371\336\277>\373\204\246\031cr\277"
 173      011F31DE 
 173      BF3EFB84 
 173      A6196372 
 173      BF
ARM GAS  C:\Users\victo\AppData\Local\Temp\ccH8uaGk.s 			page 13


 174 0084 4ABFBF47 		.ascii	"J\277\277G\037\\v\230\250\312\204k1\\U\016\236\243\211"
 174      1F5C7698 
 174      A8CA846B 
 174      315C550E 
 174      9EA389
 175 0097 A4707277 		.ascii	"\244prw\374\020V\013\364\\s\037\315E\032\237\211i\273"
 175      FC10560B 
 175      F45C731F 
 175      CD451A9F 
 175      8969BB
 176 00aa 52588B9A 		.ascii	"RX\213\232)\223\337v\335+b\305,\254\377\335\272\304"
 176      2993DF76 
 176      DD2B62C5 
 176      2CACFFDD 
 176      BAC4
 177 00bc 70943FFD 		.ascii	"p\224?\375\032\015\345\2151\365x\201Fm \3449\204$$T"
 177      1A0DE58D 
 177      31F57881 
 177      466D20E4 
 177      39842424 
 178 00d1 596C5835 		.ascii	"YlX5\256[=|<\333aE\230\034\226\330\016s\200\364gP\277"
 178      AE5B3D7C 
 178      3CDB6145 
 178      981C96D8 
 178      0E7380F4 
 179 00e8 C3A4C968 		.ascii	"\303\244\311hO^z\211}f\335\255\015\224j\017k\313\303"
 179      4F5E7A89 
 179      7D66DDAD 
 179      0D946A0F 
 179      6BCBC3
 180 00fb 0A3B66BD 		.ascii	"\012;f\275\321\347\362\217r\350';l\025sE\023\320\366"
 180      D1E7F28F 
 180      72E8273B 
 180      6C157345 
 180      13D0F6
 181 010e 5B7B1FCB 		.ascii	"[{\037\313\021O\362\322l>9\336\017N\343i6\017\207\003"
 181      114FF2D2 
 181      6C3E39DE 
 181      0F4EE369 
 181      360F8703 
 182 0122 7889185E 		.ascii	"x\211\030^A\322b\036\323\240\015\344\276\025\376\260"
 182      41D2621E 
 182      D3A00DE4 
 182      BE15FEB0 
 183 0132 0FB48429 		.ascii	"\017\264\204)\312\350\311\330[\370J@Da\274\3339\251"
 183      CAE8C9D8 
 183      5BF84A40 
 183      4461BCDB 
 183      39A9
 184 0144 D62992EB 		.ascii	"\326)\222\353\011\013\342\376\002\317\242y\245H)\225"
 184      090BE2FE 
 184      02CFA279 
 184      A5482995 
 185 0154 C2D9F25D 		.ascii	"\302\331\362]\337\024\364\245\322\204\0079\027!\273"
 185      DF14F4A5 
 185      D2840739 
 185      1721BB
ARM GAS  C:\Users\victo\AppData\Local\Temp\ccH8uaGk.s 			page 14


 186 0163 CAE7432C 		.ascii	"\312\347C,J\010qh\327\312\330\332\312%\237\020\026\202"
 186      4A087168 
 186      D7CAD8DA 
 186      CA259F10 
 186      1682
 187 0175 F8DE4CAC 		.ascii	"\370\336L\254Oy\227\013\312h\226\244\276\202\177\271"
 187      4F79970B 
 187      CA6896A4 
 187      BE827FB9 
 188 0185 C2DE70A0 		.ascii	"\302\336p\240C\221\0215\267&o\332\367\355\201t\306\356"
 188      43911135 
 188      B7266FDA 
 188      F7ED8174 
 188      C6EE
 189 0197 4D25FA87 		.ascii	"M%\372\207\006z\354d<\321\337u=y\273+\236\272\321y\347"
 189      067AEC64 
 189      3CD1DF75 
 189      3D79BB2B 
 189      9EBAD179 
 190 01ac 56772ADE 		.ascii	"Vw*\336\326\332Cu}\351\301{vo\"\223\316\014\015\376"
 190      D6DA4375 
 190      7DE9C17B 
 190      766F2293 
 190      CE0C0DFE 
 191 01c0 050247B7 		.ascii	"\005\002G\267\371"
 191      F9
 192              		.text
 193              		.section	.gnu.lto_.symbol_nodes.91bc9445,"",%progbits
 194 0000 789C55C7 		.ascii	"x\234U\307;\015\000 \020D\301w\037\022tbd-\240\200\240"
 194      3B0D0020 
 194      1044C177 
 194      1F127462 
 194      642DA080 
 195 0015 084D3414 		.ascii	"\010M4\024\334t\023\300\340q\004\363\200\304\332\035"
 195      DC7413C0 
 195      E07104F3 
 195      80C4DA1D 
 196 0025 3759B9CB 		.ascii	"7Y\271\313\313CQ\236\312\362\246\366\237\013\351b\031"
 196      CB43519E 
 196      CAF2A6F6 
 196      9F0BE962 
 196      19
 197 0036 56       		.ascii	"V"
 198              		.text
 199              		.section	.gnu.lto_.refs.91bc9445,"",%progbits
 200 0000 789C6366 		.ascii	"x\234cf```d\200\002\000\000=\000\005"
 200      60606064 
 200      80020000 
 200      3D0005
 201              		.text
 202              		.section	.gnu.lto_.decls.91bc9445,"",%progbits
 203 0000 789C8D54 		.ascii	"x\234\215T]L\024W\024\276g\356\356\302\016\023\264}"
 203      5D4C1457 
 203      14BE67EE 
 203      EEC20E13 
 203      B47D
 204 0012 40A56DBA 		.ascii	"@\245m\272\244\011\261\011!A\232\246oM\203\251\255\351"
ARM GAS  C:\Users\victo\AppData\Local\Temp\ccH8uaGk.s 			page 15


 204      A409B109 
 204      21419AA6 
 204      6F4D83A9 
 204      ADE9
 205 0024 CF466AFA 		.ascii	"\317Fj\372 \011\331\300\304\3224`\266\213\211oW\210"
 205      2009D9C0 
 205      C4D23460 
 205      B68B896F 
 205      5788
 206 0036 95AA6928 		.ascii	"\225\252i(\202n\261\012\211HQ\324ZXa\027(. E\012(\304"
 206      826EB10A 
 206      894851D4 
 206      5A586117 
 206      282E2045 
 207 004d 56059B88 		.ascii	"V\005\233\210\255(\306\237\240\245\251\204\326\351\271"
 207      AD28C69F 
 207      A0A5A984 
 207      D6E9B9
 208 005c 77667667 		.ascii	"wfvgeL\275\311\331\235{\346~\337\371\316\371\356.%\204"
 208      654CBDC9 
 208      D99D7BE6 
 208      7EDFF9CE 
 208      F9EE2E25 
 209 0071 B400211A 		.ascii	"\264\000!\032\256\307\016B\000\237\2230\347%\361\345"
 209      AEC70E42 
 209      009F9330 
 209      E725F1E5 
 210 0081 C268C308 		.ascii	"\302h\303\010atbD0\0060\006\311\322\325f\234\347\370"
 210      61746244 
 210      30063006 
 210      C9D2D566 
 210      9CE7F8
 211 0094 13181918 		.ascii	"\023\030\031\030\023\030\343\030\353\2153`\234{r\205"
 211      1318E318 
 211      EB8D3360 
 211      9C7B7285 
 212 00a4 6CB06916 		.ascii	"l\260i\026\274\211\015\331`\271.\347\377\324\354\264"
 212      BC890DD9 
 212      60B92EE7 
 212      FFD4ECB4 
 213 00b4 C1459E01 		.ascii	"\301E\236\001\027\261\301\361\376\335\206\326T\014\005"
 213      17B1C1F1 
 213      FEDD86D6 
 213      540C05
 214 00c3 A31763CC 		.ascii	"\243\027c\314\340\361\330\350\036\260\341\0314z\266"
 214      E0F1D8E8 
 214      1EB0E119 
 214      347AB6
 215 00d2 EBD7AAC1 		.ascii	"\353\327\252\301n\326\017$\030\371\375\321\237\312\254"
 215      6ED60F24 
 215      18F9FDD1 
 215      9FCAAC
 216 00e1 04A9F272 		.ascii	"\004\251\362r\276\255\277<3Oq\253\310\022\337^:\263"
 216      BEADBF3C 
 216      334F71AB 
 216      C812DF5E 
 216      3AB3
ARM GAS  C:\Users\victo\AppData\Local\Temp\ccH8uaGk.s 			page 16


 217 00f3 73673295 		.ascii	"sg2\225\200?\037\016^\377E\316:\306\030\253b\321(\304"
 217      803F1F0E 
 217      5EFF45CE 
 217      3AC618AB 
 217      62D128C4 
 218 0107 29B63777 		.ascii	")\2667w\357IBL\232,\266_\215\324\367Q\261\3258N\232"
 218      EF49424C 
 218      9A2CB65F 
 218      8DD4F751 
 218      B1D5384E 
 219 011c 9CAC5DA0 		.ascii	"\234\254]\240 gV1V\301\346j\030]I +\035^M'p\0222\361"
 219      20675631 
 219      56C1E66A 
 219      185D4920 
 219      2B1D5E4D 
 220 0135 181C832C 		.ascii	"\030\034\203,\002\255\220\016\307!\2354a\201\271\206"
 220      02AD900E 
 220      C7219D34 
 220      6181B986 
 221 0145 B9A91719 		.ascii	"\271\251\027\031s\300\011\220\341(Pq\002\333\340\025"
 221      73C00990 
 221      E1285071 
 221      02DBE015 
 222 0155 8CA2D53B 		.ascii	"\214\242\325;\372\252\035\016\011\223\374\314&\007\317"
 222      FAAA1D0E 
 222      0993FCCC 
 222      2607CF
 223 0164 8DEEFFB6 		.ascii	"\215\356\377\266?eE\035\343\253\222-\227\300\233\006"
 223      3F65451D 
 223      E3AB922D 
 223      97C09B06 
 224 0174 DF216D0B 		.ascii	"\337!m\013\322\0228\005+\360\363{p\350\004\367\303\373"
 224      D2123805 
 224      2BF0F37B 
 224      70E804F7 
 224      C3FB
 225 0186 3EA5B9A2 		.ascii	">\245\271\242\263p0|[\362\034b\215\247\346\016V\336"
 225      B370307C 
 225      5BF21C62 
 225      8DA7E60E 
 225      56DE
 226 0198 F47E5DC9 		.ascii	"\364~]\311j\331\264\246\275,0\360C\254>\341\317\372"
 226      6AD9B4A6 
 226      BD2C30F0 
 226      43AC3EE1 
 226      CFFA
 227 01aa 40DBC0C3 		.ascii	"@\333\300\303;\277\373\357\216$\272U\22044\317\236N"
 227      3BBFFBEF 
 227      8E24BA55 
 227      903434CF 
 227      9E4E
 228 01bc 1624D3D7 		.ascii	"\026$\323\327\006\324h\005\373G\323\250\316\320nah7"
 228      06D46805 
 228      FB47D3A8 
 228      CED06E61 
 228      6837
 229 01ce 19428261 		.ascii	"\031B\202a\254u\370\013\260J\346\335\3045\237\026\232"
ARM GAS  C:\Users\victo\AppData\Local\Temp\ccH8uaGk.s 			page 17


 229      AC75F80B 
 229      B04AE6DD 
 229      C4359F16 
 229      9A
 230 01df 3719922F 		.ascii	"7\031\222/\206\366\366(\364K\020\365v\217\017\017;\364"
 230      86F6F628 
 230      F44B10F5 
 230      768F0F0F 
 230      3BF4
 231 01f1 7AC19978 		.ascii	"z\301\231x=D@\207\245^\207Y\257S\324;|s\376B\012=\240"
 231      3D444087 
 231      A55E8759 
 231      AF53D43B 
 231      7C73FE42 
 232 0208 53D4DF0E 		.ascii	"S\324\337\016\327)\202\242q\364\210\253\205E5\355MA"
 232      D72982A2 
 232      71F488AB 
 232      854535ED 
 232      4D41
 233 021a 10B61084 		.ascii	"\020\266\020\204M\202\210 8\370\360~\217\233\206t\002"
 233      4D828820 
 233      38F8F07E 
 233      8F9B8674 
 233      02
 234 022b D3798FEE 		.ascii	"\323y\217\356\374\376;\217B\311b\313\245\240\365\315"
 234      FCFE3B8F 
 234      42C962CB 
 234      A5A0F5CD 
 235 023b E37FD7A7 		.ascii	"\343\177\327\247B\246\254{\372P\367\264\027;\354\212"
 235      42A6AC7B 
 235      FA50F7B4 
 235      173BEC8A 
 236 024b 7BEA313C 		.ascii	"{\3521<\025\327\003g\340\\Mb\003\200\037\361\202x\214"
 236      15D70367 
 236      E05C4D62 
 236      03801FF1 
 236      82788C
 237 025e 0BD28DC9 		.ascii	"\013\322\215\311\036L\362Y\017\335\375u\2310\2777f\376"
 237      1E4CF259 
 237      0FDDFD75 
 237      9930BF37 
 237      66FE
 238 0270 D4C5AB47 		.ascii	"\324\305\253G\335\261\334\031\020\311CZo\304\361\324"
 238      DDB1DC19 
 238      10C9435A 
 238      6FC4F1D4 
 239 0280 1BD127A6 		.ascii	"\033\321'\246\0335o\304=v\343\210B\273\365\326ZZ\207"
 239      1B356FC4 
 239      3D76E388 
 239      42BBF5D6 
 239      5A5A87
 240 0293 F63A8D3B 		.ascii	"\366:\215;\361\307\255\234oX\343v\366X\303\033\315Q"
 240      F1C7AD9C 
 240      6F58E376 
 240      F658C31B 
 240      CD51
 241 02a5 D06F1950 		.ascii	"\320o\031P\2779\240\0011\240\205K\301\343.:\251\263"
ARM GAS  C:\Users\victo\AppData\Local\Temp\ccH8uaGk.s 			page 18


 241      BF39A001 
 241      31A0854B 
 241      C1E32E3A 
 241      A9B3
 242 02b7 CC764D9D 		.ascii	"\314vM\235\327Y\246\177\273\225h\322Y\013\305Y\223b"
 242      D759A67F 
 242      BB9568D2 
 242      590BC559 
 242      9362
 243 02c9 5050444E 		.ascii	"PPDN\316\217\245\210\337\244\207\223t\325\234\013\272"
 243      CE8FA588 
 243      DFA48793 
 243      74D59C0B 
 243      BA
 244 02da C46F52F4 		.ascii	"\304oR\364TU\323q\307I\377Jt Cw\340\332\201\205&\267"
 244      5455D371 
 244      C749FF4A 
 244      74204377 
 244      E0DA8185 
 245 02f0 D8F2BFE3 		.ascii	"\330\362\277\343e<u\375\312\345\236$\272(\216K\367j"
 245      653C75FD 
 245      CAE59E24 
 245      BA288E4B 
 245      F76A
 246 0302 2BB49498 		.ascii	"+\264\224\230!\363\272!c8\257\221\270!\031VC\252+\231"
 246      21F3BA21 
 246      6338AF91 
 246      B8211956 
 246      43AA2B99 
 247 0316 FB1D023F 		.ascii	"\373\035\002?\341\314\206\270!\243hH\206a\3100&\177"
 247      E1CC86B8 
 247      21A36848 
 247      8661C830 
 247      267F
 248 0328 D60D89D4 		.ascii	"\326\015\211\324M\014\311r\025\037\362\263!\244h{\365"
 248      4D0CC972 
 248      151FF2B3 
 248      21A4687B 
 248      F5
 249 0339 A2622899 		.ascii	"\242b(\231\336\323\336$q%\343\250\344\\\\\311y\210K"
 249      DED3DE24 
 249      7125E3A8 
 249      E45C5CC9 
 249      79884B
 250 034c 594A7CC1 		.ascii	"YJ|\301^\312\314\215\206E\227\262+&^\220\232 \002\023"
 250      5ECACC8D 
 250      864597B2 
 250      2B265E90 
 250      9A200213 
 251 0360 A08849F3 		.ascii	"\240\210I\363ogyIi\340\015\327\272\0176z\362\310+\331"
 251      6F677949 
 251      69E00DD7 
 251      BA0F367A 
 251      F2C82BD9 
 252 0374 05EBD452 		.ascii	"\005\353\324R\325\357\013\250\305\205\371e\345\376\""
 252      D5EF0BA8 
 252      C585F965 
ARM GAS  C:\Users\victo\AppData\Local\Temp\ccH8uaGk.s 			page 19


 252      E5FE22
 253 0383 B5C09B5F 		.ascii	"\265\300\233_\226\367ZA\321\266\300\266-\352\347\331"
 253      96F75A41 
 253      D1B6C0B6 
 253      2DEAE7D9 
 254 0393 9F90551F 		.ascii	"\237\220U\037\346y\013\337~k\343{\037\025zs\012\363"
 254      E6790BDF 
 254      7E6BE37B 
 254      1F157A73 
 254      0AF3
 255 03a5 D5C05A7F 		.ascii	"\325\300Z\177\311V\365\375\262bu\365S\321VHv\021y>\201"
 255      C956F5FD 
 255      B26275F5 
 255      53D15648 
 255      7611793E 
 256 03ba E2637F49 		.ascii	"\342c\177I@}.!\265A\365\025\257\\\222Y\353\013\3706"
 256      407D2E21 
 256      B541F515 
 256      AF5C9259 
 256      EB0BF836 
 257 03ce A89B5D5C 		.ascii	"\250\233]\\q\316\353/=\251\343\335\322\200\352\367\227"
 257      71CEEB2F 
 257      3DA9E3DD 
 257      D280EAF7 
 257      97
 258 03df 6F09702D 		.ascii	"o\011p-/$\274\315\373L\365\371c\357\235~us\356\032A"
 258      2F24BCCD 
 258      FB4CF5F9 
 258      63EF9D7E 
 258      7573EE1A 
 259 03f4 93BBE63F 		.ascii	"\223\273\346?\014\343\000\033"
 259      0CE3001B 
 260              		.text
 261              		.section	.gnu.lto_.symtab.91bc9445,"",%progbits
 262 0000 4F43505F 		.ascii	"OCP_FAULT_P1_SetDriveMode\000\000\000\000\000\000\000"
 262      4641554C 
 262      545F5031 
 262      5F536574 
 262      44726976 
 263 0020 00000000 		.ascii	"\000\000\000\000\000\262\000\000\000OCP_FAULT_P1_Wr"
 263      00B20000 
 263      004F4350 
 263      5F464155 
 263      4C545F50 
 264 0038 69746500 		.ascii	"ite\000\000\000\000\000\000\000\000\000\000\000\000"
 264      00000000 
 264      00000000 
 264      000000
 265 0047 B4000000 		.ascii	"\264\000\000\000OCP_FAULT_P1_Read\000\000\000\000\000"
 265      4F43505F 
 265      4641554C 
 265      545F5031 
 265      5F526561 
 266 0061 00000000 		.ascii	"\000\000\000\000\000\000\000\267\000\000\000OCP_FAU"
 266      000000B7 
 266      0000004F 
 266      43505F46 
ARM GAS  C:\Users\victo\AppData\Local\Temp\ccH8uaGk.s 			page 20


 266      4155
 267 0073 4C545F50 		.ascii	"LT_P1_ReadDataReg\000\000\000\000\000\000\000\000\000"
 267      315F5265 
 267      61644461 
 267      74615265 
 267      67000000 
 268 008d 000000B9 		.ascii	"\000\000\000\271\000\000\000OCP_FAULT_P1_SetInterru"
 268      0000004F 
 268      43505F46 
 268      41554C54 
 268      5F50315F 
 269 00ab 70744D6F 		.ascii	"ptMode\000\000\000\000\000\000\000\000\000\000\000\000"
 269      64650000 
 269      00000000 
 269      00000000 
 269      0000
 270 00bd C3000000 		.ascii	"\303\000\000\000OCP_FAULT_P1_ClearInterrupt\000\000"
 270      4F43505F 
 270      4641554C 
 270      545F5031 
 270      5F436C65 
 271 00de 00000000 		.ascii	"\000\000\000\000\000\000\000\000\000\000\305\000\000"
 271      00000000 
 271      0000C500 
 271      00
 272 00eb 00       		.ascii	"\000"
 273              		.text
 274              		.section	.gnu.lto_.opts,"",%progbits
 275 0000 272D666E 		.ascii	"'-fno-trapv' '-mcpu=cortex-m0' '-mthumb' '-g' '-Os'"
 275      6F2D7472 
 275      61707627 
 275      20272D6D 
 275      6370753D 
 276 0033 20272D57 		.ascii	" '-Werror' '-ffunction-sections' '-finline-function"
 276      6572726F 
 276      72272027 
 276      2D666675 
 276      6E637469 
 277 0066 73272027 		.ascii	"s' '-flto' '-ffat-lto-objects' '-fno-strict-aliasin"
 277      2D666C74 
 277      6F272027 
 277      2D666661 
 277      742D6C74 
 278 0099 672700   		.ascii	"g'\000"
 279              		.text
 280              		.cfi_sections	.debug_frame
 281              		.section	.text.OCP_FAULT_P1_SetDriveMode,"ax",%progbits
 282              		.align	1
 283              		.global	OCP_FAULT_P1_SetDriveMode
 284              		.code	16
 285              		.thumb_func
 286              		.type	OCP_FAULT_P1_SetDriveMode, %function
 287              	OCP_FAULT_P1_SetDriveMode:
 288              	.LFB0:
 289              		.file 1 ".\\Generated_Source\\PSoC4\\OCP_FAULT_P1.c"
   1:.\Generated_Source\PSoC4/OCP_FAULT_P1.c **** /*******************************************************************************
   2:.\Generated_Source\PSoC4/OCP_FAULT_P1.c **** * File Name: OCP_FAULT_P1.c  
ARM GAS  C:\Users\victo\AppData\Local\Temp\ccH8uaGk.s 			page 21


   3:.\Generated_Source\PSoC4/OCP_FAULT_P1.c **** * Version 2.20
   4:.\Generated_Source\PSoC4/OCP_FAULT_P1.c **** *
   5:.\Generated_Source\PSoC4/OCP_FAULT_P1.c **** * Description:
   6:.\Generated_Source\PSoC4/OCP_FAULT_P1.c **** *  This file contains API to enable firmware control of a Pins component.
   7:.\Generated_Source\PSoC4/OCP_FAULT_P1.c **** *
   8:.\Generated_Source\PSoC4/OCP_FAULT_P1.c **** ********************************************************************************
   9:.\Generated_Source\PSoC4/OCP_FAULT_P1.c **** * Copyright 2008-2015, Cypress Semiconductor Corporation.  All rights reserved.
  10:.\Generated_Source\PSoC4/OCP_FAULT_P1.c **** * You may use this file only in accordance with the license, terms, conditions, 
  11:.\Generated_Source\PSoC4/OCP_FAULT_P1.c **** * disclaimers, and limitations in the end user license agreement accompanying 
  12:.\Generated_Source\PSoC4/OCP_FAULT_P1.c **** * the software package with which this file was provided.
  13:.\Generated_Source\PSoC4/OCP_FAULT_P1.c **** *******************************************************************************/
  14:.\Generated_Source\PSoC4/OCP_FAULT_P1.c **** 
  15:.\Generated_Source\PSoC4/OCP_FAULT_P1.c **** #include "cytypes.h"
  16:.\Generated_Source\PSoC4/OCP_FAULT_P1.c **** #include "OCP_FAULT_P1.h"
  17:.\Generated_Source\PSoC4/OCP_FAULT_P1.c **** 
  18:.\Generated_Source\PSoC4/OCP_FAULT_P1.c **** 
  19:.\Generated_Source\PSoC4/OCP_FAULT_P1.c **** #if defined(OCP_FAULT_P1__PC)
  20:.\Generated_Source\PSoC4/OCP_FAULT_P1.c ****     #define OCP_FAULT_P1_SetP4PinDriveMode(shift, mode)  \
  21:.\Generated_Source\PSoC4/OCP_FAULT_P1.c ****     do { \
  22:.\Generated_Source\PSoC4/OCP_FAULT_P1.c ****         OCP_FAULT_P1_PC =   (OCP_FAULT_P1_PC & \
  23:.\Generated_Source\PSoC4/OCP_FAULT_P1.c ****                                 (uint32)(~(uint32)(OCP_FAULT_P1_DRIVE_MODE_IND_MASK << \
  24:.\Generated_Source\PSoC4/OCP_FAULT_P1.c ****                                 (OCP_FAULT_P1_DRIVE_MODE_BITS * (shift))))) | \
  25:.\Generated_Source\PSoC4/OCP_FAULT_P1.c ****                                 (uint32)((uint32)(mode) << \
  26:.\Generated_Source\PSoC4/OCP_FAULT_P1.c ****                                 (OCP_FAULT_P1_DRIVE_MODE_BITS * (shift))); \
  27:.\Generated_Source\PSoC4/OCP_FAULT_P1.c ****     } while (0)
  28:.\Generated_Source\PSoC4/OCP_FAULT_P1.c **** #else
  29:.\Generated_Source\PSoC4/OCP_FAULT_P1.c ****     #if (CY_PSOC4_4200L)
  30:.\Generated_Source\PSoC4/OCP_FAULT_P1.c ****         #define OCP_FAULT_P1_SetP4PinDriveMode(shift, mode)  \
  31:.\Generated_Source\PSoC4/OCP_FAULT_P1.c ****         do { \
  32:.\Generated_Source\PSoC4/OCP_FAULT_P1.c ****             OCP_FAULT_P1_USBIO_CTRL_REG = (OCP_FAULT_P1_USBIO_CTRL_REG & \
  33:.\Generated_Source\PSoC4/OCP_FAULT_P1.c ****                                     (uint32)(~(uint32)(OCP_FAULT_P1_DRIVE_MODE_IND_MASK << \
  34:.\Generated_Source\PSoC4/OCP_FAULT_P1.c ****                                     (OCP_FAULT_P1_DRIVE_MODE_BITS * (shift))))) | \
  35:.\Generated_Source\PSoC4/OCP_FAULT_P1.c ****                                     (uint32)((uint32)(mode) << \
  36:.\Generated_Source\PSoC4/OCP_FAULT_P1.c ****                                     (OCP_FAULT_P1_DRIVE_MODE_BITS * (shift))); \
  37:.\Generated_Source\PSoC4/OCP_FAULT_P1.c ****         } while (0)
  38:.\Generated_Source\PSoC4/OCP_FAULT_P1.c ****     #endif
  39:.\Generated_Source\PSoC4/OCP_FAULT_P1.c **** #endif
  40:.\Generated_Source\PSoC4/OCP_FAULT_P1.c ****   
  41:.\Generated_Source\PSoC4/OCP_FAULT_P1.c **** 
  42:.\Generated_Source\PSoC4/OCP_FAULT_P1.c **** #if defined(OCP_FAULT_P1__PC) || (CY_PSOC4_4200L) 
  43:.\Generated_Source\PSoC4/OCP_FAULT_P1.c ****     /*******************************************************************************
  44:.\Generated_Source\PSoC4/OCP_FAULT_P1.c ****     * Function Name: OCP_FAULT_P1_SetDriveMode
  45:.\Generated_Source\PSoC4/OCP_FAULT_P1.c ****     ****************************************************************************//**
  46:.\Generated_Source\PSoC4/OCP_FAULT_P1.c ****     *
  47:.\Generated_Source\PSoC4/OCP_FAULT_P1.c ****     * \brief Sets the drive mode for each of the Pins component's pins.
  48:.\Generated_Source\PSoC4/OCP_FAULT_P1.c ****     * 
  49:.\Generated_Source\PSoC4/OCP_FAULT_P1.c ****     * <b>Note</b> This affects all pins in the Pins component instance. Use the
  50:.\Generated_Source\PSoC4/OCP_FAULT_P1.c ****     * Per-Pin APIs if you wish to control individual pin's drive modes.
  51:.\Generated_Source\PSoC4/OCP_FAULT_P1.c ****     *
  52:.\Generated_Source\PSoC4/OCP_FAULT_P1.c ****     * <b>Note</b> USBIOs have limited drive functionality. Refer to the Drive Mode
  53:.\Generated_Source\PSoC4/OCP_FAULT_P1.c ****     * parameter for more information.
  54:.\Generated_Source\PSoC4/OCP_FAULT_P1.c ****     *
  55:.\Generated_Source\PSoC4/OCP_FAULT_P1.c ****     * \param mode
  56:.\Generated_Source\PSoC4/OCP_FAULT_P1.c ****     *  Mode for the selected signals. Valid options are documented in 
  57:.\Generated_Source\PSoC4/OCP_FAULT_P1.c ****     *  \ref driveMode.
  58:.\Generated_Source\PSoC4/OCP_FAULT_P1.c ****     *
  59:.\Generated_Source\PSoC4/OCP_FAULT_P1.c ****     * \return
ARM GAS  C:\Users\victo\AppData\Local\Temp\ccH8uaGk.s 			page 22


  60:.\Generated_Source\PSoC4/OCP_FAULT_P1.c ****     *  None
  61:.\Generated_Source\PSoC4/OCP_FAULT_P1.c ****     *
  62:.\Generated_Source\PSoC4/OCP_FAULT_P1.c ****     * \sideeffect
  63:.\Generated_Source\PSoC4/OCP_FAULT_P1.c ****     *  If you use read-modify-write operations that are not atomic, the ISR can
  64:.\Generated_Source\PSoC4/OCP_FAULT_P1.c ****     *  cause corruption of this function. An ISR that interrupts this function 
  65:.\Generated_Source\PSoC4/OCP_FAULT_P1.c ****     *  and performs writes to the Pins component Drive Mode registers can cause 
  66:.\Generated_Source\PSoC4/OCP_FAULT_P1.c ****     *  corrupted port data. To avoid this issue, you should either use the Per-Pin
  67:.\Generated_Source\PSoC4/OCP_FAULT_P1.c ****     *  APIs (primary method) or disable interrupts around this function.
  68:.\Generated_Source\PSoC4/OCP_FAULT_P1.c ****     *
  69:.\Generated_Source\PSoC4/OCP_FAULT_P1.c ****     * \funcusage
  70:.\Generated_Source\PSoC4/OCP_FAULT_P1.c ****     *  \snippet OCP_FAULT_P1_SUT.c usage_OCP_FAULT_P1_SetDriveMode
  71:.\Generated_Source\PSoC4/OCP_FAULT_P1.c ****     *******************************************************************************/
  72:.\Generated_Source\PSoC4/OCP_FAULT_P1.c ****     void OCP_FAULT_P1_SetDriveMode(uint8 mode)
  73:.\Generated_Source\PSoC4/OCP_FAULT_P1.c ****     {
 290              		.loc 1 73 0
 291              		.cfi_startproc
 292              	.LVL0:
  74:.\Generated_Source\PSoC4/OCP_FAULT_P1.c **** 		OCP_FAULT_P1_SetP4PinDriveMode(OCP_FAULT_P1__0__SHIFT, mode);
 293              		.loc 1 74 0
 294 0000 034A     		ldr	r2, .L2
 295 0002 044B     		ldr	r3, .L2+4
 296 0004 1168     		ldr	r1, [r2]
 297 0006 0003     		lsl	r0, r0, #12
 298              	.LVL1:
 299 0008 0B40     		and	r3, r1
 300 000a 1843     		orr	r0, r3
 301 000c 1060     		str	r0, [r2]
  75:.\Generated_Source\PSoC4/OCP_FAULT_P1.c ****     }
 302              		.loc 1 75 0
 303              		@ sp needed
 304 000e 7047     		bx	lr
 305              	.L3:
 306              		.align	2
 307              	.L2:
 308 0010 08010440 		.word	1074004232
 309 0014 FF8FFFFF 		.word	-28673
 310              		.cfi_endproc
 311              	.LFE0:
 312              		.size	OCP_FAULT_P1_SetDriveMode, .-OCP_FAULT_P1_SetDriveMode
 313              		.section	.text.OCP_FAULT_P1_Write,"ax",%progbits
 314              		.align	1
 315              		.global	OCP_FAULT_P1_Write
 316              		.code	16
 317              		.thumb_func
 318              		.type	OCP_FAULT_P1_Write, %function
 319              	OCP_FAULT_P1_Write:
 320              	.LFB1:
  76:.\Generated_Source\PSoC4/OCP_FAULT_P1.c **** #endif
  77:.\Generated_Source\PSoC4/OCP_FAULT_P1.c **** 
  78:.\Generated_Source\PSoC4/OCP_FAULT_P1.c **** 
  79:.\Generated_Source\PSoC4/OCP_FAULT_P1.c **** /*******************************************************************************
  80:.\Generated_Source\PSoC4/OCP_FAULT_P1.c **** * Function Name: OCP_FAULT_P1_Write
  81:.\Generated_Source\PSoC4/OCP_FAULT_P1.c **** ****************************************************************************//**
  82:.\Generated_Source\PSoC4/OCP_FAULT_P1.c **** *
  83:.\Generated_Source\PSoC4/OCP_FAULT_P1.c **** * \brief Writes the value to the physical port (data output register), masking
  84:.\Generated_Source\PSoC4/OCP_FAULT_P1.c **** *  and shifting the bits appropriately. 
  85:.\Generated_Source\PSoC4/OCP_FAULT_P1.c **** *
ARM GAS  C:\Users\victo\AppData\Local\Temp\ccH8uaGk.s 			page 23


  86:.\Generated_Source\PSoC4/OCP_FAULT_P1.c **** * The data output register controls the signal applied to the physical pin in 
  87:.\Generated_Source\PSoC4/OCP_FAULT_P1.c **** * conjunction with the drive mode parameter. This function avoids changing 
  88:.\Generated_Source\PSoC4/OCP_FAULT_P1.c **** * other bits in the port by using the appropriate method (read-modify-write or
  89:.\Generated_Source\PSoC4/OCP_FAULT_P1.c **** * bit banding).
  90:.\Generated_Source\PSoC4/OCP_FAULT_P1.c **** *
  91:.\Generated_Source\PSoC4/OCP_FAULT_P1.c **** * <b>Note</b> This function should not be used on a hardware digital output pin 
  92:.\Generated_Source\PSoC4/OCP_FAULT_P1.c **** * as it is driven by the hardware signal attached to it.
  93:.\Generated_Source\PSoC4/OCP_FAULT_P1.c **** *
  94:.\Generated_Source\PSoC4/OCP_FAULT_P1.c **** * \param value
  95:.\Generated_Source\PSoC4/OCP_FAULT_P1.c **** *  Value to write to the component instance.
  96:.\Generated_Source\PSoC4/OCP_FAULT_P1.c **** *
  97:.\Generated_Source\PSoC4/OCP_FAULT_P1.c **** * \return 
  98:.\Generated_Source\PSoC4/OCP_FAULT_P1.c **** *  None 
  99:.\Generated_Source\PSoC4/OCP_FAULT_P1.c **** *
 100:.\Generated_Source\PSoC4/OCP_FAULT_P1.c **** * \sideeffect
 101:.\Generated_Source\PSoC4/OCP_FAULT_P1.c **** *  If you use read-modify-write operations that are not atomic; the Interrupt 
 102:.\Generated_Source\PSoC4/OCP_FAULT_P1.c **** *  Service Routines (ISR) can cause corruption of this function. An ISR that 
 103:.\Generated_Source\PSoC4/OCP_FAULT_P1.c **** *  interrupts this function and performs writes to the Pins component data 
 104:.\Generated_Source\PSoC4/OCP_FAULT_P1.c **** *  register can cause corrupted port data. To avoid this issue, you should 
 105:.\Generated_Source\PSoC4/OCP_FAULT_P1.c **** *  either use the Per-Pin APIs (primary method) or disable interrupts around 
 106:.\Generated_Source\PSoC4/OCP_FAULT_P1.c **** *  this function.
 107:.\Generated_Source\PSoC4/OCP_FAULT_P1.c **** *
 108:.\Generated_Source\PSoC4/OCP_FAULT_P1.c **** * \funcusage
 109:.\Generated_Source\PSoC4/OCP_FAULT_P1.c **** *  \snippet OCP_FAULT_P1_SUT.c usage_OCP_FAULT_P1_Write
 110:.\Generated_Source\PSoC4/OCP_FAULT_P1.c **** *******************************************************************************/
 111:.\Generated_Source\PSoC4/OCP_FAULT_P1.c **** void OCP_FAULT_P1_Write(uint8 value)
 112:.\Generated_Source\PSoC4/OCP_FAULT_P1.c **** {
 321              		.loc 1 112 0
 322              		.cfi_startproc
 323              	.LVL2:
 113:.\Generated_Source\PSoC4/OCP_FAULT_P1.c ****     uint8 drVal = (uint8)(OCP_FAULT_P1_DR & (uint8)(~OCP_FAULT_P1_MASK));
 324              		.loc 1 113 0
 325 0000 1023     		mov	r3, #16
 326 0002 0449     		ldr	r1, .L5
 114:.\Generated_Source\PSoC4/OCP_FAULT_P1.c ****     drVal = (drVal | ((uint8)(value << OCP_FAULT_P1_SHIFT) & OCP_FAULT_P1_MASK));
 327              		.loc 1 114 0
 328 0004 0001     		lsl	r0, r0, #4
 329              	.LVL3:
 113:.\Generated_Source\PSoC4/OCP_FAULT_P1.c ****     uint8 drVal = (uint8)(OCP_FAULT_P1_DR & (uint8)(~OCP_FAULT_P1_MASK));
 330              		.loc 1 113 0
 331 0006 0A68     		ldr	r2, [r1]
 115:.\Generated_Source\PSoC4/OCP_FAULT_P1.c ****     OCP_FAULT_P1_DR = (uint32)drVal;
 116:.\Generated_Source\PSoC4/OCP_FAULT_P1.c **** }
 332              		.loc 1 116 0
 333              		@ sp needed
 113:.\Generated_Source\PSoC4/OCP_FAULT_P1.c ****     drVal = (drVal | ((uint8)(value << OCP_FAULT_P1_SHIFT) & OCP_FAULT_P1_MASK));
 334              		.loc 1 113 0
 335 0008 9A43     		bic	r2, r3
 336 000a D2B2     		uxtb	r2, r2
 114:.\Generated_Source\PSoC4/OCP_FAULT_P1.c ****     drVal = (drVal | ((uint8)(value << OCP_FAULT_P1_SHIFT) & OCP_FAULT_P1_MASK));
 337              		.loc 1 114 0
 338 000c 0340     		and	r3, r0
 115:.\Generated_Source\PSoC4/OCP_FAULT_P1.c ****     OCP_FAULT_P1_DR = (uint32)drVal;
 339              		.loc 1 115 0
 340 000e 1343     		orr	r3, r2
 341 0010 0B60     		str	r3, [r1]
 342              		.loc 1 116 0
ARM GAS  C:\Users\victo\AppData\Local\Temp\ccH8uaGk.s 			page 24


 343 0012 7047     		bx	lr
 344              	.L6:
 345              		.align	2
 346              	.L5:
 347 0014 00010440 		.word	1074004224
 348              		.cfi_endproc
 349              	.LFE1:
 350              		.size	OCP_FAULT_P1_Write, .-OCP_FAULT_P1_Write
 351              		.section	.text.OCP_FAULT_P1_Read,"ax",%progbits
 352              		.align	1
 353              		.global	OCP_FAULT_P1_Read
 354              		.code	16
 355              		.thumb_func
 356              		.type	OCP_FAULT_P1_Read, %function
 357              	OCP_FAULT_P1_Read:
 358              	.LFB2:
 117:.\Generated_Source\PSoC4/OCP_FAULT_P1.c **** 
 118:.\Generated_Source\PSoC4/OCP_FAULT_P1.c **** 
 119:.\Generated_Source\PSoC4/OCP_FAULT_P1.c **** /*******************************************************************************
 120:.\Generated_Source\PSoC4/OCP_FAULT_P1.c **** * Function Name: OCP_FAULT_P1_Read
 121:.\Generated_Source\PSoC4/OCP_FAULT_P1.c **** ****************************************************************************//**
 122:.\Generated_Source\PSoC4/OCP_FAULT_P1.c **** *
 123:.\Generated_Source\PSoC4/OCP_FAULT_P1.c **** * \brief Reads the associated physical port (pin status register) and masks 
 124:.\Generated_Source\PSoC4/OCP_FAULT_P1.c **** *  the required bits according to the width and bit position of the component
 125:.\Generated_Source\PSoC4/OCP_FAULT_P1.c **** *  instance. 
 126:.\Generated_Source\PSoC4/OCP_FAULT_P1.c **** *
 127:.\Generated_Source\PSoC4/OCP_FAULT_P1.c **** * The pin's status register returns the current logic level present on the 
 128:.\Generated_Source\PSoC4/OCP_FAULT_P1.c **** * physical pin.
 129:.\Generated_Source\PSoC4/OCP_FAULT_P1.c **** *
 130:.\Generated_Source\PSoC4/OCP_FAULT_P1.c **** * \return 
 131:.\Generated_Source\PSoC4/OCP_FAULT_P1.c **** *  The current value for the pins in the component as a right justified number.
 132:.\Generated_Source\PSoC4/OCP_FAULT_P1.c **** *
 133:.\Generated_Source\PSoC4/OCP_FAULT_P1.c **** * \funcusage
 134:.\Generated_Source\PSoC4/OCP_FAULT_P1.c **** *  \snippet OCP_FAULT_P1_SUT.c usage_OCP_FAULT_P1_Read  
 135:.\Generated_Source\PSoC4/OCP_FAULT_P1.c **** *******************************************************************************/
 136:.\Generated_Source\PSoC4/OCP_FAULT_P1.c **** uint8 OCP_FAULT_P1_Read(void)
 137:.\Generated_Source\PSoC4/OCP_FAULT_P1.c **** {
 359              		.loc 1 137 0
 360              		.cfi_startproc
 138:.\Generated_Source\PSoC4/OCP_FAULT_P1.c ****     return (uint8)((OCP_FAULT_P1_PS & OCP_FAULT_P1_MASK) >> OCP_FAULT_P1_SHIFT);
 361              		.loc 1 138 0
 362 0000 024B     		ldr	r3, .L8
 139:.\Generated_Source\PSoC4/OCP_FAULT_P1.c **** }
 363              		.loc 1 139 0
 364              		@ sp needed
 138:.\Generated_Source\PSoC4/OCP_FAULT_P1.c ****     return (uint8)((OCP_FAULT_P1_PS & OCP_FAULT_P1_MASK) >> OCP_FAULT_P1_SHIFT);
 365              		.loc 1 138 0
 366 0002 1868     		ldr	r0, [r3]
 367 0004 C006     		lsl	r0, r0, #27
 368 0006 C00F     		lsr	r0, r0, #31
 369              		.loc 1 139 0
 370 0008 7047     		bx	lr
 371              	.L9:
 372 000a C046     		.align	2
 373              	.L8:
 374 000c 04010440 		.word	1074004228
 375              		.cfi_endproc
ARM GAS  C:\Users\victo\AppData\Local\Temp\ccH8uaGk.s 			page 25


 376              	.LFE2:
 377              		.size	OCP_FAULT_P1_Read, .-OCP_FAULT_P1_Read
 378              		.section	.text.OCP_FAULT_P1_ReadDataReg,"ax",%progbits
 379              		.align	1
 380              		.global	OCP_FAULT_P1_ReadDataReg
 381              		.code	16
 382              		.thumb_func
 383              		.type	OCP_FAULT_P1_ReadDataReg, %function
 384              	OCP_FAULT_P1_ReadDataReg:
 385              	.LFB3:
 140:.\Generated_Source\PSoC4/OCP_FAULT_P1.c **** 
 141:.\Generated_Source\PSoC4/OCP_FAULT_P1.c **** 
 142:.\Generated_Source\PSoC4/OCP_FAULT_P1.c **** /*******************************************************************************
 143:.\Generated_Source\PSoC4/OCP_FAULT_P1.c **** * Function Name: OCP_FAULT_P1_ReadDataReg
 144:.\Generated_Source\PSoC4/OCP_FAULT_P1.c **** ****************************************************************************//**
 145:.\Generated_Source\PSoC4/OCP_FAULT_P1.c **** *
 146:.\Generated_Source\PSoC4/OCP_FAULT_P1.c **** * \brief Reads the associated physical port's data output register and masks 
 147:.\Generated_Source\PSoC4/OCP_FAULT_P1.c **** *  the correct bits according to the width and bit position of the component 
 148:.\Generated_Source\PSoC4/OCP_FAULT_P1.c **** *  instance. 
 149:.\Generated_Source\PSoC4/OCP_FAULT_P1.c **** *
 150:.\Generated_Source\PSoC4/OCP_FAULT_P1.c **** * The data output register controls the signal applied to the physical pin in 
 151:.\Generated_Source\PSoC4/OCP_FAULT_P1.c **** * conjunction with the drive mode parameter. This is not the same as the 
 152:.\Generated_Source\PSoC4/OCP_FAULT_P1.c **** * preferred OCP_FAULT_P1_Read() API because the 
 153:.\Generated_Source\PSoC4/OCP_FAULT_P1.c **** * OCP_FAULT_P1_ReadDataReg() reads the data register instead of the status 
 154:.\Generated_Source\PSoC4/OCP_FAULT_P1.c **** * register. For output pins this is a useful function to determine the value 
 155:.\Generated_Source\PSoC4/OCP_FAULT_P1.c **** * just written to the pin.
 156:.\Generated_Source\PSoC4/OCP_FAULT_P1.c **** *
 157:.\Generated_Source\PSoC4/OCP_FAULT_P1.c **** * \return 
 158:.\Generated_Source\PSoC4/OCP_FAULT_P1.c **** *  The current value of the data register masked and shifted into a right 
 159:.\Generated_Source\PSoC4/OCP_FAULT_P1.c **** *  justified number for the component instance.
 160:.\Generated_Source\PSoC4/OCP_FAULT_P1.c **** *
 161:.\Generated_Source\PSoC4/OCP_FAULT_P1.c **** * \funcusage
 162:.\Generated_Source\PSoC4/OCP_FAULT_P1.c **** *  \snippet OCP_FAULT_P1_SUT.c usage_OCP_FAULT_P1_ReadDataReg 
 163:.\Generated_Source\PSoC4/OCP_FAULT_P1.c **** *******************************************************************************/
 164:.\Generated_Source\PSoC4/OCP_FAULT_P1.c **** uint8 OCP_FAULT_P1_ReadDataReg(void)
 165:.\Generated_Source\PSoC4/OCP_FAULT_P1.c **** {
 386              		.loc 1 165 0
 387              		.cfi_startproc
 166:.\Generated_Source\PSoC4/OCP_FAULT_P1.c ****     return (uint8)((OCP_FAULT_P1_DR & OCP_FAULT_P1_MASK) >> OCP_FAULT_P1_SHIFT);
 388              		.loc 1 166 0
 389 0000 024B     		ldr	r3, .L11
 167:.\Generated_Source\PSoC4/OCP_FAULT_P1.c **** }
 390              		.loc 1 167 0
 391              		@ sp needed
 166:.\Generated_Source\PSoC4/OCP_FAULT_P1.c ****     return (uint8)((OCP_FAULT_P1_DR & OCP_FAULT_P1_MASK) >> OCP_FAULT_P1_SHIFT);
 392              		.loc 1 166 0
 393 0002 1868     		ldr	r0, [r3]
 394 0004 C006     		lsl	r0, r0, #27
 395 0006 C00F     		lsr	r0, r0, #31
 396              		.loc 1 167 0
 397 0008 7047     		bx	lr
 398              	.L12:
 399 000a C046     		.align	2
 400              	.L11:
 401 000c 00010440 		.word	1074004224
 402              		.cfi_endproc
 403              	.LFE3:
ARM GAS  C:\Users\victo\AppData\Local\Temp\ccH8uaGk.s 			page 26


 404              		.size	OCP_FAULT_P1_ReadDataReg, .-OCP_FAULT_P1_ReadDataReg
 405              		.section	.text.OCP_FAULT_P1_SetInterruptMode,"ax",%progbits
 406              		.align	1
 407              		.global	OCP_FAULT_P1_SetInterruptMode
 408              		.code	16
 409              		.thumb_func
 410              		.type	OCP_FAULT_P1_SetInterruptMode, %function
 411              	OCP_FAULT_P1_SetInterruptMode:
 412              	.LFB4:
 168:.\Generated_Source\PSoC4/OCP_FAULT_P1.c **** 
 169:.\Generated_Source\PSoC4/OCP_FAULT_P1.c **** 
 170:.\Generated_Source\PSoC4/OCP_FAULT_P1.c **** /*******************************************************************************
 171:.\Generated_Source\PSoC4/OCP_FAULT_P1.c **** * Function Name: OCP_FAULT_P1_SetInterruptMode
 172:.\Generated_Source\PSoC4/OCP_FAULT_P1.c **** ****************************************************************************//**
 173:.\Generated_Source\PSoC4/OCP_FAULT_P1.c **** *
 174:.\Generated_Source\PSoC4/OCP_FAULT_P1.c **** * \brief Configures the interrupt mode for each of the Pins component's
 175:.\Generated_Source\PSoC4/OCP_FAULT_P1.c **** *  pins. Alternatively you may set the interrupt mode for all the pins
 176:.\Generated_Source\PSoC4/OCP_FAULT_P1.c **** *  specified in the Pins component.
 177:.\Generated_Source\PSoC4/OCP_FAULT_P1.c **** *
 178:.\Generated_Source\PSoC4/OCP_FAULT_P1.c **** *  <b>Note</b> The interrupt is port-wide and therefore any enabled pin
 179:.\Generated_Source\PSoC4/OCP_FAULT_P1.c **** *  interrupt may trigger it.
 180:.\Generated_Source\PSoC4/OCP_FAULT_P1.c **** *
 181:.\Generated_Source\PSoC4/OCP_FAULT_P1.c **** * \param position
 182:.\Generated_Source\PSoC4/OCP_FAULT_P1.c **** *  The pin position as listed in the Pins component. You may OR these to be 
 183:.\Generated_Source\PSoC4/OCP_FAULT_P1.c **** *  able to configure the interrupt mode of multiple pins within a Pins 
 184:.\Generated_Source\PSoC4/OCP_FAULT_P1.c **** *  component. Or you may use OCP_FAULT_P1_INTR_ALL to configure the
 185:.\Generated_Source\PSoC4/OCP_FAULT_P1.c **** *  interrupt mode of all the pins in the Pins component.       
 186:.\Generated_Source\PSoC4/OCP_FAULT_P1.c **** *  - OCP_FAULT_P1_0_INTR       (First pin in the list)
 187:.\Generated_Source\PSoC4/OCP_FAULT_P1.c **** *  - OCP_FAULT_P1_1_INTR       (Second pin in the list)
 188:.\Generated_Source\PSoC4/OCP_FAULT_P1.c **** *  - ...
 189:.\Generated_Source\PSoC4/OCP_FAULT_P1.c **** *  - OCP_FAULT_P1_INTR_ALL     (All pins in Pins component)
 190:.\Generated_Source\PSoC4/OCP_FAULT_P1.c **** *
 191:.\Generated_Source\PSoC4/OCP_FAULT_P1.c **** * \param mode
 192:.\Generated_Source\PSoC4/OCP_FAULT_P1.c **** *  Interrupt mode for the selected pins. Valid options are documented in
 193:.\Generated_Source\PSoC4/OCP_FAULT_P1.c **** *  \ref intrMode.
 194:.\Generated_Source\PSoC4/OCP_FAULT_P1.c **** *
 195:.\Generated_Source\PSoC4/OCP_FAULT_P1.c **** * \return 
 196:.\Generated_Source\PSoC4/OCP_FAULT_P1.c **** *  None
 197:.\Generated_Source\PSoC4/OCP_FAULT_P1.c **** *  
 198:.\Generated_Source\PSoC4/OCP_FAULT_P1.c **** * \sideeffect
 199:.\Generated_Source\PSoC4/OCP_FAULT_P1.c **** *  It is recommended that the interrupt be disabled before calling this 
 200:.\Generated_Source\PSoC4/OCP_FAULT_P1.c **** *  function to avoid unintended interrupt requests. Note that the interrupt
 201:.\Generated_Source\PSoC4/OCP_FAULT_P1.c **** *  type is port wide, and therefore will trigger for any enabled pin on the 
 202:.\Generated_Source\PSoC4/OCP_FAULT_P1.c **** *  port.
 203:.\Generated_Source\PSoC4/OCP_FAULT_P1.c **** *
 204:.\Generated_Source\PSoC4/OCP_FAULT_P1.c **** * \funcusage
 205:.\Generated_Source\PSoC4/OCP_FAULT_P1.c **** *  \snippet OCP_FAULT_P1_SUT.c usage_OCP_FAULT_P1_SetInterruptMode
 206:.\Generated_Source\PSoC4/OCP_FAULT_P1.c **** *******************************************************************************/
 207:.\Generated_Source\PSoC4/OCP_FAULT_P1.c **** void OCP_FAULT_P1_SetInterruptMode(uint16 position, uint16 mode)
 208:.\Generated_Source\PSoC4/OCP_FAULT_P1.c **** {
 413              		.loc 1 208 0
 414              		.cfi_startproc
 415              	.LVL4:
 209:.\Generated_Source\PSoC4/OCP_FAULT_P1.c ****     uint32 intrCfg;
 210:.\Generated_Source\PSoC4/OCP_FAULT_P1.c ****     
 211:.\Generated_Source\PSoC4/OCP_FAULT_P1.c ****     intrCfg =  OCP_FAULT_P1_INTCFG & (uint32)(~(uint32)position);
 416              		.loc 1 211 0
ARM GAS  C:\Users\victo\AppData\Local\Temp\ccH8uaGk.s 			page 27


 417 0000 034A     		ldr	r2, .L14
 212:.\Generated_Source\PSoC4/OCP_FAULT_P1.c ****     OCP_FAULT_P1_INTCFG = intrCfg | ((uint32)position & (uint32)mode);
 213:.\Generated_Source\PSoC4/OCP_FAULT_P1.c **** }
 418              		.loc 1 213 0
 419              		@ sp needed
 211:.\Generated_Source\PSoC4/OCP_FAULT_P1.c ****     OCP_FAULT_P1_INTCFG = intrCfg | ((uint32)position & (uint32)mode);
 420              		.loc 1 211 0
 421 0002 1368     		ldr	r3, [r2]
 422              	.LVL5:
 423 0004 8343     		bic	r3, r0
 424              	.LVL6:
 212:.\Generated_Source\PSoC4/OCP_FAULT_P1.c ****     OCP_FAULT_P1_INTCFG = intrCfg | ((uint32)position & (uint32)mode);
 425              		.loc 1 212 0
 426 0006 0840     		and	r0, r1
 427              	.LVL7:
 428 0008 1843     		orr	r0, r3
 429 000a 1060     		str	r0, [r2]
 430              		.loc 1 213 0
 431 000c 7047     		bx	lr
 432              	.L15:
 433 000e C046     		.align	2
 434              	.L14:
 435 0010 0C010440 		.word	1074004236
 436              		.cfi_endproc
 437              	.LFE4:
 438              		.size	OCP_FAULT_P1_SetInterruptMode, .-OCP_FAULT_P1_SetInterruptMode
 439              		.section	.text.OCP_FAULT_P1_ClearInterrupt,"ax",%progbits
 440              		.align	1
 441              		.global	OCP_FAULT_P1_ClearInterrupt
 442              		.code	16
 443              		.thumb_func
 444              		.type	OCP_FAULT_P1_ClearInterrupt, %function
 445              	OCP_FAULT_P1_ClearInterrupt:
 446              	.LFB5:
 214:.\Generated_Source\PSoC4/OCP_FAULT_P1.c **** 
 215:.\Generated_Source\PSoC4/OCP_FAULT_P1.c **** 
 216:.\Generated_Source\PSoC4/OCP_FAULT_P1.c **** /*******************************************************************************
 217:.\Generated_Source\PSoC4/OCP_FAULT_P1.c **** * Function Name: OCP_FAULT_P1_ClearInterrupt
 218:.\Generated_Source\PSoC4/OCP_FAULT_P1.c **** ****************************************************************************//**
 219:.\Generated_Source\PSoC4/OCP_FAULT_P1.c **** *
 220:.\Generated_Source\PSoC4/OCP_FAULT_P1.c **** * \brief Clears any active interrupts attached with the component and returns 
 221:.\Generated_Source\PSoC4/OCP_FAULT_P1.c **** *  the value of the interrupt status register allowing determination of which
 222:.\Generated_Source\PSoC4/OCP_FAULT_P1.c **** *  pins generated an interrupt event.
 223:.\Generated_Source\PSoC4/OCP_FAULT_P1.c **** *
 224:.\Generated_Source\PSoC4/OCP_FAULT_P1.c **** * \return 
 225:.\Generated_Source\PSoC4/OCP_FAULT_P1.c **** *  The right-shifted current value of the interrupt status register. Each pin 
 226:.\Generated_Source\PSoC4/OCP_FAULT_P1.c **** *  has one bit set if it generated an interrupt event. For example, bit 0 is 
 227:.\Generated_Source\PSoC4/OCP_FAULT_P1.c **** *  for pin 0 and bit 1 is for pin 1 of the Pins component.
 228:.\Generated_Source\PSoC4/OCP_FAULT_P1.c **** *  
 229:.\Generated_Source\PSoC4/OCP_FAULT_P1.c **** * \sideeffect
 230:.\Generated_Source\PSoC4/OCP_FAULT_P1.c **** *  Clears all bits of the physical port's interrupt status register, not just
 231:.\Generated_Source\PSoC4/OCP_FAULT_P1.c **** *  those associated with the Pins component.
 232:.\Generated_Source\PSoC4/OCP_FAULT_P1.c **** *
 233:.\Generated_Source\PSoC4/OCP_FAULT_P1.c **** * \funcusage
 234:.\Generated_Source\PSoC4/OCP_FAULT_P1.c **** *  \snippet OCP_FAULT_P1_SUT.c usage_OCP_FAULT_P1_ClearInterrupt
 235:.\Generated_Source\PSoC4/OCP_FAULT_P1.c **** *******************************************************************************/
 236:.\Generated_Source\PSoC4/OCP_FAULT_P1.c **** uint8 OCP_FAULT_P1_ClearInterrupt(void)
ARM GAS  C:\Users\victo\AppData\Local\Temp\ccH8uaGk.s 			page 28


 237:.\Generated_Source\PSoC4/OCP_FAULT_P1.c **** {
 447              		.loc 1 237 0
 448              		.cfi_startproc
 238:.\Generated_Source\PSoC4/OCP_FAULT_P1.c **** 	uint8 maskedStatus = (uint8)(OCP_FAULT_P1_INTSTAT & OCP_FAULT_P1_MASK);
 449              		.loc 1 238 0
 450 0000 1023     		mov	r3, #16
 451 0002 034A     		ldr	r2, .L17
 239:.\Generated_Source\PSoC4/OCP_FAULT_P1.c **** 	OCP_FAULT_P1_INTSTAT = maskedStatus;
 240:.\Generated_Source\PSoC4/OCP_FAULT_P1.c ****     return maskedStatus >> OCP_FAULT_P1_SHIFT;
 241:.\Generated_Source\PSoC4/OCP_FAULT_P1.c **** }
 452              		.loc 1 241 0
 453              		@ sp needed
 238:.\Generated_Source\PSoC4/OCP_FAULT_P1.c **** 	uint8 maskedStatus = (uint8)(OCP_FAULT_P1_INTSTAT & OCP_FAULT_P1_MASK);
 454              		.loc 1 238 0
 455 0004 1068     		ldr	r0, [r2]
 456 0006 1840     		and	r0, r3
 457              	.LVL8:
 239:.\Generated_Source\PSoC4/OCP_FAULT_P1.c **** 	OCP_FAULT_P1_INTSTAT = maskedStatus;
 458              		.loc 1 239 0
 459 0008 1060     		str	r0, [r2]
 240:.\Generated_Source\PSoC4/OCP_FAULT_P1.c **** }
 460              		.loc 1 240 0
 461 000a 0009     		lsr	r0, r0, #4
 462              	.LVL9:
 463 000c C0B2     		uxtb	r0, r0
 464              		.loc 1 241 0
 465 000e 7047     		bx	lr
 466              	.L18:
 467              		.align	2
 468              	.L17:
 469 0010 10010440 		.word	1074004240
 470              		.cfi_endproc
 471              	.LFE5:
 472              		.size	OCP_FAULT_P1_ClearInterrupt, .-OCP_FAULT_P1_ClearInterrupt
 473              		.text
 474              	.Letext0:
 475              		.file 2 ".\\Generated_Source\\PSoC4\\cytypes.h"
 476              		.section	.debug_info,"",%progbits
 477              	.Ldebug_info0:
 478 0000 97010000 		.4byte	0x197
 479 0004 0400     		.2byte	0x4
 480 0006 00000000 		.4byte	.Ldebug_abbrev0
 481 000a 04       		.byte	0x4
 482 000b 01       		.uleb128 0x1
 483 000c 3D010000 		.4byte	.LASF27
 484 0010 01       		.byte	0x1
 485 0011 06000000 		.4byte	.LASF28
 486 0015 FE010000 		.4byte	.LASF29
 487 0019 00000000 		.4byte	.Ldebug_ranges0+0
 488 001d 00000000 		.4byte	0
 489 0021 00000000 		.4byte	.Ldebug_line0
 490 0025 02       		.uleb128 0x2
 491 0026 01       		.byte	0x1
 492 0027 06       		.byte	0x6
 493 0028 AE020000 		.4byte	.LASF0
 494 002c 02       		.uleb128 0x2
 495 002d 01       		.byte	0x1
ARM GAS  C:\Users\victo\AppData\Local\Temp\ccH8uaGk.s 			page 29


 496 002e 08       		.byte	0x8
 497 002f 56000000 		.4byte	.LASF1
 498 0033 02       		.uleb128 0x2
 499 0034 02       		.byte	0x2
 500 0035 05       		.byte	0x5
 501 0036 95020000 		.4byte	.LASF2
 502 003a 02       		.uleb128 0x2
 503 003b 02       		.byte	0x2
 504 003c 07       		.byte	0x7
 505 003d 7C000000 		.4byte	.LASF3
 506 0041 02       		.uleb128 0x2
 507 0042 04       		.byte	0x4
 508 0043 05       		.byte	0x5
 509 0044 A5020000 		.4byte	.LASF4
 510 0048 02       		.uleb128 0x2
 511 0049 04       		.byte	0x4
 512 004a 07       		.byte	0x7
 513 004b 6A000000 		.4byte	.LASF5
 514 004f 02       		.uleb128 0x2
 515 0050 08       		.byte	0x8
 516 0051 05       		.byte	0x5
 517 0052 63020000 		.4byte	.LASF6
 518 0056 02       		.uleb128 0x2
 519 0057 08       		.byte	0x8
 520 0058 07       		.byte	0x7
 521 0059 26010000 		.4byte	.LASF7
 522 005d 03       		.uleb128 0x3
 523 005e 04       		.byte	0x4
 524 005f 05       		.byte	0x5
 525 0060 696E7400 		.ascii	"int\000"
 526 0064 02       		.uleb128 0x2
 527 0065 04       		.byte	0x4
 528 0066 07       		.byte	0x7
 529 0067 19010000 		.4byte	.LASF8
 530 006b 04       		.uleb128 0x4
 531 006c 9F020000 		.4byte	.LASF9
 532 0070 02       		.byte	0x2
 533 0071 9801     		.2byte	0x198
 534 0073 2C000000 		.4byte	0x2c
 535 0077 04       		.uleb128 0x4
 536 0078 DC000000 		.4byte	.LASF10
 537 007c 02       		.byte	0x2
 538 007d 9901     		.2byte	0x199
 539 007f 3A000000 		.4byte	0x3a
 540 0083 04       		.uleb128 0x4
 541 0084 EC000000 		.4byte	.LASF11
 542 0088 02       		.byte	0x2
 543 0089 9A01     		.2byte	0x19a
 544 008b 48000000 		.4byte	0x48
 545 008f 02       		.uleb128 0x2
 546 0090 04       		.byte	0x4
 547 0091 04       		.byte	0x4
 548 0092 50000000 		.4byte	.LASF12
 549 0096 02       		.uleb128 0x2
 550 0097 08       		.byte	0x8
 551 0098 04       		.byte	0x4
 552 0099 BC000000 		.4byte	.LASF13
ARM GAS  C:\Users\victo\AppData\Local\Temp\ccH8uaGk.s 			page 30


 553 009d 02       		.uleb128 0x2
 554 009e 01       		.byte	0x1
 555 009f 08       		.byte	0x8
 556 00a0 7E020000 		.4byte	.LASF14
 557 00a4 04       		.uleb128 0x4
 558 00a5 00000000 		.4byte	.LASF15
 559 00a9 02       		.byte	0x2
 560 00aa 4402     		.2byte	0x244
 561 00ac B0000000 		.4byte	0xb0
 562 00b0 05       		.uleb128 0x5
 563 00b1 83000000 		.4byte	0x83
 564 00b5 06       		.uleb128 0x6
 565 00b6 8F000000 		.4byte	.LASF16
 566 00ba 01       		.byte	0x1
 567 00bb 48       		.byte	0x48
 568 00bc 00000000 		.4byte	.LFB0
 569 00c0 18000000 		.4byte	.LFE0-.LFB0
 570 00c4 01       		.uleb128 0x1
 571 00c5 9C       		.byte	0x9c
 572 00c6 DA000000 		.4byte	0xda
 573 00ca 07       		.uleb128 0x7
 574 00cb F9010000 		.4byte	.LASF18
 575 00cf 01       		.byte	0x1
 576 00d0 48       		.byte	0x48
 577 00d1 6B000000 		.4byte	0x6b
 578 00d5 00000000 		.4byte	.LLST0
 579 00d9 00       		.byte	0
 580 00da 06       		.uleb128 0x6
 581 00db A9000000 		.4byte	.LASF17
 582 00df 01       		.byte	0x1
 583 00e0 6F       		.byte	0x6f
 584 00e1 00000000 		.4byte	.LFB1
 585 00e5 18000000 		.4byte	.LFE1-.LFB1
 586 00e9 01       		.uleb128 0x1
 587 00ea 9C       		.byte	0x9c
 588 00eb 0A010000 		.4byte	0x10a
 589 00ef 07       		.uleb128 0x7
 590 00f0 2E000000 		.4byte	.LASF19
 591 00f4 01       		.byte	0x1
 592 00f5 6F       		.byte	0x6f
 593 00f6 6B000000 		.4byte	0x6b
 594 00fa 21000000 		.4byte	.LLST1
 595 00fe 08       		.uleb128 0x8
 596 00ff 64000000 		.4byte	.LASF30
 597 0103 01       		.byte	0x1
 598 0104 71       		.byte	0x71
 599 0105 6B000000 		.4byte	0x6b
 600 0109 00       		.byte	0
 601 010a 09       		.uleb128 0x9
 602 010b 83020000 		.4byte	.LASF20
 603 010f 01       		.byte	0x1
 604 0110 88       		.byte	0x88
 605 0111 6B000000 		.4byte	0x6b
 606 0115 00000000 		.4byte	.LFB2
 607 0119 10000000 		.4byte	.LFE2-.LFB2
 608 011d 01       		.uleb128 0x1
 609 011e 9C       		.byte	0x9c
ARM GAS  C:\Users\victo\AppData\Local\Temp\ccH8uaGk.s 			page 31


 610 011f 09       		.uleb128 0x9
 611 0120 C3000000 		.4byte	.LASF21
 612 0124 01       		.byte	0x1
 613 0125 A4       		.byte	0xa4
 614 0126 6B000000 		.4byte	0x6b
 615 012a 00000000 		.4byte	.LFB3
 616 012e 10000000 		.4byte	.LFE3-.LFB3
 617 0132 01       		.uleb128 0x1
 618 0133 9C       		.byte	0x9c
 619 0134 06       		.uleb128 0x6
 620 0135 F3000000 		.4byte	.LASF22
 621 0139 01       		.byte	0x1
 622 013a CF       		.byte	0xcf
 623 013b 00000000 		.4byte	.LFB4
 624 013f 14000000 		.4byte	.LFE4-.LFB4
 625 0143 01       		.uleb128 0x1
 626 0144 9C       		.byte	0x9c
 627 0145 75010000 		.4byte	0x175
 628 0149 07       		.uleb128 0x7
 629 014a E3000000 		.4byte	.LASF23
 630 014e 01       		.byte	0x1
 631 014f CF       		.byte	0xcf
 632 0150 77000000 		.4byte	0x77
 633 0154 42000000 		.4byte	.LLST2
 634 0158 0A       		.uleb128 0xa
 635 0159 F9010000 		.4byte	.LASF18
 636 015d 01       		.byte	0x1
 637 015e CF       		.byte	0xcf
 638 015f 77000000 		.4byte	0x77
 639 0163 01       		.uleb128 0x1
 640 0164 51       		.byte	0x51
 641 0165 0B       		.uleb128 0xb
 642 0166 11010000 		.4byte	.LASF25
 643 016a 01       		.byte	0x1
 644 016b D1       		.byte	0xd1
 645 016c 83000000 		.4byte	0x83
 646 0170 63000000 		.4byte	.LLST3
 647 0174 00       		.byte	0
 648 0175 0C       		.uleb128 0xc
 649 0176 34000000 		.4byte	.LASF24
 650 017a 01       		.byte	0x1
 651 017b EC       		.byte	0xec
 652 017c 6B000000 		.4byte	0x6b
 653 0180 00000000 		.4byte	.LFB5
 654 0184 14000000 		.4byte	.LFE5-.LFB5
 655 0188 01       		.uleb128 0x1
 656 0189 9C       		.byte	0x9c
 657 018a 0B       		.uleb128 0xb
 658 018b 71020000 		.4byte	.LASF26
 659 018f 01       		.byte	0x1
 660 0190 EE       		.byte	0xee
 661 0191 6B000000 		.4byte	0x6b
 662 0195 80000000 		.4byte	.LLST4
 663 0199 00       		.byte	0
 664 019a 00       		.byte	0
 665              		.section	.debug_abbrev,"",%progbits
 666              	.Ldebug_abbrev0:
ARM GAS  C:\Users\victo\AppData\Local\Temp\ccH8uaGk.s 			page 32


 667 0000 01       		.uleb128 0x1
 668 0001 11       		.uleb128 0x11
 669 0002 01       		.byte	0x1
 670 0003 25       		.uleb128 0x25
 671 0004 0E       		.uleb128 0xe
 672 0005 13       		.uleb128 0x13
 673 0006 0B       		.uleb128 0xb
 674 0007 03       		.uleb128 0x3
 675 0008 0E       		.uleb128 0xe
 676 0009 1B       		.uleb128 0x1b
 677 000a 0E       		.uleb128 0xe
 678 000b 55       		.uleb128 0x55
 679 000c 17       		.uleb128 0x17
 680 000d 11       		.uleb128 0x11
 681 000e 01       		.uleb128 0x1
 682 000f 10       		.uleb128 0x10
 683 0010 17       		.uleb128 0x17
 684 0011 00       		.byte	0
 685 0012 00       		.byte	0
 686 0013 02       		.uleb128 0x2
 687 0014 24       		.uleb128 0x24
 688 0015 00       		.byte	0
 689 0016 0B       		.uleb128 0xb
 690 0017 0B       		.uleb128 0xb
 691 0018 3E       		.uleb128 0x3e
 692 0019 0B       		.uleb128 0xb
 693 001a 03       		.uleb128 0x3
 694 001b 0E       		.uleb128 0xe
 695 001c 00       		.byte	0
 696 001d 00       		.byte	0
 697 001e 03       		.uleb128 0x3
 698 001f 24       		.uleb128 0x24
 699 0020 00       		.byte	0
 700 0021 0B       		.uleb128 0xb
 701 0022 0B       		.uleb128 0xb
 702 0023 3E       		.uleb128 0x3e
 703 0024 0B       		.uleb128 0xb
 704 0025 03       		.uleb128 0x3
 705 0026 08       		.uleb128 0x8
 706 0027 00       		.byte	0
 707 0028 00       		.byte	0
 708 0029 04       		.uleb128 0x4
 709 002a 16       		.uleb128 0x16
 710 002b 00       		.byte	0
 711 002c 03       		.uleb128 0x3
 712 002d 0E       		.uleb128 0xe
 713 002e 3A       		.uleb128 0x3a
 714 002f 0B       		.uleb128 0xb
 715 0030 3B       		.uleb128 0x3b
 716 0031 05       		.uleb128 0x5
 717 0032 49       		.uleb128 0x49
 718 0033 13       		.uleb128 0x13
 719 0034 00       		.byte	0
 720 0035 00       		.byte	0
 721 0036 05       		.uleb128 0x5
 722 0037 35       		.uleb128 0x35
 723 0038 00       		.byte	0
ARM GAS  C:\Users\victo\AppData\Local\Temp\ccH8uaGk.s 			page 33


 724 0039 49       		.uleb128 0x49
 725 003a 13       		.uleb128 0x13
 726 003b 00       		.byte	0
 727 003c 00       		.byte	0
 728 003d 06       		.uleb128 0x6
 729 003e 2E       		.uleb128 0x2e
 730 003f 01       		.byte	0x1
 731 0040 3F       		.uleb128 0x3f
 732 0041 19       		.uleb128 0x19
 733 0042 03       		.uleb128 0x3
 734 0043 0E       		.uleb128 0xe
 735 0044 3A       		.uleb128 0x3a
 736 0045 0B       		.uleb128 0xb
 737 0046 3B       		.uleb128 0x3b
 738 0047 0B       		.uleb128 0xb
 739 0048 27       		.uleb128 0x27
 740 0049 19       		.uleb128 0x19
 741 004a 11       		.uleb128 0x11
 742 004b 01       		.uleb128 0x1
 743 004c 12       		.uleb128 0x12
 744 004d 06       		.uleb128 0x6
 745 004e 40       		.uleb128 0x40
 746 004f 18       		.uleb128 0x18
 747 0050 9742     		.uleb128 0x2117
 748 0052 19       		.uleb128 0x19
 749 0053 01       		.uleb128 0x1
 750 0054 13       		.uleb128 0x13
 751 0055 00       		.byte	0
 752 0056 00       		.byte	0
 753 0057 07       		.uleb128 0x7
 754 0058 05       		.uleb128 0x5
 755 0059 00       		.byte	0
 756 005a 03       		.uleb128 0x3
 757 005b 0E       		.uleb128 0xe
 758 005c 3A       		.uleb128 0x3a
 759 005d 0B       		.uleb128 0xb
 760 005e 3B       		.uleb128 0x3b
 761 005f 0B       		.uleb128 0xb
 762 0060 49       		.uleb128 0x49
 763 0061 13       		.uleb128 0x13
 764 0062 02       		.uleb128 0x2
 765 0063 17       		.uleb128 0x17
 766 0064 00       		.byte	0
 767 0065 00       		.byte	0
 768 0066 08       		.uleb128 0x8
 769 0067 34       		.uleb128 0x34
 770 0068 00       		.byte	0
 771 0069 03       		.uleb128 0x3
 772 006a 0E       		.uleb128 0xe
 773 006b 3A       		.uleb128 0x3a
 774 006c 0B       		.uleb128 0xb
 775 006d 3B       		.uleb128 0x3b
 776 006e 0B       		.uleb128 0xb
 777 006f 49       		.uleb128 0x49
 778 0070 13       		.uleb128 0x13
 779 0071 00       		.byte	0
 780 0072 00       		.byte	0
ARM GAS  C:\Users\victo\AppData\Local\Temp\ccH8uaGk.s 			page 34


 781 0073 09       		.uleb128 0x9
 782 0074 2E       		.uleb128 0x2e
 783 0075 00       		.byte	0
 784 0076 3F       		.uleb128 0x3f
 785 0077 19       		.uleb128 0x19
 786 0078 03       		.uleb128 0x3
 787 0079 0E       		.uleb128 0xe
 788 007a 3A       		.uleb128 0x3a
 789 007b 0B       		.uleb128 0xb
 790 007c 3B       		.uleb128 0x3b
 791 007d 0B       		.uleb128 0xb
 792 007e 27       		.uleb128 0x27
 793 007f 19       		.uleb128 0x19
 794 0080 49       		.uleb128 0x49
 795 0081 13       		.uleb128 0x13
 796 0082 11       		.uleb128 0x11
 797 0083 01       		.uleb128 0x1
 798 0084 12       		.uleb128 0x12
 799 0085 06       		.uleb128 0x6
 800 0086 40       		.uleb128 0x40
 801 0087 18       		.uleb128 0x18
 802 0088 9742     		.uleb128 0x2117
 803 008a 19       		.uleb128 0x19
 804 008b 00       		.byte	0
 805 008c 00       		.byte	0
 806 008d 0A       		.uleb128 0xa
 807 008e 05       		.uleb128 0x5
 808 008f 00       		.byte	0
 809 0090 03       		.uleb128 0x3
 810 0091 0E       		.uleb128 0xe
 811 0092 3A       		.uleb128 0x3a
 812 0093 0B       		.uleb128 0xb
 813 0094 3B       		.uleb128 0x3b
 814 0095 0B       		.uleb128 0xb
 815 0096 49       		.uleb128 0x49
 816 0097 13       		.uleb128 0x13
 817 0098 02       		.uleb128 0x2
 818 0099 18       		.uleb128 0x18
 819 009a 00       		.byte	0
 820 009b 00       		.byte	0
 821 009c 0B       		.uleb128 0xb
 822 009d 34       		.uleb128 0x34
 823 009e 00       		.byte	0
 824 009f 03       		.uleb128 0x3
 825 00a0 0E       		.uleb128 0xe
 826 00a1 3A       		.uleb128 0x3a
 827 00a2 0B       		.uleb128 0xb
 828 00a3 3B       		.uleb128 0x3b
 829 00a4 0B       		.uleb128 0xb
 830 00a5 49       		.uleb128 0x49
 831 00a6 13       		.uleb128 0x13
 832 00a7 02       		.uleb128 0x2
 833 00a8 17       		.uleb128 0x17
 834 00a9 00       		.byte	0
 835 00aa 00       		.byte	0
 836 00ab 0C       		.uleb128 0xc
 837 00ac 2E       		.uleb128 0x2e
ARM GAS  C:\Users\victo\AppData\Local\Temp\ccH8uaGk.s 			page 35


 838 00ad 01       		.byte	0x1
 839 00ae 3F       		.uleb128 0x3f
 840 00af 19       		.uleb128 0x19
 841 00b0 03       		.uleb128 0x3
 842 00b1 0E       		.uleb128 0xe
 843 00b2 3A       		.uleb128 0x3a
 844 00b3 0B       		.uleb128 0xb
 845 00b4 3B       		.uleb128 0x3b
 846 00b5 0B       		.uleb128 0xb
 847 00b6 27       		.uleb128 0x27
 848 00b7 19       		.uleb128 0x19
 849 00b8 49       		.uleb128 0x49
 850 00b9 13       		.uleb128 0x13
 851 00ba 11       		.uleb128 0x11
 852 00bb 01       		.uleb128 0x1
 853 00bc 12       		.uleb128 0x12
 854 00bd 06       		.uleb128 0x6
 855 00be 40       		.uleb128 0x40
 856 00bf 18       		.uleb128 0x18
 857 00c0 9742     		.uleb128 0x2117
 858 00c2 19       		.uleb128 0x19
 859 00c3 00       		.byte	0
 860 00c4 00       		.byte	0
 861 00c5 00       		.byte	0
 862              		.section	.debug_loc,"",%progbits
 863              	.Ldebug_loc0:
 864              	.LLST0:
 865 0000 00000000 		.4byte	.LVL0
 866 0004 08000000 		.4byte	.LVL1
 867 0008 0100     		.2byte	0x1
 868 000a 50       		.byte	0x50
 869 000b 08000000 		.4byte	.LVL1
 870 000f 18000000 		.4byte	.LFE0
 871 0013 0400     		.2byte	0x4
 872 0015 F3       		.byte	0xf3
 873 0016 01       		.uleb128 0x1
 874 0017 50       		.byte	0x50
 875 0018 9F       		.byte	0x9f
 876 0019 00000000 		.4byte	0
 877 001d 00000000 		.4byte	0
 878              	.LLST1:
 879 0021 00000000 		.4byte	.LVL2
 880 0025 06000000 		.4byte	.LVL3
 881 0029 0100     		.2byte	0x1
 882 002b 50       		.byte	0x50
 883 002c 06000000 		.4byte	.LVL3
 884 0030 18000000 		.4byte	.LFE1
 885 0034 0400     		.2byte	0x4
 886 0036 F3       		.byte	0xf3
 887 0037 01       		.uleb128 0x1
 888 0038 50       		.byte	0x50
 889 0039 9F       		.byte	0x9f
 890 003a 00000000 		.4byte	0
 891 003e 00000000 		.4byte	0
 892              	.LLST2:
 893 0042 00000000 		.4byte	.LVL4
 894 0046 08000000 		.4byte	.LVL7
ARM GAS  C:\Users\victo\AppData\Local\Temp\ccH8uaGk.s 			page 36


 895 004a 0100     		.2byte	0x1
 896 004c 50       		.byte	0x50
 897 004d 08000000 		.4byte	.LVL7
 898 0051 14000000 		.4byte	.LFE4
 899 0055 0400     		.2byte	0x4
 900 0057 F3       		.byte	0xf3
 901 0058 01       		.uleb128 0x1
 902 0059 50       		.byte	0x50
 903 005a 9F       		.byte	0x9f
 904 005b 00000000 		.4byte	0
 905 005f 00000000 		.4byte	0
 906              	.LLST3:
 907 0063 04000000 		.4byte	.LVL5
 908 0067 06000000 		.4byte	.LVL6
 909 006b 0B00     		.2byte	0xb
 910 006d 70       		.byte	0x70
 911 006e 00       		.sleb128 0
 912 006f 0A       		.byte	0xa
 913 0070 FFFF     		.2byte	0xffff
 914 0072 1A       		.byte	0x1a
 915 0073 20       		.byte	0x20
 916 0074 73       		.byte	0x73
 917 0075 00       		.sleb128 0
 918 0076 1A       		.byte	0x1a
 919 0077 9F       		.byte	0x9f
 920 0078 00000000 		.4byte	0
 921 007c 00000000 		.4byte	0
 922              	.LLST4:
 923 0080 08000000 		.4byte	.LVL8
 924 0084 0C000000 		.4byte	.LVL9
 925 0088 0100     		.2byte	0x1
 926 008a 50       		.byte	0x50
 927 008b 0C000000 		.4byte	.LVL9
 928 008f 14000000 		.4byte	.LFE5
 929 0093 0400     		.2byte	0x4
 930 0095 72       		.byte	0x72
 931 0096 00       		.sleb128 0
 932 0097 06       		.byte	0x6
 933 0098 9F       		.byte	0x9f
 934 0099 00000000 		.4byte	0
 935 009d 00000000 		.4byte	0
 936              		.section	.debug_aranges,"",%progbits
 937 0000 44000000 		.4byte	0x44
 938 0004 0200     		.2byte	0x2
 939 0006 00000000 		.4byte	.Ldebug_info0
 940 000a 04       		.byte	0x4
 941 000b 00       		.byte	0
 942 000c 0000     		.2byte	0
 943 000e 0000     		.2byte	0
 944 0010 00000000 		.4byte	.LFB0
 945 0014 18000000 		.4byte	.LFE0-.LFB0
 946 0018 00000000 		.4byte	.LFB1
 947 001c 18000000 		.4byte	.LFE1-.LFB1
 948 0020 00000000 		.4byte	.LFB2
 949 0024 10000000 		.4byte	.LFE2-.LFB2
 950 0028 00000000 		.4byte	.LFB3
 951 002c 10000000 		.4byte	.LFE3-.LFB3
ARM GAS  C:\Users\victo\AppData\Local\Temp\ccH8uaGk.s 			page 37


 952 0030 00000000 		.4byte	.LFB4
 953 0034 14000000 		.4byte	.LFE4-.LFB4
 954 0038 00000000 		.4byte	.LFB5
 955 003c 14000000 		.4byte	.LFE5-.LFB5
 956 0040 00000000 		.4byte	0
 957 0044 00000000 		.4byte	0
 958              		.section	.debug_ranges,"",%progbits
 959              	.Ldebug_ranges0:
 960 0000 00000000 		.4byte	.LFB0
 961 0004 18000000 		.4byte	.LFE0
 962 0008 00000000 		.4byte	.LFB1
 963 000c 18000000 		.4byte	.LFE1
 964 0010 00000000 		.4byte	.LFB2
 965 0014 10000000 		.4byte	.LFE2
 966 0018 00000000 		.4byte	.LFB3
 967 001c 10000000 		.4byte	.LFE3
 968 0020 00000000 		.4byte	.LFB4
 969 0024 14000000 		.4byte	.LFE4
 970 0028 00000000 		.4byte	.LFB5
 971 002c 14000000 		.4byte	.LFE5
 972 0030 00000000 		.4byte	0
 973 0034 00000000 		.4byte	0
 974              		.section	.debug_line,"",%progbits
 975              	.Ldebug_line0:
 976 0000 CE000000 		.section	.debug_str,"MS",%progbits,1
 976      02004B00 
 976      00000201 
 976      FB0E0D00 
 976      01010101 
 977              	.LASF15:
 978 0000 72656733 		.ascii	"reg32\000"
 978      3200
 979              	.LASF28:
 980 0006 2E5C4765 		.ascii	".\\Generated_Source\\PSoC4\\OCP_FAULT_P1.c\000"
 980      6E657261 
 980      7465645F 
 980      536F7572 
 980      63655C50 
 981              	.LASF19:
 982 002e 76616C75 		.ascii	"value\000"
 982      6500
 983              	.LASF24:
 984 0034 4F43505F 		.ascii	"OCP_FAULT_P1_ClearInterrupt\000"
 984      4641554C 
 984      545F5031 
 984      5F436C65 
 984      6172496E 
 985              	.LASF12:
 986 0050 666C6F61 		.ascii	"float\000"
 986      7400
 987              	.LASF1:
 988 0056 756E7369 		.ascii	"unsigned char\000"
 988      676E6564 
 988      20636861 
 988      7200
 989              	.LASF30:
 990 0064 64725661 		.ascii	"drVal\000"
ARM GAS  C:\Users\victo\AppData\Local\Temp\ccH8uaGk.s 			page 38


 990      6C00
 991              	.LASF5:
 992 006a 6C6F6E67 		.ascii	"long unsigned int\000"
 992      20756E73 
 992      69676E65 
 992      6420696E 
 992      7400
 993              	.LASF3:
 994 007c 73686F72 		.ascii	"short unsigned int\000"
 994      7420756E 
 994      7369676E 
 994      65642069 
 994      6E7400
 995              	.LASF16:
 996 008f 4F43505F 		.ascii	"OCP_FAULT_P1_SetDriveMode\000"
 996      4641554C 
 996      545F5031 
 996      5F536574 
 996      44726976 
 997              	.LASF17:
 998 00a9 4F43505F 		.ascii	"OCP_FAULT_P1_Write\000"
 998      4641554C 
 998      545F5031 
 998      5F577269 
 998      746500
 999              	.LASF13:
 1000 00bc 646F7562 		.ascii	"double\000"
 1000      6C6500
 1001              	.LASF21:
 1002 00c3 4F43505F 		.ascii	"OCP_FAULT_P1_ReadDataReg\000"
 1002      4641554C 
 1002      545F5031 
 1002      5F526561 
 1002      64446174 
 1003              	.LASF10:
 1004 00dc 75696E74 		.ascii	"uint16\000"
 1004      313600
 1005              	.LASF23:
 1006 00e3 706F7369 		.ascii	"position\000"
 1006      74696F6E 
 1006      00
 1007              	.LASF11:
 1008 00ec 75696E74 		.ascii	"uint32\000"
 1008      333200
 1009              	.LASF22:
 1010 00f3 4F43505F 		.ascii	"OCP_FAULT_P1_SetInterruptMode\000"
 1010      4641554C 
 1010      545F5031 
 1010      5F536574 
 1010      496E7465 
 1011              	.LASF25:
 1012 0111 696E7472 		.ascii	"intrCfg\000"
 1012      43666700 
 1013              	.LASF8:
 1014 0119 756E7369 		.ascii	"unsigned int\000"
 1014      676E6564 
 1014      20696E74 
ARM GAS  C:\Users\victo\AppData\Local\Temp\ccH8uaGk.s 			page 39


 1014      00
 1015              	.LASF7:
 1016 0126 6C6F6E67 		.ascii	"long long unsigned int\000"
 1016      206C6F6E 
 1016      6720756E 
 1016      7369676E 
 1016      65642069 
 1017              	.LASF27:
 1018 013d 474E5520 		.ascii	"GNU C 4.9.3 20150303 (release) [ARM/embedded-4_9-br"
 1018      4320342E 
 1018      392E3320 
 1018      32303135 
 1018      30333033 
 1019 0170 616E6368 		.ascii	"anch revision 221220] -mcpu=cortex-m0 -mthumb -g -O"
 1019      20726576 
 1019      6973696F 
 1019      6E203232 
 1019      31323230 
 1020 01a3 73202D66 		.ascii	"s -ffunction-sections -finline-functions -flto -ffa"
 1020      66756E63 
 1020      74696F6E 
 1020      2D736563 
 1020      74696F6E 
 1021 01d6 742D6C74 		.ascii	"t-lto-objects -fno-strict-aliasing\000"
 1021      6F2D6F62 
 1021      6A656374 
 1021      73202D66 
 1021      6E6F2D73 
 1022              	.LASF18:
 1023 01f9 6D6F6465 		.ascii	"mode\000"
 1023      00
 1024              	.LASF29:
 1025 01fe 433A5C55 		.ascii	"C:\\Users\\victo\\OneDrive\\Documents\\PSoC Creator"
 1025      73657273 
 1025      5C766963 
 1025      746F5C4F 
 1025      6E654472 
 1026 022c 5C435950 		.ascii	"\\CYPD4225-40LQXI_0805\\CYPD4225-40LQXI_notebook01."
 1026      44343232 
 1026      352D3430 
 1026      4C515849 
 1026      5F303830 
 1027 025d 63796473 		.ascii	"cydsn\000"
 1027      6E00
 1028              	.LASF6:
 1029 0263 6C6F6E67 		.ascii	"long long int\000"
 1029      206C6F6E 
 1029      6720696E 
 1029      7400
 1030              	.LASF26:
 1031 0271 6D61736B 		.ascii	"maskedStatus\000"
 1031      65645374 
 1031      61747573 
 1031      00
 1032              	.LASF14:
 1033 027e 63686172 		.ascii	"char\000"
 1033      00
ARM GAS  C:\Users\victo\AppData\Local\Temp\ccH8uaGk.s 			page 40


 1034              	.LASF20:
 1035 0283 4F43505F 		.ascii	"OCP_FAULT_P1_Read\000"
 1035      4641554C 
 1035      545F5031 
 1035      5F526561 
 1035      6400
 1036              	.LASF2:
 1037 0295 73686F72 		.ascii	"short int\000"
 1037      7420696E 
 1037      7400
 1038              	.LASF9:
 1039 029f 75696E74 		.ascii	"uint8\000"
 1039      3800
 1040              	.LASF4:
 1041 02a5 6C6F6E67 		.ascii	"long int\000"
 1041      20696E74 
 1041      00
 1042              	.LASF0:
 1043 02ae 7369676E 		.ascii	"signed char\000"
 1043      65642063 
 1043      68617200 
 1044              		.comm	__gnu_lto_v1,1,1
 1045              		.ident	"GCC: (GNU Tools for ARM Embedded Processors) 4.9.3 20150303 (release) [ARM/embedded-4_9-br
