ARM GAS  C:\Users\victo\AppData\Local\Temp\cczK86eJ.s 			page 1


   1              		.cpu cortex-m0
   2              		.fpu softvfp
   3              		.eabi_attribute 20, 1
   4              		.eabi_attribute 21, 1
   5              		.eabi_attribute 23, 3
   6              		.eabi_attribute 24, 1
   7              		.eabi_attribute 25, 1
   8              		.eabi_attribute 26, 1
   9              		.eabi_attribute 30, 4
  10              		.eabi_attribute 34, 0
  11              		.eabi_attribute 18, 4
  12              		.code	16
  13              		.file	"OCP_FAULT_P2.c"
  14              		.text
  15              	.Ltext0:
  16              		.section	.gnu.lto_.profile.91bca935,"",%progbits
  17 0000 789C6366 		.ascii	"x\234cf```a\200\000F\006uE\000\000\343\000Q"
  17      60606061 
  17      80004606 
  17      75450000 
  17      E30051
  18              		.text
  19              		.section	.gnu.lto_.jmpfuncs.91bca935,"",%progbits
  20 0000 789C6366 		.ascii	"x\234cf\300\016d\2404\033\003##c=#\210`b``f``abdd\256"
  20      C00E64A0 
  20      341B0323 
  20      23633D23 
  20      88606260 
  21 001d AF6705CA 		.ascii	"\257g\005\312\001\000 \267\002>"
  21      010020B7 
  21      023E
  22              		.text
  23              		.section	.gnu.lto_.inline.91bca935,"",%progbits
  24 0000 789C6366 		.ascii	"x\234cf\300\016f@i6\006\006\016vFF\006F\006\006f\216"
  24      C00E6640 
  24      69360606 
  24      0E764646 
  24      06460606 
  25 0016 03760C6C 		.ascii	"\003v\014l\013\344\231\030\230.\360\263\200$\031\031"
  25      0BE49918 
  25      982EF0B3 
  25      80241919 
  26 0026 3839D0E5 		.ascii	"89\320\345X\026\310\203\345\230\030\330X\031\031\230"
  26      5816C883 
  26      E59818D8 
  26      58191998 
  27 0036 D83EE841 		.ascii	"\330>\350A\304\201\200\031S\210\005d\002\023\310\004"
  27      C4818019 
  27      53880564 
  27      0213C804 
  28 0046 A0390C2C 		.ascii	"\2409\014,\2506\000\011\036\220\"V\006v6\240>\270$\010"
  28      A8360009 
  28      1E902256 
  28      067636A0 
  28      3EB82408 
  29 005a 0000BE90 		.ascii	"\000\000\276\220\017\254"
  29      0FAC
ARM GAS  C:\Users\victo\AppData\Local\Temp\cczK86eJ.s 			page 2


  30              		.text
  31              		.section	.gnu.lto_.pureconst.91bca935,"",%progbits
  32 0000 789C6366 		.ascii	"x\234cf``\340e\200\0006\006)F)&)f)\026)V)\000\005\261"
  32      6060E065 
  32      80003606 
  32      29462926 
  32      29662916 
  33 001a 00C2     		.ascii	"\000\302"
  34              		.text
  35              		.section	.gnu.lto_OCP_FAULT_P2_SetDriveMode.91bca935,"",%progbits
  36 0000 789C7D91 		.ascii	"x\234}\221\261K[Q\024\306\317w\337\313Kj\020\213cvM"
  36      B14B5B51 
  36      14C6CF77 
  36      DFCB4B6A 
  36      108B6376 
  37 0015 C562A1F8 		.ascii	"\305b\241\370\007X\204\272\010\006\242[ \212>p\321\240"
  37      075884BA 
  37      0806A25B 
  37      208A3E70 
  37      D1A0
  38 0027 D8D99B98 		.ascii	"\330\331\233\230\026)\024\2428(\222E\221\250iUpp\320"
  38      162914A2 
  38      38289245 
  38      91A86955 
  38      7070D0
  39 003a 21383888 		.ascii	"!88\210(:4\362\020uH[u2\250\265\031\354\363\234$[\241"
  39      283A34F2 
  39      1075485B 
  39      7532A8B5 
  39      19ECF39C 
  40 0051 17EEB9E7 		.ascii	"\027\356\271\347\036\276\337\367\316;\327\240\177W\200"
  40      1EBEDFF7 
  40      CE3BD7A0 
  40      7F5780
  41 0060 F73688DE 		.ascii	"\3676\210\336\360\011\203\240R\207Dq\237\002$!\320\270"
  41      F00983A0 
  41      52874471 
  41      9F022421 
  41      D0B8
  42 0072 C238AE55 		.ascii	"\3028\256UQ!\225\313\316\372\203KZ\353\333\304\346\240"
  42      512195CB 
  42      CEFA834B 
  42      5AEBDBC4 
  42      E6A0
  43 0084 9EE92D29 		.ascii	"\236\351-)\242;U\361A\006A\326\374*]gj\215f\020\347"
  43      A23B55F1 
  43      410641D6 
  43      FC2A5D67 
  43      6A8D6610 
  44 0099 4F53F913 		.ascii	"OS\371\023\325\260\250u\"\347\254\3516\224\330t\031"
  44      D5B0A875 
  44      22E7ACE9 
  44      3694D874 
  44      19
  45 00aa 0613781D 		.ascii	"\006\023x\035@S\200\270@XA\203\210\213\311\247\274\337"
  45      405380B8 
  45      40584183 
ARM GAS  C:\Users\victo\AppData\Local\Temp\cczK86eJ.s 			page 3


  45      888BC9A7 
  45      BCDF
  46 00bc 4AB2F9CB 		.ascii	"J\262\371\313\212'Vaq_\264^\237\323\256{wp|\325\210"
  46      8A275661 
  46      715FB45E 
  46      9FD3AE7B 
  46      77707CD5 
  47 00d1 178A1965 		.ascii	"\027\212\031eH0!\244GRK\202W\002Q\201\2674\376\203/"
  47      483021A4 
  47      47524B82 
  47      57025181 
  47      B734FE83 
  48 00e6 7C1A0E76 		.ascii	"|\032\016v\177\177\376>g\211\333\243\222\277\330\376"
  48      7F7FFE3E 
  48      6789DBA3 
  48      92BFD8FE 
  49 00f6 F8255F73 		.ascii	"\370%_s\245J\312\230\374\224\322\246|\373\242pt\354"
  49      A54ACA98 
  49      FC94D2A6 
  49      7CFBA270 
  49      74EC
  50 0108 2B9748AE 		.ascii	"+\227H\2567\013;#i\314\307\223\334\261\211,\002\370"
  50      370B3B23 
  50      69CCC793 
  50      DCB1892C 
  50      02F8
  51 011a 0A1E13BE 		.ascii	"\012\036\023\276!\015r0\361\247\352fT\014\037\026\377"
  51      210D7230 
  51      F1A7EA66 
  51      540C1F16 
  51      FF
  52 012b FE2CD3CA 		.ascii	"\376,\323\312u\213n\035a\215\325\016\022\347\336\212"
  52      758B6E1D 
  52      618DD50E 
  52      12E7DE8A 
  53 013b CCF3A84C 		.ascii	"\314\363\250L\301\316\252\230\224\030;\275L\354\373"
  53      C1CEAA98 
  53      94183BBD 
  53      4CECFB
  54 014a 05F330B2 		.ascii	"\005\3630\262^F&\356\253\022o\331\334\342\322\3564\244"
  54      5E4626EE 
  54      AB126FD9 
  54      DCE2D2EE 
  54      34A4
  55 015c F49FAE36 		.ascii	"\364\237\2566\270+&\350\034\361\334\326\236\022\265"
  55      B82B26E8 
  55      1CF1DCD6 
  55      9E12B5
  56 016b BC478167 		.ascii	"\274G\201g\313\003\340q\274j\211t\330\303\366h\337\230"
  56      CB03E071 
  56      BC6A8974 
  56      D8C3F668 
  56      DF98
  57 017d 3D100DC7 		.ascii	"=\020\015\307>\214\366\333\221P8\326\336\032\351j\017"
  57      3E8CF6DB 
  57      915038D6 
  57      DE1AE96A 
ARM GAS  C:\Users\victo\AppData\Local\Temp\cczK86eJ.s 			page 4


  57      0F
  58 018e 45DFBFEB 		.ascii	"E\337\277\353\351\354\216\206\336\266\364\2239\024\033"
  58      E9EC8E86 
  58      DEB6F493 
  58      39141B
  59 019d B09F017D 		.ascii	"\260\237\001}\013\250S"
  59      0BA853
  60              		.text
  61              		.section	.gnu.lto_OCP_FAULT_P2_Write.91bca935,"",%progbits
  62 0000 789C6552 		.ascii	"x\234eRMh\023A\030\2357\223\315n\211\007\361 %\027\205"
  62      4D681341 
  62      189D3793 
  62      CD6E8907 
  62      F1202517 
  63 0015 52AA2805 		.ascii	"R\252(\005E\274xQ\012\366\"\030\250z\012\206\320\356"
  63      45BC7851 
  63      0AF62218 
  63      A87A0A86 
  63      D0EE
  64 0027 41281682 		.ascii	"A(\026\202\355\265\263\355\232\024A\210\"\022(\255\266"
  64      EDB5B3ED 
  64      9A144188 
  64      221228AD 
  64      B6
  65 0038 52AC46DB 		.ascii	"R\254F\333j\016\202\036\014=x\263R\204\2525\244\015"
  65      6A0E821E 
  65      0C3D78B3 
  65      5284AA35 
  65      A40D
  66 004a 8D60C183 		.ascii	"\215`\301\203\375\2616\007\215\337\267\203`p\331\371"
  66      FDB13607 
  66      8DDFB783 
  66      6070D9F9 
  67 005a D9B7EFBD 		.ascii	"\331\267\357\275y\337\267\253\304\377W\224\306\025)"
  67      79DFB7AB 
  67      C4FF5794 
  67      C61529
  68 0069 C4495AA1 		.ascii	"\304IZ\241\004dvA\010\317\221\000o\004\304\240\304 "
  68      04647641 
  68      08CF9100 
  68      6F04C4A0 
  68      C420
  69 007b D6E58644 		.ascii	"\326\345\206D\266\230\317E\332\246\264\326\3377_5_o"
  69      B698CF45 
  69      DAA6B4D6 
  69      DF375F35 
  69      5F6F
  70 008d AE916C4B 		.ascii	"\256\221lK\032\033<D\033Q\266\362\372\216RG h?\267\370"
  70      1A1B3C44 
  70      1B51B6F2 
  70      FA8E5247 
  70      20683FB7 
  71 00a2 F6B7DDFA 		.ascii	"\366\267\335\372@\353\241\342\353\031}\0325\362\234"
  71      40EBA1E2 
  71      EB197D1A 
  71      35F29C
  72 00b1 8622058E 		.ascii	"\206\"\005\216Fq8*\010\020x\204V&o\336\315\357Hu,\020"
ARM GAS  C:\Users\victo\AppData\Local\Temp\cczK86eJ.s 			page 5


  72      4671382A 
  72      08107884 
  72      56266FDE 
  72      CDEF4875 
  73 00c7 5626D7EE 		.ascii	"V&\327\356\331-\023$\\]_{\023\3219\355\257\326\353\007"
  73      D92D1324 
  73      5C5D5F7B 
  73      13D139ED 
  73      AFD6EB07 
  74 00db 58FFF85F 		.ascii	"X\377\370_\275\271H\260\341\377\372\020\011\373\024"
  74      BDB948B0 
  74      E1FFFA10 
  74      09FB14
  75 00ea 6C2FF268 		.ascii	"l/\362h1\241\360\004a\320\302\310\354\276\242\256\327"
  75      31A1F004 
  75      61D0C2C8 
  75      ECBEA2AE 
  75      D7
  76 00fb 0BDBB746 		.ascii	"\013\333\267FN!\"\351`\251hR!\301/-p\2100\0036ON\200"
  76      4E2122E9 
  76      60A96852 
  76      21C12F2D 
  76      70883003 
  77 0113 36314B88 		.ascii	"61K\210*\015n\304\027z\240U-c~\347\306\302\370\000\273"
  77      2A0D6EC4 
  77      177AA055 
  77      2D637EE7 
  77      C6C2F800 
  78 0128 FF94DC95 		.ascii	"\377\224\334\225\211\251\234\217\257\262&C:\235\325"
  78      89A99C8F 
  78      AFB22643 
  78      3A9DD5
  79 0137 21CEB352 		.ascii	"!\316\263R}\267\350\004P\020\257r?3\255\3060\352\371"
  79      7DB7E804 
  79      5010AF72 
  79      3F33ADC6 
  79      30EAF9
  80 014a D4030B4F 		.ascii	"\324\003\013O\021\305\014(>f1\006\261\214\241\217\231"
  80      11C50C28 
  80      3E663106 
  80      B18CA18F 
  80      99
  81 015b 9234868A 		.ascii	"\2224\206\212<\011\031\336M\227`\220\020\201\344\361"
  81      3C0919DE 
  81      4D976090 
  81      1081E4F1 
  82 016b C2FB3CB9 		.ascii	"\302\373<\271\207-\325\0125m\216\344K\0104\234\225X"
  82      872DD50A 
  82      356D8EE4 
  82      4B08349C 
  82      9558
  83 017d 2C2AA597 		.ascii	",*\245\227\306/\033\025\335\026\251\276\275\037}iT\226"
  83      C62F1B15 
  83      DD16A9BE 
  83      BD1F7D69 
  83      5496
  84 018f C0331235 		.ascii	"\3003\0225X\333\304\343x7\177\024\202\002pP\340\271"
ARM GAS  C:\Users\victo\AppData\Local\Temp\cczK86eJ.s 			page 6


  84      58DBC4E3 
  84      78377F14 
  84      82027050 
  84      E0B9
  85 01a1 216D870D 		.ascii	"!m\207\015\305\011\002\330\215\2079\234\271\234)\377"
  85      C50902D8 
  85      8D87399C 
  85      B99C29FF 
  86 01b1 3DACC940 		.ascii	"=\254\311@\363\267+\373\031h\250\330+Z\2155\027\250"
  86      F3B72BFB 
  86      1968A8D8 
  86      2B5A8D35 
  86      17A8
  87 01c3 66928832 		.ascii	"f\222\2102\274\342\247N\346\363G\254\322\257@\355\245"
  87      BCE2A74E 
  87      E6F347AC 
  87      D2AF40ED 
  87      A5
  88 01d4 661F6A8F 		.ascii	"f\037j\217w\272W\335T\362\232\333\223\350\352\353Ou"
  88      77BA57DD 
  88      54F29ADB 
  88      93E8EAEB 
  88      4F75
  89 01e6 BBF15857 		.ascii	"\273\361XW_\307\211\370\371\216X\342\354\231\213\347"
  89      5FC789F8 
  89      F98E58E2 
  89      EC998BE7 
  90 01f6 2E2462C7 		.ascii	".$b\307\333\273\2055\220\354\355w\255\236\324\245d\357"
  90      DBBB8535 
  90      90ECED77 
  90      AD9ED4A5 
  90      64EF
  91 0208 1F3A82E0 		.ascii	"\037:\202\340\254"
  91      AC
  92              		.text
  93              		.section	.gnu.lto_OCP_FAULT_P2_Read.91bca935,"",%progbits
  94 0000 789C658F 		.ascii	"x\234e\217?HBQ\024\306\317w\336{&\030\024M\341\324\224"
  94      3F484251 
  94      14C6CF77 
  94      DE7B2618 
  94      144DE1D4 
  95 0015 15E210AD 		.ascii	"\025\342\020\255\015!\324\022$XK\010\022\366\326\004"
  95      0D21D412 
  95      24584B08 
  95      12F6D604 
  96 0025 A9D9A7BD 		.ascii	"\251\331\247\275\014\232\2441q\222(\373\277\332R8[\022"
  96      0C9AA431 
  96      719228FB 
  96      BFDA5238 
  96      5B12
  97 0037 4681842D 		.ascii	"F\201\204-\006\006\016\211\366\347\015e\367\372\332"
  97      06060E89 
  97      F6E70D65 
  97      F7FADA
  98 0046 BA70CFB9 		.ascii	"\272p\317\271\347\236\037\337w\216B\377\217[\334i\020"
  98      E79E1FDF 
  98      778E42FF 
ARM GAS  C:\Users\victo\AppData\Local\Temp\cczK86eJ.s 			page 7


  98      8F5BDC69 
  98      10
  99 0057 4D880C85 		.ascii	"M\210\014\205\300\351[\242\204\223\001\371 P\234\021"
  99      C0E95BA2 
  99      849301F9 
  99      20509C11 
 100 0067 C72BB718 		.ascii	"\307+\267\030\245\302O\005\236}\303H\276%+O\256\255"
 100      A5C24F05 
 100      9E7DC348 
 100      BE252B4F 
 100      AEAD
 101 0079 618B89DA 		.ascii	"a\213\211\332L\360\2721.up\000\017\011\260e~?\272\034"
 101      4CF0BA31 
 101      2E757000 
 101      0F09B065 
 101      7E3FBA1C 
 102 008d A6611883 		.ascii	"\246a\030\203\262/\032\207p\010\017:\037\2726\272\335"
 102      B22F1A87 
 102      70080F3A 
 102      1FBA36BA 
 102      DD
 103 009e 7669B731 		.ascii	"vi\2671\312\016&\213\205\243\010\252\014\032I9\252\213"
 103      CA0E268B 
 103      85A308AA 
 103      0C1A4939 
 103      AA8B
 104 00b0 209D5F98 		.ascii	" \235_\230eV\252(~\354<\344\227\245\304'\3131r\345b"
 104      6556AA28 
 104      7EEC3CE4 
 104      97A5C427 
 104      CB3172E5 
 105 00c5 476BB0C5 		.ascii	"Gk\260\305l\246\322\206*\015\237\353\345;g\357\213d"
 105      6CA6D286 
 105      2A0D9FEB 
 105      E53B67EF 
 105      8B64
 106 00d7 F9BE7771 		.ascii	"\371\276wq5\220E&a\302b\005y\270q\0041 \216\221\005"
 106      35904526 
 106      61C26205 
 106      79B87104 
 106      31208E91 
 107 00ec 55B1F995 		.ascii	"U\261\371\225j\252\266\240bk\026\316:7.)\200\021\302"
 107      6AAAB6A0 
 107      626B16CE 
 107      3A372E29 
 107      8011C2
 108 00ff 89600554 		.ascii	"\211`\005TK\335\367\331\220*8\0015+\231\313~\011\251"
 108      4BDDF7D9 
 108      902A3801 
 108      352B99CB 
 108      7E09A9
 109 0112 1AE1B407 		.ascii	"\032\341\264\007%k\333^\233\321\004F5\340\257\352m\002"
 109      256BDB5E 
 109      9BD10446 
 109      35E0AFEA 
 109      6D02
 110 0124 B9811869 		.ascii	"\271\201\030i\314\027\232\323\327\364\330\312\272\276"
ARM GAS  C:\Users\victo\AppData\Local\Temp\cczK86eJ.s 			page 8


 110      CC179AD3 
 110      D7F4D8CA 
 110      BABE
 111 0132 1A0E4637 		.ascii	"\032\016F7b\021=\024\010F\375S\241\005\177 <;\2634\277"
 111      62113D14 
 111      0846FD53 
 111      A1057F20 
 111      3C3BB334 
 112 0147 180E4CFA 		.ascii	"\030\016L\372\"\364\013\027\270|\363"
 112      22F40B17 
 112      B87CF3
 113              		.text
 114              		.section	.gnu.lto_OCP_FAULT_P2_ReadDataReg.91bca935,"",%progbits
 115 0000 789C658F 		.ascii	"x\234e\217?HBQ\024\306\317w\336\323\004\033\242)\234"
 115      3F484251 
 115      14C6CF77 
 115      DED3041B 
 115      A2299C
 116 0013 DAAC1087 		.ascii	"\332\254\020\207jm\010\241\226 \301ZB\220\260\267&H"
 116      6A6D08A1 
 116      9620C15A 
 116      4290B0B7 
 116      2648
 117 0025 CD5EEDA5 		.ascii	"\315^\355\245\320$M\201\0045HVV\263M\341\334\037\302"
 117      D0244D81 
 117      04354856 
 117      56B34DE1 
 117      DC1FC2
 118 0038 20923002 		.ascii	" \2220\002\013\003\207\304\260\336Pv\257\257\255\013"
 118      0B0387C4 
 118      B0DE5076 
 118      AFAFAD0B 
 119 0048 F79C7BEE 		.ascii	"\367\234{\356\371\361}\347h\364\377x\344\235\002\321"
 119      F9F17DE7 
 119      68F4FF78 
 119      E49D02D1 
 120 0058 98CCD008 		.ascii	"\230\314\320\010\234\275&J\272\030P\017\002%\030\011"
 120      9CBD264A 
 120      BA18500F 
 120      02251809 
 121 0068 BC718B71 		.ascii	"\274q\213qY\372\251\300\233\027\"\365^~xto\016YL\324"
 121      59FAA9C0 
 121      9B1722F5 
 121      5E7E7874 
 121      6F0E594C 
 122 007d 6682CF83 		.ascii	"f\202\317\203Q\245\203\003xI\202-\363\373\336\3554\205"
 122      51A58303 
 122      7849822D 
 122      F3FBDEED 
 122      3485
 123 008f 1003AA2F 		.ascii	"\020\003\252/\033\0058\245\007\235\015^\210n\267\375"
 123      1B0538A5 
 123      079D0D5E 
 123      886EB7FD 
 124 009f BADD9860 		.ascii	"\272\335\230`'\223\305\322Q\006]\005\007)9\252\313\240"
 124      2793C5D2 
 124      51065D05 
ARM GAS  C:\Users\victo\AppData\Local\Temp\cczK86eJ.s 			page 9


 124      072939AA 
 124      CBA0
 125 00b1 9C5F9855 		.ascii	"\234_\230U\326\252(w\266:\305%%\361\311j\214\375\374"
 125      D6AA2877 
 125      B63AC525 
 125      25F1C96A 
 125      8CFDFC
 126 00c4 8E89065B 		.ascii	"\216\211\006[\314\"\235\025\2722|\252\337\334\272z_"
 126      CC229D15 
 126      BA327CAA 
 126      DFDCBA7A 
 126      5F
 127 00d5 A4CAE7BD 		.ascii	"\244\312\347\275LA\333E.i\302b\015\207\360\340\010r"
 127      4C41DB45 
 127      2E69C262 
 127      0D87F0E0 
 127      0872
 128 00e7 401C6317 		.ascii	"@\034c\027T\305\306W\272\251\333\202\232\255Y:\375\270"
 128      54C5C657 
 128      BAA9DB82 
 128      9AAD593A 
 128      FDB8
 129 00f9 722B010C 		.ascii	"r+\001\014\023\212\222\225P-}\327gC\272\344$\324\254"
 129      138A9295 
 129      502D7DD7 
 129      6743BAE4 
 129      24D4AC
 130 010c E4CEFB15 		.ascii	"\344\316\373\025\244;\010'=(U\313\370l\306!1\252\001"
 130      A43B0827 
 130      3D2855CB 
 130      F86CC621 
 130      31AA01
 131 011f 7F556F13 		.ascii	"\177Uo\023\250\015\344H#\376\360\254\261j\304\227\327"
 131      A80DE448 
 131      23FEF0AC 
 131      B16AC497 
 131      D7
 132 0130 8C954828 		.ascii	"\214\225H(\266\036\217\032\341`(\026\230\014\317\007"
 132      B61E8F1A 
 132      E1602816 
 132      980CCF07 
 133 0140 829199E9 		.ascii	"\202\221\231\351\305\271\205Hp\334\037\245_\321M|["
 133      C5B98548 
 133      70DC1FA5 
 133      5FD14D7C 
 133      5B
 134              		.text
 135              		.section	.gnu.lto_OCP_FAULT_P2_SetInterruptMode.91bca935,"",%progbits
 136 0000 789C6D91 		.ascii	"x\234m\221_H\323Q\024\307\357\271\367\367on\221\364"
 136      5F48D351 
 136      14C7EFB9 
 136      F7F76F6E 
 136      91F4
 137 0012 24232890 		.ascii	"$#(\220a \370\020\276\364f\014\352%j`\275\015F\350\257"
 137      6120F810 
 137      BEF4660C 
 137      EA256A60 
ARM GAS  C:\Users\victo\AppData\Local\Temp\cczK86eJ.s 			page 10


 137      BD0D46E8 
 138 0027 D843FBC5 		.ascii	"\330C\373\305ZO=\370\333\232\033D\017\303$$\221\220"
 138      5A4F3DF8 
 138      DB9A1B44 
 138      0FC32424 
 138      9190
 139 0039 0AB595AE 		.ascii	"\012\265\225\256\254\250=\215%$D\245\020\011\032\313"
 139      ACA83D8D 
 139      252444A5 
 139      10091ACB 
 140 0049 74AB8402 		.ascii	"t\253\204\002\347VsQ\254s~\277\365 \365\203\337\275"
 140      E7567351 
 140      AC737EBF 
 140      F520F583 
 140      DFBD
 141 005b F77C38E7 		.ascii	"\367|8\347{\277\347\\\301\376\375\334\370\337\346\214"
 141      7BBFE75C 
 141      C1FEFDDC 
 141      F8DFE68C 
 142 006b F5E00E82 		.ascii	"\365\340\016\202\001O\275f,\252q\000:0`\003\034\006"
 142      014FBD66 
 142      2CAA7100 
 142      3A306003 
 142      1C06
 143 007d 60839739 		.ascii	"`\203\2279\244r\351\021g\307\035\32347\267*m\203mu,"
 143      A472E911 
 143      67C71DD3 
 143      3437B72A 
 143      6D836D75 
 144 0092 AB705B06 		.ascii	"\253p[\006&\240\003SJO\307/\211N`x|\271\266]q}\341u"
 144      26A00353 
 144      4A4FC72F 
 144      894E6078 
 144      7CB9B65D 
 145 00aa 0EAD14DE 		.ascii	"\016\255\024\336X*U\005\205\234S\230\236\033\316\250"
 145      582A5505 
 145      859C5398 
 145      9E1BCEA8 
 146 00ba 9E5BA619 		.ascii	"\236[\246\031\313\255d\314\036\344\002&A\240\034L\201"
 146      CBAD64CC 
 146      1EE40226 
 146      41A01C4C 
 146      81
 147 00cb 1BEE829B 		.ascii	"\033\356\202\233!b\220\006\017f\177\256oL\354\022\335"
 147      21629006 
 147      0F667FAE 
 147      6F4CEC12 
 147      DD
 148 00dc 96EE5AF4 		.ascii	"\226\356Z\364\346w\247]\371\353o\345\275\377T\336\007"
 148      E677A75D 
 148      F9EB6FE5 
 148      BDFF54DE 
 148      07
 149 00ed 0FA52F3C 		.ascii	"\017\245/<\037^\227\305!\253\364\331t\365\225\323\262"
 149      1F5E97C5 
 149      21ABF4D9 
 149      74F595D3 
ARM GAS  C:\Users\victo\AppData\Local\Temp\cczK86eJ.s 			page 11


 149      B2
 150 00fe B49FC2EC 		.ascii	"\264\237\302\354\320\374\210bY\222(\374v=?\312\333\307"
 150      D0FC8862 
 150      599228FC 
 150      763D3FCA 
 150      DBC7
 151 0110 5178752A 		.ascii	"Qxu*\371\302e\316\233\361\325Fc_\235K0m\353\317\240"
 151      F9C265CE 
 151      9BF1D546 
 151      635F9D4B 
 151      306DEBCF 
 152 0125 7E06DCCD 		.ascii	"~\006\334\315\311aI9\376{\311\251\304q\"\255\360\000"
 152      C9614939 
 152      FE7BC9A9 
 152      C47122AD 
 152      F000
 153 0137 DAED69C0 		.ascii	"\332\355i\300CP\0007\"3{rf\2431\373\366\332d\247pq4"
 153      43500037 
 153      22337B72 
 153      66A331FB 
 153      F6DA64A7 
 154 014e 260BA09E 		.ascii	"&\013\240\236$:\312\264(\214\362T \277\032\002\305A"
 154      243ACAB4 
 154      288CF254 
 154      20BF1A02 
 154      C541
 155 0160 B48516C6 		.ascii	"\264\205\026\306\212\250G\317P\302\241\341.\226!\377"
 155      8AA847CF 
 155      50C2A1E1 
 155      2E9621FF 
 156 0170 E34A21EB 		.ascii	"\343J!\353\243+j\234\336d!Y]\334M=\250W\023)\323\352"
 156      A32B6A9C 
 156      DE642159 
 156      5DDC4D3D 
 156      A8571329 
 157 0186 E343F1CD 		.ascii	"\343C\361\315\242f!\313\343f9\031s\216\301h4\016u\256"
 157      A26621CB 
 157      E3663919 
 157      738EC168 
 157      340E75AE 
 158 019a C12CF6F0 		.ascii	"\301,\366\360\210z\200\3070\006l\031b\205\344\234b\013"
 158      887A80C7 
 158      30066C19 
 158      6285E49C 
 158      620B
 159 01ac 4A351C1C 		.ascii	"J5\034\034\222\237\211\252d\023\031!\222\313\333\211"
 159      929F89AA 
 159      64131921 
 159      92CBDB89 
 160 01bc AF6013BA 		.ascii	"\257`\023\272\0279{\007\334j\024\315#\264s>e\013\315"
 160      17397B07 
 160      DC6A14CD 
 160      23B4733E 
 160      650BCD
 161 01cf 2C0D956A 		.ascii	",\015\225jh\200\344U\0339\220RZ5\361\276)\336b\2519"
 161      6880E455 
 161      1B399052 
ARM GAS  C:\Users\victo\AppData\Local\Temp\cczK86eJ.s 			page 12


 161      5A35F1BE 
 161      29DE62A9 
 162 01e4 10E6873E 		.ascii	"\020\346\207>\356%\266\303n4'\3574\374\004\015c\025"
 162      EE25B6C3 
 162      6E3427EF 
 162      34FC040D 
 162      6315
 163 01f6 2B4034B7 		.ascii	"+@4\267r\234\362\351\031\212\034h68\251\003]\376\243"
 163      729CF2E9 
 163      198A1C68 
 163      3638A903 
 163      5DFEA3
 164 0209 7A480F9F 		.ascii	"zH\017\237\216\350\375\201^\343b\270O\367\373z\015o"
 164      8EE8FD81 
 164      5EE362B8 
 164      4FF7FB7A 
 164      0D6F
 165 021b B7FF84D7 		.ascii	"\267\377\204\327\0278r\370\324\261\223\001\337\301\256"
 165      173872F8 
 165      D4B19301 
 165      DFC1AE
 166 022a 3EA69D37 		.ascii	">\246\2357.\004#A#$\2353\372u5\030\212\204\275g\316"
 166      2E042341 
 166      23249D33 
 166      FA753518 
 166      8A84BD67 
 167 023f FE01F625 		.ascii	"\376\001\366%\3772"
 167      FF32
 168              		.text
 169              		.section	.gnu.lto_OCP_FAULT_P2_ClearInterrupt.91bca935,"",%progbits
 170 0000 789C6590 		.ascii	"x\234e\220OHTQ\024\306\317w\336\21435\202\321*f\243"
 170      4F485451 
 170      14C6CF77 
 170      DE8C3335 
 170      82D12A66 
 171 0015 E0C2C270 		.ascii	"\340\302\302p\021B\320.\204\332\004\016\214\355\206"
 171      1142D02E 
 171      84DA040E 
 171      8CED86
 172 0024 8641DF2A 		.ascii	"\206A\337*L\320q\233wt\234!]4\024\202 .\\\210\246\345"
 172      4CD0719B 
 172      77749C21 
 172      5D341482 
 172      202E5C88 
 173 003a 9F4D6060 		.ascii	"\237M``\310\020\256\324\020\241\302b\0242(\020I\224"
 173      C810AED4 
 173      10A1C262 
 173      14322810 
 173      4994
 174 004c D18735AF 		.ascii	"\321\2075\257s\336k\221t\341\275{\337\367\316\367;\337"
 174      73DE6B91 
 174      74E1BD7B 
 174      DFF7CEF7 
 174      3BDF
 175 005e 3D16FDBF 		.ascii	"=\026\375\277\242\362|\006\321M\331a\021\270\260A\224"
 175      A2F27C06 
 175      D14DD961 
ARM GAS  C:\Users\victo\AppData\Local\Temp\cczK86eJ.s 			page 13


 175      11B8B041 
 175      94
 176 006f 0933A007 		.ascii	"\0113\240\007\002\3651\372\360\203\017\031kK\225-4L"
 176      02F531FA 
 176      F0830F19 
 176      6B4B952D 
 176      344C
 177 0081 1AD3FFB3 		.ascii	"\032\323\377\263x\366%2x\305a\242#&\\\217\342\232r0"
 177      78F62532 
 177      78C561A2 
 177      23265C8F 
 177      E29A7230 
 178 0095 850692C2 		.ascii	"\205\006\222\302\221\257O\016`5B\317ewx&\\?!\246\335"
 178      91AF4F0E 
 178      603542CF 
 178      65777826 
 178      5C3F21A6 
 179 00aa 527E3562 		.ascii	"R~5bFMv\327uk\305\212iX\377\272u\211\3410\373\373c\244"
 179      464D76D7 
 179      756BC58A 
 179      6958FFBA 
 179      7589E130 
 180 00c2 2A6B8CB9 		.ascii	"*k\214\271\204\027\250\327\006B\236A\225\204\204*\363"
 180      8417A8D7 
 180      06429E41 
 180      9584842A 
 180      F3
 181 00d3 97578CEB 		.ascii	"\227W\214\353\036\035<\237\276e\205\231\034\226\330"
 181      1E1D3C9F 
 181      BE658599 
 181      1C96D8
 182 00e2 0E7380F4 		.ascii	"\016s\200\364gP\277C\244\311hO^z\211o\314\272[\333("
 182      6750BF43 
 182      A4C9684F 
 182      5E7A896F 
 182      CCBA5BDB 
 183 00f7 9687CACB 		.ascii	"\226\207\312\313\217\025v\302z\243\247\257wN.|g\207"
 183      8F1576C2 
 183      7AA3A7AF 
 183      774E2E7C 
 183      6787
 184 0109 AD42AE60 		.ascii	"\255B\256`\002\332~g\357\375f\330\223\2744\271\375\305"
 184      02DA7E67 
 184      EFFD66D8 
 184      93BC34B9 
 184      FDC5
 185 011b 4ACD38C6 		.ascii	"J\3158\3062Y8\034\300,\242x\011I\213W\030\007m\243\377"
 185      3259381C 
 185      C02CA278 
 185      09498B57 
 185      18076DA3 
 186 0130 53FE17FB 		.ascii	"S\376\027\373@K\230\242\014\234\346\336\301W\002\"\012"
 186      404B98A2 
 186      0C9CE6DE 
 186      C1570222 
 186      0A
 187 0141 6369EE78 		.ascii	"ci\356x=\242H\256#\314\211\373\003<\213\346\225\"\245"
ARM GAS  C:\Users\victo\AppData\Local\Temp\cczK86eJ.s 			page 14


 187      3DA248AE 
 187      23CC89FB 
 187      033C8BE6 
 187      9522A5
 188 0154 94F295E5 		.ascii	"\224\362\225\345\007\276)\350K\305g\036\344\\\204\314"
 188      07BE29E8 
 188      4BC5671E 
 188      E45C84CC 
 189 0164 0A9F0F31 		.ascii	"\012\237\0171/!\304\241]K\271\325\267\027}BH\010\342"
 189      2F21C4A1 
 189      5D4BB9D5 
 189      B7177D42 
 189      4808E2
 190 0177 DBDF1A7B 		.ascii	"\333\337\032{S\255m\203A\302\202\324\227\3607W\310\033"
 190      53AD6D83 
 190      41C282D4 
 190      97F03757 
 190      C81B
 191 0189 0E742832 		.ascii	"\016t(2\242\253M\211\273\366#\273;\225\266;\222\361"
 191      A2AB4D89 
 191      BBF623BB 
 191      3B95B63B 
 191      92F1
 192 019b AEDEEE76 		.ascii	"\256\336\356v;\021\213w\2654'Z[b\311;\267\357\337kK"
 192      3B118B77 
 192      B534275A 
 192      5B62C93B 
 192      B7EFDF6B 
 193 01b0 C66E34B5 		.ascii	"\306n4\265Sug\252\347\241\335\021O\247\322\275=\177"
 193      537567AA 
 193      E7A1DD11 
 193      4FA7D2BD 
 193      3D7F
 194 01c2 004F3AB7 		.ascii	"\000O:\267\200"
 194      80
 195              		.text
 196              		.section	.gnu.lto_.symbol_nodes.91bca935,"",%progbits
 197 0000 789C55C7 		.ascii	"x\234U\307;\015\000 \020D\301w\037\022tbd-\240\200\240"
 197      3B0D0020 
 197      1044C177 
 197      1F127462 
 197      642DA080 
 198 0015 084D3414 		.ascii	"\010M4\024\334t\023\300\340q\004\363\200\304\332\035"
 198      DC7413C0 
 198      E07104F3 
 198      80C4DA1D 
 199 0025 3759B9CB 		.ascii	"7Y\271\313\313CQ\236\312\362\246\366\237\013\351b\031"
 199      CB43519E 
 199      CAF2A6F6 
 199      9F0BE962 
 199      19
 200 0036 56       		.ascii	"V"
 201              		.text
 202              		.section	.gnu.lto_.refs.91bca935,"",%progbits
 203 0000 789C6366 		.ascii	"x\234cf```d\200\002\000\000=\000\005"
 203      60606064 
 203      80020000 
ARM GAS  C:\Users\victo\AppData\Local\Temp\cczK86eJ.s 			page 15


 203      3D0005
 204              		.text
 205              		.section	.gnu.lto_.decls.91bca935,"",%progbits
 206 0000 789C8D54 		.ascii	"x\234\215TmL[U\030>\357=m\241\227\312\246?\330D\215"
 206      6D4C5B55 
 206      183EEF3D 
 206      6DA197CA 
 206      A63FD844 
 207 0015 25266426 		.ascii	"%&d&\204d`\214\377\214aqj\374h\206\213?FB\032\270\331"
 207      8464608C 
 207      FF8C6171 
 207      6AFC6886 
 207      8B3F4642 
 208 002c 480C2CB5 		.ascii	"H\014,\265,\331\2773\210\033\232\3050\204\014\231\014"
 208      2CD9BF33 
 208      881B9AC5 
 208      30840C99 
 208      0C
 209 003d 123BC6C0 		.ascii	"\022;\306\300\315\011\345\243\200P`\254c\320I3\367\301"
 209      CD09E5A3 
 209      805060AC 
 209      63D04933 
 209      F7C1
 210 004f FC80A9B8 		.ascii	"\374\200\251\270&s\206M\246[0^\337s\356\275\355\355"
 210      2673864D 
 210      A65B305E 
 210      DF73EEBD 
 210      EDED
 211 0061 B88B3BC9 		.ascii	"\270\213;\311\333\336\363\336\363<\357\363\276\317i"
 211      DBDEF3DE 
 211      F33CEFF3 
 211      BECF69
 212 0070 2921A413 		.ascii	")!\244\023\010Q\371\262\021\002\370\234\2069\017I.\007"
 212      0851F9B2 
 212      1102F89C 
 212      86390F49 
 212      2E07
 213 0082 460F4610 		.ascii	"F\017F\020c\000#\2041\2111E\326\256\036\375<\307\237"
 213      63002384 
 213      31893145 
 213      D6AE1EFD 
 213      3CC79F
 214 0095 C4C8C188 		.ascii	"\304\310\301\210a\314a\274\241\237\001\375\334\203+"
 214      61CC61BC 
 214      A19F01FD 
 214      DC832B
 215 00a4 6881CD32 		.ascii	"h\201\3152\341\015l\320\002\313u\331\377\247\346\200"
 215      E10D6CD0 
 215      02CB75D9 
 215      FFA7E680 
 216 00b4 052EF408 		.ascii	"\005.\364\010\270\220\005\216\367\357\324\265fb\270"
 216      B890058E 
 216      F7EFD4B5 
 216      6662B8
 217 00c3 304631A2 		.ascii	"0F1\242:\217\333B\367\244\005\317\224\336\263U\277f"
 217      3A8FDB42 
 217      F7A405CF 
ARM GAS  C:\Users\victo\AppData\Local\Temp\cczK86eJ.s 			page 16


 217      94DEB355 
 217      BF66
 218 00d5 0D56B3BE 		.ascii	"\015V\263\276-\301\314\317\367\376t\305%\310\224\327"
 218      2DC1CCCF 
 218      F7FE74C5 
 218      25C894D7 
 219 00e5 F36DCB95 		.ascii	"\363m\313\225\245\025\212[\227,\361\355\345\261\003"
 219      A5158A5B 
 219      972CF1ED 
 219      E5B103
 220 00f4 07D2A904 		.ascii	"\007\322\251\004\374\371\213\346\353\337\311y]\214\261"
 220      FCF98BE6 
 220      EBDFC979 
 220      5D8CB1
 221 0103 3A160E43 		.ascii	":\026\016C\222b_\307\360\3014\304d\311b\373\311L\313"
 221      92625FC7 
 221      F0C134C4 
 221      64C962FB 
 221      C94CCB
 222 0116 38155B95 		.ascii	"8\025[\225\343\244\371\371\306\373\024\344\334:\306"
 222      E3A4F9F9 
 222      C6FB14E4 
 222      DC3AC6
 223 0125 6AD87203 		.ascii	"j\330r\003\243\033\011\344e\303\363\331\004NA.\036\203"
 223      A31B09E4 
 223      65C3F3D9 
 223      044E412E 
 223      1E83
 224 0137 2EC823D0 		.ascii	".\310#\320\015\331\360%d\223\000\026Xn[\276\3664c68"
 224      0DD9F025 
 224      64930016 
 224      586E5BBE 
 224      F6346336 
 225 014c 09329C00 		.ascii	"\0112\234\000*N`\033\274\202^\264\376\303\361z\233M"
 225      2A4E601B 
 225      BC825EB4 
 225      FEC3F17A 
 225      9B4D
 226 015e C2243FB3 		.ascii	"\302$?\263\303\306s\263\207?\237\310\330\320\304\370"
 226      C3C673B3 
 226      873F9FC8 
 226      D8D0C4F8 
 227 016e AA65EB25 		.ascii	"\252e\353%\360d\301q\244\355DZ\002\247a\003~~\0056\215"
 227      F064C171 
 227      A4ED445A 
 227      02A76103 
 227      7E7E0536 
 228 0183 E0AF9570 		.ascii	"\340\257\225p\207\235\026\212\326\032\217\365\3053\334"
 228      879D168A 
 228      D61A8FF5 
 228      C533DC
 229 0192 4759FBE9 		.ascii	"GY\373\351\345\326\332\337<\207jY#[T\325g\005\010\276"
 229      E5D6DADF 
 229      3C876A59 
 229      235B54D5 
 229      670508BE 
 230 01a6 4E0820FC 		.ascii	"N\010 \374Y\233h\017\270\021\030[\210\015\311t\217 "
ARM GAS  C:\Users\victo\AppData\Local\Temp\cczK86eJ.s 			page 17


 230      599B680F 
 230      B811185B 
 230      880DC974 
 230      8F20
 231 01b8 E93A14FF 		.ascii	"\351:\024\377\3641A\262\2700\251\204k\330?\252J5\206"
 231      F43141B2 
 231      B830A984 
 231      6BD83FAA 
 231      4A3586
 232 01cb 5E1343AF 		.ascii	"^\023C\257\301\020\024\014\321\356\351\375`\326\314"
 232      C110140C 
 232      D1EEE9FD 
 232      60D6CC
 233 01da DB498AEE 		.ascii	"\333I\212\356\023\242w\350\232o\265\306G\322\351G \352"
 233      13A277E8 
 233      9A6FB5C6 
 233      47D2E947 
 233      20EA
 234 01ec 5DF8F152 		.ascii	"]\370\361R\030\264z\315K\311z\210\200~S\275~\243\336"
 234      18B47ACD 
 234      4BC97A88 
 234      807E53BD 
 234      7EA3DE
 235 01ff 80A877F1 		.ascii	"\200\250w\361xd\020\350\021\215\"\372\323\371&Mr\373"
 235      786410E8 
 235      118D22FA 
 235      D3F9264D 
 235      72FB
 236 0211 EC314727 		.ascii	"\3541G'\013\253\352\313\202`\320D0h\020\204\004A\353"
 236      0BABEACB 
 236      8260D044 
 236      30681084 
 236      0441EB
 237 0224 9D3F469C 		.ascii	"\235?F\2344\250\021\030\326\2735\353\017\337\274\027"
 237      34A81118 
 237      D6BB35EB 
 237      0FDFBC17 
 238 0234 4C175B2E 		.ascii	"L\027[.\005\275\357\230\373\273%\023re\315\324;\232"
 238      05BDEF98 
 238      FBBB2513 
 238      7265CDD4 
 238      3B9A
 239 0246 A9A3D8E1 		.ascii	"\251\243\330\341P\322T\267n\252\270\0378\003\373&\222"
 239      50D254B7 
 239      6EAAB81F 
 239      3803FB26 
 239      92
 240 0257 18007C83 		.ascii	"\030\000|\2037\304\255\337\220aL\216`\022\013\265E~"
 240      37C4ADDF 
 240      90614C8E 
 240      60120BB5 
 240      457E
 241 0269 BFB44EB8 		.ascii	"\277\264N\270?\232p\377\332\305\357O8\023\2711\020\311"
 241      3F9A70FF 
 241      DAC5EF4F 
 241      3813B931 
 241      10C9
ARM GAS  C:\Users\victo\AppData\Local\Temp\cczK86eJ.s 			page 18


 242 027b A3EA68C8 		.ascii	"\243\352h\310\366\320+1.\246\0336\256\304\376\201n\226"
 242      F6D02B31 
 242      2EA61B36 
 242      AEC4FE81 
 242      6E96
 243 028d 4E87B5D6 		.ascii	"N\207\265\326\306\342\221\200q'~\271\261\3713\326\276"
 243      C6E29180 
 243      71277EB9 
 243      B1F933D6 
 243      BE
 244 029e 8FFDABE2 		.ascii	"\217\375\253\342\225\346(\2300\015h\302\030\320\244"
 244      95E62898 
 244      300D68C2 
 244      18D0A4
 245 02ad 18D0DD68 		.ascii	"\030\320\335hW_\032\235\327X\246\227n\007\234\232I?"
 245      575F1A9D 
 245      D758A697 
 245      6E079C9A 
 245      493F
 246 02bf DC4835E9 		.ascii	"\334H5\351\214\211\342\214A1%(B\247V\242\031\342G\351"
 246      8C89E28C 
 246      41312528 
 246      42A756A2 
 246      19E247E9 
 247 02d3 E624430D 		.ascii	"\346$C\015\347\232\035\342G)z\252k\350\277i\247wS\035"
 247      E79A1DE2 
 247      47297AAA 
 247      6BE8BF69 
 247      A777531D 
 248 02e7 C8D11C58 		.ascii	"\310\321\034X8r?\340\024[\376w\274\216\247\256_\275"
 248      38723FE0 
 248      145BFE77 
 248      BC8EA7AE 
 248      5FBD
 249 02f9 32924657 		.ascii	"2\222FW\305q\351Vc\215\232\2210dE3$\212\363\232I\032"
 249      C571E956 
 249      638D9A91 
 249      30644533 
 249      248AF39A 
 250 030f 926336A4 		.ascii	"\222c6\244\276\2269_#p\026g\026\341\206\314\242!9\272"
 250      BE96395F 
 250      23701667 
 250      16E186CC 
 250      A22139BA 
 251 0323 21D3983C 		.ascii	"!\323\230<\257\031\022j\212Ed\271\216\017\371\321\020"
 251      AF19126A 
 251      8A4564B9 
 251      8E0FF9D1 
 251      10
 252 0334 52B8B77E 		.ascii	"R\270\267~\325\245+Y<\330\033\220\270\2229Tr.\251\344"
 252      D5A52B59 
 252      3CD81B90 
 252      B8923954 
 252      722EA9E4 
 253 0348 0224A5AC 		.ascii	"\002$\245\254%\376\326Z\312\322\257m\253\016\327\307"
 253      25FED65A 
 253      CAD2AF6D 
ARM GAS  C:\Users\victo\AppData\Local\Temp\cczK86eJ.s 			page 19


 253      AB0ED7C7 
 254 0358 09F182D4 		.ascii	"\011\361\202\324\000\021\210\201KL\232\177\333\253+"
 254      00118881 
 254      4B4C9A7F 
 254      DBAB2B
 255 0367 2AFD2F39 		.ascii	"*\375/9\266\276\275\335]D\236\313/\331\252T*>\257_)"
 255      B6BEBDDD 
 255      5D449ECB 
 255      2FD9AA54 
 255      2A3EAF5F 
 256 037c 2F2DAEAA 		.ascii	"/-\256\252\366\225)%\236\342\252\242\027J\312\366\372"
 256      F6952925 
 256      9EE2AAA2 
 256      174ACAF6 
 256      FA
 257 038d F7EE563E 		.ascii	"\367\356V>\310\337E\236|\247\310S\372\352+\333\337|"
 257      C8DF459E 
 257      7CA7C853 
 257      FAEA2BDB 
 257      DF7C
 258 039f B7D45350 		.ascii	"\267\324SPZ\254\370\267\370*\366(oU\225+\233\036\212"
 258      5AACF8B7 
 258      F82AF628 
 258      6F55952B 
 258      9B1E8A
 259 03b2 3643F2CB 		.ascii	"6C\362\313\310\023)\024\357\371*\374\312\343)\251m\212"
 259      C8132914 
 259      EFF92AFC 
 259      CAE329A9 
 259      6D8A
 260 03c4 B77CE39A 		.ascii	"\267|\343\232\314\026\257\337\273M\331\351\340\2127"
 260      CC16AFDF 
 260      BB4DD9E9 
 260      E08A37
 261 03d3 BFF8CC83 		.ascii	"\277\370\314\203:^\257\364+>_\365n?\327\362T\312\333"
 261      3A5EAFF4 
 261      2B3E5FF5 
 261      6E3FD7F2 
 261      54CADB
 262 03e6 A2F715AF 		.ascii	"\242\367\025\257/\361\336\356Sv\026\026\010\232\302"
 262      2FF1DEEE 
 262      53761616 
 262      089AC2
 263 03f5 82FF0035 		.ascii	"\202\377\0005\263\001O"
 263      B3014F
 264              		.text
 265              		.section	.gnu.lto_.symtab.91bca935,"",%progbits
 266 0000 4F43505F 		.ascii	"OCP_FAULT_P2_SetDriveMode\000\000\000\000\000\000\000"
 266      4641554C 
 266      545F5032 
 266      5F536574 
 266      44726976 
 267 0020 00000000 		.ascii	"\000\000\000\000\000\262\000\000\000OCP_FAULT_P2_Wr"
 267      00B20000 
 267      004F4350 
 267      5F464155 
 267      4C545F50 
ARM GAS  C:\Users\victo\AppData\Local\Temp\cczK86eJ.s 			page 20


 268 0038 69746500 		.ascii	"ite\000\000\000\000\000\000\000\000\000\000\000\000"
 268      00000000 
 268      00000000 
 268      000000
 269 0047 B4000000 		.ascii	"\264\000\000\000OCP_FAULT_P2_Read\000\000\000\000\000"
 269      4F43505F 
 269      4641554C 
 269      545F5032 
 269      5F526561 
 270 0061 00000000 		.ascii	"\000\000\000\000\000\000\000\267\000\000\000OCP_FAU"
 270      000000B7 
 270      0000004F 
 270      43505F46 
 270      4155
 271 0073 4C545F50 		.ascii	"LT_P2_ReadDataReg\000\000\000\000\000\000\000\000\000"
 271      325F5265 
 271      61644461 
 271      74615265 
 271      67000000 
 272 008d 000000B9 		.ascii	"\000\000\000\271\000\000\000OCP_FAULT_P2_SetInterru"
 272      0000004F 
 272      43505F46 
 272      41554C54 
 272      5F50325F 
 273 00ab 70744D6F 		.ascii	"ptMode\000\000\000\000\000\000\000\000\000\000\000\000"
 273      64650000 
 273      00000000 
 273      00000000 
 273      0000
 274 00bd C3000000 		.ascii	"\303\000\000\000OCP_FAULT_P2_ClearInterrupt\000\000"
 274      4F43505F 
 274      4641554C 
 274      545F5032 
 274      5F436C65 
 275 00de 00000000 		.ascii	"\000\000\000\000\000\000\000\000\000\000\305\000\000"
 275      00000000 
 275      0000C500 
 275      00
 276 00eb 00       		.ascii	"\000"
 277              		.text
 278              		.section	.gnu.lto_.opts,"",%progbits
 279 0000 272D666E 		.ascii	"'-fno-trapv' '-mcpu=cortex-m0' '-mthumb' '-g' '-Os'"
 279      6F2D7472 
 279      61707627 
 279      20272D6D 
 279      6370753D 
 280 0033 20272D57 		.ascii	" '-Werror' '-ffunction-sections' '-finline-function"
 280      6572726F 
 280      72272027 
 280      2D666675 
 280      6E637469 
 281 0066 73272027 		.ascii	"s' '-flto' '-ffat-lto-objects' '-fno-strict-aliasin"
 281      2D666C74 
 281      6F272027 
 281      2D666661 
 281      742D6C74 
 282 0099 672700   		.ascii	"g'\000"
ARM GAS  C:\Users\victo\AppData\Local\Temp\cczK86eJ.s 			page 21


 283              		.text
 284              		.cfi_sections	.debug_frame
 285              		.section	.text.OCP_FAULT_P2_SetDriveMode,"ax",%progbits
 286              		.align	1
 287              		.global	OCP_FAULT_P2_SetDriveMode
 288              		.code	16
 289              		.thumb_func
 290              		.type	OCP_FAULT_P2_SetDriveMode, %function
 291              	OCP_FAULT_P2_SetDriveMode:
 292              	.LFB0:
 293              		.file 1 ".\\Generated_Source\\PSoC4\\OCP_FAULT_P2.c"
   1:.\Generated_Source\PSoC4/OCP_FAULT_P2.c **** /*******************************************************************************
   2:.\Generated_Source\PSoC4/OCP_FAULT_P2.c **** * File Name: OCP_FAULT_P2.c  
   3:.\Generated_Source\PSoC4/OCP_FAULT_P2.c **** * Version 2.20
   4:.\Generated_Source\PSoC4/OCP_FAULT_P2.c **** *
   5:.\Generated_Source\PSoC4/OCP_FAULT_P2.c **** * Description:
   6:.\Generated_Source\PSoC4/OCP_FAULT_P2.c **** *  This file contains API to enable firmware control of a Pins component.
   7:.\Generated_Source\PSoC4/OCP_FAULT_P2.c **** *
   8:.\Generated_Source\PSoC4/OCP_FAULT_P2.c **** ********************************************************************************
   9:.\Generated_Source\PSoC4/OCP_FAULT_P2.c **** * Copyright 2008-2015, Cypress Semiconductor Corporation.  All rights reserved.
  10:.\Generated_Source\PSoC4/OCP_FAULT_P2.c **** * You may use this file only in accordance with the license, terms, conditions, 
  11:.\Generated_Source\PSoC4/OCP_FAULT_P2.c **** * disclaimers, and limitations in the end user license agreement accompanying 
  12:.\Generated_Source\PSoC4/OCP_FAULT_P2.c **** * the software package with which this file was provided.
  13:.\Generated_Source\PSoC4/OCP_FAULT_P2.c **** *******************************************************************************/
  14:.\Generated_Source\PSoC4/OCP_FAULT_P2.c **** 
  15:.\Generated_Source\PSoC4/OCP_FAULT_P2.c **** #include "cytypes.h"
  16:.\Generated_Source\PSoC4/OCP_FAULT_P2.c **** #include "OCP_FAULT_P2.h"
  17:.\Generated_Source\PSoC4/OCP_FAULT_P2.c **** 
  18:.\Generated_Source\PSoC4/OCP_FAULT_P2.c **** 
  19:.\Generated_Source\PSoC4/OCP_FAULT_P2.c **** #if defined(OCP_FAULT_P2__PC)
  20:.\Generated_Source\PSoC4/OCP_FAULT_P2.c ****     #define OCP_FAULT_P2_SetP4PinDriveMode(shift, mode)  \
  21:.\Generated_Source\PSoC4/OCP_FAULT_P2.c ****     do { \
  22:.\Generated_Source\PSoC4/OCP_FAULT_P2.c ****         OCP_FAULT_P2_PC =   (OCP_FAULT_P2_PC & \
  23:.\Generated_Source\PSoC4/OCP_FAULT_P2.c ****                                 (uint32)(~(uint32)(OCP_FAULT_P2_DRIVE_MODE_IND_MASK << \
  24:.\Generated_Source\PSoC4/OCP_FAULT_P2.c ****                                 (OCP_FAULT_P2_DRIVE_MODE_BITS * (shift))))) | \
  25:.\Generated_Source\PSoC4/OCP_FAULT_P2.c ****                                 (uint32)((uint32)(mode) << \
  26:.\Generated_Source\PSoC4/OCP_FAULT_P2.c ****                                 (OCP_FAULT_P2_DRIVE_MODE_BITS * (shift))); \
  27:.\Generated_Source\PSoC4/OCP_FAULT_P2.c ****     } while (0)
  28:.\Generated_Source\PSoC4/OCP_FAULT_P2.c **** #else
  29:.\Generated_Source\PSoC4/OCP_FAULT_P2.c ****     #if (CY_PSOC4_4200L)
  30:.\Generated_Source\PSoC4/OCP_FAULT_P2.c ****         #define OCP_FAULT_P2_SetP4PinDriveMode(shift, mode)  \
  31:.\Generated_Source\PSoC4/OCP_FAULT_P2.c ****         do { \
  32:.\Generated_Source\PSoC4/OCP_FAULT_P2.c ****             OCP_FAULT_P2_USBIO_CTRL_REG = (OCP_FAULT_P2_USBIO_CTRL_REG & \
  33:.\Generated_Source\PSoC4/OCP_FAULT_P2.c ****                                     (uint32)(~(uint32)(OCP_FAULT_P2_DRIVE_MODE_IND_MASK << \
  34:.\Generated_Source\PSoC4/OCP_FAULT_P2.c ****                                     (OCP_FAULT_P2_DRIVE_MODE_BITS * (shift))))) | \
  35:.\Generated_Source\PSoC4/OCP_FAULT_P2.c ****                                     (uint32)((uint32)(mode) << \
  36:.\Generated_Source\PSoC4/OCP_FAULT_P2.c ****                                     (OCP_FAULT_P2_DRIVE_MODE_BITS * (shift))); \
  37:.\Generated_Source\PSoC4/OCP_FAULT_P2.c ****         } while (0)
  38:.\Generated_Source\PSoC4/OCP_FAULT_P2.c ****     #endif
  39:.\Generated_Source\PSoC4/OCP_FAULT_P2.c **** #endif
  40:.\Generated_Source\PSoC4/OCP_FAULT_P2.c ****   
  41:.\Generated_Source\PSoC4/OCP_FAULT_P2.c **** 
  42:.\Generated_Source\PSoC4/OCP_FAULT_P2.c **** #if defined(OCP_FAULT_P2__PC) || (CY_PSOC4_4200L) 
  43:.\Generated_Source\PSoC4/OCP_FAULT_P2.c ****     /*******************************************************************************
  44:.\Generated_Source\PSoC4/OCP_FAULT_P2.c ****     * Function Name: OCP_FAULT_P2_SetDriveMode
  45:.\Generated_Source\PSoC4/OCP_FAULT_P2.c ****     ****************************************************************************//**
  46:.\Generated_Source\PSoC4/OCP_FAULT_P2.c ****     *
ARM GAS  C:\Users\victo\AppData\Local\Temp\cczK86eJ.s 			page 22


  47:.\Generated_Source\PSoC4/OCP_FAULT_P2.c ****     * \brief Sets the drive mode for each of the Pins component's pins.
  48:.\Generated_Source\PSoC4/OCP_FAULT_P2.c ****     * 
  49:.\Generated_Source\PSoC4/OCP_FAULT_P2.c ****     * <b>Note</b> This affects all pins in the Pins component instance. Use the
  50:.\Generated_Source\PSoC4/OCP_FAULT_P2.c ****     * Per-Pin APIs if you wish to control individual pin's drive modes.
  51:.\Generated_Source\PSoC4/OCP_FAULT_P2.c ****     *
  52:.\Generated_Source\PSoC4/OCP_FAULT_P2.c ****     * <b>Note</b> USBIOs have limited drive functionality. Refer to the Drive Mode
  53:.\Generated_Source\PSoC4/OCP_FAULT_P2.c ****     * parameter for more information.
  54:.\Generated_Source\PSoC4/OCP_FAULT_P2.c ****     *
  55:.\Generated_Source\PSoC4/OCP_FAULT_P2.c ****     * \param mode
  56:.\Generated_Source\PSoC4/OCP_FAULT_P2.c ****     *  Mode for the selected signals. Valid options are documented in 
  57:.\Generated_Source\PSoC4/OCP_FAULT_P2.c ****     *  \ref driveMode.
  58:.\Generated_Source\PSoC4/OCP_FAULT_P2.c ****     *
  59:.\Generated_Source\PSoC4/OCP_FAULT_P2.c ****     * \return
  60:.\Generated_Source\PSoC4/OCP_FAULT_P2.c ****     *  None
  61:.\Generated_Source\PSoC4/OCP_FAULT_P2.c ****     *
  62:.\Generated_Source\PSoC4/OCP_FAULT_P2.c ****     * \sideeffect
  63:.\Generated_Source\PSoC4/OCP_FAULT_P2.c ****     *  If you use read-modify-write operations that are not atomic, the ISR can
  64:.\Generated_Source\PSoC4/OCP_FAULT_P2.c ****     *  cause corruption of this function. An ISR that interrupts this function 
  65:.\Generated_Source\PSoC4/OCP_FAULT_P2.c ****     *  and performs writes to the Pins component Drive Mode registers can cause 
  66:.\Generated_Source\PSoC4/OCP_FAULT_P2.c ****     *  corrupted port data. To avoid this issue, you should either use the Per-Pin
  67:.\Generated_Source\PSoC4/OCP_FAULT_P2.c ****     *  APIs (primary method) or disable interrupts around this function.
  68:.\Generated_Source\PSoC4/OCP_FAULT_P2.c ****     *
  69:.\Generated_Source\PSoC4/OCP_FAULT_P2.c ****     * \funcusage
  70:.\Generated_Source\PSoC4/OCP_FAULT_P2.c ****     *  \snippet OCP_FAULT_P2_SUT.c usage_OCP_FAULT_P2_SetDriveMode
  71:.\Generated_Source\PSoC4/OCP_FAULT_P2.c ****     *******************************************************************************/
  72:.\Generated_Source\PSoC4/OCP_FAULT_P2.c ****     void OCP_FAULT_P2_SetDriveMode(uint8 mode)
  73:.\Generated_Source\PSoC4/OCP_FAULT_P2.c ****     {
 294              		.loc 1 73 0
 295              		.cfi_startproc
 296              	.LVL0:
  74:.\Generated_Source\PSoC4/OCP_FAULT_P2.c **** 		OCP_FAULT_P2_SetP4PinDriveMode(OCP_FAULT_P2__0__SHIFT, mode);
 297              		.loc 1 74 0
 298 0000 034A     		ldr	r2, .L2
 299 0002 044B     		ldr	r3, .L2+4
 300 0004 1168     		ldr	r1, [r2]
 301 0006 C003     		lsl	r0, r0, #15
 302              	.LVL1:
 303 0008 0B40     		and	r3, r1
 304 000a 1843     		orr	r0, r3
 305 000c 1060     		str	r0, [r2]
  75:.\Generated_Source\PSoC4/OCP_FAULT_P2.c ****     }
 306              		.loc 1 75 0
 307              		@ sp needed
 308 000e 7047     		bx	lr
 309              	.L3:
 310              		.align	2
 311              	.L2:
 312 0010 08030440 		.word	1074004744
 313 0014 FF7FFCFF 		.word	-229377
 314              		.cfi_endproc
 315              	.LFE0:
 316              		.size	OCP_FAULT_P2_SetDriveMode, .-OCP_FAULT_P2_SetDriveMode
 317              		.section	.text.OCP_FAULT_P2_Write,"ax",%progbits
 318              		.align	1
 319              		.global	OCP_FAULT_P2_Write
 320              		.code	16
 321              		.thumb_func
ARM GAS  C:\Users\victo\AppData\Local\Temp\cczK86eJ.s 			page 23


 322              		.type	OCP_FAULT_P2_Write, %function
 323              	OCP_FAULT_P2_Write:
 324              	.LFB1:
  76:.\Generated_Source\PSoC4/OCP_FAULT_P2.c **** #endif
  77:.\Generated_Source\PSoC4/OCP_FAULT_P2.c **** 
  78:.\Generated_Source\PSoC4/OCP_FAULT_P2.c **** 
  79:.\Generated_Source\PSoC4/OCP_FAULT_P2.c **** /*******************************************************************************
  80:.\Generated_Source\PSoC4/OCP_FAULT_P2.c **** * Function Name: OCP_FAULT_P2_Write
  81:.\Generated_Source\PSoC4/OCP_FAULT_P2.c **** ****************************************************************************//**
  82:.\Generated_Source\PSoC4/OCP_FAULT_P2.c **** *
  83:.\Generated_Source\PSoC4/OCP_FAULT_P2.c **** * \brief Writes the value to the physical port (data output register), masking
  84:.\Generated_Source\PSoC4/OCP_FAULT_P2.c **** *  and shifting the bits appropriately. 
  85:.\Generated_Source\PSoC4/OCP_FAULT_P2.c **** *
  86:.\Generated_Source\PSoC4/OCP_FAULT_P2.c **** * The data output register controls the signal applied to the physical pin in 
  87:.\Generated_Source\PSoC4/OCP_FAULT_P2.c **** * conjunction with the drive mode parameter. This function avoids changing 
  88:.\Generated_Source\PSoC4/OCP_FAULT_P2.c **** * other bits in the port by using the appropriate method (read-modify-write or
  89:.\Generated_Source\PSoC4/OCP_FAULT_P2.c **** * bit banding).
  90:.\Generated_Source\PSoC4/OCP_FAULT_P2.c **** *
  91:.\Generated_Source\PSoC4/OCP_FAULT_P2.c **** * <b>Note</b> This function should not be used on a hardware digital output pin 
  92:.\Generated_Source\PSoC4/OCP_FAULT_P2.c **** * as it is driven by the hardware signal attached to it.
  93:.\Generated_Source\PSoC4/OCP_FAULT_P2.c **** *
  94:.\Generated_Source\PSoC4/OCP_FAULT_P2.c **** * \param value
  95:.\Generated_Source\PSoC4/OCP_FAULT_P2.c **** *  Value to write to the component instance.
  96:.\Generated_Source\PSoC4/OCP_FAULT_P2.c **** *
  97:.\Generated_Source\PSoC4/OCP_FAULT_P2.c **** * \return 
  98:.\Generated_Source\PSoC4/OCP_FAULT_P2.c **** *  None 
  99:.\Generated_Source\PSoC4/OCP_FAULT_P2.c **** *
 100:.\Generated_Source\PSoC4/OCP_FAULT_P2.c **** * \sideeffect
 101:.\Generated_Source\PSoC4/OCP_FAULT_P2.c **** *  If you use read-modify-write operations that are not atomic; the Interrupt 
 102:.\Generated_Source\PSoC4/OCP_FAULT_P2.c **** *  Service Routines (ISR) can cause corruption of this function. An ISR that 
 103:.\Generated_Source\PSoC4/OCP_FAULT_P2.c **** *  interrupts this function and performs writes to the Pins component data 
 104:.\Generated_Source\PSoC4/OCP_FAULT_P2.c **** *  register can cause corrupted port data. To avoid this issue, you should 
 105:.\Generated_Source\PSoC4/OCP_FAULT_P2.c **** *  either use the Per-Pin APIs (primary method) or disable interrupts around 
 106:.\Generated_Source\PSoC4/OCP_FAULT_P2.c **** *  this function.
 107:.\Generated_Source\PSoC4/OCP_FAULT_P2.c **** *
 108:.\Generated_Source\PSoC4/OCP_FAULT_P2.c **** * \funcusage
 109:.\Generated_Source\PSoC4/OCP_FAULT_P2.c **** *  \snippet OCP_FAULT_P2_SUT.c usage_OCP_FAULT_P2_Write
 110:.\Generated_Source\PSoC4/OCP_FAULT_P2.c **** *******************************************************************************/
 111:.\Generated_Source\PSoC4/OCP_FAULT_P2.c **** void OCP_FAULT_P2_Write(uint8 value)
 112:.\Generated_Source\PSoC4/OCP_FAULT_P2.c **** {
 325              		.loc 1 112 0
 326              		.cfi_startproc
 327              	.LVL2:
 113:.\Generated_Source\PSoC4/OCP_FAULT_P2.c ****     uint8 drVal = (uint8)(OCP_FAULT_P2_DR & (uint8)(~OCP_FAULT_P2_MASK));
 328              		.loc 1 113 0
 329 0000 2023     		mov	r3, #32
 330 0002 0449     		ldr	r1, .L5
 114:.\Generated_Source\PSoC4/OCP_FAULT_P2.c ****     drVal = (drVal | ((uint8)(value << OCP_FAULT_P2_SHIFT) & OCP_FAULT_P2_MASK));
 331              		.loc 1 114 0
 332 0004 4001     		lsl	r0, r0, #5
 333              	.LVL3:
 113:.\Generated_Source\PSoC4/OCP_FAULT_P2.c ****     uint8 drVal = (uint8)(OCP_FAULT_P2_DR & (uint8)(~OCP_FAULT_P2_MASK));
 334              		.loc 1 113 0
 335 0006 0A68     		ldr	r2, [r1]
 115:.\Generated_Source\PSoC4/OCP_FAULT_P2.c ****     OCP_FAULT_P2_DR = (uint32)drVal;
 116:.\Generated_Source\PSoC4/OCP_FAULT_P2.c **** }
 336              		.loc 1 116 0
ARM GAS  C:\Users\victo\AppData\Local\Temp\cczK86eJ.s 			page 24


 337              		@ sp needed
 113:.\Generated_Source\PSoC4/OCP_FAULT_P2.c ****     drVal = (drVal | ((uint8)(value << OCP_FAULT_P2_SHIFT) & OCP_FAULT_P2_MASK));
 338              		.loc 1 113 0
 339 0008 9A43     		bic	r2, r3
 340 000a D2B2     		uxtb	r2, r2
 114:.\Generated_Source\PSoC4/OCP_FAULT_P2.c ****     drVal = (drVal | ((uint8)(value << OCP_FAULT_P2_SHIFT) & OCP_FAULT_P2_MASK));
 341              		.loc 1 114 0
 342 000c 0340     		and	r3, r0
 115:.\Generated_Source\PSoC4/OCP_FAULT_P2.c ****     OCP_FAULT_P2_DR = (uint32)drVal;
 343              		.loc 1 115 0
 344 000e 1343     		orr	r3, r2
 345 0010 0B60     		str	r3, [r1]
 346              		.loc 1 116 0
 347 0012 7047     		bx	lr
 348              	.L6:
 349              		.align	2
 350              	.L5:
 351 0014 00030440 		.word	1074004736
 352              		.cfi_endproc
 353              	.LFE1:
 354              		.size	OCP_FAULT_P2_Write, .-OCP_FAULT_P2_Write
 355              		.section	.text.OCP_FAULT_P2_Read,"ax",%progbits
 356              		.align	1
 357              		.global	OCP_FAULT_P2_Read
 358              		.code	16
 359              		.thumb_func
 360              		.type	OCP_FAULT_P2_Read, %function
 361              	OCP_FAULT_P2_Read:
 362              	.LFB2:
 117:.\Generated_Source\PSoC4/OCP_FAULT_P2.c **** 
 118:.\Generated_Source\PSoC4/OCP_FAULT_P2.c **** 
 119:.\Generated_Source\PSoC4/OCP_FAULT_P2.c **** /*******************************************************************************
 120:.\Generated_Source\PSoC4/OCP_FAULT_P2.c **** * Function Name: OCP_FAULT_P2_Read
 121:.\Generated_Source\PSoC4/OCP_FAULT_P2.c **** ****************************************************************************//**
 122:.\Generated_Source\PSoC4/OCP_FAULT_P2.c **** *
 123:.\Generated_Source\PSoC4/OCP_FAULT_P2.c **** * \brief Reads the associated physical port (pin status register) and masks 
 124:.\Generated_Source\PSoC4/OCP_FAULT_P2.c **** *  the required bits according to the width and bit position of the component
 125:.\Generated_Source\PSoC4/OCP_FAULT_P2.c **** *  instance. 
 126:.\Generated_Source\PSoC4/OCP_FAULT_P2.c **** *
 127:.\Generated_Source\PSoC4/OCP_FAULT_P2.c **** * The pin's status register returns the current logic level present on the 
 128:.\Generated_Source\PSoC4/OCP_FAULT_P2.c **** * physical pin.
 129:.\Generated_Source\PSoC4/OCP_FAULT_P2.c **** *
 130:.\Generated_Source\PSoC4/OCP_FAULT_P2.c **** * \return 
 131:.\Generated_Source\PSoC4/OCP_FAULT_P2.c **** *  The current value for the pins in the component as a right justified number.
 132:.\Generated_Source\PSoC4/OCP_FAULT_P2.c **** *
 133:.\Generated_Source\PSoC4/OCP_FAULT_P2.c **** * \funcusage
 134:.\Generated_Source\PSoC4/OCP_FAULT_P2.c **** *  \snippet OCP_FAULT_P2_SUT.c usage_OCP_FAULT_P2_Read  
 135:.\Generated_Source\PSoC4/OCP_FAULT_P2.c **** *******************************************************************************/
 136:.\Generated_Source\PSoC4/OCP_FAULT_P2.c **** uint8 OCP_FAULT_P2_Read(void)
 137:.\Generated_Source\PSoC4/OCP_FAULT_P2.c **** {
 363              		.loc 1 137 0
 364              		.cfi_startproc
 138:.\Generated_Source\PSoC4/OCP_FAULT_P2.c ****     return (uint8)((OCP_FAULT_P2_PS & OCP_FAULT_P2_MASK) >> OCP_FAULT_P2_SHIFT);
 365              		.loc 1 138 0
 366 0000 024B     		ldr	r3, .L8
 139:.\Generated_Source\PSoC4/OCP_FAULT_P2.c **** }
 367              		.loc 1 139 0
ARM GAS  C:\Users\victo\AppData\Local\Temp\cczK86eJ.s 			page 25


 368              		@ sp needed
 138:.\Generated_Source\PSoC4/OCP_FAULT_P2.c ****     return (uint8)((OCP_FAULT_P2_PS & OCP_FAULT_P2_MASK) >> OCP_FAULT_P2_SHIFT);
 369              		.loc 1 138 0
 370 0002 1868     		ldr	r0, [r3]
 371 0004 8006     		lsl	r0, r0, #26
 372 0006 C00F     		lsr	r0, r0, #31
 373              		.loc 1 139 0
 374 0008 7047     		bx	lr
 375              	.L9:
 376 000a C046     		.align	2
 377              	.L8:
 378 000c 04030440 		.word	1074004740
 379              		.cfi_endproc
 380              	.LFE2:
 381              		.size	OCP_FAULT_P2_Read, .-OCP_FAULT_P2_Read
 382              		.section	.text.OCP_FAULT_P2_ReadDataReg,"ax",%progbits
 383              		.align	1
 384              		.global	OCP_FAULT_P2_ReadDataReg
 385              		.code	16
 386              		.thumb_func
 387              		.type	OCP_FAULT_P2_ReadDataReg, %function
 388              	OCP_FAULT_P2_ReadDataReg:
 389              	.LFB3:
 140:.\Generated_Source\PSoC4/OCP_FAULT_P2.c **** 
 141:.\Generated_Source\PSoC4/OCP_FAULT_P2.c **** 
 142:.\Generated_Source\PSoC4/OCP_FAULT_P2.c **** /*******************************************************************************
 143:.\Generated_Source\PSoC4/OCP_FAULT_P2.c **** * Function Name: OCP_FAULT_P2_ReadDataReg
 144:.\Generated_Source\PSoC4/OCP_FAULT_P2.c **** ****************************************************************************//**
 145:.\Generated_Source\PSoC4/OCP_FAULT_P2.c **** *
 146:.\Generated_Source\PSoC4/OCP_FAULT_P2.c **** * \brief Reads the associated physical port's data output register and masks 
 147:.\Generated_Source\PSoC4/OCP_FAULT_P2.c **** *  the correct bits according to the width and bit position of the component 
 148:.\Generated_Source\PSoC4/OCP_FAULT_P2.c **** *  instance. 
 149:.\Generated_Source\PSoC4/OCP_FAULT_P2.c **** *
 150:.\Generated_Source\PSoC4/OCP_FAULT_P2.c **** * The data output register controls the signal applied to the physical pin in 
 151:.\Generated_Source\PSoC4/OCP_FAULT_P2.c **** * conjunction with the drive mode parameter. This is not the same as the 
 152:.\Generated_Source\PSoC4/OCP_FAULT_P2.c **** * preferred OCP_FAULT_P2_Read() API because the 
 153:.\Generated_Source\PSoC4/OCP_FAULT_P2.c **** * OCP_FAULT_P2_ReadDataReg() reads the data register instead of the status 
 154:.\Generated_Source\PSoC4/OCP_FAULT_P2.c **** * register. For output pins this is a useful function to determine the value 
 155:.\Generated_Source\PSoC4/OCP_FAULT_P2.c **** * just written to the pin.
 156:.\Generated_Source\PSoC4/OCP_FAULT_P2.c **** *
 157:.\Generated_Source\PSoC4/OCP_FAULT_P2.c **** * \return 
 158:.\Generated_Source\PSoC4/OCP_FAULT_P2.c **** *  The current value of the data register masked and shifted into a right 
 159:.\Generated_Source\PSoC4/OCP_FAULT_P2.c **** *  justified number for the component instance.
 160:.\Generated_Source\PSoC4/OCP_FAULT_P2.c **** *
 161:.\Generated_Source\PSoC4/OCP_FAULT_P2.c **** * \funcusage
 162:.\Generated_Source\PSoC4/OCP_FAULT_P2.c **** *  \snippet OCP_FAULT_P2_SUT.c usage_OCP_FAULT_P2_ReadDataReg 
 163:.\Generated_Source\PSoC4/OCP_FAULT_P2.c **** *******************************************************************************/
 164:.\Generated_Source\PSoC4/OCP_FAULT_P2.c **** uint8 OCP_FAULT_P2_ReadDataReg(void)
 165:.\Generated_Source\PSoC4/OCP_FAULT_P2.c **** {
 390              		.loc 1 165 0
 391              		.cfi_startproc
 166:.\Generated_Source\PSoC4/OCP_FAULT_P2.c ****     return (uint8)((OCP_FAULT_P2_DR & OCP_FAULT_P2_MASK) >> OCP_FAULT_P2_SHIFT);
 392              		.loc 1 166 0
 393 0000 024B     		ldr	r3, .L11
 167:.\Generated_Source\PSoC4/OCP_FAULT_P2.c **** }
 394              		.loc 1 167 0
 395              		@ sp needed
ARM GAS  C:\Users\victo\AppData\Local\Temp\cczK86eJ.s 			page 26


 166:.\Generated_Source\PSoC4/OCP_FAULT_P2.c ****     return (uint8)((OCP_FAULT_P2_DR & OCP_FAULT_P2_MASK) >> OCP_FAULT_P2_SHIFT);
 396              		.loc 1 166 0
 397 0002 1868     		ldr	r0, [r3]
 398 0004 8006     		lsl	r0, r0, #26
 399 0006 C00F     		lsr	r0, r0, #31
 400              		.loc 1 167 0
 401 0008 7047     		bx	lr
 402              	.L12:
 403 000a C046     		.align	2
 404              	.L11:
 405 000c 00030440 		.word	1074004736
 406              		.cfi_endproc
 407              	.LFE3:
 408              		.size	OCP_FAULT_P2_ReadDataReg, .-OCP_FAULT_P2_ReadDataReg
 409              		.section	.text.OCP_FAULT_P2_SetInterruptMode,"ax",%progbits
 410              		.align	1
 411              		.global	OCP_FAULT_P2_SetInterruptMode
 412              		.code	16
 413              		.thumb_func
 414              		.type	OCP_FAULT_P2_SetInterruptMode, %function
 415              	OCP_FAULT_P2_SetInterruptMode:
 416              	.LFB4:
 168:.\Generated_Source\PSoC4/OCP_FAULT_P2.c **** 
 169:.\Generated_Source\PSoC4/OCP_FAULT_P2.c **** 
 170:.\Generated_Source\PSoC4/OCP_FAULT_P2.c **** /*******************************************************************************
 171:.\Generated_Source\PSoC4/OCP_FAULT_P2.c **** * Function Name: OCP_FAULT_P2_SetInterruptMode
 172:.\Generated_Source\PSoC4/OCP_FAULT_P2.c **** ****************************************************************************//**
 173:.\Generated_Source\PSoC4/OCP_FAULT_P2.c **** *
 174:.\Generated_Source\PSoC4/OCP_FAULT_P2.c **** * \brief Configures the interrupt mode for each of the Pins component's
 175:.\Generated_Source\PSoC4/OCP_FAULT_P2.c **** *  pins. Alternatively you may set the interrupt mode for all the pins
 176:.\Generated_Source\PSoC4/OCP_FAULT_P2.c **** *  specified in the Pins component.
 177:.\Generated_Source\PSoC4/OCP_FAULT_P2.c **** *
 178:.\Generated_Source\PSoC4/OCP_FAULT_P2.c **** *  <b>Note</b> The interrupt is port-wide and therefore any enabled pin
 179:.\Generated_Source\PSoC4/OCP_FAULT_P2.c **** *  interrupt may trigger it.
 180:.\Generated_Source\PSoC4/OCP_FAULT_P2.c **** *
 181:.\Generated_Source\PSoC4/OCP_FAULT_P2.c **** * \param position
 182:.\Generated_Source\PSoC4/OCP_FAULT_P2.c **** *  The pin position as listed in the Pins component. You may OR these to be 
 183:.\Generated_Source\PSoC4/OCP_FAULT_P2.c **** *  able to configure the interrupt mode of multiple pins within a Pins 
 184:.\Generated_Source\PSoC4/OCP_FAULT_P2.c **** *  component. Or you may use OCP_FAULT_P2_INTR_ALL to configure the
 185:.\Generated_Source\PSoC4/OCP_FAULT_P2.c **** *  interrupt mode of all the pins in the Pins component.       
 186:.\Generated_Source\PSoC4/OCP_FAULT_P2.c **** *  - OCP_FAULT_P2_0_INTR       (First pin in the list)
 187:.\Generated_Source\PSoC4/OCP_FAULT_P2.c **** *  - OCP_FAULT_P2_1_INTR       (Second pin in the list)
 188:.\Generated_Source\PSoC4/OCP_FAULT_P2.c **** *  - ...
 189:.\Generated_Source\PSoC4/OCP_FAULT_P2.c **** *  - OCP_FAULT_P2_INTR_ALL     (All pins in Pins component)
 190:.\Generated_Source\PSoC4/OCP_FAULT_P2.c **** *
 191:.\Generated_Source\PSoC4/OCP_FAULT_P2.c **** * \param mode
 192:.\Generated_Source\PSoC4/OCP_FAULT_P2.c **** *  Interrupt mode for the selected pins. Valid options are documented in
 193:.\Generated_Source\PSoC4/OCP_FAULT_P2.c **** *  \ref intrMode.
 194:.\Generated_Source\PSoC4/OCP_FAULT_P2.c **** *
 195:.\Generated_Source\PSoC4/OCP_FAULT_P2.c **** * \return 
 196:.\Generated_Source\PSoC4/OCP_FAULT_P2.c **** *  None
 197:.\Generated_Source\PSoC4/OCP_FAULT_P2.c **** *  
 198:.\Generated_Source\PSoC4/OCP_FAULT_P2.c **** * \sideeffect
 199:.\Generated_Source\PSoC4/OCP_FAULT_P2.c **** *  It is recommended that the interrupt be disabled before calling this 
 200:.\Generated_Source\PSoC4/OCP_FAULT_P2.c **** *  function to avoid unintended interrupt requests. Note that the interrupt
 201:.\Generated_Source\PSoC4/OCP_FAULT_P2.c **** *  type is port wide, and therefore will trigger for any enabled pin on the 
 202:.\Generated_Source\PSoC4/OCP_FAULT_P2.c **** *  port.
ARM GAS  C:\Users\victo\AppData\Local\Temp\cczK86eJ.s 			page 27


 203:.\Generated_Source\PSoC4/OCP_FAULT_P2.c **** *
 204:.\Generated_Source\PSoC4/OCP_FAULT_P2.c **** * \funcusage
 205:.\Generated_Source\PSoC4/OCP_FAULT_P2.c **** *  \snippet OCP_FAULT_P2_SUT.c usage_OCP_FAULT_P2_SetInterruptMode
 206:.\Generated_Source\PSoC4/OCP_FAULT_P2.c **** *******************************************************************************/
 207:.\Generated_Source\PSoC4/OCP_FAULT_P2.c **** void OCP_FAULT_P2_SetInterruptMode(uint16 position, uint16 mode)
 208:.\Generated_Source\PSoC4/OCP_FAULT_P2.c **** {
 417              		.loc 1 208 0
 418              		.cfi_startproc
 419              	.LVL4:
 209:.\Generated_Source\PSoC4/OCP_FAULT_P2.c ****     uint32 intrCfg;
 210:.\Generated_Source\PSoC4/OCP_FAULT_P2.c ****     
 211:.\Generated_Source\PSoC4/OCP_FAULT_P2.c ****     intrCfg =  OCP_FAULT_P2_INTCFG & (uint32)(~(uint32)position);
 420              		.loc 1 211 0
 421 0000 034A     		ldr	r2, .L14
 212:.\Generated_Source\PSoC4/OCP_FAULT_P2.c ****     OCP_FAULT_P2_INTCFG = intrCfg | ((uint32)position & (uint32)mode);
 213:.\Generated_Source\PSoC4/OCP_FAULT_P2.c **** }
 422              		.loc 1 213 0
 423              		@ sp needed
 211:.\Generated_Source\PSoC4/OCP_FAULT_P2.c ****     OCP_FAULT_P2_INTCFG = intrCfg | ((uint32)position & (uint32)mode);
 424              		.loc 1 211 0
 425 0002 1368     		ldr	r3, [r2]
 426              	.LVL5:
 427 0004 8343     		bic	r3, r0
 428              	.LVL6:
 212:.\Generated_Source\PSoC4/OCP_FAULT_P2.c ****     OCP_FAULT_P2_INTCFG = intrCfg | ((uint32)position & (uint32)mode);
 429              		.loc 1 212 0
 430 0006 0840     		and	r0, r1
 431              	.LVL7:
 432 0008 1843     		orr	r0, r3
 433 000a 1060     		str	r0, [r2]
 434              		.loc 1 213 0
 435 000c 7047     		bx	lr
 436              	.L15:
 437 000e C046     		.align	2
 438              	.L14:
 439 0010 0C030440 		.word	1074004748
 440              		.cfi_endproc
 441              	.LFE4:
 442              		.size	OCP_FAULT_P2_SetInterruptMode, .-OCP_FAULT_P2_SetInterruptMode
 443              		.section	.text.OCP_FAULT_P2_ClearInterrupt,"ax",%progbits
 444              		.align	1
 445              		.global	OCP_FAULT_P2_ClearInterrupt
 446              		.code	16
 447              		.thumb_func
 448              		.type	OCP_FAULT_P2_ClearInterrupt, %function
 449              	OCP_FAULT_P2_ClearInterrupt:
 450              	.LFB5:
 214:.\Generated_Source\PSoC4/OCP_FAULT_P2.c **** 
 215:.\Generated_Source\PSoC4/OCP_FAULT_P2.c **** 
 216:.\Generated_Source\PSoC4/OCP_FAULT_P2.c **** /*******************************************************************************
 217:.\Generated_Source\PSoC4/OCP_FAULT_P2.c **** * Function Name: OCP_FAULT_P2_ClearInterrupt
 218:.\Generated_Source\PSoC4/OCP_FAULT_P2.c **** ****************************************************************************//**
 219:.\Generated_Source\PSoC4/OCP_FAULT_P2.c **** *
 220:.\Generated_Source\PSoC4/OCP_FAULT_P2.c **** * \brief Clears any active interrupts attached with the component and returns 
 221:.\Generated_Source\PSoC4/OCP_FAULT_P2.c **** *  the value of the interrupt status register allowing determination of which
 222:.\Generated_Source\PSoC4/OCP_FAULT_P2.c **** *  pins generated an interrupt event.
 223:.\Generated_Source\PSoC4/OCP_FAULT_P2.c **** *
ARM GAS  C:\Users\victo\AppData\Local\Temp\cczK86eJ.s 			page 28


 224:.\Generated_Source\PSoC4/OCP_FAULT_P2.c **** * \return 
 225:.\Generated_Source\PSoC4/OCP_FAULT_P2.c **** *  The right-shifted current value of the interrupt status register. Each pin 
 226:.\Generated_Source\PSoC4/OCP_FAULT_P2.c **** *  has one bit set if it generated an interrupt event. For example, bit 0 is 
 227:.\Generated_Source\PSoC4/OCP_FAULT_P2.c **** *  for pin 0 and bit 1 is for pin 1 of the Pins component.
 228:.\Generated_Source\PSoC4/OCP_FAULT_P2.c **** *  
 229:.\Generated_Source\PSoC4/OCP_FAULT_P2.c **** * \sideeffect
 230:.\Generated_Source\PSoC4/OCP_FAULT_P2.c **** *  Clears all bits of the physical port's interrupt status register, not just
 231:.\Generated_Source\PSoC4/OCP_FAULT_P2.c **** *  those associated with the Pins component.
 232:.\Generated_Source\PSoC4/OCP_FAULT_P2.c **** *
 233:.\Generated_Source\PSoC4/OCP_FAULT_P2.c **** * \funcusage
 234:.\Generated_Source\PSoC4/OCP_FAULT_P2.c **** *  \snippet OCP_FAULT_P2_SUT.c usage_OCP_FAULT_P2_ClearInterrupt
 235:.\Generated_Source\PSoC4/OCP_FAULT_P2.c **** *******************************************************************************/
 236:.\Generated_Source\PSoC4/OCP_FAULT_P2.c **** uint8 OCP_FAULT_P2_ClearInterrupt(void)
 237:.\Generated_Source\PSoC4/OCP_FAULT_P2.c **** {
 451              		.loc 1 237 0
 452              		.cfi_startproc
 238:.\Generated_Source\PSoC4/OCP_FAULT_P2.c **** 	uint8 maskedStatus = (uint8)(OCP_FAULT_P2_INTSTAT & OCP_FAULT_P2_MASK);
 453              		.loc 1 238 0
 454 0000 2023     		mov	r3, #32
 455 0002 034A     		ldr	r2, .L17
 239:.\Generated_Source\PSoC4/OCP_FAULT_P2.c **** 	OCP_FAULT_P2_INTSTAT = maskedStatus;
 240:.\Generated_Source\PSoC4/OCP_FAULT_P2.c ****     return maskedStatus >> OCP_FAULT_P2_SHIFT;
 241:.\Generated_Source\PSoC4/OCP_FAULT_P2.c **** }
 456              		.loc 1 241 0
 457              		@ sp needed
 238:.\Generated_Source\PSoC4/OCP_FAULT_P2.c **** 	uint8 maskedStatus = (uint8)(OCP_FAULT_P2_INTSTAT & OCP_FAULT_P2_MASK);
 458              		.loc 1 238 0
 459 0004 1068     		ldr	r0, [r2]
 460 0006 1840     		and	r0, r3
 461              	.LVL8:
 239:.\Generated_Source\PSoC4/OCP_FAULT_P2.c **** 	OCP_FAULT_P2_INTSTAT = maskedStatus;
 462              		.loc 1 239 0
 463 0008 1060     		str	r0, [r2]
 240:.\Generated_Source\PSoC4/OCP_FAULT_P2.c **** }
 464              		.loc 1 240 0
 465 000a 4009     		lsr	r0, r0, #5
 466              	.LVL9:
 467 000c C0B2     		uxtb	r0, r0
 468              		.loc 1 241 0
 469 000e 7047     		bx	lr
 470              	.L18:
 471              		.align	2
 472              	.L17:
 473 0010 10030440 		.word	1074004752
 474              		.cfi_endproc
 475              	.LFE5:
 476              		.size	OCP_FAULT_P2_ClearInterrupt, .-OCP_FAULT_P2_ClearInterrupt
 477              		.text
 478              	.Letext0:
 479              		.file 2 ".\\Generated_Source\\PSoC4\\cytypes.h"
 480              		.section	.debug_info,"",%progbits
 481              	.Ldebug_info0:
 482 0000 97010000 		.4byte	0x197
 483 0004 0400     		.2byte	0x4
 484 0006 00000000 		.4byte	.Ldebug_abbrev0
 485 000a 04       		.byte	0x4
 486 000b 01       		.uleb128 0x1
ARM GAS  C:\Users\victo\AppData\Local\Temp\cczK86eJ.s 			page 29


 487 000c 31010000 		.4byte	.LASF27
 488 0010 01       		.byte	0x1
 489 0011 90000000 		.4byte	.LASF28
 490 0015 F2010000 		.4byte	.LASF29
 491 0019 00000000 		.4byte	.Ldebug_ranges0+0
 492 001d 00000000 		.4byte	0
 493 0021 00000000 		.4byte	.Ldebug_line0
 494 0025 02       		.uleb128 0x2
 495 0026 01       		.byte	0x1
 496 0027 06       		.byte	0x6
 497 0028 AE020000 		.4byte	.LASF0
 498 002c 02       		.uleb128 0x2
 499 002d 01       		.byte	0x1
 500 002e 08       		.byte	0x8
 501 002f 57000000 		.4byte	.LASF1
 502 0033 02       		.uleb128 0x2
 503 0034 02       		.byte	0x2
 504 0035 05       		.byte	0x5
 505 0036 77020000 		.4byte	.LASF2
 506 003a 02       		.uleb128 0x2
 507 003b 02       		.byte	0x2
 508 003c 07       		.byte	0x7
 509 003d 7D000000 		.4byte	.LASF3
 510 0041 02       		.uleb128 0x2
 511 0042 04       		.byte	0x4
 512 0043 05       		.byte	0x5
 513 0044 A5020000 		.4byte	.LASF4
 514 0048 02       		.uleb128 0x2
 515 0049 04       		.byte	0x4
 516 004a 07       		.byte	0x7
 517 004b 6B000000 		.4byte	.LASF5
 518 004f 02       		.uleb128 0x2
 519 0050 08       		.byte	0x8
 520 0051 05       		.byte	0x5
 521 0052 57020000 		.4byte	.LASF6
 522 0056 02       		.uleb128 0x2
 523 0057 08       		.byte	0x8
 524 0058 07       		.byte	0x7
 525 0059 1A010000 		.4byte	.LASF7
 526 005d 03       		.uleb128 0x3
 527 005e 04       		.byte	0x4
 528 005f 05       		.byte	0x5
 529 0060 696E7400 		.ascii	"int\000"
 530 0064 02       		.uleb128 0x2
 531 0065 04       		.byte	0x4
 532 0066 07       		.byte	0x7
 533 0067 0D010000 		.4byte	.LASF8
 534 006b 04       		.uleb128 0x4
 535 006c 81020000 		.4byte	.LASF9
 536 0070 02       		.byte	0x2
 537 0071 9801     		.2byte	0x198
 538 0073 2C000000 		.4byte	0x2c
 539 0077 04       		.uleb128 0x4
 540 0078 EE000000 		.4byte	.LASF10
 541 007c 02       		.byte	0x2
 542 007d 9901     		.2byte	0x199
 543 007f 3A000000 		.4byte	0x3a
ARM GAS  C:\Users\victo\AppData\Local\Temp\cczK86eJ.s 			page 30


 544 0083 04       		.uleb128 0x4
 545 0084 FE000000 		.4byte	.LASF11
 546 0088 02       		.byte	0x2
 547 0089 9A01     		.2byte	0x19a
 548 008b 48000000 		.4byte	0x48
 549 008f 02       		.uleb128 0x2
 550 0090 04       		.byte	0x4
 551 0091 04       		.byte	0x4
 552 0092 51000000 		.4byte	.LASF12
 553 0096 02       		.uleb128 0x2
 554 0097 08       		.byte	0x8
 555 0098 04       		.byte	0x4
 556 0099 B8000000 		.4byte	.LASF13
 557 009d 02       		.uleb128 0x2
 558 009e 01       		.byte	0x1
 559 009f 08       		.byte	0x8
 560 00a0 72020000 		.4byte	.LASF14
 561 00a4 04       		.uleb128 0x4
 562 00a5 00000000 		.4byte	.LASF15
 563 00a9 02       		.byte	0x2
 564 00aa 4402     		.2byte	0x244
 565 00ac B0000000 		.4byte	0xb0
 566 00b0 05       		.uleb128 0x5
 567 00b1 83000000 		.4byte	0x83
 568 00b5 06       		.uleb128 0x6
 569 00b6 06000000 		.4byte	.LASF16
 570 00ba 01       		.byte	0x1
 571 00bb 48       		.byte	0x48
 572 00bc 00000000 		.4byte	.LFB0
 573 00c0 18000000 		.4byte	.LFE0-.LFB0
 574 00c4 01       		.uleb128 0x1
 575 00c5 9C       		.byte	0x9c
 576 00c6 DA000000 		.4byte	0xda
 577 00ca 07       		.uleb128 0x7
 578 00cb ED010000 		.4byte	.LASF18
 579 00cf 01       		.byte	0x1
 580 00d0 48       		.byte	0x48
 581 00d1 6B000000 		.4byte	0x6b
 582 00d5 00000000 		.4byte	.LLST0
 583 00d9 00       		.byte	0
 584 00da 06       		.uleb128 0x6
 585 00db DB000000 		.4byte	.LASF17
 586 00df 01       		.byte	0x1
 587 00e0 6F       		.byte	0x6f
 588 00e1 00000000 		.4byte	.LFB1
 589 00e5 18000000 		.4byte	.LFE1-.LFB1
 590 00e9 01       		.uleb128 0x1
 591 00ea 9C       		.byte	0x9c
 592 00eb 0A010000 		.4byte	0x10a
 593 00ef 07       		.uleb128 0x7
 594 00f0 20000000 		.4byte	.LASF19
 595 00f4 01       		.byte	0x1
 596 00f5 6F       		.byte	0x6f
 597 00f6 6B000000 		.4byte	0x6b
 598 00fa 21000000 		.4byte	.LLST1
 599 00fe 08       		.uleb128 0x8
 600 00ff 65000000 		.4byte	.LASF30
ARM GAS  C:\Users\victo\AppData\Local\Temp\cczK86eJ.s 			page 31


 601 0103 01       		.byte	0x1
 602 0104 71       		.byte	0x71
 603 0105 6B000000 		.4byte	0x6b
 604 0109 00       		.byte	0
 605 010a 09       		.uleb128 0x9
 606 010b 26000000 		.4byte	.LASF20
 607 010f 01       		.byte	0x1
 608 0110 88       		.byte	0x88
 609 0111 6B000000 		.4byte	0x6b
 610 0115 00000000 		.4byte	.LFB2
 611 0119 10000000 		.4byte	.LFE2-.LFB2
 612 011d 01       		.uleb128 0x1
 613 011e 9C       		.byte	0x9c
 614 011f 09       		.uleb128 0x9
 615 0120 38000000 		.4byte	.LASF21
 616 0124 01       		.byte	0x1
 617 0125 A4       		.byte	0xa4
 618 0126 6B000000 		.4byte	0x6b
 619 012a 00000000 		.4byte	.LFB3
 620 012e 10000000 		.4byte	.LFE3-.LFB3
 621 0132 01       		.uleb128 0x1
 622 0133 9C       		.byte	0x9c
 623 0134 06       		.uleb128 0x6
 624 0135 87020000 		.4byte	.LASF22
 625 0139 01       		.byte	0x1
 626 013a CF       		.byte	0xcf
 627 013b 00000000 		.4byte	.LFB4
 628 013f 14000000 		.4byte	.LFE4-.LFB4
 629 0143 01       		.uleb128 0x1
 630 0144 9C       		.byte	0x9c
 631 0145 75010000 		.4byte	0x175
 632 0149 07       		.uleb128 0x7
 633 014a F5000000 		.4byte	.LASF23
 634 014e 01       		.byte	0x1
 635 014f CF       		.byte	0xcf
 636 0150 77000000 		.4byte	0x77
 637 0154 42000000 		.4byte	.LLST2
 638 0158 0A       		.uleb128 0xa
 639 0159 ED010000 		.4byte	.LASF18
 640 015d 01       		.byte	0x1
 641 015e CF       		.byte	0xcf
 642 015f 77000000 		.4byte	0x77
 643 0163 01       		.uleb128 0x1
 644 0164 51       		.byte	0x51
 645 0165 0B       		.uleb128 0xb
 646 0166 05010000 		.4byte	.LASF25
 647 016a 01       		.byte	0x1
 648 016b D1       		.byte	0xd1
 649 016c 83000000 		.4byte	0x83
 650 0170 63000000 		.4byte	.LLST3
 651 0174 00       		.byte	0
 652 0175 0C       		.uleb128 0xc
 653 0176 BF000000 		.4byte	.LASF24
 654 017a 01       		.byte	0x1
 655 017b EC       		.byte	0xec
 656 017c 6B000000 		.4byte	0x6b
 657 0180 00000000 		.4byte	.LFB5
ARM GAS  C:\Users\victo\AppData\Local\Temp\cczK86eJ.s 			page 32


 658 0184 14000000 		.4byte	.LFE5-.LFB5
 659 0188 01       		.uleb128 0x1
 660 0189 9C       		.byte	0x9c
 661 018a 0B       		.uleb128 0xb
 662 018b 65020000 		.4byte	.LASF26
 663 018f 01       		.byte	0x1
 664 0190 EE       		.byte	0xee
 665 0191 6B000000 		.4byte	0x6b
 666 0195 80000000 		.4byte	.LLST4
 667 0199 00       		.byte	0
 668 019a 00       		.byte	0
 669              		.section	.debug_abbrev,"",%progbits
 670              	.Ldebug_abbrev0:
 671 0000 01       		.uleb128 0x1
 672 0001 11       		.uleb128 0x11
 673 0002 01       		.byte	0x1
 674 0003 25       		.uleb128 0x25
 675 0004 0E       		.uleb128 0xe
 676 0005 13       		.uleb128 0x13
 677 0006 0B       		.uleb128 0xb
 678 0007 03       		.uleb128 0x3
 679 0008 0E       		.uleb128 0xe
 680 0009 1B       		.uleb128 0x1b
 681 000a 0E       		.uleb128 0xe
 682 000b 55       		.uleb128 0x55
 683 000c 17       		.uleb128 0x17
 684 000d 11       		.uleb128 0x11
 685 000e 01       		.uleb128 0x1
 686 000f 10       		.uleb128 0x10
 687 0010 17       		.uleb128 0x17
 688 0011 00       		.byte	0
 689 0012 00       		.byte	0
 690 0013 02       		.uleb128 0x2
 691 0014 24       		.uleb128 0x24
 692 0015 00       		.byte	0
 693 0016 0B       		.uleb128 0xb
 694 0017 0B       		.uleb128 0xb
 695 0018 3E       		.uleb128 0x3e
 696 0019 0B       		.uleb128 0xb
 697 001a 03       		.uleb128 0x3
 698 001b 0E       		.uleb128 0xe
 699 001c 00       		.byte	0
 700 001d 00       		.byte	0
 701 001e 03       		.uleb128 0x3
 702 001f 24       		.uleb128 0x24
 703 0020 00       		.byte	0
 704 0021 0B       		.uleb128 0xb
 705 0022 0B       		.uleb128 0xb
 706 0023 3E       		.uleb128 0x3e
 707 0024 0B       		.uleb128 0xb
 708 0025 03       		.uleb128 0x3
 709 0026 08       		.uleb128 0x8
 710 0027 00       		.byte	0
 711 0028 00       		.byte	0
 712 0029 04       		.uleb128 0x4
 713 002a 16       		.uleb128 0x16
 714 002b 00       		.byte	0
ARM GAS  C:\Users\victo\AppData\Local\Temp\cczK86eJ.s 			page 33


 715 002c 03       		.uleb128 0x3
 716 002d 0E       		.uleb128 0xe
 717 002e 3A       		.uleb128 0x3a
 718 002f 0B       		.uleb128 0xb
 719 0030 3B       		.uleb128 0x3b
 720 0031 05       		.uleb128 0x5
 721 0032 49       		.uleb128 0x49
 722 0033 13       		.uleb128 0x13
 723 0034 00       		.byte	0
 724 0035 00       		.byte	0
 725 0036 05       		.uleb128 0x5
 726 0037 35       		.uleb128 0x35
 727 0038 00       		.byte	0
 728 0039 49       		.uleb128 0x49
 729 003a 13       		.uleb128 0x13
 730 003b 00       		.byte	0
 731 003c 00       		.byte	0
 732 003d 06       		.uleb128 0x6
 733 003e 2E       		.uleb128 0x2e
 734 003f 01       		.byte	0x1
 735 0040 3F       		.uleb128 0x3f
 736 0041 19       		.uleb128 0x19
 737 0042 03       		.uleb128 0x3
 738 0043 0E       		.uleb128 0xe
 739 0044 3A       		.uleb128 0x3a
 740 0045 0B       		.uleb128 0xb
 741 0046 3B       		.uleb128 0x3b
 742 0047 0B       		.uleb128 0xb
 743 0048 27       		.uleb128 0x27
 744 0049 19       		.uleb128 0x19
 745 004a 11       		.uleb128 0x11
 746 004b 01       		.uleb128 0x1
 747 004c 12       		.uleb128 0x12
 748 004d 06       		.uleb128 0x6
 749 004e 40       		.uleb128 0x40
 750 004f 18       		.uleb128 0x18
 751 0050 9742     		.uleb128 0x2117
 752 0052 19       		.uleb128 0x19
 753 0053 01       		.uleb128 0x1
 754 0054 13       		.uleb128 0x13
 755 0055 00       		.byte	0
 756 0056 00       		.byte	0
 757 0057 07       		.uleb128 0x7
 758 0058 05       		.uleb128 0x5
 759 0059 00       		.byte	0
 760 005a 03       		.uleb128 0x3
 761 005b 0E       		.uleb128 0xe
 762 005c 3A       		.uleb128 0x3a
 763 005d 0B       		.uleb128 0xb
 764 005e 3B       		.uleb128 0x3b
 765 005f 0B       		.uleb128 0xb
 766 0060 49       		.uleb128 0x49
 767 0061 13       		.uleb128 0x13
 768 0062 02       		.uleb128 0x2
 769 0063 17       		.uleb128 0x17
 770 0064 00       		.byte	0
 771 0065 00       		.byte	0
ARM GAS  C:\Users\victo\AppData\Local\Temp\cczK86eJ.s 			page 34


 772 0066 08       		.uleb128 0x8
 773 0067 34       		.uleb128 0x34
 774 0068 00       		.byte	0
 775 0069 03       		.uleb128 0x3
 776 006a 0E       		.uleb128 0xe
 777 006b 3A       		.uleb128 0x3a
 778 006c 0B       		.uleb128 0xb
 779 006d 3B       		.uleb128 0x3b
 780 006e 0B       		.uleb128 0xb
 781 006f 49       		.uleb128 0x49
 782 0070 13       		.uleb128 0x13
 783 0071 00       		.byte	0
 784 0072 00       		.byte	0
 785 0073 09       		.uleb128 0x9
 786 0074 2E       		.uleb128 0x2e
 787 0075 00       		.byte	0
 788 0076 3F       		.uleb128 0x3f
 789 0077 19       		.uleb128 0x19
 790 0078 03       		.uleb128 0x3
 791 0079 0E       		.uleb128 0xe
 792 007a 3A       		.uleb128 0x3a
 793 007b 0B       		.uleb128 0xb
 794 007c 3B       		.uleb128 0x3b
 795 007d 0B       		.uleb128 0xb
 796 007e 27       		.uleb128 0x27
 797 007f 19       		.uleb128 0x19
 798 0080 49       		.uleb128 0x49
 799 0081 13       		.uleb128 0x13
 800 0082 11       		.uleb128 0x11
 801 0083 01       		.uleb128 0x1
 802 0084 12       		.uleb128 0x12
 803 0085 06       		.uleb128 0x6
 804 0086 40       		.uleb128 0x40
 805 0087 18       		.uleb128 0x18
 806 0088 9742     		.uleb128 0x2117
 807 008a 19       		.uleb128 0x19
 808 008b 00       		.byte	0
 809 008c 00       		.byte	0
 810 008d 0A       		.uleb128 0xa
 811 008e 05       		.uleb128 0x5
 812 008f 00       		.byte	0
 813 0090 03       		.uleb128 0x3
 814 0091 0E       		.uleb128 0xe
 815 0092 3A       		.uleb128 0x3a
 816 0093 0B       		.uleb128 0xb
 817 0094 3B       		.uleb128 0x3b
 818 0095 0B       		.uleb128 0xb
 819 0096 49       		.uleb128 0x49
 820 0097 13       		.uleb128 0x13
 821 0098 02       		.uleb128 0x2
 822 0099 18       		.uleb128 0x18
 823 009a 00       		.byte	0
 824 009b 00       		.byte	0
 825 009c 0B       		.uleb128 0xb
 826 009d 34       		.uleb128 0x34
 827 009e 00       		.byte	0
 828 009f 03       		.uleb128 0x3
ARM GAS  C:\Users\victo\AppData\Local\Temp\cczK86eJ.s 			page 35


 829 00a0 0E       		.uleb128 0xe
 830 00a1 3A       		.uleb128 0x3a
 831 00a2 0B       		.uleb128 0xb
 832 00a3 3B       		.uleb128 0x3b
 833 00a4 0B       		.uleb128 0xb
 834 00a5 49       		.uleb128 0x49
 835 00a6 13       		.uleb128 0x13
 836 00a7 02       		.uleb128 0x2
 837 00a8 17       		.uleb128 0x17
 838 00a9 00       		.byte	0
 839 00aa 00       		.byte	0
 840 00ab 0C       		.uleb128 0xc
 841 00ac 2E       		.uleb128 0x2e
 842 00ad 01       		.byte	0x1
 843 00ae 3F       		.uleb128 0x3f
 844 00af 19       		.uleb128 0x19
 845 00b0 03       		.uleb128 0x3
 846 00b1 0E       		.uleb128 0xe
 847 00b2 3A       		.uleb128 0x3a
 848 00b3 0B       		.uleb128 0xb
 849 00b4 3B       		.uleb128 0x3b
 850 00b5 0B       		.uleb128 0xb
 851 00b6 27       		.uleb128 0x27
 852 00b7 19       		.uleb128 0x19
 853 00b8 49       		.uleb128 0x49
 854 00b9 13       		.uleb128 0x13
 855 00ba 11       		.uleb128 0x11
 856 00bb 01       		.uleb128 0x1
 857 00bc 12       		.uleb128 0x12
 858 00bd 06       		.uleb128 0x6
 859 00be 40       		.uleb128 0x40
 860 00bf 18       		.uleb128 0x18
 861 00c0 9742     		.uleb128 0x2117
 862 00c2 19       		.uleb128 0x19
 863 00c3 00       		.byte	0
 864 00c4 00       		.byte	0
 865 00c5 00       		.byte	0
 866              		.section	.debug_loc,"",%progbits
 867              	.Ldebug_loc0:
 868              	.LLST0:
 869 0000 00000000 		.4byte	.LVL0
 870 0004 08000000 		.4byte	.LVL1
 871 0008 0100     		.2byte	0x1
 872 000a 50       		.byte	0x50
 873 000b 08000000 		.4byte	.LVL1
 874 000f 18000000 		.4byte	.LFE0
 875 0013 0400     		.2byte	0x4
 876 0015 F3       		.byte	0xf3
 877 0016 01       		.uleb128 0x1
 878 0017 50       		.byte	0x50
 879 0018 9F       		.byte	0x9f
 880 0019 00000000 		.4byte	0
 881 001d 00000000 		.4byte	0
 882              	.LLST1:
 883 0021 00000000 		.4byte	.LVL2
 884 0025 06000000 		.4byte	.LVL3
 885 0029 0100     		.2byte	0x1
ARM GAS  C:\Users\victo\AppData\Local\Temp\cczK86eJ.s 			page 36


 886 002b 50       		.byte	0x50
 887 002c 06000000 		.4byte	.LVL3
 888 0030 18000000 		.4byte	.LFE1
 889 0034 0400     		.2byte	0x4
 890 0036 F3       		.byte	0xf3
 891 0037 01       		.uleb128 0x1
 892 0038 50       		.byte	0x50
 893 0039 9F       		.byte	0x9f
 894 003a 00000000 		.4byte	0
 895 003e 00000000 		.4byte	0
 896              	.LLST2:
 897 0042 00000000 		.4byte	.LVL4
 898 0046 08000000 		.4byte	.LVL7
 899 004a 0100     		.2byte	0x1
 900 004c 50       		.byte	0x50
 901 004d 08000000 		.4byte	.LVL7
 902 0051 14000000 		.4byte	.LFE4
 903 0055 0400     		.2byte	0x4
 904 0057 F3       		.byte	0xf3
 905 0058 01       		.uleb128 0x1
 906 0059 50       		.byte	0x50
 907 005a 9F       		.byte	0x9f
 908 005b 00000000 		.4byte	0
 909 005f 00000000 		.4byte	0
 910              	.LLST3:
 911 0063 04000000 		.4byte	.LVL5
 912 0067 06000000 		.4byte	.LVL6
 913 006b 0B00     		.2byte	0xb
 914 006d 70       		.byte	0x70
 915 006e 00       		.sleb128 0
 916 006f 0A       		.byte	0xa
 917 0070 FFFF     		.2byte	0xffff
 918 0072 1A       		.byte	0x1a
 919 0073 20       		.byte	0x20
 920 0074 73       		.byte	0x73
 921 0075 00       		.sleb128 0
 922 0076 1A       		.byte	0x1a
 923 0077 9F       		.byte	0x9f
 924 0078 00000000 		.4byte	0
 925 007c 00000000 		.4byte	0
 926              	.LLST4:
 927 0080 08000000 		.4byte	.LVL8
 928 0084 0C000000 		.4byte	.LVL9
 929 0088 0100     		.2byte	0x1
 930 008a 50       		.byte	0x50
 931 008b 0C000000 		.4byte	.LVL9
 932 008f 14000000 		.4byte	.LFE5
 933 0093 0400     		.2byte	0x4
 934 0095 72       		.byte	0x72
 935 0096 00       		.sleb128 0
 936 0097 06       		.byte	0x6
 937 0098 9F       		.byte	0x9f
 938 0099 00000000 		.4byte	0
 939 009d 00000000 		.4byte	0
 940              		.section	.debug_aranges,"",%progbits
 941 0000 44000000 		.4byte	0x44
 942 0004 0200     		.2byte	0x2
ARM GAS  C:\Users\victo\AppData\Local\Temp\cczK86eJ.s 			page 37


 943 0006 00000000 		.4byte	.Ldebug_info0
 944 000a 04       		.byte	0x4
 945 000b 00       		.byte	0
 946 000c 0000     		.2byte	0
 947 000e 0000     		.2byte	0
 948 0010 00000000 		.4byte	.LFB0
 949 0014 18000000 		.4byte	.LFE0-.LFB0
 950 0018 00000000 		.4byte	.LFB1
 951 001c 18000000 		.4byte	.LFE1-.LFB1
 952 0020 00000000 		.4byte	.LFB2
 953 0024 10000000 		.4byte	.LFE2-.LFB2
 954 0028 00000000 		.4byte	.LFB3
 955 002c 10000000 		.4byte	.LFE3-.LFB3
 956 0030 00000000 		.4byte	.LFB4
 957 0034 14000000 		.4byte	.LFE4-.LFB4
 958 0038 00000000 		.4byte	.LFB5
 959 003c 14000000 		.4byte	.LFE5-.LFB5
 960 0040 00000000 		.4byte	0
 961 0044 00000000 		.4byte	0
 962              		.section	.debug_ranges,"",%progbits
 963              	.Ldebug_ranges0:
 964 0000 00000000 		.4byte	.LFB0
 965 0004 18000000 		.4byte	.LFE0
 966 0008 00000000 		.4byte	.LFB1
 967 000c 18000000 		.4byte	.LFE1
 968 0010 00000000 		.4byte	.LFB2
 969 0014 10000000 		.4byte	.LFE2
 970 0018 00000000 		.4byte	.LFB3
 971 001c 10000000 		.4byte	.LFE3
 972 0020 00000000 		.4byte	.LFB4
 973 0024 14000000 		.4byte	.LFE4
 974 0028 00000000 		.4byte	.LFB5
 975 002c 14000000 		.4byte	.LFE5
 976 0030 00000000 		.4byte	0
 977 0034 00000000 		.4byte	0
 978              		.section	.debug_line,"",%progbits
 979              	.Ldebug_line0:
 980 0000 CE000000 		.section	.debug_str,"MS",%progbits,1
 980      02004B00 
 980      00000201 
 980      FB0E0D00 
 980      01010101 
 981              	.LASF15:
 982 0000 72656733 		.ascii	"reg32\000"
 982      3200
 983              	.LASF16:
 984 0006 4F43505F 		.ascii	"OCP_FAULT_P2_SetDriveMode\000"
 984      4641554C 
 984      545F5032 
 984      5F536574 
 984      44726976 
 985              	.LASF19:
 986 0020 76616C75 		.ascii	"value\000"
 986      6500
 987              	.LASF20:
 988 0026 4F43505F 		.ascii	"OCP_FAULT_P2_Read\000"
 988      4641554C 
ARM GAS  C:\Users\victo\AppData\Local\Temp\cczK86eJ.s 			page 38


 988      545F5032 
 988      5F526561 
 988      6400
 989              	.LASF21:
 990 0038 4F43505F 		.ascii	"OCP_FAULT_P2_ReadDataReg\000"
 990      4641554C 
 990      545F5032 
 990      5F526561 
 990      64446174 
 991              	.LASF12:
 992 0051 666C6F61 		.ascii	"float\000"
 992      7400
 993              	.LASF1:
 994 0057 756E7369 		.ascii	"unsigned char\000"
 994      676E6564 
 994      20636861 
 994      7200
 995              	.LASF30:
 996 0065 64725661 		.ascii	"drVal\000"
 996      6C00
 997              	.LASF5:
 998 006b 6C6F6E67 		.ascii	"long unsigned int\000"
 998      20756E73 
 998      69676E65 
 998      6420696E 
 998      7400
 999              	.LASF3:
 1000 007d 73686F72 		.ascii	"short unsigned int\000"
 1000      7420756E 
 1000      7369676E 
 1000      65642069 
 1000      6E7400
 1001              	.LASF28:
 1002 0090 2E5C4765 		.ascii	".\\Generated_Source\\PSoC4\\OCP_FAULT_P2.c\000"
 1002      6E657261 
 1002      7465645F 
 1002      536F7572 
 1002      63655C50 
 1003              	.LASF13:
 1004 00b8 646F7562 		.ascii	"double\000"
 1004      6C6500
 1005              	.LASF24:
 1006 00bf 4F43505F 		.ascii	"OCP_FAULT_P2_ClearInterrupt\000"
 1006      4641554C 
 1006      545F5032 
 1006      5F436C65 
 1006      6172496E 
 1007              	.LASF17:
 1008 00db 4F43505F 		.ascii	"OCP_FAULT_P2_Write\000"
 1008      4641554C 
 1008      545F5032 
 1008      5F577269 
 1008      746500
 1009              	.LASF10:
 1010 00ee 75696E74 		.ascii	"uint16\000"
 1010      313600
 1011              	.LASF23:
ARM GAS  C:\Users\victo\AppData\Local\Temp\cczK86eJ.s 			page 39


 1012 00f5 706F7369 		.ascii	"position\000"
 1012      74696F6E 
 1012      00
 1013              	.LASF11:
 1014 00fe 75696E74 		.ascii	"uint32\000"
 1014      333200
 1015              	.LASF25:
 1016 0105 696E7472 		.ascii	"intrCfg\000"
 1016      43666700 
 1017              	.LASF8:
 1018 010d 756E7369 		.ascii	"unsigned int\000"
 1018      676E6564 
 1018      20696E74 
 1018      00
 1019              	.LASF7:
 1020 011a 6C6F6E67 		.ascii	"long long unsigned int\000"
 1020      206C6F6E 
 1020      6720756E 
 1020      7369676E 
 1020      65642069 
 1021              	.LASF27:
 1022 0131 474E5520 		.ascii	"GNU C 4.9.3 20150303 (release) [ARM/embedded-4_9-br"
 1022      4320342E 
 1022      392E3320 
 1022      32303135 
 1022      30333033 
 1023 0164 616E6368 		.ascii	"anch revision 221220] -mcpu=cortex-m0 -mthumb -g -O"
 1023      20726576 
 1023      6973696F 
 1023      6E203232 
 1023      31323230 
 1024 0197 73202D66 		.ascii	"s -ffunction-sections -finline-functions -flto -ffa"
 1024      66756E63 
 1024      74696F6E 
 1024      2D736563 
 1024      74696F6E 
 1025 01ca 742D6C74 		.ascii	"t-lto-objects -fno-strict-aliasing\000"
 1025      6F2D6F62 
 1025      6A656374 
 1025      73202D66 
 1025      6E6F2D73 
 1026              	.LASF18:
 1027 01ed 6D6F6465 		.ascii	"mode\000"
 1027      00
 1028              	.LASF29:
 1029 01f2 433A5C55 		.ascii	"C:\\Users\\victo\\OneDrive\\Documents\\PSoC Creator"
 1029      73657273 
 1029      5C766963 
 1029      746F5C4F 
 1029      6E654472 
 1030 0220 5C435950 		.ascii	"\\CYPD4225-40LQXI_0805\\CYPD4225-40LQXI_notebook01."
 1030      44343232 
 1030      352D3430 
 1030      4C515849 
 1030      5F303830 
 1031 0251 63796473 		.ascii	"cydsn\000"
 1031      6E00
ARM GAS  C:\Users\victo\AppData\Local\Temp\cczK86eJ.s 			page 40


 1032              	.LASF6:
 1033 0257 6C6F6E67 		.ascii	"long long int\000"
 1033      206C6F6E 
 1033      6720696E 
 1033      7400
 1034              	.LASF26:
 1035 0265 6D61736B 		.ascii	"maskedStatus\000"
 1035      65645374 
 1035      61747573 
 1035      00
 1036              	.LASF14:
 1037 0272 63686172 		.ascii	"char\000"
 1037      00
 1038              	.LASF2:
 1039 0277 73686F72 		.ascii	"short int\000"
 1039      7420696E 
 1039      7400
 1040              	.LASF9:
 1041 0281 75696E74 		.ascii	"uint8\000"
 1041      3800
 1042              	.LASF22:
 1043 0287 4F43505F 		.ascii	"OCP_FAULT_P2_SetInterruptMode\000"
 1043      4641554C 
 1043      545F5032 
 1043      5F536574 
 1043      496E7465 
 1044              	.LASF4:
 1045 02a5 6C6F6E67 		.ascii	"long int\000"
 1045      20696E74 
 1045      00
 1046              	.LASF0:
 1047 02ae 7369676E 		.ascii	"signed char\000"
 1047      65642063 
 1047      68617200 
 1048              		.comm	__gnu_lto_v1,1,1
 1049              		.ident	"GCC: (GNU Tools for ARM Embedded Processors) 4.9.3 20150303 (release) [ARM/embedded-4_9-br
