ARM GAS  C:\Users\victo\AppData\Local\Temp\ccEyqqSe.s 			page 1


   1              		.cpu cortex-m0
   2              		.fpu softvfp
   3              		.eabi_attribute 20, 1
   4              		.eabi_attribute 21, 1
   5              		.eabi_attribute 23, 3
   6              		.eabi_attribute 24, 1
   7              		.eabi_attribute 25, 1
   8              		.eabi_attribute 26, 1
   9              		.eabi_attribute 30, 4
  10              		.eabi_attribute 34, 0
  11              		.eabi_attribute 18, 4
  12              		.code	16
  13              		.file	"PDSS_PORT0_SAR_CLK.c"
  14              		.text
  15              	.Ltext0:
  16              		.section	.gnu.lto_.profile.91bcb063,"",%progbits
  17 0000 789C6366 		.ascii	"x\234cf```a\200\000F\0069I\000\000\311\000@"
  17      60606061 
  17      80004606 
  17      39490000 
  17      C90040
  18              		.text
  19              		.section	.gnu.lto_.jmpfuncs.91bcb063,"",%progbits
  20 0000 789C6366 		.ascii	"x\234cf\300\016\304\2414+\003##c=#\003\003\023\023#"
  20      C00EC4A1 
  20      342B0323 
  20      23633D23 
  20      03031313 
  21 0015 23737D3D 		.ascii	"#s}=3\003\003\013P\030\000\026R\001\261"
  21      3303030B 
  21      50180016 
  21      5201B1
  22              		.text
  23              		.section	.gnu.lto_.inline.91bcb063,"",%progbits
  24 0000 789C6D8B 		.ascii	"x\234m\213\273\025\2000\014\003eG\201\020\012FH\303"
  24      BB158030 
  24      0C036547 
  24      81100A46 
  24      48C3
  25 0012 631C3662 		.ascii	"c\0346b\007J\312\314\301\024\214\204\375\3705\250\261"
  25      074ACACC 
  25      C1148C84 
  25      FDF835A8 
  25      B1
  26 0023 ADF305FC 		.ascii	"\255\363\005\374g\271g\004\272I\004\002\204\264oDS\213"
  26      67B96704 
  26      BA490402 
  26      84B46F44 
  26      538B
  27 0035 82B5D0A9 		.ascii	"\202\265\320\251\240\035\005\372\001\213\242\317\242"
  27      A01D05FA 
  27      018BA2CF 
  27      A2
  28 0042 2E9806E6 		.ascii	".\230\006\346u\276\220\036\003]L\376\024\020i\242\235"
  28      75BE901E 
  28      035D4CFE 
  28      141069A2 
ARM GAS  C:\Users\victo\AppData\Local\Temp\ccEyqqSe.s 			page 2


  28      9D
  29 0053 AF4704B5 		.ascii	"\257G\004\265\312\266\247\301\011M\203\013\347"
  29      CAB6A7C1 
  29      094D830B 
  29      E7
  30              		.text
  31              		.section	.gnu.lto_.pureconst.91bcb063,"",%progbits
  32 0000 789C6366 		.ascii	"x\234cf``\340f\200\000V\006)F)&)f)\026\006\000\003\374"
  32      6060E066 
  32      80005606 
  32      29462926 
  32      29662916 
  33 0018 0086     		.ascii	"\000\206"
  34              		.text
  35              		.section	.gnu.lto_PDSS_PORT0_SAR_CLK_StartEx.91bcb063,"",%progbits
  36 0000 789C6551 		.ascii	"x\234eQMh\023A\024~\337\314\316f1\025\304\233=y)\275"
  36      4D681341 
  36      147EDFCC 
  36      CE663115 
  36      C49B3D79 
  37 0016 05058F1E 		.ascii	"\005\005\217\036,\011((4t=\006B\251A\252\245\205\242"
  37      2C092828 
  37      34743D06 
  37      42A941AA 
  37      A585A2
  38 0029 1EBC38DB 		.ascii	"\036\2748\333.)\024\017\245P\251HO*\376$&\332\236\024"
  38      2E29140F 
  38      A550A948 
  38      4F2AFE24 
  38      26DA9E14 
  39 003d 856DA168 		.ascii	"\205m\241hA#\036l%\224zIEE\244\321`\011(\365\315N\017"
  39      41231E6C 
  39      25947A49 
  39      4545A4D1 
  39      600928F5 
  40 0054 151766DE 		.ascii	"\025\027f\336\274\307\367}\357{o%\375\377e\370(At\234"
  40      BCC7F77D 
  40      EF7B6F25 
  40      FDFF65F8 
  40      2841749C 
  41 0068 235C8298 		.ascii	"#\\\202\230\252\021\005\236\200\264\017)\324\365\227"
  41      AA11059E 
  41      80B40F29 
  41      D4F597
  42 0077 447A9F13 		.ascii	"Dz\237\023&Hw([\357q\000\023\011tMH\345\200o\253\367"
  42      26487728 
  42      5BEF7100 
  42      1309744D 
  42      48E5806F 
  43 008d 453405A6 		.ascii	"E4\005\246\242\322l\262\373\256\326z\353\307J\220\215"
  43      A2D26CB2 
  43      FBAED67A 
  43      EBC74A90 
  43      8D
  44 009e D0E60E3F 		.ascii	"\320\346\016?\205E\340\036\272\031\263\374\373{\264"
  44      8545E01E 
  44      BA19B3FC 
ARM GAS  C:\Users\victo\AppData\Local\Temp\ccEyqqSe.s 			page 3


  44      FB7BB4
  45 00ad 5F1E05F1 		.ascii	"_\036\005\361\373i\245\365&\371Y\264\005\016\233\364"
  45      FB69A5F5 
  45      26F959B4 
  45      050E9BF4 
  46 00bd D9F4AB59 		.ascii	"\331\364\253Y\327\244\3021\351J\261r\323\355\272\255"
  46      D7A4C231 
  46      E94AB172 
  46      D3EDBAAD 
  47 00cd F558F461 		.ascii	"\365X\364a^\237p\332B\342>$\353\341\001:\361\020\235"
  47      5E9F70DA 
  47      42E23E24 
  47      EBE1013A 
  47      F1109D
  48 00e0 C4254209 		.ascii	"\304%B\011]\006\336\014\377\254%\335\220\233\037\260"
  48      5D06DE0C 
  48      FFAC25DD 
  48      909B1FB0 
  49 00f0 3D51860B 		.ascii	"=Q\206\013\216\325\203\221\336\331Y(/\256\302\023Lq"
  49      8ED58391 
  49      DED95928 
  49      2FAEC213 
  49      4C71
  50 0102 245FECDD 		.ascii	"$_\354\335\020\225\311]s\0215\230\304\3036\204\340 "
  50      1095C95D 
  50      73113598 
  50      C4C33684 
  50      E020
  51 0114 37599A47 		.ascii	"7Y\232G\225u,\375\232\\]\226Fm[\230)g\326K\265\016c"
  51      95752CFD 
  51      9A5C5D96 
  51      466D5B98 
  51      2967D64B 
  52 012b D3D53AD4 		.ascii	"\323\325:\324\261\325\217\215\267\357\274\270D&]|1y"
  52      B1D58F8D 
  52      B7EFBCB8 
  52      44265D7C 
  52      3179
  53 013d 750EB782 		.ascii	"u\016\267\202\220\027\220\300#6[a\263\204*\346@u\214"
  53      901790C0 
  53      23365B61 
  53      B3842AE6 
  53      40758C
  54 0150 6D4C7C3B 		.ascii	"mL|;d\365$K\322{\204\257\307/\354\026\366\252)\346<"
  54      64F5244B 
  54      D27B84AF 
  54      C72FEC16 
  54      F6AA29E6 
  55 0165 364C32EE 		.ascii	"6L2\356\024\361\037\301&[e{u\214\257\027k\237\224e\251"
  55      14F11FC1 
  55      265B657B 
  55      758CAF17 
  55      6B9F9465 
  56 017a 6DE130F1 		.ascii	"m\3410\361\316\314\215\2622D\317#<a\"\243Z\305V\302"
  56      CECC8DB2 
  56      3244CF23 
  56      3C6122A3 
ARM GAS  C:\Users\victo\AppData\Local\Temp\ccEyqqSe.s 			page 4


  56      5AC556C2 
  57 018e 820CCEA8 		.ascii	"\202\014\316\250?\377\272\025\333w\"\336\025\003\347"
  57      3FFFBA15 
  57      DB7722DE 
  57      1503E7
  58 019d 63E0D274 		.ascii	"c\340\322t\263z\312\000\367\372\017\"\365\357\004\013"
  58      B37ACA00 
  58      F7FA0F22 
  58      F5EF040B 
  59 01ad 3C012BD1 		.ascii	"<\001+\321\006\202h-nn\275\201=\361\372R\251\334\311"
  59      0682682D 
  59      6E6EBD81 
  59      3DF1FA52 
  59      A9DCC9
  60 01c0 C27061B4 		.ascii	"\302pa\264\377R\341\\\336\037\271<:P\310e\375\221\364"
  60      FF52E15C 
  60      DE1FB93C 
  60      3A50C865 
  60      FD91F4
  61 01d3 B15C36E3 		.ascii	"\261\\6\343\373\371lo\337\331#y\277\247/\237>s:5@\311"
  61      FBF96C6F 
  61      DFD92379 
  61      BFA72F9F 
  61      3E733A35 
  62 01e9 FEA1C1F3 		.ascii	"\376\241\301\363\303\351\241\213\231\301+\177\001k\371"
  62      C3E9A18B 
  62      99C12B7F 
  62      016BF9
  63 01f8 CCD0     		.ascii	"\314\320"
  64              		.text
  65              		.section	.gnu.lto_PDSS_PORT0_SAR_CLK_Stop.91bcb063,"",%progbits
  66 0000 789C6590 		.ascii	"x\234e\220\275KBQ\030\306\337\367\334{\325R\"\232\314"
  66      BD4B4251 
  66      18C6DFF7 
  66      DC7BD552 
  66      229ACC
  67 0013 7FC04D1C 		.ascii	"\177\300M\034\032\242M\024\032\012\022o\243p\011siH"
  67      1AA24D14 
  67      1A0A126F 
  67      A3700973 
  67      6948
  68 0025 905A5A3A 		.ascii	"\220ZZ:\267n\004\322`C\020\224c\364a_\320\320\024\334"
  68      B76E04D2 
  68      60431094 
  68      63F4615F 
  68      D0D014DC 
  69 0039 5A5CC268 		.ascii	"Z\\\302h\010A\302\032\256a\340p-(\356\020\366\236n\203"
  69      0841C21A 
  69      AE61E070 
  69      2D28EE10 
  69      F69E6E83 
  70 004d D181F3F5 		.ascii	"\321\201\363\365\236\347}\236\037G\202\377#A3\203\000"
  70      9EE77D9E 
  70      1F4782FF 
  70      23413383 
  70      00
  71 005e 51DAD103 		.ascii	"Q\332\321\003\310\212U\000\335\307Pr\017\022S6*\000"
ARM GAS  C:\Users\victo\AppData\Local\Temp\ccEyqqSe.s 			page 5


  71      C88A5500 
  71      DDC75072 
  71      0F125336 
  71      2A00
  72 0070 BC5F36BC 		.ascii	"\274_6\274\300\003\212[\217\311\210b\007\204e&)2\322"
  72      C0038A5B 
  72      8FC98862 
  72      07846526 
  72      2932D2
  73 0083 EAFABDB2 		.ascii	"\352\372\275\262\016\303\242Y\336\366\207\3678\347\366"
  73      0EC3A259 
  73      DEF687F7 
  73      38E7F6
  74 0092 DB65702D 		.ascii	"\333ep-\3500\200w\346\012p\037\303@\232\216\361U\363"
  74      E8308077 
  74      E60A701F 
  74      C3409A8E 
  74      F155F3
  75 00a5 7B0CD20C 		.ascii	"{\014\322\014\272ox\200\036\002\201\263!\223w\273\027"
  75      BA6F7880 
  75      1E0281B3 
  75      219377BB 
  75      17
  76 00b6 D6666B0C 		.ascii	"\326fk\014\025\006\016\241\320B\012\213&AXt6\274R\223"
  76      15060EA1 
  76      D0420A8B 
  76      26415874 
  76      36BC5293 
  77 00ca 120941AA 		.ascii	"\022\011A\252\343\315G\341ewT\264\1772\221\276\365X"
  77      E3CD47E1 
  77      657754B4 
  77      7F3291BE 
  77      F558
  78 00dc AE065ACC 		.ascii	"\256\006Z\314a\022\347\006\227E\330\223uw\357\373)\201"
  78      6112E706 
  78      9745D893 
  78      7577EFFB 
  78      2981
  79 00ee B85E5F15 		.ascii	"\270^_\025\226J\270\243\033\3500\031\0171\204G\030\""
  79      964AB8A3 
  79      1BE83019 
  79      0F318447 
  79      1822
  80 0100 82329610 		.ascii	"\2022\226\020\352\270\322Xo\017\273~\022Y\302\003\032"
  80      EAB8D258 
  80      6F0FBB7E 
  80      1259C203 
  80      1A
  81 0111 B7AB73BF 		.ascii	"\267\253s\277\205^7\002\302c\321\011\202N\001\372)l"
  81      855E3702 
  81      C263D109 
  81      824E01FA 
  81      296C
  82 0123 3259E011 		.ascii	"2Y\340\021\226m\267\365>\321\325\233\250\233\312\337"
  82      966DB7F5 
  82      3ED1D59B 
  82      A89BCADF 
ARM GAS  C:\Users\victo\AppData\Local\Temp\ccEyqqSe.s 			page 6


  83 0133 CC13CA24 		.ascii	"\314\023\312$\301s\345\334\036\020\236h\322\227\310"
  83      C173E5DC 
  83      1E109E68 
  83      D297C8
  84 0142 80A7F4DA 		.ascii	"\200\247\364\332@\335\254\215\013\0137\001\311\2312"
  84      40DDAC8D 
  84      0B0B3701 
  84      C99932
  85 0151 2391F478 		.ascii	"#\221\364xv>\233\237Y\310\316jjn1\237\311\246\223j."
  85      763E9B9F 
  85      59C8CE6A 
  85      6A6E319F 
  85      C9A6936A 
  86 0166 3E924E26 		.ascii	">\222N&TUKN\245\246\243\232\032Ki\361\311\211H\006\276"
  86      54554B4E 
  86      A5A6A39A 
  86      1A4B69F1 
  86      C9894806 
  87 017b 01C6CC91 		.ascii	"\001\306\314\221\341"
  87      E1
  88              		.text
  89              		.section	.gnu.lto_PDSS_PORT0_SAR_CLK_SetFractionalDividerRegister.91bcb063,"",%progbits
  90 0000 789C7552 		.ascii	"x\234uRmHSa\024~\317{\267\273\273\217J\372e\373S C\202"
  90      6D485361 
  90      147ECF7B 
  90      B7BBBB8F 
  90      4AFA65FB 
  91 0018 B0827EF4 		.ascii	"\260\202~\364#\242P\012,H\\H?\006c\314\021\242),\353"
  91      23A2500A 
  91      2C485C48 
  91      3F0663CC 
  91      11A2292C 
  92 002d AF773617 		.ascii	"\257w6\027\210\204\014,S\304\302$\277R\323>\324\010"
  92      88840C2C 
  92      53C4C224 
  92      BF52D33E 
  92      D408
  93 003f 967F1444 		.ascii	"\226\177\024DE\012Gb\323tFQ`Cq\016\224u\316\373j%\321"
  93      450A4762 
  93      D3744651 
  93      6043710E 
  93      9475CEFB 
  94 0056 85FB7E3C 		.ascii	"\205\373~<\367<\3179\3479Wa\377>v|\213\025\306\256\341"
  94      F73CCF39 
  94      E7395761 
  94      FF3E767C 
  94      8B15C6AE 
  95 006b 0E0A035E 		.ascii	"\016\012\003^?\305X@\343\000t`\300\2528T\3017\236\340"
  95      3FC55840 
  95      E3007460 
  95      C0AA3854 
  95      C1379EE0 
  96 007f 501FE96E 		.ascii	"P\037\351n\264f\267\353\272\376si&\263&3\305\031[\343"
  96      B466B7EB 
  96      BAFE7369 
  96      26B32633 
  96      C5195BE3 
ARM GAS  C:\Users\victo\AppData\Local\Temp\ccEyqqSe.s 			page 7


  97 0093 52069E42 		.ascii	"R\006\236B6\206l~\231{`VN\002\303\363\304\322\346\232"
  97      36866C7E 
  97      997B6056 
  97      4E02C3F3 
  97      C4D2E69A 
  98 00a7 ED2B4F71 		.ascii	"\355+Oq\310\240kSte]\241+\347tm\350x\377\231;\332t\275"
  98      C8A06B53 
  98      74655DA1 
  98      2BE7746D 
  98      E878FF99 
  99 00bf 3AB2DDAF 		.ascii	":\262\335\257\237C\\\201\016PP\017:\301\016]`g\0101"
  99      9F435C81 
  99      0E50500F 
  99      3AC10E5D 
  99      60670831 
 100 00d3 E8060769 		.ascii	"\350\006\007i\325\365\230\2253Bv\353c}\253&\211\255"
 100      D5F59895 
 100      334276EB 
 100      637DAB26 
 100      89AD
 101 00e5 CB462CC2 		.ascii	"\313F,\302\000=\222w\314\016G\211e`\360\014\034\024"
 101      003D9277 
 101      CC0E4789 
 101      6560F00C 
 101      1C14
 102 00f7 1B9D0DD7 		.ascii	"\033\235\015\327\032\224|\301\033\356]\237\264\212r"
 102      1A947CC1 
 102      1BEE5D9F 
 102      B48A72
 103 0106 8ED07524 		.ascii	"\216\320u$<\336\250\212r\014t\355\\\230\\5d=F\325\305"
 103      3CDEA88A 
 103      720C74ED 
 103      5C985C35 
 103      643D46D5 
 104 011b C69A319B 		.ascii	"\306\2321\233>\256\007\027\323\351\303)n\204^\251\336"
 104      3EAE0717 
 104      D3E9C329 
 104      6E845EA9 
 104      DE
 105 012c 8755F583 		.ascii	"\207U\365\203}\3076\244\324\015\254\014Y\224B!\036\351"
 105      7DC736A4 
 105      D40DAC0C 
 105      59944221 
 105      1EE9
 106 013e AF5BE682 		.ascii	"\257[\346\202\376\350a\273\372\027y\340?\344Dp;jU\203"
 106      FEE861BB 
 106      FA1779E0 
 106      3FE44470 
 106      3B6A5583 
 107 0152 E865063C 		.ascii	"\350e\006<\207,\030\204,\351%\274\000\025\030\343\273"
 107      872C1884 
 107      2CE925BC 
 107      001518E3 
 107      BB
 108 0163 68DFC188 		.ascii	"h\337\301\210\236N\257\215\205\307\217\363\375\034\273"
 108      9E4EAF8D 
 108      85C78FF3 
ARM GAS  C:\Users\victo\AppData\Local\Temp\ccEyqqSe.s 			page 8


 108      FD1CBB
 109 0172 53D114FC 		.ascii	"S\321\024\374f\000\262\306H\200J\213\211\026\015\250"
 109      6600B2C6 
 109      48804A8B 
 109      89160DA8 
 110 0182 73331D2D 		.ascii	"s3\035-\264Xi\2611\241\316\342(O3]\301\001\340\256\314"
 110      B45869B1 
 110      31A1CEE2 
 110      284F335D 
 110      C101E0AE 
 111 0197 C1E846ED 		.ascii	"\301\350F\355F\347Y\312\230\3444\340\346\371\304\352"
 111      46E759CA 
 111      98E434E0 
 111      E6F9C4EA 
 112 01a7 01F2C4A4 		.ascii	"\001\362\304\244\207\202\272\360e!>=\243\011H\224\035"
 112      8782BAF0 
 112      65213E3D 
 112      A3094894 
 112      1D
 113 01b8 FD54FBD6 		.ascii	"\375T\373\326\320\002\315\201 \244\270\006/\261\255"
 113      D002CD81 
 113      20A4B806 
 113      2FB1AD
 114 01c7 57D416BC 		.ascii	"W\324\026\274\206\026`spg3\364\003\244\240\"5\223m\213"
 114      86166073 
 114      706733F4 
 114      03A4A022 
 114      35936D8B 
 115 01db DF8104B0 		.ascii	"\337\201\004\260B\030\302\330Y\340\242G\354\001\203"
 115      4218C2D8 
 115      59E0A247 
 115      EC0183
 116 01ea 90531DBB 		.ascii	"\220S\035\273;\333U$I\306$\216\003e\346C\361C\022!\020"
 116      3BDB5524 
 116      49C6248E 
 116      0365E643 
 116      F1431221 
 117 01ff 659E34DC 		.ascii	"e\2364\334\3571\222\214Yc0\2142\030\264\036\232\352"
 117      EF31928C 
 117      5963308C 
 117      3218B41E 
 117      9AEA
 118 0211 72C92893 		.ascii	"r\311(\223\310\247J\265\330\256\2329\3115\251\366a\247"
 118      C8A74AB5 
 118      D8AE9A39 
 118      C935A9F6 
 118      61A7
 119 0223 280B82E0 		.ascii	"(\013\202\340\260\313J\267vRX\021\307\024\367&\232\336"
 119      B0CB4AB7 
 119      76525811 
 119      C714F726 
 119      9ADE
 120 0235 891F544D 		.ascii	"\211\037TM\003\203\221?9N\3130\233Hc\375\335\300 5`"
 120      0383913F 
 120      394ECB30 
 120      9B4863FD 
 120      DDC02035 
ARM GAS  C:\Users\victo\AppData\Local\Temp\ccEyqqSe.s 			page 9


 121 024a C3A0D170 		.ascii	"\303\240\321p\"Vm&l\217C\201\210q\257Go\320#b\304 \020"
 121      22566D26 
 121      6C8F4381 
 121      8871AF47 
 121      6FD02362 
 122 0261 D9CEA778 		.ascii	"\331\316\247x\372\031\342\034h\0348\234\234\034\327"
 122      FA19E21C 
 122      681C389C 
 122      9C1CD7
 123 0270 455FB9CF 		.ascii	"E_\271\317\357\251\364\025\273\235\025\267\374^\237"
 123      EFA9F415 
 123      BB9D15B7 
 123      FC5E9F
 124 027f ABC05991 		.ascii	"\253\300Y\221{\312U\220\347t\272\013\256\024^=\341v"
 124      7BCA5590 
 124      E774BA0B 
 124      AE145E3D 
 124      E176
 125 0291 9E2F74E7 		.ascii	"\236/t\347^\276\224\343e\026oYi^\311\355\222b\237\177"
 125      5EBE94E3 
 125      65166F59 
 125      695EC9ED 
 125      92629F7F 
 126 02a5 1F1E2FF8 		.ascii	"\037\036/\370=\336\312\222\212rO\231\351\206\347fi\221"
 126      3DDECA92 
 126      8A724F99 
 126      E986E766 
 126      6991
 127 02b7 A74CF5FB 		.ascii	"\247L\365\373\256\343\366\013wjHm"
 127      AEE3F60B 
 127      776A486D 
 128              		.text
 129              		.section	.gnu.lto_PDSS_PORT0_SAR_CLK_GetDividerRegister.91bcb063,"",%progbits
 130 0000 789C658E 		.ascii	"x\234e\216\317K\002A\024\307\337{\273.RA\322\321\177"
 130      CF4B0241 
 130      14C7DF7B 
 130      BB2E5241 
 130      D2D17F
 131 0013 C09B4804 		.ascii	"\300\233H\004\035:\205A\207\202\304\355\270\260\205"
 131      1D3A8541 
 131      8782C4ED 
 131      B8B085
 132 0022 ED3541EA 		.ascii	"\3555A\352\354h\213\205\247\210\212H\004\017E\277l\373"
 132      EC688B85 
 132      A7888A48 
 132      040F45BF 
 132      6CFB
 133 0034 032288AE 		.ascii	"\003\"\210\256\201\321EAr\003Q\250S\311J\345!l^vk\340"
 133      81D14541 
 133      720351A8 
 133      53C94AE5 
 133      216C5E76 
 134 004a CD9BEFCC 		.ascii	"\315\233\357\314w\276\357\243\300\377\025\2245\211\000"
 134      77BEEFA3 
 134      C0FF1594 
 134      358900
 135 0059 11D95101 		.ascii	"\021\331Q\001\244\355\012@\306O\210|\000\2044a\032_"
ARM GAS  C:\Users\victo\AppData\Local\Temp\ccEyqqSe.s 			page 10


 135      A4ED0A40 
 135      C64F887C 
 135      00843461 
 135      1A5F
 136 006b A94378DF 		.ascii	"\251Cx\337\374\362F^\250G\020\000)\017k\355\256\302"
 136      FCF2465E 
 136      A8471000 
 136      290F6BED 
 136      AEC2
 137 007d 1289E5B5 		.ascii	"\022\211\345\265Wij\241c!\262\357\331\306\322\301n\011"
 137      57696AA1 
 137      6321B2EF 
 137      D9C6D2C1 
 137      6E09
 138 008f 7B44E011 		.ascii	"{D\340\021\340\011\006\361\024y\020\236a\210\275\035"
 138      E00906F1 
 138      1479109E 
 138      6188BD1D 
 139 009f FBBB36AC 		.ascii	"\373\2736\254\331B\210\000;\344\3039j\022\002\256\306"
 139      D9428800 
 139      3BE4C339 
 139      6A1202AE 
 139      C6
 140 00b0 6E45BFEF 		.ascii	"nE\277\357uw\266\246\310G\320#E\341M\005\316\202\226"
 140      7577B6A6 
 140      C847D023 
 140      45E14D05 
 140      CE8296
 141 00c3 2CA66A4B 		.ascii	",\246jK!\273R\307\273\217|\3251\370\367'1b\341\251\363"
 141      21BB52C7 
 141      BB8F7CD5 
 141      31F8F727 
 141      3162E1A9 
 142 00d8 36CA4CAA 		.ascii	"6\312L\252\310\331B\345Y\317\255\207G\377\357\025\260"
 142      C8D942E5 
 142      59CFAD87 
 142      47FFEF15 
 142      B0
 143 00e9 AC35F237 		.ascii	"\2545\3627j\021\013\031[\362\371\360B\262\225\231\015"
 143      6A110B19 
 143      5BF2F9F0 
 143      42B29599 
 143      0D
 144 00fa 2FB18850 		.ascii	"/\261\210P\307\0157\347:\343\203De\020z\264\267_\366"
 144      C70D37E7 
 144      3AE38344 
 144      65107AB4 
 144      B75FF6
 145 010d 7182E607 		.ascii	"q\202\346\007t\244\271\216Yw\263\352\014\015\\\2524"
 145      74A4B98E 
 145      5977B3EA 
 145      0C0D5CAA 
 145      34
 146 011e 828BF8A7 		.ascii	"\202\213\370\247\2009\221\371$m8l\314Z\253Vjy\315Z1"
 146      803991F9 
 146      246D386C 
 146      CC5AAB56 
ARM GAS  C:\Users\victo\AppData\Local\Temp\ccEyqqSe.s 			page 11


 146      6A79CD5A 
 147 0133 F5E47A2A 		.ascii	"\365\344z*a\0311=\031\2350b3\272n\306\026\342\213\021"
 147      6119313D 
 147      199D3062 
 147      33BA6EC6 
 147      16E28B11 
 148 0147 539F8E9B 		.ascii	"S\237\216\233\321\371\271p\002~\000\275J\200\264"
 148      D1F9B970 
 148      027E00BD 
 148      4A80B4
 149              		.text
 150              		.section	.gnu.lto_PDSS_PORT0_SAR_CLK_GetFractionalDividerRegister.91bcb063,"",%progbits
 151 0000 789C6366 		.ascii	"x\234cf\300\004R@<\001\210\015\200\230\221\231\201\221"
 151      C0045240 
 151      3C01880D 
 151      80989199 
 151      8191
 152 0012 69C23906 		.ascii	"i\3029\006\206F\016&FF\020\203\201\221\241\236\211\261"
 152      86460E26 
 152      46461083 
 152      8191A19E 
 152      89B1
 153 0024 9EF125D3 		.ascii	"\236\361%\323G&\3063;\377]fT_\332\320\320\364\341\321"
 153      4726C633 
 153      3BFF5D66 
 153      545FDAD0 
 153      D0F4E1D1 
 154 0038 C73BDCAD 		.ascii	"\307;\334\255\022?\231\030\030>310\352H1j\202\314a\\"
 154      123F9918 
 154      183E3331 
 154      30EA4831 
 154      6A82CC61 
 155 004d CEA8CE00 		.ascii	"\316\250\316\000T\370\261\345\357un\266\226\206\206"
 155      54F8B1E5 
 155      EF756EB6 
 155      968686
 156 005c 0601903C 		.ascii	"\006\001\220<Pb\005#\033#\220^/t\240\341\377\377\317"
 156      50620523 
 156      1B23905E 
 156      2F74A0E1 
 156      FFFFCF
 157 006f C727BF50 		.ascii	"\307'\277Pg\006\212?\001b\220-O\231\230@4\363=\306\306"
 157      67068A3F 
 157      0162902D 
 157      4F999840 
 157      34F33DC6 
 158 0084 03BBCF31 		.ascii	"\003\273\3171\201T\003M\271\377\344\374E\216\027L?\301"
 158      8154034D 
 158      B9FFE4FC 
 158      458E174C 
 158      3FC1
 159 0096 06AC6404 		.ascii	"\006\254d\004Y\360\204\211\021\244\020(\242\247\027"
 159      59F08489 
 159      11A41028 
 159      A2A717
 160 00a5 E39E9A97 		.ascii	"\343\236\232\227Z\224X\222\232\022\037\234_Z\224\234"
 160      5A945892 
ARM GAS  C:\Users\victo\AppData\Local\Temp\ccEyqqSe.s 			page 12


 160      9A121F9C 
 160      5F5A949C 
 161 00b5 1A13109C 		.ascii	"\032\023\020\234\357l\022\023\340\022\034\034\037\340"
 161      EF6C1213 
 161      E0121C1C 
 161      1FE0
 162 00c3 1F146210 		.ascii	"\037\024b\020\037\354\030\024\357\354\343\255\227\314"
 162      1FEC1814 
 162      EFECE3AD 
 162      97CC
 163 00d1 0000B07A 		.ascii	"\000\000\260zE]"
 163      455D
 164              		.text
 165              		.section	.gnu.lto_.symbol_nodes.91bcb063,"",%progbits
 166 0000 789C55C7 		.ascii	"x\234U\3071\021\000 \014\004\301\313\207\002}\030z\013"
 166      31110020 
 166      0C04C1CB 
 166      87027D18 
 166      7A0B
 167 0012 28605084 		.ascii	"(`P\204&\032\012\262\335&0x\204a\036\260Y\273\243p\224"
 167      261A0AB2 
 167      DD263078 
 167      84611EB0 
 167      59BBA370 
 168 0027 CB2A4F67 		.ascii	"\313*Ogys\373\317\005lA\025\031"
 168      7973FBCF 
 168      056C4115 
 168      19
 169              		.text
 170              		.section	.gnu.lto_.refs.91bcb063,"",%progbits
 171 0000 789C6366 		.ascii	"x\234cf```d\200\002\000\000=\000\005"
 171      60606064 
 171      80020000 
 171      3D0005
 172              		.text
 173              		.section	.gnu.lto_.decls.91bcb063,"",%progbits
 174 0000 789C8D54 		.ascii	"x\234\215T]L\034U\024\276g\356\376\260\323\225\366\011"
 174      5D4C1C55 
 174      14BE67EE 
 174      FEB0D395 
 174      F609
 175 0012 CCC687E5 		.ascii	"\314\306\207\345A\242\011\241\226\032\343\233\032P\032"
 175      41A209A1 
 175      961AE39B 
 175      1A501A
 176 0021 35BA61F5 		.ascii	"5\272a\365\251$\033B'u\223\012\315vklb\342\024\250]"
 176      A9241B42 
 176      2775930A 
 176      CD766B6C 
 176      62E214A8 
 177 0036 1B531169 		.ascii	"\033S\021i@H\025\012\241\264TX[\334\205B\313\254m\027"
 177      4048150A 
 177      A1B45458 
 177      5BDC8542 
 177      CBAC6D17 
 178 004a 28AC0541 		.ascii	"(\254\005A+\276X\254m1Mu[\221\202U\307s\357\354\317"
 178      2BBE58AC 
ARM GAS  C:\Users\victo\AppData\Local\Temp\ccEyqqSe.s 			page 13


 178      6D314D75 
 178      5B918255 
 178      C773EFEC 
 179 005f B00CC69B 		.ascii	"\260\014\306\233\234\3359\347\236\357|\337=\367\314"
 179      9CDD39E7 
 179      9EEF7CDF 
 179      3DF7CC
 180 006e 5042C82E 		.ascii	"PB\310. D\305\365\246\231\220\002|\266`\314E\322\013"
 180      2044C5F5 
 180      A6999002 
 180      7CB660CC 
 180      45D20B
 181 0081 C3A41F2D 		.ascii	"\303\244\037-\214\026E\033G\233$k\027\313\261%\260\331"
 181      8C16451B 
 181      479B246B 
 181      17CBB125 
 181      B0D9
 182 0093 6876B420 		.ascii	"hv\264 Z\036\332\025\264Y\264\031\264\027\023\371\220"
 182      5A1EDA15 
 182      B459B419 
 182      B41713F9 
 182      90
 183 00a4 C064AE70 		.ascii	"\300d\256p\202\323e\200M\342\302\0068\246M\314\340\037"
 183      82D36580 
 183      4DE2C206 
 183      38A64DCC 
 183      E01F
 184 00b6 4653743A 		.ascii	"FSt:\2144D\015j\2613Z3\352\254\207\0377\300O&\366\024"
 184      8C34440D 
 184      6AB1335A 
 184      33EAAC87 
 184      1F37C04F 
 185 00cd 5D9E51CF 		.ascii	"]\236Q\317\356\0120\361\323\362\357\366\005\001\262"
 185      EE0A30F1 
 185      D3F2EFF6 
 185      0501B2
 186 00dc C54DCC6D 		.ascii	"\305M\314m\271zc\221\242k\027\005\346\016\366.\3066"
 186      B97A6391 
 186      A26B1705 
 186      E60EF62E 
 186      C636
 187 00ee F05D2773 		.ascii	"\360]'s\3176\2145[\370\256\211\271\363\337_\035\266"
 187      CF368C35 
 187      5BF8AE89 
 187      B9F3DF5F 
 187      1DB6
 188 0100 5201D873 		.ascii	"R\001\330sG\363\374\254XpR\226\345\200\254\214A\232"
 188      47F3FCAC 
 188      58705296 
 188      E580AC8C 
 188      419A
 189 0112 607FD7D0 		.ascii	"`\177\327\320\007V\304\344\211\334\375\261u\245\323"
 189      0756C4E4 
 189      89DCFDB1 
 189      75A5D3
 190 0121 C65D76E9 		.ascii	"\306]v\351\0331$\334i\254Q7@\276\330\211\340x\367\342"
 190      1B3124DC 
ARM GAS  C:\Users\victo\AppData\Local\Temp\ccEyqqSe.s 			page 14


 190      69AC5137 
 190      40BED889 
 190      E078F7E2 
 191 0135 0F8FC8B2 		.ascii	"\017\217\310\262\011\202 B\017P8\005\005\354\000\014"
 191      09822042 
 191      0F503805 
 191      05EC000C 
 192 0145 CD564096 		.ascii	"\315V@\226k\344\372Z\331\266\215\300\011p\300Ip\020"
 192      6BE4FA5A 
 192      D9B68DC0 
 192      0970C049 
 192      7010
 193 0157 E8837C4C 		.ascii	"\350\203|L\340\251\3609\006{1\210T\207:\353zE\223\200"
 193      E0A9F039 
 193      067B3188 
 193      54873AEB 
 193      7A459380 
 194 016b 68566C3B 		.ascii	"hVl;\227\334T\327\324Cs\217\310l\325\312\233\004p\345"
 194      97DC54D7 
 194      D443738F 
 194      C86CD5CA 
 194      9B0470E5 
 195 017f C0718474 		.ascii	"\300q\204t#\204\300i\310\305\337/\300\244I\377\366\342"
 195      2384C069 
 195      C8C5DF2F 
 195      C0A449FF 
 195      F6E2
 196 0191 FC2F1B69 		.ascii	"\374/\033i\021?\337\315@_\277\335\371\251\334\026\214"
 196      113FDFCD 
 196      405FBFDD 
 196      F9A9DC16 
 196      8C
 197 01a2 1FBDFE31 		.ascii	"\037\275\3761\375Dn\333/\377\243\252\300Ap&\245\224"
 197      FD446EDB 
 197      2FFFA3AA 
 197      C0417026 
 197      A594
 198 01b4 B067ADE9 		.ascii	"\260g\255\351\375\340D`he\251\317\262.\343\227\234q"
 198      FDE04460 
 198      6865A9CF 
 198      B22EE397 
 198      9C71
 199 01c6 7B825089 		.ascii	"{\202P\211\237\012\233\350;\234\260\365\362R$\213\023"
 199      9F0A9BE8 
 199      3B9CB0F5 
 199      F252248B 
 199      13
 200 01d7 B68D7458 		.ascii	"\266\215tX\272eEU\237a\351\020\322q\205\222\\a\316u"
 200      BA654555 
 200      9F61E910 
 200      D2718592 
 200      5C61CE75 
 201 01eb F4DEAFC3 		.ascii	"\364\336\257\3036\332\010\240o\274Sk|\323\355\345\376"
 201      36DA08A0 
 201      6FBC536B 
 201      7CD3EDE5 
 201      FE
ARM GAS  C:\Users\victo\AppData\Local\Temp\ccEyqqSe.s 			page 15


 202 01fc 2CEEAA2A 		.ascii	",\356\252*em\357\232\272\337\222\235j\373=\255\355\303"
 202      656DEF9A 
 202      BADF929D 
 202      6AFB3DAD 
 202      EDC3
 203 020e D8A98174 		.ascii	"\330\251\201t\333\235\372\266\243|\363c$%\036\206\260"
 203      DB9DFAB6 
 203      A37CF363 
 203      24251E86 
 203      B0
 204 021f EDCE44DB 		.ascii	"\355\316D\333\0071xVk\373w#\007\017f\321\326\325\"r"
 204      07317856 
 204      6BFB7723 
 204      070F66D1 
 204      D6D52272 
 205 0233 34118727 		.ascii	"4\021\207'Z\"\224\273*\333\026\346\346\032W(\210\371"
 205      5A2294BB 
 205      2ADB16E6 
 205      E61A5728 
 205      88F9
 206 0245 BC7EBC41 		.ascii	"\274~\274A\246\017\023(p\300\343X=\202\325s\022\325"
 206      A60F1328 
 206      70C0E358 
 206      3D82D573 
 206      12D5
 207 0257 CF63F511 		.ascii	"\317c\365\021\254\316\244\266\015<\004\240\240\314s"
 207      ACCEA4B6 
 207      0D3C04A0 
 207      A0CC73
 208 0266 69993962 		.ascii	"i\2319bj\334\352\017D\352M\374\322\225\324\245\257\314"
 208      6ADCEA0F 
 208      44EA4DFC 
 208      D295D4A5 
 208      AFCC
 209 0278 C596041E 		.ascii	"\305\226\004\036c\307\373\012x0\022\0378o[\367^.\362"
 209      63C7FB0A 
 209      7830121F 
 209      386F5BF7 
 209      5E2EF2
 210 028b 7BB9909C 		.ascii	"{\271\220\234\204\256\246P\255\225\266kg\212\035k\277"
 210      84AEA650 
 210      AD95B66B 
 210      678A1D6B 
 210      BF
 211 029c 9E951885 		.ascii	"\236\225\030\205\013\035[t\243\200(\270\244\273\236"
 211      0B1D5B74 
 211      A38028B8 
 211      A4BB9E
 212 02ab 4BC9EB89 		.ascii	"K\311\353\211\362\353\371\343\316\302\255l=%\223\223"
 212      F2EBF9E3 
 212      CEC2AD6C 
 212      3D259393 
 213 02bb E61C5D35 		.ascii	"\346\034]5\013\235\247O\314\013tZ\243\034\235i\217Z"
 213      0B9DA74F 
 213      CC0B745A 
 213      A31C9D69 
 213      8F5A
ARM GAS  C:\Users\victo\AppData\Local\Temp\ccEyqqSe.s 			page 16


 214 02cd 39E5B585 		.ascii	"9\345\265\205\003Q\273\254\215\003\207\300\230\216p"
 214      0351BBAC 
 214      8D0387C0 
 214      988E70
 215 02dc 2C4938CE 		.ascii	",I8\316\011c=\343\357\201\236PYExy\025ad\371\334\373"
 215      09633DE3 
 215      EF819E50 
 215      59457879 
 215      156164F9 
 216 02f2 40EF6B84 		.ascii	"@\357k\204\013\341\273C\026$\014\006\257\035\276%)5"
 216      0BE1BB43 
 216      16240C06 
 216      AF1DBE25 
 216      2935
 217 0304 F25F6C6A 		.ascii	"\362_lj\030\002&t|\023I\276I\306G\033\376\374mJ\000"
 217      18022674 
 217      7C1349BE 
 217      49C6471B 
 217      FEFC6D4A 
 218 0319 87436CC6 		.ascii	"\207Cl\306\257\3002\276\337\357\252\024\256\200H\230"
 218      AFC032BE 
 218      DFEFAA14 
 218      AE804898 
 219 0329 AF043E3A 		.ascii	"\257\004>:V\022\370\233\275\366\352\207V\036\0160a\031"
 219      5612F89B 
 219      BDF6EA87 
 219      561E0E30 
 219      6119
 220 033b 6F33E13B 		.ascii	"o3\341;\004\276F?\306\306\014]\024\024h\010\3356\323"
 220      04BE463F 
 220      C6C60C5D 
 220      14146808 
 220      DD36D3
 221 034e E3DAC766 		.ascii	"\343\332\307f\360\310\364\250(\006\330\241\376\337\267"
 221      F0C8F4A8 
 221      2806D8A1 
 221      FEDFB7
 222 035d 4050CED4 		.ascii	"@P\316\324?\260\247\206\275\371\346\266:\371Y\230\301"
 222      3FB0A786 
 222      BDF9E6B6 
 222      3AF95998 
 222      C1
 223 036e 6E4CA5A7 		.ascii	"nL\245\247h\032\322\323\276\266\3607\306\037\231\033"
 223      681AD2D3 
 223      BEB6F037 
 223      C61F991B 
 224 037e 3F7FF6C0 		.ascii	"?\177\366\300b?\224\372,\361\242\351\263\314\202\235"
 224      623F94FA 
 224      2CF1A2E9 
 224      B3CC829D 
 225 038e F787FD5B 		.ascii	"\367\207\375[\366z\253\374[\213,\245\257\274\356,&y"
 225      F67AABFC 
 225      5B8B2CA5 
 225      AFBCEE2C 
 225      2679
 226 03a0 A55295E4 		.ascii	"\245R\225\344\253\360K;<\356\352\275\276J\251\334\345"
 226      ABF04B3B 
ARM GAS  C:\Users\victo\AppData\Local\Temp\ccEyqqSe.s 			page 17


 226      3CEEEABD 
 226      BE4AA9DC 
 226      E5
 227 03b1 AE2E7E72 		.ascii	"\256.~rs\345>\377\276\335\322\236\3027\210\303U\342"
 227      73E53EFF 
 227      BEDDD29E 
 227      C23788C3 
 227      55E2
 228 03c3 767B5CAF 		.ascii	"v{\\\257\226\275\366\204\307\375\\\231\247\370\345\227"
 228      96BDF684 
 228      C7FD5C99 
 228      A7F8E597 
 229 03d3 3C6E7F85 		.ascii	"<n\177\205\317\377\374\333\205\205\345\306\360\362\265"
 229      CFFFFCDB 
 229      8585E5C6 
 229      F0F2B5
 230 03e2 98C24A92 		.ascii	"\230\302J\222kX\251z7W\264\345)3\373{z\263Q\222\344"
 230      6B58A97A 
 230      3757B4E5 
 230      2933FB7B 
 230      7AB35192 
 231 03f7 7FC15751 		.ascii	"\177\301WQ\351\367VWU\354*\361\276\345\335!\371\312"
 231      E9F75657 
 231      55EC2AF1 
 231      BEE5DD21 
 231      F9CA
 232 0409 A49DDE3D 		.ascii	"\244\235\336=~\311\367\250A~\251\344\317\3102\252Z\372"
 232      7EC9F7A8 
 232      417EA9E4 
 232      CFC832AA 
 232      5AFA
 233 041b 1F55CD3E 		.ascii	"\037U\315>i\347\326\242\177\001\300\277,:"
 233      69E7D6A2 
 233      7F01C0BF 
 233      2C3A
 234              		.text
 235              		.section	.gnu.lto_.symtab.91bcb063,"",%progbits
 236 0000 50445353 		.ascii	"PDSS_PORT0_SAR_CLK_StartEx\000\000\000\000\000\000\000"
 236      5F504F52 
 236      54305F53 
 236      41525F43 
 236      4C4B5F53 
 237 0021 00000000 		.ascii	"\000\000\000\000\000\264\000\000\000PDSS_PORT0_SAR_"
 237      00B40000 
 237      00504453 
 237      535F504F 
 237      5254305F 
 238 0039 434C4B5F 		.ascii	"CLK_Stop\000\000\000\000\000\000\000\000\000\000\000"
 238      53746F70 
 238      00000000 
 238      00000000 
 238      000000
 239 004c 00B70000 		.ascii	"\000\267\000\000\000PDSS_PORT0_SAR_CLK_SetFractiona"
 239      00504453 
 239      535F504F 
 239      5254305F 
 239      5341525F 
ARM GAS  C:\Users\victo\AppData\Local\Temp\ccEyqqSe.s 			page 18


 240 0070 6C446976 		.ascii	"lDividerRegister\000\000\000\000\000\000\000\000\000"
 240      69646572 
 240      52656769 
 240      73746572 
 240      00000000 
 241 0089 000000C6 		.ascii	"\000\000\000\306\000\000\000PDSS_PORT0_SAR_CLK_GetD"
 241      00000050 
 241      4453535F 
 241      504F5254 
 241      305F5341 
 242 00a7 69766964 		.ascii	"ividerRegister\000\000\000\000\000\000\000\000\000\000"
 242      65725265 
 242      67697374 
 242      65720000 
 242      00000000 
 243 00bf 0000C900 		.ascii	"\000\000\311\000\000\000PDSS_PORT0_SAR_CLK_GetFract"
 243      00005044 
 243      53535F50 
 243      4F525430 
 243      5F534152 
 244 00e0 696F6E61 		.ascii	"ionalDividerRegister\000\000\000\000\000\000\000\000"
 244      6C446976 
 244      69646572 
 244      52656769 
 244      73746572 
 245 00fc 00000000 		.ascii	"\000\000\000\000\314\000\000\000"
 245      CC000000 
 246              		.text
 247              		.section	.gnu.lto_.opts,"",%progbits
 248 0000 272D666E 		.ascii	"'-fno-trapv' '-mcpu=cortex-m0' '-mthumb' '-g' '-Os'"
 248      6F2D7472 
 248      61707627 
 248      20272D6D 
 248      6370753D 
 249 0033 20272D57 		.ascii	" '-Werror' '-ffunction-sections' '-finline-function"
 249      6572726F 
 249      72272027 
 249      2D666675 
 249      6E637469 
 250 0066 73272027 		.ascii	"s' '-flto' '-ffat-lto-objects' '-fno-strict-aliasin"
 250      2D666C74 
 250      6F272027 
 250      2D666661 
 250      742D6C74 
 251 0099 672700   		.ascii	"g'\000"
 252              		.text
 253              		.cfi_sections	.debug_frame
 254              		.section	.text.PDSS_PORT0_SAR_CLK_StartEx,"ax",%progbits
 255              		.align	1
 256              		.global	PDSS_PORT0_SAR_CLK_StartEx
 257              		.code	16
 258              		.thumb_func
 259              		.type	PDSS_PORT0_SAR_CLK_StartEx, %function
 260              	PDSS_PORT0_SAR_CLK_StartEx:
 261              	.LFB0:
 262              		.file 1 ".\\Generated_Source\\PSoC4\\PDSS_PORT0_SAR_CLK.c"
   1:.\Generated_Source\PSoC4/PDSS_PORT0_SAR_CLK.c **** /*******************************************************************************
ARM GAS  C:\Users\victo\AppData\Local\Temp\ccEyqqSe.s 			page 19


   2:.\Generated_Source\PSoC4/PDSS_PORT0_SAR_CLK.c **** * File Name: PDSS_PORT0_SAR_CLK.c
   3:.\Generated_Source\PSoC4/PDSS_PORT0_SAR_CLK.c **** * Version 2.20
   4:.\Generated_Source\PSoC4/PDSS_PORT0_SAR_CLK.c **** *
   5:.\Generated_Source\PSoC4/PDSS_PORT0_SAR_CLK.c **** *  Description:
   6:.\Generated_Source\PSoC4/PDSS_PORT0_SAR_CLK.c **** *   Provides system API for the clocking, interrupts and watchdog timer.
   7:.\Generated_Source\PSoC4/PDSS_PORT0_SAR_CLK.c **** *
   8:.\Generated_Source\PSoC4/PDSS_PORT0_SAR_CLK.c **** *  Note:
   9:.\Generated_Source\PSoC4/PDSS_PORT0_SAR_CLK.c **** *   Documentation of the API's in this file is located in the
  10:.\Generated_Source\PSoC4/PDSS_PORT0_SAR_CLK.c **** *   System Reference Guide provided with PSoC Creator.
  11:.\Generated_Source\PSoC4/PDSS_PORT0_SAR_CLK.c **** *
  12:.\Generated_Source\PSoC4/PDSS_PORT0_SAR_CLK.c **** ********************************************************************************
  13:.\Generated_Source\PSoC4/PDSS_PORT0_SAR_CLK.c **** * Copyright 2008-2012, Cypress Semiconductor Corporation.  All rights reserved.
  14:.\Generated_Source\PSoC4/PDSS_PORT0_SAR_CLK.c **** * You may use this file only in accordance with the license, terms, conditions,
  15:.\Generated_Source\PSoC4/PDSS_PORT0_SAR_CLK.c **** * disclaimers, and limitations in the end user license agreement accompanying
  16:.\Generated_Source\PSoC4/PDSS_PORT0_SAR_CLK.c **** * the software package with which this file was provided.
  17:.\Generated_Source\PSoC4/PDSS_PORT0_SAR_CLK.c **** *******************************************************************************/
  18:.\Generated_Source\PSoC4/PDSS_PORT0_SAR_CLK.c **** 
  19:.\Generated_Source\PSoC4/PDSS_PORT0_SAR_CLK.c **** #include <cydevice_trm.h>
  20:.\Generated_Source\PSoC4/PDSS_PORT0_SAR_CLK.c **** #include "PDSS_PORT0_SAR_CLK.h"
  21:.\Generated_Source\PSoC4/PDSS_PORT0_SAR_CLK.c **** 
  22:.\Generated_Source\PSoC4/PDSS_PORT0_SAR_CLK.c **** #if defined CYREG_PERI_DIV_CMD
  23:.\Generated_Source\PSoC4/PDSS_PORT0_SAR_CLK.c **** 
  24:.\Generated_Source\PSoC4/PDSS_PORT0_SAR_CLK.c **** /*******************************************************************************
  25:.\Generated_Source\PSoC4/PDSS_PORT0_SAR_CLK.c **** * Function Name: PDSS_PORT0_SAR_CLK_StartEx
  26:.\Generated_Source\PSoC4/PDSS_PORT0_SAR_CLK.c **** ********************************************************************************
  27:.\Generated_Source\PSoC4/PDSS_PORT0_SAR_CLK.c **** *
  28:.\Generated_Source\PSoC4/PDSS_PORT0_SAR_CLK.c **** * Summary:
  29:.\Generated_Source\PSoC4/PDSS_PORT0_SAR_CLK.c **** *  Starts the clock, aligned to the specified running clock.
  30:.\Generated_Source\PSoC4/PDSS_PORT0_SAR_CLK.c **** *
  31:.\Generated_Source\PSoC4/PDSS_PORT0_SAR_CLK.c **** * Parameters:
  32:.\Generated_Source\PSoC4/PDSS_PORT0_SAR_CLK.c **** *  alignClkDiv:  The divider to which phase alignment is performed when the
  33:.\Generated_Source\PSoC4/PDSS_PORT0_SAR_CLK.c **** *    clock is started.
  34:.\Generated_Source\PSoC4/PDSS_PORT0_SAR_CLK.c **** *
  35:.\Generated_Source\PSoC4/PDSS_PORT0_SAR_CLK.c **** * Returns:
  36:.\Generated_Source\PSoC4/PDSS_PORT0_SAR_CLK.c **** *  None
  37:.\Generated_Source\PSoC4/PDSS_PORT0_SAR_CLK.c **** *
  38:.\Generated_Source\PSoC4/PDSS_PORT0_SAR_CLK.c **** *******************************************************************************/
  39:.\Generated_Source\PSoC4/PDSS_PORT0_SAR_CLK.c **** void PDSS_PORT0_SAR_CLK_StartEx(uint32 alignClkDiv)
  40:.\Generated_Source\PSoC4/PDSS_PORT0_SAR_CLK.c **** {
 263              		.loc 1 40 0
 264              		.cfi_startproc
 265              	.LVL0:
 266              	.L2:
  41:.\Generated_Source\PSoC4/PDSS_PORT0_SAR_CLK.c ****     /* Make sure any previous start command has finished. */
  42:.\Generated_Source\PSoC4/PDSS_PORT0_SAR_CLK.c ****     while((PDSS_PORT0_SAR_CLK_CMD_REG & PDSS_PORT0_SAR_CLK_CMD_ENABLE_MASK) != 0u)
 267              		.loc 1 42 0 discriminator 1
 268 0000 044B     		ldr	r3, .L4
 269 0002 1A68     		ldr	r2, [r3]
 270 0004 002A     		cmp	r2, #0
 271 0006 FBDB     		blt	.L2
  43:.\Generated_Source\PSoC4/PDSS_PORT0_SAR_CLK.c ****     {
  44:.\Generated_Source\PSoC4/PDSS_PORT0_SAR_CLK.c ****     }
  45:.\Generated_Source\PSoC4/PDSS_PORT0_SAR_CLK.c ****     
  46:.\Generated_Source\PSoC4/PDSS_PORT0_SAR_CLK.c ****     /* Specify the target divider and it's alignment divider, and enable. */
  47:.\Generated_Source\PSoC4/PDSS_PORT0_SAR_CLK.c ****     PDSS_PORT0_SAR_CLK_CMD_REG =
  48:.\Generated_Source\PSoC4/PDSS_PORT0_SAR_CLK.c ****         ((uint32)PDSS_PORT0_SAR_CLK__DIV_ID << PDSS_PORT0_SAR_CLK_CMD_DIV_SHIFT)|
  49:.\Generated_Source\PSoC4/PDSS_PORT0_SAR_CLK.c ****         (alignClkDiv << PDSS_PORT0_SAR_CLK_CMD_PA_DIV_SHIFT) |
ARM GAS  C:\Users\victo\AppData\Local\Temp\ccEyqqSe.s 			page 20


 272              		.loc 1 49 0
 273 0008 034A     		ldr	r2, .L4+4
 274 000a 0002     		lsl	r0, r0, #8
 275              	.LVL1:
 276 000c 1043     		orr	r0, r2
  47:.\Generated_Source\PSoC4/PDSS_PORT0_SAR_CLK.c ****         ((uint32)PDSS_PORT0_SAR_CLK__DIV_ID << PDSS_PORT0_SAR_CLK_CMD_DIV_SHIFT)|
 277              		.loc 1 47 0
 278 000e 1860     		str	r0, [r3]
  50:.\Generated_Source\PSoC4/PDSS_PORT0_SAR_CLK.c ****         (uint32)PDSS_PORT0_SAR_CLK_CMD_ENABLE_MASK;
  51:.\Generated_Source\PSoC4/PDSS_PORT0_SAR_CLK.c **** }
 279              		.loc 1 51 0
 280              		@ sp needed
 281 0010 7047     		bx	lr
 282              	.L5:
 283 0012 C046     		.align	2
 284              	.L4:
 285 0014 00000140 		.word	1073807360
 286 0018 40000080 		.word	-2147483584
 287              		.cfi_endproc
 288              	.LFE0:
 289              		.size	PDSS_PORT0_SAR_CLK_StartEx, .-PDSS_PORT0_SAR_CLK_StartEx
 290              		.section	.text.PDSS_PORT0_SAR_CLK_Stop,"ax",%progbits
 291              		.align	1
 292              		.global	PDSS_PORT0_SAR_CLK_Stop
 293              		.code	16
 294              		.thumb_func
 295              		.type	PDSS_PORT0_SAR_CLK_Stop, %function
 296              	PDSS_PORT0_SAR_CLK_Stop:
 297              	.LFB1:
  52:.\Generated_Source\PSoC4/PDSS_PORT0_SAR_CLK.c **** 
  53:.\Generated_Source\PSoC4/PDSS_PORT0_SAR_CLK.c **** #else
  54:.\Generated_Source\PSoC4/PDSS_PORT0_SAR_CLK.c **** 
  55:.\Generated_Source\PSoC4/PDSS_PORT0_SAR_CLK.c **** /*******************************************************************************
  56:.\Generated_Source\PSoC4/PDSS_PORT0_SAR_CLK.c **** * Function Name: PDSS_PORT0_SAR_CLK_Start
  57:.\Generated_Source\PSoC4/PDSS_PORT0_SAR_CLK.c **** ********************************************************************************
  58:.\Generated_Source\PSoC4/PDSS_PORT0_SAR_CLK.c **** *
  59:.\Generated_Source\PSoC4/PDSS_PORT0_SAR_CLK.c **** * Summary:
  60:.\Generated_Source\PSoC4/PDSS_PORT0_SAR_CLK.c **** *  Starts the clock.
  61:.\Generated_Source\PSoC4/PDSS_PORT0_SAR_CLK.c **** *
  62:.\Generated_Source\PSoC4/PDSS_PORT0_SAR_CLK.c **** * Parameters:
  63:.\Generated_Source\PSoC4/PDSS_PORT0_SAR_CLK.c **** *  None
  64:.\Generated_Source\PSoC4/PDSS_PORT0_SAR_CLK.c **** *
  65:.\Generated_Source\PSoC4/PDSS_PORT0_SAR_CLK.c **** * Returns:
  66:.\Generated_Source\PSoC4/PDSS_PORT0_SAR_CLK.c **** *  None
  67:.\Generated_Source\PSoC4/PDSS_PORT0_SAR_CLK.c **** *
  68:.\Generated_Source\PSoC4/PDSS_PORT0_SAR_CLK.c **** *******************************************************************************/
  69:.\Generated_Source\PSoC4/PDSS_PORT0_SAR_CLK.c **** 
  70:.\Generated_Source\PSoC4/PDSS_PORT0_SAR_CLK.c **** void PDSS_PORT0_SAR_CLK_Start(void)
  71:.\Generated_Source\PSoC4/PDSS_PORT0_SAR_CLK.c **** {
  72:.\Generated_Source\PSoC4/PDSS_PORT0_SAR_CLK.c ****     /* Set the bit to enable the clock. */
  73:.\Generated_Source\PSoC4/PDSS_PORT0_SAR_CLK.c ****     PDSS_PORT0_SAR_CLK_ENABLE_REG |= PDSS_PORT0_SAR_CLK__ENABLE_MASK;
  74:.\Generated_Source\PSoC4/PDSS_PORT0_SAR_CLK.c **** }
  75:.\Generated_Source\PSoC4/PDSS_PORT0_SAR_CLK.c **** 
  76:.\Generated_Source\PSoC4/PDSS_PORT0_SAR_CLK.c **** #endif /* CYREG_PERI_DIV_CMD */
  77:.\Generated_Source\PSoC4/PDSS_PORT0_SAR_CLK.c **** 
  78:.\Generated_Source\PSoC4/PDSS_PORT0_SAR_CLK.c **** 
  79:.\Generated_Source\PSoC4/PDSS_PORT0_SAR_CLK.c **** /*******************************************************************************
ARM GAS  C:\Users\victo\AppData\Local\Temp\ccEyqqSe.s 			page 21


  80:.\Generated_Source\PSoC4/PDSS_PORT0_SAR_CLK.c **** * Function Name: PDSS_PORT0_SAR_CLK_Stop
  81:.\Generated_Source\PSoC4/PDSS_PORT0_SAR_CLK.c **** ********************************************************************************
  82:.\Generated_Source\PSoC4/PDSS_PORT0_SAR_CLK.c **** *
  83:.\Generated_Source\PSoC4/PDSS_PORT0_SAR_CLK.c **** * Summary:
  84:.\Generated_Source\PSoC4/PDSS_PORT0_SAR_CLK.c **** *  Stops the clock and returns immediately. This API does not require the
  85:.\Generated_Source\PSoC4/PDSS_PORT0_SAR_CLK.c **** *  source clock to be running but may return before the hardware is actually
  86:.\Generated_Source\PSoC4/PDSS_PORT0_SAR_CLK.c **** *  disabled.
  87:.\Generated_Source\PSoC4/PDSS_PORT0_SAR_CLK.c **** *
  88:.\Generated_Source\PSoC4/PDSS_PORT0_SAR_CLK.c **** * Parameters:
  89:.\Generated_Source\PSoC4/PDSS_PORT0_SAR_CLK.c **** *  None
  90:.\Generated_Source\PSoC4/PDSS_PORT0_SAR_CLK.c **** *
  91:.\Generated_Source\PSoC4/PDSS_PORT0_SAR_CLK.c **** * Returns:
  92:.\Generated_Source\PSoC4/PDSS_PORT0_SAR_CLK.c **** *  None
  93:.\Generated_Source\PSoC4/PDSS_PORT0_SAR_CLK.c **** *
  94:.\Generated_Source\PSoC4/PDSS_PORT0_SAR_CLK.c **** *******************************************************************************/
  95:.\Generated_Source\PSoC4/PDSS_PORT0_SAR_CLK.c **** void PDSS_PORT0_SAR_CLK_Stop(void)
  96:.\Generated_Source\PSoC4/PDSS_PORT0_SAR_CLK.c **** {
 298              		.loc 1 96 0
 299              		.cfi_startproc
 300              	.L7:
  97:.\Generated_Source\PSoC4/PDSS_PORT0_SAR_CLK.c **** #if defined CYREG_PERI_DIV_CMD
  98:.\Generated_Source\PSoC4/PDSS_PORT0_SAR_CLK.c **** 
  99:.\Generated_Source\PSoC4/PDSS_PORT0_SAR_CLK.c ****     /* Make sure any previous start command has finished. */
 100:.\Generated_Source\PSoC4/PDSS_PORT0_SAR_CLK.c ****     while((PDSS_PORT0_SAR_CLK_CMD_REG & PDSS_PORT0_SAR_CLK_CMD_ENABLE_MASK) != 0u)
 301              		.loc 1 100 0 discriminator 1
 302 0000 034B     		ldr	r3, .L8
 303 0002 1A68     		ldr	r2, [r3]
 304 0004 002A     		cmp	r2, #0
 305 0006 FBDB     		blt	.L7
 101:.\Generated_Source\PSoC4/PDSS_PORT0_SAR_CLK.c ****     {
 102:.\Generated_Source\PSoC4/PDSS_PORT0_SAR_CLK.c ****     }
 103:.\Generated_Source\PSoC4/PDSS_PORT0_SAR_CLK.c ****     
 104:.\Generated_Source\PSoC4/PDSS_PORT0_SAR_CLK.c ****     /* Specify the target divider and it's alignment divider, and disable. */
 105:.\Generated_Source\PSoC4/PDSS_PORT0_SAR_CLK.c ****     PDSS_PORT0_SAR_CLK_CMD_REG =
 306              		.loc 1 105 0
 307 0008 024A     		ldr	r2, .L8+4
 106:.\Generated_Source\PSoC4/PDSS_PORT0_SAR_CLK.c ****         ((uint32)PDSS_PORT0_SAR_CLK__DIV_ID << PDSS_PORT0_SAR_CLK_CMD_DIV_SHIFT)|
 107:.\Generated_Source\PSoC4/PDSS_PORT0_SAR_CLK.c ****         ((uint32)PDSS_PORT0_SAR_CLK_CMD_DISABLE_MASK);
 108:.\Generated_Source\PSoC4/PDSS_PORT0_SAR_CLK.c **** 
 109:.\Generated_Source\PSoC4/PDSS_PORT0_SAR_CLK.c **** #else
 110:.\Generated_Source\PSoC4/PDSS_PORT0_SAR_CLK.c **** 
 111:.\Generated_Source\PSoC4/PDSS_PORT0_SAR_CLK.c ****     /* Clear the bit to disable the clock. */
 112:.\Generated_Source\PSoC4/PDSS_PORT0_SAR_CLK.c ****     PDSS_PORT0_SAR_CLK_ENABLE_REG &= (uint32)(~PDSS_PORT0_SAR_CLK__ENABLE_MASK);
 113:.\Generated_Source\PSoC4/PDSS_PORT0_SAR_CLK.c ****     
 114:.\Generated_Source\PSoC4/PDSS_PORT0_SAR_CLK.c **** #endif /* CYREG_PERI_DIV_CMD */
 115:.\Generated_Source\PSoC4/PDSS_PORT0_SAR_CLK.c **** }
 308              		.loc 1 115 0
 309              		@ sp needed
 105:.\Generated_Source\PSoC4/PDSS_PORT0_SAR_CLK.c ****         ((uint32)PDSS_PORT0_SAR_CLK__DIV_ID << PDSS_PORT0_SAR_CLK_CMD_DIV_SHIFT)|
 310              		.loc 1 105 0
 311 000a 1A60     		str	r2, [r3]
 312              		.loc 1 115 0
 313 000c 7047     		bx	lr
 314              	.L9:
 315 000e C046     		.align	2
 316              	.L8:
 317 0010 00000140 		.word	1073807360
ARM GAS  C:\Users\victo\AppData\Local\Temp\ccEyqqSe.s 			page 22


 318 0014 40000040 		.word	1073741888
 319              		.cfi_endproc
 320              	.LFE1:
 321              		.size	PDSS_PORT0_SAR_CLK_Stop, .-PDSS_PORT0_SAR_CLK_Stop
 322              		.section	.text.PDSS_PORT0_SAR_CLK_SetFractionalDividerRegister,"ax",%progbits
 323              		.align	1
 324              		.global	PDSS_PORT0_SAR_CLK_SetFractionalDividerRegister
 325              		.code	16
 326              		.thumb_func
 327              		.type	PDSS_PORT0_SAR_CLK_SetFractionalDividerRegister, %function
 328              	PDSS_PORT0_SAR_CLK_SetFractionalDividerRegister:
 329              	.LFB2:
 116:.\Generated_Source\PSoC4/PDSS_PORT0_SAR_CLK.c **** 
 117:.\Generated_Source\PSoC4/PDSS_PORT0_SAR_CLK.c **** 
 118:.\Generated_Source\PSoC4/PDSS_PORT0_SAR_CLK.c **** /*******************************************************************************
 119:.\Generated_Source\PSoC4/PDSS_PORT0_SAR_CLK.c **** * Function Name: PDSS_PORT0_SAR_CLK_SetFractionalDividerRegister
 120:.\Generated_Source\PSoC4/PDSS_PORT0_SAR_CLK.c **** ********************************************************************************
 121:.\Generated_Source\PSoC4/PDSS_PORT0_SAR_CLK.c **** *
 122:.\Generated_Source\PSoC4/PDSS_PORT0_SAR_CLK.c **** * Summary:
 123:.\Generated_Source\PSoC4/PDSS_PORT0_SAR_CLK.c **** *  Modifies the clock divider and the fractional divider.
 124:.\Generated_Source\PSoC4/PDSS_PORT0_SAR_CLK.c **** *
 125:.\Generated_Source\PSoC4/PDSS_PORT0_SAR_CLK.c **** * Parameters:
 126:.\Generated_Source\PSoC4/PDSS_PORT0_SAR_CLK.c **** *  clkDivider:  Divider register value (0-65535). This value is NOT the
 127:.\Generated_Source\PSoC4/PDSS_PORT0_SAR_CLK.c **** *    divider; the clock hardware divides by clkDivider plus one. For example,
 128:.\Generated_Source\PSoC4/PDSS_PORT0_SAR_CLK.c **** *    to divide the clock by 2, this parameter should be set to 1.
 129:.\Generated_Source\PSoC4/PDSS_PORT0_SAR_CLK.c **** *  fracDivider:  Fractional Divider register value (0-31).
 130:.\Generated_Source\PSoC4/PDSS_PORT0_SAR_CLK.c **** * Returns:
 131:.\Generated_Source\PSoC4/PDSS_PORT0_SAR_CLK.c **** *  None
 132:.\Generated_Source\PSoC4/PDSS_PORT0_SAR_CLK.c **** *
 133:.\Generated_Source\PSoC4/PDSS_PORT0_SAR_CLK.c **** *******************************************************************************/
 134:.\Generated_Source\PSoC4/PDSS_PORT0_SAR_CLK.c **** void PDSS_PORT0_SAR_CLK_SetFractionalDividerRegister(uint16 clkDivider, uint8 clkFractional)
 135:.\Generated_Source\PSoC4/PDSS_PORT0_SAR_CLK.c **** {
 330              		.loc 1 135 0
 331              		.cfi_startproc
 332              	.LVL2:
 136:.\Generated_Source\PSoC4/PDSS_PORT0_SAR_CLK.c ****     uint32 maskVal;
 137:.\Generated_Source\PSoC4/PDSS_PORT0_SAR_CLK.c ****     uint32 regVal;
 138:.\Generated_Source\PSoC4/PDSS_PORT0_SAR_CLK.c ****     
 139:.\Generated_Source\PSoC4/PDSS_PORT0_SAR_CLK.c **** #if defined (PDSS_PORT0_SAR_CLK__FRAC_MASK) || defined (CYREG_PERI_DIV_CMD)
 140:.\Generated_Source\PSoC4/PDSS_PORT0_SAR_CLK.c ****     
 141:.\Generated_Source\PSoC4/PDSS_PORT0_SAR_CLK.c **** 	/* get all but divider bits */
 142:.\Generated_Source\PSoC4/PDSS_PORT0_SAR_CLK.c ****     maskVal = PDSS_PORT0_SAR_CLK_DIV_REG & 
 143:.\Generated_Source\PSoC4/PDSS_PORT0_SAR_CLK.c ****                     (uint32)(~(uint32)(PDSS_PORT0_SAR_CLK_DIV_INT_MASK | PDSS_PORT0_SAR_CLK_DIV_FRA
 144:.\Generated_Source\PSoC4/PDSS_PORT0_SAR_CLK.c **** 	/* combine mask and new divider vals into 32-bit value */
 145:.\Generated_Source\PSoC4/PDSS_PORT0_SAR_CLK.c ****     regVal = maskVal |
 146:.\Generated_Source\PSoC4/PDSS_PORT0_SAR_CLK.c ****         ((uint32)((uint32)clkDivider <<  PDSS_PORT0_SAR_CLK_DIV_INT_SHIFT) & PDSS_PORT0_SAR_CLK_DIV
 147:.\Generated_Source\PSoC4/PDSS_PORT0_SAR_CLK.c ****         ((uint32)((uint32)clkFractional << PDSS_PORT0_SAR_CLK_DIV_FRAC_SHIFT) & PDSS_PORT0_SAR_CLK_
 333              		.loc 1 147 0
 334 0000 FF22     		mov	r2, #255
 142:.\Generated_Source\PSoC4/PDSS_PORT0_SAR_CLK.c ****                     (uint32)(~(uint32)(PDSS_PORT0_SAR_CLK_DIV_INT_MASK | PDSS_PORT0_SAR_CLK_DIV_FRA
 335              		.loc 1 142 0
 336 0002 0723     		mov	r3, #7
 135:.\Generated_Source\PSoC4/PDSS_PORT0_SAR_CLK.c ****     uint32 maskVal;
 337              		.loc 1 135 0
 338 0004 30B5     		push	{r4, r5, lr}
 339              		.cfi_def_cfa_offset 12
 340              		.cfi_offset 4, -12
ARM GAS  C:\Users\victo\AppData\Local\Temp\ccEyqqSe.s 			page 23


 341              		.cfi_offset 5, -8
 342              		.cfi_offset 14, -4
 142:.\Generated_Source\PSoC4/PDSS_PORT0_SAR_CLK.c ****                     (uint32)(~(uint32)(PDSS_PORT0_SAR_CLK_DIV_INT_MASK | PDSS_PORT0_SAR_CLK_DIV_FRA
 343              		.loc 1 142 0
 344 0006 054C     		ldr	r4, .L11
 345              		.loc 1 147 0
 346 0008 C900     		lsl	r1, r1, #3
 347              	.LVL3:
 142:.\Generated_Source\PSoC4/PDSS_PORT0_SAR_CLK.c ****                     (uint32)(~(uint32)(PDSS_PORT0_SAR_CLK_DIV_INT_MASK | PDSS_PORT0_SAR_CLK_DIV_FRA
 348              		.loc 1 142 0
 349 000a 2568     		ldr	r5, [r4]
 350              	.LVL4:
 146:.\Generated_Source\PSoC4/PDSS_PORT0_SAR_CLK.c ****         ((uint32)((uint32)clkFractional << PDSS_PORT0_SAR_CLK_DIV_FRAC_SHIFT) & PDSS_PORT0_SAR_CLK_
 351              		.loc 1 146 0
 352 000c 0002     		lsl	r0, r0, #8
 353              	.LVL5:
 354              		.loc 1 147 0
 355 000e 1140     		and	r1, r2
 142:.\Generated_Source\PSoC4/PDSS_PORT0_SAR_CLK.c ****                     (uint32)(~(uint32)(PDSS_PORT0_SAR_CLK_DIV_INT_MASK | PDSS_PORT0_SAR_CLK_DIV_FRA
 356              		.loc 1 142 0
 357 0010 2B40     		and	r3, r5
 358              	.LVL6:
 359 0012 0143     		orr	r1, r0
 145:.\Generated_Source\PSoC4/PDSS_PORT0_SAR_CLK.c ****         ((uint32)((uint32)clkDivider <<  PDSS_PORT0_SAR_CLK_DIV_INT_SHIFT) & PDSS_PORT0_SAR_CLK_DIV
 360              		.loc 1 145 0
 361 0014 1943     		orr	r1, r3
 362              	.LVL7:
 148:.\Generated_Source\PSoC4/PDSS_PORT0_SAR_CLK.c ****     
 149:.\Generated_Source\PSoC4/PDSS_PORT0_SAR_CLK.c **** #else
 150:.\Generated_Source\PSoC4/PDSS_PORT0_SAR_CLK.c ****     /* get all but integer divider bits */
 151:.\Generated_Source\PSoC4/PDSS_PORT0_SAR_CLK.c ****     maskVal = PDSS_PORT0_SAR_CLK_DIV_REG & (uint32)(~(uint32)PDSS_PORT0_SAR_CLK__DIVIDER_MASK);
 152:.\Generated_Source\PSoC4/PDSS_PORT0_SAR_CLK.c ****     /* combine mask and new divider val into 32-bit value */
 153:.\Generated_Source\PSoC4/PDSS_PORT0_SAR_CLK.c ****     regVal = clkDivider | maskVal;
 154:.\Generated_Source\PSoC4/PDSS_PORT0_SAR_CLK.c ****     
 155:.\Generated_Source\PSoC4/PDSS_PORT0_SAR_CLK.c **** #endif /* PDSS_PORT0_SAR_CLK__FRAC_MASK || CYREG_PERI_DIV_CMD */
 156:.\Generated_Source\PSoC4/PDSS_PORT0_SAR_CLK.c **** 
 157:.\Generated_Source\PSoC4/PDSS_PORT0_SAR_CLK.c ****     PDSS_PORT0_SAR_CLK_DIV_REG = regVal;
 363              		.loc 1 157 0
 364 0016 2160     		str	r1, [r4]
 158:.\Generated_Source\PSoC4/PDSS_PORT0_SAR_CLK.c **** }
 365              		.loc 1 158 0
 366              		@ sp needed
 367 0018 30BD     		pop	{r4, r5, pc}
 368              	.L12:
 369 001a C046     		.align	2
 370              	.L11:
 371 001c 00030140 		.word	1073808128
 372              		.cfi_endproc
 373              	.LFE2:
 374              		.size	PDSS_PORT0_SAR_CLK_SetFractionalDividerRegister, .-PDSS_PORT0_SAR_CLK_SetFractionalDividerRe
 375              		.section	.text.PDSS_PORT0_SAR_CLK_GetDividerRegister,"ax",%progbits
 376              		.align	1
 377              		.global	PDSS_PORT0_SAR_CLK_GetDividerRegister
 378              		.code	16
 379              		.thumb_func
 380              		.type	PDSS_PORT0_SAR_CLK_GetDividerRegister, %function
 381              	PDSS_PORT0_SAR_CLK_GetDividerRegister:
ARM GAS  C:\Users\victo\AppData\Local\Temp\ccEyqqSe.s 			page 24


 382              	.LFB3:
 159:.\Generated_Source\PSoC4/PDSS_PORT0_SAR_CLK.c **** 
 160:.\Generated_Source\PSoC4/PDSS_PORT0_SAR_CLK.c **** 
 161:.\Generated_Source\PSoC4/PDSS_PORT0_SAR_CLK.c **** /*******************************************************************************
 162:.\Generated_Source\PSoC4/PDSS_PORT0_SAR_CLK.c **** * Function Name: PDSS_PORT0_SAR_CLK_GetDividerRegister
 163:.\Generated_Source\PSoC4/PDSS_PORT0_SAR_CLK.c **** ********************************************************************************
 164:.\Generated_Source\PSoC4/PDSS_PORT0_SAR_CLK.c **** *
 165:.\Generated_Source\PSoC4/PDSS_PORT0_SAR_CLK.c **** * Summary:
 166:.\Generated_Source\PSoC4/PDSS_PORT0_SAR_CLK.c **** *  Gets the clock divider register value.
 167:.\Generated_Source\PSoC4/PDSS_PORT0_SAR_CLK.c **** *
 168:.\Generated_Source\PSoC4/PDSS_PORT0_SAR_CLK.c **** * Parameters:
 169:.\Generated_Source\PSoC4/PDSS_PORT0_SAR_CLK.c **** *  None
 170:.\Generated_Source\PSoC4/PDSS_PORT0_SAR_CLK.c **** *
 171:.\Generated_Source\PSoC4/PDSS_PORT0_SAR_CLK.c **** * Returns:
 172:.\Generated_Source\PSoC4/PDSS_PORT0_SAR_CLK.c **** *  Divide value of the clock minus 1. For example, if the clock is set to
 173:.\Generated_Source\PSoC4/PDSS_PORT0_SAR_CLK.c **** *  divide by 2, the return value will be 1.
 174:.\Generated_Source\PSoC4/PDSS_PORT0_SAR_CLK.c **** *
 175:.\Generated_Source\PSoC4/PDSS_PORT0_SAR_CLK.c **** *******************************************************************************/
 176:.\Generated_Source\PSoC4/PDSS_PORT0_SAR_CLK.c **** uint16 PDSS_PORT0_SAR_CLK_GetDividerRegister(void)
 177:.\Generated_Source\PSoC4/PDSS_PORT0_SAR_CLK.c **** {
 383              		.loc 1 177 0
 384              		.cfi_startproc
 178:.\Generated_Source\PSoC4/PDSS_PORT0_SAR_CLK.c ****     return (uint16)((PDSS_PORT0_SAR_CLK_DIV_REG & PDSS_PORT0_SAR_CLK_DIV_INT_MASK)
 385              		.loc 1 178 0
 386 0000 024B     		ldr	r3, .L14
 179:.\Generated_Source\PSoC4/PDSS_PORT0_SAR_CLK.c ****         >> PDSS_PORT0_SAR_CLK_DIV_INT_SHIFT);
 180:.\Generated_Source\PSoC4/PDSS_PORT0_SAR_CLK.c **** }
 387              		.loc 1 180 0
 388              		@ sp needed
 178:.\Generated_Source\PSoC4/PDSS_PORT0_SAR_CLK.c ****     return (uint16)((PDSS_PORT0_SAR_CLK_DIV_REG & PDSS_PORT0_SAR_CLK_DIV_INT_MASK)
 389              		.loc 1 178 0
 390 0002 1868     		ldr	r0, [r3]
 179:.\Generated_Source\PSoC4/PDSS_PORT0_SAR_CLK.c ****         >> PDSS_PORT0_SAR_CLK_DIV_INT_SHIFT);
 391              		.loc 1 179 0
 392 0004 000A     		lsr	r0, r0, #8
 178:.\Generated_Source\PSoC4/PDSS_PORT0_SAR_CLK.c ****     return (uint16)((PDSS_PORT0_SAR_CLK_DIV_REG & PDSS_PORT0_SAR_CLK_DIV_INT_MASK)
 393              		.loc 1 178 0
 394 0006 80B2     		uxth	r0, r0
 395              		.loc 1 180 0
 396 0008 7047     		bx	lr
 397              	.L15:
 398 000a C046     		.align	2
 399              	.L14:
 400 000c 00030140 		.word	1073808128
 401              		.cfi_endproc
 402              	.LFE3:
 403              		.size	PDSS_PORT0_SAR_CLK_GetDividerRegister, .-PDSS_PORT0_SAR_CLK_GetDividerRegister
 404              		.section	.text.PDSS_PORT0_SAR_CLK_GetFractionalDividerRegister,"ax",%progbits
 405              		.align	1
 406              		.global	PDSS_PORT0_SAR_CLK_GetFractionalDividerRegister
 407              		.code	16
 408              		.thumb_func
 409              		.type	PDSS_PORT0_SAR_CLK_GetFractionalDividerRegister, %function
 410              	PDSS_PORT0_SAR_CLK_GetFractionalDividerRegister:
 411              	.LFB4:
 181:.\Generated_Source\PSoC4/PDSS_PORT0_SAR_CLK.c **** 
 182:.\Generated_Source\PSoC4/PDSS_PORT0_SAR_CLK.c **** 
ARM GAS  C:\Users\victo\AppData\Local\Temp\ccEyqqSe.s 			page 25


 183:.\Generated_Source\PSoC4/PDSS_PORT0_SAR_CLK.c **** /*******************************************************************************
 184:.\Generated_Source\PSoC4/PDSS_PORT0_SAR_CLK.c **** * Function Name: PDSS_PORT0_SAR_CLK_GetFractionalDividerRegister
 185:.\Generated_Source\PSoC4/PDSS_PORT0_SAR_CLK.c **** ********************************************************************************
 186:.\Generated_Source\PSoC4/PDSS_PORT0_SAR_CLK.c **** *
 187:.\Generated_Source\PSoC4/PDSS_PORT0_SAR_CLK.c **** * Summary:
 188:.\Generated_Source\PSoC4/PDSS_PORT0_SAR_CLK.c **** *  Gets the clock fractional divider register value.
 189:.\Generated_Source\PSoC4/PDSS_PORT0_SAR_CLK.c **** *
 190:.\Generated_Source\PSoC4/PDSS_PORT0_SAR_CLK.c **** * Parameters:
 191:.\Generated_Source\PSoC4/PDSS_PORT0_SAR_CLK.c **** *  None
 192:.\Generated_Source\PSoC4/PDSS_PORT0_SAR_CLK.c **** *
 193:.\Generated_Source\PSoC4/PDSS_PORT0_SAR_CLK.c **** * Returns:
 194:.\Generated_Source\PSoC4/PDSS_PORT0_SAR_CLK.c **** *  Fractional Divide value of the clock
 195:.\Generated_Source\PSoC4/PDSS_PORT0_SAR_CLK.c **** *  0 if the fractional divider is not in use.
 196:.\Generated_Source\PSoC4/PDSS_PORT0_SAR_CLK.c **** *
 197:.\Generated_Source\PSoC4/PDSS_PORT0_SAR_CLK.c **** *******************************************************************************/
 198:.\Generated_Source\PSoC4/PDSS_PORT0_SAR_CLK.c **** uint8 PDSS_PORT0_SAR_CLK_GetFractionalDividerRegister(void)
 199:.\Generated_Source\PSoC4/PDSS_PORT0_SAR_CLK.c **** {
 412              		.loc 1 199 0
 413              		.cfi_startproc
 200:.\Generated_Source\PSoC4/PDSS_PORT0_SAR_CLK.c **** #if defined (PDSS_PORT0_SAR_CLK__FRAC_MASK)
 201:.\Generated_Source\PSoC4/PDSS_PORT0_SAR_CLK.c ****     /* return fractional divider bits */
 202:.\Generated_Source\PSoC4/PDSS_PORT0_SAR_CLK.c ****     return (uint8)((PDSS_PORT0_SAR_CLK_DIV_REG & PDSS_PORT0_SAR_CLK_DIV_FRAC_MASK)
 203:.\Generated_Source\PSoC4/PDSS_PORT0_SAR_CLK.c ****         >> PDSS_PORT0_SAR_CLK_DIV_FRAC_SHIFT);
 204:.\Generated_Source\PSoC4/PDSS_PORT0_SAR_CLK.c **** #else
 205:.\Generated_Source\PSoC4/PDSS_PORT0_SAR_CLK.c ****     return 0u;
 206:.\Generated_Source\PSoC4/PDSS_PORT0_SAR_CLK.c **** #endif /* PDSS_PORT0_SAR_CLK__FRAC_MASK */
 207:.\Generated_Source\PSoC4/PDSS_PORT0_SAR_CLK.c **** }
 414              		.loc 1 207 0
 415 0000 0020     		mov	r0, #0
 416              		@ sp needed
 417 0002 7047     		bx	lr
 418              		.cfi_endproc
 419              	.LFE4:
 420              		.size	PDSS_PORT0_SAR_CLK_GetFractionalDividerRegister, .-PDSS_PORT0_SAR_CLK_GetFractionalDividerRe
 421              		.text
 422              	.Letext0:
 423              		.file 2 "Generated_Source\\PSoC4/cytypes.h"
 424              		.section	.debug_info,"",%progbits
 425              	.Ldebug_info0:
 426 0000 62010000 		.4byte	0x162
 427 0004 0400     		.2byte	0x4
 428 0006 00000000 		.4byte	.Ldebug_abbrev0
 429 000a 04       		.byte	0x4
 430 000b 01       		.uleb128 0x1
 431 000c 7B010000 		.4byte	.LASF25
 432 0010 01       		.byte	0x1
 433 0011 78000000 		.4byte	.LASF26
 434 0015 37020000 		.4byte	.LASF27
 435 0019 00000000 		.4byte	.Ldebug_ranges0+0
 436 001d 00000000 		.4byte	0
 437 0021 00000000 		.4byte	.Ldebug_line0
 438 0025 02       		.uleb128 0x2
 439 0026 01       		.byte	0x1
 440 0027 06       		.byte	0x6
 441 0028 E0020000 		.4byte	.LASF0
 442 002c 02       		.uleb128 0x2
 443 002d 01       		.byte	0x1
ARM GAS  C:\Users\victo\AppData\Local\Temp\ccEyqqSe.s 			page 26


 444 002e 08       		.byte	0x8
 445 002f 44000000 		.4byte	.LASF1
 446 0033 02       		.uleb128 0x2
 447 0034 02       		.byte	0x2
 448 0035 05       		.byte	0x5
 449 0036 AF020000 		.4byte	.LASF2
 450 003a 02       		.uleb128 0x2
 451 003b 02       		.byte	0x2
 452 003c 07       		.byte	0x7
 453 003d D3000000 		.4byte	.LASF3
 454 0041 02       		.uleb128 0x2
 455 0042 04       		.byte	0x4
 456 0043 05       		.byte	0x5
 457 0044 BF020000 		.4byte	.LASF4
 458 0048 02       		.uleb128 0x2
 459 0049 04       		.byte	0x4
 460 004a 07       		.byte	0x7
 461 004b A6000000 		.4byte	.LASF5
 462 004f 02       		.uleb128 0x2
 463 0050 08       		.byte	0x8
 464 0051 05       		.byte	0x5
 465 0052 9C020000 		.4byte	.LASF6
 466 0056 02       		.uleb128 0x2
 467 0057 08       		.byte	0x8
 468 0058 07       		.byte	0x7
 469 0059 64010000 		.4byte	.LASF7
 470 005d 03       		.uleb128 0x3
 471 005e 04       		.byte	0x4
 472 005f 05       		.byte	0x5
 473 0060 696E7400 		.ascii	"int\000"
 474 0064 02       		.uleb128 0x2
 475 0065 04       		.byte	0x4
 476 0066 07       		.byte	0x7
 477 0067 57010000 		.4byte	.LASF8
 478 006b 04       		.uleb128 0x4
 479 006c B9020000 		.4byte	.LASF9
 480 0070 02       		.byte	0x2
 481 0071 9801     		.2byte	0x198
 482 0073 2C000000 		.4byte	0x2c
 483 0077 04       		.uleb128 0x4
 484 0078 49010000 		.4byte	.LASF10
 485 007c 02       		.byte	0x2
 486 007d 9901     		.2byte	0x199
 487 007f 3A000000 		.4byte	0x3a
 488 0083 04       		.uleb128 0x4
 489 0084 50010000 		.4byte	.LASF11
 490 0088 02       		.byte	0x2
 491 0089 9A01     		.2byte	0x19a
 492 008b 48000000 		.4byte	0x48
 493 008f 02       		.uleb128 0x2
 494 0090 04       		.byte	0x4
 495 0091 04       		.byte	0x4
 496 0092 3E000000 		.4byte	.LASF12
 497 0096 02       		.uleb128 0x2
 498 0097 08       		.byte	0x8
 499 0098 04       		.byte	0x4
 500 0099 21010000 		.4byte	.LASF13
ARM GAS  C:\Users\victo\AppData\Local\Temp\ccEyqqSe.s 			page 27


 501 009d 02       		.uleb128 0x2
 502 009e 01       		.byte	0x1
 503 009f 08       		.byte	0x8
 504 00a0 AA020000 		.4byte	.LASF14
 505 00a4 04       		.uleb128 0x4
 506 00a5 00000000 		.4byte	.LASF15
 507 00a9 02       		.byte	0x2
 508 00aa 4402     		.2byte	0x244
 509 00ac B0000000 		.4byte	0xb0
 510 00b0 05       		.uleb128 0x5
 511 00b1 83000000 		.4byte	0x83
 512 00b5 06       		.uleb128 0x6
 513 00b6 B8000000 		.4byte	.LASF16
 514 00ba 01       		.byte	0x1
 515 00bb 27       		.byte	0x27
 516 00bc 00000000 		.4byte	.LFB0
 517 00c0 1C000000 		.4byte	.LFE0-.LFB0
 518 00c4 01       		.uleb128 0x1
 519 00c5 9C       		.byte	0x9c
 520 00c6 DA000000 		.4byte	0xda
 521 00ca 07       		.uleb128 0x7
 522 00cb 2F010000 		.4byte	.LASF18
 523 00cf 01       		.byte	0x1
 524 00d0 27       		.byte	0x27
 525 00d1 83000000 		.4byte	0x83
 526 00d5 00000000 		.4byte	.LLST0
 527 00d9 00       		.byte	0
 528 00da 08       		.uleb128 0x8
 529 00db C8020000 		.4byte	.LASF28
 530 00df 01       		.byte	0x1
 531 00e0 5F       		.byte	0x5f
 532 00e1 00000000 		.4byte	.LFB1
 533 00e5 18000000 		.4byte	.LFE1-.LFB1
 534 00e9 01       		.uleb128 0x1
 535 00ea 9C       		.byte	0x9c
 536 00eb 06       		.uleb128 0x6
 537 00ec E6000000 		.4byte	.LASF17
 538 00f0 01       		.byte	0x1
 539 00f1 86       		.byte	0x86
 540 00f2 00000000 		.4byte	.LFB2
 541 00f6 20000000 		.4byte	.LFE2-.LFB2
 542 00fa 01       		.uleb128 0x1
 543 00fb 9C       		.byte	0x9c
 544 00fc 3B010000 		.4byte	0x13b
 545 0100 07       		.uleb128 0x7
 546 0101 16010000 		.4byte	.LASF19
 547 0105 01       		.byte	0x1
 548 0106 86       		.byte	0x86
 549 0107 77000000 		.4byte	0x77
 550 010b 21000000 		.4byte	.LLST1
 551 010f 07       		.uleb128 0x7
 552 0110 3B010000 		.4byte	.LASF20
 553 0114 01       		.byte	0x1
 554 0115 86       		.byte	0x86
 555 0116 6B000000 		.4byte	0x6b
 556 011a 42000000 		.4byte	.LLST2
 557 011e 09       		.uleb128 0x9
ARM GAS  C:\Users\victo\AppData\Local\Temp\ccEyqqSe.s 			page 28


 558 011f 06000000 		.4byte	.LASF21
 559 0123 01       		.byte	0x1
 560 0124 88       		.byte	0x88
 561 0125 83000000 		.4byte	0x83
 562 0129 63000000 		.4byte	.LLST3
 563 012d 0A       		.uleb128 0xa
 564 012e 28010000 		.4byte	.LASF22
 565 0132 01       		.byte	0x1
 566 0133 89       		.byte	0x89
 567 0134 83000000 		.4byte	0x83
 568 0138 01       		.uleb128 0x1
 569 0139 51       		.byte	0x51
 570 013a 00       		.byte	0
 571 013b 0B       		.uleb128 0xb
 572 013c 52000000 		.4byte	.LASF23
 573 0140 01       		.byte	0x1
 574 0141 B0       		.byte	0xb0
 575 0142 77000000 		.4byte	0x77
 576 0146 00000000 		.4byte	.LFB3
 577 014a 10000000 		.4byte	.LFE3-.LFB3
 578 014e 01       		.uleb128 0x1
 579 014f 9C       		.byte	0x9c
 580 0150 0B       		.uleb128 0xb
 581 0151 0E000000 		.4byte	.LASF24
 582 0155 01       		.byte	0x1
 583 0156 C6       		.byte	0xc6
 584 0157 6B000000 		.4byte	0x6b
 585 015b 00000000 		.4byte	.LFB4
 586 015f 04000000 		.4byte	.LFE4-.LFB4
 587 0163 01       		.uleb128 0x1
 588 0164 9C       		.byte	0x9c
 589 0165 00       		.byte	0
 590              		.section	.debug_abbrev,"",%progbits
 591              	.Ldebug_abbrev0:
 592 0000 01       		.uleb128 0x1
 593 0001 11       		.uleb128 0x11
 594 0002 01       		.byte	0x1
 595 0003 25       		.uleb128 0x25
 596 0004 0E       		.uleb128 0xe
 597 0005 13       		.uleb128 0x13
 598 0006 0B       		.uleb128 0xb
 599 0007 03       		.uleb128 0x3
 600 0008 0E       		.uleb128 0xe
 601 0009 1B       		.uleb128 0x1b
 602 000a 0E       		.uleb128 0xe
 603 000b 55       		.uleb128 0x55
 604 000c 17       		.uleb128 0x17
 605 000d 11       		.uleb128 0x11
 606 000e 01       		.uleb128 0x1
 607 000f 10       		.uleb128 0x10
 608 0010 17       		.uleb128 0x17
 609 0011 00       		.byte	0
 610 0012 00       		.byte	0
 611 0013 02       		.uleb128 0x2
 612 0014 24       		.uleb128 0x24
 613 0015 00       		.byte	0
 614 0016 0B       		.uleb128 0xb
ARM GAS  C:\Users\victo\AppData\Local\Temp\ccEyqqSe.s 			page 29


 615 0017 0B       		.uleb128 0xb
 616 0018 3E       		.uleb128 0x3e
 617 0019 0B       		.uleb128 0xb
 618 001a 03       		.uleb128 0x3
 619 001b 0E       		.uleb128 0xe
 620 001c 00       		.byte	0
 621 001d 00       		.byte	0
 622 001e 03       		.uleb128 0x3
 623 001f 24       		.uleb128 0x24
 624 0020 00       		.byte	0
 625 0021 0B       		.uleb128 0xb
 626 0022 0B       		.uleb128 0xb
 627 0023 3E       		.uleb128 0x3e
 628 0024 0B       		.uleb128 0xb
 629 0025 03       		.uleb128 0x3
 630 0026 08       		.uleb128 0x8
 631 0027 00       		.byte	0
 632 0028 00       		.byte	0
 633 0029 04       		.uleb128 0x4
 634 002a 16       		.uleb128 0x16
 635 002b 00       		.byte	0
 636 002c 03       		.uleb128 0x3
 637 002d 0E       		.uleb128 0xe
 638 002e 3A       		.uleb128 0x3a
 639 002f 0B       		.uleb128 0xb
 640 0030 3B       		.uleb128 0x3b
 641 0031 05       		.uleb128 0x5
 642 0032 49       		.uleb128 0x49
 643 0033 13       		.uleb128 0x13
 644 0034 00       		.byte	0
 645 0035 00       		.byte	0
 646 0036 05       		.uleb128 0x5
 647 0037 35       		.uleb128 0x35
 648 0038 00       		.byte	0
 649 0039 49       		.uleb128 0x49
 650 003a 13       		.uleb128 0x13
 651 003b 00       		.byte	0
 652 003c 00       		.byte	0
 653 003d 06       		.uleb128 0x6
 654 003e 2E       		.uleb128 0x2e
 655 003f 01       		.byte	0x1
 656 0040 3F       		.uleb128 0x3f
 657 0041 19       		.uleb128 0x19
 658 0042 03       		.uleb128 0x3
 659 0043 0E       		.uleb128 0xe
 660 0044 3A       		.uleb128 0x3a
 661 0045 0B       		.uleb128 0xb
 662 0046 3B       		.uleb128 0x3b
 663 0047 0B       		.uleb128 0xb
 664 0048 27       		.uleb128 0x27
 665 0049 19       		.uleb128 0x19
 666 004a 11       		.uleb128 0x11
 667 004b 01       		.uleb128 0x1
 668 004c 12       		.uleb128 0x12
 669 004d 06       		.uleb128 0x6
 670 004e 40       		.uleb128 0x40
 671 004f 18       		.uleb128 0x18
ARM GAS  C:\Users\victo\AppData\Local\Temp\ccEyqqSe.s 			page 30


 672 0050 9742     		.uleb128 0x2117
 673 0052 19       		.uleb128 0x19
 674 0053 01       		.uleb128 0x1
 675 0054 13       		.uleb128 0x13
 676 0055 00       		.byte	0
 677 0056 00       		.byte	0
 678 0057 07       		.uleb128 0x7
 679 0058 05       		.uleb128 0x5
 680 0059 00       		.byte	0
 681 005a 03       		.uleb128 0x3
 682 005b 0E       		.uleb128 0xe
 683 005c 3A       		.uleb128 0x3a
 684 005d 0B       		.uleb128 0xb
 685 005e 3B       		.uleb128 0x3b
 686 005f 0B       		.uleb128 0xb
 687 0060 49       		.uleb128 0x49
 688 0061 13       		.uleb128 0x13
 689 0062 02       		.uleb128 0x2
 690 0063 17       		.uleb128 0x17
 691 0064 00       		.byte	0
 692 0065 00       		.byte	0
 693 0066 08       		.uleb128 0x8
 694 0067 2E       		.uleb128 0x2e
 695 0068 00       		.byte	0
 696 0069 3F       		.uleb128 0x3f
 697 006a 19       		.uleb128 0x19
 698 006b 03       		.uleb128 0x3
 699 006c 0E       		.uleb128 0xe
 700 006d 3A       		.uleb128 0x3a
 701 006e 0B       		.uleb128 0xb
 702 006f 3B       		.uleb128 0x3b
 703 0070 0B       		.uleb128 0xb
 704 0071 27       		.uleb128 0x27
 705 0072 19       		.uleb128 0x19
 706 0073 11       		.uleb128 0x11
 707 0074 01       		.uleb128 0x1
 708 0075 12       		.uleb128 0x12
 709 0076 06       		.uleb128 0x6
 710 0077 40       		.uleb128 0x40
 711 0078 18       		.uleb128 0x18
 712 0079 9742     		.uleb128 0x2117
 713 007b 19       		.uleb128 0x19
 714 007c 00       		.byte	0
 715 007d 00       		.byte	0
 716 007e 09       		.uleb128 0x9
 717 007f 34       		.uleb128 0x34
 718 0080 00       		.byte	0
 719 0081 03       		.uleb128 0x3
 720 0082 0E       		.uleb128 0xe
 721 0083 3A       		.uleb128 0x3a
 722 0084 0B       		.uleb128 0xb
 723 0085 3B       		.uleb128 0x3b
 724 0086 0B       		.uleb128 0xb
 725 0087 49       		.uleb128 0x49
 726 0088 13       		.uleb128 0x13
 727 0089 02       		.uleb128 0x2
 728 008a 17       		.uleb128 0x17
ARM GAS  C:\Users\victo\AppData\Local\Temp\ccEyqqSe.s 			page 31


 729 008b 00       		.byte	0
 730 008c 00       		.byte	0
 731 008d 0A       		.uleb128 0xa
 732 008e 34       		.uleb128 0x34
 733 008f 00       		.byte	0
 734 0090 03       		.uleb128 0x3
 735 0091 0E       		.uleb128 0xe
 736 0092 3A       		.uleb128 0x3a
 737 0093 0B       		.uleb128 0xb
 738 0094 3B       		.uleb128 0x3b
 739 0095 0B       		.uleb128 0xb
 740 0096 49       		.uleb128 0x49
 741 0097 13       		.uleb128 0x13
 742 0098 02       		.uleb128 0x2
 743 0099 18       		.uleb128 0x18
 744 009a 00       		.byte	0
 745 009b 00       		.byte	0
 746 009c 0B       		.uleb128 0xb
 747 009d 2E       		.uleb128 0x2e
 748 009e 00       		.byte	0
 749 009f 3F       		.uleb128 0x3f
 750 00a0 19       		.uleb128 0x19
 751 00a1 03       		.uleb128 0x3
 752 00a2 0E       		.uleb128 0xe
 753 00a3 3A       		.uleb128 0x3a
 754 00a4 0B       		.uleb128 0xb
 755 00a5 3B       		.uleb128 0x3b
 756 00a6 0B       		.uleb128 0xb
 757 00a7 27       		.uleb128 0x27
 758 00a8 19       		.uleb128 0x19
 759 00a9 49       		.uleb128 0x49
 760 00aa 13       		.uleb128 0x13
 761 00ab 11       		.uleb128 0x11
 762 00ac 01       		.uleb128 0x1
 763 00ad 12       		.uleb128 0x12
 764 00ae 06       		.uleb128 0x6
 765 00af 40       		.uleb128 0x40
 766 00b0 18       		.uleb128 0x18
 767 00b1 9742     		.uleb128 0x2117
 768 00b3 19       		.uleb128 0x19
 769 00b4 00       		.byte	0
 770 00b5 00       		.byte	0
 771 00b6 00       		.byte	0
 772              		.section	.debug_loc,"",%progbits
 773              	.Ldebug_loc0:
 774              	.LLST0:
 775 0000 00000000 		.4byte	.LVL0
 776 0004 0C000000 		.4byte	.LVL1
 777 0008 0100     		.2byte	0x1
 778 000a 50       		.byte	0x50
 779 000b 0C000000 		.4byte	.LVL1
 780 000f 1C000000 		.4byte	.LFE0
 781 0013 0400     		.2byte	0x4
 782 0015 F3       		.byte	0xf3
 783 0016 01       		.uleb128 0x1
 784 0017 50       		.byte	0x50
 785 0018 9F       		.byte	0x9f
ARM GAS  C:\Users\victo\AppData\Local\Temp\ccEyqqSe.s 			page 32


 786 0019 00000000 		.4byte	0
 787 001d 00000000 		.4byte	0
 788              	.LLST1:
 789 0021 00000000 		.4byte	.LVL2
 790 0025 0E000000 		.4byte	.LVL5
 791 0029 0100     		.2byte	0x1
 792 002b 50       		.byte	0x50
 793 002c 0E000000 		.4byte	.LVL5
 794 0030 20000000 		.4byte	.LFE2
 795 0034 0400     		.2byte	0x4
 796 0036 F3       		.byte	0xf3
 797 0037 01       		.uleb128 0x1
 798 0038 50       		.byte	0x50
 799 0039 9F       		.byte	0x9f
 800 003a 00000000 		.4byte	0
 801 003e 00000000 		.4byte	0
 802              	.LLST2:
 803 0042 00000000 		.4byte	.LVL2
 804 0046 0A000000 		.4byte	.LVL3
 805 004a 0100     		.2byte	0x1
 806 004c 51       		.byte	0x51
 807 004d 0A000000 		.4byte	.LVL3
 808 0051 20000000 		.4byte	.LFE2
 809 0055 0400     		.2byte	0x4
 810 0057 F3       		.byte	0xf3
 811 0058 01       		.uleb128 0x1
 812 0059 51       		.byte	0x51
 813 005a 9F       		.byte	0x9f
 814 005b 00000000 		.4byte	0
 815 005f 00000000 		.4byte	0
 816              	.LLST3:
 817 0063 0C000000 		.4byte	.LVL4
 818 0067 12000000 		.4byte	.LVL6
 819 006b 0500     		.2byte	0x5
 820 006d 75       		.byte	0x75
 821 006e 00       		.sleb128 0
 822 006f 37       		.byte	0x37
 823 0070 1A       		.byte	0x1a
 824 0071 9F       		.byte	0x9f
 825 0072 12000000 		.4byte	.LVL6
 826 0076 20000000 		.4byte	.LFE2
 827 007a 0100     		.2byte	0x1
 828 007c 53       		.byte	0x53
 829 007d 00000000 		.4byte	0
 830 0081 00000000 		.4byte	0
 831              		.section	.debug_aranges,"",%progbits
 832 0000 3C000000 		.4byte	0x3c
 833 0004 0200     		.2byte	0x2
 834 0006 00000000 		.4byte	.Ldebug_info0
 835 000a 04       		.byte	0x4
 836 000b 00       		.byte	0
 837 000c 0000     		.2byte	0
 838 000e 0000     		.2byte	0
 839 0010 00000000 		.4byte	.LFB0
 840 0014 1C000000 		.4byte	.LFE0-.LFB0
 841 0018 00000000 		.4byte	.LFB1
 842 001c 18000000 		.4byte	.LFE1-.LFB1
ARM GAS  C:\Users\victo\AppData\Local\Temp\ccEyqqSe.s 			page 33


 843 0020 00000000 		.4byte	.LFB2
 844 0024 20000000 		.4byte	.LFE2-.LFB2
 845 0028 00000000 		.4byte	.LFB3
 846 002c 10000000 		.4byte	.LFE3-.LFB3
 847 0030 00000000 		.4byte	.LFB4
 848 0034 04000000 		.4byte	.LFE4-.LFB4
 849 0038 00000000 		.4byte	0
 850 003c 00000000 		.4byte	0
 851              		.section	.debug_ranges,"",%progbits
 852              	.Ldebug_ranges0:
 853 0000 00000000 		.4byte	.LFB0
 854 0004 1C000000 		.4byte	.LFE0
 855 0008 00000000 		.4byte	.LFB1
 856 000c 18000000 		.4byte	.LFE1
 857 0010 00000000 		.4byte	.LFB2
 858 0014 20000000 		.4byte	.LFE2
 859 0018 00000000 		.4byte	.LFB3
 860 001c 10000000 		.4byte	.LFE3
 861 0020 00000000 		.4byte	.LFB4
 862 0024 04000000 		.4byte	.LFE4
 863 0028 00000000 		.4byte	0
 864 002c 00000000 		.4byte	0
 865              		.section	.debug_line,"",%progbits
 866              	.Ldebug_line0:
 867 0000 ED000000 		.section	.debug_str,"MS",%progbits,1
 867      02006800 
 867      00000201 
 867      FB0E0D00 
 867      01010101 
 868              	.LASF15:
 869 0000 72656733 		.ascii	"reg32\000"
 869      3200
 870              	.LASF21:
 871 0006 6D61736B 		.ascii	"maskVal\000"
 871      56616C00 
 872              	.LASF24:
 873 000e 50445353 		.ascii	"PDSS_PORT0_SAR_CLK_GetFractionalDividerRegister\000"
 873      5F504F52 
 873      54305F53 
 873      41525F43 
 873      4C4B5F47 
 874              	.LASF12:
 875 003e 666C6F61 		.ascii	"float\000"
 875      7400
 876              	.LASF1:
 877 0044 756E7369 		.ascii	"unsigned char\000"
 877      676E6564 
 877      20636861 
 877      7200
 878              	.LASF23:
 879 0052 50445353 		.ascii	"PDSS_PORT0_SAR_CLK_GetDividerRegister\000"
 879      5F504F52 
 879      54305F53 
 879      41525F43 
 879      4C4B5F47 
 880              	.LASF26:
 881 0078 2E5C4765 		.ascii	".\\Generated_Source\\PSoC4\\PDSS_PORT0_SAR_CLK.c\000"
ARM GAS  C:\Users\victo\AppData\Local\Temp\ccEyqqSe.s 			page 34


 881      6E657261 
 881      7465645F 
 881      536F7572 
 881      63655C50 
 882              	.LASF5:
 883 00a6 6C6F6E67 		.ascii	"long unsigned int\000"
 883      20756E73 
 883      69676E65 
 883      6420696E 
 883      7400
 884              	.LASF16:
 885 00b8 50445353 		.ascii	"PDSS_PORT0_SAR_CLK_StartEx\000"
 885      5F504F52 
 885      54305F53 
 885      41525F43 
 885      4C4B5F53 
 886              	.LASF3:
 887 00d3 73686F72 		.ascii	"short unsigned int\000"
 887      7420756E 
 887      7369676E 
 887      65642069 
 887      6E7400
 888              	.LASF17:
 889 00e6 50445353 		.ascii	"PDSS_PORT0_SAR_CLK_SetFractionalDividerRegister\000"
 889      5F504F52 
 889      54305F53 
 889      41525F43 
 889      4C4B5F53 
 890              	.LASF19:
 891 0116 636C6B44 		.ascii	"clkDivider\000"
 891      69766964 
 891      657200
 892              	.LASF13:
 893 0121 646F7562 		.ascii	"double\000"
 893      6C6500
 894              	.LASF22:
 895 0128 72656756 		.ascii	"regVal\000"
 895      616C00
 896              	.LASF18:
 897 012f 616C6967 		.ascii	"alignClkDiv\000"
 897      6E436C6B 
 897      44697600 
 898              	.LASF20:
 899 013b 636C6B46 		.ascii	"clkFractional\000"
 899      72616374 
 899      696F6E61 
 899      6C00
 900              	.LASF10:
 901 0149 75696E74 		.ascii	"uint16\000"
 901      313600
 902              	.LASF11:
 903 0150 75696E74 		.ascii	"uint32\000"
 903      333200
 904              	.LASF8:
 905 0157 756E7369 		.ascii	"unsigned int\000"
 905      676E6564 
 905      20696E74 
ARM GAS  C:\Users\victo\AppData\Local\Temp\ccEyqqSe.s 			page 35


 905      00
 906              	.LASF7:
 907 0164 6C6F6E67 		.ascii	"long long unsigned int\000"
 907      206C6F6E 
 907      6720756E 
 907      7369676E 
 907      65642069 
 908              	.LASF25:
 909 017b 474E5520 		.ascii	"GNU C 4.9.3 20150303 (release) [ARM/embedded-4_9-br"
 909      4320342E 
 909      392E3320 
 909      32303135 
 909      30333033 
 910 01ae 616E6368 		.ascii	"anch revision 221220] -mcpu=cortex-m0 -mthumb -g -O"
 910      20726576 
 910      6973696F 
 910      6E203232 
 910      31323230 
 911 01e1 73202D66 		.ascii	"s -ffunction-sections -finline-functions -flto -ffa"
 911      66756E63 
 911      74696F6E 
 911      2D736563 
 911      74696F6E 
 912 0214 742D6C74 		.ascii	"t-lto-objects -fno-strict-aliasing\000"
 912      6F2D6F62 
 912      6A656374 
 912      73202D66 
 912      6E6F2D73 
 913              	.LASF27:
 914 0237 433A5C55 		.ascii	"C:\\Users\\victo\\OneDrive\\Documents\\PSoC Creator"
 914      73657273 
 914      5C766963 
 914      746F5C4F 
 914      6E654472 
 915 0265 5C435950 		.ascii	"\\CYPD4225-40LQXI_0805\\CYPD4225-40LQXI_notebook01."
 915      44343232 
 915      352D3430 
 915      4C515849 
 915      5F303830 
 916 0296 63796473 		.ascii	"cydsn\000"
 916      6E00
 917              	.LASF6:
 918 029c 6C6F6E67 		.ascii	"long long int\000"
 918      206C6F6E 
 918      6720696E 
 918      7400
 919              	.LASF14:
 920 02aa 63686172 		.ascii	"char\000"
 920      00
 921              	.LASF2:
 922 02af 73686F72 		.ascii	"short int\000"
 922      7420696E 
 922      7400
 923              	.LASF9:
 924 02b9 75696E74 		.ascii	"uint8\000"
 924      3800
 925              	.LASF4:
ARM GAS  C:\Users\victo\AppData\Local\Temp\ccEyqqSe.s 			page 36


 926 02bf 6C6F6E67 		.ascii	"long int\000"
 926      20696E74 
 926      00
 927              	.LASF28:
 928 02c8 50445353 		.ascii	"PDSS_PORT0_SAR_CLK_Stop\000"
 928      5F504F52 
 928      54305F53 
 928      41525F43 
 928      4C4B5F53 
 929              	.LASF0:
 930 02e0 7369676E 		.ascii	"signed char\000"
 930      65642063 
 930      68617200 
 931              		.comm	__gnu_lto_v1,1,1
 932              		.ident	"GCC: (GNU Tools for ARM Embedded Processors) 4.9.3 20150303 (release) [ARM/embedded-4_9-br
