ARM GAS  C:\Users\victo\AppData\Local\Temp\cc8RS5OF.s 			page 1


   1              		.cpu cortex-m0
   2              		.fpu softvfp
   3              		.eabi_attribute 20, 1
   4              		.eabi_attribute 21, 1
   5              		.eabi_attribute 23, 3
   6              		.eabi_attribute 24, 1
   7              		.eabi_attribute 25, 1
   8              		.eabi_attribute 26, 1
   9              		.eabi_attribute 30, 4
  10              		.eabi_attribute 34, 0
  11              		.eabi_attribute 18, 4
  12              		.code	16
  13              		.file	"PDSS_PORT1_TX_CLK.c"
  14              		.text
  15              	.Ltext0:
  16              		.section	.gnu.lto_.profile.91bca90a,"",%progbits
  17 0000 789C6366 		.ascii	"x\234cf```a\200\000F\0069I\000\000\311\000@"
  17      60606061 
  17      80004606 
  17      39490000 
  17      C90040
  18              		.text
  19              		.section	.gnu.lto_.jmpfuncs.91bca90a,"",%progbits
  20 0000 789C6366 		.ascii	"x\234cf\300\016\304\2414+\003##c=#\003\003\023\023#"
  20      C00EC4A1 
  20      342B0323 
  20      23633D23 
  20      03031313 
  21 0015 23737D3D 		.ascii	"#s}=3\003\003\013P\030\000\026R\001\261"
  21      3303030B 
  21      50180016 
  21      5201B1
  22              		.text
  23              		.section	.gnu.lto_.inline.91bca90a,"",%progbits
  24 0000 789C6D8B 		.ascii	"x\234m\213\273\025\2000\014\003eG\201\020\012FH\303"
  24      BB158030 
  24      0C036547 
  24      81100A46 
  24      48C3
  25 0012 631C3662 		.ascii	"c\0346b\007J\312\314\301\024\214\204\375\3705\250\261"
  25      074ACACC 
  25      C1148C84 
  25      FDF835A8 
  25      B1
  26 0023 ADF305FC 		.ascii	"\255\363\005\374g\271g\004\272I\004\002\204\264oDS\213"
  26      67B96704 
  26      BA490402 
  26      84B46F44 
  26      538B
  27 0035 82B5D0A9 		.ascii	"\202\265\320\251\240\035\005\372\001\213\242\317\242"
  27      A01D05FA 
  27      018BA2CF 
  27      A2
  28 0042 2E9806E6 		.ascii	".\230\006\346u\276\220\036\003]L\376\024\020i\242\235"
  28      75BE901E 
  28      035D4CFE 
  28      141069A2 
ARM GAS  C:\Users\victo\AppData\Local\Temp\cc8RS5OF.s 			page 2


  28      9D
  29 0053 AF4704B5 		.ascii	"\257G\004\265\312\266\247\301\011M\203\013\347"
  29      CAB6A7C1 
  29      094D830B 
  29      E7
  30              		.text
  31              		.section	.gnu.lto_.pureconst.91bca90a,"",%progbits
  32 0000 789C6366 		.ascii	"x\234cf``\340f\200\000V\006)F)&)f)\026\006\000\003\374"
  32      6060E066 
  32      80005606 
  32      29462926 
  32      29662916 
  33 0018 0086     		.ascii	"\000\206"
  34              		.text
  35              		.section	.gnu.lto_PDSS_PORT1_TX_CLK_StartEx.91bca90a,"",%progbits
  36 0000 789C6551 		.ascii	"x\234eQMh\023Q\020\236\357\275}\233\305\264 \336\354"
  36      4D681351 
  36      109EEFBD 
  36      7D9BC5B4 
  36      20DEEC
  37 0013 C94BE9C9 		.ascii	"\311K\351\311\242\340\315\203J\002\036\024\014\246\007"
  37      A2E0CD83 
  37      4A021E14 
  37      0CA607
  38 0022 0F81506A 		.ascii	"\017\201Pj\220ji\241\250\007/\276m\227\010\305C)T*\322"
  38      906A69A1 
  38      A8072FBE 
  38      6D9708C5 
  38      4329542A 
  39 0037 938A3F89 		.ascii	"\223\212?\211\211\266^\024\204m\240hAS<\330B\010\365"
  39      89B65E14 
  39      846DA068 
  39      41533CD8 
  39      4208F5
  40 004a 928A8288 		.ascii	"\222\212\202\210\321\320\022P\352L\326C\305\205\367"
  40      D1D01250 
  40      EA4CD643 
  40      C585F7
  41 0059 E6CDF07D 		.ascii	"\346\315\360}\337|3\253\351\377/\311\307(\242\243\034"
  41      DF7C33AB 
  41      E9FF2FC9 
  41      C728A2A3 
  41      1C
  42 006a E112D474 		.ascii	"\341\022\324t\225\310\367\024t\364\320\312\334|Md\367"
  42      95C8F714 
  42      74F4D0CA 
  42      DC7C4D64 
  42      F7
  43 007b 38418C6C 		.ascii	"8A\214l\227\211\352'\034@\"\201\256+m\034\360\035\351"
  43      9789EA27 
  43      1C402281 
  43      AE2B6D1C 
  43      F01DE9
  44 008e 7D514D85 		.ascii	"}QM\205\351\2600\027\357\273o\255\375\376c\305O\205"
  44      E9B03017 
  44      EFBB6FAD 
  44      FDFE63C5 
ARM GAS  C:\Users\victo\AppData\Local\Temp\cc8RS5OF.s 			page 3


  44      4F85
  45 00a0 6873879F 		.ascii	"hs\207\237*B\340\001\372\030\263\374\353[\330\255\017"
  45      2A42E001 
  45      FA18B3FC 
  45      EB5BD8AD 
  45      0F
  46 00b1 81F8FDA2 		.ascii	"\201\370\375\242\324z\027\377\254\332\012\007$}9\363"
  46      D47A17FF 
  46      ACDA0A07 
  46      247D39F3 
  47 00c1 66CE9554 		.ascii	"f\316\225T9\222\256\344K\267\335\336\273\326N\204\253"
  47      3992AEE4 
  47      4BB7DDDE 
  47      BBD64E84 
  47      AB
  48 00d2 0BF6B8D3 		.ascii	"\013\366\270\323V\032\017\241Y\017\217\320\203\307\350"
  48      561A0FA1 
  48      590F8FD0 
  48      83C7E8
  49 00e1 212E110A 		.ascii	"!.\021\012\350\025x3\370\275\036w\003n\2767\352\211"
  49      E8157833 
  49      F8BD1E77 
  49      036EBE37 
  49      EA89
  50 00f3 225C702C 		.ascii	"\"\\p,\357\013\355\316\316bqi\015\236b\212\243\371b"
  50      EF0BEDCE 
  50      CE627169 
  50      0D9E628A 
  50      A3F962
  51 0106 EF423492 		.ascii	"\357B4\222\273r\0215\230\304\3036\224\342\2407Y\232"
  51      BB721135 
  51      98C4C336 
  51      94E2A037 
  51      599A
  52 0118 47D53554 		.ascii	"G\3255T\266\246\326\226\265\250m+\231r\266^\250v\211"
  52      B6A6D696 
  52      B5A86D2B 
  52      9972B65E 
  52      A87689
  53 012b 4DD7DAC0 		.ascii	"M\327\332\300v\254~l\254\276\367:%\222t\351\325\324"
  53      76AC7E6C 
  53      ACBEF73A 
  53      259274E9 
  53      D5D4
  54 013d B579DCF1 		.ascii	"\265y\334\361\003^@\014O\330l\211\315\022\312\230\007"
  54      035E400C 
  54      4FD86C89 
  54      CD12CA98 
  54      07
  55 014e D530B171 		.ascii	"\3250\261q\243\276?\322\323,I\037\020\274\235\274\370"
  55      A3BE3FD2 
  55      D32C491F 
  55      10BC9DBC 
  55      F8
  56 015f B7B05BCD 		.ascii	"\267\260[\3150\347\2510I\334\031\342?\202M\266\312\366"
  56      30E7A930 
  56      49DC19E2 
ARM GAS  C:\Users\victo\AppData\Local\Temp\cc8RS5OF.s 			page 4


  56      3F824DB6 
  56      CAF6
  57 0171 6A98ACE7 		.ascii	"j\230\254\347\253\237L\3042\333\312a\342\275\331[E#"
  57      AB9F4CC4 
  57      32DBCA61 
  57      E2BDD95B 
  57      4523
  58 0183 44CF233C 		.ascii	"D\317#<c\"\243Z\371\257\261\010$8\006\265\212\315\347"
  58      6322A35A 
  58      F9AFB108 
  58      243806B5 
  58      8ACDE7
  59 0196 DD02722A 		.ascii	"\335\002r*\274+\006.t\200\225\231f\371\230\000w\373"
  59      BC2B062E 
  59      74809599 
  59      66F99800 
  59      77FB
  60 01a8 F743F3EF 		.ascii	"\367C\363\357\004\213<\001+\321\006\374p\275\323<\362"
  60      048B3C01 
  60      2BD106FC 
  60      70BDD33C 
  60      F2
  61 01b9 06F6C4EB 		.ascii	"\006\366\304\353;\330\2379\231\033\315\215\017^\316"
  61      3BD89F39 
  61      991BCD8D 
  61      0F5ECE
  62 01c8 9DCFA6C7 		.ascii	"\235\317\246\307\256\214\017\3452\251\364X\342H&\225"
  62      AE8C0FE5 
  62      32A9F458 
  62      E2482695 
  63 01d8 4CA7B3A9 		.ascii	"L\247\263\2513g\007\016g\007\316e\023\247O\365\017Q"
  63      3367070E 
  63      6707CE65 
  63      13A74FF5 
  63      0F51
  64 01ea 7C7064F8 		.ascii	"|pd\370\302hb\344Rr\370\352\037W\011\314="
  64      C26862E4 
  64      5272F8EA 
  64      1F5709CC 
  64      3D
  65              		.text
  66              		.section	.gnu.lto_PDSS_PORT1_TX_CLK_Stop.91bca90a,"",%progbits
  67 0000 789C6590 		.ascii	"x\234e\220\275KBQ\030\306\337\367\334{UR(\232\314\177"
  67      BD4B4251 
  67      18C6DFF7 
  67      DC7B5552 
  67      289ACC7F 
  68 0014 C0292368 		.ascii	"\300)#h\210\266Pp(H\272\016\015\302%\354.\015\011RK"
  68      88B65070 
  68      2848BA0E 
  68      0DC225EC 
  68      2E0D0952 
  69 0029 4BE7D68D 		.ascii	"K\347\326\215@\032j\010\202t\354\323>\206\206\246\340"
  69      401A6A08 
  69      8274ECD3 
  69      3E8686A6 
  69      E0
ARM GAS  C:\Users\victo\AppData\Local\Temp\cc8RS5OF.s 			page 5


  70 003a E6D21246 		.ascii	"\346\322\022FC\010\"\266h\0304x\013\212;\204\275\247"
  70      430822B6 
  70      68183478 
  70      0B8A3B84 
  70      BDA7
  71 004c DB6074E0 		.ascii	"\333`t\340|\275\347y\237\347\307\221\340\377\210\321"
  71      7CBDE779 
  71      9FE7C791 
  71      E0FF88D1 
  72 005c 4C23C010 		.ascii	"L#\300\020\355\350\001d[e\000\303\307Pr\017\022S6o\001"
  72      EDE80164 
  72      5B6500C3 
  72      C750720F 
  72      1253366F 
  73 0071 788F6C7A 		.ascii	"x\217lz\201\007\024\267>.#\212\035\020V\230\244\310"
  73      810714B7 
  73      3E2E238A 
  73      1D105698 
  73      A4C8
  74 0083 48ABEBF7 		.ascii	"H\253\353\367\302l\206[Vq\327\037\336\347\234\267\337"
  74      C26C865B 
  74      5671D71F 
  74      DEE79CB7 
  74      DF
  75 0094 AE82EB41 		.ascii	"\256\202\353A\207\001\2743W\200\207\030\006\322\330"
  75      8701BC33 
  75      57808718 
  75      06D2D8
  76 00a3 E657C5EF 		.ascii	"\346W\305\3571I\323\347\276\341\021z\010\004.\372-\336"
  76      3149D3E7 
  76      BEE1117A 
  76      08042EFA 
  76      2DDE
  77 00b5 E95C36B6 		.ascii	"\351\\6\266[c\2500p\010\205\026R4h\022D\203\316\246"
  77      5B63A830 
  77      70088516 
  77      52346812 
  77      4483CEA6 
  78 00c9 576A5222 		.ascii	"WjR\"!HU,}\344\236\363\243\242\375\223\211\364\235Z"
  78      2148552C 
  78      7DE49EF3 
  78      A3A2FD93 
  78      89F49D5A 
  79 00dd B11C6831 		.ascii	"\261\034h1\207I\234\233\\\026aO\215\373\007\337O\011"
  79      87499C9B 
  79      5C16614F 
  79      8DFB07DF 
  79      4F09
  80 00ef C4F5E63A 		.ascii	"\304\365\346:\267\\\300=\303D\207\311x\214!<\301\020"
  80      B75CC03D 
  80      C34487C9 
  80      788C213C 
  80      C110
  81 0101 1114B180 		.ascii	"\021\024\261\200P\305\325\372Fm\300\365\223\310\022"
  81      50C5D5FA 
  81      466DC0F5 
  81      93C812
ARM GAS  C:\Users\victo\AppData\Local\Temp\cc8RS5OF.s 			page 6


  82 0110 1ED1BC5B 		.ascii	"\036\321\274[\233\377-t\273\021\020\236\212N\020t\012"
  82      9BFF2D74 
  82      BB11109E 
  82      8A4E1074 
  82      0A
  83 0121 D04F6193 		.ascii	"\320Oa\223\311\002\217\260\332\355W\333+\272\272\023"
  83      C9028FB0 
  83      DAED57DB 
  83      2BBABA13 
  84 0131 0D4BF99B 		.ascii	"\015K\371\233yF\231$8\260\363\325^\341\211%\372\022"
  84      79469924 
  84      38B0F3D5 
  84      5EE18925 
  84      FA12
  85 0143 19F09C5E 		.ascii	"\031\360\234^\353hX\225\270\260p\023\220\234)s0\222"
  85      EB685895 
  85      B8B07013 
  85      909C2973 
  85      3092
  86 0155 8AEB0B7A 		.ascii	"\212\353\013zvvQ\237\323\324\314R6\255\247\022j&:\222"
  86      7676519F 
  86      D3D4CC52 
  86      36ADA712 
  86      6A263A92 
  87 0169 4AC45455 		.ascii	"J\304TUKLM'\207\265\344\214\026\235\234\210\244\341"
  87      4B4C4D27 
  87      87B5E48C 
  87      169D9C88 
  87      A4E1
  88 017b 1B4C1791 		.ascii	"\033L\027\221\315"
  88      CD
  89              		.text
  90              		.section	.gnu.lto_PDSS_PORT1_TX_CLK_SetFractionalDividerRegister.91bca90a,"",%progbits
  91 0000 789C7552 		.ascii	"x\234uRkHSa\030\376\336\357lgg\227B\372e\373S C\202"
  91      6B485361 
  91      18FEDEEF 
  91      6C676797 
  91      42FA65FB 
  92 0018 B2827E04 		.ascii	"\262\202~\004A\004J\321\005\262&\326\217\301\030s\204"
  92      41044AD1 
  92      05B226D6 
  92      8FC11873 
  92      84
  93 0029 788365FD 		.ascii	"x\203e\375\365L\347\012\221\220\201\245\206]0\311[j"
  93      F54CE70A 
  93      919081A5 
  93      865D30C9 
  93      5B6A
  94 003b DA45EDCF 		.ascii	"\332E\355\317\222@A4\244P2\233\346%\212\2022\207s\240"
  94      92404134 
  94      A450329B 
  94      E6258A82 
  94      328773A0 
  95 004f ACF7FD3E 		.ascii	"\254\367\375>\255$:p\276\357}\237\363>\317{;\012\373"
  95      AD243A70 
  95      BEEF7D9F 
  95      F33ECF7B 
ARM GAS  C:\Users\victo\AppData\Local\Temp\cc8RS5OF.s 			page 7


  95      3B0AFB
  96 0062 F7B1E39B 		.ascii	"\367\261\343\233\2470v\001oP\030\360\2321\306\002\032"
  96      A7307601 
  96      6F5018F0 
  96      9A31C602 
  96      1A
  97 0073 07208301 		.ascii	"\007 \203\001+\343P\006_\370\022\207\232H{\2355\275"
  97      2BE35006 
  97      5FF81287 
  97      9A487B9D 
  97      35BD
  98 0085 59D7F51F 		.ascii	"Y\327\365\037s\343\251\225\251\011\316\3302\2272\360"
  98      73E3A995 
  98      A909CED8 
  98      329732F0 
  99 0095 10D23164 		.ascii	"\020\3221d\365\323\324-\263r\000\030\332#s\253\313\266"
  99      F5D3D42D 
  99      B3720018 
  99      DA2373AB 
  99      CBB6
 100 00a7 CF3CC121 		.ascii	"\317<\301!\205\334\206\311\305\230B.\347\344\326\266"
 100      85DC86C9 
 100      C598422E 
 100      E7E4D6B6 
 101 00b7 BCF9C81D 		.ascii	"\274\371\310\035M\272^\036Y\353\326\217!\256@\013(\250"
 101      4DBA5E1E 
 101      59EBD68F 
 101      21AE400B 
 101      28A8
 102 00c9 07AD6087 		.ascii	"\007\255`\2076\2603\204\030\264\203\203\264\252;\314"
 102      36B03384 
 102      18B48383 
 102      B4AA3BCC 
 103 00d9 CA1121BB 		.ascii	"\312\021!\273\366\256\346\256&\211w\346\215X\204\001"
 103      F6AEE6AE 
 103      268977E6 
 103      8D588401 
 104 00e9 3A246FAF 		.ascii	":$o\257\035\366\020\313\300\340\0218(vr\"\\ePN\012^"
 104      1DF610CB 
 104      C0E01138 
 104      28767222 
 104      5C65504E 
 105 00ff 7F676CD4 		.ascii	"\177gl\324*\312\331M\356@x\270N\025\345\030\310m\235"
 105      2ACAD94D 
 105      EE4078B8 
 105      4E15E518 
 105      C86D9D
 106 0112 19FD6E48 		.ascii	"\031\375nH\273\217\252\263u\225C6}X\017\316&\223\273"
 106      BB8FAAB3 
 106      75954336 
 106      7D580FCE 
 106      2693BB
 107 0125 12DC089D 		.ascii	"\022\334\010\235R\275\013\253\352\006\373\306\330\220"
 107      52BD0BAB 
 107      EA06FBC6 
 107      D890
 108 0133 52DDB3D8 		.ascii	"R\335\263\330gQ\316\011\361Hw\365<\027\364{\365\315"
ARM GAS  C:\Users\victo\AppData\Local\Temp\cc8RS5OF.s 			page 8


 108      6751CE09 
 108      F14877F5 
 108      3C17F47B 
 108      F5CD
 109 0145 EA5FE49E 		.ascii	"\352_\344\236\377\220\227\202\353\223V5\210\263L\201"
 109      FF909782 
 109      EB935635 
 109      88B34C81 
 110 0155 C79006BD 		.ascii	"\307\220\006\275\220&g\011O@\005\306\370&\332\265#\242"
 110      90266709 
 110      4F4005C6 
 110      F826DAB5 
 110      23A2
 111 0167 2793CB43 		.ascii	"'\223\313C\341\341\375|;\307\356T\034\012~3\000\215"
 111      E1E1FD7C 
 111      3BC7EE54 
 111      1C0A7E33 
 111      008D
 112 0179 C648804A 		.ascii	"\306H\200J\207\211\016\015\250s3\231\026:\254t\330\230"
 112      87890E0D 
 112      A8733399 
 112      163AAC74 
 112      D898
 113 018b 50670B28 		.ascii	"Pg\013(O;]\304\005\340\255L\301\340J\325J\353Q\312\030"
 113      4F3B5DC4 
 113      05E0AD4C 
 113      C1E04AD5 
 113      4AEB51CA 
 114 01a0 E7B4E057 		.ascii	"\347\264\340W\215\357+\304\306L\327CA]\314ef\341\365"
 114      8DEF2BC4 
 114      C64CD743 
 114      415DCC65 
 114      66E1F5
 115 01b3 B8262051 		.ascii	"\270& Q\366\207\372\362A[#\334\016\004!\3015x\212m="
 115      F687FAF2 
 115      415B23DC 
 115      0E0421C1 
 115      35788A6D 
 116 01c8 A3B6E039 		.ascii	"\243\266\34094\002\233\202\212\325\3207\220\202\212"
 116      34029B82 
 116      8AD5D037 
 116      90828A
 117 01d7 D48C37CD 		.ascii	"\324\2147\315~\005\022\300\012\241\017c'\200\213\036"
 117      7E0512C0 
 117      0AA10F63 
 117      27808B1E 
 118 01e7 B1070C42 		.ascii	"\261\007\014BNy\364\332D[\256$\031\343\270\016\224\231"
 118      4E79F4DA 
 118      445BAE24 
 118      19E3B80E 
 118      9499
 119 01f9 0E4DEF94 		.ascii	"\016M\357\224\010\201(\363\240\366f\207\221d\314\032"
 119      088128F3 
 119      A0F66687 
 119      9164CC1A 
 120 0209 837E94C1 		.ascii	"\203~\224\301\240Xh\254\315%\243L\"\237*\325\242\233"
 120      A05868AC 
ARM GAS  C:\Users\victo\AppData\Local\Temp\cc8RS5OF.s 			page 9


 120      CD25A34C 
 120      229F2AD5 
 120      A29B
 121 021b 6AE638D7 		.ascii	"j\3468\327\244\332\333\215\242,\010\202\303.+\215m\244"
 121      A4DADB8D 
 121      A22C0882 
 121      C32E2B8D 
 121      6DA4
 122 022d B0228E29 		.ascii	"\260\"\216)n\2144\274\024?\250\232\004\006\003\177r"
 122      6E8C34BC 
 122      143FA89A 
 122      0406037F 
 122      72
 123 023e 1C966136 		.ascii	"\034\226a6\221\306\372\273\201^j\300\206A\203\341\245"
 123      91C6FABB 
 123      815E6AC0 
 123      864183E1 
 123      A5
 124 024f E84F1361 		.ascii	"\350O\023a[&\024\210\030\267\316\350\005\316\210\030"
 124      5B261488 
 124      18B7CEE8 
 124      05CE8818 
 125 025f 510844D6 		.ascii	"Q\010D\326OQ<\375\014\013\034h\035\270\234}\031\256"
 125      4F513CFD 
 125      0C0B1C68 
 125      1DB89C7D 
 125      19AE
 126 0271 13BE629F 		.ascii	"\023\276b\237\337S\352\313s;K\256\370\275>W\266\263"
 126      DF53EACB 
 126      733B4BAE 
 126      F8BD3E57 
 126      B6B3
 127 0283 24F3902B 		.ascii	"$\363\220+;\313\351tg\237=\237s\320\235s\321\235y\346"
 127      3BCBE974 
 127      679F3D9F 
 127      73D09D73 
 127      D19D79E6 
 128 0297 74869759 		.ascii	"t\206\227Y\274\205\005Y\371W\363\363|\376mh\036\367"
 128      BC850559 
 128      F957F3F3 
 128      7CFE6D68 
 128      1EF7
 129 02a9 7BBCA5F9 		.ascii	"{\274\245\371%\305\236BS\221\347rA\256\247P\365\373"
 129      25C59E42 
 129      5391E772 
 129      41AEA750 
 129      F5FB
 130 02bb 2EE1F50B 		.ascii	".\341\365\013\301\305G\205"
 130      C1C54785 
 131              		.text
 132              		.section	.gnu.lto_PDSS_PORT1_TX_CLK_GetDividerRegister.91bca90a,"",%progbits
 133 0000 789C658E 		.ascii	"x\234e\216MK\002Q\024\206\31793\016R.\244\245\177\300"
 133      4D4B0251 
 133      1486CF39 
 133      330E522E 
 133      A4A57FC0 
 134 0014 554611B4 		.ascii	"UF\021\264hi\320\242 i\\\264\030\230\302f\233 \265v"
ARM GAS  C:\Users\victo\AppData\Local\Temp\cc8RS5OF.s 			page 10


 134      6869D0A2 
 134      20695CB4 
 134      1898C266 
 134      9B20B576 
 135 0028 1C079356 		.ascii	"\034\007\223V\021\025} \264(\372\262\351\007\264\011"
 135      11157D20 
 135      B428FAB2 
 135      E907B409 
 136 0038 6917186D 		.ascii	"i\027\030m\024\014'\020\205\332%#\225\213\260{\264]"
 136      140C2710 
 136      85DA2523 
 136      958BB07B 
 136      B45D
 137 004a 17CE3DF7 		.ascii	"\027\316=\367\275\367\275\357y$\370\277B\242\246\020"
 137      BDF7BDEF 
 137      7924F8BF 
 137      42A2A610 
 138 005a 604C7494 		.ascii	"`Lt\224\000i\273\014\220\361\023\"\037\000!M\230\306"
 138      0069BB0C 
 138      90F11322 
 138      1F00214D 
 138      98C6
 139 006c 776A133E 		.ascii	"wj\023>6\276\275\300\033u\011\202 \344Q\265\325\221"
 139      36BEBDC0 
 139      1B750982 
 139      20E451B5 
 139      D591
 140 007e 5822B1BC 		.ascii	"X\"\261\274\363\312\015%|f\232\326\207U_>\330=\301."
 140      F3CA0D25 
 140      7C669AD6 
 140      87555F3E 
 140      D83DC12E 
 141 0092 11780478 		.ascii	"\021x\004x\216!\274@\036\204\227\030fo\333\376\251\016"
 141      8E21BC40 
 141      1E849718 
 141      666FDBFE 
 141      A90E
 142 00a4 2BB6699A 		.ascii	"+\266i\232Av\210\207+T\004\004\334\216\334\233\275\236"
 142      41768887 
 142      2B540404 
 142      DC8EDC9B 
 142      BD9E
 143 00b6 D7D9C94F 		.ascii	"\327\331\311O\223\217\240K\222\304\233\014\234\005M"
 143      938FA04B 
 143      92C49B0C 
 143      9C054D
 144 00c5 514CD512 		.ascii	"QL\325\022Bt\251\206\245\317\255\212\243\361\357/b\304"
 144      4274A986 
 144      A5CFAD8A 
 144      A3F1EF2F 
 144      62C4
 145 00d7 87C24BB6 		.ascii	"\207\302K\266\217(\347s\266)\363\254\327\346\323\263"
 145      8F28E773 
 145      B629F3AC 
 145      D7E6D3B3 
 146 00e7 BF7F052C 		.ascii	"\277\177\005,\353\207V)P\300\343\214-\370|x-\330\212"
 146      EB875629 
ARM GAS  C:\Users\victo\AppData\Local\Temp\cc8RS5OF.s 			page 11


 146      50C0E38C 
 146      2DF87C78 
 146      2DD88A
 147 00fa CC863758 		.ascii	"\314\2067X@\250a\326\315\271\316\304 Q\032\204\236\356"
 147      40A861D6 
 147      CDB9CEC4 
 147      20511A84 
 147      9EEE
 148 010c ED177D9C 		.ascii	"\355\027}\234\240\370\001\035a\256\241\345nV\234\241"
 148      A0F8011D 
 148      61AEA1E5 
 148      6E569CA1 
 149 011c 814B1646 		.ascii	"\201K\026Fp\021\377\0240'2\237\240\035\215h\263\306"
 149      7011FF14 
 149      3027329F 
 149      A01D8D68 
 149      B3C6
 150 012e 9A915A59 		.ascii	"\232\221ZY7Vu5\271\221J\030ZLMF'\265\330\214\252\352"
 150      37567535 
 150      B9914A18 
 150      5A4C4D46 
 150      27B5D88C 
 151 0144 B185C5F8 		.ascii	"\261\205\305\370\270\036_\322\243\363s\221\004\374\002"
 151      B81E5FD2 
 151      A3F37391 
 151      04FC02
 152 0153 ACE77FAD 		.ascii	"\254\347\177\255"
 153              		.text
 154              		.section	.gnu.lto_PDSS_PORT1_TX_CLK_GetFractionalDividerRegister.91bca90a,"",%progbits
 155 0000 789C6366 		.ascii	"x\234cf\300\004R@<\001\210\365\201\230\221\231\201\221"
 155      C0045240 
 155      3C0188F5 
 155      81989199 
 155      8191
 156 0012 69C23906 		.ascii	"i\3029\006\206F\016&FF\020\203\201\221\241\236\211\261"
 156      86460E26 
 156      46461083 
 156      8191A19E 
 156      89B1
 157 0024 9EF125D3 		.ascii	"\236\361%\323G&\3063;\377]fT_\332\320\320\364\341\321"
 157      4726C633 
 157      3BFF5D66 
 157      545FDAD0 
 157      D0F4E1D1 
 158 0038 C73BDCAD 		.ascii	"\307;\334\255\022?\231\030\030>310\352H1j\202\314a\\"
 158      123F9918 
 158      183E3331 
 158      30EA4831 
 158      6A82CC61 
 159 004d CEA8CE00 		.ascii	"\316\250\316\000T\370\261\345\357un\266\226\206\206"
 159      54F8B1E5 
 159      EF756EB6 
 159      968686
 160 005c 0601903C 		.ascii	"\006\001\220<Pb\005#\033#\220^/t\240\341\377\377\317"
 160      50620523 
 160      1B23905E 
 160      2F74A0E1 
ARM GAS  C:\Users\victo\AppData\Local\Temp\cc8RS5OF.s 			page 12


 160      FFFFCF
 161 006f C727BF50 		.ascii	"\307'\277Pg\006\212?\001b\220-O\231\230@4\363=\306\306"
 161      67068A3F 
 161      0162902D 
 161      4F999840 
 161      34F33DC6 
 162 0084 03BBCF31 		.ascii	"\003\273\3171\201T\003M\271\377\344\374E\216\027L?\301"
 162      8154034D 
 162      B9FFE4FC 
 162      458E174C 
 162      3FC1
 163 0096 06AC6404 		.ascii	"\006\254d\004Y\360\204\211\021\244\020(\242\253\027"
 163      59F08489 
 163      11A41028 
 163      A2AB17
 164 00a5 E39E9A97 		.ascii	"\343\236\232\227Z\224X\222\232\022\037\234_Z\224\234"
 164      5A945892 
 164      9A121F9C 
 164      5F5A949C 
 165 00b5 1A13109C 		.ascii	"\032\023\020\234\357l\022\023\340\022\034\034\037\340"
 165      EF6C1213 
 165      E0121C1C 
 165      1FE0
 166 00c3 1F146218 		.ascii	"\037\024b\030\037\022\021\357\354\343\255\227\314\000"
 166      1F1211EF 
 166      ECE3AD97 
 166      CC00
 167 00d1 006A6A45 		.ascii	"\000jjE\""
 167      22
 168              		.text
 169              		.section	.gnu.lto_.symbol_nodes.91bca90a,"",%progbits
 170 0000 789C55C7 		.ascii	"x\234U\3071\021\000 \014\004\301\313\207\002}\030z\013"
 170      31110020 
 170      0C04C1CB 
 170      87027D18 
 170      7A0B
 171 0012 28605084 		.ascii	"(`P\204&\032\012\262\335&0x\204a\036\260Y\273\243p\224"
 171      261A0AB2 
 171      DD263078 
 171      84611EB0 
 171      59BBA370 
 172 0027 CB2A4F67 		.ascii	"\313*Ogys\373\317\005lA\025\031"
 172      7973FBCF 
 172      056C4115 
 172      19
 173              		.text
 174              		.section	.gnu.lto_.refs.91bca90a,"",%progbits
 175 0000 789C6366 		.ascii	"x\234cf```d\200\002\000\000=\000\005"
 175      60606064 
 175      80020000 
 175      3D0005
 176              		.text
 177              		.section	.gnu.lto_.decls.91bca90a,"",%progbits
 178 0000 789C8D54 		.ascii	"x\234\215T]L\034U\024\276gf\177\330a\213}\332*\361a"
 178      5D4C1C55 
 178      14BE6766 
 178      7FD8618B 
ARM GAS  C:\Users\victo\AppData\Local\Temp\cc8RS5OF.s 			page 13


 178      7DDA2AF1 
 179 0015 490CD104 		.ascii	"I\014\321\0041Pc|\323\004\224F\215n\27251)\311\206\320"
 179      3150637C 
 179      D3049446 
 179      8D6EBA35 
 179      3129C986 
 180 002a 49DDA442 		.ascii	"I\335\244B\263\335\032\353\213\027J\355J\014l\261\015"
 180      B3DD1AEB 
 180      8B174AED 
 180      4A0C6CB1 
 180      0D
 181 003b 2B56A482 		.ascii	"+V\244\202\210E\351\266E~\332\265\014\266]\300e-\265"
 181      8845E9B6 
 181      457EDAB5 
 181      0CB65DC0 
 181      652DB5
 182 004e A42D7D50 		.ascii	"\244-}P\252\266\220\324*E\254 \332\361\334;\3733,\203"
 182      AAB690D4 
 182      2A45AC20 
 182      DAF1DC3B 
 182      FB332C83 
 183 0062 F1266777 		.ascii	"\361&gw\316\271\347;\337w\317=3\"!d\007\020\242\342"
 183      CEB9E73B 
 183      DF77CF3D 
 183      33222164 
 183      0710A2E2 
 184 0076 7ACD4C48 		.ascii	"z\315LH>>[0\346\"\351\205a\322\213\326\217\026E\033"
 184      3E3E5B30 
 184      E622E985 
 184      61D28BD6 
 184      8F16451B 
 185 008a 431B27AB 		.ascii	"C\033'\253\027\313\261%\2609hv\2640Z\036\332\005\264"
 185      17CBB125 
 185      B0396876 
 185      B4305A1E 
 185      DA05B4
 186 009d 49B44B68 		.ascii	"I\264Kh\317%\362!\201\311\\\375\011N\227\0016\211\353"
 186      CF25F221 
 186      81C95CFD 
 186      094E9701 
 186      3689EB
 187 00b0 37C0316D 		.ascii	"7\3001mR\006\177\004M\321\3510\322\0205\250\305\316"
 187      52067F04 
 187      4DD1E930 
 187      D21035A8 
 187      C5CE
 188 00c2 68CDA8B3 		.ascii	"h\315\250\263\026~\314\000?\236\330StyF=\273#@\354\307"
 188      167ECC00 
 188      3F9ED853 
 188      7479463D 
 188      BB2340EC 
 189 00d7 C5DFEDB3 		.ascii	"\305\337\355\263\002\344H\353\231\333r\345\306\202\210"
 189      02E448EB 
 189      99DB72E5 
 189      C68288
 190 00e6 AE5D1298 		.ascii	"\256]\022\230;\330\263\020\317\346\273N\346\236j\032"
 190      3BD8B310 
ARM GAS  C:\Users\victo\AppData\Local\Temp\cc8RS5OF.s 			page 14


 190      CFE6BB4E 
 190      E69E6A1A 
 191 00f6 0D59F8AE 		.ascii	"\015Y\370\256\211\271\327\257^\211XE\001\330s{\350\372"
 191      89B9D7AF 
 191      5E895845 
 191      01D8737B 
 191      E8FA
 192 0108 A4547094 		.ascii	"\244Tp\224R\032\240\312(\244\011j:O\277kEL\236\304\335"
 192      521AA0CA 
 192      28A4096A 
 192      3A4FBF6B 
 192      454C9EC4 
 193 011d 1F3E58EA 		.ascii	"\037>X\352\260q\227]\372}\030\022n\037\254U\263!_\352"
 193      B071975D 
 193      FA7D1812 
 193      6E1FAC55 
 193      B3215FEA 
 194 0131 40F05CD7 		.ascii	"@\360\\\327\302\265\007)5A\030$\350\006\021>\207\002"
 194      C2B50729 
 194      35411824 
 194      E806113E 
 194      8702
 195 0143 76008666 		.ascii	"v\000\206f+@i-\015\356\245\266M\004>\203\\8\012\271"
 195      2B40692D 
 195      0DEEA5B6 
 195      4D043E83 
 195      5C380AB9 
 196 0157 048E413E 		.ascii	"\004\216A>&\360T\370\002\203=\030D\252\372\216\272\036"
 196      26F054F8 
 196      02833D18 
 196      44AAFA8E 
 196      BA1E
 197 0169 C924209A 		.ascii	"\311$ \232\025\333\312%7\3275w\213\033\016Q\266\366"
 197      15DBCA25 
 197      37D73577 
 197      8B1B0E51 
 197      B6F6
 198 017b D2F502B8 		.ascii	"\322\365\002\270\034\360)B\272\020B\340\004l\300\337"
 198      1CF02942 
 198      BA1042E0 
 198      046CC0DF 
 199 018b E360D2A4 		.ascii	"\343`\322\244\207G\352\233mb1?\337/#u\307\263\235\255"
 199      8747EA9B 
 199      6D62313F 
 199      DF2F2375 
 199      C7B39DAD 
 200 019f B42D3C77 		.ascii	"\264-<w\370\247\367\304\367i[\015\275\247\252\300Ap"
 200      F8A7F7C4 
 200      F7695B0D 
 200      BDA7AAC0 
 200      4170
 201 01b1 32A594B0 		.ascii	"2\245\224\260g\255\351\275\340D`\337\322\335c\2265\031"
 201      67ADE9BD 
 201      E04460DF 
 201      D2DD6396 
 201      3519
 202 01c3 BFE48C5B 		.ascii	"\277\344\214[\023\204\261\306\232#v\361MN\030\275|\347"
ARM GAS  C:\Users\victo\AppData\Local\Temp\cc8RS5OF.s 			page 15


 202      1384B1C6 
 202      9A2376F1 
 202      4D4E18BD 
 202      7CE7
 203 01d5 DE3A4ED8 		.ascii	"\336:N\3306\324n\351\242\212\252>\305\322\241O\307\325"
 203      36D46EE9 
 203      A28AAA3E 
 203      C5D2A14F 
 203      C7D5
 204 01e7 97E4EAE7 		.ascii	"\227\344\352\347\\\037\316\377\032\261\211\007\000\364"
 204      5C1FCEFF 
 204      1AB18907 
 204      00F4
 205 01f5 8D776A8D 		.ascii	"\215wj\215o\276\265\330\233\305]U\025Y\333;'\376l\311"
 205      6FBEB5D8 
 205      9BC55D55 
 205      1559DB3B 
 205      27FE6CC9 
 206 0209 49B57D5E 		.ascii	"I\265}^k{\004;5\220n\273S\337v\224o~\230\244\304\303"
 206      6B7B043B 
 206      35906EBB 
 206      53DF7694 
 206      6F7E98A4 
 207 021f 696CBB33 		.ascii	"il\2733\321\366A\014\236\322\332~yh\377\376,1\264R\204"
 207      D1F6410C 
 207      9ED2DA7E 
 207      7968FFFE 
 207      2C31B452 
 208 0234 4313D110 		.ascii	"C\023\321\020k\031\026\271\253\262maj\352\340\222\010"
 208      6B1916B9 
 208      ABB26D61 
 208      6AEAE092 
 208      08
 209 0245 523EAF3F 		.ascii	"R>\257?\327D\305\373\011\024\344\302#X}\030\253;\022"
 209      D744C5FB 
 209      0914E4C2 
 209      23587D18 
 209      AB3B12
 210 0258 D5CF60F5 		.ascii	"\325\317`\365!\254\316\244\266\015\254\003PP\346Wi\231"
 210      21ACCEA4 
 210      B60DAC03 
 210      5050E657 
 210      6999
 211 026a 0E29356E 		.ascii	"\016)5n\301}\303A\023\277t%u\351KS\361\273\002\217\261"
 211      C17DC341 
 211      13BF7425 
 211      75E94B53 
 211      F1BB028F 
 212 027f E37D0D3C 		.ascii	"\343}\015<8<7p\306\266\346\275\234\343\367r69\011\323"
 212      383C3770 
 212      C6B6E6BD 
 212      9CE3F772 
 212      363909D3 
 213 0293 9DEFD458 		.ascii	"\235\357\324X\305V\355L1\345\352M{b\024\316\266\027"
 213      C556ED4C 
 213      31E5EA4D 
 213      7B6214CE 
ARM GAS  C:\Users\victo\AppData\Local\Temp\cc8RS5OF.s 			page 16


 213      B617
 214 02a5 E9460151 		.ascii	"\351F\001Qp^w=\347\223\327\023\345\327\363\307\355\331"
 214      705E773D 
 214      E793D713 
 214      E5D7F3C7 
 214      EDD9
 215 02b7 991C3D25 		.ascii	"\231\034=%\223\223\346\034Y1\013\003\327\276o\265\210"
 215      9393E61C 
 215      59310B03 
 215      D7BE6FB5 
 215      88
 216 02c8 718D32D8 		.ascii	"q\2152\330\035\371\0048\345\364\354\276\250\235j\343"
 216      1DF90438 
 216      E5F4ECBE 
 216      A89D6AE3 
 217 02d8 C02130AA 		.ascii	"\300!0\252#\034M\022\216q\302x\367\330\333\240'TV\020"
 217      231C4D12 
 217      8E71C278 
 217      F7D8DBA0 
 217      27545610 
 218 02ec 7EB382B0 		.ascii	"~\263\202\260ar\371p\2268\257\021F\032\317\315\010H"
 218      6172F970 
 218      9638AF11 
 218      461ACFCD 
 218      0848
 219 02fe 180E4F37 		.ascii	"\030\016O7\314\310J-\375\233M\015C@L\307\027K\362\215"
 219      CCC84A2D 
 219      FD9B4D0D 
 219      43404CC7 
 219      174BF28D 
 220 0312 333EB1E9 		.ascii	"3>\261\351\257\337&\004\310\315\225B\370\025X\304\367"
 220      AFDF2604 
 220      C8CD9542 
 220      F81558C4 
 220      F7
 221 0323 FB2D5584 		.ascii	"\373-U\204\013 \021\346+\201\003\037\227\006\376a\257"
 221      0B2011E6 
 221      2B81031F 
 221      9706FE61 
 221      AF
 222 0334 BDDA68E5 		.ascii	"\275\332h\345\341\000\023\226\3616\023\276C\340[\364"
 222      E1001396 
 222      F13613BE 
 222      43E05BF4 
 223 0344 E36CCCD0 		.ascii	"\343l\314\320EA\201\246\276[f\361\210\366\261\031<t"
 223      454181A6 
 223      BE5B66F1 
 223      88F6B119 
 223      3C74
 224 0356 71449202 		.ascii	"qD\222\002\354P\377\357[ ('\203\313\366\324\260\207"
 224      EC50FFEF 
 224      5B202827 
 224      83CBF6D4 
 224      B087
 225 0368 6E6EAAA3 		.ascii	"nn\252\243O\303%\354\306Dz\212.Bz\332W\027\376\316\370"
 225      4FC325EC 
 225      C6447A8A 
ARM GAS  C:\Users\victo\AppData\Local\Temp\cc8RS5OF.s 			page 17


 225      2E427ADA 
 225      5717FECE 
 226 037d 2373E3E7 		.ascii	"#s\343\347\217\226-\366\372\324g\211\027M\237e\022\354"
 226      8F962DF6 
 226      FAD46789 
 226      174D9F65 
 226      12EC
 227 038f BC3FECDF 		.ascii	"\274?\354\337\262\333[\345\337Xl){\361eg\011\311+\223"
 227      B2DB5BE5 
 227      DF586C29 
 227      7BF16567 
 227      09C92B93 
 228 03a3 AB645F85 		.ascii	"\253d_\205_\336\346qW\357\366U\312\345.wu\311\343\217"
 228      5FDEE671 
 228      57EFF655 
 228      CAE52E77 
 228      75C9E38F 
 229 03b7 55EEF1EF 		.ascii	"U\356\361\357\331)\357*|\225<\340*u\273=\256\2276o)"
 229      D929EF2A 
 229      7C953CE0 
 229      2A75BB3D 
 229      AE97366F 
 230 03cc F26C79C5 		.ascii	"\362ly\305S\362\302\363\036\267\277\302\347\177\346"
 230      53F2C2F3 
 230      1EB7BFC2 
 230      E77FE6
 231 03db 8D470BCB 		.ascii	"\215G\013\313\215\321\345\253 \205\225\304aT\247z'\227"
 231      8DD1E5AB 
 231      208595C4 
 231      6154A77A 
 231      2797
 232 03ed 53F48499 		.ascii	"S\364\204\231\375=Yh\220#\373\237\365UT\372\275\325"
 232      FD3D5968 
 232      9023FB9F 
 232      F55554FA 
 232      BDD5
 233 03ff 55153B4A 		.ascii	"U\025;J\275\257{\267\311\276\315\362v\357.\277\354{"
 233      BDAF7BB7 
 233      C9BECDF2 
 233      76EF2EBF 
 233      EC7B
 234 0411 68757A99 		.ascii	"huz\231\354\317H2\250Y\366\0375\315>y\373\306\342\177"
 234      ECCF4832 
 234      A859F61F 
 234      35CD3E79 
 234      FBC6E27F 
 235 0425 0117AB29 		.ascii	"\001\027\253)\311"
 235      C9
 236              		.text
 237              		.section	.gnu.lto_.symtab.91bca90a,"",%progbits
 238 0000 50445353 		.ascii	"PDSS_PORT1_TX_CLK_StartEx\000\000\000\000\000\000\000"
 238      5F504F52 
 238      54315F54 
 238      585F434C 
 238      4B5F5374 
 239 0020 00000000 		.ascii	"\000\000\000\000\000\264\000\000\000PDSS_PORT1_TX_C"
 239      00B40000 
ARM GAS  C:\Users\victo\AppData\Local\Temp\cc8RS5OF.s 			page 18


 239      00504453 
 239      535F504F 
 239      5254315F 
 240 0038 4C4B5F53 		.ascii	"LK_Stop\000\000\000\000\000\000\000\000\000\000\000"
 240      746F7000 
 240      00000000 
 240      00000000 
 240      0000
 241 004a 00B70000 		.ascii	"\000\267\000\000\000PDSS_PORT1_TX_CLK_SetFractional"
 241      00504453 
 241      535F504F 
 241      5254315F 
 241      54585F43 
 242 006e 44697669 		.ascii	"DividerRegister\000\000\000\000\000\000\000\000\000"
 242      64657252 
 242      65676973 
 242      74657200 
 242      00000000 
 243 0086 000000C6 		.ascii	"\000\000\000\306\000\000\000PDSS_PORT1_TX_CLK_GetDi"
 243      00000050 
 243      4453535F 
 243      504F5254 
 243      315F5458 
 244 00a4 76696465 		.ascii	"viderRegister\000\000\000\000\000\000\000\000\000\000"
 244      72526567 
 244      69737465 
 244      72000000 
 244      00000000 
 245 00bb 0000C900 		.ascii	"\000\000\311\000\000\000PDSS_PORT1_TX_CLK_GetFracti"
 245      00005044 
 245      53535F50 
 245      4F525431 
 245      5F54585F 
 246 00dc 6F6E616C 		.ascii	"onalDividerRegister\000\000\000\000\000\000\000\000"
 246      44697669 
 246      64657252 
 246      65676973 
 246      74657200 
 247 00f7 00000000 		.ascii	"\000\000\000\000\314\000\000\000"
 247      CC000000 
 248              		.text
 249              		.section	.gnu.lto_.opts,"",%progbits
 250 0000 272D666E 		.ascii	"'-fno-trapv' '-mcpu=cortex-m0' '-mthumb' '-g' '-Os'"
 250      6F2D7472 
 250      61707627 
 250      20272D6D 
 250      6370753D 
 251 0033 20272D57 		.ascii	" '-Werror' '-ffunction-sections' '-finline-function"
 251      6572726F 
 251      72272027 
 251      2D666675 
 251      6E637469 
 252 0066 73272027 		.ascii	"s' '-flto' '-ffat-lto-objects' '-fno-strict-aliasin"
 252      2D666C74 
 252      6F272027 
 252      2D666661 
 252      742D6C74 
ARM GAS  C:\Users\victo\AppData\Local\Temp\cc8RS5OF.s 			page 19


 253 0099 672700   		.ascii	"g'\000"
 254              		.text
 255              		.cfi_sections	.debug_frame
 256              		.section	.text.PDSS_PORT1_TX_CLK_StartEx,"ax",%progbits
 257              		.align	1
 258              		.global	PDSS_PORT1_TX_CLK_StartEx
 259              		.code	16
 260              		.thumb_func
 261              		.type	PDSS_PORT1_TX_CLK_StartEx, %function
 262              	PDSS_PORT1_TX_CLK_StartEx:
 263              	.LFB0:
 264              		.file 1 ".\\Generated_Source\\PSoC4\\PDSS_PORT1_TX_CLK.c"
   1:.\Generated_Source\PSoC4/PDSS_PORT1_TX_CLK.c **** /*******************************************************************************
   2:.\Generated_Source\PSoC4/PDSS_PORT1_TX_CLK.c **** * File Name: PDSS_PORT1_TX_CLK.c
   3:.\Generated_Source\PSoC4/PDSS_PORT1_TX_CLK.c **** * Version 2.20
   4:.\Generated_Source\PSoC4/PDSS_PORT1_TX_CLK.c **** *
   5:.\Generated_Source\PSoC4/PDSS_PORT1_TX_CLK.c **** *  Description:
   6:.\Generated_Source\PSoC4/PDSS_PORT1_TX_CLK.c **** *   Provides system API for the clocking, interrupts and watchdog timer.
   7:.\Generated_Source\PSoC4/PDSS_PORT1_TX_CLK.c **** *
   8:.\Generated_Source\PSoC4/PDSS_PORT1_TX_CLK.c **** *  Note:
   9:.\Generated_Source\PSoC4/PDSS_PORT1_TX_CLK.c **** *   Documentation of the API's in this file is located in the
  10:.\Generated_Source\PSoC4/PDSS_PORT1_TX_CLK.c **** *   System Reference Guide provided with PSoC Creator.
  11:.\Generated_Source\PSoC4/PDSS_PORT1_TX_CLK.c **** *
  12:.\Generated_Source\PSoC4/PDSS_PORT1_TX_CLK.c **** ********************************************************************************
  13:.\Generated_Source\PSoC4/PDSS_PORT1_TX_CLK.c **** * Copyright 2008-2012, Cypress Semiconductor Corporation.  All rights reserved.
  14:.\Generated_Source\PSoC4/PDSS_PORT1_TX_CLK.c **** * You may use this file only in accordance with the license, terms, conditions,
  15:.\Generated_Source\PSoC4/PDSS_PORT1_TX_CLK.c **** * disclaimers, and limitations in the end user license agreement accompanying
  16:.\Generated_Source\PSoC4/PDSS_PORT1_TX_CLK.c **** * the software package with which this file was provided.
  17:.\Generated_Source\PSoC4/PDSS_PORT1_TX_CLK.c **** *******************************************************************************/
  18:.\Generated_Source\PSoC4/PDSS_PORT1_TX_CLK.c **** 
  19:.\Generated_Source\PSoC4/PDSS_PORT1_TX_CLK.c **** #include <cydevice_trm.h>
  20:.\Generated_Source\PSoC4/PDSS_PORT1_TX_CLK.c **** #include "PDSS_PORT1_TX_CLK.h"
  21:.\Generated_Source\PSoC4/PDSS_PORT1_TX_CLK.c **** 
  22:.\Generated_Source\PSoC4/PDSS_PORT1_TX_CLK.c **** #if defined CYREG_PERI_DIV_CMD
  23:.\Generated_Source\PSoC4/PDSS_PORT1_TX_CLK.c **** 
  24:.\Generated_Source\PSoC4/PDSS_PORT1_TX_CLK.c **** /*******************************************************************************
  25:.\Generated_Source\PSoC4/PDSS_PORT1_TX_CLK.c **** * Function Name: PDSS_PORT1_TX_CLK_StartEx
  26:.\Generated_Source\PSoC4/PDSS_PORT1_TX_CLK.c **** ********************************************************************************
  27:.\Generated_Source\PSoC4/PDSS_PORT1_TX_CLK.c **** *
  28:.\Generated_Source\PSoC4/PDSS_PORT1_TX_CLK.c **** * Summary:
  29:.\Generated_Source\PSoC4/PDSS_PORT1_TX_CLK.c **** *  Starts the clock, aligned to the specified running clock.
  30:.\Generated_Source\PSoC4/PDSS_PORT1_TX_CLK.c **** *
  31:.\Generated_Source\PSoC4/PDSS_PORT1_TX_CLK.c **** * Parameters:
  32:.\Generated_Source\PSoC4/PDSS_PORT1_TX_CLK.c **** *  alignClkDiv:  The divider to which phase alignment is performed when the
  33:.\Generated_Source\PSoC4/PDSS_PORT1_TX_CLK.c **** *    clock is started.
  34:.\Generated_Source\PSoC4/PDSS_PORT1_TX_CLK.c **** *
  35:.\Generated_Source\PSoC4/PDSS_PORT1_TX_CLK.c **** * Returns:
  36:.\Generated_Source\PSoC4/PDSS_PORT1_TX_CLK.c **** *  None
  37:.\Generated_Source\PSoC4/PDSS_PORT1_TX_CLK.c **** *
  38:.\Generated_Source\PSoC4/PDSS_PORT1_TX_CLK.c **** *******************************************************************************/
  39:.\Generated_Source\PSoC4/PDSS_PORT1_TX_CLK.c **** void PDSS_PORT1_TX_CLK_StartEx(uint32 alignClkDiv)
  40:.\Generated_Source\PSoC4/PDSS_PORT1_TX_CLK.c **** {
 265              		.loc 1 40 0
 266              		.cfi_startproc
 267              	.LVL0:
 268              	.L2:
  41:.\Generated_Source\PSoC4/PDSS_PORT1_TX_CLK.c ****     /* Make sure any previous start command has finished. */
ARM GAS  C:\Users\victo\AppData\Local\Temp\cc8RS5OF.s 			page 20


  42:.\Generated_Source\PSoC4/PDSS_PORT1_TX_CLK.c ****     while((PDSS_PORT1_TX_CLK_CMD_REG & PDSS_PORT1_TX_CLK_CMD_ENABLE_MASK) != 0u)
 269              		.loc 1 42 0 discriminator 1
 270 0000 044B     		ldr	r3, .L4
 271 0002 1A68     		ldr	r2, [r3]
 272 0004 002A     		cmp	r2, #0
 273 0006 FBDB     		blt	.L2
  43:.\Generated_Source\PSoC4/PDSS_PORT1_TX_CLK.c ****     {
  44:.\Generated_Source\PSoC4/PDSS_PORT1_TX_CLK.c ****     }
  45:.\Generated_Source\PSoC4/PDSS_PORT1_TX_CLK.c ****     
  46:.\Generated_Source\PSoC4/PDSS_PORT1_TX_CLK.c ****     /* Specify the target divider and it's alignment divider, and enable. */
  47:.\Generated_Source\PSoC4/PDSS_PORT1_TX_CLK.c ****     PDSS_PORT1_TX_CLK_CMD_REG =
  48:.\Generated_Source\PSoC4/PDSS_PORT1_TX_CLK.c ****         ((uint32)PDSS_PORT1_TX_CLK__DIV_ID << PDSS_PORT1_TX_CLK_CMD_DIV_SHIFT)|
  49:.\Generated_Source\PSoC4/PDSS_PORT1_TX_CLK.c ****         (alignClkDiv << PDSS_PORT1_TX_CLK_CMD_PA_DIV_SHIFT) |
 274              		.loc 1 49 0
 275 0008 034A     		ldr	r2, .L4+4
 276 000a 0002     		lsl	r0, r0, #8
 277              	.LVL1:
 278 000c 1043     		orr	r0, r2
  47:.\Generated_Source\PSoC4/PDSS_PORT1_TX_CLK.c ****         ((uint32)PDSS_PORT1_TX_CLK__DIV_ID << PDSS_PORT1_TX_CLK_CMD_DIV_SHIFT)|
 279              		.loc 1 47 0
 280 000e 1860     		str	r0, [r3]
  50:.\Generated_Source\PSoC4/PDSS_PORT1_TX_CLK.c ****         (uint32)PDSS_PORT1_TX_CLK_CMD_ENABLE_MASK;
  51:.\Generated_Source\PSoC4/PDSS_PORT1_TX_CLK.c **** }
 281              		.loc 1 51 0
 282              		@ sp needed
 283 0010 7047     		bx	lr
 284              	.L5:
 285 0012 C046     		.align	2
 286              	.L4:
 287 0014 00000140 		.word	1073807360
 288 0018 42000080 		.word	-2147483582
 289              		.cfi_endproc
 290              	.LFE0:
 291              		.size	PDSS_PORT1_TX_CLK_StartEx, .-PDSS_PORT1_TX_CLK_StartEx
 292              		.section	.text.PDSS_PORT1_TX_CLK_Stop,"ax",%progbits
 293              		.align	1
 294              		.global	PDSS_PORT1_TX_CLK_Stop
 295              		.code	16
 296              		.thumb_func
 297              		.type	PDSS_PORT1_TX_CLK_Stop, %function
 298              	PDSS_PORT1_TX_CLK_Stop:
 299              	.LFB1:
  52:.\Generated_Source\PSoC4/PDSS_PORT1_TX_CLK.c **** 
  53:.\Generated_Source\PSoC4/PDSS_PORT1_TX_CLK.c **** #else
  54:.\Generated_Source\PSoC4/PDSS_PORT1_TX_CLK.c **** 
  55:.\Generated_Source\PSoC4/PDSS_PORT1_TX_CLK.c **** /*******************************************************************************
  56:.\Generated_Source\PSoC4/PDSS_PORT1_TX_CLK.c **** * Function Name: PDSS_PORT1_TX_CLK_Start
  57:.\Generated_Source\PSoC4/PDSS_PORT1_TX_CLK.c **** ********************************************************************************
  58:.\Generated_Source\PSoC4/PDSS_PORT1_TX_CLK.c **** *
  59:.\Generated_Source\PSoC4/PDSS_PORT1_TX_CLK.c **** * Summary:
  60:.\Generated_Source\PSoC4/PDSS_PORT1_TX_CLK.c **** *  Starts the clock.
  61:.\Generated_Source\PSoC4/PDSS_PORT1_TX_CLK.c **** *
  62:.\Generated_Source\PSoC4/PDSS_PORT1_TX_CLK.c **** * Parameters:
  63:.\Generated_Source\PSoC4/PDSS_PORT1_TX_CLK.c **** *  None
  64:.\Generated_Source\PSoC4/PDSS_PORT1_TX_CLK.c **** *
  65:.\Generated_Source\PSoC4/PDSS_PORT1_TX_CLK.c **** * Returns:
  66:.\Generated_Source\PSoC4/PDSS_PORT1_TX_CLK.c **** *  None
ARM GAS  C:\Users\victo\AppData\Local\Temp\cc8RS5OF.s 			page 21


  67:.\Generated_Source\PSoC4/PDSS_PORT1_TX_CLK.c **** *
  68:.\Generated_Source\PSoC4/PDSS_PORT1_TX_CLK.c **** *******************************************************************************/
  69:.\Generated_Source\PSoC4/PDSS_PORT1_TX_CLK.c **** 
  70:.\Generated_Source\PSoC4/PDSS_PORT1_TX_CLK.c **** void PDSS_PORT1_TX_CLK_Start(void)
  71:.\Generated_Source\PSoC4/PDSS_PORT1_TX_CLK.c **** {
  72:.\Generated_Source\PSoC4/PDSS_PORT1_TX_CLK.c ****     /* Set the bit to enable the clock. */
  73:.\Generated_Source\PSoC4/PDSS_PORT1_TX_CLK.c ****     PDSS_PORT1_TX_CLK_ENABLE_REG |= PDSS_PORT1_TX_CLK__ENABLE_MASK;
  74:.\Generated_Source\PSoC4/PDSS_PORT1_TX_CLK.c **** }
  75:.\Generated_Source\PSoC4/PDSS_PORT1_TX_CLK.c **** 
  76:.\Generated_Source\PSoC4/PDSS_PORT1_TX_CLK.c **** #endif /* CYREG_PERI_DIV_CMD */
  77:.\Generated_Source\PSoC4/PDSS_PORT1_TX_CLK.c **** 
  78:.\Generated_Source\PSoC4/PDSS_PORT1_TX_CLK.c **** 
  79:.\Generated_Source\PSoC4/PDSS_PORT1_TX_CLK.c **** /*******************************************************************************
  80:.\Generated_Source\PSoC4/PDSS_PORT1_TX_CLK.c **** * Function Name: PDSS_PORT1_TX_CLK_Stop
  81:.\Generated_Source\PSoC4/PDSS_PORT1_TX_CLK.c **** ********************************************************************************
  82:.\Generated_Source\PSoC4/PDSS_PORT1_TX_CLK.c **** *
  83:.\Generated_Source\PSoC4/PDSS_PORT1_TX_CLK.c **** * Summary:
  84:.\Generated_Source\PSoC4/PDSS_PORT1_TX_CLK.c **** *  Stops the clock and returns immediately. This API does not require the
  85:.\Generated_Source\PSoC4/PDSS_PORT1_TX_CLK.c **** *  source clock to be running but may return before the hardware is actually
  86:.\Generated_Source\PSoC4/PDSS_PORT1_TX_CLK.c **** *  disabled.
  87:.\Generated_Source\PSoC4/PDSS_PORT1_TX_CLK.c **** *
  88:.\Generated_Source\PSoC4/PDSS_PORT1_TX_CLK.c **** * Parameters:
  89:.\Generated_Source\PSoC4/PDSS_PORT1_TX_CLK.c **** *  None
  90:.\Generated_Source\PSoC4/PDSS_PORT1_TX_CLK.c **** *
  91:.\Generated_Source\PSoC4/PDSS_PORT1_TX_CLK.c **** * Returns:
  92:.\Generated_Source\PSoC4/PDSS_PORT1_TX_CLK.c **** *  None
  93:.\Generated_Source\PSoC4/PDSS_PORT1_TX_CLK.c **** *
  94:.\Generated_Source\PSoC4/PDSS_PORT1_TX_CLK.c **** *******************************************************************************/
  95:.\Generated_Source\PSoC4/PDSS_PORT1_TX_CLK.c **** void PDSS_PORT1_TX_CLK_Stop(void)
  96:.\Generated_Source\PSoC4/PDSS_PORT1_TX_CLK.c **** {
 300              		.loc 1 96 0
 301              		.cfi_startproc
 302              	.L7:
  97:.\Generated_Source\PSoC4/PDSS_PORT1_TX_CLK.c **** #if defined CYREG_PERI_DIV_CMD
  98:.\Generated_Source\PSoC4/PDSS_PORT1_TX_CLK.c **** 
  99:.\Generated_Source\PSoC4/PDSS_PORT1_TX_CLK.c ****     /* Make sure any previous start command has finished. */
 100:.\Generated_Source\PSoC4/PDSS_PORT1_TX_CLK.c ****     while((PDSS_PORT1_TX_CLK_CMD_REG & PDSS_PORT1_TX_CLK_CMD_ENABLE_MASK) != 0u)
 303              		.loc 1 100 0 discriminator 1
 304 0000 034B     		ldr	r3, .L8
 305 0002 1A68     		ldr	r2, [r3]
 306 0004 002A     		cmp	r2, #0
 307 0006 FBDB     		blt	.L7
 101:.\Generated_Source\PSoC4/PDSS_PORT1_TX_CLK.c ****     {
 102:.\Generated_Source\PSoC4/PDSS_PORT1_TX_CLK.c ****     }
 103:.\Generated_Source\PSoC4/PDSS_PORT1_TX_CLK.c ****     
 104:.\Generated_Source\PSoC4/PDSS_PORT1_TX_CLK.c ****     /* Specify the target divider and it's alignment divider, and disable. */
 105:.\Generated_Source\PSoC4/PDSS_PORT1_TX_CLK.c ****     PDSS_PORT1_TX_CLK_CMD_REG =
 308              		.loc 1 105 0
 309 0008 024A     		ldr	r2, .L8+4
 106:.\Generated_Source\PSoC4/PDSS_PORT1_TX_CLK.c ****         ((uint32)PDSS_PORT1_TX_CLK__DIV_ID << PDSS_PORT1_TX_CLK_CMD_DIV_SHIFT)|
 107:.\Generated_Source\PSoC4/PDSS_PORT1_TX_CLK.c ****         ((uint32)PDSS_PORT1_TX_CLK_CMD_DISABLE_MASK);
 108:.\Generated_Source\PSoC4/PDSS_PORT1_TX_CLK.c **** 
 109:.\Generated_Source\PSoC4/PDSS_PORT1_TX_CLK.c **** #else
 110:.\Generated_Source\PSoC4/PDSS_PORT1_TX_CLK.c **** 
 111:.\Generated_Source\PSoC4/PDSS_PORT1_TX_CLK.c ****     /* Clear the bit to disable the clock. */
 112:.\Generated_Source\PSoC4/PDSS_PORT1_TX_CLK.c ****     PDSS_PORT1_TX_CLK_ENABLE_REG &= (uint32)(~PDSS_PORT1_TX_CLK__ENABLE_MASK);
 113:.\Generated_Source\PSoC4/PDSS_PORT1_TX_CLK.c ****     
ARM GAS  C:\Users\victo\AppData\Local\Temp\cc8RS5OF.s 			page 22


 114:.\Generated_Source\PSoC4/PDSS_PORT1_TX_CLK.c **** #endif /* CYREG_PERI_DIV_CMD */
 115:.\Generated_Source\PSoC4/PDSS_PORT1_TX_CLK.c **** }
 310              		.loc 1 115 0
 311              		@ sp needed
 105:.\Generated_Source\PSoC4/PDSS_PORT1_TX_CLK.c ****         ((uint32)PDSS_PORT1_TX_CLK__DIV_ID << PDSS_PORT1_TX_CLK_CMD_DIV_SHIFT)|
 312              		.loc 1 105 0
 313 000a 1A60     		str	r2, [r3]
 314              		.loc 1 115 0
 315 000c 7047     		bx	lr
 316              	.L9:
 317 000e C046     		.align	2
 318              	.L8:
 319 0010 00000140 		.word	1073807360
 320 0014 42000040 		.word	1073741890
 321              		.cfi_endproc
 322              	.LFE1:
 323              		.size	PDSS_PORT1_TX_CLK_Stop, .-PDSS_PORT1_TX_CLK_Stop
 324              		.section	.text.PDSS_PORT1_TX_CLK_SetFractionalDividerRegister,"ax",%progbits
 325              		.align	1
 326              		.global	PDSS_PORT1_TX_CLK_SetFractionalDividerRegister
 327              		.code	16
 328              		.thumb_func
 329              		.type	PDSS_PORT1_TX_CLK_SetFractionalDividerRegister, %function
 330              	PDSS_PORT1_TX_CLK_SetFractionalDividerRegister:
 331              	.LFB2:
 116:.\Generated_Source\PSoC4/PDSS_PORT1_TX_CLK.c **** 
 117:.\Generated_Source\PSoC4/PDSS_PORT1_TX_CLK.c **** 
 118:.\Generated_Source\PSoC4/PDSS_PORT1_TX_CLK.c **** /*******************************************************************************
 119:.\Generated_Source\PSoC4/PDSS_PORT1_TX_CLK.c **** * Function Name: PDSS_PORT1_TX_CLK_SetFractionalDividerRegister
 120:.\Generated_Source\PSoC4/PDSS_PORT1_TX_CLK.c **** ********************************************************************************
 121:.\Generated_Source\PSoC4/PDSS_PORT1_TX_CLK.c **** *
 122:.\Generated_Source\PSoC4/PDSS_PORT1_TX_CLK.c **** * Summary:
 123:.\Generated_Source\PSoC4/PDSS_PORT1_TX_CLK.c **** *  Modifies the clock divider and the fractional divider.
 124:.\Generated_Source\PSoC4/PDSS_PORT1_TX_CLK.c **** *
 125:.\Generated_Source\PSoC4/PDSS_PORT1_TX_CLK.c **** * Parameters:
 126:.\Generated_Source\PSoC4/PDSS_PORT1_TX_CLK.c **** *  clkDivider:  Divider register value (0-65535). This value is NOT the
 127:.\Generated_Source\PSoC4/PDSS_PORT1_TX_CLK.c **** *    divider; the clock hardware divides by clkDivider plus one. For example,
 128:.\Generated_Source\PSoC4/PDSS_PORT1_TX_CLK.c **** *    to divide the clock by 2, this parameter should be set to 1.
 129:.\Generated_Source\PSoC4/PDSS_PORT1_TX_CLK.c **** *  fracDivider:  Fractional Divider register value (0-31).
 130:.\Generated_Source\PSoC4/PDSS_PORT1_TX_CLK.c **** * Returns:
 131:.\Generated_Source\PSoC4/PDSS_PORT1_TX_CLK.c **** *  None
 132:.\Generated_Source\PSoC4/PDSS_PORT1_TX_CLK.c **** *
 133:.\Generated_Source\PSoC4/PDSS_PORT1_TX_CLK.c **** *******************************************************************************/
 134:.\Generated_Source\PSoC4/PDSS_PORT1_TX_CLK.c **** void PDSS_PORT1_TX_CLK_SetFractionalDividerRegister(uint16 clkDivider, uint8 clkFractional)
 135:.\Generated_Source\PSoC4/PDSS_PORT1_TX_CLK.c **** {
 332              		.loc 1 135 0
 333              		.cfi_startproc
 334              	.LVL2:
 136:.\Generated_Source\PSoC4/PDSS_PORT1_TX_CLK.c ****     uint32 maskVal;
 137:.\Generated_Source\PSoC4/PDSS_PORT1_TX_CLK.c ****     uint32 regVal;
 138:.\Generated_Source\PSoC4/PDSS_PORT1_TX_CLK.c ****     
 139:.\Generated_Source\PSoC4/PDSS_PORT1_TX_CLK.c **** #if defined (PDSS_PORT1_TX_CLK__FRAC_MASK) || defined (CYREG_PERI_DIV_CMD)
 140:.\Generated_Source\PSoC4/PDSS_PORT1_TX_CLK.c ****     
 141:.\Generated_Source\PSoC4/PDSS_PORT1_TX_CLK.c **** 	/* get all but divider bits */
 142:.\Generated_Source\PSoC4/PDSS_PORT1_TX_CLK.c ****     maskVal = PDSS_PORT1_TX_CLK_DIV_REG & 
 143:.\Generated_Source\PSoC4/PDSS_PORT1_TX_CLK.c ****                     (uint32)(~(uint32)(PDSS_PORT1_TX_CLK_DIV_INT_MASK | PDSS_PORT1_TX_CLK_DIV_FRAC_
 144:.\Generated_Source\PSoC4/PDSS_PORT1_TX_CLK.c **** 	/* combine mask and new divider vals into 32-bit value */
ARM GAS  C:\Users\victo\AppData\Local\Temp\cc8RS5OF.s 			page 23


 145:.\Generated_Source\PSoC4/PDSS_PORT1_TX_CLK.c ****     regVal = maskVal |
 146:.\Generated_Source\PSoC4/PDSS_PORT1_TX_CLK.c ****         ((uint32)((uint32)clkDivider <<  PDSS_PORT1_TX_CLK_DIV_INT_SHIFT) & PDSS_PORT1_TX_CLK_DIV_I
 147:.\Generated_Source\PSoC4/PDSS_PORT1_TX_CLK.c ****         ((uint32)((uint32)clkFractional << PDSS_PORT1_TX_CLK_DIV_FRAC_SHIFT) & PDSS_PORT1_TX_CLK_DI
 335              		.loc 1 147 0
 336 0000 FF22     		mov	r2, #255
 142:.\Generated_Source\PSoC4/PDSS_PORT1_TX_CLK.c ****                     (uint32)(~(uint32)(PDSS_PORT1_TX_CLK_DIV_INT_MASK | PDSS_PORT1_TX_CLK_DIV_FRAC_
 337              		.loc 1 142 0
 338 0002 0723     		mov	r3, #7
 135:.\Generated_Source\PSoC4/PDSS_PORT1_TX_CLK.c ****     uint32 maskVal;
 339              		.loc 1 135 0
 340 0004 30B5     		push	{r4, r5, lr}
 341              		.cfi_def_cfa_offset 12
 342              		.cfi_offset 4, -12
 343              		.cfi_offset 5, -8
 344              		.cfi_offset 14, -4
 142:.\Generated_Source\PSoC4/PDSS_PORT1_TX_CLK.c ****                     (uint32)(~(uint32)(PDSS_PORT1_TX_CLK_DIV_INT_MASK | PDSS_PORT1_TX_CLK_DIV_FRAC_
 345              		.loc 1 142 0
 346 0006 054C     		ldr	r4, .L11
 347              		.loc 1 147 0
 348 0008 C900     		lsl	r1, r1, #3
 349              	.LVL3:
 142:.\Generated_Source\PSoC4/PDSS_PORT1_TX_CLK.c ****                     (uint32)(~(uint32)(PDSS_PORT1_TX_CLK_DIV_INT_MASK | PDSS_PORT1_TX_CLK_DIV_FRAC_
 350              		.loc 1 142 0
 351 000a 2568     		ldr	r5, [r4]
 352              	.LVL4:
 146:.\Generated_Source\PSoC4/PDSS_PORT1_TX_CLK.c ****         ((uint32)((uint32)clkFractional << PDSS_PORT1_TX_CLK_DIV_FRAC_SHIFT) & PDSS_PORT1_TX_CLK_DI
 353              		.loc 1 146 0
 354 000c 0002     		lsl	r0, r0, #8
 355              	.LVL5:
 356              		.loc 1 147 0
 357 000e 1140     		and	r1, r2
 142:.\Generated_Source\PSoC4/PDSS_PORT1_TX_CLK.c ****                     (uint32)(~(uint32)(PDSS_PORT1_TX_CLK_DIV_INT_MASK | PDSS_PORT1_TX_CLK_DIV_FRAC_
 358              		.loc 1 142 0
 359 0010 2B40     		and	r3, r5
 360              	.LVL6:
 361 0012 0143     		orr	r1, r0
 145:.\Generated_Source\PSoC4/PDSS_PORT1_TX_CLK.c ****         ((uint32)((uint32)clkDivider <<  PDSS_PORT1_TX_CLK_DIV_INT_SHIFT) & PDSS_PORT1_TX_CLK_DIV_I
 362              		.loc 1 145 0
 363 0014 1943     		orr	r1, r3
 364              	.LVL7:
 148:.\Generated_Source\PSoC4/PDSS_PORT1_TX_CLK.c ****     
 149:.\Generated_Source\PSoC4/PDSS_PORT1_TX_CLK.c **** #else
 150:.\Generated_Source\PSoC4/PDSS_PORT1_TX_CLK.c ****     /* get all but integer divider bits */
 151:.\Generated_Source\PSoC4/PDSS_PORT1_TX_CLK.c ****     maskVal = PDSS_PORT1_TX_CLK_DIV_REG & (uint32)(~(uint32)PDSS_PORT1_TX_CLK__DIVIDER_MASK);
 152:.\Generated_Source\PSoC4/PDSS_PORT1_TX_CLK.c ****     /* combine mask and new divider val into 32-bit value */
 153:.\Generated_Source\PSoC4/PDSS_PORT1_TX_CLK.c ****     regVal = clkDivider | maskVal;
 154:.\Generated_Source\PSoC4/PDSS_PORT1_TX_CLK.c ****     
 155:.\Generated_Source\PSoC4/PDSS_PORT1_TX_CLK.c **** #endif /* PDSS_PORT1_TX_CLK__FRAC_MASK || CYREG_PERI_DIV_CMD */
 156:.\Generated_Source\PSoC4/PDSS_PORT1_TX_CLK.c **** 
 157:.\Generated_Source\PSoC4/PDSS_PORT1_TX_CLK.c ****     PDSS_PORT1_TX_CLK_DIV_REG = regVal;
 365              		.loc 1 157 0
 366 0016 2160     		str	r1, [r4]
 158:.\Generated_Source\PSoC4/PDSS_PORT1_TX_CLK.c **** }
 367              		.loc 1 158 0
 368              		@ sp needed
 369 0018 30BD     		pop	{r4, r5, pc}
 370              	.L12:
ARM GAS  C:\Users\victo\AppData\Local\Temp\cc8RS5OF.s 			page 24


 371 001a C046     		.align	2
 372              	.L11:
 373 001c 08030140 		.word	1073808136
 374              		.cfi_endproc
 375              	.LFE2:
 376              		.size	PDSS_PORT1_TX_CLK_SetFractionalDividerRegister, .-PDSS_PORT1_TX_CLK_SetFractionalDividerRegi
 377              		.section	.text.PDSS_PORT1_TX_CLK_GetDividerRegister,"ax",%progbits
 378              		.align	1
 379              		.global	PDSS_PORT1_TX_CLK_GetDividerRegister
 380              		.code	16
 381              		.thumb_func
 382              		.type	PDSS_PORT1_TX_CLK_GetDividerRegister, %function
 383              	PDSS_PORT1_TX_CLK_GetDividerRegister:
 384              	.LFB3:
 159:.\Generated_Source\PSoC4/PDSS_PORT1_TX_CLK.c **** 
 160:.\Generated_Source\PSoC4/PDSS_PORT1_TX_CLK.c **** 
 161:.\Generated_Source\PSoC4/PDSS_PORT1_TX_CLK.c **** /*******************************************************************************
 162:.\Generated_Source\PSoC4/PDSS_PORT1_TX_CLK.c **** * Function Name: PDSS_PORT1_TX_CLK_GetDividerRegister
 163:.\Generated_Source\PSoC4/PDSS_PORT1_TX_CLK.c **** ********************************************************************************
 164:.\Generated_Source\PSoC4/PDSS_PORT1_TX_CLK.c **** *
 165:.\Generated_Source\PSoC4/PDSS_PORT1_TX_CLK.c **** * Summary:
 166:.\Generated_Source\PSoC4/PDSS_PORT1_TX_CLK.c **** *  Gets the clock divider register value.
 167:.\Generated_Source\PSoC4/PDSS_PORT1_TX_CLK.c **** *
 168:.\Generated_Source\PSoC4/PDSS_PORT1_TX_CLK.c **** * Parameters:
 169:.\Generated_Source\PSoC4/PDSS_PORT1_TX_CLK.c **** *  None
 170:.\Generated_Source\PSoC4/PDSS_PORT1_TX_CLK.c **** *
 171:.\Generated_Source\PSoC4/PDSS_PORT1_TX_CLK.c **** * Returns:
 172:.\Generated_Source\PSoC4/PDSS_PORT1_TX_CLK.c **** *  Divide value of the clock minus 1. For example, if the clock is set to
 173:.\Generated_Source\PSoC4/PDSS_PORT1_TX_CLK.c **** *  divide by 2, the return value will be 1.
 174:.\Generated_Source\PSoC4/PDSS_PORT1_TX_CLK.c **** *
 175:.\Generated_Source\PSoC4/PDSS_PORT1_TX_CLK.c **** *******************************************************************************/
 176:.\Generated_Source\PSoC4/PDSS_PORT1_TX_CLK.c **** uint16 PDSS_PORT1_TX_CLK_GetDividerRegister(void)
 177:.\Generated_Source\PSoC4/PDSS_PORT1_TX_CLK.c **** {
 385              		.loc 1 177 0
 386              		.cfi_startproc
 178:.\Generated_Source\PSoC4/PDSS_PORT1_TX_CLK.c ****     return (uint16)((PDSS_PORT1_TX_CLK_DIV_REG & PDSS_PORT1_TX_CLK_DIV_INT_MASK)
 387              		.loc 1 178 0
 388 0000 024B     		ldr	r3, .L14
 179:.\Generated_Source\PSoC4/PDSS_PORT1_TX_CLK.c ****         >> PDSS_PORT1_TX_CLK_DIV_INT_SHIFT);
 180:.\Generated_Source\PSoC4/PDSS_PORT1_TX_CLK.c **** }
 389              		.loc 1 180 0
 390              		@ sp needed
 178:.\Generated_Source\PSoC4/PDSS_PORT1_TX_CLK.c ****     return (uint16)((PDSS_PORT1_TX_CLK_DIV_REG & PDSS_PORT1_TX_CLK_DIV_INT_MASK)
 391              		.loc 1 178 0
 392 0002 1868     		ldr	r0, [r3]
 179:.\Generated_Source\PSoC4/PDSS_PORT1_TX_CLK.c ****         >> PDSS_PORT1_TX_CLK_DIV_INT_SHIFT);
 393              		.loc 1 179 0
 394 0004 000A     		lsr	r0, r0, #8
 178:.\Generated_Source\PSoC4/PDSS_PORT1_TX_CLK.c ****     return (uint16)((PDSS_PORT1_TX_CLK_DIV_REG & PDSS_PORT1_TX_CLK_DIV_INT_MASK)
 395              		.loc 1 178 0
 396 0006 80B2     		uxth	r0, r0
 397              		.loc 1 180 0
 398 0008 7047     		bx	lr
 399              	.L15:
 400 000a C046     		.align	2
 401              	.L14:
 402 000c 08030140 		.word	1073808136
ARM GAS  C:\Users\victo\AppData\Local\Temp\cc8RS5OF.s 			page 25


 403              		.cfi_endproc
 404              	.LFE3:
 405              		.size	PDSS_PORT1_TX_CLK_GetDividerRegister, .-PDSS_PORT1_TX_CLK_GetDividerRegister
 406              		.section	.text.PDSS_PORT1_TX_CLK_GetFractionalDividerRegister,"ax",%progbits
 407              		.align	1
 408              		.global	PDSS_PORT1_TX_CLK_GetFractionalDividerRegister
 409              		.code	16
 410              		.thumb_func
 411              		.type	PDSS_PORT1_TX_CLK_GetFractionalDividerRegister, %function
 412              	PDSS_PORT1_TX_CLK_GetFractionalDividerRegister:
 413              	.LFB4:
 181:.\Generated_Source\PSoC4/PDSS_PORT1_TX_CLK.c **** 
 182:.\Generated_Source\PSoC4/PDSS_PORT1_TX_CLK.c **** 
 183:.\Generated_Source\PSoC4/PDSS_PORT1_TX_CLK.c **** /*******************************************************************************
 184:.\Generated_Source\PSoC4/PDSS_PORT1_TX_CLK.c **** * Function Name: PDSS_PORT1_TX_CLK_GetFractionalDividerRegister
 185:.\Generated_Source\PSoC4/PDSS_PORT1_TX_CLK.c **** ********************************************************************************
 186:.\Generated_Source\PSoC4/PDSS_PORT1_TX_CLK.c **** *
 187:.\Generated_Source\PSoC4/PDSS_PORT1_TX_CLK.c **** * Summary:
 188:.\Generated_Source\PSoC4/PDSS_PORT1_TX_CLK.c **** *  Gets the clock fractional divider register value.
 189:.\Generated_Source\PSoC4/PDSS_PORT1_TX_CLK.c **** *
 190:.\Generated_Source\PSoC4/PDSS_PORT1_TX_CLK.c **** * Parameters:
 191:.\Generated_Source\PSoC4/PDSS_PORT1_TX_CLK.c **** *  None
 192:.\Generated_Source\PSoC4/PDSS_PORT1_TX_CLK.c **** *
 193:.\Generated_Source\PSoC4/PDSS_PORT1_TX_CLK.c **** * Returns:
 194:.\Generated_Source\PSoC4/PDSS_PORT1_TX_CLK.c **** *  Fractional Divide value of the clock
 195:.\Generated_Source\PSoC4/PDSS_PORT1_TX_CLK.c **** *  0 if the fractional divider is not in use.
 196:.\Generated_Source\PSoC4/PDSS_PORT1_TX_CLK.c **** *
 197:.\Generated_Source\PSoC4/PDSS_PORT1_TX_CLK.c **** *******************************************************************************/
 198:.\Generated_Source\PSoC4/PDSS_PORT1_TX_CLK.c **** uint8 PDSS_PORT1_TX_CLK_GetFractionalDividerRegister(void)
 199:.\Generated_Source\PSoC4/PDSS_PORT1_TX_CLK.c **** {
 414              		.loc 1 199 0
 415              		.cfi_startproc
 200:.\Generated_Source\PSoC4/PDSS_PORT1_TX_CLK.c **** #if defined (PDSS_PORT1_TX_CLK__FRAC_MASK)
 201:.\Generated_Source\PSoC4/PDSS_PORT1_TX_CLK.c ****     /* return fractional divider bits */
 202:.\Generated_Source\PSoC4/PDSS_PORT1_TX_CLK.c ****     return (uint8)((PDSS_PORT1_TX_CLK_DIV_REG & PDSS_PORT1_TX_CLK_DIV_FRAC_MASK)
 203:.\Generated_Source\PSoC4/PDSS_PORT1_TX_CLK.c ****         >> PDSS_PORT1_TX_CLK_DIV_FRAC_SHIFT);
 204:.\Generated_Source\PSoC4/PDSS_PORT1_TX_CLK.c **** #else
 205:.\Generated_Source\PSoC4/PDSS_PORT1_TX_CLK.c ****     return 0u;
 206:.\Generated_Source\PSoC4/PDSS_PORT1_TX_CLK.c **** #endif /* PDSS_PORT1_TX_CLK__FRAC_MASK */
 207:.\Generated_Source\PSoC4/PDSS_PORT1_TX_CLK.c **** }
 416              		.loc 1 207 0
 417 0000 0020     		mov	r0, #0
 418              		@ sp needed
 419 0002 7047     		bx	lr
 420              		.cfi_endproc
 421              	.LFE4:
 422              		.size	PDSS_PORT1_TX_CLK_GetFractionalDividerRegister, .-PDSS_PORT1_TX_CLK_GetFractionalDividerRegi
 423              		.text
 424              	.Letext0:
 425              		.file 2 "Generated_Source\\PSoC4/cytypes.h"
 426              		.section	.debug_info,"",%progbits
 427              	.Ldebug_info0:
 428 0000 62010000 		.4byte	0x162
 429 0004 0400     		.2byte	0x4
 430 0006 00000000 		.4byte	.Ldebug_abbrev0
 431 000a 04       		.byte	0x4
 432 000b 01       		.uleb128 0x1
ARM GAS  C:\Users\victo\AppData\Local\Temp\cc8RS5OF.s 			page 26


 433 000c 76010000 		.4byte	.LASF25
 434 0010 01       		.byte	0x1
 435 0011 62000000 		.4byte	.LASF26
 436 0015 32020000 		.4byte	.LASF27
 437 0019 00000000 		.4byte	.Ldebug_ranges0+0
 438 001d 00000000 		.4byte	0
 439 0021 00000000 		.4byte	.Ldebug_line0
 440 0025 02       		.uleb128 0x2
 441 0026 01       		.byte	0x1
 442 0027 06       		.byte	0x6
 443 0028 C3020000 		.4byte	.LASF0
 444 002c 02       		.uleb128 0x2
 445 002d 01       		.byte	0x1
 446 002e 08       		.byte	0x8
 447 002f C4000000 		.4byte	.LASF1
 448 0033 02       		.uleb128 0x2
 449 0034 02       		.byte	0x2
 450 0035 05       		.byte	0x5
 451 0036 AA020000 		.4byte	.LASF2
 452 003a 02       		.uleb128 0x2
 453 003b 02       		.byte	0x2
 454 003c 07       		.byte	0x7
 455 003d FE000000 		.4byte	.LASF3
 456 0041 02       		.uleb128 0x2
 457 0042 04       		.byte	0x4
 458 0043 05       		.byte	0x5
 459 0044 BA020000 		.4byte	.LASF4
 460 0048 02       		.uleb128 0x2
 461 0049 04       		.byte	0x4
 462 004a 07       		.byte	0x7
 463 004b EC000000 		.4byte	.LASF5
 464 004f 02       		.uleb128 0x2
 465 0050 08       		.byte	0x8
 466 0051 05       		.byte	0x5
 467 0052 97020000 		.4byte	.LASF6
 468 0056 02       		.uleb128 0x2
 469 0057 08       		.byte	0x8
 470 0058 07       		.byte	0x7
 471 0059 5F010000 		.4byte	.LASF7
 472 005d 03       		.uleb128 0x3
 473 005e 04       		.byte	0x4
 474 005f 05       		.byte	0x5
 475 0060 696E7400 		.ascii	"int\000"
 476 0064 02       		.uleb128 0x2
 477 0065 04       		.byte	0x4
 478 0066 07       		.byte	0x7
 479 0067 52010000 		.4byte	.LASF8
 480 006b 04       		.uleb128 0x4
 481 006c B4020000 		.4byte	.LASF9
 482 0070 02       		.byte	0x2
 483 0071 9801     		.2byte	0x198
 484 0073 2C000000 		.4byte	0x2c
 485 0077 04       		.uleb128 0x4
 486 0078 44010000 		.4byte	.LASF10
 487 007c 02       		.byte	0x2
 488 007d 9901     		.2byte	0x199
 489 007f 3A000000 		.4byte	0x3a
ARM GAS  C:\Users\victo\AppData\Local\Temp\cc8RS5OF.s 			page 27


 490 0083 04       		.uleb128 0x4
 491 0084 4B010000 		.4byte	.LASF11
 492 0088 02       		.byte	0x2
 493 0089 9A01     		.2byte	0x19a
 494 008b 48000000 		.4byte	0x48
 495 008f 02       		.uleb128 0x2
 496 0090 04       		.byte	0x4
 497 0091 04       		.byte	0x4
 498 0092 8F000000 		.4byte	.LASF12
 499 0096 02       		.uleb128 0x2
 500 0097 08       		.byte	0x8
 501 0098 04       		.byte	0x4
 502 0099 1C010000 		.4byte	.LASF13
 503 009d 02       		.uleb128 0x2
 504 009e 01       		.byte	0x1
 505 009f 08       		.byte	0x8
 506 00a0 A5020000 		.4byte	.LASF14
 507 00a4 04       		.uleb128 0x4
 508 00a5 00000000 		.4byte	.LASF15
 509 00a9 02       		.byte	0x2
 510 00aa 4402     		.2byte	0x244
 511 00ac B0000000 		.4byte	0xb0
 512 00b0 05       		.uleb128 0x5
 513 00b1 83000000 		.4byte	0x83
 514 00b5 06       		.uleb128 0x6
 515 00b6 D2000000 		.4byte	.LASF16
 516 00ba 01       		.byte	0x1
 517 00bb 27       		.byte	0x27
 518 00bc 00000000 		.4byte	.LFB0
 519 00c0 1C000000 		.4byte	.LFE0-.LFB0
 520 00c4 01       		.uleb128 0x1
 521 00c5 9C       		.byte	0x9c
 522 00c6 DA000000 		.4byte	0xda
 523 00ca 07       		.uleb128 0x7
 524 00cb 2A010000 		.4byte	.LASF18
 525 00cf 01       		.byte	0x1
 526 00d0 27       		.byte	0x27
 527 00d1 83000000 		.4byte	0x83
 528 00d5 00000000 		.4byte	.LLST0
 529 00d9 00       		.byte	0
 530 00da 08       		.uleb128 0x8
 531 00db CF020000 		.4byte	.LASF28
 532 00df 01       		.byte	0x1
 533 00e0 5F       		.byte	0x5f
 534 00e1 00000000 		.4byte	.LFB1
 535 00e5 18000000 		.4byte	.LFE1-.LFB1
 536 00e9 01       		.uleb128 0x1
 537 00ea 9C       		.byte	0x9c
 538 00eb 06       		.uleb128 0x6
 539 00ec 95000000 		.4byte	.LASF17
 540 00f0 01       		.byte	0x1
 541 00f1 86       		.byte	0x86
 542 00f2 00000000 		.4byte	.LFB2
 543 00f6 20000000 		.4byte	.LFE2-.LFB2
 544 00fa 01       		.uleb128 0x1
 545 00fb 9C       		.byte	0x9c
 546 00fc 3B010000 		.4byte	0x13b
ARM GAS  C:\Users\victo\AppData\Local\Temp\cc8RS5OF.s 			page 28


 547 0100 07       		.uleb128 0x7
 548 0101 11010000 		.4byte	.LASF19
 549 0105 01       		.byte	0x1
 550 0106 86       		.byte	0x86
 551 0107 77000000 		.4byte	0x77
 552 010b 21000000 		.4byte	.LLST1
 553 010f 07       		.uleb128 0x7
 554 0110 36010000 		.4byte	.LASF20
 555 0114 01       		.byte	0x1
 556 0115 86       		.byte	0x86
 557 0116 6B000000 		.4byte	0x6b
 558 011a 42000000 		.4byte	.LLST2
 559 011e 09       		.uleb128 0x9
 560 011f 06000000 		.4byte	.LASF21
 561 0123 01       		.byte	0x1
 562 0124 88       		.byte	0x88
 563 0125 83000000 		.4byte	0x83
 564 0129 63000000 		.4byte	.LLST3
 565 012d 0A       		.uleb128 0xa
 566 012e 23010000 		.4byte	.LASF22
 567 0132 01       		.byte	0x1
 568 0133 89       		.byte	0x89
 569 0134 83000000 		.4byte	0x83
 570 0138 01       		.uleb128 0x1
 571 0139 51       		.byte	0x51
 572 013a 00       		.byte	0
 573 013b 0B       		.uleb128 0xb
 574 013c 3D000000 		.4byte	.LASF23
 575 0140 01       		.byte	0x1
 576 0141 B0       		.byte	0xb0
 577 0142 77000000 		.4byte	0x77
 578 0146 00000000 		.4byte	.LFB3
 579 014a 10000000 		.4byte	.LFE3-.LFB3
 580 014e 01       		.uleb128 0x1
 581 014f 9C       		.byte	0x9c
 582 0150 0B       		.uleb128 0xb
 583 0151 0E000000 		.4byte	.LASF24
 584 0155 01       		.byte	0x1
 585 0156 C6       		.byte	0xc6
 586 0157 6B000000 		.4byte	0x6b
 587 015b 00000000 		.4byte	.LFB4
 588 015f 04000000 		.4byte	.LFE4-.LFB4
 589 0163 01       		.uleb128 0x1
 590 0164 9C       		.byte	0x9c
 591 0165 00       		.byte	0
 592              		.section	.debug_abbrev,"",%progbits
 593              	.Ldebug_abbrev0:
 594 0000 01       		.uleb128 0x1
 595 0001 11       		.uleb128 0x11
 596 0002 01       		.byte	0x1
 597 0003 25       		.uleb128 0x25
 598 0004 0E       		.uleb128 0xe
 599 0005 13       		.uleb128 0x13
 600 0006 0B       		.uleb128 0xb
 601 0007 03       		.uleb128 0x3
 602 0008 0E       		.uleb128 0xe
 603 0009 1B       		.uleb128 0x1b
ARM GAS  C:\Users\victo\AppData\Local\Temp\cc8RS5OF.s 			page 29


 604 000a 0E       		.uleb128 0xe
 605 000b 55       		.uleb128 0x55
 606 000c 17       		.uleb128 0x17
 607 000d 11       		.uleb128 0x11
 608 000e 01       		.uleb128 0x1
 609 000f 10       		.uleb128 0x10
 610 0010 17       		.uleb128 0x17
 611 0011 00       		.byte	0
 612 0012 00       		.byte	0
 613 0013 02       		.uleb128 0x2
 614 0014 24       		.uleb128 0x24
 615 0015 00       		.byte	0
 616 0016 0B       		.uleb128 0xb
 617 0017 0B       		.uleb128 0xb
 618 0018 3E       		.uleb128 0x3e
 619 0019 0B       		.uleb128 0xb
 620 001a 03       		.uleb128 0x3
 621 001b 0E       		.uleb128 0xe
 622 001c 00       		.byte	0
 623 001d 00       		.byte	0
 624 001e 03       		.uleb128 0x3
 625 001f 24       		.uleb128 0x24
 626 0020 00       		.byte	0
 627 0021 0B       		.uleb128 0xb
 628 0022 0B       		.uleb128 0xb
 629 0023 3E       		.uleb128 0x3e
 630 0024 0B       		.uleb128 0xb
 631 0025 03       		.uleb128 0x3
 632 0026 08       		.uleb128 0x8
 633 0027 00       		.byte	0
 634 0028 00       		.byte	0
 635 0029 04       		.uleb128 0x4
 636 002a 16       		.uleb128 0x16
 637 002b 00       		.byte	0
 638 002c 03       		.uleb128 0x3
 639 002d 0E       		.uleb128 0xe
 640 002e 3A       		.uleb128 0x3a
 641 002f 0B       		.uleb128 0xb
 642 0030 3B       		.uleb128 0x3b
 643 0031 05       		.uleb128 0x5
 644 0032 49       		.uleb128 0x49
 645 0033 13       		.uleb128 0x13
 646 0034 00       		.byte	0
 647 0035 00       		.byte	0
 648 0036 05       		.uleb128 0x5
 649 0037 35       		.uleb128 0x35
 650 0038 00       		.byte	0
 651 0039 49       		.uleb128 0x49
 652 003a 13       		.uleb128 0x13
 653 003b 00       		.byte	0
 654 003c 00       		.byte	0
 655 003d 06       		.uleb128 0x6
 656 003e 2E       		.uleb128 0x2e
 657 003f 01       		.byte	0x1
 658 0040 3F       		.uleb128 0x3f
 659 0041 19       		.uleb128 0x19
 660 0042 03       		.uleb128 0x3
ARM GAS  C:\Users\victo\AppData\Local\Temp\cc8RS5OF.s 			page 30


 661 0043 0E       		.uleb128 0xe
 662 0044 3A       		.uleb128 0x3a
 663 0045 0B       		.uleb128 0xb
 664 0046 3B       		.uleb128 0x3b
 665 0047 0B       		.uleb128 0xb
 666 0048 27       		.uleb128 0x27
 667 0049 19       		.uleb128 0x19
 668 004a 11       		.uleb128 0x11
 669 004b 01       		.uleb128 0x1
 670 004c 12       		.uleb128 0x12
 671 004d 06       		.uleb128 0x6
 672 004e 40       		.uleb128 0x40
 673 004f 18       		.uleb128 0x18
 674 0050 9742     		.uleb128 0x2117
 675 0052 19       		.uleb128 0x19
 676 0053 01       		.uleb128 0x1
 677 0054 13       		.uleb128 0x13
 678 0055 00       		.byte	0
 679 0056 00       		.byte	0
 680 0057 07       		.uleb128 0x7
 681 0058 05       		.uleb128 0x5
 682 0059 00       		.byte	0
 683 005a 03       		.uleb128 0x3
 684 005b 0E       		.uleb128 0xe
 685 005c 3A       		.uleb128 0x3a
 686 005d 0B       		.uleb128 0xb
 687 005e 3B       		.uleb128 0x3b
 688 005f 0B       		.uleb128 0xb
 689 0060 49       		.uleb128 0x49
 690 0061 13       		.uleb128 0x13
 691 0062 02       		.uleb128 0x2
 692 0063 17       		.uleb128 0x17
 693 0064 00       		.byte	0
 694 0065 00       		.byte	0
 695 0066 08       		.uleb128 0x8
 696 0067 2E       		.uleb128 0x2e
 697 0068 00       		.byte	0
 698 0069 3F       		.uleb128 0x3f
 699 006a 19       		.uleb128 0x19
 700 006b 03       		.uleb128 0x3
 701 006c 0E       		.uleb128 0xe
 702 006d 3A       		.uleb128 0x3a
 703 006e 0B       		.uleb128 0xb
 704 006f 3B       		.uleb128 0x3b
 705 0070 0B       		.uleb128 0xb
 706 0071 27       		.uleb128 0x27
 707 0072 19       		.uleb128 0x19
 708 0073 11       		.uleb128 0x11
 709 0074 01       		.uleb128 0x1
 710 0075 12       		.uleb128 0x12
 711 0076 06       		.uleb128 0x6
 712 0077 40       		.uleb128 0x40
 713 0078 18       		.uleb128 0x18
 714 0079 9742     		.uleb128 0x2117
 715 007b 19       		.uleb128 0x19
 716 007c 00       		.byte	0
 717 007d 00       		.byte	0
ARM GAS  C:\Users\victo\AppData\Local\Temp\cc8RS5OF.s 			page 31


 718 007e 09       		.uleb128 0x9
 719 007f 34       		.uleb128 0x34
 720 0080 00       		.byte	0
 721 0081 03       		.uleb128 0x3
 722 0082 0E       		.uleb128 0xe
 723 0083 3A       		.uleb128 0x3a
 724 0084 0B       		.uleb128 0xb
 725 0085 3B       		.uleb128 0x3b
 726 0086 0B       		.uleb128 0xb
 727 0087 49       		.uleb128 0x49
 728 0088 13       		.uleb128 0x13
 729 0089 02       		.uleb128 0x2
 730 008a 17       		.uleb128 0x17
 731 008b 00       		.byte	0
 732 008c 00       		.byte	0
 733 008d 0A       		.uleb128 0xa
 734 008e 34       		.uleb128 0x34
 735 008f 00       		.byte	0
 736 0090 03       		.uleb128 0x3
 737 0091 0E       		.uleb128 0xe
 738 0092 3A       		.uleb128 0x3a
 739 0093 0B       		.uleb128 0xb
 740 0094 3B       		.uleb128 0x3b
 741 0095 0B       		.uleb128 0xb
 742 0096 49       		.uleb128 0x49
 743 0097 13       		.uleb128 0x13
 744 0098 02       		.uleb128 0x2
 745 0099 18       		.uleb128 0x18
 746 009a 00       		.byte	0
 747 009b 00       		.byte	0
 748 009c 0B       		.uleb128 0xb
 749 009d 2E       		.uleb128 0x2e
 750 009e 00       		.byte	0
 751 009f 3F       		.uleb128 0x3f
 752 00a0 19       		.uleb128 0x19
 753 00a1 03       		.uleb128 0x3
 754 00a2 0E       		.uleb128 0xe
 755 00a3 3A       		.uleb128 0x3a
 756 00a4 0B       		.uleb128 0xb
 757 00a5 3B       		.uleb128 0x3b
 758 00a6 0B       		.uleb128 0xb
 759 00a7 27       		.uleb128 0x27
 760 00a8 19       		.uleb128 0x19
 761 00a9 49       		.uleb128 0x49
 762 00aa 13       		.uleb128 0x13
 763 00ab 11       		.uleb128 0x11
 764 00ac 01       		.uleb128 0x1
 765 00ad 12       		.uleb128 0x12
 766 00ae 06       		.uleb128 0x6
 767 00af 40       		.uleb128 0x40
 768 00b0 18       		.uleb128 0x18
 769 00b1 9742     		.uleb128 0x2117
 770 00b3 19       		.uleb128 0x19
 771 00b4 00       		.byte	0
 772 00b5 00       		.byte	0
 773 00b6 00       		.byte	0
 774              		.section	.debug_loc,"",%progbits
ARM GAS  C:\Users\victo\AppData\Local\Temp\cc8RS5OF.s 			page 32


 775              	.Ldebug_loc0:
 776              	.LLST0:
 777 0000 00000000 		.4byte	.LVL0
 778 0004 0C000000 		.4byte	.LVL1
 779 0008 0100     		.2byte	0x1
 780 000a 50       		.byte	0x50
 781 000b 0C000000 		.4byte	.LVL1
 782 000f 1C000000 		.4byte	.LFE0
 783 0013 0400     		.2byte	0x4
 784 0015 F3       		.byte	0xf3
 785 0016 01       		.uleb128 0x1
 786 0017 50       		.byte	0x50
 787 0018 9F       		.byte	0x9f
 788 0019 00000000 		.4byte	0
 789 001d 00000000 		.4byte	0
 790              	.LLST1:
 791 0021 00000000 		.4byte	.LVL2
 792 0025 0E000000 		.4byte	.LVL5
 793 0029 0100     		.2byte	0x1
 794 002b 50       		.byte	0x50
 795 002c 0E000000 		.4byte	.LVL5
 796 0030 20000000 		.4byte	.LFE2
 797 0034 0400     		.2byte	0x4
 798 0036 F3       		.byte	0xf3
 799 0037 01       		.uleb128 0x1
 800 0038 50       		.byte	0x50
 801 0039 9F       		.byte	0x9f
 802 003a 00000000 		.4byte	0
 803 003e 00000000 		.4byte	0
 804              	.LLST2:
 805 0042 00000000 		.4byte	.LVL2
 806 0046 0A000000 		.4byte	.LVL3
 807 004a 0100     		.2byte	0x1
 808 004c 51       		.byte	0x51
 809 004d 0A000000 		.4byte	.LVL3
 810 0051 20000000 		.4byte	.LFE2
 811 0055 0400     		.2byte	0x4
 812 0057 F3       		.byte	0xf3
 813 0058 01       		.uleb128 0x1
 814 0059 51       		.byte	0x51
 815 005a 9F       		.byte	0x9f
 816 005b 00000000 		.4byte	0
 817 005f 00000000 		.4byte	0
 818              	.LLST3:
 819 0063 0C000000 		.4byte	.LVL4
 820 0067 12000000 		.4byte	.LVL6
 821 006b 0500     		.2byte	0x5
 822 006d 75       		.byte	0x75
 823 006e 00       		.sleb128 0
 824 006f 37       		.byte	0x37
 825 0070 1A       		.byte	0x1a
 826 0071 9F       		.byte	0x9f
 827 0072 12000000 		.4byte	.LVL6
 828 0076 20000000 		.4byte	.LFE2
 829 007a 0100     		.2byte	0x1
 830 007c 53       		.byte	0x53
 831 007d 00000000 		.4byte	0
ARM GAS  C:\Users\victo\AppData\Local\Temp\cc8RS5OF.s 			page 33


 832 0081 00000000 		.4byte	0
 833              		.section	.debug_aranges,"",%progbits
 834 0000 3C000000 		.4byte	0x3c
 835 0004 0200     		.2byte	0x2
 836 0006 00000000 		.4byte	.Ldebug_info0
 837 000a 04       		.byte	0x4
 838 000b 00       		.byte	0
 839 000c 0000     		.2byte	0
 840 000e 0000     		.2byte	0
 841 0010 00000000 		.4byte	.LFB0
 842 0014 1C000000 		.4byte	.LFE0-.LFB0
 843 0018 00000000 		.4byte	.LFB1
 844 001c 18000000 		.4byte	.LFE1-.LFB1
 845 0020 00000000 		.4byte	.LFB2
 846 0024 20000000 		.4byte	.LFE2-.LFB2
 847 0028 00000000 		.4byte	.LFB3
 848 002c 10000000 		.4byte	.LFE3-.LFB3
 849 0030 00000000 		.4byte	.LFB4
 850 0034 04000000 		.4byte	.LFE4-.LFB4
 851 0038 00000000 		.4byte	0
 852 003c 00000000 		.4byte	0
 853              		.section	.debug_ranges,"",%progbits
 854              	.Ldebug_ranges0:
 855 0000 00000000 		.4byte	.LFB0
 856 0004 1C000000 		.4byte	.LFE0
 857 0008 00000000 		.4byte	.LFB1
 858 000c 18000000 		.4byte	.LFE1
 859 0010 00000000 		.4byte	.LFB2
 860 0014 20000000 		.4byte	.LFE2
 861 0018 00000000 		.4byte	.LFB3
 862 001c 10000000 		.4byte	.LFE3
 863 0020 00000000 		.4byte	.LFB4
 864 0024 04000000 		.4byte	.LFE4
 865 0028 00000000 		.4byte	0
 866 002c 00000000 		.4byte	0
 867              		.section	.debug_line,"",%progbits
 868              	.Ldebug_line0:
 869 0000 EC000000 		.section	.debug_str,"MS",%progbits,1
 869      02006700 
 869      00000201 
 869      FB0E0D00 
 869      01010101 
 870              	.LASF15:
 871 0000 72656733 		.ascii	"reg32\000"
 871      3200
 872              	.LASF21:
 873 0006 6D61736B 		.ascii	"maskVal\000"
 873      56616C00 
 874              	.LASF24:
 875 000e 50445353 		.ascii	"PDSS_PORT1_TX_CLK_GetFractionalDividerRegister\000"
 875      5F504F52 
 875      54315F54 
 875      585F434C 
 875      4B5F4765 
 876              	.LASF23:
 877 003d 50445353 		.ascii	"PDSS_PORT1_TX_CLK_GetDividerRegister\000"
 877      5F504F52 
ARM GAS  C:\Users\victo\AppData\Local\Temp\cc8RS5OF.s 			page 34


 877      54315F54 
 877      585F434C 
 877      4B5F4765 
 878              	.LASF26:
 879 0062 2E5C4765 		.ascii	".\\Generated_Source\\PSoC4\\PDSS_PORT1_TX_CLK.c\000"
 879      6E657261 
 879      7465645F 
 879      536F7572 
 879      63655C50 
 880              	.LASF12:
 881 008f 666C6F61 		.ascii	"float\000"
 881      7400
 882              	.LASF17:
 883 0095 50445353 		.ascii	"PDSS_PORT1_TX_CLK_SetFractionalDividerRegister\000"
 883      5F504F52 
 883      54315F54 
 883      585F434C 
 883      4B5F5365 
 884              	.LASF1:
 885 00c4 756E7369 		.ascii	"unsigned char\000"
 885      676E6564 
 885      20636861 
 885      7200
 886              	.LASF16:
 887 00d2 50445353 		.ascii	"PDSS_PORT1_TX_CLK_StartEx\000"
 887      5F504F52 
 887      54315F54 
 887      585F434C 
 887      4B5F5374 
 888              	.LASF5:
 889 00ec 6C6F6E67 		.ascii	"long unsigned int\000"
 889      20756E73 
 889      69676E65 
 889      6420696E 
 889      7400
 890              	.LASF3:
 891 00fe 73686F72 		.ascii	"short unsigned int\000"
 891      7420756E 
 891      7369676E 
 891      65642069 
 891      6E7400
 892              	.LASF19:
 893 0111 636C6B44 		.ascii	"clkDivider\000"
 893      69766964 
 893      657200
 894              	.LASF13:
 895 011c 646F7562 		.ascii	"double\000"
 895      6C6500
 896              	.LASF22:
 897 0123 72656756 		.ascii	"regVal\000"
 897      616C00
 898              	.LASF18:
 899 012a 616C6967 		.ascii	"alignClkDiv\000"
 899      6E436C6B 
 899      44697600 
 900              	.LASF20:
 901 0136 636C6B46 		.ascii	"clkFractional\000"
ARM GAS  C:\Users\victo\AppData\Local\Temp\cc8RS5OF.s 			page 35


 901      72616374 
 901      696F6E61 
 901      6C00
 902              	.LASF10:
 903 0144 75696E74 		.ascii	"uint16\000"
 903      313600
 904              	.LASF11:
 905 014b 75696E74 		.ascii	"uint32\000"
 905      333200
 906              	.LASF8:
 907 0152 756E7369 		.ascii	"unsigned int\000"
 907      676E6564 
 907      20696E74 
 907      00
 908              	.LASF7:
 909 015f 6C6F6E67 		.ascii	"long long unsigned int\000"
 909      206C6F6E 
 909      6720756E 
 909      7369676E 
 909      65642069 
 910              	.LASF25:
 911 0176 474E5520 		.ascii	"GNU C 4.9.3 20150303 (release) [ARM/embedded-4_9-br"
 911      4320342E 
 911      392E3320 
 911      32303135 
 911      30333033 
 912 01a9 616E6368 		.ascii	"anch revision 221220] -mcpu=cortex-m0 -mthumb -g -O"
 912      20726576 
 912      6973696F 
 912      6E203232 
 912      31323230 
 913 01dc 73202D66 		.ascii	"s -ffunction-sections -finline-functions -flto -ffa"
 913      66756E63 
 913      74696F6E 
 913      2D736563 
 913      74696F6E 
 914 020f 742D6C74 		.ascii	"t-lto-objects -fno-strict-aliasing\000"
 914      6F2D6F62 
 914      6A656374 
 914      73202D66 
 914      6E6F2D73 
 915              	.LASF27:
 916 0232 433A5C55 		.ascii	"C:\\Users\\victo\\OneDrive\\Documents\\PSoC Creator"
 916      73657273 
 916      5C766963 
 916      746F5C4F 
 916      6E654472 
 917 0260 5C435950 		.ascii	"\\CYPD4225-40LQXI_0805\\CYPD4225-40LQXI_notebook01."
 917      44343232 
 917      352D3430 
 917      4C515849 
 917      5F303830 
 918 0291 63796473 		.ascii	"cydsn\000"
 918      6E00
 919              	.LASF6:
 920 0297 6C6F6E67 		.ascii	"long long int\000"
 920      206C6F6E 
ARM GAS  C:\Users\victo\AppData\Local\Temp\cc8RS5OF.s 			page 36


 920      6720696E 
 920      7400
 921              	.LASF14:
 922 02a5 63686172 		.ascii	"char\000"
 922      00
 923              	.LASF2:
 924 02aa 73686F72 		.ascii	"short int\000"
 924      7420696E 
 924      7400
 925              	.LASF9:
 926 02b4 75696E74 		.ascii	"uint8\000"
 926      3800
 927              	.LASF4:
 928 02ba 6C6F6E67 		.ascii	"long int\000"
 928      20696E74 
 928      00
 929              	.LASF0:
 930 02c3 7369676E 		.ascii	"signed char\000"
 930      65642063 
 930      68617200 
 931              	.LASF28:
 932 02cf 50445353 		.ascii	"PDSS_PORT1_TX_CLK_Stop\000"
 932      5F504F52 
 932      54315F54 
 932      585F434C 
 932      4B5F5374 
 933              		.comm	__gnu_lto_v1,1,1
 934              		.ident	"GCC: (GNU Tools for ARM Embedded Processors) 4.9.3 20150303 (release) [ARM/embedded-4_9-br
