ARM GAS  C:\Users\victo\AppData\Local\Temp\ccraICyU.s 			page 1


   1              		.cpu cortex-m0
   2              		.fpu softvfp
   3              		.eabi_attribute 20, 1
   4              		.eabi_attribute 21, 1
   5              		.eabi_attribute 23, 3
   6              		.eabi_attribute 24, 1
   7              		.eabi_attribute 25, 1
   8              		.eabi_attribute 26, 1
   9              		.eabi_attribute 30, 4
  10              		.eabi_attribute 34, 0
  11              		.eabi_attribute 18, 4
  12              		.code	16
  13              		.file	"PDSS_PORT0_RX_CLK.c"
  14              		.text
  15              	.Ltext0:
  16              		.section	.gnu.lto_.profile.92f65b42,"",%progbits
  17 0000 789C6366 		.ascii	"x\234cf```a\200\000F\0069I\000\000\311\000@"
  17      60606061 
  17      80004606 
  17      39490000 
  17      C90040
  18              		.text
  19              		.section	.gnu.lto_.jmpfuncs.92f65b42,"",%progbits
  20 0000 789C6366 		.ascii	"x\234cf\300\016\304\2414+\003##c=#\003\003\023\023#"
  20      C00EC4A1 
  20      342B0323 
  20      23633D23 
  20      03031313 
  21 0015 23737D3D 		.ascii	"#s}=3\003\003\013P\030\000\026R\001\261"
  21      3303030B 
  21      50180016 
  21      5201B1
  22              		.text
  23              		.section	.gnu.lto_.inline.92f65b42,"",%progbits
  24 0000 789C6D8B 		.ascii	"x\234m\213\273\025\2000\014\003eG\201\020\012FH\303"
  24      BB158030 
  24      0C036547 
  24      81100A46 
  24      48C3
  25 0012 631C3662 		.ascii	"c\0346b\007J\312\314\301\024\214\204\375\3705\250\261"
  25      074ACACC 
  25      C1148C84 
  25      FDF835A8 
  25      B1
  26 0023 ADF305FC 		.ascii	"\255\363\005\374g\271g\004\272I\004\002\204\264oDS\213"
  26      67B96704 
  26      BA490402 
  26      84B46F44 
  26      538B
  27 0035 82B5D0A9 		.ascii	"\202\265\320\251\240\035\005\372\001\213\242\317\242"
  27      A01D05FA 
  27      018BA2CF 
  27      A2
  28 0042 2E9806E6 		.ascii	".\230\006\346u\276\220\036\003]L\376\024\020i\242\235"
  28      75BE901E 
  28      035D4CFE 
  28      141069A2 
ARM GAS  C:\Users\victo\AppData\Local\Temp\ccraICyU.s 			page 2


  28      9D
  29 0053 AF4704B5 		.ascii	"\257G\004\265\312\266\247\301\011M\203\013\347"
  29      CAB6A7C1 
  29      094D830B 
  29      E7
  30              		.text
  31              		.section	.gnu.lto_.pureconst.92f65b42,"",%progbits
  32 0000 789C6366 		.ascii	"x\234cf``\340f\200\000V\006)F)&)f)\026\006\000\003\374"
  32      6060E066 
  32      80005606 
  32      29462926 
  32      29662916 
  33 0018 0086     		.ascii	"\000\206"
  34              		.text
  35              		.section	.gnu.lto_PDSS_PORT0_RX_CLK_StartEx.92f65b42,"",%progbits
  36 0000 789C6551 		.ascii	"x\234eQMh\023Q\020\236\357\275}\233\245\251 \336\354"
  36      4D681351 
  36      109EEFBD 
  36      7D9BA5A9 
  36      20DEEC
  37 0013 C94BE9C9 		.ascii	"\311K\351\311\322\2037\017*\011xP04\036<\004B\251A\252"
  37      D283370F 
  37      2A097850 
  37      30341E3C 
  37      0442A941 
  38 0028 A585A21E 		.ascii	"\245\205\242\036\274\370\266]\"\024\017\245P\251H\017"
  38      BCF8B65D 
  38      22140FA5 
  38      50A9480F 
  39 0038 A2E24F62 		.ascii	"\242\342Ob\242\315IA\330V\212\0264\245\007[\010\241"
  39      A2CD4941 
  39      D8568A16 
  39      34A5075B 
  39      08A1
  40 004a 5E525110 		.ascii	"^RQ\0201ZZ\002J\235\311z\250\270\360\336\274\031\276"
  40      315A5A02 
  40      4A9DC97A 
  40      A8B8F0DE 
  40      BC19BE
  41 005d EF9B6F66 		.ascii	"\357\233of5\375\377%\371\030Et\224#\\\202\232\252\022"
  41      35FDFF25 
  41      F9184574 
  41      94235C82 
  41      9AAA12
  42 0070 F99E828E 		.ascii	"\371\236\202\216\036Z\231\233o\210l\207\023\304\310"
  42      1E5A999B 
  42      6F886C87 
  42      13C4C8
  43 007f 769AA87E 		.ascii	"v\232\250~\302\001$\022\350\272\322\306\001\337\221"
  43      C2012412 
  43      E8BAD2C6 
  43      01DF91
  44 008e DE17D554 		.ascii	"\336\027\325T\230\012\013\263\361\236\007\326\332\357"
  44      980A0BB3 
  44      F19E07D6 
  44      DAEF
  45 009c 3F96FD54 		.ascii	"?\226\375T\210\026w\370\251\"\004\036\242\2071K\277"
ARM GAS  C:\Users\victo\AppData\Local\Temp\ccraICyU.s 			page 3


  45      881677F8 
  45      A922041E 
  45      A287314B 
  45      BF
  46 00ad BE85FB74 		.ascii	"\276\205\373t\037\210\337/J[\357\343\237UK\341\220\244"
  46      1F88DF2F 
  46      4A5BEFE3 
  46      9F554BE1 
  46      90A4
  47 00bf 2FA7DFCE 		.ascii	"/\247\337\316\272\222*G\322\345|\351\266\333}\317\332"
  47      BA922A47 
  47      D2E57CE9 
  47      B6DB7DCF 
  47      DA
  48 00d0 F17065DE 		.ascii	"\361pe\336\036wZJ\343\0214\353\3411\272\360\004]\304"
  48      1E775A4A 
  48      E31134EB 
  48      E131BAF0 
  48      045DC4
  49 00e3 254201DD 		.ascii	"%B\001\335\002o\006\277\327\343n\300\315\367G=Q\204"
  49      026F06BF 
  49      D7E36EC0 
  49      CDF7473D 
  49      5184
  50 00f5 0B8EE503 		.ascii	"\013\216\345\003\241\335\335\255\024\027\326\340)\246"
  50      A1DDDDAD 
  50      1417D6E0 
  50      29A6
  51 0103 389A2FF6 		.ascii	"8\232/\366.D#\271+\027Q\203I<lC)\016z\223\245yT]\303"
  51      2E4423B9 
  51      2B175183 
  51      493C6C43 
  51      290E7A93 
  52 011c E2F6E4DA 		.ascii	"\342\366\344\332\222\026\265\035%S\316\324\013\325N"
  52      9216B51D 
  52      2553CED4 
  52      0BD54E
  53 012b B1E95A1B 		.ascii	"\261\351Z\033\330\266\325\217\215\225U\257]\"I\027^"
  53      D8B6D58F 
  53      8D9555AF 
  53      5D224917 
  53      5E
  54 013c 4D5E9BC3 		.ascii	"M^\233\303\035?\340\005\304\360\224\315\226\330,\241"
  54      1D3FE005 
  54      C4F094CD 
  54      96D82CA1 
  55 014c 8C39500D 		.ascii	"\2149P\015\343\0337\352\007#=\315\222\364\001\301\273"
  55      E31B37EA 
  55      07233DCD 
  55      92F401C1 
  55      BB
  56 015d 898B7F0B 		.ascii	"\211\213\177\013{\325\014s\236\011\223\304\235!\376"
  56      7BD50C73 
  56      9E0993C4 
  56      9D21FE
  57 016c 23D864AB 		.ascii	"#\330d\253l\257\206\211z\276\372\311D,\263\243\034&"
  57      6CAF8689 
ARM GAS  C:\Users\victo\AppData\Local\Temp\ccraICyU.s 			page 4


  57      7ABEFAC9 
  57      442CB3A3 
  57      1C26
  58 017e DE9FB955 		.ascii	"\336\237\271U4B\364<\302s&2j+\3775\026\201\004\307\240"
  58      3442F43C 
  58      C2732632 
  58      6A2BFF35 
  58      168104C7 
  59 0193 CADDD7AB 		.ascii	"\312\335\327\253\035\002r|\336\025\003\347\333\300\305"
  59      1D02727C 
  59      DE1503E7 
  59      DBC0C5
  60 01a2 E966F998 		.ascii	"\351f\371\230\000\367\372\367C\363\357\004\025\236\200"
  60      00F7FAF7 
  60      43F3EF04 
  60      159E80
  61 01b1 9568037E 		.ascii	"\225h\003~\270\336n\036y\003{\342\365\035\356\315\234"
  61      B8DE6E1E 
  61      79037BE2 
  61      F51DEECD 
  61      9C
  62 01c2 CC8DE4C6 		.ascii	"\314\215\344\306\006.\347\316g\323\243W\306\006s\231"
  62      062EE7CE 
  62      67D3A357 
  62      C6067399 
  63 01d2 547A3471 		.ascii	"Tz4q$\223J\246\323\331\324\231\376\263}\331\376s\331"
  63      24934AA6 
  63      D3D9D499 
  63      FEB37DD9 
  63      FE73D9
  64 01e5 C4E953BD 		.ascii	"\304\351S\275\203\024\037\030\036\2720\222\030\276\224"
  64      83141F18 
  64      1EBA3092 
  64      18BE94
  65 01f4 1CBAFA07 		.ascii	"\034\272\372\007\373\011\313\231"
  65      FB09CB99 
  66              		.text
  67              		.section	.gnu.lto_PDSS_PORT0_RX_CLK_Stop.92f65b42,"",%progbits
  68 0000 789C6590 		.ascii	"x\234e\220\277KBQ\024\307\317\271\357=\237\244C4\225"
  68      BF4B4251 
  68      14C7CFB9 
  68      EF3D9FA4 
  68      433495
  69 0013 FF8053D6 		.ascii	"\377\200S\326\320\020m\241\340P\220\370\032\032\204"
  69      D0106DA1 
  69      E05090F8 
  69      1A1A84
  70 0022 47D85B1A 		.ascii	"G\330[\032\022\244\226\226\356\253\027\2014\330\020"
  70      12A49696 
  70      EEAB1781 
  70      34D810
  71 0031 0425B444 		.ascii	"\004%\264D?\314\032\032\232\002ki\011\243!\004\021["
  71      3FCC1A1A 
  71      9A026B69 
  71      09A32104 
  71      115B
  72 0043 9E6510A1 		.ascii	"\236e\020\241\005\305\033\302\316\3555\030]\270\277"
ARM GAS  C:\Users\victo\AppData\Local\Temp\ccraICyU.s 			page 5


  72      05C51BC2 
  72      CEED3518 
  72      5DB8BF
  73 0052 CEFD9EEF 		.ascii	"\316\375\236\357\367\303\225\340\377\210\320L\"\300"
  73      F7C395E0 
  73      FF88D04C 
  73      22C0
  74 0060 00EDE801 		.ascii	"\000\355\350\001d\331\022\200\351e(\271\007\211)\353"
  74      64D91280 
  74      E96528B9 
  74      078929EB 
  75 0070 D700BC4B 		.ascii	"\327\000\274K\266T\340~\305\255\217\312\210b\007\204"
  75      B654E07E 
  75      C5AD8FCA 
  75      88620784 
  76 0080 25262932 		.ascii	"%&)2\322\352\372=\263\026\303l1\277\345\013\356q\316"
  76      D2EAFA3D 
  76      B316C36C 
  76      31BFE50B 
  76      EE71CE
  77 0093 9B6FE7BD 		.ascii	"\233o\347\275\253\275\016\003xg\256\000\3671\010\244"
  77      ABBD0E03 
  77      7867AE00 
  77      F73108A4 
  78 00a3 69595F65 		.ascii	"iY_e\237\307\"M\267\373\206\007\350!\0208\355)\362v"
  78      9FC7224D 
  78      B7FB8607 
  78      E8211038 
  78      ED29F276 
  79 00b7 FBCCDE68 		.ascii	"\373\314\336h\214\240\302\300!\024ZHa\323$\010\233\316"
  79      8CA0C2C0 
  79      21145A48 
  79      61D32408 
  79      9BCE
  80 00c9 962AD529 		.ascii	"\226*\325)\221\020\244\012^}d\036w\206E\373'\023\351"
  80      9110A40A 
  80      5E7D641E 
  80      778645FB 
  80      2713E9
  81 00dc 9BD57CC9 		.ascii	"\233\325|\311\337`\016\2238\267\270,\302\036\354\333"
  81      DF600E93 
  81      38B7B82C 
  81      C21EECDB 
  82 00ec 3BEF4F09 		.ascii	";\357O\011\304\365\362\"\263\230\303m\323B\207\311x"
  82      C4F5F222 
  82      B398C36D 
  82      D34287C9 
  82      78
  83 00fd 88013CC2 		.ascii	"\210\001<\302\000\021\3441\207P\301\345\332Z\265\317"
  83      0011E431 
  83      8750C1E5 
  83      DA5AB5CF 
  84 010d F593C812 		.ascii	"\365\223\310\022\356\321\272Y\231\375-t\272\021\020"
  84      EED1BA59 
  84      99FD2D74 
  84      BA1110
  85 011c 1E8B4E10 		.ascii	"\036\213N\020t\012\320Oa\235\311\002\217\260\232\315"
ARM GAS  C:\Users\victo\AppData\Local\Temp\ccraICyU.s 			page 6


  85      740AD04F 
  85      619DC902 
  85      8FB09ACD 
  86 012c 97962ABA 		.ascii	"\227\226*\272:\023\315\242\3627\263@\231$x-\354>\251"
  86      3A13CDA2 
  86      F237B340 
  86      9924782D 
  86      EC3EA9
  87 013f C2134DFA 		.ascii	"\302\023M\372\022\031\360\204^kh\026\313Qa\341& 9Sf"
  87      1219F084 
  87      5E6B6816 
  87      CB5161E1 
  87      26203953 
  88 0154 7F281135 		.ascii	"\177(\0215\346\214\364\364\2741\243k\251\205t\322H\304"
  88      E68CF4F4 
  88      BC31A36B 
  88      A98574D2 
  88      48C4
  89 0166 B4547828 		.ascii	"\264Tx(\021\213h\232\036\233\210O\016\352\361)=<>\026"
  89      118B689A 
  89      1E9B884F 
  89      0EEAF129 
  89      3D3C3E16 
  90 017a 4AC2373C 		.ascii	"J\3027<q\221\226"
  90      719196
  91              		.text
  92              		.section	.gnu.lto_PDSS_PORT0_RX_CLK_SetFractionalDividerRegister.92f65b42,"",%progbits
  93 0000 789C7552 		.ascii	"x\234uR[HTQ\024=\373\334\231;\317D\372\262\371)\220"
  93      5B485451 
  93      143DFBDC 
  93      993BCF44 
  93      FAB2F929 
  94 0015 4182323F 		.ascii	"A\2022?\372\010\202\010\224\242\007dNX\037\003\3034"
  94      FA088208 
  94      94A20764 
  94      4E581F03 
  94      C334
  95 0027 0E219AC2 		.ascii	"\016!\232\302d}\346\035\273\032\210\204LT\246\331\003"
  95      647DE61D 
  95      BB1A8884 
  95      4C54A6D9 
  95      03
  96 0038 931C3535 		.ascii	"\223\03455\355\241\3663\371\243 \032\222(\211\214\357"
  96      EDA1F633 
  96      F9A3201A 
  96      9228898C 
  96      EF
  97 0049 280ACA1C 		.ascii	"(\012\312\034\034\007\224i\357s\264\214\350\302=\217"
  97      1C079469 
  97      EF73B48C 
  97      E8C23D8F 
  98 0059 75F75A7B 		.ascii	"u\367Z{\357\265\257\302\376}\034\370^T\030;\217;(\014"
  98      EFB5AFC2 
  98      FE7D1CF8 
  98      5E54183B 
  98      8F3B280C 
  99 006d 78ED2863 		.ascii	"x\355(cA3\007\240\003\003V\316\241\034\276\360e\016"
ARM GAS  C:\Users\victo\AppData\Local\Temp\ccraICyU.s 			page 7


  99      413307A0 
  99      030356CE 
  99      A11CBEF0 
  99      650E
 100 007f B591B63A 		.ascii	"\265\221\266:[F\263\246i?\346\307\322*\323\022\234\261"
 100      5B46B3A6 
 100      693FE6C7 
 100      D22AD312 
 100      9CB1
 101 0091 152E65E0 		.ascii	"\025.e\340\031d`\310\332\247\251{\026%\013\030\236\207"
 101      196460C8 
 101      DAA7A97B 
 101      16250B18 
 101      9E87
 102 00a3 E7D756EC 		.ascii	"\347\327V\354\237y\202C*]\353'\227b\012]9\247\353\235"
 102      9F798243 
 102      2A5DEB27 
 102      97620A5D 
 102      39A7EB9D 
 103 00b7 960F73DC 		.ascii	"\226\017s\334\331\244i\025\221\365.\355(\342\012\264"
 103      D9A46915 
 103      91F52EED 
 103      28E20AB4 
 104 00c7 80827A10 		.ascii	"\200\202z\020\006\007\264\202\203!\304\240\015\234\244"
 104      0607B482 
 104      8321C4A0 
 104      0D9CA4
 105 00d6 55D36E51 		.ascii	"U\323nQ\016\013\331\365\217\265\217\314\222\370p\301"
 105      0E0BD9F5 
 105      8FB58FCC 
 105      92F870C1 
 106 00e6 884518A0 		.ascii	"\210E\030\240]\362\3669`/\261\014\014\236\203\223b'"
 106      5DF2F639 
 106      602FB10C 
 106      0C9E8393 
 106      6227
 107 00f8 2742D506 		.ascii	"'B\325\006\345\204\340\365u\304Fl\242\234=t\355\017"
 107      E584E0F5 
 107      75C4466C 
 107      A29C3D74 
 107      ED0F
 108 010a 0DD5A9A2 		.ascii	"\015\325\251\242\034\003]\3033#\337\015\351OPu\266\256"
 108      1C035DC3 
 108      3323DF0D 
 108      E94F5075 
 108      B6AE
 109 011c 72D0AE0D 		.ascii	"r\320\256\015i\372l2\271;\301\215\320!\325;\261\252"
 109      69FA6C32 
 109      B93BC18D 
 109      D021D53B 
 109      B1AA
 110 012e 2E706CDA 		.ascii	".pl\332\206\224\232\356\245^\253rV\210G\272j\026\270"
 110      86949AEE 
 110      A55EAB72 
 110      568847BA 
 110      6A16B8
 111 0141 A03FBEDF 		.ascii	"\240?\276\337\254n#w\377\207\274\254oL\332T\035\275"
ARM GAS  C:\Users\victo\AppData\Local\Temp\ccraICyU.s 			page 8


 111      AC6E2377 
 111      FF87BCAC 
 111      6F4CDA54 
 111      1DBD
 112 0153 4C851790 		.ascii	"L\205\027\220\016=\220.\275\204\227\240\002c|\013\355"
 112      0E3D902E 
 112      BD8497A0 
 112      02637C0B 
 112      ED
 113 0164 DC19D192 		.ascii	"\334\031\321\222\311\225\301\320\320\001\236\302\261"
 113      C995C1D0 
 113      D0019EC2 
 113      B1
 114 0171 3B154DC1 		.ascii	";\025M\301o\006 k\214\004\250\264\230h1\003un\241\243"
 114      6F06206B 
 114      8C04A8B4 
 114      98683103 
 114      756EA1A3 
 115 0185 95161B2D 		.ascii	"\225\026\033-v&\324\331\"\312\323L\227p\000\270+S0\260"
 115      7626D4D9 
 115      22CAD34C 
 115      977000B8 
 115      2B5330B0 
 116 0199 5ABD1A3E 		.ascii	"Z\275\032>B\031\343\234\006<\336\360\340v\012yb\322"
 116      4219E39C 
 116      063CDEF0 
 116      E0760A79 
 116      62D2
 117 01ab 755D13BE 		.ascii	"u]\023\276\314,\276\0373\013H\224\035\232\013_o\204"
 117      CC2CBE1F 
 117      330B4894 
 117      1D9A0B5F 
 117      6F84
 118 01bd 86A00E09 		.ascii	"\206\240\016\011n\206W\330\325k\352\012\336@#\260)\270"
 118      6E8657D8 
 118      D56BEA0A 
 118      DE4023B0 
 118      29B8
 119 01cf B156F50D 		.ascii	"\261V\365\015\244\236\"%\343M\263_\201\370X \364b\354"
 119      A49E2225 
 119      E34DB35F 
 119      81F85820 
 119      F462EC
 120 01e2 0470D122 		.ascii	"\004p\321\"\266\200A\310\251\210\336\234h\315\227$c"
 120      B68041C8 
 120      A988DE9C 
 120      68CD9724 
 120      63
 121 01f3 1CA78132 		.ascii	"\034\247\2012\323U\323\273$B \312<\275s\267\335H2\026"
 121      D355D3BB 
 121      244220CA 
 121      3CBD73B7 
 121      DD483216 
 122 0207 33833E94 		.ascii	"3\203>\224\301\240X\325h\253[F\231D>U\252E\267\324,"
 122      C1A058D5 
 122      68AB5B46 
 122      99443E55 
ARM GAS  C:\Users\victo\AppData\Local\Temp\ccraICyU.s 			page 9


 122      AA45B7D4 
 123 021c 716E966A 		.ascii	"qn\226j\343\233EY\021\004\247CV\032\333LaC\034S\334"
 123      E39B4559 
 123      1104A743 
 123      561ADB4C 
 123      61431C53 
 124 0231 1AAE7F27 		.ascii	"\032\256\177'\376O5\011\014\372\377\3448$\303\354\""
 124      FE4F3509 
 124      0CFAFFE4 
 124      3824C3EC 
 124      22
 125 0242 8DED7703 		.ascii	"\215\355w\003=\324\200\035\203\006B\313\321\237&\302"
 125      3DD4801D 
 125      830642CB 
 125      D19F26C2 
 126 0252 B61B148C 		.ascii	"\266\033\024\214\030\377\266\350-ZD\204(\004#\033')"
 126      18FFB6E8 
 126      2D5A4484 
 126      2804231B 
 126      2729
 127 0264 9C7E8545 		.ascii	"\234~\205E\0164\014\034\315\376L\367q\177\211?\340-"
 127      0E340C1C 
 127      CDFE4CF7 
 127      717F893F 
 127      E02D
 128 0276 F317785C 		.ascii	"\363\027x\\\245W\003>\277;\327U\232}\320\235\233\343"
 128      A557033E 
 128      BF3BD755 
 128      9A7DD09D 
 128      9BE3
 129 0288 727972CF 		.ascii	"ryr\317\344\235\313\362\344]\360d\237>\225\351cV_qQ"
 129      E49DCBF2 
 129      E45DF064 
 129      9F3E95E9 
 129      63565F71 
 130 029d 4EE1B5C2 		.ascii	"N\341\265\302\002\177`\007\036\217\005\274\276\262\302"
 130      027F6007 
 130      1E8F05BC 
 130      BEB2C2
 131 02ac D2126FB1 		.ascii	"\322\022o\261\351\262\367JQ\276\267X\015\370/\341\366"
 131      E9B2F74A 
 131      51BEB758 
 131      0DF82FE1 
 131      F6
 132 02bd 0B437047 		.ascii	"\013CpG\003"
 132      03
 133              		.text
 134              		.section	.gnu.lto_PDSS_PORT0_RX_CLK_GetDividerRegister.92f65b42,"",%progbits
 135 0000 789C658E 		.ascii	"x\234e\216\317K\002A\024\307\337{\273.R\021\322\261"
 135      CF4B0241 
 135      14C7DF7B 
 135      BB2E5211 
 135      D2B1
 136 0012 7FC05316 		.ascii	"\177\300S\026\021]:\032t(H\334\016\035\026\266\260\275"
 136      115D3A1A 
 136      742848DC 
 136      0E1D16B6 
ARM GAS  C:\Users\victo\AppData\Local\Temp\ccraICyU.s 			page 10


 136      B0BD
 137 0024 26485D73 		.ascii	"&H]s\264\245\242S\330\017\"\023:\024e\331\366\007t\211"
 137      B4A5A253 
 137      D80F2213 
 137      3A1465D9 
 137      F6077489 
 138 0038 AE811184 		.ascii	"\256\201\021\204\202\320F\242P\267d\245\362\0206/\273"
 138      82D046A2 
 138      50B764A5 
 138      F210362F 
 138      BB
 139 0049 35F0E6CD 		.ascii	"5\360\346\315w\346;\337\367Q\340\377\352\2275\212\000"
 139      77E63BDF 
 139      F751E0FF 
 139      EA97358A 
 139      00
 140 005a 83B2A302 		.ascii	"\203\262\243\002H[E\200\224\237\020\371\000\010I\302"
 140      485B4580 
 140      949F10F9 
 140      000849C2 
 141 006a 24BE5183 		.ascii	"$\276Q\203\360\256\372\345\365\274R\213 \000R\036\224"
 141      F0AEFAE5 
 141      F5BC528B 
 141      2000521E 
 141      94
 142 007b EB4D8525 		.ascii	"\353M\205%\022\313k\257X\325\202'B\244\337\323Os\373"
 142      12CB6BAF 
 142      58D58227 
 142      42A4DFD3 
 142      4F73FB
 143 008e 3B47D822 		.ascii	";G\330\"\002\217\000O\261\037\317\220\007a\036\203\354"
 143      028F004F 
 143      B11FCF90 
 143      07611E83 
 143      EC
 144 009f 6DD8DFE5 		.ascii	"m\330\337\345n\315\026B\004\330!\037\316Q\223\020p\325"
 144      6ECD1642 
 144      04D8211F 
 144      CE519310 
 144      70D5
 145 00b1 7723DA6D 		.ascii	"w#\332m\257\231\331\030#\037A\213\024\2057\0258\013"
 145      AF99D918 
 145      231F418B 
 145      14853715 
 145      380B
 146 00c3 6AB298AA 		.ascii	"j\262\230\252.\205\354J\005o?6K\216\301\277?\211\021"
 146      2E85EC4A 
 146      056F3F36 
 146      4B8EC1BF 
 146      3F8911
 147 00d6 1FB387DB 		.ascii	"\037\263\207\333\275\314\244\332\266-T\236\365\\\273"
 147      BDCCA4DA 
 147      B62D549E 
 147      F55CBB
 148 00e5 7FF0FF5E 		.ascii	"\177\360\377^\001\313\314K~%\207\331\224-\361|x!\321"
 148      01CBCC4B 
 148      7E2587D9 
ARM GAS  C:\Users\victo\AppData\Local\Temp\ccraICyU.s 			page 11


 148      942DF17C 
 148      7821D1
 149 00f8 0A8C8697 		.ascii	"\012\214\206\227\230C\250\340\252\273\346:\303\235@"
 149      9843A8E0 
 149      AABBE63A 
 149      C39D40
 150 0107 A59379BC 		.ascii	"\245\223y\274\273W\360q\200\346\007t\244\271\202iw\275"
 150      BB57F071 
 150      80E60774 
 150      A4B98269 
 150      77BD
 151 0119 E474755C 		.ascii	"\344tu\\\2524\202\213\370\247\2001\221\361$\354@\310"
 151      AA34828B 
 151      F8A78031 
 151      91F124EC 
 151      40C8
 152 012b 98B016AD 		.ascii	"\230\260\026\255\304\374\222\265`\352\361\345D\3142"
 152      C4FC92B5 
 152      60EAF1E5 
 152      44CC32
 153 013a 227A3C3C 		.ascii	"\"z<<bD\306u\335\214LGg\206\314\350\254\031\236\232"
 153      6244C675 
 153      DD8C4C47 
 153      6786CCE8 
 153      AC199E9A 
 154 014e 0CC5E007 		.ascii	"\014\305\340\007%\016\177X"
 154      250E7F58 
 155              		.text
 156              		.section	.gnu.lto_PDSS_PORT0_RX_CLK_GetFractionalDividerRegister.92f65b42,"",%progbits
 157 0000 789C6366 		.ascii	"x\234cf\300\004R@<\001\210\365\201\230\221\231\201\221"
 157      C0045240 
 157      3C0188F5 
 157      81989199 
 157      8191
 158 0012 69C23906 		.ascii	"i\3029\006\206F\016&FF\020\203\201\221\241\236\211\261"
 158      86460E26 
 158      46461083 
 158      8191A19E 
 158      89B1
 159 0024 9EF125D3 		.ascii	"\236\361%\323G&\3063;\377]fT_\332\320\320\364\341\321"
 159      4726C633 
 159      3BFF5D66 
 159      545FDAD0 
 159      D0F4E1D1 
 160 0038 C73BDCAD 		.ascii	"\307;\334\255\022?\231\030\030>310\352H1j\202\314a\\"
 160      123F9918 
 160      183E3331 
 160      30EA4831 
 160      6A82CC61 
 161 004d CEA8CE00 		.ascii	"\316\250\316\000T\370\261\345\357un\266\226\206\206"
 161      54F8B1E5 
 161      EF756EB6 
 161      968686
 162 005c 0601903C 		.ascii	"\006\001\220<Pb\005#\033#\220^/t\240\341\377\377\317"
 162      50620523 
 162      1B23905E 
 162      2F74A0E1 
ARM GAS  C:\Users\victo\AppData\Local\Temp\ccraICyU.s 			page 12


 162      FFFFCF
 163 006f C727BF50 		.ascii	"\307'\277Pg\006\212?\001b\220-O\231\230@4\363=\306\306"
 163      67068A3F 
 163      0162902D 
 163      4F999840 
 163      34F33DC6 
 164 0084 03BBCF31 		.ascii	"\003\273\3171\201T\003M\271\377\344\374E\216\027L?\301"
 164      8154034D 
 164      B9FFE4FC 
 164      458E174C 
 164      3FC1
 165 0096 06AC6404 		.ascii	"\006\254d\004Y\360\204\211\021\244\020(\242\253\027"
 165      59F08489 
 165      11A41028 
 165      A2AB17
 166 00a5 E39E9A97 		.ascii	"\343\236\232\227Z\224X\222\232\022\037\234_Z\224\234"
 166      5A945892 
 166      9A121F9C 
 166      5F5A949C 
 167 00b5 1A13109C 		.ascii	"\032\023\020\234\357l\022\023\340\022\034\034\037\340"
 167      EF6C1213 
 167      E0121C1C 
 167      1FE0
 168 00c3 1F146210 		.ascii	"\037\024b\020\037\024\021\357\354\343\255\227\314\000"
 168      1F1411EF 
 168      ECE3AD97 
 168      CC00
 169 00d1 006A4D45 		.ascii	"\000jME\037"
 169      1F
 170              		.text
 171              		.section	.gnu.lto_.symbol_nodes.92f65b42,"",%progbits
 172 0000 789C55C7 		.ascii	"x\234U\3071\021\000 \014\004\301\313\207\002}\030z\013"
 172      31110020 
 172      0C04C1CB 
 172      87027D18 
 172      7A0B
 173 0012 28605084 		.ascii	"(`P\204&\032\012\262\335&0x\204a\036\260Y\273\243p\224"
 173      261A0AB2 
 173      DD263078 
 173      84611EB0 
 173      59BBA370 
 174 0027 CB2A4F67 		.ascii	"\313*Ogys\373\317\005lA\025\031"
 174      7973FBCF 
 174      056C4115 
 174      19
 175              		.text
 176              		.section	.gnu.lto_.refs.92f65b42,"",%progbits
 177 0000 789C6366 		.ascii	"x\234cf```d\200\002\000\000=\000\005"
 177      60606064 
 177      80020000 
 177      3D0005
 178              		.text
 179              		.section	.gnu.lto_.decls.92f65b42,"",%progbits
 180 0000 789C8D54 		.ascii	"x\234\215T}L[U\024\277\347\335~\320\267\012\373\253"
 180      7D4C5B55 
 180      14BFE7DD 
 180      7ED0B70A 
ARM GAS  C:\Users\victo\AppData\Local\Temp\ccraICyU.s 			page 13


 180      FBAB
 181 0012 D3C63F4A 		.ascii	"\323\306?Jb\210&\210\216\031\343\177\232\200\262\250"
 181      62882688 
 181      8E19E37F 
 181      9A80B2A8 
 182 0022 D1866A62 		.ascii	"\321\206jb2\222\206\260\227\331d\203\245\353\214\363"
 182      329286B0 
 182      97D96483 
 182      A5EB8CF3 
 183 0032 1FDF8049 		.ascii	"\037\337\200I\203nvl\013\035\233[\025\2348\224u\214"
 183      836E766C 
 183      0B1D9B5B 
 183      159C3894 
 183      758C
 184 0044 F1B1E128 		.ascii	"\361\261\341(\233+ \3241!N\214\037\240\316A\226)2d "
 184      9B2B20D4 
 184      31214E8C 
 184      1FA0CE41 
 184      96293264 
 185 0059 CEE7B9F7 		.ascii	"\316\347\271\367\365\343Q\036\306\233\234\366\235s\317"
 185      F5E3511E 
 185      C69B9CF6 
 185      9D73CF
 186 0068 EFFC7EF7 		.ascii	"\357\374~\367\334\363\036%\204l\005B\024\\\333\214\204"
 186      DCF31E25 
 186      846C0542 
 186      145CDB8C 
 186      84
 187 0079 E4E0B309 		.ascii	"\344\340\263\011cN\222Z\030&\355h\235hQ\264A\264a\262"
 187      634E925A 
 187      1826ED68 
 187      9D6851B4 
 187      41B461B2 
 188 008d 72B11C4B 		.ascii	"r\261\034K\034\233\211fE\013\243e\243]A\033C\033E{6"
 188      1C9B8966 
 188      450BA365 
 188      A35D411B 
 188      431B457B 
 189 00a2 9E0F714C 		.ascii	"\236\017qL\372\352\214s:u\260\011\\\247\016\216i\023"
 189      FAEA8C73 
 189      3A75B009 
 189      5CA70E8E 
 189      6913
 190 00b4 D3F87BD0 		.ascii	"\323\370{\320\"\032\035z\032\242:\265\330\031\315iu"
 190      221A1D7A 
 190      1AA23AB5 
 190      D819CD69 
 190      75
 191 00c5 56C30FEA 		.ascii	"V\303\017\352\340\207\343{\021M\236^\317\376\020`\350"
 191      E087E37B 
 191      114D9E5E 
 191      CFFE1060 
 191      E8
 192 00d6 A785DBD6 		.ascii	"\247\205\333\326)\0012\305\265\314m\270v}\216\242k\025"
 192      290132C5 
 192      B5CC6DB8 
 192      767D8EA2 
ARM GAS  C:\Users\victo\AppData\Local\Temp\ccraICyU.s 			page 14


 192      6B15
 193 00e8 05E676B7 		.ascii	"\005\346v\267\316\305\326\360]\007s\317\325\015\004"
 193      CEC5D6F0 
 193      5D0773CF 
 193      D50D04
 194 00f7 4D7CD7C0 		.ascii	"M|\327\300\334\311o\256\365\230\251\000\354\271189&"
 194      DCC96FAE 
 194      F598A900 
 194      ECB93138 
 194      3926
 195 0109 E69E9465 		.ascii	"\346\236\224e\331/G\006 E\260\373\304\371w\314\210\311"
 195      D92F4706 
 195      2045B0FB 
 195      C4F977CC 
 195      88C9
 196 011b 16B9FBE3 		.ascii	"\026\271\373\343\221\305&\013w\331\245gaH\270u\260R"
 196      91C5260B 
 196      77D9A567 
 196      6148B875 
 196      B052
 197 012d 59033962 		.ascii	"Y\0039b\023\202g\232\347\276\275_\226\015\020\006\021"
 197      1382679A 
 197      E7BEBD5F 
 197      960D1006 
 197      11
 198 013e 5A80C227 		.ascii	"Z\200\302'\220\313\016\300\320l\371e\271R\016T\311\226"
 198      90CB0EC0 
 198      D06CF965 
 198      B9520E54 
 198      C996
 199 0150 8D043E06 		.ascii	"\215\004>\006;\234\004;\201S\220\203\011<\025>\305`"
 199      3B9C043B 
 199      81539083 
 199      093C153E 
 199      C560
 200 0162 2B0691AA 		.ascii	"+\006\221\252\266\251\272U4\010\210f\3056q\311\365\325"
 200      B6A9BA55 
 200      34088866 
 200      C53671C9 
 200      F5D5
 201 0174 F52D74DD 		.ascii	"\365-t\335!\231\255*y\255\000N\033|\204\220f\204\020"
 201      2199AD2A 
 201      79AD004E 
 201      1B7C8490 
 201      668410
 202 0187 688375F8 		.ascii	"h\203u\370{\032\014\252\364\211@\355\274\211\346\363"
 202      7B1A0CAA 
 202      F48940ED 
 202      BC89E6F3 
 203 0197 F31D9FAC 		.ascii	"\363\035\237\254j68\216\311\241\360\314\321\237\017"
 203      6A36388E 
 203      C9A1F0CC 
 203      D19F0F
 204 01a6 D0C37268 		.ascii	"\320\303rh\267\374\217\242\000\007\301\231\244R\302"
 204      B7FC8FA2 
 204      0007C199 
 204      A452C2
ARM GAS  C:\Users\victo\AppData\Local\Temp\ccraICyU.s 			page 15


 205 01b5 9ED5A6B7 		.ascii	"\236\325\246\267\203\003\201\035\213\363\247L\2532\236"
 205      8303811D 
 205      8BF3A74C 
 205      AB329E
 206 01c4 E58C9BE2 		.ascii	"\345\214\233\342\204K\255{\247\263\350\033\234\360\310"
 206      844BAD7B 
 206      A7B3E81B 
 206      9CF0C8
 207 01d3 81C36F67 		.ascii	"\201\303ogq\302Po\243\251Y\216(\312\223,\035:4\\\035"
 207      71C2506F 
 207      A3A9598E 
 207      28CA932C 
 207      1D3A345C 
 208 01e8 09AE4ECE 		.ascii	"\011\256N\316\365\336\354o=\026\272\037@\333x\207\332"
 208      F5DEEC6F 
 208      3D16BA1F 
 208      40DB7887 
 208      DA
 209 01f9 F8FA9B0B 		.ascii	"\370\372\233\013\355\031\334U\024\312\332~b\344NCf\262"
 209      ED19DC55 
 209      14CADA7E 
 209      62E44E43 
 209      66B2
 210 020b EDB36ADB 		.ascii	"\355\263j\333{\260S]\251\266;\264mG\371\306\007IR<\234"
 210      7BB0535D 
 210      A9B63BB4 
 210      6D47F9C6 
 210      0749523C 
 211 0220 C7B63BE2 		.ascii	"\307\266;\342m\357\306\3409\265\355_\367\326\324d\320"
 211      6DEFC6E0 
 211      39B5ED5F 
 211      F7D6D464 
 211      D0
 212 0231 E0721136 		.ascii	"\340r\0216U\304\276\241\206>\312]\205m\013\343\343\007"
 212      55C4BEA1 
 212      863ECA5D 
 212      856D0BE3 
 212      E307
 213 0243 17298839 		.ascii	"\027)\2109\274\376L\235L\357%\220k\207\207\260z\037"
 213      BCFE4C9D 
 213      4CEF2590 
 213      6B8787B0 
 213      7A1F
 214 0255 56B7C5AB 		.ascii	"V\267\305\253_\300\352\275X\235I\015u\335\003\020A\231"
 214      5FC0EABD 
 214      589D490D 
 214      75DD0310 
 214      4199
 215 0267 9FA564DA 		.ascii	"\237\245d\332\304\344\270\005\366\364\005\014\374\322"
 215      C4E4B805 
 215      F6F4050C 
 215      FCD2
 216 0275 23C94B5F 		.ascii	"#\311K_\034\217\315\013<\306\216w\021x\260o\246\353"
 216      1C8FCD0B 
 216      3CC68E77 
 216      1178B06F 
 216      A6EB
ARM GAS  C:\Users\victo\AppData\Local\Temp\ccraICyU.s 			page 16


 217 0287 8265D57B 		.ascii	"\202e\325{\371\234\337\313\245\304$|\027\032;m\245\307"
 217      F99CDFCB 
 217      A5C4247C 
 217      171A3B6D 
 217      A5C7
 218 0299 D4338D7E 		.ascii	"\3243\215~\270\267\226\306G\341R\343z\315( \012.k\256"
 218      B8B796C6 
 218      47E152E3 
 218      7ACD2820 
 218      0A2E6BAE 
 219 02ad E772E27A 		.ascii	"\347r\342z\242\374z\376\2745u#SK\311\344\2448\373\227"
 219      A2FC7AFE 
 219      BC357523 
 219      534BC9E4 
 219      A438FB97 
 220 02c1 CDC2D1E9 		.ascii	"\315\302\321\351\232\250\201\306T\312\376\273\376\037"
 220      9AA881C6 
 220      54CAFEBB 
 220      FE1F
 221 02cf 3238E5C4 		.ascii	"28\345\304\324\236\250UV\307\201C`@C8\220 \034\344\204"
 221      D49EA855 
 221      56C78143 
 221      60404338 
 221      90201CE4 
 222 02e4 B196C1B7 		.ascii	"\261\226\301\267@K\030YF\370\3052\302\333\321\35163"
 222      404B1859 
 222      46F8C532 
 222      C2DBD1E9 
 222      3633
 223 02f6 9D5509BF 		.ascii	"\235U\011\277\277S\335&\"a8<\261\357\206\024\251\224"
 223      BF53DD26 
 223      2261383C 
 223      B1EF8614 
 223      A994
 224 0308 FF6653C3 		.ascii	"\377fS\303\0200\244\341\033J\360\0153>Z\367\327\357"
 224      1030A4E1 
 224      1B4AF00D 
 224      333E5AF7 
 224      D7EF
 225 031a 2302D8ED 		.ascii	"#\002\330\355b\020\277\002\013\370~\277\251P\270\002"
 225      6210BF02 
 225      0BF87EBF 
 225      A950B802 
 226 032a 22617EC4 		.ascii	"\"a~\304\277\377\203B\377]\366\332+\357\232y\330\317"
 226      BFFF8342 
 226      FF5DF6DA 
 226      2BEF9A79 
 226      D8CF
 227 033c 84A5BDCD 		.ascii	"\204\245\275\315\204\357\020\370\022\375\030\0333tQ"
 227      84EF10F8 
 227      12FD181B 
 227      337451
 228 034b 90BFAEE3 		.ascii	"\220\277\256\343\246\221\276\257~l\272\017]\355\027"
 228      A691BEAF 
 228      7E6CBA0F 
 228      5DED17
 229 035a 453F3BD4 		.ascii	"E?;\324\377\373\026\010\2213\201%kr\330\203\277n\254"
ARM GAS  C:\Users\victo\AppData\Local\Temp\ccraICyU.s 			page 17


 229      FFFB1608 
 229      91338125 
 229      6B72D883 
 229      BF6EAC
 230 036d 969F8251 		.ascii	"\226\237\202Q\354\306Hj\212\256Bj\332W\026\376J\377"
 230      ECC6486A 
 230      8AAE426A 
 230      DA5716FE 
 230      4AFF
 231 037f 2373FD97 		.ascii	"#s\375\227\343K&km\362\263\304\213\246\3162\006V\336"
 231      E34B266B 
 231      6DF2B3C4 
 231      8BA6CE32 
 231      0656DE
 232 0392 1FF66FDA 		.ascii	"\037\366o\332\351)\367m\3107\025\275\360\262\243\200"
 232      E929F76D 
 232      C83715BD 
 232      F0B2A380 
 233 03a2 641749E5 		.ascii	"d\027I\345\222\267\324'mv\273*vz\313\244\022\247\253"
 233      92B7D427 
 233      6D76BB2A 
 233      767ACBA4 
 233      12A7AB
 234 03b5 A2E0B147 		.ascii	"\242\340\261G\312v\371vm\227v\344\275J\356s\026\272"
 234      CA76F976 
 234      6D9776E4 
 234      BD4AEE73 
 234      16BA
 235 03c7 5C6EE78B 		.ascii	"\\n\347\213\305/=\352.~\305]\360\374sn\227\257\324\353"
 235      C52F3DEA 
 235      2E7EC55D 
 235      F0FC736E 
 235      97AFD4EB 
 236 03db 7BFAF587 		.ascii	"{\372\365\207\363J\364\321%+ ye\304\246W\247b;\227\263"
 236      F34AF4D1 
 236      252B2079 
 236      65C4A657 
 236      A7623B97 
 237 03f0 FE7123FB 		.ascii	"\376q#\373{\"O'G\362=\343--\363y*\312K\267\026z^\363"
 237      7B224F27 
 237      47F23DE3 
 237      2D2DF379 
 237      2ACA4BB7 
 238 0408 6C96BCC5 		.ascii	"l\226\274\305\322\026\317\016\237\344}`ez\221\344KK"
 238      D216CF0E 
 238      9FE47D60 
 238      657A91E4 
 238      4B4B
 239 041a D2A959F4 		.ascii	"\322\251Y\364\0375\215^i\313\206\374\177\001\314\223"
 239      1F358D5E 
 239      69CB86FC 
 239      7F01CC93 
 240 042a 29B7     		.ascii	")\267"
 241              		.text
 242              		.section	.gnu.lto_.symtab.92f65b42,"",%progbits
 243 0000 50445353 		.ascii	"PDSS_PORT0_RX_CLK_StartEx\000\000\000\000\000\000\000"
 243      5F504F52 
ARM GAS  C:\Users\victo\AppData\Local\Temp\ccraICyU.s 			page 18


 243      54305F52 
 243      585F434C 
 243      4B5F5374 
 244 0020 00000000 		.ascii	"\000\000\000\000\000\264\000\000\000PDSS_PORT0_RX_C"
 244      00B40000 
 244      00504453 
 244      535F504F 
 244      5254305F 
 245 0038 4C4B5F53 		.ascii	"LK_Stop\000\000\000\000\000\000\000\000\000\000\000"
 245      746F7000 
 245      00000000 
 245      00000000 
 245      0000
 246 004a 00B70000 		.ascii	"\000\267\000\000\000PDSS_PORT0_RX_CLK_SetFractional"
 246      00504453 
 246      535F504F 
 246      5254305F 
 246      52585F43 
 247 006e 44697669 		.ascii	"DividerRegister\000\000\000\000\000\000\000\000\000"
 247      64657252 
 247      65676973 
 247      74657200 
 247      00000000 
 248 0086 000000C6 		.ascii	"\000\000\000\306\000\000\000PDSS_PORT0_RX_CLK_GetDi"
 248      00000050 
 248      4453535F 
 248      504F5254 
 248      305F5258 
 249 00a4 76696465 		.ascii	"viderRegister\000\000\000\000\000\000\000\000\000\000"
 249      72526567 
 249      69737465 
 249      72000000 
 249      00000000 
 250 00bb 0000C900 		.ascii	"\000\000\311\000\000\000PDSS_PORT0_RX_CLK_GetFracti"
 250      00005044 
 250      53535F50 
 250      4F525430 
 250      5F52585F 
 251 00dc 6F6E616C 		.ascii	"onalDividerRegister\000\000\000\000\000\000\000\000"
 251      44697669 
 251      64657252 
 251      65676973 
 251      74657200 
 252 00f7 00000000 		.ascii	"\000\000\000\000\314\000\000\000"
 252      CC000000 
 253              		.text
 254              		.section	.gnu.lto_.opts,"",%progbits
 255 0000 272D666E 		.ascii	"'-fno-trapv' '-mcpu=cortex-m0' '-mthumb' '-g' '-Os'"
 255      6F2D7472 
 255      61707627 
 255      20272D6D 
 255      6370753D 
 256 0033 20272D57 		.ascii	" '-Werror' '-ffunction-sections' '-finline-function"
 256      6572726F 
 256      72272027 
 256      2D666675 
 256      6E637469 
ARM GAS  C:\Users\victo\AppData\Local\Temp\ccraICyU.s 			page 19


 257 0066 73272027 		.ascii	"s' '-flto' '-ffat-lto-objects' '-fno-strict-aliasin"
 257      2D666C74 
 257      6F272027 
 257      2D666661 
 257      742D6C74 
 258 0099 672700   		.ascii	"g'\000"
 259              		.text
 260              		.cfi_sections	.debug_frame
 261              		.section	.text.PDSS_PORT0_RX_CLK_StartEx,"ax",%progbits
 262              		.align	1
 263              		.global	PDSS_PORT0_RX_CLK_StartEx
 264              		.code	16
 265              		.thumb_func
 266              		.type	PDSS_PORT0_RX_CLK_StartEx, %function
 267              	PDSS_PORT0_RX_CLK_StartEx:
 268              	.LFB0:
 269              		.file 1 ".\\Generated_Source\\PSoC4\\PDSS_PORT0_RX_CLK.c"
   1:.\Generated_Source\PSoC4/PDSS_PORT0_RX_CLK.c **** /*******************************************************************************
   2:.\Generated_Source\PSoC4/PDSS_PORT0_RX_CLK.c **** * File Name: PDSS_PORT0_RX_CLK.c
   3:.\Generated_Source\PSoC4/PDSS_PORT0_RX_CLK.c **** * Version 2.20
   4:.\Generated_Source\PSoC4/PDSS_PORT0_RX_CLK.c **** *
   5:.\Generated_Source\PSoC4/PDSS_PORT0_RX_CLK.c **** *  Description:
   6:.\Generated_Source\PSoC4/PDSS_PORT0_RX_CLK.c **** *   Provides system API for the clocking, interrupts and watchdog timer.
   7:.\Generated_Source\PSoC4/PDSS_PORT0_RX_CLK.c **** *
   8:.\Generated_Source\PSoC4/PDSS_PORT0_RX_CLK.c **** *  Note:
   9:.\Generated_Source\PSoC4/PDSS_PORT0_RX_CLK.c **** *   Documentation of the API's in this file is located in the
  10:.\Generated_Source\PSoC4/PDSS_PORT0_RX_CLK.c **** *   System Reference Guide provided with PSoC Creator.
  11:.\Generated_Source\PSoC4/PDSS_PORT0_RX_CLK.c **** *
  12:.\Generated_Source\PSoC4/PDSS_PORT0_RX_CLK.c **** ********************************************************************************
  13:.\Generated_Source\PSoC4/PDSS_PORT0_RX_CLK.c **** * Copyright 2008-2012, Cypress Semiconductor Corporation.  All rights reserved.
  14:.\Generated_Source\PSoC4/PDSS_PORT0_RX_CLK.c **** * You may use this file only in accordance with the license, terms, conditions,
  15:.\Generated_Source\PSoC4/PDSS_PORT0_RX_CLK.c **** * disclaimers, and limitations in the end user license agreement accompanying
  16:.\Generated_Source\PSoC4/PDSS_PORT0_RX_CLK.c **** * the software package with which this file was provided.
  17:.\Generated_Source\PSoC4/PDSS_PORT0_RX_CLK.c **** *******************************************************************************/
  18:.\Generated_Source\PSoC4/PDSS_PORT0_RX_CLK.c **** 
  19:.\Generated_Source\PSoC4/PDSS_PORT0_RX_CLK.c **** #include <cydevice_trm.h>
  20:.\Generated_Source\PSoC4/PDSS_PORT0_RX_CLK.c **** #include "PDSS_PORT0_RX_CLK.h"
  21:.\Generated_Source\PSoC4/PDSS_PORT0_RX_CLK.c **** 
  22:.\Generated_Source\PSoC4/PDSS_PORT0_RX_CLK.c **** #if defined CYREG_PERI_DIV_CMD
  23:.\Generated_Source\PSoC4/PDSS_PORT0_RX_CLK.c **** 
  24:.\Generated_Source\PSoC4/PDSS_PORT0_RX_CLK.c **** /*******************************************************************************
  25:.\Generated_Source\PSoC4/PDSS_PORT0_RX_CLK.c **** * Function Name: PDSS_PORT0_RX_CLK_StartEx
  26:.\Generated_Source\PSoC4/PDSS_PORT0_RX_CLK.c **** ********************************************************************************
  27:.\Generated_Source\PSoC4/PDSS_PORT0_RX_CLK.c **** *
  28:.\Generated_Source\PSoC4/PDSS_PORT0_RX_CLK.c **** * Summary:
  29:.\Generated_Source\PSoC4/PDSS_PORT0_RX_CLK.c **** *  Starts the clock, aligned to the specified running clock.
  30:.\Generated_Source\PSoC4/PDSS_PORT0_RX_CLK.c **** *
  31:.\Generated_Source\PSoC4/PDSS_PORT0_RX_CLK.c **** * Parameters:
  32:.\Generated_Source\PSoC4/PDSS_PORT0_RX_CLK.c **** *  alignClkDiv:  The divider to which phase alignment is performed when the
  33:.\Generated_Source\PSoC4/PDSS_PORT0_RX_CLK.c **** *    clock is started.
  34:.\Generated_Source\PSoC4/PDSS_PORT0_RX_CLK.c **** *
  35:.\Generated_Source\PSoC4/PDSS_PORT0_RX_CLK.c **** * Returns:
  36:.\Generated_Source\PSoC4/PDSS_PORT0_RX_CLK.c **** *  None
  37:.\Generated_Source\PSoC4/PDSS_PORT0_RX_CLK.c **** *
  38:.\Generated_Source\PSoC4/PDSS_PORT0_RX_CLK.c **** *******************************************************************************/
  39:.\Generated_Source\PSoC4/PDSS_PORT0_RX_CLK.c **** void PDSS_PORT0_RX_CLK_StartEx(uint32 alignClkDiv)
  40:.\Generated_Source\PSoC4/PDSS_PORT0_RX_CLK.c **** {
ARM GAS  C:\Users\victo\AppData\Local\Temp\ccraICyU.s 			page 20


 270              		.loc 1 40 0
 271              		.cfi_startproc
 272              	.LVL0:
 273              	.L2:
  41:.\Generated_Source\PSoC4/PDSS_PORT0_RX_CLK.c ****     /* Make sure any previous start command has finished. */
  42:.\Generated_Source\PSoC4/PDSS_PORT0_RX_CLK.c ****     while((PDSS_PORT0_RX_CLK_CMD_REG & PDSS_PORT0_RX_CLK_CMD_ENABLE_MASK) != 0u)
 274              		.loc 1 42 0 discriminator 1
 275 0000 044B     		ldr	r3, .L4
 276 0002 1A68     		ldr	r2, [r3]
 277 0004 002A     		cmp	r2, #0
 278 0006 FBDB     		blt	.L2
  43:.\Generated_Source\PSoC4/PDSS_PORT0_RX_CLK.c ****     {
  44:.\Generated_Source\PSoC4/PDSS_PORT0_RX_CLK.c ****     }
  45:.\Generated_Source\PSoC4/PDSS_PORT0_RX_CLK.c ****     
  46:.\Generated_Source\PSoC4/PDSS_PORT0_RX_CLK.c ****     /* Specify the target divider and it's alignment divider, and enable. */
  47:.\Generated_Source\PSoC4/PDSS_PORT0_RX_CLK.c ****     PDSS_PORT0_RX_CLK_CMD_REG =
  48:.\Generated_Source\PSoC4/PDSS_PORT0_RX_CLK.c ****         ((uint32)PDSS_PORT0_RX_CLK__DIV_ID << PDSS_PORT0_RX_CLK_CMD_DIV_SHIFT)|
  49:.\Generated_Source\PSoC4/PDSS_PORT0_RX_CLK.c ****         (alignClkDiv << PDSS_PORT0_RX_CLK_CMD_PA_DIV_SHIFT) |
 279              		.loc 1 49 0
 280 0008 034A     		ldr	r2, .L4+4
 281 000a 0002     		lsl	r0, r0, #8
 282              	.LVL1:
 283 000c 1043     		orr	r0, r2
  47:.\Generated_Source\PSoC4/PDSS_PORT0_RX_CLK.c ****         ((uint32)PDSS_PORT0_RX_CLK__DIV_ID << PDSS_PORT0_RX_CLK_CMD_DIV_SHIFT)|
 284              		.loc 1 47 0
 285 000e 1860     		str	r0, [r3]
  50:.\Generated_Source\PSoC4/PDSS_PORT0_RX_CLK.c ****         (uint32)PDSS_PORT0_RX_CLK_CMD_ENABLE_MASK;
  51:.\Generated_Source\PSoC4/PDSS_PORT0_RX_CLK.c **** }
 286              		.loc 1 51 0
 287              		@ sp needed
 288 0010 7047     		bx	lr
 289              	.L5:
 290 0012 C046     		.align	2
 291              	.L4:
 292 0014 00000140 		.word	1073807360
 293 0018 01000080 		.word	-2147483647
 294              		.cfi_endproc
 295              	.LFE0:
 296              		.size	PDSS_PORT0_RX_CLK_StartEx, .-PDSS_PORT0_RX_CLK_StartEx
 297              		.section	.text.PDSS_PORT0_RX_CLK_Stop,"ax",%progbits
 298              		.align	1
 299              		.global	PDSS_PORT0_RX_CLK_Stop
 300              		.code	16
 301              		.thumb_func
 302              		.type	PDSS_PORT0_RX_CLK_Stop, %function
 303              	PDSS_PORT0_RX_CLK_Stop:
 304              	.LFB1:
  52:.\Generated_Source\PSoC4/PDSS_PORT0_RX_CLK.c **** 
  53:.\Generated_Source\PSoC4/PDSS_PORT0_RX_CLK.c **** #else
  54:.\Generated_Source\PSoC4/PDSS_PORT0_RX_CLK.c **** 
  55:.\Generated_Source\PSoC4/PDSS_PORT0_RX_CLK.c **** /*******************************************************************************
  56:.\Generated_Source\PSoC4/PDSS_PORT0_RX_CLK.c **** * Function Name: PDSS_PORT0_RX_CLK_Start
  57:.\Generated_Source\PSoC4/PDSS_PORT0_RX_CLK.c **** ********************************************************************************
  58:.\Generated_Source\PSoC4/PDSS_PORT0_RX_CLK.c **** *
  59:.\Generated_Source\PSoC4/PDSS_PORT0_RX_CLK.c **** * Summary:
  60:.\Generated_Source\PSoC4/PDSS_PORT0_RX_CLK.c **** *  Starts the clock.
  61:.\Generated_Source\PSoC4/PDSS_PORT0_RX_CLK.c **** *
ARM GAS  C:\Users\victo\AppData\Local\Temp\ccraICyU.s 			page 21


  62:.\Generated_Source\PSoC4/PDSS_PORT0_RX_CLK.c **** * Parameters:
  63:.\Generated_Source\PSoC4/PDSS_PORT0_RX_CLK.c **** *  None
  64:.\Generated_Source\PSoC4/PDSS_PORT0_RX_CLK.c **** *
  65:.\Generated_Source\PSoC4/PDSS_PORT0_RX_CLK.c **** * Returns:
  66:.\Generated_Source\PSoC4/PDSS_PORT0_RX_CLK.c **** *  None
  67:.\Generated_Source\PSoC4/PDSS_PORT0_RX_CLK.c **** *
  68:.\Generated_Source\PSoC4/PDSS_PORT0_RX_CLK.c **** *******************************************************************************/
  69:.\Generated_Source\PSoC4/PDSS_PORT0_RX_CLK.c **** 
  70:.\Generated_Source\PSoC4/PDSS_PORT0_RX_CLK.c **** void PDSS_PORT0_RX_CLK_Start(void)
  71:.\Generated_Source\PSoC4/PDSS_PORT0_RX_CLK.c **** {
  72:.\Generated_Source\PSoC4/PDSS_PORT0_RX_CLK.c ****     /* Set the bit to enable the clock. */
  73:.\Generated_Source\PSoC4/PDSS_PORT0_RX_CLK.c ****     PDSS_PORT0_RX_CLK_ENABLE_REG |= PDSS_PORT0_RX_CLK__ENABLE_MASK;
  74:.\Generated_Source\PSoC4/PDSS_PORT0_RX_CLK.c **** }
  75:.\Generated_Source\PSoC4/PDSS_PORT0_RX_CLK.c **** 
  76:.\Generated_Source\PSoC4/PDSS_PORT0_RX_CLK.c **** #endif /* CYREG_PERI_DIV_CMD */
  77:.\Generated_Source\PSoC4/PDSS_PORT0_RX_CLK.c **** 
  78:.\Generated_Source\PSoC4/PDSS_PORT0_RX_CLK.c **** 
  79:.\Generated_Source\PSoC4/PDSS_PORT0_RX_CLK.c **** /*******************************************************************************
  80:.\Generated_Source\PSoC4/PDSS_PORT0_RX_CLK.c **** * Function Name: PDSS_PORT0_RX_CLK_Stop
  81:.\Generated_Source\PSoC4/PDSS_PORT0_RX_CLK.c **** ********************************************************************************
  82:.\Generated_Source\PSoC4/PDSS_PORT0_RX_CLK.c **** *
  83:.\Generated_Source\PSoC4/PDSS_PORT0_RX_CLK.c **** * Summary:
  84:.\Generated_Source\PSoC4/PDSS_PORT0_RX_CLK.c **** *  Stops the clock and returns immediately. This API does not require the
  85:.\Generated_Source\PSoC4/PDSS_PORT0_RX_CLK.c **** *  source clock to be running but may return before the hardware is actually
  86:.\Generated_Source\PSoC4/PDSS_PORT0_RX_CLK.c **** *  disabled.
  87:.\Generated_Source\PSoC4/PDSS_PORT0_RX_CLK.c **** *
  88:.\Generated_Source\PSoC4/PDSS_PORT0_RX_CLK.c **** * Parameters:
  89:.\Generated_Source\PSoC4/PDSS_PORT0_RX_CLK.c **** *  None
  90:.\Generated_Source\PSoC4/PDSS_PORT0_RX_CLK.c **** *
  91:.\Generated_Source\PSoC4/PDSS_PORT0_RX_CLK.c **** * Returns:
  92:.\Generated_Source\PSoC4/PDSS_PORT0_RX_CLK.c **** *  None
  93:.\Generated_Source\PSoC4/PDSS_PORT0_RX_CLK.c **** *
  94:.\Generated_Source\PSoC4/PDSS_PORT0_RX_CLK.c **** *******************************************************************************/
  95:.\Generated_Source\PSoC4/PDSS_PORT0_RX_CLK.c **** void PDSS_PORT0_RX_CLK_Stop(void)
  96:.\Generated_Source\PSoC4/PDSS_PORT0_RX_CLK.c **** {
 305              		.loc 1 96 0
 306              		.cfi_startproc
 307              	.L7:
  97:.\Generated_Source\PSoC4/PDSS_PORT0_RX_CLK.c **** #if defined CYREG_PERI_DIV_CMD
  98:.\Generated_Source\PSoC4/PDSS_PORT0_RX_CLK.c **** 
  99:.\Generated_Source\PSoC4/PDSS_PORT0_RX_CLK.c ****     /* Make sure any previous start command has finished. */
 100:.\Generated_Source\PSoC4/PDSS_PORT0_RX_CLK.c ****     while((PDSS_PORT0_RX_CLK_CMD_REG & PDSS_PORT0_RX_CLK_CMD_ENABLE_MASK) != 0u)
 308              		.loc 1 100 0 discriminator 1
 309 0000 034B     		ldr	r3, .L8
 310 0002 1A68     		ldr	r2, [r3]
 311 0004 002A     		cmp	r2, #0
 312 0006 FBDB     		blt	.L7
 101:.\Generated_Source\PSoC4/PDSS_PORT0_RX_CLK.c ****     {
 102:.\Generated_Source\PSoC4/PDSS_PORT0_RX_CLK.c ****     }
 103:.\Generated_Source\PSoC4/PDSS_PORT0_RX_CLK.c ****     
 104:.\Generated_Source\PSoC4/PDSS_PORT0_RX_CLK.c ****     /* Specify the target divider and it's alignment divider, and disable. */
 105:.\Generated_Source\PSoC4/PDSS_PORT0_RX_CLK.c ****     PDSS_PORT0_RX_CLK_CMD_REG =
 313              		.loc 1 105 0
 314 0008 024A     		ldr	r2, .L8+4
 106:.\Generated_Source\PSoC4/PDSS_PORT0_RX_CLK.c ****         ((uint32)PDSS_PORT0_RX_CLK__DIV_ID << PDSS_PORT0_RX_CLK_CMD_DIV_SHIFT)|
 107:.\Generated_Source\PSoC4/PDSS_PORT0_RX_CLK.c ****         ((uint32)PDSS_PORT0_RX_CLK_CMD_DISABLE_MASK);
 108:.\Generated_Source\PSoC4/PDSS_PORT0_RX_CLK.c **** 
ARM GAS  C:\Users\victo\AppData\Local\Temp\ccraICyU.s 			page 22


 109:.\Generated_Source\PSoC4/PDSS_PORT0_RX_CLK.c **** #else
 110:.\Generated_Source\PSoC4/PDSS_PORT0_RX_CLK.c **** 
 111:.\Generated_Source\PSoC4/PDSS_PORT0_RX_CLK.c ****     /* Clear the bit to disable the clock. */
 112:.\Generated_Source\PSoC4/PDSS_PORT0_RX_CLK.c ****     PDSS_PORT0_RX_CLK_ENABLE_REG &= (uint32)(~PDSS_PORT0_RX_CLK__ENABLE_MASK);
 113:.\Generated_Source\PSoC4/PDSS_PORT0_RX_CLK.c ****     
 114:.\Generated_Source\PSoC4/PDSS_PORT0_RX_CLK.c **** #endif /* CYREG_PERI_DIV_CMD */
 115:.\Generated_Source\PSoC4/PDSS_PORT0_RX_CLK.c **** }
 315              		.loc 1 115 0
 316              		@ sp needed
 105:.\Generated_Source\PSoC4/PDSS_PORT0_RX_CLK.c ****         ((uint32)PDSS_PORT0_RX_CLK__DIV_ID << PDSS_PORT0_RX_CLK_CMD_DIV_SHIFT)|
 317              		.loc 1 105 0
 318 000a 1A60     		str	r2, [r3]
 319              		.loc 1 115 0
 320 000c 7047     		bx	lr
 321              	.L9:
 322 000e C046     		.align	2
 323              	.L8:
 324 0010 00000140 		.word	1073807360
 325 0014 01000040 		.word	1073741825
 326              		.cfi_endproc
 327              	.LFE1:
 328              		.size	PDSS_PORT0_RX_CLK_Stop, .-PDSS_PORT0_RX_CLK_Stop
 329              		.section	.text.PDSS_PORT0_RX_CLK_SetFractionalDividerRegister,"ax",%progbits
 330              		.align	1
 331              		.global	PDSS_PORT0_RX_CLK_SetFractionalDividerRegister
 332              		.code	16
 333              		.thumb_func
 334              		.type	PDSS_PORT0_RX_CLK_SetFractionalDividerRegister, %function
 335              	PDSS_PORT0_RX_CLK_SetFractionalDividerRegister:
 336              	.LFB2:
 116:.\Generated_Source\PSoC4/PDSS_PORT0_RX_CLK.c **** 
 117:.\Generated_Source\PSoC4/PDSS_PORT0_RX_CLK.c **** 
 118:.\Generated_Source\PSoC4/PDSS_PORT0_RX_CLK.c **** /*******************************************************************************
 119:.\Generated_Source\PSoC4/PDSS_PORT0_RX_CLK.c **** * Function Name: PDSS_PORT0_RX_CLK_SetFractionalDividerRegister
 120:.\Generated_Source\PSoC4/PDSS_PORT0_RX_CLK.c **** ********************************************************************************
 121:.\Generated_Source\PSoC4/PDSS_PORT0_RX_CLK.c **** *
 122:.\Generated_Source\PSoC4/PDSS_PORT0_RX_CLK.c **** * Summary:
 123:.\Generated_Source\PSoC4/PDSS_PORT0_RX_CLK.c **** *  Modifies the clock divider and the fractional divider.
 124:.\Generated_Source\PSoC4/PDSS_PORT0_RX_CLK.c **** *
 125:.\Generated_Source\PSoC4/PDSS_PORT0_RX_CLK.c **** * Parameters:
 126:.\Generated_Source\PSoC4/PDSS_PORT0_RX_CLK.c **** *  clkDivider:  Divider register value (0-65535). This value is NOT the
 127:.\Generated_Source\PSoC4/PDSS_PORT0_RX_CLK.c **** *    divider; the clock hardware divides by clkDivider plus one. For example,
 128:.\Generated_Source\PSoC4/PDSS_PORT0_RX_CLK.c **** *    to divide the clock by 2, this parameter should be set to 1.
 129:.\Generated_Source\PSoC4/PDSS_PORT0_RX_CLK.c **** *  fracDivider:  Fractional Divider register value (0-31).
 130:.\Generated_Source\PSoC4/PDSS_PORT0_RX_CLK.c **** * Returns:
 131:.\Generated_Source\PSoC4/PDSS_PORT0_RX_CLK.c **** *  None
 132:.\Generated_Source\PSoC4/PDSS_PORT0_RX_CLK.c **** *
 133:.\Generated_Source\PSoC4/PDSS_PORT0_RX_CLK.c **** *******************************************************************************/
 134:.\Generated_Source\PSoC4/PDSS_PORT0_RX_CLK.c **** void PDSS_PORT0_RX_CLK_SetFractionalDividerRegister(uint16 clkDivider, uint8 clkFractional)
 135:.\Generated_Source\PSoC4/PDSS_PORT0_RX_CLK.c **** {
 337              		.loc 1 135 0
 338              		.cfi_startproc
 339              	.LVL2:
 136:.\Generated_Source\PSoC4/PDSS_PORT0_RX_CLK.c ****     uint32 maskVal;
 137:.\Generated_Source\PSoC4/PDSS_PORT0_RX_CLK.c ****     uint32 regVal;
 138:.\Generated_Source\PSoC4/PDSS_PORT0_RX_CLK.c ****     
 139:.\Generated_Source\PSoC4/PDSS_PORT0_RX_CLK.c **** #if defined (PDSS_PORT0_RX_CLK__FRAC_MASK) || defined (CYREG_PERI_DIV_CMD)
ARM GAS  C:\Users\victo\AppData\Local\Temp\ccraICyU.s 			page 23


 140:.\Generated_Source\PSoC4/PDSS_PORT0_RX_CLK.c ****     
 141:.\Generated_Source\PSoC4/PDSS_PORT0_RX_CLK.c **** 	/* get all but divider bits */
 142:.\Generated_Source\PSoC4/PDSS_PORT0_RX_CLK.c ****     maskVal = PDSS_PORT0_RX_CLK_DIV_REG & 
 143:.\Generated_Source\PSoC4/PDSS_PORT0_RX_CLK.c ****                     (uint32)(~(uint32)(PDSS_PORT0_RX_CLK_DIV_INT_MASK | PDSS_PORT0_RX_CLK_DIV_FRAC_
 144:.\Generated_Source\PSoC4/PDSS_PORT0_RX_CLK.c **** 	/* combine mask and new divider vals into 32-bit value */
 145:.\Generated_Source\PSoC4/PDSS_PORT0_RX_CLK.c ****     regVal = maskVal |
 146:.\Generated_Source\PSoC4/PDSS_PORT0_RX_CLK.c ****         ((uint32)((uint32)clkDivider <<  PDSS_PORT0_RX_CLK_DIV_INT_SHIFT) & PDSS_PORT0_RX_CLK_DIV_I
 147:.\Generated_Source\PSoC4/PDSS_PORT0_RX_CLK.c ****         ((uint32)((uint32)clkFractional << PDSS_PORT0_RX_CLK_DIV_FRAC_SHIFT) & PDSS_PORT0_RX_CLK_DI
 340              		.loc 1 147 0
 341 0000 FF22     		mov	r2, #255
 142:.\Generated_Source\PSoC4/PDSS_PORT0_RX_CLK.c ****                     (uint32)(~(uint32)(PDSS_PORT0_RX_CLK_DIV_INT_MASK | PDSS_PORT0_RX_CLK_DIV_FRAC_
 342              		.loc 1 142 0
 343 0002 0723     		mov	r3, #7
 135:.\Generated_Source\PSoC4/PDSS_PORT0_RX_CLK.c ****     uint32 maskVal;
 344              		.loc 1 135 0
 345 0004 30B5     		push	{r4, r5, lr}
 346              		.cfi_def_cfa_offset 12
 347              		.cfi_offset 4, -12
 348              		.cfi_offset 5, -8
 349              		.cfi_offset 14, -4
 142:.\Generated_Source\PSoC4/PDSS_PORT0_RX_CLK.c ****                     (uint32)(~(uint32)(PDSS_PORT0_RX_CLK_DIV_INT_MASK | PDSS_PORT0_RX_CLK_DIV_FRAC_
 350              		.loc 1 142 0
 351 0006 054C     		ldr	r4, .L11
 352              		.loc 1 147 0
 353 0008 C900     		lsl	r1, r1, #3
 354              	.LVL3:
 142:.\Generated_Source\PSoC4/PDSS_PORT0_RX_CLK.c ****                     (uint32)(~(uint32)(PDSS_PORT0_RX_CLK_DIV_INT_MASK | PDSS_PORT0_RX_CLK_DIV_FRAC_
 355              		.loc 1 142 0
 356 000a 2568     		ldr	r5, [r4]
 357              	.LVL4:
 146:.\Generated_Source\PSoC4/PDSS_PORT0_RX_CLK.c ****         ((uint32)((uint32)clkFractional << PDSS_PORT0_RX_CLK_DIV_FRAC_SHIFT) & PDSS_PORT0_RX_CLK_DI
 358              		.loc 1 146 0
 359 000c 0002     		lsl	r0, r0, #8
 360              	.LVL5:
 361              		.loc 1 147 0
 362 000e 1140     		and	r1, r2
 142:.\Generated_Source\PSoC4/PDSS_PORT0_RX_CLK.c ****                     (uint32)(~(uint32)(PDSS_PORT0_RX_CLK_DIV_INT_MASK | PDSS_PORT0_RX_CLK_DIV_FRAC_
 363              		.loc 1 142 0
 364 0010 2B40     		and	r3, r5
 365              	.LVL6:
 366 0012 0143     		orr	r1, r0
 145:.\Generated_Source\PSoC4/PDSS_PORT0_RX_CLK.c ****         ((uint32)((uint32)clkDivider <<  PDSS_PORT0_RX_CLK_DIV_INT_SHIFT) & PDSS_PORT0_RX_CLK_DIV_I
 367              		.loc 1 145 0
 368 0014 1943     		orr	r1, r3
 369              	.LVL7:
 148:.\Generated_Source\PSoC4/PDSS_PORT0_RX_CLK.c ****     
 149:.\Generated_Source\PSoC4/PDSS_PORT0_RX_CLK.c **** #else
 150:.\Generated_Source\PSoC4/PDSS_PORT0_RX_CLK.c ****     /* get all but integer divider bits */
 151:.\Generated_Source\PSoC4/PDSS_PORT0_RX_CLK.c ****     maskVal = PDSS_PORT0_RX_CLK_DIV_REG & (uint32)(~(uint32)PDSS_PORT0_RX_CLK__DIVIDER_MASK);
 152:.\Generated_Source\PSoC4/PDSS_PORT0_RX_CLK.c ****     /* combine mask and new divider val into 32-bit value */
 153:.\Generated_Source\PSoC4/PDSS_PORT0_RX_CLK.c ****     regVal = clkDivider | maskVal;
 154:.\Generated_Source\PSoC4/PDSS_PORT0_RX_CLK.c ****     
 155:.\Generated_Source\PSoC4/PDSS_PORT0_RX_CLK.c **** #endif /* PDSS_PORT0_RX_CLK__FRAC_MASK || CYREG_PERI_DIV_CMD */
 156:.\Generated_Source\PSoC4/PDSS_PORT0_RX_CLK.c **** 
 157:.\Generated_Source\PSoC4/PDSS_PORT0_RX_CLK.c ****     PDSS_PORT0_RX_CLK_DIV_REG = regVal;
 370              		.loc 1 157 0
 371 0016 2160     		str	r1, [r4]
ARM GAS  C:\Users\victo\AppData\Local\Temp\ccraICyU.s 			page 24


 158:.\Generated_Source\PSoC4/PDSS_PORT0_RX_CLK.c **** }
 372              		.loc 1 158 0
 373              		@ sp needed
 374 0018 30BD     		pop	{r4, r5, pc}
 375              	.L12:
 376 001a C046     		.align	2
 377              	.L11:
 378 001c 04020140 		.word	1073807876
 379              		.cfi_endproc
 380              	.LFE2:
 381              		.size	PDSS_PORT0_RX_CLK_SetFractionalDividerRegister, .-PDSS_PORT0_RX_CLK_SetFractionalDividerRegi
 382              		.section	.text.PDSS_PORT0_RX_CLK_GetDividerRegister,"ax",%progbits
 383              		.align	1
 384              		.global	PDSS_PORT0_RX_CLK_GetDividerRegister
 385              		.code	16
 386              		.thumb_func
 387              		.type	PDSS_PORT0_RX_CLK_GetDividerRegister, %function
 388              	PDSS_PORT0_RX_CLK_GetDividerRegister:
 389              	.LFB3:
 159:.\Generated_Source\PSoC4/PDSS_PORT0_RX_CLK.c **** 
 160:.\Generated_Source\PSoC4/PDSS_PORT0_RX_CLK.c **** 
 161:.\Generated_Source\PSoC4/PDSS_PORT0_RX_CLK.c **** /*******************************************************************************
 162:.\Generated_Source\PSoC4/PDSS_PORT0_RX_CLK.c **** * Function Name: PDSS_PORT0_RX_CLK_GetDividerRegister
 163:.\Generated_Source\PSoC4/PDSS_PORT0_RX_CLK.c **** ********************************************************************************
 164:.\Generated_Source\PSoC4/PDSS_PORT0_RX_CLK.c **** *
 165:.\Generated_Source\PSoC4/PDSS_PORT0_RX_CLK.c **** * Summary:
 166:.\Generated_Source\PSoC4/PDSS_PORT0_RX_CLK.c **** *  Gets the clock divider register value.
 167:.\Generated_Source\PSoC4/PDSS_PORT0_RX_CLK.c **** *
 168:.\Generated_Source\PSoC4/PDSS_PORT0_RX_CLK.c **** * Parameters:
 169:.\Generated_Source\PSoC4/PDSS_PORT0_RX_CLK.c **** *  None
 170:.\Generated_Source\PSoC4/PDSS_PORT0_RX_CLK.c **** *
 171:.\Generated_Source\PSoC4/PDSS_PORT0_RX_CLK.c **** * Returns:
 172:.\Generated_Source\PSoC4/PDSS_PORT0_RX_CLK.c **** *  Divide value of the clock minus 1. For example, if the clock is set to
 173:.\Generated_Source\PSoC4/PDSS_PORT0_RX_CLK.c **** *  divide by 2, the return value will be 1.
 174:.\Generated_Source\PSoC4/PDSS_PORT0_RX_CLK.c **** *
 175:.\Generated_Source\PSoC4/PDSS_PORT0_RX_CLK.c **** *******************************************************************************/
 176:.\Generated_Source\PSoC4/PDSS_PORT0_RX_CLK.c **** uint16 PDSS_PORT0_RX_CLK_GetDividerRegister(void)
 177:.\Generated_Source\PSoC4/PDSS_PORT0_RX_CLK.c **** {
 390              		.loc 1 177 0
 391              		.cfi_startproc
 178:.\Generated_Source\PSoC4/PDSS_PORT0_RX_CLK.c ****     return (uint16)((PDSS_PORT0_RX_CLK_DIV_REG & PDSS_PORT0_RX_CLK_DIV_INT_MASK)
 392              		.loc 1 178 0
 393 0000 024B     		ldr	r3, .L14
 179:.\Generated_Source\PSoC4/PDSS_PORT0_RX_CLK.c ****         >> PDSS_PORT0_RX_CLK_DIV_INT_SHIFT);
 180:.\Generated_Source\PSoC4/PDSS_PORT0_RX_CLK.c **** }
 394              		.loc 1 180 0
 395              		@ sp needed
 178:.\Generated_Source\PSoC4/PDSS_PORT0_RX_CLK.c ****     return (uint16)((PDSS_PORT0_RX_CLK_DIV_REG & PDSS_PORT0_RX_CLK_DIV_INT_MASK)
 396              		.loc 1 178 0
 397 0002 1868     		ldr	r0, [r3]
 179:.\Generated_Source\PSoC4/PDSS_PORT0_RX_CLK.c ****         >> PDSS_PORT0_RX_CLK_DIV_INT_SHIFT);
 398              		.loc 1 179 0
 399 0004 000A     		lsr	r0, r0, #8
 178:.\Generated_Source\PSoC4/PDSS_PORT0_RX_CLK.c ****     return (uint16)((PDSS_PORT0_RX_CLK_DIV_REG & PDSS_PORT0_RX_CLK_DIV_INT_MASK)
 400              		.loc 1 178 0
 401 0006 80B2     		uxth	r0, r0
 402              		.loc 1 180 0
ARM GAS  C:\Users\victo\AppData\Local\Temp\ccraICyU.s 			page 25


 403 0008 7047     		bx	lr
 404              	.L15:
 405 000a C046     		.align	2
 406              	.L14:
 407 000c 04020140 		.word	1073807876
 408              		.cfi_endproc
 409              	.LFE3:
 410              		.size	PDSS_PORT0_RX_CLK_GetDividerRegister, .-PDSS_PORT0_RX_CLK_GetDividerRegister
 411              		.section	.text.PDSS_PORT0_RX_CLK_GetFractionalDividerRegister,"ax",%progbits
 412              		.align	1
 413              		.global	PDSS_PORT0_RX_CLK_GetFractionalDividerRegister
 414              		.code	16
 415              		.thumb_func
 416              		.type	PDSS_PORT0_RX_CLK_GetFractionalDividerRegister, %function
 417              	PDSS_PORT0_RX_CLK_GetFractionalDividerRegister:
 418              	.LFB4:
 181:.\Generated_Source\PSoC4/PDSS_PORT0_RX_CLK.c **** 
 182:.\Generated_Source\PSoC4/PDSS_PORT0_RX_CLK.c **** 
 183:.\Generated_Source\PSoC4/PDSS_PORT0_RX_CLK.c **** /*******************************************************************************
 184:.\Generated_Source\PSoC4/PDSS_PORT0_RX_CLK.c **** * Function Name: PDSS_PORT0_RX_CLK_GetFractionalDividerRegister
 185:.\Generated_Source\PSoC4/PDSS_PORT0_RX_CLK.c **** ********************************************************************************
 186:.\Generated_Source\PSoC4/PDSS_PORT0_RX_CLK.c **** *
 187:.\Generated_Source\PSoC4/PDSS_PORT0_RX_CLK.c **** * Summary:
 188:.\Generated_Source\PSoC4/PDSS_PORT0_RX_CLK.c **** *  Gets the clock fractional divider register value.
 189:.\Generated_Source\PSoC4/PDSS_PORT0_RX_CLK.c **** *
 190:.\Generated_Source\PSoC4/PDSS_PORT0_RX_CLK.c **** * Parameters:
 191:.\Generated_Source\PSoC4/PDSS_PORT0_RX_CLK.c **** *  None
 192:.\Generated_Source\PSoC4/PDSS_PORT0_RX_CLK.c **** *
 193:.\Generated_Source\PSoC4/PDSS_PORT0_RX_CLK.c **** * Returns:
 194:.\Generated_Source\PSoC4/PDSS_PORT0_RX_CLK.c **** *  Fractional Divide value of the clock
 195:.\Generated_Source\PSoC4/PDSS_PORT0_RX_CLK.c **** *  0 if the fractional divider is not in use.
 196:.\Generated_Source\PSoC4/PDSS_PORT0_RX_CLK.c **** *
 197:.\Generated_Source\PSoC4/PDSS_PORT0_RX_CLK.c **** *******************************************************************************/
 198:.\Generated_Source\PSoC4/PDSS_PORT0_RX_CLK.c **** uint8 PDSS_PORT0_RX_CLK_GetFractionalDividerRegister(void)
 199:.\Generated_Source\PSoC4/PDSS_PORT0_RX_CLK.c **** {
 419              		.loc 1 199 0
 420              		.cfi_startproc
 200:.\Generated_Source\PSoC4/PDSS_PORT0_RX_CLK.c **** #if defined (PDSS_PORT0_RX_CLK__FRAC_MASK)
 201:.\Generated_Source\PSoC4/PDSS_PORT0_RX_CLK.c ****     /* return fractional divider bits */
 202:.\Generated_Source\PSoC4/PDSS_PORT0_RX_CLK.c ****     return (uint8)((PDSS_PORT0_RX_CLK_DIV_REG & PDSS_PORT0_RX_CLK_DIV_FRAC_MASK)
 203:.\Generated_Source\PSoC4/PDSS_PORT0_RX_CLK.c ****         >> PDSS_PORT0_RX_CLK_DIV_FRAC_SHIFT);
 204:.\Generated_Source\PSoC4/PDSS_PORT0_RX_CLK.c **** #else
 205:.\Generated_Source\PSoC4/PDSS_PORT0_RX_CLK.c ****     return 0u;
 206:.\Generated_Source\PSoC4/PDSS_PORT0_RX_CLK.c **** #endif /* PDSS_PORT0_RX_CLK__FRAC_MASK */
 207:.\Generated_Source\PSoC4/PDSS_PORT0_RX_CLK.c **** }
 421              		.loc 1 207 0
 422 0000 0020     		mov	r0, #0
 423              		@ sp needed
 424 0002 7047     		bx	lr
 425              		.cfi_endproc
 426              	.LFE4:
 427              		.size	PDSS_PORT0_RX_CLK_GetFractionalDividerRegister, .-PDSS_PORT0_RX_CLK_GetFractionalDividerRegi
 428              		.text
 429              	.Letext0:
 430              		.file 2 "Generated_Source\\PSoC4/cytypes.h"
 431              		.section	.debug_info,"",%progbits
 432              	.Ldebug_info0:
ARM GAS  C:\Users\victo\AppData\Local\Temp\ccraICyU.s 			page 26


 433 0000 62010000 		.4byte	0x162
 434 0004 0400     		.2byte	0x4
 435 0006 00000000 		.4byte	.Ldebug_abbrev0
 436 000a 04       		.byte	0x4
 437 000b 01       		.uleb128 0x1
 438 000c 1D010000 		.4byte	.LASF25
 439 0010 01       		.byte	0x1
 440 0011 16020000 		.4byte	.LASF26
 441 0015 AF000000 		.4byte	.LASF27
 442 0019 00000000 		.4byte	.Ldebug_ranges0+0
 443 001d 00000000 		.4byte	0
 444 0021 00000000 		.4byte	.Ldebug_line0
 445 0025 02       		.uleb128 0x2
 446 0026 01       		.byte	0x1
 447 0027 06       		.byte	0x6
 448 0028 86020000 		.4byte	.LASF0
 449 002c 02       		.uleb128 0x2
 450 002d 01       		.byte	0x1
 451 002e 08       		.byte	0x8
 452 002f 2E000000 		.4byte	.LASF1
 453 0033 02       		.uleb128 0x2
 454 0034 02       		.byte	0x2
 455 0035 05       		.byte	0x5
 456 0036 48020000 		.4byte	.LASF2
 457 003a 02       		.uleb128 0x2
 458 003b 02       		.byte	0x2
 459 003c 07       		.byte	0x7
 460 003d 4E000000 		.4byte	.LASF3
 461 0041 02       		.uleb128 0x2
 462 0042 04       		.byte	0x4
 463 0043 05       		.byte	0x5
 464 0044 7D020000 		.4byte	.LASF4
 465 0048 02       		.uleb128 0x2
 466 0049 04       		.byte	0x4
 467 004a 07       		.byte	0x7
 468 004b 3C000000 		.4byte	.LASF5
 469 004f 02       		.uleb128 0x2
 470 0050 08       		.byte	0x8
 471 0051 05       		.byte	0x5
 472 0052 08020000 		.4byte	.LASF6
 473 0056 02       		.uleb128 0x2
 474 0057 08       		.byte	0x8
 475 0058 07       		.byte	0x7
 476 0059 06010000 		.4byte	.LASF7
 477 005d 03       		.uleb128 0x3
 478 005e 04       		.byte	0x4
 479 005f 05       		.byte	0x5
 480 0060 696E7400 		.ascii	"int\000"
 481 0064 02       		.uleb128 0x2
 482 0065 04       		.byte	0x4
 483 0066 07       		.byte	0x7
 484 0067 A2000000 		.4byte	.LASF8
 485 006b 04       		.uleb128 0x4
 486 006c 77020000 		.4byte	.LASF9
 487 0070 02       		.byte	0x2
 488 0071 9801     		.2byte	0x198
 489 0073 2C000000 		.4byte	0x2c
ARM GAS  C:\Users\victo\AppData\Local\Temp\ccraICyU.s 			page 27


 490 0077 04       		.uleb128 0x4
 491 0078 94000000 		.4byte	.LASF10
 492 007c 02       		.byte	0x2
 493 007d 9901     		.2byte	0x199
 494 007f 3A000000 		.4byte	0x3a
 495 0083 04       		.uleb128 0x4
 496 0084 9B000000 		.4byte	.LASF11
 497 0088 02       		.byte	0x2
 498 0089 9A01     		.2byte	0x19a
 499 008b 48000000 		.4byte	0x48
 500 008f 02       		.uleb128 0x2
 501 0090 04       		.byte	0x4
 502 0091 04       		.byte	0x4
 503 0092 28000000 		.4byte	.LASF12
 504 0096 02       		.uleb128 0x2
 505 0097 08       		.byte	0x8
 506 0098 04       		.byte	0x4
 507 0099 6C000000 		.4byte	.LASF13
 508 009d 02       		.uleb128 0x2
 509 009e 01       		.byte	0x1
 510 009f 08       		.byte	0x8
 511 00a0 43020000 		.4byte	.LASF14
 512 00a4 04       		.uleb128 0x4
 513 00a5 1A000000 		.4byte	.LASF15
 514 00a9 02       		.byte	0x2
 515 00aa 4402     		.2byte	0x244
 516 00ac B0000000 		.4byte	0xb0
 517 00b0 05       		.uleb128 0x5
 518 00b1 83000000 		.4byte	0x83
 519 00b5 06       		.uleb128 0x6
 520 00b6 00000000 		.4byte	.LASF16
 521 00ba 01       		.byte	0x1
 522 00bb 27       		.byte	0x27
 523 00bc 00000000 		.4byte	.LFB0
 524 00c0 1C000000 		.4byte	.LFE0-.LFB0
 525 00c4 01       		.uleb128 0x1
 526 00c5 9C       		.byte	0x9c
 527 00c6 DA000000 		.4byte	0xda
 528 00ca 07       		.uleb128 0x7
 529 00cb 7A000000 		.4byte	.LASF18
 530 00cf 01       		.byte	0x1
 531 00d0 27       		.byte	0x27
 532 00d1 83000000 		.4byte	0x83
 533 00d5 00000000 		.4byte	.LLST0
 534 00d9 00       		.byte	0
 535 00da 08       		.uleb128 0x8
 536 00db 92020000 		.4byte	.LASF28
 537 00df 01       		.byte	0x1
 538 00e0 5F       		.byte	0x5f
 539 00e1 00000000 		.4byte	.LFB1
 540 00e5 18000000 		.4byte	.LFE1-.LFB1
 541 00e9 01       		.uleb128 0x1
 542 00ea 9C       		.byte	0x9c
 543 00eb 06       		.uleb128 0x6
 544 00ec A9020000 		.4byte	.LASF17
 545 00f0 01       		.byte	0x1
 546 00f1 86       		.byte	0x86
ARM GAS  C:\Users\victo\AppData\Local\Temp\ccraICyU.s 			page 28


 547 00f2 00000000 		.4byte	.LFB2
 548 00f6 20000000 		.4byte	.LFE2-.LFB2
 549 00fa 01       		.uleb128 0x1
 550 00fb 9C       		.byte	0x9c
 551 00fc 3B010000 		.4byte	0x13b
 552 0100 07       		.uleb128 0x7
 553 0101 61000000 		.4byte	.LASF19
 554 0105 01       		.byte	0x1
 555 0106 86       		.byte	0x86
 556 0107 77000000 		.4byte	0x77
 557 010b 21000000 		.4byte	.LLST1
 558 010f 07       		.uleb128 0x7
 559 0110 86000000 		.4byte	.LASF20
 560 0114 01       		.byte	0x1
 561 0115 86       		.byte	0x86
 562 0116 6B000000 		.4byte	0x6b
 563 011a 42000000 		.4byte	.LLST2
 564 011e 09       		.uleb128 0x9
 565 011f 20000000 		.4byte	.LASF21
 566 0123 01       		.byte	0x1
 567 0124 88       		.byte	0x88
 568 0125 83000000 		.4byte	0x83
 569 0129 63000000 		.4byte	.LLST3
 570 012d 0A       		.uleb128 0xa
 571 012e 73000000 		.4byte	.LASF22
 572 0132 01       		.byte	0x1
 573 0133 89       		.byte	0x89
 574 0134 83000000 		.4byte	0x83
 575 0138 01       		.uleb128 0x1
 576 0139 51       		.byte	0x51
 577 013a 00       		.byte	0
 578 013b 0B       		.uleb128 0xb
 579 013c 52020000 		.4byte	.LASF23
 580 0140 01       		.byte	0x1
 581 0141 B0       		.byte	0xb0
 582 0142 77000000 		.4byte	0x77
 583 0146 00000000 		.4byte	.LFB3
 584 014a 10000000 		.4byte	.LFE3-.LFB3
 585 014e 01       		.uleb128 0x1
 586 014f 9C       		.byte	0x9c
 587 0150 0B       		.uleb128 0xb
 588 0151 D9010000 		.4byte	.LASF24
 589 0155 01       		.byte	0x1
 590 0156 C6       		.byte	0xc6
 591 0157 6B000000 		.4byte	0x6b
 592 015b 00000000 		.4byte	.LFB4
 593 015f 04000000 		.4byte	.LFE4-.LFB4
 594 0163 01       		.uleb128 0x1
 595 0164 9C       		.byte	0x9c
 596 0165 00       		.byte	0
 597              		.section	.debug_abbrev,"",%progbits
 598              	.Ldebug_abbrev0:
 599 0000 01       		.uleb128 0x1
 600 0001 11       		.uleb128 0x11
 601 0002 01       		.byte	0x1
 602 0003 25       		.uleb128 0x25
 603 0004 0E       		.uleb128 0xe
ARM GAS  C:\Users\victo\AppData\Local\Temp\ccraICyU.s 			page 29


 604 0005 13       		.uleb128 0x13
 605 0006 0B       		.uleb128 0xb
 606 0007 03       		.uleb128 0x3
 607 0008 0E       		.uleb128 0xe
 608 0009 1B       		.uleb128 0x1b
 609 000a 0E       		.uleb128 0xe
 610 000b 55       		.uleb128 0x55
 611 000c 17       		.uleb128 0x17
 612 000d 11       		.uleb128 0x11
 613 000e 01       		.uleb128 0x1
 614 000f 10       		.uleb128 0x10
 615 0010 17       		.uleb128 0x17
 616 0011 00       		.byte	0
 617 0012 00       		.byte	0
 618 0013 02       		.uleb128 0x2
 619 0014 24       		.uleb128 0x24
 620 0015 00       		.byte	0
 621 0016 0B       		.uleb128 0xb
 622 0017 0B       		.uleb128 0xb
 623 0018 3E       		.uleb128 0x3e
 624 0019 0B       		.uleb128 0xb
 625 001a 03       		.uleb128 0x3
 626 001b 0E       		.uleb128 0xe
 627 001c 00       		.byte	0
 628 001d 00       		.byte	0
 629 001e 03       		.uleb128 0x3
 630 001f 24       		.uleb128 0x24
 631 0020 00       		.byte	0
 632 0021 0B       		.uleb128 0xb
 633 0022 0B       		.uleb128 0xb
 634 0023 3E       		.uleb128 0x3e
 635 0024 0B       		.uleb128 0xb
 636 0025 03       		.uleb128 0x3
 637 0026 08       		.uleb128 0x8
 638 0027 00       		.byte	0
 639 0028 00       		.byte	0
 640 0029 04       		.uleb128 0x4
 641 002a 16       		.uleb128 0x16
 642 002b 00       		.byte	0
 643 002c 03       		.uleb128 0x3
 644 002d 0E       		.uleb128 0xe
 645 002e 3A       		.uleb128 0x3a
 646 002f 0B       		.uleb128 0xb
 647 0030 3B       		.uleb128 0x3b
 648 0031 05       		.uleb128 0x5
 649 0032 49       		.uleb128 0x49
 650 0033 13       		.uleb128 0x13
 651 0034 00       		.byte	0
 652 0035 00       		.byte	0
 653 0036 05       		.uleb128 0x5
 654 0037 35       		.uleb128 0x35
 655 0038 00       		.byte	0
 656 0039 49       		.uleb128 0x49
 657 003a 13       		.uleb128 0x13
 658 003b 00       		.byte	0
 659 003c 00       		.byte	0
 660 003d 06       		.uleb128 0x6
ARM GAS  C:\Users\victo\AppData\Local\Temp\ccraICyU.s 			page 30


 661 003e 2E       		.uleb128 0x2e
 662 003f 01       		.byte	0x1
 663 0040 3F       		.uleb128 0x3f
 664 0041 19       		.uleb128 0x19
 665 0042 03       		.uleb128 0x3
 666 0043 0E       		.uleb128 0xe
 667 0044 3A       		.uleb128 0x3a
 668 0045 0B       		.uleb128 0xb
 669 0046 3B       		.uleb128 0x3b
 670 0047 0B       		.uleb128 0xb
 671 0048 27       		.uleb128 0x27
 672 0049 19       		.uleb128 0x19
 673 004a 11       		.uleb128 0x11
 674 004b 01       		.uleb128 0x1
 675 004c 12       		.uleb128 0x12
 676 004d 06       		.uleb128 0x6
 677 004e 40       		.uleb128 0x40
 678 004f 18       		.uleb128 0x18
 679 0050 9742     		.uleb128 0x2117
 680 0052 19       		.uleb128 0x19
 681 0053 01       		.uleb128 0x1
 682 0054 13       		.uleb128 0x13
 683 0055 00       		.byte	0
 684 0056 00       		.byte	0
 685 0057 07       		.uleb128 0x7
 686 0058 05       		.uleb128 0x5
 687 0059 00       		.byte	0
 688 005a 03       		.uleb128 0x3
 689 005b 0E       		.uleb128 0xe
 690 005c 3A       		.uleb128 0x3a
 691 005d 0B       		.uleb128 0xb
 692 005e 3B       		.uleb128 0x3b
 693 005f 0B       		.uleb128 0xb
 694 0060 49       		.uleb128 0x49
 695 0061 13       		.uleb128 0x13
 696 0062 02       		.uleb128 0x2
 697 0063 17       		.uleb128 0x17
 698 0064 00       		.byte	0
 699 0065 00       		.byte	0
 700 0066 08       		.uleb128 0x8
 701 0067 2E       		.uleb128 0x2e
 702 0068 00       		.byte	0
 703 0069 3F       		.uleb128 0x3f
 704 006a 19       		.uleb128 0x19
 705 006b 03       		.uleb128 0x3
 706 006c 0E       		.uleb128 0xe
 707 006d 3A       		.uleb128 0x3a
 708 006e 0B       		.uleb128 0xb
 709 006f 3B       		.uleb128 0x3b
 710 0070 0B       		.uleb128 0xb
 711 0071 27       		.uleb128 0x27
 712 0072 19       		.uleb128 0x19
 713 0073 11       		.uleb128 0x11
 714 0074 01       		.uleb128 0x1
 715 0075 12       		.uleb128 0x12
 716 0076 06       		.uleb128 0x6
 717 0077 40       		.uleb128 0x40
ARM GAS  C:\Users\victo\AppData\Local\Temp\ccraICyU.s 			page 31


 718 0078 18       		.uleb128 0x18
 719 0079 9742     		.uleb128 0x2117
 720 007b 19       		.uleb128 0x19
 721 007c 00       		.byte	0
 722 007d 00       		.byte	0
 723 007e 09       		.uleb128 0x9
 724 007f 34       		.uleb128 0x34
 725 0080 00       		.byte	0
 726 0081 03       		.uleb128 0x3
 727 0082 0E       		.uleb128 0xe
 728 0083 3A       		.uleb128 0x3a
 729 0084 0B       		.uleb128 0xb
 730 0085 3B       		.uleb128 0x3b
 731 0086 0B       		.uleb128 0xb
 732 0087 49       		.uleb128 0x49
 733 0088 13       		.uleb128 0x13
 734 0089 02       		.uleb128 0x2
 735 008a 17       		.uleb128 0x17
 736 008b 00       		.byte	0
 737 008c 00       		.byte	0
 738 008d 0A       		.uleb128 0xa
 739 008e 34       		.uleb128 0x34
 740 008f 00       		.byte	0
 741 0090 03       		.uleb128 0x3
 742 0091 0E       		.uleb128 0xe
 743 0092 3A       		.uleb128 0x3a
 744 0093 0B       		.uleb128 0xb
 745 0094 3B       		.uleb128 0x3b
 746 0095 0B       		.uleb128 0xb
 747 0096 49       		.uleb128 0x49
 748 0097 13       		.uleb128 0x13
 749 0098 02       		.uleb128 0x2
 750 0099 18       		.uleb128 0x18
 751 009a 00       		.byte	0
 752 009b 00       		.byte	0
 753 009c 0B       		.uleb128 0xb
 754 009d 2E       		.uleb128 0x2e
 755 009e 00       		.byte	0
 756 009f 3F       		.uleb128 0x3f
 757 00a0 19       		.uleb128 0x19
 758 00a1 03       		.uleb128 0x3
 759 00a2 0E       		.uleb128 0xe
 760 00a3 3A       		.uleb128 0x3a
 761 00a4 0B       		.uleb128 0xb
 762 00a5 3B       		.uleb128 0x3b
 763 00a6 0B       		.uleb128 0xb
 764 00a7 27       		.uleb128 0x27
 765 00a8 19       		.uleb128 0x19
 766 00a9 49       		.uleb128 0x49
 767 00aa 13       		.uleb128 0x13
 768 00ab 11       		.uleb128 0x11
 769 00ac 01       		.uleb128 0x1
 770 00ad 12       		.uleb128 0x12
 771 00ae 06       		.uleb128 0x6
 772 00af 40       		.uleb128 0x40
 773 00b0 18       		.uleb128 0x18
 774 00b1 9742     		.uleb128 0x2117
ARM GAS  C:\Users\victo\AppData\Local\Temp\ccraICyU.s 			page 32


 775 00b3 19       		.uleb128 0x19
 776 00b4 00       		.byte	0
 777 00b5 00       		.byte	0
 778 00b6 00       		.byte	0
 779              		.section	.debug_loc,"",%progbits
 780              	.Ldebug_loc0:
 781              	.LLST0:
 782 0000 00000000 		.4byte	.LVL0
 783 0004 0C000000 		.4byte	.LVL1
 784 0008 0100     		.2byte	0x1
 785 000a 50       		.byte	0x50
 786 000b 0C000000 		.4byte	.LVL1
 787 000f 1C000000 		.4byte	.LFE0
 788 0013 0400     		.2byte	0x4
 789 0015 F3       		.byte	0xf3
 790 0016 01       		.uleb128 0x1
 791 0017 50       		.byte	0x50
 792 0018 9F       		.byte	0x9f
 793 0019 00000000 		.4byte	0
 794 001d 00000000 		.4byte	0
 795              	.LLST1:
 796 0021 00000000 		.4byte	.LVL2
 797 0025 0E000000 		.4byte	.LVL5
 798 0029 0100     		.2byte	0x1
 799 002b 50       		.byte	0x50
 800 002c 0E000000 		.4byte	.LVL5
 801 0030 20000000 		.4byte	.LFE2
 802 0034 0400     		.2byte	0x4
 803 0036 F3       		.byte	0xf3
 804 0037 01       		.uleb128 0x1
 805 0038 50       		.byte	0x50
 806 0039 9F       		.byte	0x9f
 807 003a 00000000 		.4byte	0
 808 003e 00000000 		.4byte	0
 809              	.LLST2:
 810 0042 00000000 		.4byte	.LVL2
 811 0046 0A000000 		.4byte	.LVL3
 812 004a 0100     		.2byte	0x1
 813 004c 51       		.byte	0x51
 814 004d 0A000000 		.4byte	.LVL3
 815 0051 20000000 		.4byte	.LFE2
 816 0055 0400     		.2byte	0x4
 817 0057 F3       		.byte	0xf3
 818 0058 01       		.uleb128 0x1
 819 0059 51       		.byte	0x51
 820 005a 9F       		.byte	0x9f
 821 005b 00000000 		.4byte	0
 822 005f 00000000 		.4byte	0
 823              	.LLST3:
 824 0063 0C000000 		.4byte	.LVL4
 825 0067 12000000 		.4byte	.LVL6
 826 006b 0500     		.2byte	0x5
 827 006d 75       		.byte	0x75
 828 006e 00       		.sleb128 0
 829 006f 37       		.byte	0x37
 830 0070 1A       		.byte	0x1a
 831 0071 9F       		.byte	0x9f
ARM GAS  C:\Users\victo\AppData\Local\Temp\ccraICyU.s 			page 33


 832 0072 12000000 		.4byte	.LVL6
 833 0076 20000000 		.4byte	.LFE2
 834 007a 0100     		.2byte	0x1
 835 007c 53       		.byte	0x53
 836 007d 00000000 		.4byte	0
 837 0081 00000000 		.4byte	0
 838              		.section	.debug_aranges,"",%progbits
 839 0000 3C000000 		.4byte	0x3c
 840 0004 0200     		.2byte	0x2
 841 0006 00000000 		.4byte	.Ldebug_info0
 842 000a 04       		.byte	0x4
 843 000b 00       		.byte	0
 844 000c 0000     		.2byte	0
 845 000e 0000     		.2byte	0
 846 0010 00000000 		.4byte	.LFB0
 847 0014 1C000000 		.4byte	.LFE0-.LFB0
 848 0018 00000000 		.4byte	.LFB1
 849 001c 18000000 		.4byte	.LFE1-.LFB1
 850 0020 00000000 		.4byte	.LFB2
 851 0024 20000000 		.4byte	.LFE2-.LFB2
 852 0028 00000000 		.4byte	.LFB3
 853 002c 10000000 		.4byte	.LFE3-.LFB3
 854 0030 00000000 		.4byte	.LFB4
 855 0034 04000000 		.4byte	.LFE4-.LFB4
 856 0038 00000000 		.4byte	0
 857 003c 00000000 		.4byte	0
 858              		.section	.debug_ranges,"",%progbits
 859              	.Ldebug_ranges0:
 860 0000 00000000 		.4byte	.LFB0
 861 0004 1C000000 		.4byte	.LFE0
 862 0008 00000000 		.4byte	.LFB1
 863 000c 18000000 		.4byte	.LFE1
 864 0010 00000000 		.4byte	.LFB2
 865 0014 20000000 		.4byte	.LFE2
 866 0018 00000000 		.4byte	.LFB3
 867 001c 10000000 		.4byte	.LFE3
 868 0020 00000000 		.4byte	.LFB4
 869 0024 04000000 		.4byte	.LFE4
 870 0028 00000000 		.4byte	0
 871 002c 00000000 		.4byte	0
 872              		.section	.debug_line,"",%progbits
 873              	.Ldebug_line0:
 874 0000 EC000000 		.section	.debug_str,"MS",%progbits,1
 874      02006700 
 874      00000201 
 874      FB0E0D00 
 874      01010101 
 875              	.LASF16:
 876 0000 50445353 		.ascii	"PDSS_PORT0_RX_CLK_StartEx\000"
 876      5F504F52 
 876      54305F52 
 876      585F434C 
 876      4B5F5374 
 877              	.LASF15:
 878 001a 72656733 		.ascii	"reg32\000"
 878      3200
 879              	.LASF21:
ARM GAS  C:\Users\victo\AppData\Local\Temp\ccraICyU.s 			page 34


 880 0020 6D61736B 		.ascii	"maskVal\000"
 880      56616C00 
 881              	.LASF12:
 882 0028 666C6F61 		.ascii	"float\000"
 882      7400
 883              	.LASF1:
 884 002e 756E7369 		.ascii	"unsigned char\000"
 884      676E6564 
 884      20636861 
 884      7200
 885              	.LASF5:
 886 003c 6C6F6E67 		.ascii	"long unsigned int\000"
 886      20756E73 
 886      69676E65 
 886      6420696E 
 886      7400
 887              	.LASF3:
 888 004e 73686F72 		.ascii	"short unsigned int\000"
 888      7420756E 
 888      7369676E 
 888      65642069 
 888      6E7400
 889              	.LASF19:
 890 0061 636C6B44 		.ascii	"clkDivider\000"
 890      69766964 
 890      657200
 891              	.LASF13:
 892 006c 646F7562 		.ascii	"double\000"
 892      6C6500
 893              	.LASF22:
 894 0073 72656756 		.ascii	"regVal\000"
 894      616C00
 895              	.LASF18:
 896 007a 616C6967 		.ascii	"alignClkDiv\000"
 896      6E436C6B 
 896      44697600 
 897              	.LASF20:
 898 0086 636C6B46 		.ascii	"clkFractional\000"
 898      72616374 
 898      696F6E61 
 898      6C00
 899              	.LASF10:
 900 0094 75696E74 		.ascii	"uint16\000"
 900      313600
 901              	.LASF11:
 902 009b 75696E74 		.ascii	"uint32\000"
 902      333200
 903              	.LASF8:
 904 00a2 756E7369 		.ascii	"unsigned int\000"
 904      676E6564 
 904      20696E74 
 904      00
 905              	.LASF27:
 906 00af 433A5C76 		.ascii	"C:\\victor0617\\github_code\\CY4541\\CYPD4225-40LQX"
 906      6963746F 
 906      72303631 
 906      375C6769 
ARM GAS  C:\Users\victo\AppData\Local\Temp\ccraICyU.s 			page 35


 906      74687562 
 907 00de 495F3038 		.ascii	"I_0805\\CYPD4225-40LQXI_notebook01.cydsn\000"
 907      30355C43 
 907      59504434 
 907      3232352D 
 907      34304C51 
 908              	.LASF7:
 909 0106 6C6F6E67 		.ascii	"long long unsigned int\000"
 909      206C6F6E 
 909      6720756E 
 909      7369676E 
 909      65642069 
 910              	.LASF25:
 911 011d 474E5520 		.ascii	"GNU C 4.9.3 20150303 (release) [ARM/embedded-4_9-br"
 911      4320342E 
 911      392E3320 
 911      32303135 
 911      30333033 
 912 0150 616E6368 		.ascii	"anch revision 221220] -mcpu=cortex-m0 -mthumb -g -O"
 912      20726576 
 912      6973696F 
 912      6E203232 
 912      31323230 
 913 0183 73202D66 		.ascii	"s -ffunction-sections -finline-functions -flto -ffa"
 913      66756E63 
 913      74696F6E 
 913      2D736563 
 913      74696F6E 
 914 01b6 742D6C74 		.ascii	"t-lto-objects -fno-strict-aliasing\000"
 914      6F2D6F62 
 914      6A656374 
 914      73202D66 
 914      6E6F2D73 
 915              	.LASF24:
 916 01d9 50445353 		.ascii	"PDSS_PORT0_RX_CLK_GetFractionalDividerRegister\000"
 916      5F504F52 
 916      54305F52 
 916      585F434C 
 916      4B5F4765 
 917              	.LASF6:
 918 0208 6C6F6E67 		.ascii	"long long int\000"
 918      206C6F6E 
 918      6720696E 
 918      7400
 919              	.LASF26:
 920 0216 2E5C4765 		.ascii	".\\Generated_Source\\PSoC4\\PDSS_PORT0_RX_CLK.c\000"
 920      6E657261 
 920      7465645F 
 920      536F7572 
 920      63655C50 
 921              	.LASF14:
 922 0243 63686172 		.ascii	"char\000"
 922      00
 923              	.LASF2:
 924 0248 73686F72 		.ascii	"short int\000"
 924      7420696E 
 924      7400
ARM GAS  C:\Users\victo\AppData\Local\Temp\ccraICyU.s 			page 36


 925              	.LASF23:
 926 0252 50445353 		.ascii	"PDSS_PORT0_RX_CLK_GetDividerRegister\000"
 926      5F504F52 
 926      54305F52 
 926      585F434C 
 926      4B5F4765 
 927              	.LASF9:
 928 0277 75696E74 		.ascii	"uint8\000"
 928      3800
 929              	.LASF4:
 930 027d 6C6F6E67 		.ascii	"long int\000"
 930      20696E74 
 930      00
 931              	.LASF0:
 932 0286 7369676E 		.ascii	"signed char\000"
 932      65642063 
 932      68617200 
 933              	.LASF28:
 934 0292 50445353 		.ascii	"PDSS_PORT0_RX_CLK_Stop\000"
 934      5F504F52 
 934      54305F52 
 934      585F434C 
 934      4B5F5374 
 935              	.LASF17:
 936 02a9 50445353 		.ascii	"PDSS_PORT0_RX_CLK_SetFractionalDividerRegister\000"
 936      5F504F52 
 936      54305F52 
 936      585F434C 
 936      4B5F5365 
 937              		.comm	__gnu_lto_v1,1,1
 938              		.ident	"GCC: (GNU Tools for ARM Embedded Processors) 4.9.3 20150303 (release) [ARM/embedded-4_9-br
