ARM GAS  C:\Users\victo\AppData\Local\Temp\ccIXWKst.s 			page 1


   1              		.cpu cortex-m0
   2              		.fpu softvfp
   3              		.eabi_attribute 20, 1
   4              		.eabi_attribute 21, 1
   5              		.eabi_attribute 23, 3
   6              		.eabi_attribute 24, 1
   7              		.eabi_attribute 25, 1
   8              		.eabi_attribute 26, 1
   9              		.eabi_attribute 30, 4
  10              		.eabi_attribute 34, 0
  11              		.eabi_attribute 18, 4
  12              		.code	16
  13              		.file	"Pin_1.c"
  14              		.text
  15              	.Ltext0:
  16              		.section	.gnu.lto_.profile.92f69b98,"",%progbits
  17 0000 789C6366 		.ascii	"x\234cf```a\200\000F\006%\031\000\000\324\000G"
  17      60606061 
  17      80004606 
  17      25190000 
  17      D40047
  18              		.text
  19              		.section	.gnu.lto_.jmpfuncs.92f69b98,"",%progbits
  20 0000 789C6366 		.ascii	"x\234cf\300\016d\2404\033\003##c=#\210`b``f``abdd\256"
  20      C00E64A0 
  20      341B0323 
  20      23633D23 
  20      88606260 
  21 001d AF6705CA 		.ascii	"\257g\005\312\001\000 \267\002>"
  21      010020B7 
  21      023E
  22              		.text
  23              		.section	.gnu.lto_.inline.92f69b98,"",%progbits
  24 0000 789C6D8C 		.ascii	"x\234m\214\321\011\2000\014\005/i\232V\020\034\301\015"
  24      D1098030 
  24      0C052F69 
  24      9A56101C 
  24      C10D
  25 0012 1CC1255D 		.ascii	"\034\301%]\240\2438\202\2438\202-JA4\037\011\\\336\273"
  25      A0A33882 
  25      A338822D 
  25      4A41341F 
  25      095CDEBB 
  26 0026 C0FF6CCF 		.ascii	"\300\377l\317uH.\202\200\346}\305\313\254\215\0139\335"
  26      75482E82 
  26      80E67DC5 
  26      CBAC8D0B 
  26      39DD
  27 0038 3874ACC7 		.ascii	"8t\254\307d\355\247D\023\324\312\334\343\341\213\214"
  27      64EDA744 
  27      13D4CADC 
  27      E3E18B8C 
  28 0048 218B3643 		.ascii	"!\2136C\365`oK]c\013E<\326\236\237K\357q\001\011\220"
  28      F5606F4B 
  28      5D630B45 
  28      3CD69E9F 
  28      4BEF7101 
ARM GAS  C:\Users\victo\AppData\Local\Temp\ccIXWKst.s 			page 2


  29 005e 0E31     		.ascii	"\0161"
  30              		.text
  31              		.section	.gnu.lto_.pureconst.92f69b98,"",%progbits
  32 0000 789C6366 		.ascii	"x\234cf``\340e\200\0006\006)F)&)f)\026)V)\000\005\261"
  32      6060E065 
  32      80003606 
  32      29462926 
  32      29662916 
  33 001a 00C2     		.ascii	"\000\302"
  34              		.text
  35              		.section	.gnu.lto_Pin_1_SetDriveMode.92f69b98,"",%progbits
  36 0000 789C7D50 		.ascii	"x\234}P\271J\003Q\024\275\347\315d\214\210\013\226\351"
  36      B94A0351 
  36      14BDE7CD 
  36      648C880B 
  36      96E9
  37 0012 04E30212 		.ascii	"\004\343\002\022\020\374\000\301\302VH\033P1\003Z\230"
  37      10FC00C1 
  37      C256481B 
  37      5031035A 
  37      98
  38 0023 40D03A2F 		.ascii	"@\320:/q\012\261\212\242\242\210\225H\334-,\324n\010"
  38      710AB18A 
  38      A2A28895 
  38      48DC2D2C 
  38      D46E08
  39 0036 62A3285A 		.ascii	"b\243(Z\030\010\030\233\270U\032\"\352\024a\274\317"
  39      1808189B 
  39      B8551A22 
  39      EA1461BC 
  39      CF
  40 0047 4927F8E0 		.ascii	"I'\370\340\276\273p\316\271\213F\177_\200m\011D]\354"
  40      BEBB70CE 
  40      B98B467F 
  40      5F806D09 
  40      445DEC
  41 005a A11144E6 		.ascii	"\241\021D\346\212(\345\027\200\012\010\224\024H\342"
  41      8A28E517 
  41      800A0894 
  41      1448E2
  42 0069 55940532 		.ascii	"U\224\0052\366\356JC\347\246\224\362=}4.\027G\034AT"
  42      F6EE4A43 
  42      E7A694F2 
  42      3D7D342E 
  42      17471C41 
  43 007e 119E0EB2 		.ascii	"\021\236\016\262\350d\314\263\363\232m\324\332A\034"
  43      E864CCB3 
  43      F39A6DD4 
  43      DA411C
  44 008d 57E7F3B7 		.ascii	"W\347\363\267\"\270!e\332\2768\220\375pXt\013\0323\320"
  44      22B82165 
  44      DABE3890 
  44      FD705874 
  44      0B1A33D0 
  45 00a1 13407780 		.ascii	"\023@w\200\270@\330FP\201\313V5\337`X,\336\342ib\007"
  45      B840D846 
  45      5081CB56 
ARM GAS  C:\Users\victo\AppData\Local\Temp\ccIXWKst.s 			page 3


  45      35DF6058 
  45      2CDEE269 
  46 00b7 06CF4587 		.ascii	"\006\317E\207\255\266t\335\312\345\315K\007\374\202"
  46      ADB674DD 
  46      CAE5CD4B 
  46      07FC82
  47 00c6 3942539F 		.ascii	"9BS\237\016\305\364\251\320P\037Q\211M\315\374\310\011"
  47      0EC5F4A9 
  47      D0501F51 
  47      894DCDFC 
  47      C809
  48 00d8 7BAD80DC 		.ascii	"{\255\200\334\347\334\335\252\241\204\276\204Z\340\376"
  48      E7DCDDAA 
  48      A184BE84 
  48      5AE0FE
  49 00e7 ECFEA4E9 		.ascii	"\354\376\244\351E8B\233\2652RWm\037J\3277\376\337\022"
  49      4538429B 
  49      B5325257 
  49      6D1F4AD7 
  49      37FEDF12 
  50 00fb A9F4B4B2 		.ascii	"\251\364\264\262l\327\257c-e\361\264:v\021\300\036\370"
  50      6CD7AF63 
  50      2D65F1B4 
  50      3A7611C0 
  50      1EF8
  51 010d 44D8C73A 		.ascii	"D\330\307:\250\200\231\357\232\234\346)V\236\336\266"
  51      A88099EF 
  51      9A9CE629 
  51      569EDEB6 
  52 011d 754517DF 		.ascii	"uE\027\337\256\3536\023\016\030]@\272X\347\301|_BW\264"
  52      AEEB3613 
  52      0E185D40 
  52      BA58E7C1 
  52      7C5F4257 
  53 0132 8F1ACD63 		.ascii	"\217\032\315c\372\270\224[\200*\375\327\363\220{2\205"
  53      FAB8945B 
  53      802AFDD7 
  53      F3907B32 
  53      85
  54 0143 8A48D9C7 		.ascii	"\212H\331\307\347B\301\325\245K|5\336\217\267m\013E"
  54      E742C1D5 
  54      A54B7C35 
  54      DE8FB76D 
  54      0B45
  55 0155 06CD9899 		.ascii	"\006\315\230\231\030\2352\243\303\341\370tb\314\214"
  55      189D32A3 
  55      C3E1F874 
  55      62CC8C
  56 0164 0C85E303 		.ascii	"\014\205\343\003}\221\241\211\330poh\214\364\311x\324"
  56      7D91A189 
  56      D8706F68 
  56      8CF4C978 
  56      D4
  57 0175 FC0171EC 		.ascii	"\374\001q\354\232\223"
  57      9A93
  58              		.text
  59              		.section	.gnu.lto_Pin_1_Write.92f69b98,"",%progbits
ARM GAS  C:\Users\victo\AppData\Local\Temp\ccIXWKst.s 			page 4


  60 0000 789C6591 		.ascii	"x\234e\221OH\024Q\034\307\177\337\367vf\226\335\300"
  60      4F481451 
  60      1CC77FDF 
  60      F7766696 
  60      DDC0
  61 0012 E8247B28 		.ascii	"\350${(\302D\2120\202nA\004\035\274.\010\235\026d\321"
  61      C2448A30 
  61      826E4104 
  61      1DBC2E08 
  61      9D1664D1 
  62 0026 3904A2B0 		.ascii	"9\004\242\260\244W\337\352\324f\247-B\244\320\330\242"
  62      A457DFEA 
  62      D466A72D 
  62      42A4D0D8 
  62      A2
  63 0037 3FB6A556 		.ascii	"?\266\245V\207\202.\203\207n\031\333\241Rd3\\A\241C"
  63      87822E83 
  63      876E19DB 
  63      A1526433 
  63      5C41A143 
  64 004b AE62ED21 		.ascii	"\256b\355!\267\337o\336\245\245\307\314\2747\337\371"
  64      B7DF6FDE 
  64      A5A5C7CC 
  64      BC37DFF9 
  65 005b 7EBEF37B 		.ascii	"~\276\363{\277\247\351\377\221\342\373\202\":\30334"
  65      BFA7E9FF 
  65      91E2FB82 
  65      223AC333 
  65      34
  66 006c 41159789 		.ascii	"A\025\227\211\362q\005\310\202@c\012c\330V;\012\305"
  66      F27105C8 
  66      8240630A 
  66      63D8563B 
  66      0AC5
  67 007e B03C9DEC 		.ascii	"\260<\235\354zd\214\371Y\177\327~\255\275\301\330\256"
  67      7A648CF9 
  67      597FD77E 
  67      ADBDC1D8 
  67      AE
  68 008f B2317882 		.ascii	"\2621x\202.\266\354\226\315\035\255O\200x\275X\371p"
  68      2EB6EC96 
  68      CD1DAD4F 
  68      8078BD58 
  68      F970
  69 00a1 E0753E34 		.ascii	"\340u>4f<|;o.\242\301\231O\241\231\300\351\024N\246"
  69      663C7C3B 
  69      6F2EA2C1 
  69      994FA199 
  69      C0E9144E 
  70 00b6 8805C21C 		.ascii	"\210\005\302\034:\305\\\237*\357+}*\002\277?\330\270"
  70      3AC55C9F 
  70      2AEF2B7D 
  70      2A02BF3F 
  70      D8B8
  71 00c8 EF759418 		.ascii	"\357u\224\030\\\337\336x\2374\323&Xo6\217\011\377\354"
  71      5CDFDE78 
  71      9F34D326 
ARM GAS  C:\Users\victo\AppData\Local\Temp\ccIXWKst.s 			page 5


  71      586F368F 
  71      09FFEC
  72 00db 5FDE0E06 		.ascii	"_\336\016\006v\202?_\222n\300\205\035F\031\035\266("
  72      76823F5F 
  72      926EC085 
  72      1D46191D 
  72      B628
  73 00ed 3C870B9E 		.ascii	"<\207\013\236DY8\022\232f\363\365\336\255\033\347\221"
  73      44593812 
  73      9A66F3F5 
  73      DEAD1BE7 
  73      91
  74 00fe 50FC63A5 		.ascii	"P\374c\245\371\241c$\037\035H\021\256\010^$\304\305"
  74      F9A16324 
  74      1F1D4811 
  74      AE085E24 
  74      C4C5
  75 0110 4054E35B 		.ascii	"@T\343[z\260\311/<\353U,\355\337\\\236\035\225\340_"
  75      7AB0C92F 
  75      3CEB552C 
  75      EDDF5C9E 
  75      1D95E05F 
  76 0124 4A1A5298 		.ascii	"J\032R\230|\263rhK5T\314\004E\023\223R\276\325>V\342"
  76      7CB37268 
  76      4B3554CC 
  76      04451393 
  76      52BED53E 
  77 013a 911455B6 		.ascii	"\221\024U\266\371\243QO\314\340^>\340\355;x\201\024"
  77      F9A3514F 
  77      CCE05E3E 
  77      E0ED3B78 
  77      8114
  78 014c E6C19563 		.ascii	"\346\301\225c\0013\240U\214\177-\254)\033\2509\223\225"
  78      0133A055 
  78      8C7F2DAC 
  78      291BA839 
  78      9395
  79 015e 89DFD7D7 		.ascii	"\211\337\327\327`\225\030\213\234\2615W\232JH\244>\340"
  79      6095188B 
  79      9CB13557 
  79      9A4A48A4 
  79      3EE0
  80 0170 7E2D32FE 		.ascii	"~-2\376\031\021#\265\262\313B\237\216Z\210/\207\241"
  80      191123B5 
  80      B2CB429F 
  80      8E5A882F 
  80      87A1
  81 0182 CADDC713 		.ascii	"\312\335\307\023m\002\201\231\227\314\260i\317\265\026"
  81      6D028199 
  81      97CCB069 
  81      CFB516
  82 0191 2F8A765B 		.ascii	"/\212v[c<\251\246Z\250\316\246\255)n\245\245\333\245"
  82      633CA9A6 
  82      5AA8CEA6 
  82      AD296EA5 
  82      A5DBA5
  83 01a4 36115AF6 		.ascii	"6\021Z\366\222\017\235\326\335\274\342\3350BU\344\303"
ARM GAS  C:\Users\victo\AppData\Local\Temp\ccIXWKst.s 			page 6


  83      920F9DD6 
  83      DDBCE2DD 
  83      304255E4 
  83      C3
  84 01b5 951EF1CB 		.ascii	"\225\036\361\313\311\324\370|\271q\334\306\343\335\231"
  84      C9D4F87C 
  84      B971DCC6 
  84      E3DD99
  85 01c4 1E7FC8CF 		.ascii	"\036\177\310\317e\257\372\003}\275\303#\271~?\223\356"
  85      65AFFA03 
  85      7DBDC323 
  85      B97E3F93 
  85      EE
  86 01d5 1DBE742E 		.ascii	"\035\276t.\223\2762\324w\266\273\237\234\321\354\340"
  86      93BE32D4 
  86      77B6BB9F 
  86      9CD1ECE0 
  87 01e5 88EF0CE4 		.ascii	"\210\357\014\344.g\007\377\002t\245\321\034"
  87      2E6707FF 
  87      0274A5D1 
  87      1C
  88              		.text
  89              		.section	.gnu.lto_Pin_1_Read.92f69b98,"",%progbits
  90 0000 789C654F 		.ascii	"x\234eO=K\003A\020\2357w\206\203\024\2126\222N\004\203"
  90      3D4B0341 
  90      109D3777 
  90      8683148A 
  90      36924E04 
  91 0015 100282FF 		.ascii	"\020\002\202\377\300\3026\220N\016\202\304+l\022\010"
  91      C0C23690 
  91      4E0E82C4 
  91      2B6C1208 
  92 0025 5A677339 		.ascii	"Zgs9\025\304\"\330\010\312\225~D\205t\202\235X\0075"
  92      15C422D8 
  92      08CA957E 
  92      44857482 
  92      9D580735 
  93 0039 041482C4 		.ascii	"\004\024\202\304\346\204\2633\004\324+4\316&v.\354\316"
  93      E684B333 
  93      04D42B34 
  93      CE26762E 
  93      ECCE
  94 004b EE9B791F 		.ascii	"\356\233y\037k\320\377\225\220=\005\242Y\2510\010\\"
  94      6BD0FF95 
  94      903D05A2 
  94      59A93008 
  94      5C
  95 005c BB23AA58 		.ascii	"\273#\252X\014\350\013\201\312\2142\336\270\307h^\377"
  95      0CE80B81 
  95      CA8C32DE 
  95      B8C7685E 
  95      FF
  96 006d B4913C56 		.ascii	"\264\221<V\312}w\333\317\361\255\351\210\211\372LH%"
  96      CA7D77DB 
  96      CFF1ADE9 
  96      8889FA4C 
  96      4825
ARM GAS  C:\Users\victo\AppData\Local\Temp\ccIXWKst.s 			page 7


  97 007f 30AF7570 		.ascii	"0\257up\212$\311`\317\373~\212\307<\245\324\204\356"
  97      8A24C960 
  97      CFFB7E8A 
  97      C73CA5D4 
  97      84EE
  98 0091 4BE30C31 		.ascii	"K\343\0141\361\240\306\344\215\032\014\372\315\375p"
  98      F1A0C6E4 
  98      8D1A0CFA 
  98      CDFD70
  99 00a0 8EC79822 		.ascii	"\216\307\230\"\026\307\210\331$\255D\201\034\332\364"
  99      16C788D9 
  99      24AD4481 
  99      1CDAF4
 100 00af 955957A3 		.ascii	"\225YW\243\203\333\217\335\307\372\212f\177\262N\340"
 100      83DB8FDD 
 100      C7FA8A66 
 100      7FB24EE0 
 101 00bf 5FD50F8C 		.ascii	"_\325\017\214\220#6<\257\246L\355\365\022\334\267\254"
 101      9023363C 
 101      AFA64CED 
 101      F512DCB7 
 101      AC
 102 00d0 2144FAD9 		.ascii	"!D\372\331x\330\013-\037G\025\017\021\233\250#\201s"
 102      78D80B2D 
 102      1F47150F 
 102      119BA823 
 102      8173
 103 00e2 48365CC0 		.ascii	"H6\\\300\007u\340vw\002\214\004\015\321\024\244\372"
 103      0775E076 
 103      77028C04 
 103      0DD114A4 
 103      FA
 104 00f3 B59D1A01 		.ascii	"\265\235\032\001\246`\"\321:<\251\216kE\371<.\205\334"
 104      A66022D1 
 104      3A3CA98E 
 104      6B45F93C 
 104      2E85DC
 105 0106 C51FC31C 		.ascii	"\305\037\303\034\206\204\016'Qg\322\366\262SpJ\253\033"
 105      86840E27 
 105      5167D2F6 
 105      B253704A 
 105      AB1B
 106 0118 CE5A2E5B 		.ascii	"\316Z.[\334,\345\035;\223-.-\332\231\365Bn!\235\247"
 106      DC2CE51D 
 106      3B932D2E 
 106      2DDA99F5 
 106      426E219D 
 107 012d 5F8EAF6B 		.ascii	"_\216\257k\\"
 107      5C
 108              		.text
 109              		.section	.gnu.lto_Pin_1_ReadDataReg.92f69b98,"",%progbits
 110 0000 789C654F 		.ascii	"x\234eO\277KBQ\024>\337y/\221\014\212Z\342m\321 \201"
 110      BF4B4251 
 110      143EDF79 
 110      2F910C8A 
 110      5AE26DD1 
 111 0016 0851FF41 		.ascii	"\010Q\377AC\253\340\026\017$\354\015-\012R\263W}%5I"
ARM GAS  C:\Users\victo\AppData\Local\Temp\ccIXWKst.s 			page 8


 111      43ABE016 
 111      0F24EC0D 
 111      2D0A52B3 
 111      577D2535 
 112 002b 63E1D80F 		.ascii	"c\341\330\017Kh\214\266p\216B\032B\011[\236a\320\220"
 112      4B688CB6 
 112      708E421A 
 112      42095B9E 
 112      61D090
 113 003e 09D61BCA 		.ascii	"\011\326\033\312\316\325\266.\334{\356\375\316\371~"
 113      CED5B62E 
 113      DC7BEEFD 
 113      CEF97E
 114 004d 5C83FE2F 		.ascii	"\\\203\376/K\366\014\210\346\245\302 p\351\216(\027"
 114      4BF60C88 
 114      E6A5C220 
 114      70E98E28 
 114      17
 115 005e 64405F08 		.ascii	"d@_\010\224ed\361\312]\306\355\365\317\003\302\307J"
 115      946564F1 
 115      CA5DC6ED 
 115      F5CF03C2 
 115      C74A
 116 0070 E5DF6B8D 		.ascii	"\345\337k\215\247\320\316\254\317D=&D,,h\035\234\"L"
 116      A7D0CEAC 
 116      CF443D26 
 116      442C2C68 
 116      1D9C224C 
 117 0084 32D875BF 		.ascii	"2\330u\277\037C\001W)5\245\373\3228C@<\350r\372F\015"
 117      1F430157 
 117      2935A5FB 
 117      D2384340 
 117      3CE872FA 
 118 009a 06BD9783 		.ascii	"\006\275\227\203\316\022\2171\371,\216>\263IZ\211<9"
 118      CE128F31 
 118      F92C8E3E 
 118      B3495A89 
 118      3C39
 119 00ac B4699B59 		.ascii	"\264i\233YW\243\211Z\177\277_]\323\354O\326\011\212"
 119      57A3895A 
 119      7FBF5F5D 
 119      D3EC4FD6 
 119      098A
 120 00be 7B578D89 		.ascii	"{W\215\211\016\373l(\267\244L\355\365\354\335\327\203"
 120      0EFB6C28 
 120      B7A44CED 
 120      F5ECDDD7 
 120      83
 121 00cf 4388F4B3 		.ascii	"C\210\364\263\375\346\177\214\227q\224s\341\263\211"
 121      FDE67F8C 
 121      97719473 
 121      E1B389
 122 00de 0A2C9C43 		.ascii	"\012,\234C\262\341\002eP\023\371V\321\303H\320\020M"
 122      B2E10265 
 122      5013F956 
 122      D1C348D0 
 122      104D
ARM GAS  C:\Users\victo\AppData\Local\Temp\ccIXWKst.s 			page 9


 123 00f0 410A5FBB 		.ascii	"A\012_\273\221\021`\012&\022\365\303\223\302\244V\224"
 123      9111600A 
 123      2612F5C3 
 123      93C2A456 
 123      94
 124 0101 CFA32AE4 		.ascii	"\317\243*\344\026\376\030\3460$t8\211:\027\265W\235"
 124      16FE18E6 
 124      30247438 
 124      893A17B5 
 124      579D
 125 0113 949359DF 		.ascii	"\224\223Y\337r6\022\361\364v&\351\330\261xze\331\216"
 125      723612F1 
 125      F47626E9 
 125      D8B1787A 
 125      65D98E
 126 0126 6DA6128B 		.ascii	"m\246\022\213\321$\375\002\226Nl\311"
 126      D124FD02 
 126      964E6CC9 
 127              		.text
 128              		.section	.gnu.lto_Pin_1_SetInterruptMode.92f69b98,"",%progbits
 129 0000 789C6D91 		.ascii	"x\234m\221AhSA\020\206\367\337\315K^\232\210E\020J."
 129      41685341 
 129      1086F7DF 
 129      CD4B5E9A 
 129      8845104A 
 130 0015 2A35F420 		.ascii	"*5\364 \026\024/\336\204\036\274I\241\327@\2216J\016"
 130      16142FDE 
 130      841EBC49 
 130      A1D74091 
 130      364A0E
 131 0028 2612E3C9 		.ascii	"&\022\343\311C_j\232\202x\010\265H1\024\015*m\215\246"
 131      435F6A9A 
 131      827808B5 
 131      4831140D 
 131      2A6D8DA6 
 132 003c D1AA684E 		.ascii	"\321\252hN!\212\026\254ZA,T\210\245&j\301\2121\3214"
 132      218A16AC 
 132      5A412C54 
 132      88A5266A 
 132      C18A31D1 
 133 0051 A2C499F7 		.ascii	"\242\304\231\367\342\241\350\203\267\273\3631\363\357"
 133      E2A1E883 
 133      B7BBF331 
 133      F3EF
 134 005f 3FB34AFC 		.ascii	"?\263J\374\373y\350\277&\2058H;\224\200L\274\020\"\252"
 134      FB79E8BF 
 134      26853848 
 134      3B94804C 
 134      BC1022AA 
 135 0073 4B800F02 		.ascii	"K\200\017\002bHb\010k\262\"\221\310\247'\\]\327\015"
 135      62486208 
 135      6BB22291 
 135      C8A7275C 
 135      5DD70D
 136 0086 C3F8FAAD 		.ascii	"\303\370\372\255\3321\322\321\240\262\252\264d0\205"
 136      DA31D2D1 
 136      A0B2AAB4 
ARM GAS  C:\Users\victo\AppData\Local\Temp\ccIXWKst.s 			page 10


 136      643085
 137 0095 2E4A293F 		.ascii	".J)?H\235Q\273!\350\370lu\243\352\376$\033\022\355\034"
 137      489D51BB 
 137      21E8F86C 
 137      75A3EAFE 
 137      241B12ED 
 138 00aa 5E5A2AD7 		.ascii	"^Z*\327\024\207Rr\230~<\236ux\257\032\306p~!k\034\""
 138      14875272 
 138      987E3C9E 
 138      7578AF1A 
 138      C6707E21 
 139 00c1 AE300D45 		.ascii	"\2560\015Er\230\201\0077\340\021\204\004\322\360R\366"
 139      72988107 
 139      37E01184 
 139      04D2F052 
 139      F6
 140 00d2 C7C6DAD4 		.ascii	"\307\306\332\324\026\265\327\324]\215^\376\356\262*"
 140      16B5D7D4 
 140      5D8D5EFE 
 140      EEB22A
 141 00e1 D7FF56DE 		.ascii	"\327\377V\336\374O\345-x9}\361\321\370{M\3557K\037f"
 141      FC4FE52D 
 141      78397DF1 
 141      D1F87B4D 
 141      ED374B1F 
 142 00f6 6ACF5DA6 		.ascii	"j\317]\246\245\235\034\346\306\346'\354\246%\033\207"
 142      A59D1CE6 
 142      C6E627EC 
 142      A6251B87 
 143 0106 EB170B49 		.ascii	"\353\027\013I\331\231\"\341\225\231\321\247nc\336\210"
 143      D99922E1 
 143      9599D1A7 
 143      6E63DE88 
 144 0116 AD349B3B 		.ascii	"\2554\233;\032\322\206\214\245?K\372YxZ\223\243\222"
 144      1AD2868C 
 144      A53F4BFA 
 144      59785A93 
 144      A392
 145 0128 4AECF792 		.ascii	"J\354\367\222\313\036\243\211\264\3436:\255i\340\016"
 145      CB1EA389 
 145      B4E3363A 
 145      AD69E00E 
 146 0138 ECA08DC9 		.ascii	"\354\240\215\311\354\266\274\321l\316\275\2760\275G"
 146      ECB6BCD1 
 146      6CCEBDBE 
 146      30BD47
 147 0147 B92519D3 		.ascii	"\271%\031\323\024\270'\033\0375^\354\202\363\034`\277"
 147      14B8271B 
 147      1F355EEC 
 147      82F31C60 
 147      BF
 148 0158 3A01BB93 		.ascii	":\001\273\223i\033/B\224H\217\237\241LC\243]-\243\360"
 148      691B2F42 
 148      94488F9F 
 148      A14C43A3 
 148      5D2DA3F0 
 149 016c E35C31D7 		.ascii	"\343\\1\327\313W\324%\277I\346\313HF\347\036\034\347"
ARM GAS  C:\Users\victo\AppData\Local\Temp\ccIXWKst.s 			page 11


 149      CB57D425 
 149      BF49E6CB 
 149      4846E71E 
 149      1CE7
 150 017e 6309C3EC 		.ascii	"c\011\303\354\343]\351\345+\013\231\036\257$\237T\266"
 150      E35DE9E5 
 150      2B0B991E 
 150      AF249F54 
 150      B6
 151 018f 4E22198D 		.ascii	"N\"\031\215\241!u\314Q\017w\271\007\334\303$\3042\206"
 151      A12175CC 
 151      510F77B9 
 151      07DCC324 
 151      C43286
 152 01a2 8BA30B9A 		.ascii	"\213\243\013\232%h\253\323\340\210\374\214\377R\026"
 152      2568ABD3 
 152      E088FC8C 
 152      FF5216
 153 01b1 D1081239 		.ascii	"\321\010\0229\273\021\377\014\213\360\275\304\305\033"
 153      BB11FF0C 
 153      8BF0BDC4 
 153      C51B
 154 01bf 48B35132 		.ascii	"H\263Q2O\320\312\371\220[le\351\244T'\003,\357\260\220"
 154      4FD0CAF9 
 154      905B6C65 
 154      E9A45427 
 154      032CEFB0 
 155 01d4 9328A7D5 		.ascii	"\223(\247\325\342\245\226x\233\251\346$X\030Kmg\266"
 155      E2A59678 
 155      9BA9E624 
 155      58184B6D 
 155      67B6
 156 01e6 C96E34AF 		.ascii	"\311n4\257m6|\237\014S\225(\"\232\177{\204\363\371\031"
 156      6D367C9F 
 156      0C539528 
 156      229A7F7B 
 156      84F3F919 
 157 01fa 4A123C1B 		.ascii	"J\022<\033\232\324\256n\337a\177\320\037>\032\361\017"
 157      9AD4AE6E 
 157      DF617FD0 
 157      1F3E1AF1 
 157      0F
 158 020b F6F7854E 		.ascii	"\366\367\205N\207\007\374\276\336\276P\317\001_o \330"
 158      8707FCBE 
 158      DEBE50CF 
 158      015F6F20 
 158      D8
 159 021c BFAF7B40 		.ascii	"\277\257{@\350'C\247\002\221@(h;\021\032\364;\002\301"
 159      E82743A7 
 159      02914028 
 159      683B111A 
 159      F43B02C1 
 160 0230 48B8E7D8 		.ascii	"H\270\347\330\361?\007\317\374\214"
 160      F13F07CF 
 160      FC8C
 161              		.text
 162              		.section	.gnu.lto_Pin_1_ClearInterrupt.92f69b98,"",%progbits
ARM GAS  C:\Users\victo\AppData\Local\Temp\ccIXWKst.s 			page 12


 163 0000 789C6590 		.ascii	"x\234e\220?H[Q\024\306\317w\356S\003\351P\234$\213H"
 163      3F485B51 
 163      14C6CF77 
 163      EE5303E9 
 163      509C248B 
 164 0015 0A5210B1 		.ascii	"\012R\020\261\320\311\265\203k k@\202y\203H\0254\256"
 164      D0C9B583 
 164      6B206B40 
 164      82798348 
 164      1534AE
 165 0028 7A635F1B 		.ascii	"zc_\033Z\227\240\010\005\311\340 \376iU\020\227B\205"
 165      5A97A008 
 165      05C9E020 
 165      FE695510 
 165      974285
 166 003b 10C42EA5 		.ascii	"\020\304.\245\"B+R\242\240\322t\221\2125\366\265\352"
 166      22422B52 
 166      A2A0D274 
 166      918A35F6 
 166      B5EA
 167 004d F39CC441 		.ascii	"\363\234\304A\351\205\313\275\367\273\347\373\356\357"
 167      E985CBBD 
 167      F7BBE7FB 
 167      EEEF
 168 005b 5C43FF8F 		.ascii	"\\C\377\217\210\3145\020u\310\012C\340\334\027\242L"
 168      88CC3510 
 168      75C80A43 
 168      E0DC17A2 
 168      4C
 169 006c 8801DD10 		.ascii	"\210\001\335\020h\2241\212\237|\312\370\374\341z\007"
 169      6894318A 
 169      9F7CCAF8 
 169      FCE17A07 
 170 007c ADB3D68E 		.ascii	"\255\263\326\216\375*\376\373\036~\331\3443\321\031"
 170      FD2AFEFB 
 170      1E7ED9E4 
 170      33D119
 171 008b 13DA2278 		.ascii	"\023\332\"x\2549\230C+I\341\324\341\353\023\230G\320"
 171      AC399843 
 171      2B49E1D4 
 171      E1EB1398 
 171      47D0
 172 009d 7D25185F 		.ascii	"}%\030_\014Eg\304tP\312n\206\355[\353\035\004A\263X"
 172      0C4567C4 
 172      7450CA6E 
 172      86ED5BEB 
 172      1D0441B3 
 173 00b2 310F73D7 		.ascii	"1\017s\327\255C\014\247\336\325\267p\275g\255}\210\005"
 173      AD430CA7 
 173      DED5B770 
 173      BD67AD7D 
 173      8805
 174 00c4 44F50149 		.ascii	"D\365\001I^D\275@B\225\225\306\202\015\202\263\223\311"
 174      5E44BD40 
 174      429595C6 
 174      820D82B3 
 174      93C9
ARM GAS  C:\Users\victo\AppData\Local\Temp\ccIXWKst.s 			page 13


 175 00d6 F94ED3C0 		.ascii	"\371N\323\300\344\263`\373\314\016\351e\235\236\211"
 175      E4B360FB 
 175      CC0EE965 
 175      9D9E89
 176 00e5 8EC4A4FC 		.ascii	"\216\304\244\374\307\314\272\232=\024+o*\353#\232s\301"
 176      C7CCBA9A 
 176      3D142B6F 
 176      2AEB239A 
 176      73C1
 177 00f7 DACCC7DF 		.ascii	"\332\314\307\337\347\343\\f\237M\316\313YG_\336?\332"
 177      E7E35C66 
 177      9F4DCECB 
 177      59475FDE 
 177      3FDA
 178 0109 DA0E55A5 		.ascii	"\332\016U\245*\310\217r\341\257\311c:\343\301g\007\357"
 178      2AC88F72 
 178      E1AFC963 
 178      3AE3C167 
 178      07EF
 179 011b 10C17B08 		.ascii	"\020\301{\010(\226\220\007\355al7{\311\265@#\231\242"
 179      28969007 
 179      ED616C37 
 179      7BC9B540 
 179      2399A2
 180 012e BCF8F36A 		.ascii	"\274\370\363j\0035\305\021Q2>\345\313\253\216F\012\024"
 180      0335C511 
 180      51323EE5 
 180      CBAB8E46 
 180      0A14
 181 0140 96C5FD15 		.ascii	"\226\305\375\025U\213\242J\221\246\224\262\327\353\261"
 181      558BA24A 
 181      91A694B2 
 181      D7EBB1
 182 014f 9AA9AE26 		.ascii	"\232\251\256&\025'\252!\367\0202\005\276\017\261\"\020"
 182      1527AA21 
 182      F7103205 
 182      BE0FB122 
 182      10
 183 0160 E2A01232 		.ascii	"\342\240\0222\205\355\255[\016\207\264uh\313\362\001"
 183      85EDAD5B 
 183      0E87B475 
 183      68CBF201 
 184 0170 2DED892E 		.ascii	"-\355\211.\267\337\035L\246\335Tw|`x\260\307M\304\342"
 184      B7DF1D4C 
 184      A6DD5477 
 184      7C6078B0 
 184      C74DC4E2 
 185 0184 03CF9E26 		.ascii	"\003\317\236&b\275\375\335O\332{\350\301\363\344P\237"
 185      62BDFDDD 
 185      4FDA7BE8 
 185      C1F3E450 
 185      9F
 186 0195 9B8AA793 		.ascii	"\233\212\247\223\351\341\241\033('\251\321"
 186      E9E1A11B 
 186      2827A9D1 
 187              		.text
 188              		.section	.gnu.lto_.symbol_nodes.92f69b98,"",%progbits
ARM GAS  C:\Users\victo\AppData\Local\Temp\ccIXWKst.s 			page 14


 189 0000 789C55C7 		.ascii	"x\234U\307;\015\000 \020D\301w\037\022tbd-\240\200\240"
 189      3B0D0020 
 189      1044C177 
 189      1F127462 
 189      642DA080 
 190 0015 084D3414 		.ascii	"\010M4\024\334t\023\300\340q\004\363\200\304\332\035"
 190      DC7413C0 
 190      E07104F3 
 190      80C4DA1D 
 191 0025 3759B9CB 		.ascii	"7Y\271\313\313CQ\236\312\362\246\366\237\013\351b\031"
 191      CB43519E 
 191      CAF2A6F6 
 191      9F0BE962 
 191      19
 192 0036 56       		.ascii	"V"
 193              		.text
 194              		.section	.gnu.lto_.refs.92f69b98,"",%progbits
 195 0000 789C6366 		.ascii	"x\234cf```d\200\002\000\000=\000\005"
 195      60606064 
 195      80020000 
 195      3D0005
 196              		.text
 197              		.section	.gnu.lto_.decls.92f69b98,"",%progbits
 198 0000 789C8D54 		.ascii	"x\234\215TmlSU\030>\357=mGo\353\206\306\014\263\230"
 198      6D6C5355 
 198      183EEF3D 
 198      6D476FEB 
 198      86C60CB3 
 199 0015 D8C664D1 		.ascii	"\330\306d\321dY2f\214\377\3741\022\364\207\246a1\376"
 199      64593266 
 199      8CFFFC31 
 199      12F487A6 
 199      6131FE
 200 0028 60C9D26C 		.ascii	"`\311\322l7\260\304l\244\336\231\360\213\303\032e !"
 200      37B0C46C 
 200      A4DE99F0 
 200      8BC31A65 
 200      2021
 201 003a 63D9429D 		.ascii	"c\331B\235\302\2268\201\015\371p\253\353\012\263t\353"
 201      C2963881 
 201      0DF970AB 
 201      EB0AB374 
 201      EB
 202 004b BED8876C 		.ascii	"\276\330\207l\021A\206\311\206:0\202Za\211#\010\327"
 202      114186C9 
 202      863A3082 
 202      5A618923 
 202      08D7
 203 005d F79C73DB 		.ascii	"\367\234s\333{\221bv\222\267\275\357\333\363<\357\307"
 203      7B916276 
 203      92B7BDEF 
 203      DBF33CEF 
 203      C7
 204 006e F3DE5242 		.ascii	"\363\336RBH\027\020b\340y\340 d\016\375<\264\000\261"
 204      48171062 
 204      E079E020 
 204      640EFD3C 
ARM GAS  C:\Users\victo\AppData\Local\Temp\ccIXWKst.s 			page 15


 204      B400B1
 205 0081 8E0BAD0F 		.ascii	"\216\013\255\017-\212\026C\213\243\245\320\306\310\343"
 205      2D8A1643 
 205      8BA3A5D0 
 205      C6C8E3
 206 0090 87DF739A 		.ascii	"\207\337s\232\370\223h~\264y\"y\371\001\363\316\177"
 206      F893687E 
 206      B4792279 
 206      F901F3CE 
 206      7F
 207 00a1 4FD4CC63 		.ascii	"O\324\314c\307\025\346\300Fs`cf\316\377\303\305r\340"
 207      C715E6C0 
 207      46736063 
 207      66CEFFC3 
 207      C572E0
 208 00b4 E26BC0C5 		.ascii	"\342k\300\305s\340x\357n\263\326|4/Z\002m\326\344\361"
 208      73E078EF 
 208      6EB3D67C 
 208      342F5A02 
 208      6DD6E4F1 
 209 00c8 E5E049E5 		.ascii	"\345\340I\345\340\031[C\376\\3\376K\201\351\237V\357"
 209      E0195B43 
 209      FE5C33FE 
 209      4B81E99F 
 209      56EF
 210 00da 7A7F5520 		.ascii	"z\177U _]\317\335\216+\313+\024]\257\252p\367\362\371"
 210      5F5DCFDD 
 210      8E2BCB2B 
 210      145DAFAA 
 210      70F7F2F9 
 211 00ee 3D7BD651 		.ascii	"={\326Q\005\370\363\347\221\353\227\324\222^\306X3K"
 211      05F8F3E7 
 211      91EB97D4 
 211      925EC658 
 211      334B
 212 0100 26C1A2D8 		.ascii	"&\301\242\330}\364\334\376<\304\024\252\302=0\3351L"
 212      7DF4DCFE 
 212      3CC414AA 
 212      C23D30DD 
 212      314C
 213 0112 856B709C 		.ascii	"\205kp\234r\365j\333=\012jq3cM,\335\312\350s\004J\212"
 213      72F56ADB 
 213      3D0A6A71 
 213      33634D2C 
 213      DDCAE873 
 214 0129 E0E52202 		.ascii	"\340\345\"\002\247\240\030\257A/\224\0208\001E\360%"
 214      A7A018AF 
 214      412F9410 
 214      380145F0 
 214      25
 215 013a 14916E4C 		.ascii	"\024\221nL\220\356L/<\317\230\003N\202\012=@\305\015"
 215      90EE4C2F 
 215      3CCF9803 
 215      4E820A3D 
 215      40C50D
 216 014d 6C836730 		.ascii	"l\203g0\223\266|8\334\342p(\030\344w\266:xl\346\320"
 216      93B67C38 
ARM GAS  C:\Users\victo\AppData\Local\Temp\ccIXWKst.s 			page 16


 216      DCE27028 
 216      18E477B6 
 216      3A786CE6 
 217 0162 67239E0D 		.ascii	"g#\236\015\355\214\2370[\257@\240\020\216!\355q\244"
 217      ED8C9F30 
 217      5BAF40A0 
 217      108E21ED 
 217      71A4
 218 0174 25700636 		.ascii	"%p\0066\340\347ipH\202\033\373\302\206\227\226\213\326"
 218      E0E76970 
 218      48821BFB 
 218      C2869796 
 218      8BD6
 219 0186 C6C3C72E 		.ascii	"\306\303\307.y}GX\327\231\364\201\360\215\300\3010k"
 219      797D4758 
 219      D799F481 
 219      F08DC0C1 
 219      306B
 220 0198 634B86F1 		.ascii	"cK\206\361\202\000\301W\331\002\010\177\226\023\355"
 220      8200C157 
 220      D902087F 
 220      9613ED
 221 01a7 031F02DB 		.ascii	"\003\037\002\333/\377\266\350\240\333\005\311\331\271"
 221      2FFFB6E8 
 221      A0DB05C9 
 221      D9B9
 222 01b5 DE07AA20 		.ascii	"\336\007\252 YZLi\311&\366\217aP\311\320oc\350\3170"
 222      595A4C69 
 222      C926F68F 
 222      6150C9D0 
 222      6F63E8CF 
 223 01ca 4405C3EC 		.ascii	"D\005\303\354\211\013\037\201\275f\336\216U\364\327"
 223      890B1F81 
 223      BD66DE8E 
 223      55F4D7
 224 01d9 A2E8AD66 		.ascii	"\242\350\255f\315{\377\\\216\000\325E\272\236\207\351"
 224      CD7BFF5C 
 224      8E00D545 
 224      BA9E87E9 
 225 01e9 15B74C17 		.ascii	"\025\267L\027Y\266\322!\000\006l\351\0062\351b\"]\354"
 225      59B6D221 
 225      00066CE9 
 225      0632E962 
 225      225DEC
 226 01fc EEC75305 		.ascii	"\356\307S\005t\227`\030L-\266\346\011\206\256\231/\\"
 226      74976018 
 226      4C2DB6E6 
 226      0986AE99 
 226      2F5C
 227 020e C759D230 		.ascii	"\307Y\3220^\027\370A\033~0\203\217\013\374\341;\177"
 227      5E17F841 
 227      1B7E3083 
 227      8F0BFCE1 
 227      3B7F
 228 0220 0CB9E941 		.ascii	"\014\271\351A\000\273\360>)\374\241[\253\321u\302\345"
 228      00BBF03E 
 228      29FCA15B 
ARM GAS  C:\Users\victo\AppData\Local\Temp\ccIXWKst.s 			page 17


 228      ABD175C2 
 228      E5
 229 0231 95A0F247 		.ascii	"\225\240\362G\347\376\356\310\207bUJzGJ\232\300\376"
 229      E7FEEEC8 
 229      8762554A 
 229      7A474A9A 
 229      C0FE
 230 0243 CE5A92FA 		.ascii	"\316Z\222\372LI\305v\340\004\234/\221l\373\360\015\356"
 230      4C49C576 
 230      E0049C2F 
 230      916CFBF0 
 230      0DEE
 231 0255 87CFDC8F 		.ascii	"\207\317\334\217s\030\034\302 &\352\234\270\375}\201"
 231      73181CC2 
 231      2026EA9C 
 231      B8FD7D81 
 232 0265 D03E91D5 		.ascii	"\320>\221\325~\341\273k=\356l\354<\210\340\021#\021"
 232      7EE1BB6B 
 232      3DEE6CEC 
 232      3C88E011 
 232      2311
 233 0277 773C7121 		.ascii	"w<q!\206\305l\223\231\205X\030\335\333\253\322\210l"
 233      86C56C93 
 233      99855818 
 233      DDDBABD2 
 233      886C
 234 0289 6D7C6AFE 		.ascii	"m|j\376\232\307\334\210\237o\226}\302\272v\263\207\006"
 234      9AC7DC88 
 234      9F6F967D 
 234      C2BA76B3 
 234      8706
 235 029b 2E3447C1 		.ascii	".4G\301\210m@#\231\001\245\304\200V\017O\337~\212\236"
 235      886D4023 
 235      9901A5C4 
 235      80560F4F 
 235      DF7E8A9E 
 236 02af 962C89C9 		.ascii	"\226,\211\311\221>9\341\245\037o>\252\321\250\215b4"
 236      913E39E1 
 236      A51F6F3E 
 236      AAD1A88D 
 236      6234
 237 02c1 43312628 		.ascii	"C1&(\342\247Vf=\342\225\364\211\275j\235\214\270\304"
 237      E2A75666 
 237      3DE295F4 
 237      89BD6A9D 
 237      8CB8C4
 238 02d4 2B297A6A 		.ascii	"+)zjn\035\270\345\244\243\217*\340\227\012,~z\257\333"
 238      6E1DB8E5 
 238      A4A38F2A 
 238      E0970A2C 
 238      7E7AAFDB 
 239 02e8 2D5CFE2F 		.ascii	"-\\\376/\\\300C\327\177\2702\224G\247\304u\345\367\266"
 239      5CC043D7 
 239      7FB83294 
 239      47A7C475 
 239      E5F7B6
 240 02fb 26C39315 		.ascii	"&\303\223\025dE\0122\213\363\232\266\004\361\333\005"
ARM GAS  C:\Users\victo\AppData\Local\Temp\ccIXWKst.s 			page 18


 240      64450A32 
 240      8BF39AB6 
 240      04F1DB05 
 241 030b 690933F7 		.ascii	"i\0113\367\033\004\306qf\023\\\220\031\024\304o\012"
 241      1B04C671 
 241      66135C90 
 241      1914C46F 
 241      0A
 242 031c 72018353 		.ascii	"r\001\203SR\220x\373\374\204\2526\363!\257\015\241$"
 242      529078FB 
 242      FC84AA36 
 242      F321AF0D 
 242      A124
 243 032e FB5BEE7B 		.ascii	"\373[\356{\315J\226\366\367w+\274\2229\254d\322\252"
 243      CD4A96F6 
 243      F7772BBC 
 243      9239AC64 
 243      D2AA
 244 0340 E45BB04A 		.ascii	"\344[\260Jy\234\370b\356R\226\177\351\274\357\362\356"
 244      799CF862 
 244      EE52967F 
 244      E9BCEFF2 
 244      EE
 245 0351 CB162F48 		.ascii	"\313\026/H3 \002\363\340\025\223\346\337\316\306\272"
 245      332002F3 
 245      E01593E6 
 245      DFCEC6BA 
 246 0361 7AFD35D7 		.ascii	"z\3755\327\346\267\337\361U\220\027K\2536k\365Z(\250"
 246      E6B7DFF1 
 246      5590174B 
 246      AB366BF5 
 246      5A28A8
 247 0374 6BB5D595 		.ascii	"k\265\325\225\015\215\241\032\255*P\331P\361JU\315N"
 247      0D8DA11A 
 247      AD2A50D9 
 247      50F14A55 
 247      CD4E
 248 0386 7DE70EED 		.ascii	"}\347\016\355\375\322\355\344\231@]}uYu\245\246o\012"
 248      FDD2EDE4 
 248      99405D7D 
 248      755975A5 
 248      A66F0A
 249 0399 D57DA0BD 		.ascii	"\325}\240\275\325P\253\371\237\010\023wKk\210G\202\336"
 249      D550ABF9 
 249      9F081377 
 249      4B6B8847 
 249      82DE
 250 03ab 0DD5E99A 		.ascii	"\015\325\351\232*\237\267h\301\332\247\255\307MA=\270"
 250      2A9FB768 
 250      C1DAA7AD 
 250      C74D413D 
 250      B8
 251 03bc 45DBE6E2 		.ascii	"E\333\346\342\345\224\275Z\230M\362f\275\256\205B\215"
 251      E594BD5A 
 251      984DF266 
 251      BDAE8542 
 251      8D
ARM GAS  C:\Users\victo\AppData\Local\Temp\ccIXWKst.s 			page 19


 252 03cd 3B749EE8 		.ascii	";t\236\350Y\031\256xO\013\206\262?8C\332\266\362\215"
 252      5919AE78 
 252      4F0B86B2 
 252      3F3843DA 
 252      B6F28D
 253 03e0 0258BEF1 		.ascii	"\002X\276\361_L%\362\324"
 253      5F4C25F2 
 253      D4
 254              		.text
 255              		.section	.gnu.lto_.symtab.92f69b98,"",%progbits
 256 0000 50696E5F 		.ascii	"Pin_1_SetDriveMode\000\000\000\000\000\000\000\000\000"
 256      315F5365 
 256      74447269 
 256      76654D6F 
 256      64650000 
 257 001b 000000B2 		.ascii	"\000\000\000\262\000\000\000Pin_1_Write\000\000\000"
 257      00000050 
 257      696E5F31 
 257      5F577269 
 257      74650000 
 258 0030 00000000 		.ascii	"\000\000\000\000\000\000\000\000\000\264\000\000\000"
 258      00000000 
 258      00B40000 
 258      00
 259 003d 50696E5F 		.ascii	"Pin_1_Read\000\000\000\000\000\000\000\000\000\000\000"
 259      315F5265 
 259      61640000 
 259      00000000 
 259      00000000 
 260 0052 00B70000 		.ascii	"\000\267\000\000\000Pin_1_ReadDataReg\000\000\000\000"
 260      0050696E 
 260      5F315F52 
 260      65616444 
 260      61746152 
 261 006c 00000000 		.ascii	"\000\000\000\000\000\000\000\000\271\000\000\000Pin"
 261      00000000 
 261      B9000000 
 261      50696E
 262 007b 5F315F53 		.ascii	"_1_SetInterruptMode\000\000\000\000\000\000\000\000"
 262      6574496E 
 262      74657272 
 262      7570744D 
 262      6F646500 
 263 0096 00000000 		.ascii	"\000\000\000\000\303\000\000\000Pin_1_ClearInterrup"
 263      C3000000 
 263      50696E5F 
 263      315F436C 
 263      65617249 
 264 00b1 74000000 		.ascii	"t\000\000\000\000\000\000\000\000\000\000\000\000\305"
 264      00000000 
 264      00000000 
 264      00C5
 265 00bf 000000   		.ascii	"\000\000\000"
 266              		.text
 267              		.section	.gnu.lto_.opts,"",%progbits
 268 0000 272D666E 		.ascii	"'-fno-trapv' '-mcpu=cortex-m0' '-mthumb' '-g' '-Os'"
 268      6F2D7472 
ARM GAS  C:\Users\victo\AppData\Local\Temp\ccIXWKst.s 			page 20


 268      61707627 
 268      20272D6D 
 268      6370753D 
 269 0033 20272D57 		.ascii	" '-Werror' '-ffunction-sections' '-finline-function"
 269      6572726F 
 269      72272027 
 269      2D666675 
 269      6E637469 
 270 0066 73272027 		.ascii	"s' '-flto' '-ffat-lto-objects' '-fno-strict-aliasin"
 270      2D666C74 
 270      6F272027 
 270      2D666661 
 270      742D6C74 
 271 0099 672700   		.ascii	"g'\000"
 272              		.text
 273              		.cfi_sections	.debug_frame
 274              		.section	.text.Pin_1_SetDriveMode,"ax",%progbits
 275              		.align	1
 276              		.global	Pin_1_SetDriveMode
 277              		.code	16
 278              		.thumb_func
 279              		.type	Pin_1_SetDriveMode, %function
 280              	Pin_1_SetDriveMode:
 281              	.LFB0:
 282              		.file 1 ".\\Generated_Source\\PSoC4\\Pin_1.c"
   1:.\Generated_Source\PSoC4/Pin_1.c **** /*******************************************************************************
   2:.\Generated_Source\PSoC4/Pin_1.c **** * File Name: Pin_1.c  
   3:.\Generated_Source\PSoC4/Pin_1.c **** * Version 2.20
   4:.\Generated_Source\PSoC4/Pin_1.c **** *
   5:.\Generated_Source\PSoC4/Pin_1.c **** * Description:
   6:.\Generated_Source\PSoC4/Pin_1.c **** *  This file contains API to enable firmware control of a Pins component.
   7:.\Generated_Source\PSoC4/Pin_1.c **** *
   8:.\Generated_Source\PSoC4/Pin_1.c **** ********************************************************************************
   9:.\Generated_Source\PSoC4/Pin_1.c **** * Copyright 2008-2015, Cypress Semiconductor Corporation.  All rights reserved.
  10:.\Generated_Source\PSoC4/Pin_1.c **** * You may use this file only in accordance with the license, terms, conditions, 
  11:.\Generated_Source\PSoC4/Pin_1.c **** * disclaimers, and limitations in the end user license agreement accompanying 
  12:.\Generated_Source\PSoC4/Pin_1.c **** * the software package with which this file was provided.
  13:.\Generated_Source\PSoC4/Pin_1.c **** *******************************************************************************/
  14:.\Generated_Source\PSoC4/Pin_1.c **** 
  15:.\Generated_Source\PSoC4/Pin_1.c **** #include "cytypes.h"
  16:.\Generated_Source\PSoC4/Pin_1.c **** #include "Pin_1.h"
  17:.\Generated_Source\PSoC4/Pin_1.c **** 
  18:.\Generated_Source\PSoC4/Pin_1.c **** 
  19:.\Generated_Source\PSoC4/Pin_1.c **** #if defined(Pin_1__PC)
  20:.\Generated_Source\PSoC4/Pin_1.c ****     #define Pin_1_SetP4PinDriveMode(shift, mode)  \
  21:.\Generated_Source\PSoC4/Pin_1.c ****     do { \
  22:.\Generated_Source\PSoC4/Pin_1.c ****         Pin_1_PC =   (Pin_1_PC & \
  23:.\Generated_Source\PSoC4/Pin_1.c ****                                 (uint32)(~(uint32)(Pin_1_DRIVE_MODE_IND_MASK << \
  24:.\Generated_Source\PSoC4/Pin_1.c ****                                 (Pin_1_DRIVE_MODE_BITS * (shift))))) | \
  25:.\Generated_Source\PSoC4/Pin_1.c ****                                 (uint32)((uint32)(mode) << \
  26:.\Generated_Source\PSoC4/Pin_1.c ****                                 (Pin_1_DRIVE_MODE_BITS * (shift))); \
  27:.\Generated_Source\PSoC4/Pin_1.c ****     } while (0)
  28:.\Generated_Source\PSoC4/Pin_1.c **** #else
  29:.\Generated_Source\PSoC4/Pin_1.c ****     #if (CY_PSOC4_4200L)
  30:.\Generated_Source\PSoC4/Pin_1.c ****         #define Pin_1_SetP4PinDriveMode(shift, mode)  \
  31:.\Generated_Source\PSoC4/Pin_1.c ****         do { \
  32:.\Generated_Source\PSoC4/Pin_1.c ****             Pin_1_USBIO_CTRL_REG = (Pin_1_USBIO_CTRL_REG & \
ARM GAS  C:\Users\victo\AppData\Local\Temp\ccIXWKst.s 			page 21


  33:.\Generated_Source\PSoC4/Pin_1.c ****                                     (uint32)(~(uint32)(Pin_1_DRIVE_MODE_IND_MASK << \
  34:.\Generated_Source\PSoC4/Pin_1.c ****                                     (Pin_1_DRIVE_MODE_BITS * (shift))))) | \
  35:.\Generated_Source\PSoC4/Pin_1.c ****                                     (uint32)((uint32)(mode) << \
  36:.\Generated_Source\PSoC4/Pin_1.c ****                                     (Pin_1_DRIVE_MODE_BITS * (shift))); \
  37:.\Generated_Source\PSoC4/Pin_1.c ****         } while (0)
  38:.\Generated_Source\PSoC4/Pin_1.c ****     #endif
  39:.\Generated_Source\PSoC4/Pin_1.c **** #endif
  40:.\Generated_Source\PSoC4/Pin_1.c ****   
  41:.\Generated_Source\PSoC4/Pin_1.c **** 
  42:.\Generated_Source\PSoC4/Pin_1.c **** #if defined(Pin_1__PC) || (CY_PSOC4_4200L) 
  43:.\Generated_Source\PSoC4/Pin_1.c ****     /*******************************************************************************
  44:.\Generated_Source\PSoC4/Pin_1.c ****     * Function Name: Pin_1_SetDriveMode
  45:.\Generated_Source\PSoC4/Pin_1.c ****     ****************************************************************************//**
  46:.\Generated_Source\PSoC4/Pin_1.c ****     *
  47:.\Generated_Source\PSoC4/Pin_1.c ****     * \brief Sets the drive mode for each of the Pins component's pins.
  48:.\Generated_Source\PSoC4/Pin_1.c ****     * 
  49:.\Generated_Source\PSoC4/Pin_1.c ****     * <b>Note</b> This affects all pins in the Pins component instance. Use the
  50:.\Generated_Source\PSoC4/Pin_1.c ****     * Per-Pin APIs if you wish to control individual pin's drive modes.
  51:.\Generated_Source\PSoC4/Pin_1.c ****     *
  52:.\Generated_Source\PSoC4/Pin_1.c ****     * <b>Note</b> USBIOs have limited drive functionality. Refer to the Drive Mode
  53:.\Generated_Source\PSoC4/Pin_1.c ****     * parameter for more information.
  54:.\Generated_Source\PSoC4/Pin_1.c ****     *
  55:.\Generated_Source\PSoC4/Pin_1.c ****     * \param mode
  56:.\Generated_Source\PSoC4/Pin_1.c ****     *  Mode for the selected signals. Valid options are documented in 
  57:.\Generated_Source\PSoC4/Pin_1.c ****     *  \ref driveMode.
  58:.\Generated_Source\PSoC4/Pin_1.c ****     *
  59:.\Generated_Source\PSoC4/Pin_1.c ****     * \return
  60:.\Generated_Source\PSoC4/Pin_1.c ****     *  None
  61:.\Generated_Source\PSoC4/Pin_1.c ****     *
  62:.\Generated_Source\PSoC4/Pin_1.c ****     * \sideeffect
  63:.\Generated_Source\PSoC4/Pin_1.c ****     *  If you use read-modify-write operations that are not atomic, the ISR can
  64:.\Generated_Source\PSoC4/Pin_1.c ****     *  cause corruption of this function. An ISR that interrupts this function 
  65:.\Generated_Source\PSoC4/Pin_1.c ****     *  and performs writes to the Pins component Drive Mode registers can cause 
  66:.\Generated_Source\PSoC4/Pin_1.c ****     *  corrupted port data. To avoid this issue, you should either use the Per-Pin
  67:.\Generated_Source\PSoC4/Pin_1.c ****     *  APIs (primary method) or disable interrupts around this function.
  68:.\Generated_Source\PSoC4/Pin_1.c ****     *
  69:.\Generated_Source\PSoC4/Pin_1.c ****     * \funcusage
  70:.\Generated_Source\PSoC4/Pin_1.c ****     *  \snippet Pin_1_SUT.c usage_Pin_1_SetDriveMode
  71:.\Generated_Source\PSoC4/Pin_1.c ****     *******************************************************************************/
  72:.\Generated_Source\PSoC4/Pin_1.c ****     void Pin_1_SetDriveMode(uint8 mode)
  73:.\Generated_Source\PSoC4/Pin_1.c ****     {
 283              		.loc 1 73 0
 284              		.cfi_startproc
 285              	.LVL0:
  74:.\Generated_Source\PSoC4/Pin_1.c **** 		Pin_1_SetP4PinDriveMode(Pin_1__0__SHIFT, mode);
 286              		.loc 1 74 0
 287 0000 0721     		mov	r1, #7
 288 0002 034A     		ldr	r2, .L2
  75:.\Generated_Source\PSoC4/Pin_1.c ****     }
 289              		.loc 1 75 0
 290              		@ sp needed
  74:.\Generated_Source\PSoC4/Pin_1.c **** 		Pin_1_SetP4PinDriveMode(Pin_1__0__SHIFT, mode);
 291              		.loc 1 74 0
 292 0004 1368     		ldr	r3, [r2]
 293 0006 8B43     		bic	r3, r1
 294 0008 1843     		orr	r0, r3
 295              	.LVL1:
ARM GAS  C:\Users\victo\AppData\Local\Temp\ccIXWKst.s 			page 22


 296 000a 1060     		str	r0, [r2]
 297              		.loc 1 75 0
 298 000c 7047     		bx	lr
 299              	.L3:
 300 000e C046     		.align	2
 301              	.L2:
 302 0010 08020440 		.word	1074004488
 303              		.cfi_endproc
 304              	.LFE0:
 305              		.size	Pin_1_SetDriveMode, .-Pin_1_SetDriveMode
 306              		.section	.text.Pin_1_Write,"ax",%progbits
 307              		.align	1
 308              		.global	Pin_1_Write
 309              		.code	16
 310              		.thumb_func
 311              		.type	Pin_1_Write, %function
 312              	Pin_1_Write:
 313              	.LFB1:
  76:.\Generated_Source\PSoC4/Pin_1.c **** #endif
  77:.\Generated_Source\PSoC4/Pin_1.c **** 
  78:.\Generated_Source\PSoC4/Pin_1.c **** 
  79:.\Generated_Source\PSoC4/Pin_1.c **** /*******************************************************************************
  80:.\Generated_Source\PSoC4/Pin_1.c **** * Function Name: Pin_1_Write
  81:.\Generated_Source\PSoC4/Pin_1.c **** ****************************************************************************//**
  82:.\Generated_Source\PSoC4/Pin_1.c **** *
  83:.\Generated_Source\PSoC4/Pin_1.c **** * \brief Writes the value to the physical port (data output register), masking
  84:.\Generated_Source\PSoC4/Pin_1.c **** *  and shifting the bits appropriately. 
  85:.\Generated_Source\PSoC4/Pin_1.c **** *
  86:.\Generated_Source\PSoC4/Pin_1.c **** * The data output register controls the signal applied to the physical pin in 
  87:.\Generated_Source\PSoC4/Pin_1.c **** * conjunction with the drive mode parameter. This function avoids changing 
  88:.\Generated_Source\PSoC4/Pin_1.c **** * other bits in the port by using the appropriate method (read-modify-write or
  89:.\Generated_Source\PSoC4/Pin_1.c **** * bit banding).
  90:.\Generated_Source\PSoC4/Pin_1.c **** *
  91:.\Generated_Source\PSoC4/Pin_1.c **** * <b>Note</b> This function should not be used on a hardware digital output pin 
  92:.\Generated_Source\PSoC4/Pin_1.c **** * as it is driven by the hardware signal attached to it.
  93:.\Generated_Source\PSoC4/Pin_1.c **** *
  94:.\Generated_Source\PSoC4/Pin_1.c **** * \param value
  95:.\Generated_Source\PSoC4/Pin_1.c **** *  Value to write to the component instance.
  96:.\Generated_Source\PSoC4/Pin_1.c **** *
  97:.\Generated_Source\PSoC4/Pin_1.c **** * \return 
  98:.\Generated_Source\PSoC4/Pin_1.c **** *  None 
  99:.\Generated_Source\PSoC4/Pin_1.c **** *
 100:.\Generated_Source\PSoC4/Pin_1.c **** * \sideeffect
 101:.\Generated_Source\PSoC4/Pin_1.c **** *  If you use read-modify-write operations that are not atomic; the Interrupt 
 102:.\Generated_Source\PSoC4/Pin_1.c **** *  Service Routines (ISR) can cause corruption of this function. An ISR that 
 103:.\Generated_Source\PSoC4/Pin_1.c **** *  interrupts this function and performs writes to the Pins component data 
 104:.\Generated_Source\PSoC4/Pin_1.c **** *  register can cause corrupted port data. To avoid this issue, you should 
 105:.\Generated_Source\PSoC4/Pin_1.c **** *  either use the Per-Pin APIs (primary method) or disable interrupts around 
 106:.\Generated_Source\PSoC4/Pin_1.c **** *  this function.
 107:.\Generated_Source\PSoC4/Pin_1.c **** *
 108:.\Generated_Source\PSoC4/Pin_1.c **** * \funcusage
 109:.\Generated_Source\PSoC4/Pin_1.c **** *  \snippet Pin_1_SUT.c usage_Pin_1_Write
 110:.\Generated_Source\PSoC4/Pin_1.c **** *******************************************************************************/
 111:.\Generated_Source\PSoC4/Pin_1.c **** void Pin_1_Write(uint8 value)
 112:.\Generated_Source\PSoC4/Pin_1.c **** {
 314              		.loc 1 112 0
 315              		.cfi_startproc
ARM GAS  C:\Users\victo\AppData\Local\Temp\ccIXWKst.s 			page 23


 316              	.LVL2:
 113:.\Generated_Source\PSoC4/Pin_1.c ****     uint8 drVal = (uint8)(Pin_1_DR & (uint8)(~Pin_1_MASK));
 317              		.loc 1 113 0
 318 0000 0123     		mov	r3, #1
 319 0002 0449     		ldr	r1, .L5
 114:.\Generated_Source\PSoC4/Pin_1.c ****     drVal = (drVal | ((uint8)(value << Pin_1_SHIFT) & Pin_1_MASK));
 115:.\Generated_Source\PSoC4/Pin_1.c ****     Pin_1_DR = (uint32)drVal;
 116:.\Generated_Source\PSoC4/Pin_1.c **** }
 320              		.loc 1 116 0
 321              		@ sp needed
 113:.\Generated_Source\PSoC4/Pin_1.c ****     uint8 drVal = (uint8)(Pin_1_DR & (uint8)(~Pin_1_MASK));
 322              		.loc 1 113 0
 323 0004 0A68     		ldr	r2, [r1]
 324 0006 9A43     		bic	r2, r3
 325 0008 D2B2     		uxtb	r2, r2
 326              	.LVL3:
 114:.\Generated_Source\PSoC4/Pin_1.c ****     drVal = (drVal | ((uint8)(value << Pin_1_SHIFT) & Pin_1_MASK));
 327              		.loc 1 114 0
 328 000a 0340     		and	r3, r0
 115:.\Generated_Source\PSoC4/Pin_1.c **** }
 329              		.loc 1 115 0
 330 000c 1343     		orr	r3, r2
 331 000e 0B60     		str	r3, [r1]
 332              		.loc 1 116 0
 333 0010 7047     		bx	lr
 334              	.L6:
 335 0012 C046     		.align	2
 336              	.L5:
 337 0014 00020440 		.word	1074004480
 338              		.cfi_endproc
 339              	.LFE1:
 340              		.size	Pin_1_Write, .-Pin_1_Write
 341              		.section	.text.Pin_1_Read,"ax",%progbits
 342              		.align	1
 343              		.global	Pin_1_Read
 344              		.code	16
 345              		.thumb_func
 346              		.type	Pin_1_Read, %function
 347              	Pin_1_Read:
 348              	.LFB2:
 117:.\Generated_Source\PSoC4/Pin_1.c **** 
 118:.\Generated_Source\PSoC4/Pin_1.c **** 
 119:.\Generated_Source\PSoC4/Pin_1.c **** /*******************************************************************************
 120:.\Generated_Source\PSoC4/Pin_1.c **** * Function Name: Pin_1_Read
 121:.\Generated_Source\PSoC4/Pin_1.c **** ****************************************************************************//**
 122:.\Generated_Source\PSoC4/Pin_1.c **** *
 123:.\Generated_Source\PSoC4/Pin_1.c **** * \brief Reads the associated physical port (pin status register) and masks 
 124:.\Generated_Source\PSoC4/Pin_1.c **** *  the required bits according to the width and bit position of the component
 125:.\Generated_Source\PSoC4/Pin_1.c **** *  instance. 
 126:.\Generated_Source\PSoC4/Pin_1.c **** *
 127:.\Generated_Source\PSoC4/Pin_1.c **** * The pin's status register returns the current logic level present on the 
 128:.\Generated_Source\PSoC4/Pin_1.c **** * physical pin.
 129:.\Generated_Source\PSoC4/Pin_1.c **** *
 130:.\Generated_Source\PSoC4/Pin_1.c **** * \return 
 131:.\Generated_Source\PSoC4/Pin_1.c **** *  The current value for the pins in the component as a right justified number.
 132:.\Generated_Source\PSoC4/Pin_1.c **** *
 133:.\Generated_Source\PSoC4/Pin_1.c **** * \funcusage
ARM GAS  C:\Users\victo\AppData\Local\Temp\ccIXWKst.s 			page 24


 134:.\Generated_Source\PSoC4/Pin_1.c **** *  \snippet Pin_1_SUT.c usage_Pin_1_Read  
 135:.\Generated_Source\PSoC4/Pin_1.c **** *******************************************************************************/
 136:.\Generated_Source\PSoC4/Pin_1.c **** uint8 Pin_1_Read(void)
 137:.\Generated_Source\PSoC4/Pin_1.c **** {
 349              		.loc 1 137 0
 350              		.cfi_startproc
 138:.\Generated_Source\PSoC4/Pin_1.c ****     return (uint8)((Pin_1_PS & Pin_1_MASK) >> Pin_1_SHIFT);
 351              		.loc 1 138 0
 352 0000 024B     		ldr	r3, .L8
 139:.\Generated_Source\PSoC4/Pin_1.c **** }
 353              		.loc 1 139 0
 354              		@ sp needed
 138:.\Generated_Source\PSoC4/Pin_1.c ****     return (uint8)((Pin_1_PS & Pin_1_MASK) >> Pin_1_SHIFT);
 355              		.loc 1 138 0
 356 0002 1868     		ldr	r0, [r3]
 357 0004 0123     		mov	r3, #1
 358 0006 1840     		and	r0, r3
 359              		.loc 1 139 0
 360 0008 7047     		bx	lr
 361              	.L9:
 362 000a C046     		.align	2
 363              	.L8:
 364 000c 04020440 		.word	1074004484
 365              		.cfi_endproc
 366              	.LFE2:
 367              		.size	Pin_1_Read, .-Pin_1_Read
 368              		.section	.text.Pin_1_ReadDataReg,"ax",%progbits
 369              		.align	1
 370              		.global	Pin_1_ReadDataReg
 371              		.code	16
 372              		.thumb_func
 373              		.type	Pin_1_ReadDataReg, %function
 374              	Pin_1_ReadDataReg:
 375              	.LFB3:
 140:.\Generated_Source\PSoC4/Pin_1.c **** 
 141:.\Generated_Source\PSoC4/Pin_1.c **** 
 142:.\Generated_Source\PSoC4/Pin_1.c **** /*******************************************************************************
 143:.\Generated_Source\PSoC4/Pin_1.c **** * Function Name: Pin_1_ReadDataReg
 144:.\Generated_Source\PSoC4/Pin_1.c **** ****************************************************************************//**
 145:.\Generated_Source\PSoC4/Pin_1.c **** *
 146:.\Generated_Source\PSoC4/Pin_1.c **** * \brief Reads the associated physical port's data output register and masks 
 147:.\Generated_Source\PSoC4/Pin_1.c **** *  the correct bits according to the width and bit position of the component 
 148:.\Generated_Source\PSoC4/Pin_1.c **** *  instance. 
 149:.\Generated_Source\PSoC4/Pin_1.c **** *
 150:.\Generated_Source\PSoC4/Pin_1.c **** * The data output register controls the signal applied to the physical pin in 
 151:.\Generated_Source\PSoC4/Pin_1.c **** * conjunction with the drive mode parameter. This is not the same as the 
 152:.\Generated_Source\PSoC4/Pin_1.c **** * preferred Pin_1_Read() API because the 
 153:.\Generated_Source\PSoC4/Pin_1.c **** * Pin_1_ReadDataReg() reads the data register instead of the status 
 154:.\Generated_Source\PSoC4/Pin_1.c **** * register. For output pins this is a useful function to determine the value 
 155:.\Generated_Source\PSoC4/Pin_1.c **** * just written to the pin.
 156:.\Generated_Source\PSoC4/Pin_1.c **** *
 157:.\Generated_Source\PSoC4/Pin_1.c **** * \return 
 158:.\Generated_Source\PSoC4/Pin_1.c **** *  The current value of the data register masked and shifted into a right 
 159:.\Generated_Source\PSoC4/Pin_1.c **** *  justified number for the component instance.
 160:.\Generated_Source\PSoC4/Pin_1.c **** *
 161:.\Generated_Source\PSoC4/Pin_1.c **** * \funcusage
 162:.\Generated_Source\PSoC4/Pin_1.c **** *  \snippet Pin_1_SUT.c usage_Pin_1_ReadDataReg 
ARM GAS  C:\Users\victo\AppData\Local\Temp\ccIXWKst.s 			page 25


 163:.\Generated_Source\PSoC4/Pin_1.c **** *******************************************************************************/
 164:.\Generated_Source\PSoC4/Pin_1.c **** uint8 Pin_1_ReadDataReg(void)
 165:.\Generated_Source\PSoC4/Pin_1.c **** {
 376              		.loc 1 165 0
 377              		.cfi_startproc
 166:.\Generated_Source\PSoC4/Pin_1.c ****     return (uint8)((Pin_1_DR & Pin_1_MASK) >> Pin_1_SHIFT);
 378              		.loc 1 166 0
 379 0000 024B     		ldr	r3, .L11
 167:.\Generated_Source\PSoC4/Pin_1.c **** }
 380              		.loc 1 167 0
 381              		@ sp needed
 166:.\Generated_Source\PSoC4/Pin_1.c ****     return (uint8)((Pin_1_DR & Pin_1_MASK) >> Pin_1_SHIFT);
 382              		.loc 1 166 0
 383 0002 1868     		ldr	r0, [r3]
 384 0004 0123     		mov	r3, #1
 385 0006 1840     		and	r0, r3
 386              		.loc 1 167 0
 387 0008 7047     		bx	lr
 388              	.L12:
 389 000a C046     		.align	2
 390              	.L11:
 391 000c 00020440 		.word	1074004480
 392              		.cfi_endproc
 393              	.LFE3:
 394              		.size	Pin_1_ReadDataReg, .-Pin_1_ReadDataReg
 395              		.section	.text.Pin_1_SetInterruptMode,"ax",%progbits
 396              		.align	1
 397              		.global	Pin_1_SetInterruptMode
 398              		.code	16
 399              		.thumb_func
 400              		.type	Pin_1_SetInterruptMode, %function
 401              	Pin_1_SetInterruptMode:
 402              	.LFB4:
 168:.\Generated_Source\PSoC4/Pin_1.c **** 
 169:.\Generated_Source\PSoC4/Pin_1.c **** 
 170:.\Generated_Source\PSoC4/Pin_1.c **** /*******************************************************************************
 171:.\Generated_Source\PSoC4/Pin_1.c **** * Function Name: Pin_1_SetInterruptMode
 172:.\Generated_Source\PSoC4/Pin_1.c **** ****************************************************************************//**
 173:.\Generated_Source\PSoC4/Pin_1.c **** *
 174:.\Generated_Source\PSoC4/Pin_1.c **** * \brief Configures the interrupt mode for each of the Pins component's
 175:.\Generated_Source\PSoC4/Pin_1.c **** *  pins. Alternatively you may set the interrupt mode for all the pins
 176:.\Generated_Source\PSoC4/Pin_1.c **** *  specified in the Pins component.
 177:.\Generated_Source\PSoC4/Pin_1.c **** *
 178:.\Generated_Source\PSoC4/Pin_1.c **** *  <b>Note</b> The interrupt is port-wide and therefore any enabled pin
 179:.\Generated_Source\PSoC4/Pin_1.c **** *  interrupt may trigger it.
 180:.\Generated_Source\PSoC4/Pin_1.c **** *
 181:.\Generated_Source\PSoC4/Pin_1.c **** * \param position
 182:.\Generated_Source\PSoC4/Pin_1.c **** *  The pin position as listed in the Pins component. You may OR these to be 
 183:.\Generated_Source\PSoC4/Pin_1.c **** *  able to configure the interrupt mode of multiple pins within a Pins 
 184:.\Generated_Source\PSoC4/Pin_1.c **** *  component. Or you may use Pin_1_INTR_ALL to configure the
 185:.\Generated_Source\PSoC4/Pin_1.c **** *  interrupt mode of all the pins in the Pins component.       
 186:.\Generated_Source\PSoC4/Pin_1.c **** *  - Pin_1_0_INTR       (First pin in the list)
 187:.\Generated_Source\PSoC4/Pin_1.c **** *  - Pin_1_1_INTR       (Second pin in the list)
 188:.\Generated_Source\PSoC4/Pin_1.c **** *  - ...
 189:.\Generated_Source\PSoC4/Pin_1.c **** *  - Pin_1_INTR_ALL     (All pins in Pins component)
 190:.\Generated_Source\PSoC4/Pin_1.c **** *
 191:.\Generated_Source\PSoC4/Pin_1.c **** * \param mode
ARM GAS  C:\Users\victo\AppData\Local\Temp\ccIXWKst.s 			page 26


 192:.\Generated_Source\PSoC4/Pin_1.c **** *  Interrupt mode for the selected pins. Valid options are documented in
 193:.\Generated_Source\PSoC4/Pin_1.c **** *  \ref intrMode.
 194:.\Generated_Source\PSoC4/Pin_1.c **** *
 195:.\Generated_Source\PSoC4/Pin_1.c **** * \return 
 196:.\Generated_Source\PSoC4/Pin_1.c **** *  None
 197:.\Generated_Source\PSoC4/Pin_1.c **** *  
 198:.\Generated_Source\PSoC4/Pin_1.c **** * \sideeffect
 199:.\Generated_Source\PSoC4/Pin_1.c **** *  It is recommended that the interrupt be disabled before calling this 
 200:.\Generated_Source\PSoC4/Pin_1.c **** *  function to avoid unintended interrupt requests. Note that the interrupt
 201:.\Generated_Source\PSoC4/Pin_1.c **** *  type is port wide, and therefore will trigger for any enabled pin on the 
 202:.\Generated_Source\PSoC4/Pin_1.c **** *  port.
 203:.\Generated_Source\PSoC4/Pin_1.c **** *
 204:.\Generated_Source\PSoC4/Pin_1.c **** * \funcusage
 205:.\Generated_Source\PSoC4/Pin_1.c **** *  \snippet Pin_1_SUT.c usage_Pin_1_SetInterruptMode
 206:.\Generated_Source\PSoC4/Pin_1.c **** *******************************************************************************/
 207:.\Generated_Source\PSoC4/Pin_1.c **** void Pin_1_SetInterruptMode(uint16 position, uint16 mode)
 208:.\Generated_Source\PSoC4/Pin_1.c **** {
 403              		.loc 1 208 0
 404              		.cfi_startproc
 405              	.LVL4:
 209:.\Generated_Source\PSoC4/Pin_1.c ****     uint32 intrCfg;
 210:.\Generated_Source\PSoC4/Pin_1.c ****     
 211:.\Generated_Source\PSoC4/Pin_1.c ****     intrCfg =  Pin_1_INTCFG & (uint32)(~(uint32)position);
 406              		.loc 1 211 0
 407 0000 034A     		ldr	r2, .L14
 212:.\Generated_Source\PSoC4/Pin_1.c ****     Pin_1_INTCFG = intrCfg | ((uint32)position & (uint32)mode);
 213:.\Generated_Source\PSoC4/Pin_1.c **** }
 408              		.loc 1 213 0
 409              		@ sp needed
 211:.\Generated_Source\PSoC4/Pin_1.c ****     Pin_1_INTCFG = intrCfg | ((uint32)position & (uint32)mode);
 410              		.loc 1 211 0
 411 0002 1368     		ldr	r3, [r2]
 412              	.LVL5:
 413 0004 8343     		bic	r3, r0
 414              	.LVL6:
 212:.\Generated_Source\PSoC4/Pin_1.c ****     Pin_1_INTCFG = intrCfg | ((uint32)position & (uint32)mode);
 415              		.loc 1 212 0
 416 0006 0840     		and	r0, r1
 417              	.LVL7:
 418 0008 1843     		orr	r0, r3
 419 000a 1060     		str	r0, [r2]
 420              		.loc 1 213 0
 421 000c 7047     		bx	lr
 422              	.L15:
 423 000e C046     		.align	2
 424              	.L14:
 425 0010 0C020440 		.word	1074004492
 426              		.cfi_endproc
 427              	.LFE4:
 428              		.size	Pin_1_SetInterruptMode, .-Pin_1_SetInterruptMode
 429              		.section	.text.Pin_1_ClearInterrupt,"ax",%progbits
 430              		.align	1
 431              		.global	Pin_1_ClearInterrupt
 432              		.code	16
 433              		.thumb_func
 434              		.type	Pin_1_ClearInterrupt, %function
 435              	Pin_1_ClearInterrupt:
ARM GAS  C:\Users\victo\AppData\Local\Temp\ccIXWKst.s 			page 27


 436              	.LFB5:
 214:.\Generated_Source\PSoC4/Pin_1.c **** 
 215:.\Generated_Source\PSoC4/Pin_1.c **** 
 216:.\Generated_Source\PSoC4/Pin_1.c **** /*******************************************************************************
 217:.\Generated_Source\PSoC4/Pin_1.c **** * Function Name: Pin_1_ClearInterrupt
 218:.\Generated_Source\PSoC4/Pin_1.c **** ****************************************************************************//**
 219:.\Generated_Source\PSoC4/Pin_1.c **** *
 220:.\Generated_Source\PSoC4/Pin_1.c **** * \brief Clears any active interrupts attached with the component and returns 
 221:.\Generated_Source\PSoC4/Pin_1.c **** *  the value of the interrupt status register allowing determination of which
 222:.\Generated_Source\PSoC4/Pin_1.c **** *  pins generated an interrupt event.
 223:.\Generated_Source\PSoC4/Pin_1.c **** *
 224:.\Generated_Source\PSoC4/Pin_1.c **** * \return 
 225:.\Generated_Source\PSoC4/Pin_1.c **** *  The right-shifted current value of the interrupt status register. Each pin 
 226:.\Generated_Source\PSoC4/Pin_1.c **** *  has one bit set if it generated an interrupt event. For example, bit 0 is 
 227:.\Generated_Source\PSoC4/Pin_1.c **** *  for pin 0 and bit 1 is for pin 1 of the Pins component.
 228:.\Generated_Source\PSoC4/Pin_1.c **** *  
 229:.\Generated_Source\PSoC4/Pin_1.c **** * \sideeffect
 230:.\Generated_Source\PSoC4/Pin_1.c **** *  Clears all bits of the physical port's interrupt status register, not just
 231:.\Generated_Source\PSoC4/Pin_1.c **** *  those associated with the Pins component.
 232:.\Generated_Source\PSoC4/Pin_1.c **** *
 233:.\Generated_Source\PSoC4/Pin_1.c **** * \funcusage
 234:.\Generated_Source\PSoC4/Pin_1.c **** *  \snippet Pin_1_SUT.c usage_Pin_1_ClearInterrupt
 235:.\Generated_Source\PSoC4/Pin_1.c **** *******************************************************************************/
 236:.\Generated_Source\PSoC4/Pin_1.c **** uint8 Pin_1_ClearInterrupt(void)
 237:.\Generated_Source\PSoC4/Pin_1.c **** {
 437              		.loc 1 237 0
 438              		.cfi_startproc
 238:.\Generated_Source\PSoC4/Pin_1.c **** 	uint8 maskedStatus = (uint8)(Pin_1_INTSTAT & Pin_1_MASK);
 439              		.loc 1 238 0
 440 0000 0123     		mov	r3, #1
 441 0002 024A     		ldr	r2, .L17
 239:.\Generated_Source\PSoC4/Pin_1.c **** 	Pin_1_INTSTAT = maskedStatus;
 240:.\Generated_Source\PSoC4/Pin_1.c ****     return maskedStatus >> Pin_1_SHIFT;
 241:.\Generated_Source\PSoC4/Pin_1.c **** }
 442              		.loc 1 241 0
 443              		@ sp needed
 238:.\Generated_Source\PSoC4/Pin_1.c **** 	uint8 maskedStatus = (uint8)(Pin_1_INTSTAT & Pin_1_MASK);
 444              		.loc 1 238 0
 445 0004 1068     		ldr	r0, [r2]
 446 0006 1840     		and	r0, r3
 447              	.LVL8:
 239:.\Generated_Source\PSoC4/Pin_1.c **** 	Pin_1_INTSTAT = maskedStatus;
 448              		.loc 1 239 0
 449 0008 1060     		str	r0, [r2]
 450              		.loc 1 241 0
 451 000a 7047     		bx	lr
 452              	.L18:
 453              		.align	2
 454              	.L17:
 455 000c 10020440 		.word	1074004496
 456              		.cfi_endproc
 457              	.LFE5:
 458              		.size	Pin_1_ClearInterrupt, .-Pin_1_ClearInterrupt
 459              		.text
 460              	.Letext0:
 461              		.file 2 ".\\Generated_Source\\PSoC4\\cytypes.h"
 462              		.section	.debug_info,"",%progbits
ARM GAS  C:\Users\victo\AppData\Local\Temp\ccIXWKst.s 			page 28


 463              	.Ldebug_info0:
 464 0000 9C010000 		.4byte	0x19c
 465 0004 0400     		.2byte	0x4
 466 0006 00000000 		.4byte	.Ldebug_abbrev0
 467 000a 04       		.byte	0x4
 468 000b 01       		.uleb128 0x1
 469 000c 17010000 		.4byte	.LASF28
 470 0010 01       		.byte	0x1
 471 0011 4B000000 		.4byte	.LASF29
 472 0015 A9000000 		.4byte	.LASF30
 473 0019 00000000 		.4byte	.Ldebug_ranges0+0
 474 001d 00000000 		.4byte	0
 475 0021 00000000 		.4byte	.Ldebug_line0
 476 0025 02       		.uleb128 0x2
 477 0026 01       		.byte	0x1
 478 0027 06       		.byte	0x6
 479 0028 4E020000 		.4byte	.LASF0
 480 002c 02       		.uleb128 0x2
 481 002d 01       		.byte	0x1
 482 002e 08       		.byte	0x8
 483 002f 12000000 		.4byte	.LASF1
 484 0033 02       		.uleb128 0x2
 485 0034 02       		.byte	0x2
 486 0035 05       		.byte	0x5
 487 0036 1A020000 		.4byte	.LASF2
 488 003a 02       		.uleb128 0x2
 489 003b 02       		.byte	0x2
 490 003c 07       		.byte	0x7
 491 003d 38000000 		.4byte	.LASF3
 492 0041 02       		.uleb128 0x2
 493 0042 04       		.byte	0x4
 494 0043 05       		.byte	0x5
 495 0044 45020000 		.4byte	.LASF4
 496 0048 02       		.uleb128 0x2
 497 0049 04       		.byte	0x4
 498 004a 07       		.byte	0x7
 499 004b 26000000 		.4byte	.LASF5
 500 004f 02       		.uleb128 0x2
 501 0050 08       		.byte	0x8
 502 0051 05       		.byte	0x5
 503 0052 FA010000 		.4byte	.LASF6
 504 0056 02       		.uleb128 0x2
 505 0057 08       		.byte	0x8
 506 0058 07       		.byte	0x7
 507 0059 00010000 		.4byte	.LASF7
 508 005d 03       		.uleb128 0x3
 509 005e 04       		.byte	0x4
 510 005f 05       		.byte	0x5
 511 0060 696E7400 		.ascii	"int\000"
 512 0064 02       		.uleb128 0x2
 513 0065 04       		.byte	0x4
 514 0066 07       		.byte	0x7
 515 0067 9C000000 		.4byte	.LASF8
 516 006b 04       		.uleb128 0x4
 517 006c 24020000 		.4byte	.LASF9
 518 0070 02       		.byte	0x2
 519 0071 9801     		.2byte	0x198
ARM GAS  C:\Users\victo\AppData\Local\Temp\ccIXWKst.s 			page 29


 520 0073 2C000000 		.4byte	0x2c
 521 0077 04       		.uleb128 0x4
 522 0078 73000000 		.4byte	.LASF10
 523 007c 02       		.byte	0x2
 524 007d 9901     		.2byte	0x199
 525 007f 3A000000 		.4byte	0x3a
 526 0083 04       		.uleb128 0x4
 527 0084 8D000000 		.4byte	.LASF11
 528 0088 02       		.byte	0x2
 529 0089 9A01     		.2byte	0x19a
 530 008b 48000000 		.4byte	0x48
 531 008f 02       		.uleb128 0x2
 532 0090 04       		.byte	0x4
 533 0091 04       		.byte	0x4
 534 0092 0C000000 		.4byte	.LASF12
 535 0096 02       		.uleb128 0x2
 536 0097 08       		.byte	0x8
 537 0098 04       		.byte	0x4
 538 0099 6C000000 		.4byte	.LASF13
 539 009d 02       		.uleb128 0x2
 540 009e 01       		.byte	0x1
 541 009f 08       		.byte	0x8
 542 00a0 15020000 		.4byte	.LASF14
 543 00a4 04       		.uleb128 0x4
 544 00a5 00000000 		.4byte	.LASF15
 545 00a9 02       		.byte	0x2
 546 00aa 4402     		.2byte	0x244
 547 00ac B0000000 		.4byte	0xb0
 548 00b0 05       		.uleb128 0x5
 549 00b1 83000000 		.4byte	0x83
 550 00b5 06       		.uleb128 0x6
 551 00b6 7A000000 		.4byte	.LASF16
 552 00ba 01       		.byte	0x1
 553 00bb 48       		.byte	0x48
 554 00bc 00000000 		.4byte	.LFB0
 555 00c0 14000000 		.4byte	.LFE0-.LFB0
 556 00c4 01       		.uleb128 0x1
 557 00c5 9C       		.byte	0x9c
 558 00c6 DA000000 		.4byte	0xda
 559 00ca 07       		.uleb128 0x7
 560 00cb D3010000 		.4byte	.LASF18
 561 00cf 01       		.byte	0x1
 562 00d0 48       		.byte	0x48
 563 00d1 6B000000 		.4byte	0x6b
 564 00d5 00000000 		.4byte	.LLST0
 565 00d9 00       		.byte	0
 566 00da 06       		.uleb128 0x6
 567 00db 5A020000 		.4byte	.LASF17
 568 00df 01       		.byte	0x1
 569 00e0 6F       		.byte	0x6f
 570 00e1 00000000 		.4byte	.LFB1
 571 00e5 18000000 		.4byte	.LFE1-.LFB1
 572 00e9 01       		.uleb128 0x1
 573 00ea 9C       		.byte	0x9c
 574 00eb 11010000 		.4byte	0x111
 575 00ef 08       		.uleb128 0x8
 576 00f0 06000000 		.4byte	.LASF19
ARM GAS  C:\Users\victo\AppData\Local\Temp\ccIXWKst.s 			page 30


 577 00f4 01       		.byte	0x1
 578 00f5 6F       		.byte	0x6f
 579 00f6 6B000000 		.4byte	0x6b
 580 00fa 01       		.uleb128 0x1
 581 00fb 50       		.byte	0x50
 582 00fc 09       		.uleb128 0x9
 583 00fd 20000000 		.4byte	.LASF24
 584 0101 01       		.byte	0x1
 585 0102 71       		.byte	0x71
 586 0103 6B000000 		.4byte	0x6b
 587 0107 08       		.uleb128 0x8
 588 0108 70       		.byte	0x70
 589 0109 00       		.sleb128 0
 590 010a 31       		.byte	0x31
 591 010b 1A       		.byte	0x1a
 592 010c 72       		.byte	0x72
 593 010d 00       		.sleb128 0
 594 010e 21       		.byte	0x21
 595 010f 9F       		.byte	0x9f
 596 0110 00       		.byte	0
 597 0111 0A       		.uleb128 0xa
 598 0112 EF010000 		.4byte	.LASF20
 599 0116 01       		.byte	0x1
 600 0117 88       		.byte	0x88
 601 0118 6B000000 		.4byte	0x6b
 602 011c 00000000 		.4byte	.LFB2
 603 0120 10000000 		.4byte	.LFE2-.LFB2
 604 0124 01       		.uleb128 0x1
 605 0125 9C       		.byte	0x9c
 606 0126 0A       		.uleb128 0xa
 607 0127 33020000 		.4byte	.LASF21
 608 012b 01       		.byte	0x1
 609 012c A4       		.byte	0xa4
 610 012d 6B000000 		.4byte	0x6b
 611 0131 00000000 		.4byte	.LFB3
 612 0135 10000000 		.4byte	.LFE3-.LFB3
 613 0139 01       		.uleb128 0x1
 614 013a 9C       		.byte	0x9c
 615 013b 06       		.uleb128 0x6
 616 013c D8010000 		.4byte	.LASF22
 617 0140 01       		.byte	0x1
 618 0141 CF       		.byte	0xcf
 619 0142 00000000 		.4byte	.LFB4
 620 0146 14000000 		.4byte	.LFE4-.LFB4
 621 014a 01       		.uleb128 0x1
 622 014b 9C       		.byte	0x9c
 623 014c 7C010000 		.4byte	0x17c
 624 0150 07       		.uleb128 0x7
 625 0151 2A020000 		.4byte	.LASF23
 626 0155 01       		.byte	0x1
 627 0156 CF       		.byte	0xcf
 628 0157 77000000 		.4byte	0x77
 629 015b 21000000 		.4byte	.LLST1
 630 015f 08       		.uleb128 0x8
 631 0160 D3010000 		.4byte	.LASF18
 632 0164 01       		.byte	0x1
 633 0165 CF       		.byte	0xcf
ARM GAS  C:\Users\victo\AppData\Local\Temp\ccIXWKst.s 			page 31


 634 0166 77000000 		.4byte	0x77
 635 016a 01       		.uleb128 0x1
 636 016b 51       		.byte	0x51
 637 016c 0B       		.uleb128 0xb
 638 016d 94000000 		.4byte	.LASF25
 639 0171 01       		.byte	0x1
 640 0172 D1       		.byte	0xd1
 641 0173 83000000 		.4byte	0x83
 642 0177 42000000 		.4byte	.LLST2
 643 017b 00       		.byte	0
 644 017c 0C       		.uleb128 0xc
 645 017d 66020000 		.4byte	.LASF26
 646 0181 01       		.byte	0x1
 647 0182 EC       		.byte	0xec
 648 0183 6B000000 		.4byte	0x6b
 649 0187 00000000 		.4byte	.LFB5
 650 018b 10000000 		.4byte	.LFE5-.LFB5
 651 018f 01       		.uleb128 0x1
 652 0190 9C       		.byte	0x9c
 653 0191 09       		.uleb128 0x9
 654 0192 08020000 		.4byte	.LASF27
 655 0196 01       		.byte	0x1
 656 0197 EE       		.byte	0xee
 657 0198 6B000000 		.4byte	0x6b
 658 019c 01       		.uleb128 0x1
 659 019d 50       		.byte	0x50
 660 019e 00       		.byte	0
 661 019f 00       		.byte	0
 662              		.section	.debug_abbrev,"",%progbits
 663              	.Ldebug_abbrev0:
 664 0000 01       		.uleb128 0x1
 665 0001 11       		.uleb128 0x11
 666 0002 01       		.byte	0x1
 667 0003 25       		.uleb128 0x25
 668 0004 0E       		.uleb128 0xe
 669 0005 13       		.uleb128 0x13
 670 0006 0B       		.uleb128 0xb
 671 0007 03       		.uleb128 0x3
 672 0008 0E       		.uleb128 0xe
 673 0009 1B       		.uleb128 0x1b
 674 000a 0E       		.uleb128 0xe
 675 000b 55       		.uleb128 0x55
 676 000c 17       		.uleb128 0x17
 677 000d 11       		.uleb128 0x11
 678 000e 01       		.uleb128 0x1
 679 000f 10       		.uleb128 0x10
 680 0010 17       		.uleb128 0x17
 681 0011 00       		.byte	0
 682 0012 00       		.byte	0
 683 0013 02       		.uleb128 0x2
 684 0014 24       		.uleb128 0x24
 685 0015 00       		.byte	0
 686 0016 0B       		.uleb128 0xb
 687 0017 0B       		.uleb128 0xb
 688 0018 3E       		.uleb128 0x3e
 689 0019 0B       		.uleb128 0xb
 690 001a 03       		.uleb128 0x3
ARM GAS  C:\Users\victo\AppData\Local\Temp\ccIXWKst.s 			page 32


 691 001b 0E       		.uleb128 0xe
 692 001c 00       		.byte	0
 693 001d 00       		.byte	0
 694 001e 03       		.uleb128 0x3
 695 001f 24       		.uleb128 0x24
 696 0020 00       		.byte	0
 697 0021 0B       		.uleb128 0xb
 698 0022 0B       		.uleb128 0xb
 699 0023 3E       		.uleb128 0x3e
 700 0024 0B       		.uleb128 0xb
 701 0025 03       		.uleb128 0x3
 702 0026 08       		.uleb128 0x8
 703 0027 00       		.byte	0
 704 0028 00       		.byte	0
 705 0029 04       		.uleb128 0x4
 706 002a 16       		.uleb128 0x16
 707 002b 00       		.byte	0
 708 002c 03       		.uleb128 0x3
 709 002d 0E       		.uleb128 0xe
 710 002e 3A       		.uleb128 0x3a
 711 002f 0B       		.uleb128 0xb
 712 0030 3B       		.uleb128 0x3b
 713 0031 05       		.uleb128 0x5
 714 0032 49       		.uleb128 0x49
 715 0033 13       		.uleb128 0x13
 716 0034 00       		.byte	0
 717 0035 00       		.byte	0
 718 0036 05       		.uleb128 0x5
 719 0037 35       		.uleb128 0x35
 720 0038 00       		.byte	0
 721 0039 49       		.uleb128 0x49
 722 003a 13       		.uleb128 0x13
 723 003b 00       		.byte	0
 724 003c 00       		.byte	0
 725 003d 06       		.uleb128 0x6
 726 003e 2E       		.uleb128 0x2e
 727 003f 01       		.byte	0x1
 728 0040 3F       		.uleb128 0x3f
 729 0041 19       		.uleb128 0x19
 730 0042 03       		.uleb128 0x3
 731 0043 0E       		.uleb128 0xe
 732 0044 3A       		.uleb128 0x3a
 733 0045 0B       		.uleb128 0xb
 734 0046 3B       		.uleb128 0x3b
 735 0047 0B       		.uleb128 0xb
 736 0048 27       		.uleb128 0x27
 737 0049 19       		.uleb128 0x19
 738 004a 11       		.uleb128 0x11
 739 004b 01       		.uleb128 0x1
 740 004c 12       		.uleb128 0x12
 741 004d 06       		.uleb128 0x6
 742 004e 40       		.uleb128 0x40
 743 004f 18       		.uleb128 0x18
 744 0050 9742     		.uleb128 0x2117
 745 0052 19       		.uleb128 0x19
 746 0053 01       		.uleb128 0x1
 747 0054 13       		.uleb128 0x13
ARM GAS  C:\Users\victo\AppData\Local\Temp\ccIXWKst.s 			page 33


 748 0055 00       		.byte	0
 749 0056 00       		.byte	0
 750 0057 07       		.uleb128 0x7
 751 0058 05       		.uleb128 0x5
 752 0059 00       		.byte	0
 753 005a 03       		.uleb128 0x3
 754 005b 0E       		.uleb128 0xe
 755 005c 3A       		.uleb128 0x3a
 756 005d 0B       		.uleb128 0xb
 757 005e 3B       		.uleb128 0x3b
 758 005f 0B       		.uleb128 0xb
 759 0060 49       		.uleb128 0x49
 760 0061 13       		.uleb128 0x13
 761 0062 02       		.uleb128 0x2
 762 0063 17       		.uleb128 0x17
 763 0064 00       		.byte	0
 764 0065 00       		.byte	0
 765 0066 08       		.uleb128 0x8
 766 0067 05       		.uleb128 0x5
 767 0068 00       		.byte	0
 768 0069 03       		.uleb128 0x3
 769 006a 0E       		.uleb128 0xe
 770 006b 3A       		.uleb128 0x3a
 771 006c 0B       		.uleb128 0xb
 772 006d 3B       		.uleb128 0x3b
 773 006e 0B       		.uleb128 0xb
 774 006f 49       		.uleb128 0x49
 775 0070 13       		.uleb128 0x13
 776 0071 02       		.uleb128 0x2
 777 0072 18       		.uleb128 0x18
 778 0073 00       		.byte	0
 779 0074 00       		.byte	0
 780 0075 09       		.uleb128 0x9
 781 0076 34       		.uleb128 0x34
 782 0077 00       		.byte	0
 783 0078 03       		.uleb128 0x3
 784 0079 0E       		.uleb128 0xe
 785 007a 3A       		.uleb128 0x3a
 786 007b 0B       		.uleb128 0xb
 787 007c 3B       		.uleb128 0x3b
 788 007d 0B       		.uleb128 0xb
 789 007e 49       		.uleb128 0x49
 790 007f 13       		.uleb128 0x13
 791 0080 02       		.uleb128 0x2
 792 0081 18       		.uleb128 0x18
 793 0082 00       		.byte	0
 794 0083 00       		.byte	0
 795 0084 0A       		.uleb128 0xa
 796 0085 2E       		.uleb128 0x2e
 797 0086 00       		.byte	0
 798 0087 3F       		.uleb128 0x3f
 799 0088 19       		.uleb128 0x19
 800 0089 03       		.uleb128 0x3
 801 008a 0E       		.uleb128 0xe
 802 008b 3A       		.uleb128 0x3a
 803 008c 0B       		.uleb128 0xb
 804 008d 3B       		.uleb128 0x3b
ARM GAS  C:\Users\victo\AppData\Local\Temp\ccIXWKst.s 			page 34


 805 008e 0B       		.uleb128 0xb
 806 008f 27       		.uleb128 0x27
 807 0090 19       		.uleb128 0x19
 808 0091 49       		.uleb128 0x49
 809 0092 13       		.uleb128 0x13
 810 0093 11       		.uleb128 0x11
 811 0094 01       		.uleb128 0x1
 812 0095 12       		.uleb128 0x12
 813 0096 06       		.uleb128 0x6
 814 0097 40       		.uleb128 0x40
 815 0098 18       		.uleb128 0x18
 816 0099 9742     		.uleb128 0x2117
 817 009b 19       		.uleb128 0x19
 818 009c 00       		.byte	0
 819 009d 00       		.byte	0
 820 009e 0B       		.uleb128 0xb
 821 009f 34       		.uleb128 0x34
 822 00a0 00       		.byte	0
 823 00a1 03       		.uleb128 0x3
 824 00a2 0E       		.uleb128 0xe
 825 00a3 3A       		.uleb128 0x3a
 826 00a4 0B       		.uleb128 0xb
 827 00a5 3B       		.uleb128 0x3b
 828 00a6 0B       		.uleb128 0xb
 829 00a7 49       		.uleb128 0x49
 830 00a8 13       		.uleb128 0x13
 831 00a9 02       		.uleb128 0x2
 832 00aa 17       		.uleb128 0x17
 833 00ab 00       		.byte	0
 834 00ac 00       		.byte	0
 835 00ad 0C       		.uleb128 0xc
 836 00ae 2E       		.uleb128 0x2e
 837 00af 01       		.byte	0x1
 838 00b0 3F       		.uleb128 0x3f
 839 00b1 19       		.uleb128 0x19
 840 00b2 03       		.uleb128 0x3
 841 00b3 0E       		.uleb128 0xe
 842 00b4 3A       		.uleb128 0x3a
 843 00b5 0B       		.uleb128 0xb
 844 00b6 3B       		.uleb128 0x3b
 845 00b7 0B       		.uleb128 0xb
 846 00b8 27       		.uleb128 0x27
 847 00b9 19       		.uleb128 0x19
 848 00ba 49       		.uleb128 0x49
 849 00bb 13       		.uleb128 0x13
 850 00bc 11       		.uleb128 0x11
 851 00bd 01       		.uleb128 0x1
 852 00be 12       		.uleb128 0x12
 853 00bf 06       		.uleb128 0x6
 854 00c0 40       		.uleb128 0x40
 855 00c1 18       		.uleb128 0x18
 856 00c2 9742     		.uleb128 0x2117
 857 00c4 19       		.uleb128 0x19
 858 00c5 00       		.byte	0
 859 00c6 00       		.byte	0
 860 00c7 00       		.byte	0
 861              		.section	.debug_loc,"",%progbits
ARM GAS  C:\Users\victo\AppData\Local\Temp\ccIXWKst.s 			page 35


 862              	.Ldebug_loc0:
 863              	.LLST0:
 864 0000 00000000 		.4byte	.LVL0
 865 0004 0A000000 		.4byte	.LVL1
 866 0008 0100     		.2byte	0x1
 867 000a 50       		.byte	0x50
 868 000b 0A000000 		.4byte	.LVL1
 869 000f 14000000 		.4byte	.LFE0
 870 0013 0400     		.2byte	0x4
 871 0015 F3       		.byte	0xf3
 872 0016 01       		.uleb128 0x1
 873 0017 50       		.byte	0x50
 874 0018 9F       		.byte	0x9f
 875 0019 00000000 		.4byte	0
 876 001d 00000000 		.4byte	0
 877              	.LLST1:
 878 0021 00000000 		.4byte	.LVL4
 879 0025 08000000 		.4byte	.LVL7
 880 0029 0100     		.2byte	0x1
 881 002b 50       		.byte	0x50
 882 002c 08000000 		.4byte	.LVL7
 883 0030 14000000 		.4byte	.LFE4
 884 0034 0400     		.2byte	0x4
 885 0036 F3       		.byte	0xf3
 886 0037 01       		.uleb128 0x1
 887 0038 50       		.byte	0x50
 888 0039 9F       		.byte	0x9f
 889 003a 00000000 		.4byte	0
 890 003e 00000000 		.4byte	0
 891              	.LLST2:
 892 0042 04000000 		.4byte	.LVL5
 893 0046 06000000 		.4byte	.LVL6
 894 004a 0B00     		.2byte	0xb
 895 004c 70       		.byte	0x70
 896 004d 00       		.sleb128 0
 897 004e 0A       		.byte	0xa
 898 004f FFFF     		.2byte	0xffff
 899 0051 1A       		.byte	0x1a
 900 0052 20       		.byte	0x20
 901 0053 73       		.byte	0x73
 902 0054 00       		.sleb128 0
 903 0055 1A       		.byte	0x1a
 904 0056 9F       		.byte	0x9f
 905 0057 00000000 		.4byte	0
 906 005b 00000000 		.4byte	0
 907              		.section	.debug_aranges,"",%progbits
 908 0000 44000000 		.4byte	0x44
 909 0004 0200     		.2byte	0x2
 910 0006 00000000 		.4byte	.Ldebug_info0
 911 000a 04       		.byte	0x4
 912 000b 00       		.byte	0
 913 000c 0000     		.2byte	0
 914 000e 0000     		.2byte	0
 915 0010 00000000 		.4byte	.LFB0
 916 0014 14000000 		.4byte	.LFE0-.LFB0
 917 0018 00000000 		.4byte	.LFB1
 918 001c 18000000 		.4byte	.LFE1-.LFB1
ARM GAS  C:\Users\victo\AppData\Local\Temp\ccIXWKst.s 			page 36


 919 0020 00000000 		.4byte	.LFB2
 920 0024 10000000 		.4byte	.LFE2-.LFB2
 921 0028 00000000 		.4byte	.LFB3
 922 002c 10000000 		.4byte	.LFE3-.LFB3
 923 0030 00000000 		.4byte	.LFB4
 924 0034 14000000 		.4byte	.LFE4-.LFB4
 925 0038 00000000 		.4byte	.LFB5
 926 003c 10000000 		.4byte	.LFE5-.LFB5
 927 0040 00000000 		.4byte	0
 928 0044 00000000 		.4byte	0
 929              		.section	.debug_ranges,"",%progbits
 930              	.Ldebug_ranges0:
 931 0000 00000000 		.4byte	.LFB0
 932 0004 14000000 		.4byte	.LFE0
 933 0008 00000000 		.4byte	.LFB1
 934 000c 18000000 		.4byte	.LFE1
 935 0010 00000000 		.4byte	.LFB2
 936 0014 10000000 		.4byte	.LFE2
 937 0018 00000000 		.4byte	.LFB3
 938 001c 10000000 		.4byte	.LFE3
 939 0020 00000000 		.4byte	.LFB4
 940 0024 14000000 		.4byte	.LFE4
 941 0028 00000000 		.4byte	.LFB5
 942 002c 10000000 		.4byte	.LFE5
 943 0030 00000000 		.4byte	0
 944 0034 00000000 		.4byte	0
 945              		.section	.debug_line,"",%progbits
 946              	.Ldebug_line0:
 947 0000 C6000000 		.section	.debug_str,"MS",%progbits,1
 947      02004400 
 947      00000201 
 947      FB0E0D00 
 947      01010101 
 948              	.LASF15:
 949 0000 72656733 		.ascii	"reg32\000"
 949      3200
 950              	.LASF19:
 951 0006 76616C75 		.ascii	"value\000"
 951      6500
 952              	.LASF12:
 953 000c 666C6F61 		.ascii	"float\000"
 953      7400
 954              	.LASF1:
 955 0012 756E7369 		.ascii	"unsigned char\000"
 955      676E6564 
 955      20636861 
 955      7200
 956              	.LASF24:
 957 0020 64725661 		.ascii	"drVal\000"
 957      6C00
 958              	.LASF5:
 959 0026 6C6F6E67 		.ascii	"long unsigned int\000"
 959      20756E73 
 959      69676E65 
 959      6420696E 
 959      7400
 960              	.LASF3:
ARM GAS  C:\Users\victo\AppData\Local\Temp\ccIXWKst.s 			page 37


 961 0038 73686F72 		.ascii	"short unsigned int\000"
 961      7420756E 
 961      7369676E 
 961      65642069 
 961      6E7400
 962              	.LASF29:
 963 004b 2E5C4765 		.ascii	".\\Generated_Source\\PSoC4\\Pin_1.c\000"
 963      6E657261 
 963      7465645F 
 963      536F7572 
 963      63655C50 
 964              	.LASF13:
 965 006c 646F7562 		.ascii	"double\000"
 965      6C6500
 966              	.LASF10:
 967 0073 75696E74 		.ascii	"uint16\000"
 967      313600
 968              	.LASF16:
 969 007a 50696E5F 		.ascii	"Pin_1_SetDriveMode\000"
 969      315F5365 
 969      74447269 
 969      76654D6F 
 969      646500
 970              	.LASF11:
 971 008d 75696E74 		.ascii	"uint32\000"
 971      333200
 972              	.LASF25:
 973 0094 696E7472 		.ascii	"intrCfg\000"
 973      43666700 
 974              	.LASF8:
 975 009c 756E7369 		.ascii	"unsigned int\000"
 975      676E6564 
 975      20696E74 
 975      00
 976              	.LASF30:
 977 00a9 433A5C76 		.ascii	"C:\\victor0617\\github_code\\CY4541\\CYPD4225-40LQX"
 977      6963746F 
 977      72303631 
 977      375C6769 
 977      74687562 
 978 00d8 495F3038 		.ascii	"I_0805\\CYPD4225-40LQXI_notebook01.cydsn\000"
 978      30355C43 
 978      59504434 
 978      3232352D 
 978      34304C51 
 979              	.LASF7:
 980 0100 6C6F6E67 		.ascii	"long long unsigned int\000"
 980      206C6F6E 
 980      6720756E 
 980      7369676E 
 980      65642069 
 981              	.LASF28:
 982 0117 474E5520 		.ascii	"GNU C 4.9.3 20150303 (release) [ARM/embedded-4_9-br"
 982      4320342E 
 982      392E3320 
 982      32303135 
 982      30333033 
ARM GAS  C:\Users\victo\AppData\Local\Temp\ccIXWKst.s 			page 38


 983 014a 616E6368 		.ascii	"anch revision 221220] -mcpu=cortex-m0 -mthumb -g -O"
 983      20726576 
 983      6973696F 
 983      6E203232 
 983      31323230 
 984 017d 73202D66 		.ascii	"s -ffunction-sections -finline-functions -flto -ffa"
 984      66756E63 
 984      74696F6E 
 984      2D736563 
 984      74696F6E 
 985 01b0 742D6C74 		.ascii	"t-lto-objects -fno-strict-aliasing\000"
 985      6F2D6F62 
 985      6A656374 
 985      73202D66 
 985      6E6F2D73 
 986              	.LASF18:
 987 01d3 6D6F6465 		.ascii	"mode\000"
 987      00
 988              	.LASF22:
 989 01d8 50696E5F 		.ascii	"Pin_1_SetInterruptMode\000"
 989      315F5365 
 989      74496E74 
 989      65727275 
 989      70744D6F 
 990              	.LASF20:
 991 01ef 50696E5F 		.ascii	"Pin_1_Read\000"
 991      315F5265 
 991      616400
 992              	.LASF6:
 993 01fa 6C6F6E67 		.ascii	"long long int\000"
 993      206C6F6E 
 993      6720696E 
 993      7400
 994              	.LASF27:
 995 0208 6D61736B 		.ascii	"maskedStatus\000"
 995      65645374 
 995      61747573 
 995      00
 996              	.LASF14:
 997 0215 63686172 		.ascii	"char\000"
 997      00
 998              	.LASF2:
 999 021a 73686F72 		.ascii	"short int\000"
 999      7420696E 
 999      7400
 1000              	.LASF9:
 1001 0224 75696E74 		.ascii	"uint8\000"
 1001      3800
 1002              	.LASF23:
 1003 022a 706F7369 		.ascii	"position\000"
 1003      74696F6E 
 1003      00
 1004              	.LASF21:
 1005 0233 50696E5F 		.ascii	"Pin_1_ReadDataReg\000"
 1005      315F5265 
 1005      61644461 
 1005      74615265 
ARM GAS  C:\Users\victo\AppData\Local\Temp\ccIXWKst.s 			page 39


 1005      6700
 1006              	.LASF4:
 1007 0245 6C6F6E67 		.ascii	"long int\000"
 1007      20696E74 
 1007      00
 1008              	.LASF0:
 1009 024e 7369676E 		.ascii	"signed char\000"
 1009      65642063 
 1009      68617200 
 1010              	.LASF17:
 1011 025a 50696E5F 		.ascii	"Pin_1_Write\000"
 1011      315F5772 
 1011      69746500 
 1012              	.LASF26:
 1013 0266 50696E5F 		.ascii	"Pin_1_ClearInterrupt\000"
 1013      315F436C 
 1013      65617249 
 1013      6E746572 
 1013      72757074 
 1014              		.comm	__gnu_lto_v1,1,1
 1015              		.ident	"GCC: (GNU Tools for ARM Embedded Processors) 4.9.3 20150303 (release) [ARM/embedded-4_9-br
