ARM GAS  C:\Users\victo\AppData\Local\Temp\ccqOHxhE.s 			page 1


   1              		.cpu cortex-m0
   2              		.fpu softvfp
   3              		.eabi_attribute 20, 1
   4              		.eabi_attribute 21, 1
   5              		.eabi_attribute 23, 3
   6              		.eabi_attribute 24, 1
   7              		.eabi_attribute 25, 1
   8              		.eabi_attribute 26, 1
   9              		.eabi_attribute 30, 4
  10              		.eabi_attribute 34, 0
  11              		.eabi_attribute 18, 4
  12              		.code	16
  13              		.file	"UART_tx.c"
  14              		.text
  15              	.Ltext0:
  16              		.section	.gnu.lto_.profile.797e4e7b,"",%progbits
  17 0000 789C6366 		.ascii	"x\234cf```a\200\000F\006uE\000\000\343\000Q"
  17      60606061 
  17      80004606 
  17      75450000 
  17      E30051
  18              		.text
  19              		.section	.gnu.lto_.jmpfuncs.797e4e7b,"",%progbits
  20 0000 789C6366 		.ascii	"x\234cf\300\016d\2404\033\003##c=#\210`b``f``abdd\256"
  20      C00E64A0 
  20      341B0323 
  20      23633D23 
  20      88606260 
  21 001d AF6705CA 		.ascii	"\257g\005\312\001\000 \267\002>"
  21      010020B7 
  21      023E
  22              		.text
  23              		.section	.gnu.lto_.inline.797e4e7b,"",%progbits
  24 0000 789C6366 		.ascii	"x\234cf\300\016f@i6\006\006\016vFF\006F\006\006f\216"
  24      C00E6640 
  24      69360606 
  24      0E764646 
  24      06460606 
  25 0016 03760C6C 		.ascii	"\003v\014l\013\344\231\030\230.\360\263\200$\031\031"
  25      0BE49918 
  25      982EF0B3 
  25      80241919 
  26 0026 3839D0E5 		.ascii	"89\320\345X\026\310\203\345\230\030\330X\031\031\230"
  26      5816C883 
  26      E59818D8 
  26      58191998 
  27 0036 D83EE841 		.ascii	"\330>\350A\304\201\200\031S\210\005d\002\023\310\004"
  27      C4818019 
  27      53880564 
  27      0213C804 
  28 0046 A0390C2C 		.ascii	"\2409\014,\2506\000\011\036\220\"V\006v6\240>\270$\010"
  28      A8360009 
  28      1E902256 
  28      067636A0 
  28      3EB82408 
  29 005a 0000BE90 		.ascii	"\000\000\276\220\017\254"
  29      0FAC
ARM GAS  C:\Users\victo\AppData\Local\Temp\ccqOHxhE.s 			page 2


  30              		.text
  31              		.section	.gnu.lto_.pureconst.797e4e7b,"",%progbits
  32 0000 789C6366 		.ascii	"x\234cf``\340e\200\0006\006)F)&)f)\026)V)\000\005\261"
  32      6060E065 
  32      80003606 
  32      29462926 
  32      29662916 
  33 001a 00C2     		.ascii	"\000\302"
  34              		.text
  35              		.section	.gnu.lto_UART_tx_SetDriveMode.797e4e7b,"",%progbits
  36 0000 789C7D51 		.ascii	"x\234}Q\317+DQ\030\375\316}o\336\320\344G\226\263\025"
  36      CF2B4451 
  36      18FDCE7D 
  36      6FDED0E4 
  36      4796B315 
  37 0014 13C9CA1F 		.ascii	"\023\311\312\037@\026\266\362c7\205xe\303\224(;w\306"
  37      4016B6F2 
  37      63378578 
  37      65C39428 
  37      3B77C6
  38 0027 2C646348 		.ascii	",dcH\"YI~\317(\013,\324K\2622\304\202L~lFX(\032a\026"
  38      2259497E 
  38      CF280B2C 
  38      D44BB232 
  38      C4824C7E 
  39 0042 7ABE6F66 		.ascii	"z\276ofv\312\255\373\335\357\236\3169\357\274\357\032"
  39      76CAADFB 
  39      DDEF9ECE 
  39      39EFBCEF 
  39      1A
  40 0053 F477F979 		.ascii	"\364w\371y\037\202\250\226O\030\004\025;#\012\027)@"
  40      1F82A896 
  40      4F180415 
  40      3B230A17 
  40      2940
  41 0065 1A028D29 		.ascii	"\032\002\215)\214\341E\275+\304\234\315y_`Ek\375\026"
  41      8CE145BD 
  41      2BC49CCD 
  41      795F6045 
  41      6BFD16
  42 0078 D9EDD7B3 		.ascii	"\331\355\327\263\335YE\224Qy\037\254\"\300\234\247\354"
  42      DD594594 
  42      51791FAC 
  42      22C09CA7 
  42      EC
  43 0089 CB6A8951 		.ascii	"\313j\211Q\015\342\376g\372\372RU-k\035q\222q\335\210"
  43      0DE2FE67 
  43      FAFA5255 
  43      2D6B1D71 
  43      9271DD88 
  44 009d 2C9BAEC1 		.ascii	",\233\256\301`\005\352\374\250\361\023\003\204uT\011"
  44      6005EAFC 
  44      A8F11303 
  44      84755409 
  45 00ad F93DFA73 		.ascii	"\371=\372s\355\263\242l^\236\367\304\006,\316E\211\012"
  45      EDB3A26C 
  45      5E9EF7C4 
ARM GAS  C:\Users\victo\AppData\Local\Temp\ccqOHxhE.s 			page 3


  45      062CCE45 
  45      890A
  46 00bf 47BB6EE6 		.ascii	"G\273n\346\364\342\271\032\305\2125\312\220bB\224\036"
  46      F4E2B91A 
  46      C58A35CA 
  46      90624294 
  46      1E
  47 00d0 692D295E 		.ascii	"i-)^)Di\336\022\374\221/|\032)\034}N^-X\342\366\245"
  47      294469DE 
  47      12FC912F 
  47      7C1A291C 
  47      7D4E5E2D 
  48 00e8 E42FEE8E 		.ascii	"\344/\356\216\357\366K\237UV\031\023\321\2306\345\333"
  48      EFF64B9F 
  48      55561913 
  48      D19836E5 
  48      DB
  49 00f9 0FE9F38B 		.ascii	"\017\351\363\213\242\034Dr=\310\3149\305KX\014G9\262"
  49      A21C4472 
  49      3DC8CC39 
  49      C54B580C 
  49      4739B2
  50 010c 894DF8B1 		.ascii	"\211M\370\261\005\236\023\266\261\004Ja\374\273`g\344"
  50      059E13B6 
  50      B1044A61 
  50      FCBB6067 
  50      E4
  51 011d 1D93A98F 		.ascii	"\035\223\251\217\033S\344\312u\247\3342B\234\331)D\356"
  51      1B53E4CA 
  51      75A7DC32 
  51      429CD929 
  51      44EE
  52 012f BD799AE7 		.ascii	"\275y\232\347K\231\"\273-\310\004b\331\304\353\302\224"
  52      4B9922BB 
  52      2DC80462 
  52      D9C4EBC2 
  52      94
  53 0140 4F649E0A 		.ascii	"Od\236\012B\"'\031\377(P\2749s\213\241\243\031\010\364"
  53      42222719 
  53      FF2850BC 
  53      39738BA1 
  53      A31908F4 
  54 0154 5FAC1D8E 		.ascii	"_\254\035\216\305\022\272G\330\331;QB\227\027I\363t"
  54      C512BA47 
  54      D8D93B51 
  54      42971749 
  54      F374
  55 0166 79043C90 		.ascii	"y\004<\220\312\372`\213=h\017\365\014\333}]\355\241"
  55      CAFA608B 
  55      3D680FF5 
  55      0CDB7D5D 
  55      EDA1
  56 0178 91A15E3B 		.ascii	"\221\241^;\330\332\036jn\010v6\265ut\015\217\326\367"
  56      D8DA1E6A 
  56      6E087636 
  56      B575740D 
  56      8FD6F7
ARM GAS  C:\Users\victo\AppData\Local\Temp\ccqOHxhE.s 			page 4


  57 018b 923910EA 		.ascii	"\2229\020\352\263\177\001}\363\247\210"
  57      B37F017D 
  57      F3A788
  58              		.text
  59              		.section	.gnu.lto_UART_tx_Write.797e4e7b,"",%progbits
  60 0000 789C6552 		.ascii	"x\234eRMHTQ\030\275\347\336y?6\025\021-d6-\006\223@"
  60      4D485451 
  60      18BDE7DE 
  60      793F3615 
  60      112D6436 
  61 0018 84A05D1B 		.ascii	"\204\240]\033\243\205\333Hk5$\203\276E \011\203J;\357"
  61      A385DB48 
  61      6B352483 
  61      BE452009 
  61      834A3BEF 
  62 002c D8D3C956 		.ascii	"\330\323\311V\243D\010\341\210E\3643\245S.\222Z\364"
  62      A34408E1 
  62      8845F433 
  62      A5532E92 
  62      5AF4
  63 003e 72D12EC3 		.ascii	"r\321.\303\215\246\014\223\341\010\011A9\2126AM\337"
  63      8DA60C93 
  63      E1080941 
  63      398A3641 
  63      4DDF
  64 0050 F7EEA6A1 		.ascii	"\367\356\246\241\313\273?\357\274s\316=\367\273O\211"
  64      CBBB3FEF 
  64      BC73CE3D 
  64      F7BB4F89 
  65 0060 FF5B8CFA 		.ascii	"\377[\214\3725)\304\031\232\241\004dvI\210\264+\001"
  65      3529C419 
  65      9AA10464 
  65      764988B4 
  65      2B01
  66 0072 5E088821 		.ascii	"^\010\210!\211!l\313\035\211l\220\237\2146?\324Z\377"
  66      89216CCB 
  66      1D896C90 
  66      9F8C363F 
  66      D45AFF
  67 0085 A8BC691C 		.ascii	"\250\274i\034i\254\222lW\032\033<B3Qv\363\372\216R\247"
  67      69AC926C 
  67      571A1B3C 
  67      42335176 
  67      F3FA8E52 
  68 009a 20685D58 		.ascii	" h]X\376\360\307iz\240\365p\360zV\267\241J\236\217\241"
  68      FEF0C769 
  68      7AA0F570 
  68      F07A56B7 
  68      A14A9E8F 
  69 00af 48819618 		.ascii	"H\201\226\030N\307\004\001\002O\320\304\344\312\335"
  69      4EC70401 
  69      024FD0C4 
  69      E4CADD
  70 00be FCBE542D 		.ascii	"\374\276T-\241\360\313\375\315i'>C\302\215\355\315\367"
  70      A1F0CBFD 
  70      CD69273E 
  70      43C28DED 
ARM GAS  C:\Users\victo\AppData\Local\Temp\ccqOHxhE.s 			page 5


  70      CDF7
  71 00d0 513DA9FD 		.ascii	"Q=\251\375\215Z\355$\353\237\376\2537\215\004;\376\357"
  71      8D5AED24 
  71      EB9FFEAB 
  71      378D043B 
  71      FEEF
  72 00e2 D5A8ED53 		.ascii	"\325\250\355S\260c\310#nB\341\031l\320\304\310\334\361"
  72      B063C823 
  72      6E42E119 
  72      6CD0C4C8 
  72      DCF1
  73 00f4 40D76AF3 		.ascii	"@\327j\363{\343\267\316!*ic\251hP\021\301\037-p\010"
  73      7BE3B7CE 
  73      212A6963 
  73      A9685011 
  73      C11F2D70 
  74 0109 9B018707 		.ascii	"\233\001\207\0077D\033\230%D\231:\027b\213^hV\353X\334"
  74      37441B98 
  74      2544993A 
  74      17628B5E 
  74      6856EB58 
  75 011e BFBD941B 		.ascii	"\277\275\224\033d\367\003\311U\311\214\275Z;\374UVe"
  75      64F703C9 
  75      55C98CBD 
  75      5A3BFC55 
  75      5665
  76 0130 44FB591D 		.ascii	"D\373Y\035\341<\237\313\037\227\335\020\012\343m}\253"
  76      E13C9FCB 
  76      1F97DD10 
  76      0AE36D7D 
  76      AB
  77 0141 560E4DE1 		.ascii	"V\016M\341^\332\247\032Xx\216\030fA\3611\207)\210u\014"
  77      5EDAA71A 
  77      58788E18 
  77      6641F131 
  77      87298875 
  78 0156 7FCA14A5 		.ascii	"\177\312\024\2451T\344I\310\315\237\243E\030$B y\274"
  78      3154E449 
  78      C8CD9FA3 
  78      45182442 
  78      2079BC
  79 0169 1BFF5E38 		.ascii	"\033\377^8\302\226\352-\025\255@\362\025\204\032\316"
  79      C296EA2D 
  79      15AD40F2 
  79      15841ACE 
  80 0179 4A2C1615 		.ascii	"J,\026\025GWrW\215\212\036\213T\023#\013\013GC\225-"
  80      47577257 
  80      8D8A1E8B 
  80      5413230B 
  80      0B474395 
  81 018e F0824475 		.ascii	"\360\202Du\326\016\361\2104\275:\366+$\241M\340\245"
  81      D60EF188 
  81      34BD3AF6 
  81      2B24A14D 
  81      E0A5
  82 01a0 21EDD986 		.ascii	"!\355\331\206\342\206\001\234\372\315\\\316\\\312\224"
  82      E286019C 
ARM GAS  C:\Users\victo\AppData\Local\Temp\ccqOHxhE.s 			page 6


  82      FACD5CCE 
  82      5CCA94
  83 01af 729D86D4 		.ascii	"r\235\206\324`\240\305\211\231\023\014\324\2358\035"
  83      60A0C589 
  83      99130CD4 
  83      9D381D
  84 01be 58F5679E 		.ascii	"X\365g\236\2473\223D\224\220\016\326\332\231\317\227"
  84      A7339344 
  84      94900ED6 
  84      DA99CF97 
  85 01ce 58A65F81 		.ascii	"X\246_\201\312K\305\216\267&\332\275\353^*\331\357\365"
  85      CA4BC58E 
  85      B726DABD 
  85      EB5E2AD9 
  85      EFF5
  86 01e0 7475F40D 		.ascii	"tu\364\015\244\272\275\304\305\216\276\013g\023\227"
  86      A4BABDC4 
  86      C58EBE0B 
  86      671397
  87 01ef CF5FEAEC 		.ascii	"\317_\352\354\352\277\321\332-\254\301d\357\200g\365"
  87      EABFD1DA 
  87      2DACC164 
  87      EF8067F5 
  88 01ff A4AE247B 		.ascii	"\244\256${\377\002\214;\341@"
  88      FF028C3B 
  88      E140
  89              		.text
  90              		.section	.gnu.lto_UART_tx_Read.797e4e7b,"",%progbits
  91 0000 789C658F 		.ascii	"x\234e\217=HBQ\024\307\317\377\274\347\303\020\"\232"
  91      3D484251 
  91      14C7CFFF 
  91      BCE7C310 
  91      229A
  92 0012 C2354A02 		.ascii	"\3025J\002qj\015\212\206\326\350c\011A\302\336\232 "
  92      716A0D8A 
  92      86D6E863 
  92      0941C2DE 
  92      9A20
  93 0024 066D3EED 		.ascii	"\006m>\355i\020\015\342\322\020N!e\037\010\015b[\204"
  93      69100DE2 
  93      D2104E21 
  93      651F080D 
  93      625B84
  94 0037 A3F48150 		.ascii	"\243\364\201P a\213\201m\211P\275\241\354\\_[\027\356"
  94      20618B81 
  94      6D8950BD 
  94      A1EC5C5F 
  94      5B17EE
  95 004a 39F7DCF3 		.ascii	"9\367\334\363\343\377?G\243\377\307/w\006D\023\222\241"
  95      E3FF3F47 
  95      A3FFC72F 
  95      77064413 
  95      92A1
  96 005c 1138774B 		.ascii	"\0218wK\224\3622\240\036\004J2\222x\343.\243~\365\323"
  96      94F232A0 
  96      1E044A32 
  96      9278E32E 
ARM GAS  C:\Users\victo\AppData\Local\Temp\ccqOHxhE.s 			page 7


  96      A37EF5D3 
  97 0070 40A06859 		.ascii	"@\240hY\351\367t\343\331\227\031s\230\250\307\204\240"
  97      E9F774E3 
  97      D9971973 
  97      98A8C784 
  97      A0
  98 0081 1F534A07 		.ascii	"\037SJ\007\307\010\220\200]\373\373\311g\330\226e\215"
  98      C7089080 
  98      5DFBFBC9 
  98      67D89665 
  98      8D
  99 0092 A8BE344E 		.ascii	"\250\2764N`\210\007\225G\257\255~\277W\317w&\331`rX"
  99      60880795 
  99      47AFAD7E 
  99      BF57CF77 
  99      26D96072 
 100 00a7 1C25E82A 		.ascii	"\034%\350*xH\311Q[\202r~eVYk\342\346c\357\261\264\246"
 100      7848C951 
 100      5B82727E 
 100      6556596B 
 100      E2E663EF 
 101 00be 243E598D 		.ascii	"$>Y\215Q\250\224\016\264\016;\314\266\235\263te\370"
 101      51A8940E 
 101      B40E3BCC 
 101      B69DB374 
 101      65F8
 102 00d0 D2BE7BF0 		.ascii	"\322\276{\360\016\276H\225\345\373\375\216\267\200\303"
 102      0EBE4895 
 102      E5FBFD8E 
 102      B780C3
 103 00df 940D8735 		.ascii	"\224\015\2075\224\340\307)d@\234\241\000jb\347+[\323"
 103      94E0C729 
 103      64409CA1 
 103      006A62E7 
 103      2B5BD3
 104 00f2 5D41CDD5 		.ascii	"]A\315\325\274<*V\206\224\000f\011\347\302\012\324\312"
 104      BC3C2A56 
 104      86940066 
 104      09E7C20A 
 104      D4CA
 105 0104 D60C17D2 		.ascii	"\326\014\027\322\205\023(\237\251V\207\025\244\033\204"
 105      8513289F 
 105      A9568715 
 105      A41B84
 106 0113 8B01946E 		.ascii	"\213\001\224n\355\006]\306#\030\265\200\277j\260\011"
 106      ED065DC6 
 106      2318B580 
 106      BF6AB009 
 107 0123 D40632D2 		.ascii	"\324\0062\322x(\274`n\232\361\365\204\271\021Y\216m"
 107      7828BC60 
 107      6E9AF1F5 
 107      84B91159 
 107      8E6D
 108 0135 C5A36678 		.ascii	"\305\243fxq96?\035^\235[Z\211$\266CQ\372\005\230mz\012"
 108      7139363F 
 108      1D5E9D5B 
 108      5A8924B6 
ARM GAS  C:\Users\victo\AppData\Local\Temp\ccqOHxhE.s 			page 8


 108      4351FA05 
 109              		.text
 110              		.section	.gnu.lto_UART_tx_ReadDataReg.797e4e7b,"",%progbits
 111 0000 789C658F 		.ascii	"x\234e\217?HBQ\024\306\317w\336\363a\031\021M\341\032"
 111      3F484251 
 111      14C6CF77 
 111      DEF36119 
 111      114DE11A 
 112 0014 2181B8D4 		.ascii	"!\201\270\324\032\024\015\255\221\265\204 aoM\020\203"
 112      1A140DAD 
 112      91B58420 
 112      616F4D10 
 112      83
 113 0025 36AFF654 		.ascii	"6\257\366Tj\022\327p\012\351\237\0214\224m!\216QDC("
 113      6A12D770 
 113      0AE99F11 
 113      34946D21 
 113      8E514443 
 114 003a 618B8641 		.ascii	"a\213\206AC&Xo(\273W\333\272p\317\271\347\236\037\337"
 114      4326586F 
 114      28BB57DB 
 114      BA70CFB9 
 114      E79E1FDF 
 115 004e 778E46FF 		.ascii	"w\216F\377\217[\336\031\020M\310\014\215\300\231[\242"
 115      8F5BDE19 
 115      104DC80C 
 115      8DC0995B 
 115      A2
 116 005f B89301F5 		.ascii	"\270\223\001\365 P\214\021\303+\267\0307W?\017\360\344"
 116      20508C11 
 116      C32BB718 
 116      37573F0F 
 116      F0E4
 117 0071 8548BC97 		.ascii	"\205H\274\227*O\256\344\230\315Dm&x\335\230T:8\200\207"
 117      2A4FAEE4 
 117      98CD446D 
 117      2678DD98 
 117      543A3880 
 118 0086 24D8B2BE 		.ascii	"$\330\262\276\037]\206%\204\030Q}\3318\204!=\350l\364"
 118      1F5D8625 
 118      8418517D 
 118      D9388421 
 118      3DE86CF4 
 119 009a 5A74BBED 		.ascii	"Zt\273\355\227ls\212\015&\233\245\243\014\272\012\016"
 119      976C738A 
 119      0D269BA5 
 119      A30CBA0A 
 119      0E
 120 00ab 52725497 		.ascii	"RrT\227A97\230U\326\252(uv;\205U%\361\311j\214\364\316"
 120      41393798 
 120      55D6AA28 
 120      75763B85 
 120      5525F1C9 
 121 00c3 6565A8C9 		.ascii	"ee\250\3116\263\2602BW\206\317\365\273{g\357\213T\331"
 121      36B3B032 
 121      425786CF 
 121      F5BB7B67 
ARM GAS  C:\Users\victo\AppData\Local\Temp\ccqOHxhE.s 			page 9


 121      EF8B54D9 
 122 00d7 78B33F06 		.ascii	"x\263?\006s\330\213[\260Y\303\021\3348\206\034\020'"
 122      73D88B5B 
 122      B059C311 
 122      DC38861C 
 122      1027
 123 00e9 C881AAD8 		.ascii	"\310\201\252\330\376J\225\365\276\240\326\327<\337\317"
 123      FE4A95F5 
 123      BEA0D6D7 
 123      3CDFCF
 124 00f8 5F0C2801 		.ascii	"_\014(\001\314\022\012\222\225P-U6\372\220.9\011e\223"
 124      CC120A92 
 124      95502D55 
 124      36FA902E 
 124      39096593 
 125 010c C5E2B082 		.ascii	"\305\342\260\202t\203p\332\203\022\265\264\267\3178"
 125      748370DA 
 125      8312B5B4 
 125      B7CF38
 126 011b 244635E0 		.ascii	"$F5\340\257\352m\002\265\201\034i\334\027X07\314\310"
 126      AFEA6D02 
 126      B5811C69 
 126      DC175830 
 126      37CCC8
 127 012e 5AD45C0F 		.ascii	"Z\324\\\017\372\303\233\221\220\031X\364\207\347\247"
 127      FAC39B91 
 127      901958F4 
 127      87E7A7
 128 013d 032B734B 		.ascii	"\003+sK\313\301\350\226/D\277\331\310{w"
 128      CBC1E896 
 128      2F44BFD9 
 128      C87B77
 129              		.text
 130              		.section	.gnu.lto_UART_tx_SetInterruptMode.797e4e7b,"",%progbits
 131 0000 789C6D91 		.ascii	"x\234m\221Oh\023A\024\306\347\315\354n6M\304\342AJ."
 131      4F681341 
 131      14C6E7CD 
 131      EC6E364D 
 131      C4E2414A 
 132 0015 0A21F620 		.ascii	"\012!\366 \324Ko^\224\036\274I\261z\013\024iW\311\301"
 132      D44B6F5E 
 132      941EBC49 
 132      B17A0B14 
 132      6957C9C1 
 133 0029 446204C1 		.ascii	"Db\004\301Cw\333m\012\342!\324\"\305P4\250\2645\232"
 133      4377DB6D 
 133      0AE221D4 
 133      22C55034 
 133      A8B4359A 
 134 003d 46ABA239 		.ascii	"F\253\2429\205(ZP\253B\261P%\226\232\250\005\377\305"
 134      85285A50 
 134      AB42B150 
 134      25969AA8 
 134      05FFC5
 135 0050 44D30812 		.ascii	"D\323\010\022\337\333\251\207\242\013;3\357\307{\337"
 135      DFDBA987 
 135      A20B3B33 
ARM GAS  C:\Users\victo\AppData\Local\Temp\ccqOHxhE.s 			page 10


 135      EFC77BDF 
 136 0060 7CEF8D60 		.ascii	"|\357\215`\377~>\374\257p\306v\343\016\202\001O\314"
 136      FF7E3EFC 
 136      AF70C676 
 136      E30E8201 
 136      4FCC
 137 0072 3366E91C 		.ascii	"3f\351\034\200\016\014\330\000\207\001X\345\025\016"
 137      800E0CD8 
 137      00870158 
 137      E5150E
 138 0081 897C7ADC 		.ascii	"\211|z\334\323~\3254\315o\337\253m\303m\015,\253r)\003"
 138      D37ED534 
 138      CD6FDFAB 
 138      6DC36D0D 
 138      2CAB7229 
 139 0096 93D08E29 		.ascii	"\223\320\216)\345{\251\323b\0070<>YY\253z?\362\006\207"
 139      E57BA9D3 
 139      6207303C 
 139      3E5959AB 
 139      7A3FF206 
 140 00ab 560A2F2C 		.ascii	"V\012/,\226k\202B\316)L?\034\313\272\002\227Ms0?\237"
 140      966B8242 
 140      CE294C3F 
 140      1CCBBA02 
 140      974D7330 
 141 00c1 35F72017 		.ascii	"5\367 \0270\005\002\345`\032|p\015|\014\021\2034\004"
 141      300502E5 
 141      601A7C70 
 141      0D7C0C11 
 141      833404
 142 00d4 30FB4363 		.ascii	"0\373Ccur\223\330\345\350\256X\027\177xd\345\327\277"
 142      757293D8 
 142      E5E8AE58 
 142      177F7864 
 142      E5D7BF
 143 00e7 95D7FF53 		.ascii	"\225\327\377Sy\003\002\224\376\342\301\330;Ut:\245\367"
 143      79030294 
 143      FEE2C1D8 
 143      3B55743A 
 143      A5F7
 144 00f9 33B5671E 		.ascii	"3\265g\036\307\322v\012s\243s\343\232cI\241\360\363"
 144      C7D2760A 
 144      73A373E3 
 144      9A6349A1 
 144      F0F3
 145 010b F94292FB 		.ascii	"\371B\222\373S(\274<=\362\330k\316\231\366r\263\271"
 145      5328BC3C 
 145      3DF2D86B 
 145      CE99F672 
 145      B3B9
 146 011d ADC115C8 		.ascii	"\255\301\025\310H\375\031\324\317\202o}rXR\261\177/"
 146      48FD19D4 
 146      CF826F7D 
 146      725852B1 
 146      7F2F
 147 012f 7A341B27 		.ascii	"z4\033'\322\0127\301/\247\001\267@\003\334\210\314l"
 147      D20A37C1 
ARM GAS  C:\Users\victo\AppData\Local\Temp\ccqOHxhE.s 			page 11


 147      2FA701B7 
 147      4003DC88 
 147      CC6C
 148 0141 C99BCDE6 		.ascii	"\311\233\315\346\354\302\271\251\235\302\313\321\230"
 148      ECC2B9A9 
 148      9DC2CBD1 
 148      98
 149 014e 2A807A52 		.ascii	"*\200zR\350\250\322\2421\312s\001\371\325\021hn\242"
 149      E8A8D2A2 
 149      31CA7301 
 149      F9D51168 
 149      6EA2
 150 0160 2DB43056 		.ascii	"-\2640VB=z\2062\016\015w\261\004\205\237g\212\271n\272"
 150      423D7A86 
 150      320E0D77 
 150      B104859F 
 150      678AB96E 
 151 0175 A2CEE94D 		.ascii	"\242\316\351M2_\2063:\365\340:k'L\247\217\267\245\347"
 151      325F8633 
 151      3AF5E03A 
 151      6B274CA7 
 151      8FB7A5E7 
 152 0189 2F25723C 		.ascii	"/%r<^J>\252l\236\200\244eC\203\3530\213=\334\246\036"
 152      5E4A3EAA 
 152      6C9E80A4 
 152      654383EB 
 152      308B3DDC 
 153 019f E00E4C00 		.ascii	"\340\016L\000[\202\301\342\310\033U\012*u\034\034\222"
 153      5B82C1E2 
 153      C81B550A 
 153      2A751C1C 
 153      92
 154 01b0 5FF1A78A 		.ascii	"_\361\247\212$*B$Ck\361O \011\335\213\234\275\002\356"
 154      242A4224 
 154      436BF14F 
 154      2009DD8B 
 154      9CBD02EE 
 155 01c4 348AE611 		.ascii	"4\212\346\021\312\234\367\271\205\365,\035\225\352h"
 155      CA9CF7B9 
 155      85F52C1D 
 155      95EA68
 156 01d3 80E45D12 		.ascii	"\200\344]\022\271\221RZ-^\023\222\2648jn\204\205\321"
 156      B991525A 
 156      2D5E1392 
 156      B4386A6E 
 156      8485D1
 157 01e6 D456621B 		.ascii	"\324Vb\033\354Zyu\243\341\273h\030\253X\021\254\374"
 157      EC5A7975 
 157      A3E1BB68 
 157      18AB5811 
 157      ACFC
 158 01f8 EBFD944F 		.ascii	"\353\375\224O\317P\342@\263\301I\371;\202\373\214\260"
 158      CF50E240 
 158      B3C149F9 
 158      3B82FB8C 
 158      B0
 159 0209 113D1C33 		.ascii	"\021=\0343\372{{\"'\243}F\260\273'\322\325\031<\264"
ARM GAS  C:\Users\victo\AppData\Local\Temp\ccqOHxhE.s 			page 12


 159      FA7B7B22 
 159      27A37D46 
 159      B0BB27D2 
 159      D5193CB4 
 160 021d F7C0C1DE 		.ascii	"\367\300\301\336\330\251\216>\246\037\217\234\010\305"
 160      D8A98E3E 
 160      A61F8F9C 
 160      08C5
 161 022b 4291B072 		.ascii	"B\221\260r,\322o\270B\341X\264\353\310\321?\023\247"
 161      2CD26FB8 
 161      42E158B4 
 161      EBC8D13F 
 161      13A7
 162 023d FD60     		.ascii	"\375`"
 163              		.text
 164              		.section	.gnu.lto_UART_tx_ClearInterrupt.797e4e7b,"",%progbits
 165 0000 789C6590 		.ascii	"x\234e\220OHTQ\024\306\317w\356\374\263\211\010W2\233"
 165      4F485451 
 165      14C6CF77 
 165      EEFCB389 
 165      0857329B 
 166 0014 16038A10 		.ascii	"\026\003\212\020.\244U\253\242E[ql7 \203\276\225\250"
 166      2EA455AB 
 166      A2455B71 
 166      6C372083 
 166      BE95A8
 167 0027 A023B4CA 		.ascii	"\240#\264\312;\366t(7\203\"\004\341BB2+\225\026\241"
 167      3BF67428 
 167      37832204 
 167      E1424232 
 167      2B9516A1 
 168 003b A0320CE2 		.ascii	"\2402\014\342*\212\010*,F!#\333HbM\275\376\370:\347"
 168      2A8A082A 
 168      2C462123 
 168      DB48624D 
 168      BDFEF83A 
 169 0050 BD168917 		.ascii	"\275\026\211\027\336\273\367}\357|\277\363\335c\350"
 169      DEBBF77D 
 169      EF7CBFF3 
 169      DD63E8
 170 005f E44AC9F3 		.ascii	"\344J\311\363\016D\255\262\303\020\270\364\234\250\220"
 170      0E44ADB2 
 170      C310B8F4 
 170      9CA890
 171 006e 60400F04 		.ascii	"`@\017\004\032f\014\3433\0370\236\255\034\275B\323\254"
 171      1A660CE3 
 171      331F309E 
 171      AD1CBD42 
 171      D3AC
 172 0080 B5235F2A 		.ascii	"\265#_*\277\336'G\033<&:d\302\371\024\232\225\203\373"
 172      BFDE2747 
 172      1B3C263A 
 172      64C2F914 
 172      9A9583FB 
 173 0094 6822299C 		.ascii	"h\")\234\372pk\037\246\021z\256\371\343\363\211\364"
 173      FA706B1F 
 173      A6117AAE 
ARM GAS  C:\Users\victo\AppData\Local\Temp\ccqOHxhE.s 			page 13


 173      F9E3F389 
 173      F4
 174 00a5 8C9876AA 		.ascii	"\214\230v\252\305\315\244\275c\335\035\337?'V\314\301"
 174      C5CDA4BD 
 174      63DD1DDF 
 174      3F2756CC 
 174      C1
 175 00b6 FCEFD625 		.ascii	"\374\357\326%\206\003\367\317\233d\314\265\326\236\305"
 175      8603F7CF 
 175      9B64CCB5 
 175      D69EC5
 176 00c5 03A4B581 		.ascii	"\003\244\265\201\220\347\021\223\220Pe\261\276l}\377"
 176      90E71193 
 176      905065B1 
 176      BE6C7DFF 
 177 00d5 707F72EE 		.ascii	"p\177r\356\242I0y,\261=\346\010\351\317\250~\307I\223"
 177      A2493079 
 177      2CB13DE6 
 177      08E9CFA8 
 177      7EC74993 
 178 00e9 D1AEBCF4 		.ascii	"\321\256\274\364\022\037\231u7[\250\324n\327\326n(\354"
 178      121F9975 
 178      375BA8D4 
 178      6ED7D66E 
 178      28EC
 179 00fb 3BEB8D56 		.ascii	";\353\215V\277~\033\347=\366\330\224\334\222\215h\373"
 179      BF7E1BE7 
 179      3DF6D894 
 179      DC928D68 
 179      FB
 180 010c EDDD172F 		.ascii	"\355\335\027/\023\201\024\244\371\264W\376i\246q\267"
 180      138114A4 
 180      F9B457FE 
 180      69A671B7 
 181 011c E0C2E308 		.ascii	"\340\302\343\010\036\"\205G\220\264x\214i\320\026F\336"
 181      1E228547 
 181      90B4788C 
 181      69D01646 
 181      DE
 182 012d 167F7308 		.ascii	"\026\177s\0104\302\024\345\346\217\261\015\204JDDa<"
 182      34C214E5 
 182      E68FB10D 
 182      844A4444 
 182      613C
 183 013f B937FBB4 		.ascii	"\2717\373\264N\221|\211\260 \356\327\010,\232W\212\224"
 183      4E917C89 
 183      B020EED7 
 183      082C9A57 
 183      8A94
 184 0151 522D1EAD 		.ascii	"R-\036\255u\204\246h(U&\002\310\261\010\2052\037\017"
 184      7584A668 
 184      28552602 
 184      C8B10885 
 184      321F0F
 185 0164 B12821C4 		.ascii	"\261(!\304\241]\253c\233\353\247BB\\\010\342\233\030"
 185      A15DAB63 
 185      9BEBA742 
ARM GAS  C:\Users\victo\AppData\Local\Temp\ccqOHxhE.s 			page 14


 185      425C08E2 
 185      9B18
 186 0176 5D5E3EA3 		.ascii	"]^>\243m\2431\302\222\324W\361/W<\030\016t(2\242tK\366"
 186      6DA331C2 
 186      92D457F1 
 186      2F573C18 
 186      0E742832 
 187 018e AAD3E70C 		.ascii	"\252\323\347\014\344\362Nwg\246\177h\240\313\311\266"
 187      E4F24E77 
 187      67A67F68 
 187      A0CBC9B6 
 188 019e 65FAAF5C 		.ascii	"e\372\257\\\310^\273\334\336\321\231\277\336\322E\247"
 188      C85EBBDC 
 188      DED199BF 
 188      DED245A7 
 189 01ae 7B73833D 		.ascii	"{s\203=Nw&\237\313\017\015\376\005\331\273\2660"
 189      4E77269F 
 189      CB0F0DFE 
 189      05D9BBB6 
 189      30
 190              		.text
 191              		.section	.gnu.lto_.symbol_nodes.797e4e7b,"",%progbits
 192 0000 789C55C7 		.ascii	"x\234U\307;\015\000 \020D\301w\037\022tbd-\240\200\240"
 192      3B0D0020 
 192      1044C177 
 192      1F127462 
 192      642DA080 
 193 0015 084D3414 		.ascii	"\010M4\024\334t\023\300\340q\004\363\200\304\332\035"
 193      DC7413C0 
 193      E07104F3 
 193      80C4DA1D 
 194 0025 3759B9CB 		.ascii	"7Y\271\313\313CQ\236\312\362\246\366\237\013\351b\031"
 194      CB43519E 
 194      CAF2A6F6 
 194      9F0BE962 
 194      19
 195 0036 56       		.ascii	"V"
 196              		.text
 197              		.section	.gnu.lto_.refs.797e4e7b,"",%progbits
 198 0000 789C6366 		.ascii	"x\234cf```d\200\002\000\000=\000\005"
 198      60606064 
 198      80020000 
 198      3D0005
 199              		.text
 200              		.section	.gnu.lto_.decls.797e4e7b,"",%progbits
 201 0000 789C8D54 		.ascii	"x\234\215TmL\024W\024}w\336~\260\303\026L\332\240!M"
 201      6D4C1457 
 201      147D77DE 
 201      7EB0C316 
 201      4CDAA021 
 202 0015 BAA40969 		.ascii	"\272\244\011i\023B\2424M\3775\015&\266M\332\020\250"
 202      1342A234 
 202      4DFF350D 
 202      26B64DDA 
 202      10A8
 203 0027 E90F49C8 		.ascii	"\351\017I\310\006&Jb\300l\207\246\372\353\011\251\254"
 203      06264A62 
ARM GAS  C:\Users\victo\AppData\Local\Temp\ccqOHxhE.s 			page 15


 203      C06C87A6 
 203      FAEB09A9 
 203      AC
 204 0038 0D319460 		.ascii	"\0151\224`\244\330\302\246\242\005\255\324\302\012\256"
 204      A4D8C2A6 
 204      A205ADD4 
 204      C20AAE
 205 0047 202E2C08 		.ascii	" .,\010\026h\301\017\024l\025T\304Tm\300\222T\202qz"
 205      1668C10F 
 205      146C1554 
 205      C4546DC0 
 205      92548271 
 206 005c DF9B99DD 		.ascii	"\337\233\231\335\261\216\251/\271\273{\337\274s\356"
 206      B18EA92F 
 206      B9BB7BDF 
 206      BC73EE
 207 006b B9F7BC59 		.ascii	"\271\367\274YJ\010i\005B4\\O\034\204\\\307\334\215\221"
 207      4A086905 
 207      42345C4F 
 207      1C845CC7 
 207      DC8D91
 208 007e 4712CB85 		.ascii	"G\022\313\205\321\201\021\306\350\306\210`\3040\206"
 208      D18111C6 
 208      E8C68860 
 208      C43086
 209 008d C8B3ABC3 		.ascii	"\310\263\253\3038\317\361\307120&1&0>4\316\200q\356"
 209      38CFF1C7 
 209      31323026 
 209      3126303E 
 209      34CE8071 
 210 00a2 BF2B6C83 		.ascii	"\277+l\203M\263\340Ml\330\006\313u9\377\247f\267\015"
 210      4DB3E04D 
 210      6CD806CB 
 210      7539FFA7 
 210      66B70D
 211 00b5 2EF202B8 		.ascii	".\362\002\270\210\015\216\367\3571\264\246`x1\3720\306"
 211      880D8EF7 
 211      EF31B4A6 
 211      607831FA 
 211      30C6
 212 00c7 0D1E9F8D 		.ascii	"\015\036\237\215\356\230\015\317\220\321\263]\277V\015"
 212      EE980DCF 
 212      90D1B35D 
 212      BF560D
 213 00d6 76B35E92 		.ascii	"v\263^\222`\364\346\243\277\275w%H\221\327\360\264\361"
 213      60F4E6A3 
 213      BFBD7725 
 213      4891D7F0 
 213      B4F1
 214 00e8 CAFC32C5 		.ascii	"\312\3742\305\324+K<\235:[]\235D%\340\277\0175\314]"
 214      D42B4B3C 
 214      9D3A5B5D 
 214      9D4425E0 
 214      BF0F35CC 
 215 00fd 92B38E32 		.ascii	"\222\263\2162\306\202,\032\205\004\305\356#=5n\304\244"
 215      C6822C1A 
 215      8504C5EE 
ARM GAS  C:\Users\victo\AppData\Local\Temp\ccqOHxhE.s 			page 16


 215      233D356E 
 215      C4A4
 216 010f C922DD37 		.ascii	"\311\"\3357\332\330OE\252q\2344=]\277BA\316\0142V\311"
 216      DAD84F45 
 216      AA719C34 
 216      3D5DBF42 
 216      41CE0C32 
 217 0125 16EB185D 		.ascii	"\026\353\030]G +\035\336L'\320\016\231x\014\216B\026"
 217      47202B1D 
 217      DE4C27D0 
 217      0E99780C 
 217      8E4216
 218 0138 8163900E 		.ascii	"\201c\220\016?B:i\301\002\213\315\2133\2572\346\200"
 218      3F423A69 
 218      C1028BCD 
 218      8B33AF32 
 218      E680
 219 014a E320431B 		.ascii	"\343 C\033Pq\002\333\340\025\214\242\265_\366\327:\034"
 219      507102DB 
 219      E0158CA2 
 219      B55FF6D7 
 219      3A1C
 220 015c 126EF233 		.ascii	"\022n\3623[\034|o\354\300\267\003\311k\3673\276\252"
 220      5B1C7C6F 
 220      ECC0B703 
 220      C96BF733 
 220      BEAA
 221 016e D81A09F2 		.ascii	"\330\032\011\362\322\340\007\244mEZ\002'`-~\376\004"
 221      D2E007A4 
 221      6D455A02 
 221      27602D7E 
 221      FE04
 222 0180 0E9DE0E4 		.ascii	"\016\235\340\344\350\271\0057\315\021\255\355\335w\273"
 222      E8B90537 
 222      CD11ADED 
 222      DD77BB
 223 018f D5E96B62 		.ascii	"\325\351kb\241\023\213\015Uw\362\276\256b\365lV\323"
 223      A1138B0D 
 223      5577F2BE 
 223      AE62F56C 
 223      56D3
 224 01a1 5E1320F8 		.ascii	"^\023 \3709.\200\360\337\372D;\300\207\300\301\313+"
 224      392E80F0 
 224      DFFA443B 
 224      C087C0C1 
 224      CB2B
 225 01b3 D312DD2E 		.ascii	"\323\022\335.H\226\366\374\331$\013\222\331\0331%Z\311"
 225      4896F6FC 
 225      D9240B92 
 225      D91B3125 
 225      5AC9
 226 01c5 1E6B1AD5 		.ascii	"\036k\032\325\031:-\014\235&CX0\214\037;\277\007\254"
 226      193A2D0C 
 226      9D264358 
 226      308C1F3B 
 226      BF07AC
 227 01d8 9A793B09 		.ascii	"\232y;\011\321'\205\350-\206\346\353\217\353\257%\321"
ARM GAS  C:\Users\victo\AppData\Local\Temp\ccqOHxhE.s 			page 17


 227      D12785E8 
 227      2D86E6EB 
 227      8FEBAF25 
 227      D1
 228 01e9 5DA2DC6C 		.ascii	"]\242\334ll\201\245\352\345\032\346\023\345\020\000"
 228      6C81A5EA 
 228      E51AE613 
 228      E51000
 229 01f8 5D96725D 		.ascii	"]\226r]f\271nQnd\356\320*\245\325 (\036D\356\207@P\204"
 229      66B96E51 
 229      6E64EED0 
 229      2AA5D520 
 229      281E44EE 
 230 0210 C60EBB5A 		.ascii	"\306\016\273ZYT\323\336\025\004\247,\004\247L\202\210"
 230      5954D3DE 
 230      1504A72C 
 230      04A74C82 
 230      88
 231 0221 20F8EEE1 		.ascii	" \370\356\341_\275\036zP'0\235\367\351\316\037\270\367"
 231      5FBD1E7A 
 231      5027309D 
 231      F7E9CE1F 
 231      B8F7
 232 0233 289C2452 		.ascii	"(\234$R.\005\255?2\361Oc\012d\312\272\247\017uO\373"
 232      2E05AD3F 
 232      32F14F63 
 232      0A64CABA 
 232      A70F754F 
 233 0248 B0C1D309 		.ascii	"\260\301\323\011O}\206\247\342z\340\010\234o\220x\377"
 233      4F7D86A7 
 233      E27AE008 
 233      9C6F9078 
 233      FF
 234 0259 70062F88 		.ascii	"p\006/\210\317\270 =\270\331\213\233X\250y\370\376\345"
 234      CFB8203D 
 234      B8D98B9B 
 234      58A879F8 
 234      FEE5
 235 026b 54617E5F 		.ascii	"Ta~_\334\374\231\213\327\332<\361\275\263 6\233\264"
 235      DCFC998B 
 235      D7DA3CF1 
 235      BDB32036 
 235      9BB4
 236 027d BE88E3B9 		.ascii	"\276\210\343\2717\242_\0147j\336\210\233S\254&\205~"
 236      37A25F0C 
 236      376ADE88 
 236      9B53AC26 
 236      857E
 237 028f AFB77666 		.ascii	"\257\267vf\346\217\245$\343J\334ZX\377\015\013\355f"
 237      E68FA524 
 237      E34ADC5A 
 237      58FF0D0B 
 237      ED66
 238 02a1 4F34BCD1 		.ascii	"O4\274\321\034\005\003\226\001\015\230\003\212\211\001"
 238      1C050396 
 238      010D9803 
 238      8A8901
ARM GAS  C:\Users\victo\AppData\Local\Temp\ccqOHxhE.s 			page 18


 239 02b0 1D5E0EB5 		.ascii	"\035^\016\265K\264Gg\011N\265\015\270u\223~_x\332\244"
 239      4BB44767 
 239      094EB50D 
 239      B875937E 
 239      5F78DAA4 
 240 02c4 410BC5A0 		.ascii	"A\013\305\240I1$(\"\355\313\343\311\342\235\364q\222"
 240      49312428 
 240      22EDCBE3 
 240      C9E29DF4 
 240      7192
 241 02d6 D375230D 		.ascii	"\323u#\015.\361N\212\236\202u]\367\234\364\302\323\016"
 241      2EF14E8A 
 241      9E82755D 
 241      F79CF4C2 
 241      D30E
 242 02e8 64E80EDC 		.ascii	"d\350\016\3348\270\322\342\021)\377;N\345[sW\257\364"
 242      38B8D2E2 
 242      1129FF3B 
 242      4EE55B73 
 242      57AFF4
 243 02fb BAE95571 		.ascii	"\272\351Uq\\zP_\251%\307\015Y\326\015\031\307y\215&"
 243      5C7A505F 
 243      A925C70D 
 243      59D60D19 
 243      C7798D26 
 244 030f 0CC9B01A 		.ascii	"\014\311\260\032R[\305<\357\0238\2073\033\346\206\214"
 244      525BC53C 
 244      EF133887 
 244      331BE686 
 244      8C
 245 0320 A1211986 		.ascii	"\241!\031\206!\347q\363\027\335\220\310\376\311aY\016"
 245      21E771F3 
 245      17DD90C8 
 245      FEC96159 
 245      0E
 246 0331 F221BF18 		.ascii	"\362!\277\030B\212v\326\256z\015%\2635\235-\022W2\201"
 246      428A76D6 
 246      AE7A0D25 
 246      B3359D2D 
 246      12573281 
 247 0345 4A46124A 		.ascii	"JF\022J~\205\204\224g\211\177\263\2272\177\273y\325"
 247      7E858494 
 247      67897FB3 
 247      97327FBB 
 247      79D5
 248 0357 E5FD2A2E 		.ascii	"\345\375*.^\220\232 \002\223\340\025\223\346\337\316"
 248      5E909A20 
 248      0293E015 
 248      93E6DFCE 
 249 0367 8AD232F5 		.ascii	"\212\3222\365\035\327\246\2177\373r\311\353\331\205"
 249      1DD7A68F 
 249      37FB72C9 
 249      EBD985
 250 0376 9B943225 		.ascii	"\233\2242%\340W\225\222\242\202\362\212@\261R\230WP"
 250      E0579592 
 250      A282F28A 
 250      40B15298 
ARM GAS  C:\Users\victo\AppData\Local\Temp\ccqOHxhE.s 			page 19


 250      5750
 251 0388 9EFB5661 		.ascii	"\236\373Va\361Nu\347\016\345\263\354m\344\225\315\357"
 251      F14E75E7 
 251      0EE5B3EC 
 251      6DE495CD 
 251      EF
 252 0399 E57F52A4 		.ascii	"\345\177R\244~QT\240\250\033\003\245\237+\037\225\227"
 252      7E5154A0 
 252      A81B03A5 
 252      9F2B1F95 
 252      97
 253 03aa 28CF071A 		.ascii	"(\317\007\032\247\263\213\311K&\360\323@\251\252x\315"
 253      A7B38BC9 
 253      4B26F0D3 
 253      40A9AA78 
 253      CD
 254 03bb 2C5FF197 		.ascii	",_\361\227\274lM6\372U\177\276\262\325\305\205\255\177"
 254      BC6C4D36 
 254      FA557FBE 
 254      B2D5C585 
 254      AD7F
 255 03cd 7B9DA5DC 		.ascii	"{\235\245\334\007e\252\022\010T\354Py\3114\363A\356"
 255      0765AA12 
 255      0854EC50 
 255      79C934F3 
 255      41EE
 256 03df 76C51F88 		.ascii	"v\305\037\210?r\006\224\2559\033\0048g\303\277w\343"
 256      3F720694 
 256      AD391B04 
 256      3867C3BF 
 256      77E3
 257 03f1 F9F3     		.ascii	"\371\363"
 258              		.text
 259              		.section	.gnu.lto_.symtab.797e4e7b,"",%progbits
 260 0000 55415254 		.ascii	"UART_tx_SetDriveMode\000\000\000\000\000\000\000\000"
 260      5F74785F 
 260      53657444 
 260      72697665 
 260      4D6F6465 
 261 001c 00000000 		.ascii	"\000\000\000\000\262\000\000\000UART_tx_Write\000\000"
 261      B2000000 
 261      55415254 
 261      5F74785F 
 261      57726974 
 262 0033 00000000 		.ascii	"\000\000\000\000\000\000\000\000\000\000\264\000\000"
 262      00000000 
 262      0000B400 
 262      00
 263 0040 00554152 		.ascii	"\000UART_tx_Read\000\000\000\000\000\000\000\000\000"
 263      545F7478 
 263      5F526561 
 263      64000000 
 263      00000000 
 264 0056 000000B7 		.ascii	"\000\000\000\267\000\000\000UART_tx_ReadDataReg\000"
 264      00000055 
 264      4152545F 
 264      74785F52 
ARM GAS  C:\Users\victo\AppData\Local\Temp\ccqOHxhE.s 			page 20


 264      65616444 
 265 0071 00000000 		.ascii	"\000\000\000\000\000\000\000\000\000\000\000\271\000"
 265      00000000 
 265      000000B9 
 265      00
 266 007e 00005541 		.ascii	"\000\000UART_tx_SetInterruptMode\000\000\000\000\000"
 266      52545F74 
 266      785F5365 
 266      74496E74 
 266      65727275 
 267 009d 00000000 		.ascii	"\000\000\000\000\000\000\000\303\000\000\000UART_tx"
 267      000000C3 
 267      00000055 
 267      4152545F 
 267      7478
 268 00af 5F436C65 		.ascii	"_ClearInterrupt\000\000\000\000\000\000\000\000\000"
 268      6172496E 
 268      74657272 
 268      75707400 
 268      00000000 
 269 00c7 000000C5 		.ascii	"\000\000\000\305\000\000\000"
 269      000000
 270              		.text
 271              		.section	.gnu.lto_.opts,"",%progbits
 272 0000 272D666E 		.ascii	"'-fno-trapv' '-mcpu=cortex-m0' '-mthumb' '-g' '-Os'"
 272      6F2D7472 
 272      61707627 
 272      20272D6D 
 272      6370753D 
 273 0033 20272D57 		.ascii	" '-Werror' '-ffunction-sections' '-finline-function"
 273      6572726F 
 273      72272027 
 273      2D666675 
 273      6E637469 
 274 0066 73272027 		.ascii	"s' '-flto' '-ffat-lto-objects' '-fno-strict-aliasin"
 274      2D666C74 
 274      6F272027 
 274      2D666661 
 274      742D6C74 
 275 0099 672700   		.ascii	"g'\000"
 276              		.text
 277              		.cfi_sections	.debug_frame
 278              		.section	.text.UART_tx_SetDriveMode,"ax",%progbits
 279              		.align	1
 280              		.global	UART_tx_SetDriveMode
 281              		.code	16
 282              		.thumb_func
 283              		.type	UART_tx_SetDriveMode, %function
 284              	UART_tx_SetDriveMode:
 285              	.LFB0:
 286              		.file 1 ".\\Generated_Source\\PSoC4\\UART_tx.c"
   1:.\Generated_Source\PSoC4/UART_tx.c **** /*******************************************************************************
   2:.\Generated_Source\PSoC4/UART_tx.c **** * File Name: UART_tx.c  
   3:.\Generated_Source\PSoC4/UART_tx.c **** * Version 2.20
   4:.\Generated_Source\PSoC4/UART_tx.c **** *
   5:.\Generated_Source\PSoC4/UART_tx.c **** * Description:
   6:.\Generated_Source\PSoC4/UART_tx.c **** *  This file contains API to enable firmware control of a Pins component.
ARM GAS  C:\Users\victo\AppData\Local\Temp\ccqOHxhE.s 			page 21


   7:.\Generated_Source\PSoC4/UART_tx.c **** *
   8:.\Generated_Source\PSoC4/UART_tx.c **** ********************************************************************************
   9:.\Generated_Source\PSoC4/UART_tx.c **** * Copyright 2008-2015, Cypress Semiconductor Corporation.  All rights reserved.
  10:.\Generated_Source\PSoC4/UART_tx.c **** * You may use this file only in accordance with the license, terms, conditions, 
  11:.\Generated_Source\PSoC4/UART_tx.c **** * disclaimers, and limitations in the end user license agreement accompanying 
  12:.\Generated_Source\PSoC4/UART_tx.c **** * the software package with which this file was provided.
  13:.\Generated_Source\PSoC4/UART_tx.c **** *******************************************************************************/
  14:.\Generated_Source\PSoC4/UART_tx.c **** 
  15:.\Generated_Source\PSoC4/UART_tx.c **** #include "cytypes.h"
  16:.\Generated_Source\PSoC4/UART_tx.c **** #include "UART_tx.h"
  17:.\Generated_Source\PSoC4/UART_tx.c **** 
  18:.\Generated_Source\PSoC4/UART_tx.c **** 
  19:.\Generated_Source\PSoC4/UART_tx.c **** #if defined(UART_tx__PC)
  20:.\Generated_Source\PSoC4/UART_tx.c ****     #define UART_tx_SetP4PinDriveMode(shift, mode)  \
  21:.\Generated_Source\PSoC4/UART_tx.c ****     do { \
  22:.\Generated_Source\PSoC4/UART_tx.c ****         UART_tx_PC =   (UART_tx_PC & \
  23:.\Generated_Source\PSoC4/UART_tx.c ****                                 (uint32)(~(uint32)(UART_tx_DRIVE_MODE_IND_MASK << \
  24:.\Generated_Source\PSoC4/UART_tx.c ****                                 (UART_tx_DRIVE_MODE_BITS * (shift))))) | \
  25:.\Generated_Source\PSoC4/UART_tx.c ****                                 (uint32)((uint32)(mode) << \
  26:.\Generated_Source\PSoC4/UART_tx.c ****                                 (UART_tx_DRIVE_MODE_BITS * (shift))); \
  27:.\Generated_Source\PSoC4/UART_tx.c ****     } while (0)
  28:.\Generated_Source\PSoC4/UART_tx.c **** #else
  29:.\Generated_Source\PSoC4/UART_tx.c ****     #if (CY_PSOC4_4200L)
  30:.\Generated_Source\PSoC4/UART_tx.c ****         #define UART_tx_SetP4PinDriveMode(shift, mode)  \
  31:.\Generated_Source\PSoC4/UART_tx.c ****         do { \
  32:.\Generated_Source\PSoC4/UART_tx.c ****             UART_tx_USBIO_CTRL_REG = (UART_tx_USBIO_CTRL_REG & \
  33:.\Generated_Source\PSoC4/UART_tx.c ****                                     (uint32)(~(uint32)(UART_tx_DRIVE_MODE_IND_MASK << \
  34:.\Generated_Source\PSoC4/UART_tx.c ****                                     (UART_tx_DRIVE_MODE_BITS * (shift))))) | \
  35:.\Generated_Source\PSoC4/UART_tx.c ****                                     (uint32)((uint32)(mode) << \
  36:.\Generated_Source\PSoC4/UART_tx.c ****                                     (UART_tx_DRIVE_MODE_BITS * (shift))); \
  37:.\Generated_Source\PSoC4/UART_tx.c ****         } while (0)
  38:.\Generated_Source\PSoC4/UART_tx.c ****     #endif
  39:.\Generated_Source\PSoC4/UART_tx.c **** #endif
  40:.\Generated_Source\PSoC4/UART_tx.c ****   
  41:.\Generated_Source\PSoC4/UART_tx.c **** 
  42:.\Generated_Source\PSoC4/UART_tx.c **** #if defined(UART_tx__PC) || (CY_PSOC4_4200L) 
  43:.\Generated_Source\PSoC4/UART_tx.c ****     /*******************************************************************************
  44:.\Generated_Source\PSoC4/UART_tx.c ****     * Function Name: UART_tx_SetDriveMode
  45:.\Generated_Source\PSoC4/UART_tx.c ****     ****************************************************************************//**
  46:.\Generated_Source\PSoC4/UART_tx.c ****     *
  47:.\Generated_Source\PSoC4/UART_tx.c ****     * \brief Sets the drive mode for each of the Pins component's pins.
  48:.\Generated_Source\PSoC4/UART_tx.c ****     * 
  49:.\Generated_Source\PSoC4/UART_tx.c ****     * <b>Note</b> This affects all pins in the Pins component instance. Use the
  50:.\Generated_Source\PSoC4/UART_tx.c ****     * Per-Pin APIs if you wish to control individual pin's drive modes.
  51:.\Generated_Source\PSoC4/UART_tx.c ****     *
  52:.\Generated_Source\PSoC4/UART_tx.c ****     * <b>Note</b> USBIOs have limited drive functionality. Refer to the Drive Mode
  53:.\Generated_Source\PSoC4/UART_tx.c ****     * parameter for more information.
  54:.\Generated_Source\PSoC4/UART_tx.c ****     *
  55:.\Generated_Source\PSoC4/UART_tx.c ****     * \param mode
  56:.\Generated_Source\PSoC4/UART_tx.c ****     *  Mode for the selected signals. Valid options are documented in 
  57:.\Generated_Source\PSoC4/UART_tx.c ****     *  \ref driveMode.
  58:.\Generated_Source\PSoC4/UART_tx.c ****     *
  59:.\Generated_Source\PSoC4/UART_tx.c ****     * \return
  60:.\Generated_Source\PSoC4/UART_tx.c ****     *  None
  61:.\Generated_Source\PSoC4/UART_tx.c ****     *
  62:.\Generated_Source\PSoC4/UART_tx.c ****     * \sideeffect
  63:.\Generated_Source\PSoC4/UART_tx.c ****     *  If you use read-modify-write operations that are not atomic, the ISR can
ARM GAS  C:\Users\victo\AppData\Local\Temp\ccqOHxhE.s 			page 22


  64:.\Generated_Source\PSoC4/UART_tx.c ****     *  cause corruption of this function. An ISR that interrupts this function 
  65:.\Generated_Source\PSoC4/UART_tx.c ****     *  and performs writes to the Pins component Drive Mode registers can cause 
  66:.\Generated_Source\PSoC4/UART_tx.c ****     *  corrupted port data. To avoid this issue, you should either use the Per-Pin
  67:.\Generated_Source\PSoC4/UART_tx.c ****     *  APIs (primary method) or disable interrupts around this function.
  68:.\Generated_Source\PSoC4/UART_tx.c ****     *
  69:.\Generated_Source\PSoC4/UART_tx.c ****     * \funcusage
  70:.\Generated_Source\PSoC4/UART_tx.c ****     *  \snippet UART_tx_SUT.c usage_UART_tx_SetDriveMode
  71:.\Generated_Source\PSoC4/UART_tx.c ****     *******************************************************************************/
  72:.\Generated_Source\PSoC4/UART_tx.c ****     void UART_tx_SetDriveMode(uint8 mode)
  73:.\Generated_Source\PSoC4/UART_tx.c ****     {
 287              		.loc 1 73 0
 288              		.cfi_startproc
 289              	.LVL0:
  74:.\Generated_Source\PSoC4/UART_tx.c **** 		UART_tx_SetP4PinDriveMode(UART_tx__0__SHIFT, mode);
 290              		.loc 1 74 0
 291 0000 034A     		ldr	r2, .L2
 292 0002 044B     		ldr	r3, .L2+4
 293 0004 1168     		ldr	r1, [r2]
 294 0006 8004     		lsl	r0, r0, #18
 295              	.LVL1:
 296 0008 0B40     		and	r3, r1
 297 000a 1843     		orr	r0, r3
 298 000c 1060     		str	r0, [r2]
  75:.\Generated_Source\PSoC4/UART_tx.c ****     }
 299              		.loc 1 75 0
 300              		@ sp needed
 301 000e 7047     		bx	lr
 302              	.L3:
 303              		.align	2
 304              	.L2:
 305 0010 08020440 		.word	1074004488
 306 0014 FFFFE3FF 		.word	-1835009
 307              		.cfi_endproc
 308              	.LFE0:
 309              		.size	UART_tx_SetDriveMode, .-UART_tx_SetDriveMode
 310              		.section	.text.UART_tx_Write,"ax",%progbits
 311              		.align	1
 312              		.global	UART_tx_Write
 313              		.code	16
 314              		.thumb_func
 315              		.type	UART_tx_Write, %function
 316              	UART_tx_Write:
 317              	.LFB1:
  76:.\Generated_Source\PSoC4/UART_tx.c **** #endif
  77:.\Generated_Source\PSoC4/UART_tx.c **** 
  78:.\Generated_Source\PSoC4/UART_tx.c **** 
  79:.\Generated_Source\PSoC4/UART_tx.c **** /*******************************************************************************
  80:.\Generated_Source\PSoC4/UART_tx.c **** * Function Name: UART_tx_Write
  81:.\Generated_Source\PSoC4/UART_tx.c **** ****************************************************************************//**
  82:.\Generated_Source\PSoC4/UART_tx.c **** *
  83:.\Generated_Source\PSoC4/UART_tx.c **** * \brief Writes the value to the physical port (data output register), masking
  84:.\Generated_Source\PSoC4/UART_tx.c **** *  and shifting the bits appropriately. 
  85:.\Generated_Source\PSoC4/UART_tx.c **** *
  86:.\Generated_Source\PSoC4/UART_tx.c **** * The data output register controls the signal applied to the physical pin in 
  87:.\Generated_Source\PSoC4/UART_tx.c **** * conjunction with the drive mode parameter. This function avoids changing 
  88:.\Generated_Source\PSoC4/UART_tx.c **** * other bits in the port by using the appropriate method (read-modify-write or
  89:.\Generated_Source\PSoC4/UART_tx.c **** * bit banding).
ARM GAS  C:\Users\victo\AppData\Local\Temp\ccqOHxhE.s 			page 23


  90:.\Generated_Source\PSoC4/UART_tx.c **** *
  91:.\Generated_Source\PSoC4/UART_tx.c **** * <b>Note</b> This function should not be used on a hardware digital output pin 
  92:.\Generated_Source\PSoC4/UART_tx.c **** * as it is driven by the hardware signal attached to it.
  93:.\Generated_Source\PSoC4/UART_tx.c **** *
  94:.\Generated_Source\PSoC4/UART_tx.c **** * \param value
  95:.\Generated_Source\PSoC4/UART_tx.c **** *  Value to write to the component instance.
  96:.\Generated_Source\PSoC4/UART_tx.c **** *
  97:.\Generated_Source\PSoC4/UART_tx.c **** * \return 
  98:.\Generated_Source\PSoC4/UART_tx.c **** *  None 
  99:.\Generated_Source\PSoC4/UART_tx.c **** *
 100:.\Generated_Source\PSoC4/UART_tx.c **** * \sideeffect
 101:.\Generated_Source\PSoC4/UART_tx.c **** *  If you use read-modify-write operations that are not atomic; the Interrupt 
 102:.\Generated_Source\PSoC4/UART_tx.c **** *  Service Routines (ISR) can cause corruption of this function. An ISR that 
 103:.\Generated_Source\PSoC4/UART_tx.c **** *  interrupts this function and performs writes to the Pins component data 
 104:.\Generated_Source\PSoC4/UART_tx.c **** *  register can cause corrupted port data. To avoid this issue, you should 
 105:.\Generated_Source\PSoC4/UART_tx.c **** *  either use the Per-Pin APIs (primary method) or disable interrupts around 
 106:.\Generated_Source\PSoC4/UART_tx.c **** *  this function.
 107:.\Generated_Source\PSoC4/UART_tx.c **** *
 108:.\Generated_Source\PSoC4/UART_tx.c **** * \funcusage
 109:.\Generated_Source\PSoC4/UART_tx.c **** *  \snippet UART_tx_SUT.c usage_UART_tx_Write
 110:.\Generated_Source\PSoC4/UART_tx.c **** *******************************************************************************/
 111:.\Generated_Source\PSoC4/UART_tx.c **** void UART_tx_Write(uint8 value)
 112:.\Generated_Source\PSoC4/UART_tx.c **** {
 318              		.loc 1 112 0
 319              		.cfi_startproc
 320              	.LVL2:
 113:.\Generated_Source\PSoC4/UART_tx.c ****     uint8 drVal = (uint8)(UART_tx_DR & (uint8)(~UART_tx_MASK));
 321              		.loc 1 113 0
 322 0000 4023     		mov	r3, #64
 323 0002 0449     		ldr	r1, .L5
 114:.\Generated_Source\PSoC4/UART_tx.c ****     drVal = (drVal | ((uint8)(value << UART_tx_SHIFT) & UART_tx_MASK));
 324              		.loc 1 114 0
 325 0004 8001     		lsl	r0, r0, #6
 326              	.LVL3:
 113:.\Generated_Source\PSoC4/UART_tx.c ****     uint8 drVal = (uint8)(UART_tx_DR & (uint8)(~UART_tx_MASK));
 327              		.loc 1 113 0
 328 0006 0A68     		ldr	r2, [r1]
 115:.\Generated_Source\PSoC4/UART_tx.c ****     UART_tx_DR = (uint32)drVal;
 116:.\Generated_Source\PSoC4/UART_tx.c **** }
 329              		.loc 1 116 0
 330              		@ sp needed
 113:.\Generated_Source\PSoC4/UART_tx.c ****     drVal = (drVal | ((uint8)(value << UART_tx_SHIFT) & UART_tx_MASK));
 331              		.loc 1 113 0
 332 0008 9A43     		bic	r2, r3
 333 000a D2B2     		uxtb	r2, r2
 114:.\Generated_Source\PSoC4/UART_tx.c ****     drVal = (drVal | ((uint8)(value << UART_tx_SHIFT) & UART_tx_MASK));
 334              		.loc 1 114 0
 335 000c 0340     		and	r3, r0
 115:.\Generated_Source\PSoC4/UART_tx.c ****     UART_tx_DR = (uint32)drVal;
 336              		.loc 1 115 0
 337 000e 1343     		orr	r3, r2
 338 0010 0B60     		str	r3, [r1]
 339              		.loc 1 116 0
 340 0012 7047     		bx	lr
 341              	.L6:
 342              		.align	2
 343              	.L5:
ARM GAS  C:\Users\victo\AppData\Local\Temp\ccqOHxhE.s 			page 24


 344 0014 00020440 		.word	1074004480
 345              		.cfi_endproc
 346              	.LFE1:
 347              		.size	UART_tx_Write, .-UART_tx_Write
 348              		.section	.text.UART_tx_Read,"ax",%progbits
 349              		.align	1
 350              		.global	UART_tx_Read
 351              		.code	16
 352              		.thumb_func
 353              		.type	UART_tx_Read, %function
 354              	UART_tx_Read:
 355              	.LFB2:
 117:.\Generated_Source\PSoC4/UART_tx.c **** 
 118:.\Generated_Source\PSoC4/UART_tx.c **** 
 119:.\Generated_Source\PSoC4/UART_tx.c **** /*******************************************************************************
 120:.\Generated_Source\PSoC4/UART_tx.c **** * Function Name: UART_tx_Read
 121:.\Generated_Source\PSoC4/UART_tx.c **** ****************************************************************************//**
 122:.\Generated_Source\PSoC4/UART_tx.c **** *
 123:.\Generated_Source\PSoC4/UART_tx.c **** * \brief Reads the associated physical port (pin status register) and masks 
 124:.\Generated_Source\PSoC4/UART_tx.c **** *  the required bits according to the width and bit position of the component
 125:.\Generated_Source\PSoC4/UART_tx.c **** *  instance. 
 126:.\Generated_Source\PSoC4/UART_tx.c **** *
 127:.\Generated_Source\PSoC4/UART_tx.c **** * The pin's status register returns the current logic level present on the 
 128:.\Generated_Source\PSoC4/UART_tx.c **** * physical pin.
 129:.\Generated_Source\PSoC4/UART_tx.c **** *
 130:.\Generated_Source\PSoC4/UART_tx.c **** * \return 
 131:.\Generated_Source\PSoC4/UART_tx.c **** *  The current value for the pins in the component as a right justified number.
 132:.\Generated_Source\PSoC4/UART_tx.c **** *
 133:.\Generated_Source\PSoC4/UART_tx.c **** * \funcusage
 134:.\Generated_Source\PSoC4/UART_tx.c **** *  \snippet UART_tx_SUT.c usage_UART_tx_Read  
 135:.\Generated_Source\PSoC4/UART_tx.c **** *******************************************************************************/
 136:.\Generated_Source\PSoC4/UART_tx.c **** uint8 UART_tx_Read(void)
 137:.\Generated_Source\PSoC4/UART_tx.c **** {
 356              		.loc 1 137 0
 357              		.cfi_startproc
 138:.\Generated_Source\PSoC4/UART_tx.c ****     return (uint8)((UART_tx_PS & UART_tx_MASK) >> UART_tx_SHIFT);
 358              		.loc 1 138 0
 359 0000 024B     		ldr	r3, .L8
 139:.\Generated_Source\PSoC4/UART_tx.c **** }
 360              		.loc 1 139 0
 361              		@ sp needed
 138:.\Generated_Source\PSoC4/UART_tx.c ****     return (uint8)((UART_tx_PS & UART_tx_MASK) >> UART_tx_SHIFT);
 362              		.loc 1 138 0
 363 0002 1868     		ldr	r0, [r3]
 364 0004 4006     		lsl	r0, r0, #25
 365 0006 C00F     		lsr	r0, r0, #31
 366              		.loc 1 139 0
 367 0008 7047     		bx	lr
 368              	.L9:
 369 000a C046     		.align	2
 370              	.L8:
 371 000c 04020440 		.word	1074004484
 372              		.cfi_endproc
 373              	.LFE2:
 374              		.size	UART_tx_Read, .-UART_tx_Read
 375              		.section	.text.UART_tx_ReadDataReg,"ax",%progbits
 376              		.align	1
ARM GAS  C:\Users\victo\AppData\Local\Temp\ccqOHxhE.s 			page 25


 377              		.global	UART_tx_ReadDataReg
 378              		.code	16
 379              		.thumb_func
 380              		.type	UART_tx_ReadDataReg, %function
 381              	UART_tx_ReadDataReg:
 382              	.LFB3:
 140:.\Generated_Source\PSoC4/UART_tx.c **** 
 141:.\Generated_Source\PSoC4/UART_tx.c **** 
 142:.\Generated_Source\PSoC4/UART_tx.c **** /*******************************************************************************
 143:.\Generated_Source\PSoC4/UART_tx.c **** * Function Name: UART_tx_ReadDataReg
 144:.\Generated_Source\PSoC4/UART_tx.c **** ****************************************************************************//**
 145:.\Generated_Source\PSoC4/UART_tx.c **** *
 146:.\Generated_Source\PSoC4/UART_tx.c **** * \brief Reads the associated physical port's data output register and masks 
 147:.\Generated_Source\PSoC4/UART_tx.c **** *  the correct bits according to the width and bit position of the component 
 148:.\Generated_Source\PSoC4/UART_tx.c **** *  instance. 
 149:.\Generated_Source\PSoC4/UART_tx.c **** *
 150:.\Generated_Source\PSoC4/UART_tx.c **** * The data output register controls the signal applied to the physical pin in 
 151:.\Generated_Source\PSoC4/UART_tx.c **** * conjunction with the drive mode parameter. This is not the same as the 
 152:.\Generated_Source\PSoC4/UART_tx.c **** * preferred UART_tx_Read() API because the 
 153:.\Generated_Source\PSoC4/UART_tx.c **** * UART_tx_ReadDataReg() reads the data register instead of the status 
 154:.\Generated_Source\PSoC4/UART_tx.c **** * register. For output pins this is a useful function to determine the value 
 155:.\Generated_Source\PSoC4/UART_tx.c **** * just written to the pin.
 156:.\Generated_Source\PSoC4/UART_tx.c **** *
 157:.\Generated_Source\PSoC4/UART_tx.c **** * \return 
 158:.\Generated_Source\PSoC4/UART_tx.c **** *  The current value of the data register masked and shifted into a right 
 159:.\Generated_Source\PSoC4/UART_tx.c **** *  justified number for the component instance.
 160:.\Generated_Source\PSoC4/UART_tx.c **** *
 161:.\Generated_Source\PSoC4/UART_tx.c **** * \funcusage
 162:.\Generated_Source\PSoC4/UART_tx.c **** *  \snippet UART_tx_SUT.c usage_UART_tx_ReadDataReg 
 163:.\Generated_Source\PSoC4/UART_tx.c **** *******************************************************************************/
 164:.\Generated_Source\PSoC4/UART_tx.c **** uint8 UART_tx_ReadDataReg(void)
 165:.\Generated_Source\PSoC4/UART_tx.c **** {
 383              		.loc 1 165 0
 384              		.cfi_startproc
 166:.\Generated_Source\PSoC4/UART_tx.c ****     return (uint8)((UART_tx_DR & UART_tx_MASK) >> UART_tx_SHIFT);
 385              		.loc 1 166 0
 386 0000 024B     		ldr	r3, .L11
 167:.\Generated_Source\PSoC4/UART_tx.c **** }
 387              		.loc 1 167 0
 388              		@ sp needed
 166:.\Generated_Source\PSoC4/UART_tx.c ****     return (uint8)((UART_tx_DR & UART_tx_MASK) >> UART_tx_SHIFT);
 389              		.loc 1 166 0
 390 0002 1868     		ldr	r0, [r3]
 391 0004 4006     		lsl	r0, r0, #25
 392 0006 C00F     		lsr	r0, r0, #31
 393              		.loc 1 167 0
 394 0008 7047     		bx	lr
 395              	.L12:
 396 000a C046     		.align	2
 397              	.L11:
 398 000c 00020440 		.word	1074004480
 399              		.cfi_endproc
 400              	.LFE3:
 401              		.size	UART_tx_ReadDataReg, .-UART_tx_ReadDataReg
 402              		.section	.text.UART_tx_SetInterruptMode,"ax",%progbits
 403              		.align	1
 404              		.global	UART_tx_SetInterruptMode
ARM GAS  C:\Users\victo\AppData\Local\Temp\ccqOHxhE.s 			page 26


 405              		.code	16
 406              		.thumb_func
 407              		.type	UART_tx_SetInterruptMode, %function
 408              	UART_tx_SetInterruptMode:
 409              	.LFB4:
 168:.\Generated_Source\PSoC4/UART_tx.c **** 
 169:.\Generated_Source\PSoC4/UART_tx.c **** 
 170:.\Generated_Source\PSoC4/UART_tx.c **** /*******************************************************************************
 171:.\Generated_Source\PSoC4/UART_tx.c **** * Function Name: UART_tx_SetInterruptMode
 172:.\Generated_Source\PSoC4/UART_tx.c **** ****************************************************************************//**
 173:.\Generated_Source\PSoC4/UART_tx.c **** *
 174:.\Generated_Source\PSoC4/UART_tx.c **** * \brief Configures the interrupt mode for each of the Pins component's
 175:.\Generated_Source\PSoC4/UART_tx.c **** *  pins. Alternatively you may set the interrupt mode for all the pins
 176:.\Generated_Source\PSoC4/UART_tx.c **** *  specified in the Pins component.
 177:.\Generated_Source\PSoC4/UART_tx.c **** *
 178:.\Generated_Source\PSoC4/UART_tx.c **** *  <b>Note</b> The interrupt is port-wide and therefore any enabled pin
 179:.\Generated_Source\PSoC4/UART_tx.c **** *  interrupt may trigger it.
 180:.\Generated_Source\PSoC4/UART_tx.c **** *
 181:.\Generated_Source\PSoC4/UART_tx.c **** * \param position
 182:.\Generated_Source\PSoC4/UART_tx.c **** *  The pin position as listed in the Pins component. You may OR these to be 
 183:.\Generated_Source\PSoC4/UART_tx.c **** *  able to configure the interrupt mode of multiple pins within a Pins 
 184:.\Generated_Source\PSoC4/UART_tx.c **** *  component. Or you may use UART_tx_INTR_ALL to configure the
 185:.\Generated_Source\PSoC4/UART_tx.c **** *  interrupt mode of all the pins in the Pins component.       
 186:.\Generated_Source\PSoC4/UART_tx.c **** *  - UART_tx_0_INTR       (First pin in the list)
 187:.\Generated_Source\PSoC4/UART_tx.c **** *  - UART_tx_1_INTR       (Second pin in the list)
 188:.\Generated_Source\PSoC4/UART_tx.c **** *  - ...
 189:.\Generated_Source\PSoC4/UART_tx.c **** *  - UART_tx_INTR_ALL     (All pins in Pins component)
 190:.\Generated_Source\PSoC4/UART_tx.c **** *
 191:.\Generated_Source\PSoC4/UART_tx.c **** * \param mode
 192:.\Generated_Source\PSoC4/UART_tx.c **** *  Interrupt mode for the selected pins. Valid options are documented in
 193:.\Generated_Source\PSoC4/UART_tx.c **** *  \ref intrMode.
 194:.\Generated_Source\PSoC4/UART_tx.c **** *
 195:.\Generated_Source\PSoC4/UART_tx.c **** * \return 
 196:.\Generated_Source\PSoC4/UART_tx.c **** *  None
 197:.\Generated_Source\PSoC4/UART_tx.c **** *  
 198:.\Generated_Source\PSoC4/UART_tx.c **** * \sideeffect
 199:.\Generated_Source\PSoC4/UART_tx.c **** *  It is recommended that the interrupt be disabled before calling this 
 200:.\Generated_Source\PSoC4/UART_tx.c **** *  function to avoid unintended interrupt requests. Note that the interrupt
 201:.\Generated_Source\PSoC4/UART_tx.c **** *  type is port wide, and therefore will trigger for any enabled pin on the 
 202:.\Generated_Source\PSoC4/UART_tx.c **** *  port.
 203:.\Generated_Source\PSoC4/UART_tx.c **** *
 204:.\Generated_Source\PSoC4/UART_tx.c **** * \funcusage
 205:.\Generated_Source\PSoC4/UART_tx.c **** *  \snippet UART_tx_SUT.c usage_UART_tx_SetInterruptMode
 206:.\Generated_Source\PSoC4/UART_tx.c **** *******************************************************************************/
 207:.\Generated_Source\PSoC4/UART_tx.c **** void UART_tx_SetInterruptMode(uint16 position, uint16 mode)
 208:.\Generated_Source\PSoC4/UART_tx.c **** {
 410              		.loc 1 208 0
 411              		.cfi_startproc
 412              	.LVL4:
 209:.\Generated_Source\PSoC4/UART_tx.c ****     uint32 intrCfg;
 210:.\Generated_Source\PSoC4/UART_tx.c ****     
 211:.\Generated_Source\PSoC4/UART_tx.c ****     intrCfg =  UART_tx_INTCFG & (uint32)(~(uint32)position);
 413              		.loc 1 211 0
 414 0000 034A     		ldr	r2, .L14
 212:.\Generated_Source\PSoC4/UART_tx.c ****     UART_tx_INTCFG = intrCfg | ((uint32)position & (uint32)mode);
 213:.\Generated_Source\PSoC4/UART_tx.c **** }
 415              		.loc 1 213 0
ARM GAS  C:\Users\victo\AppData\Local\Temp\ccqOHxhE.s 			page 27


 416              		@ sp needed
 211:.\Generated_Source\PSoC4/UART_tx.c ****     UART_tx_INTCFG = intrCfg | ((uint32)position & (uint32)mode);
 417              		.loc 1 211 0
 418 0002 1368     		ldr	r3, [r2]
 419              	.LVL5:
 420 0004 8343     		bic	r3, r0
 421              	.LVL6:
 212:.\Generated_Source\PSoC4/UART_tx.c ****     UART_tx_INTCFG = intrCfg | ((uint32)position & (uint32)mode);
 422              		.loc 1 212 0
 423 0006 0840     		and	r0, r1
 424              	.LVL7:
 425 0008 1843     		orr	r0, r3
 426 000a 1060     		str	r0, [r2]
 427              		.loc 1 213 0
 428 000c 7047     		bx	lr
 429              	.L15:
 430 000e C046     		.align	2
 431              	.L14:
 432 0010 0C020440 		.word	1074004492
 433              		.cfi_endproc
 434              	.LFE4:
 435              		.size	UART_tx_SetInterruptMode, .-UART_tx_SetInterruptMode
 436              		.section	.text.UART_tx_ClearInterrupt,"ax",%progbits
 437              		.align	1
 438              		.global	UART_tx_ClearInterrupt
 439              		.code	16
 440              		.thumb_func
 441              		.type	UART_tx_ClearInterrupt, %function
 442              	UART_tx_ClearInterrupt:
 443              	.LFB5:
 214:.\Generated_Source\PSoC4/UART_tx.c **** 
 215:.\Generated_Source\PSoC4/UART_tx.c **** 
 216:.\Generated_Source\PSoC4/UART_tx.c **** /*******************************************************************************
 217:.\Generated_Source\PSoC4/UART_tx.c **** * Function Name: UART_tx_ClearInterrupt
 218:.\Generated_Source\PSoC4/UART_tx.c **** ****************************************************************************//**
 219:.\Generated_Source\PSoC4/UART_tx.c **** *
 220:.\Generated_Source\PSoC4/UART_tx.c **** * \brief Clears any active interrupts attached with the component and returns 
 221:.\Generated_Source\PSoC4/UART_tx.c **** *  the value of the interrupt status register allowing determination of which
 222:.\Generated_Source\PSoC4/UART_tx.c **** *  pins generated an interrupt event.
 223:.\Generated_Source\PSoC4/UART_tx.c **** *
 224:.\Generated_Source\PSoC4/UART_tx.c **** * \return 
 225:.\Generated_Source\PSoC4/UART_tx.c **** *  The right-shifted current value of the interrupt status register. Each pin 
 226:.\Generated_Source\PSoC4/UART_tx.c **** *  has one bit set if it generated an interrupt event. For example, bit 0 is 
 227:.\Generated_Source\PSoC4/UART_tx.c **** *  for pin 0 and bit 1 is for pin 1 of the Pins component.
 228:.\Generated_Source\PSoC4/UART_tx.c **** *  
 229:.\Generated_Source\PSoC4/UART_tx.c **** * \sideeffect
 230:.\Generated_Source\PSoC4/UART_tx.c **** *  Clears all bits of the physical port's interrupt status register, not just
 231:.\Generated_Source\PSoC4/UART_tx.c **** *  those associated with the Pins component.
 232:.\Generated_Source\PSoC4/UART_tx.c **** *
 233:.\Generated_Source\PSoC4/UART_tx.c **** * \funcusage
 234:.\Generated_Source\PSoC4/UART_tx.c **** *  \snippet UART_tx_SUT.c usage_UART_tx_ClearInterrupt
 235:.\Generated_Source\PSoC4/UART_tx.c **** *******************************************************************************/
 236:.\Generated_Source\PSoC4/UART_tx.c **** uint8 UART_tx_ClearInterrupt(void)
 237:.\Generated_Source\PSoC4/UART_tx.c **** {
 444              		.loc 1 237 0
 445              		.cfi_startproc
 238:.\Generated_Source\PSoC4/UART_tx.c **** 	uint8 maskedStatus = (uint8)(UART_tx_INTSTAT & UART_tx_MASK);
ARM GAS  C:\Users\victo\AppData\Local\Temp\ccqOHxhE.s 			page 28


 446              		.loc 1 238 0
 447 0000 4023     		mov	r3, #64
 448 0002 034A     		ldr	r2, .L17
 239:.\Generated_Source\PSoC4/UART_tx.c **** 	UART_tx_INTSTAT = maskedStatus;
 240:.\Generated_Source\PSoC4/UART_tx.c ****     return maskedStatus >> UART_tx_SHIFT;
 241:.\Generated_Source\PSoC4/UART_tx.c **** }
 449              		.loc 1 241 0
 450              		@ sp needed
 238:.\Generated_Source\PSoC4/UART_tx.c **** 	uint8 maskedStatus = (uint8)(UART_tx_INTSTAT & UART_tx_MASK);
 451              		.loc 1 238 0
 452 0004 1068     		ldr	r0, [r2]
 453 0006 1840     		and	r0, r3
 454              	.LVL8:
 239:.\Generated_Source\PSoC4/UART_tx.c **** 	UART_tx_INTSTAT = maskedStatus;
 455              		.loc 1 239 0
 456 0008 1060     		str	r0, [r2]
 240:.\Generated_Source\PSoC4/UART_tx.c **** }
 457              		.loc 1 240 0
 458 000a 8009     		lsr	r0, r0, #6
 459              	.LVL9:
 460 000c C0B2     		uxtb	r0, r0
 461              		.loc 1 241 0
 462 000e 7047     		bx	lr
 463              	.L18:
 464              		.align	2
 465              	.L17:
 466 0010 10020440 		.word	1074004496
 467              		.cfi_endproc
 468              	.LFE5:
 469              		.size	UART_tx_ClearInterrupt, .-UART_tx_ClearInterrupt
 470              		.text
 471              	.Letext0:
 472              		.file 2 ".\\Generated_Source\\PSoC4\\cytypes.h"
 473              		.section	.debug_info,"",%progbits
 474              	.Ldebug_info0:
 475 0000 97010000 		.4byte	0x197
 476 0004 0400     		.2byte	0x4
 477 0006 00000000 		.4byte	.Ldebug_abbrev0
 478 000a 04       		.byte	0x4
 479 000b 01       		.uleb128 0x1
 480 000c DD000000 		.4byte	.LASF27
 481 0010 01       		.byte	0x1
 482 0011 70000000 		.4byte	.LASF28
 483 0015 B2010000 		.4byte	.LASF29
 484 0019 00000000 		.4byte	.Ldebug_ranges0+0
 485 001d 00000000 		.4byte	0
 486 0021 00000000 		.4byte	.Ldebug_line0
 487 0025 02       		.uleb128 0x2
 488 0026 01       		.byte	0x1
 489 0027 06       		.byte	0x6
 490 0028 8B020000 		.4byte	.LASF0
 491 002c 02       		.uleb128 0x2
 492 002d 01       		.byte	0x1
 493 002e 08       		.byte	0x8
 494 002f 12000000 		.4byte	.LASF1
 495 0033 02       		.uleb128 0x2
 496 0034 02       		.byte	0x2
ARM GAS  C:\Users\victo\AppData\Local\Temp\ccqOHxhE.s 			page 29


 497 0035 05       		.byte	0x5
 498 0036 72020000 		.4byte	.LASF2
 499 003a 02       		.uleb128 0x2
 500 003b 02       		.byte	0x2
 501 003c 07       		.byte	0x7
 502 003d 46000000 		.4byte	.LASF3
 503 0041 02       		.uleb128 0x2
 504 0042 04       		.byte	0x4
 505 0043 05       		.byte	0x5
 506 0044 82020000 		.4byte	.LASF4
 507 0048 02       		.uleb128 0x2
 508 0049 04       		.byte	0x4
 509 004a 07       		.byte	0x7
 510 004b 26000000 		.4byte	.LASF5
 511 004f 02       		.uleb128 0x2
 512 0050 08       		.byte	0x8
 513 0051 05       		.byte	0x5
 514 0052 24020000 		.4byte	.LASF6
 515 0056 02       		.uleb128 0x2
 516 0057 08       		.byte	0x8
 517 0058 07       		.byte	0x7
 518 0059 C6000000 		.4byte	.LASF7
 519 005d 03       		.uleb128 0x3
 520 005e 04       		.byte	0x4
 521 005f 05       		.byte	0x5
 522 0060 696E7400 		.ascii	"int\000"
 523 0064 02       		.uleb128 0x2
 524 0065 04       		.byte	0x4
 525 0066 07       		.byte	0x7
 526 0067 B9000000 		.4byte	.LASF8
 527 006b 04       		.uleb128 0x4
 528 006c 7C020000 		.4byte	.LASF9
 529 0070 02       		.byte	0x2
 530 0071 9801     		.2byte	0x198
 531 0073 2C000000 		.4byte	0x2c
 532 0077 04       		.uleb128 0x4
 533 0078 9A000000 		.4byte	.LASF10
 534 007c 02       		.byte	0x2
 535 007d 9901     		.2byte	0x199
 536 007f 3A000000 		.4byte	0x3a
 537 0083 04       		.uleb128 0x4
 538 0084 AA000000 		.4byte	.LASF11
 539 0088 02       		.byte	0x2
 540 0089 9A01     		.2byte	0x19a
 541 008b 48000000 		.4byte	0x48
 542 008f 02       		.uleb128 0x2
 543 0090 04       		.byte	0x4
 544 0091 04       		.byte	0x4
 545 0092 0C000000 		.4byte	.LASF12
 546 0096 02       		.uleb128 0x2
 547 0097 08       		.byte	0x8
 548 0098 04       		.byte	0x4
 549 0099 93000000 		.4byte	.LASF13
 550 009d 02       		.uleb128 0x2
 551 009e 01       		.byte	0x1
 552 009f 08       		.byte	0x8
 553 00a0 54020000 		.4byte	.LASF14
ARM GAS  C:\Users\victo\AppData\Local\Temp\ccqOHxhE.s 			page 30


 554 00a4 04       		.uleb128 0x4
 555 00a5 00000000 		.4byte	.LASF15
 556 00a9 02       		.byte	0x2
 557 00aa 4402     		.2byte	0x244
 558 00ac B0000000 		.4byte	0xb0
 559 00b0 05       		.uleb128 0x5
 560 00b1 83000000 		.4byte	0x83
 561 00b5 06       		.uleb128 0x6
 562 00b6 32020000 		.4byte	.LASF16
 563 00ba 01       		.byte	0x1
 564 00bb 48       		.byte	0x48
 565 00bc 00000000 		.4byte	.LFB0
 566 00c0 18000000 		.4byte	.LFE0-.LFB0
 567 00c4 01       		.uleb128 0x1
 568 00c5 9C       		.byte	0x9c
 569 00c6 DA000000 		.4byte	0xda
 570 00ca 07       		.uleb128 0x7
 571 00cb 99010000 		.4byte	.LASF18
 572 00cf 01       		.byte	0x1
 573 00d0 48       		.byte	0x48
 574 00d1 6B000000 		.4byte	0x6b
 575 00d5 00000000 		.4byte	.LLST0
 576 00d9 00       		.byte	0
 577 00da 06       		.uleb128 0x6
 578 00db 38000000 		.4byte	.LASF17
 579 00df 01       		.byte	0x1
 580 00e0 6F       		.byte	0x6f
 581 00e1 00000000 		.4byte	.LFB1
 582 00e5 18000000 		.4byte	.LFE1-.LFB1
 583 00e9 01       		.uleb128 0x1
 584 00ea 9C       		.byte	0x9c
 585 00eb 0A010000 		.4byte	0x10a
 586 00ef 07       		.uleb128 0x7
 587 00f0 06000000 		.4byte	.LASF19
 588 00f4 01       		.byte	0x1
 589 00f5 6F       		.byte	0x6f
 590 00f6 6B000000 		.4byte	0x6b
 591 00fa 21000000 		.4byte	.LLST1
 592 00fe 08       		.uleb128 0x8
 593 00ff 20000000 		.4byte	.LASF30
 594 0103 01       		.byte	0x1
 595 0104 71       		.byte	0x71
 596 0105 6B000000 		.4byte	0x6b
 597 0109 00       		.byte	0
 598 010a 09       		.uleb128 0x9
 599 010b 17020000 		.4byte	.LASF20
 600 010f 01       		.byte	0x1
 601 0110 88       		.byte	0x88
 602 0111 6B000000 		.4byte	0x6b
 603 0115 00000000 		.4byte	.LFB2
 604 0119 10000000 		.4byte	.LFE2-.LFB2
 605 011d 01       		.uleb128 0x1
 606 011e 9C       		.byte	0x9c
 607 011f 09       		.uleb128 0x9
 608 0120 9E010000 		.4byte	.LASF21
 609 0124 01       		.byte	0x1
 610 0125 A4       		.byte	0xa4
ARM GAS  C:\Users\victo\AppData\Local\Temp\ccqOHxhE.s 			page 31


 611 0126 6B000000 		.4byte	0x6b
 612 012a 00000000 		.4byte	.LFB3
 613 012e 10000000 		.4byte	.LFE3-.LFB3
 614 0132 01       		.uleb128 0x1
 615 0133 9C       		.byte	0x9c
 616 0134 06       		.uleb128 0x6
 617 0135 59020000 		.4byte	.LASF22
 618 0139 01       		.byte	0x1
 619 013a CF       		.byte	0xcf
 620 013b 00000000 		.4byte	.LFB4
 621 013f 14000000 		.4byte	.LFE4-.LFB4
 622 0143 01       		.uleb128 0x1
 623 0144 9C       		.byte	0x9c
 624 0145 75010000 		.4byte	0x175
 625 0149 07       		.uleb128 0x7
 626 014a A1000000 		.4byte	.LASF23
 627 014e 01       		.byte	0x1
 628 014f CF       		.byte	0xcf
 629 0150 77000000 		.4byte	0x77
 630 0154 42000000 		.4byte	.LLST2
 631 0158 0A       		.uleb128 0xa
 632 0159 99010000 		.4byte	.LASF18
 633 015d 01       		.byte	0x1
 634 015e CF       		.byte	0xcf
 635 015f 77000000 		.4byte	0x77
 636 0163 01       		.uleb128 0x1
 637 0164 51       		.byte	0x51
 638 0165 0B       		.uleb128 0xb
 639 0166 B1000000 		.4byte	.LASF25
 640 016a 01       		.byte	0x1
 641 016b D1       		.byte	0xd1
 642 016c 83000000 		.4byte	0x83
 643 0170 63000000 		.4byte	.LLST3
 644 0174 00       		.byte	0
 645 0175 0C       		.uleb128 0xc
 646 0176 59000000 		.4byte	.LASF24
 647 017a 01       		.byte	0x1
 648 017b EC       		.byte	0xec
 649 017c 6B000000 		.4byte	0x6b
 650 0180 00000000 		.4byte	.LFB5
 651 0184 14000000 		.4byte	.LFE5-.LFB5
 652 0188 01       		.uleb128 0x1
 653 0189 9C       		.byte	0x9c
 654 018a 0B       		.uleb128 0xb
 655 018b 47020000 		.4byte	.LASF26
 656 018f 01       		.byte	0x1
 657 0190 EE       		.byte	0xee
 658 0191 6B000000 		.4byte	0x6b
 659 0195 80000000 		.4byte	.LLST4
 660 0199 00       		.byte	0
 661 019a 00       		.byte	0
 662              		.section	.debug_abbrev,"",%progbits
 663              	.Ldebug_abbrev0:
 664 0000 01       		.uleb128 0x1
 665 0001 11       		.uleb128 0x11
 666 0002 01       		.byte	0x1
 667 0003 25       		.uleb128 0x25
ARM GAS  C:\Users\victo\AppData\Local\Temp\ccqOHxhE.s 			page 32


 668 0004 0E       		.uleb128 0xe
 669 0005 13       		.uleb128 0x13
 670 0006 0B       		.uleb128 0xb
 671 0007 03       		.uleb128 0x3
 672 0008 0E       		.uleb128 0xe
 673 0009 1B       		.uleb128 0x1b
 674 000a 0E       		.uleb128 0xe
 675 000b 55       		.uleb128 0x55
 676 000c 17       		.uleb128 0x17
 677 000d 11       		.uleb128 0x11
 678 000e 01       		.uleb128 0x1
 679 000f 10       		.uleb128 0x10
 680 0010 17       		.uleb128 0x17
 681 0011 00       		.byte	0
 682 0012 00       		.byte	0
 683 0013 02       		.uleb128 0x2
 684 0014 24       		.uleb128 0x24
 685 0015 00       		.byte	0
 686 0016 0B       		.uleb128 0xb
 687 0017 0B       		.uleb128 0xb
 688 0018 3E       		.uleb128 0x3e
 689 0019 0B       		.uleb128 0xb
 690 001a 03       		.uleb128 0x3
 691 001b 0E       		.uleb128 0xe
 692 001c 00       		.byte	0
 693 001d 00       		.byte	0
 694 001e 03       		.uleb128 0x3
 695 001f 24       		.uleb128 0x24
 696 0020 00       		.byte	0
 697 0021 0B       		.uleb128 0xb
 698 0022 0B       		.uleb128 0xb
 699 0023 3E       		.uleb128 0x3e
 700 0024 0B       		.uleb128 0xb
 701 0025 03       		.uleb128 0x3
 702 0026 08       		.uleb128 0x8
 703 0027 00       		.byte	0
 704 0028 00       		.byte	0
 705 0029 04       		.uleb128 0x4
 706 002a 16       		.uleb128 0x16
 707 002b 00       		.byte	0
 708 002c 03       		.uleb128 0x3
 709 002d 0E       		.uleb128 0xe
 710 002e 3A       		.uleb128 0x3a
 711 002f 0B       		.uleb128 0xb
 712 0030 3B       		.uleb128 0x3b
 713 0031 05       		.uleb128 0x5
 714 0032 49       		.uleb128 0x49
 715 0033 13       		.uleb128 0x13
 716 0034 00       		.byte	0
 717 0035 00       		.byte	0
 718 0036 05       		.uleb128 0x5
 719 0037 35       		.uleb128 0x35
 720 0038 00       		.byte	0
 721 0039 49       		.uleb128 0x49
 722 003a 13       		.uleb128 0x13
 723 003b 00       		.byte	0
 724 003c 00       		.byte	0
ARM GAS  C:\Users\victo\AppData\Local\Temp\ccqOHxhE.s 			page 33


 725 003d 06       		.uleb128 0x6
 726 003e 2E       		.uleb128 0x2e
 727 003f 01       		.byte	0x1
 728 0040 3F       		.uleb128 0x3f
 729 0041 19       		.uleb128 0x19
 730 0042 03       		.uleb128 0x3
 731 0043 0E       		.uleb128 0xe
 732 0044 3A       		.uleb128 0x3a
 733 0045 0B       		.uleb128 0xb
 734 0046 3B       		.uleb128 0x3b
 735 0047 0B       		.uleb128 0xb
 736 0048 27       		.uleb128 0x27
 737 0049 19       		.uleb128 0x19
 738 004a 11       		.uleb128 0x11
 739 004b 01       		.uleb128 0x1
 740 004c 12       		.uleb128 0x12
 741 004d 06       		.uleb128 0x6
 742 004e 40       		.uleb128 0x40
 743 004f 18       		.uleb128 0x18
 744 0050 9742     		.uleb128 0x2117
 745 0052 19       		.uleb128 0x19
 746 0053 01       		.uleb128 0x1
 747 0054 13       		.uleb128 0x13
 748 0055 00       		.byte	0
 749 0056 00       		.byte	0
 750 0057 07       		.uleb128 0x7
 751 0058 05       		.uleb128 0x5
 752 0059 00       		.byte	0
 753 005a 03       		.uleb128 0x3
 754 005b 0E       		.uleb128 0xe
 755 005c 3A       		.uleb128 0x3a
 756 005d 0B       		.uleb128 0xb
 757 005e 3B       		.uleb128 0x3b
 758 005f 0B       		.uleb128 0xb
 759 0060 49       		.uleb128 0x49
 760 0061 13       		.uleb128 0x13
 761 0062 02       		.uleb128 0x2
 762 0063 17       		.uleb128 0x17
 763 0064 00       		.byte	0
 764 0065 00       		.byte	0
 765 0066 08       		.uleb128 0x8
 766 0067 34       		.uleb128 0x34
 767 0068 00       		.byte	0
 768 0069 03       		.uleb128 0x3
 769 006a 0E       		.uleb128 0xe
 770 006b 3A       		.uleb128 0x3a
 771 006c 0B       		.uleb128 0xb
 772 006d 3B       		.uleb128 0x3b
 773 006e 0B       		.uleb128 0xb
 774 006f 49       		.uleb128 0x49
 775 0070 13       		.uleb128 0x13
 776 0071 00       		.byte	0
 777 0072 00       		.byte	0
 778 0073 09       		.uleb128 0x9
 779 0074 2E       		.uleb128 0x2e
 780 0075 00       		.byte	0
 781 0076 3F       		.uleb128 0x3f
ARM GAS  C:\Users\victo\AppData\Local\Temp\ccqOHxhE.s 			page 34


 782 0077 19       		.uleb128 0x19
 783 0078 03       		.uleb128 0x3
 784 0079 0E       		.uleb128 0xe
 785 007a 3A       		.uleb128 0x3a
 786 007b 0B       		.uleb128 0xb
 787 007c 3B       		.uleb128 0x3b
 788 007d 0B       		.uleb128 0xb
 789 007e 27       		.uleb128 0x27
 790 007f 19       		.uleb128 0x19
 791 0080 49       		.uleb128 0x49
 792 0081 13       		.uleb128 0x13
 793 0082 11       		.uleb128 0x11
 794 0083 01       		.uleb128 0x1
 795 0084 12       		.uleb128 0x12
 796 0085 06       		.uleb128 0x6
 797 0086 40       		.uleb128 0x40
 798 0087 18       		.uleb128 0x18
 799 0088 9742     		.uleb128 0x2117
 800 008a 19       		.uleb128 0x19
 801 008b 00       		.byte	0
 802 008c 00       		.byte	0
 803 008d 0A       		.uleb128 0xa
 804 008e 05       		.uleb128 0x5
 805 008f 00       		.byte	0
 806 0090 03       		.uleb128 0x3
 807 0091 0E       		.uleb128 0xe
 808 0092 3A       		.uleb128 0x3a
 809 0093 0B       		.uleb128 0xb
 810 0094 3B       		.uleb128 0x3b
 811 0095 0B       		.uleb128 0xb
 812 0096 49       		.uleb128 0x49
 813 0097 13       		.uleb128 0x13
 814 0098 02       		.uleb128 0x2
 815 0099 18       		.uleb128 0x18
 816 009a 00       		.byte	0
 817 009b 00       		.byte	0
 818 009c 0B       		.uleb128 0xb
 819 009d 34       		.uleb128 0x34
 820 009e 00       		.byte	0
 821 009f 03       		.uleb128 0x3
 822 00a0 0E       		.uleb128 0xe
 823 00a1 3A       		.uleb128 0x3a
 824 00a2 0B       		.uleb128 0xb
 825 00a3 3B       		.uleb128 0x3b
 826 00a4 0B       		.uleb128 0xb
 827 00a5 49       		.uleb128 0x49
 828 00a6 13       		.uleb128 0x13
 829 00a7 02       		.uleb128 0x2
 830 00a8 17       		.uleb128 0x17
 831 00a9 00       		.byte	0
 832 00aa 00       		.byte	0
 833 00ab 0C       		.uleb128 0xc
 834 00ac 2E       		.uleb128 0x2e
 835 00ad 01       		.byte	0x1
 836 00ae 3F       		.uleb128 0x3f
 837 00af 19       		.uleb128 0x19
 838 00b0 03       		.uleb128 0x3
ARM GAS  C:\Users\victo\AppData\Local\Temp\ccqOHxhE.s 			page 35


 839 00b1 0E       		.uleb128 0xe
 840 00b2 3A       		.uleb128 0x3a
 841 00b3 0B       		.uleb128 0xb
 842 00b4 3B       		.uleb128 0x3b
 843 00b5 0B       		.uleb128 0xb
 844 00b6 27       		.uleb128 0x27
 845 00b7 19       		.uleb128 0x19
 846 00b8 49       		.uleb128 0x49
 847 00b9 13       		.uleb128 0x13
 848 00ba 11       		.uleb128 0x11
 849 00bb 01       		.uleb128 0x1
 850 00bc 12       		.uleb128 0x12
 851 00bd 06       		.uleb128 0x6
 852 00be 40       		.uleb128 0x40
 853 00bf 18       		.uleb128 0x18
 854 00c0 9742     		.uleb128 0x2117
 855 00c2 19       		.uleb128 0x19
 856 00c3 00       		.byte	0
 857 00c4 00       		.byte	0
 858 00c5 00       		.byte	0
 859              		.section	.debug_loc,"",%progbits
 860              	.Ldebug_loc0:
 861              	.LLST0:
 862 0000 00000000 		.4byte	.LVL0
 863 0004 08000000 		.4byte	.LVL1
 864 0008 0100     		.2byte	0x1
 865 000a 50       		.byte	0x50
 866 000b 08000000 		.4byte	.LVL1
 867 000f 18000000 		.4byte	.LFE0
 868 0013 0400     		.2byte	0x4
 869 0015 F3       		.byte	0xf3
 870 0016 01       		.uleb128 0x1
 871 0017 50       		.byte	0x50
 872 0018 9F       		.byte	0x9f
 873 0019 00000000 		.4byte	0
 874 001d 00000000 		.4byte	0
 875              	.LLST1:
 876 0021 00000000 		.4byte	.LVL2
 877 0025 06000000 		.4byte	.LVL3
 878 0029 0100     		.2byte	0x1
 879 002b 50       		.byte	0x50
 880 002c 06000000 		.4byte	.LVL3
 881 0030 18000000 		.4byte	.LFE1
 882 0034 0400     		.2byte	0x4
 883 0036 F3       		.byte	0xf3
 884 0037 01       		.uleb128 0x1
 885 0038 50       		.byte	0x50
 886 0039 9F       		.byte	0x9f
 887 003a 00000000 		.4byte	0
 888 003e 00000000 		.4byte	0
 889              	.LLST2:
 890 0042 00000000 		.4byte	.LVL4
 891 0046 08000000 		.4byte	.LVL7
 892 004a 0100     		.2byte	0x1
 893 004c 50       		.byte	0x50
 894 004d 08000000 		.4byte	.LVL7
 895 0051 14000000 		.4byte	.LFE4
ARM GAS  C:\Users\victo\AppData\Local\Temp\ccqOHxhE.s 			page 36


 896 0055 0400     		.2byte	0x4
 897 0057 F3       		.byte	0xf3
 898 0058 01       		.uleb128 0x1
 899 0059 50       		.byte	0x50
 900 005a 9F       		.byte	0x9f
 901 005b 00000000 		.4byte	0
 902 005f 00000000 		.4byte	0
 903              	.LLST3:
 904 0063 04000000 		.4byte	.LVL5
 905 0067 06000000 		.4byte	.LVL6
 906 006b 0B00     		.2byte	0xb
 907 006d 70       		.byte	0x70
 908 006e 00       		.sleb128 0
 909 006f 0A       		.byte	0xa
 910 0070 FFFF     		.2byte	0xffff
 911 0072 1A       		.byte	0x1a
 912 0073 20       		.byte	0x20
 913 0074 73       		.byte	0x73
 914 0075 00       		.sleb128 0
 915 0076 1A       		.byte	0x1a
 916 0077 9F       		.byte	0x9f
 917 0078 00000000 		.4byte	0
 918 007c 00000000 		.4byte	0
 919              	.LLST4:
 920 0080 08000000 		.4byte	.LVL8
 921 0084 0C000000 		.4byte	.LVL9
 922 0088 0100     		.2byte	0x1
 923 008a 50       		.byte	0x50
 924 008b 0C000000 		.4byte	.LVL9
 925 008f 14000000 		.4byte	.LFE5
 926 0093 0400     		.2byte	0x4
 927 0095 72       		.byte	0x72
 928 0096 00       		.sleb128 0
 929 0097 06       		.byte	0x6
 930 0098 9F       		.byte	0x9f
 931 0099 00000000 		.4byte	0
 932 009d 00000000 		.4byte	0
 933              		.section	.debug_aranges,"",%progbits
 934 0000 44000000 		.4byte	0x44
 935 0004 0200     		.2byte	0x2
 936 0006 00000000 		.4byte	.Ldebug_info0
 937 000a 04       		.byte	0x4
 938 000b 00       		.byte	0
 939 000c 0000     		.2byte	0
 940 000e 0000     		.2byte	0
 941 0010 00000000 		.4byte	.LFB0
 942 0014 18000000 		.4byte	.LFE0-.LFB0
 943 0018 00000000 		.4byte	.LFB1
 944 001c 18000000 		.4byte	.LFE1-.LFB1
 945 0020 00000000 		.4byte	.LFB2
 946 0024 10000000 		.4byte	.LFE2-.LFB2
 947 0028 00000000 		.4byte	.LFB3
 948 002c 10000000 		.4byte	.LFE3-.LFB3
 949 0030 00000000 		.4byte	.LFB4
 950 0034 14000000 		.4byte	.LFE4-.LFB4
 951 0038 00000000 		.4byte	.LFB5
 952 003c 14000000 		.4byte	.LFE5-.LFB5
ARM GAS  C:\Users\victo\AppData\Local\Temp\ccqOHxhE.s 			page 37


 953 0040 00000000 		.4byte	0
 954 0044 00000000 		.4byte	0
 955              		.section	.debug_ranges,"",%progbits
 956              	.Ldebug_ranges0:
 957 0000 00000000 		.4byte	.LFB0
 958 0004 18000000 		.4byte	.LFE0
 959 0008 00000000 		.4byte	.LFB1
 960 000c 18000000 		.4byte	.LFE1
 961 0010 00000000 		.4byte	.LFB2
 962 0014 10000000 		.4byte	.LFE2
 963 0018 00000000 		.4byte	.LFB3
 964 001c 10000000 		.4byte	.LFE3
 965 0020 00000000 		.4byte	.LFB4
 966 0024 14000000 		.4byte	.LFE4
 967 0028 00000000 		.4byte	.LFB5
 968 002c 14000000 		.4byte	.LFE5
 969 0030 00000000 		.4byte	0
 970 0034 00000000 		.4byte	0
 971              		.section	.debug_line,"",%progbits
 972              	.Ldebug_line0:
 973 0000 C9000000 		.section	.debug_str,"MS",%progbits,1
 973      02004600 
 973      00000201 
 973      FB0E0D00 
 973      01010101 
 974              	.LASF15:
 975 0000 72656733 		.ascii	"reg32\000"
 975      3200
 976              	.LASF19:
 977 0006 76616C75 		.ascii	"value\000"
 977      6500
 978              	.LASF12:
 979 000c 666C6F61 		.ascii	"float\000"
 979      7400
 980              	.LASF1:
 981 0012 756E7369 		.ascii	"unsigned char\000"
 981      676E6564 
 981      20636861 
 981      7200
 982              	.LASF30:
 983 0020 64725661 		.ascii	"drVal\000"
 983      6C00
 984              	.LASF5:
 985 0026 6C6F6E67 		.ascii	"long unsigned int\000"
 985      20756E73 
 985      69676E65 
 985      6420696E 
 985      7400
 986              	.LASF17:
 987 0038 55415254 		.ascii	"UART_tx_Write\000"
 987      5F74785F 
 987      57726974 
 987      6500
 988              	.LASF3:
 989 0046 73686F72 		.ascii	"short unsigned int\000"
 989      7420756E 
 989      7369676E 
ARM GAS  C:\Users\victo\AppData\Local\Temp\ccqOHxhE.s 			page 38


 989      65642069 
 989      6E7400
 990              	.LASF24:
 991 0059 55415254 		.ascii	"UART_tx_ClearInterrupt\000"
 991      5F74785F 
 991      436C6561 
 991      72496E74 
 991      65727275 
 992              	.LASF28:
 993 0070 2E5C4765 		.ascii	".\\Generated_Source\\PSoC4\\UART_tx.c\000"
 993      6E657261 
 993      7465645F 
 993      536F7572 
 993      63655C50 
 994              	.LASF13:
 995 0093 646F7562 		.ascii	"double\000"
 995      6C6500
 996              	.LASF10:
 997 009a 75696E74 		.ascii	"uint16\000"
 997      313600
 998              	.LASF23:
 999 00a1 706F7369 		.ascii	"position\000"
 999      74696F6E 
 999      00
 1000              	.LASF11:
 1001 00aa 75696E74 		.ascii	"uint32\000"
 1001      333200
 1002              	.LASF25:
 1003 00b1 696E7472 		.ascii	"intrCfg\000"
 1003      43666700 
 1004              	.LASF8:
 1005 00b9 756E7369 		.ascii	"unsigned int\000"
 1005      676E6564 
 1005      20696E74 
 1005      00
 1006              	.LASF7:
 1007 00c6 6C6F6E67 		.ascii	"long long unsigned int\000"
 1007      206C6F6E 
 1007      6720756E 
 1007      7369676E 
 1007      65642069 
 1008              	.LASF27:
 1009 00dd 474E5520 		.ascii	"GNU C 4.9.3 20150303 (release) [ARM/embedded-4_9-br"
 1009      4320342E 
 1009      392E3320 
 1009      32303135 
 1009      30333033 
 1010 0110 616E6368 		.ascii	"anch revision 221220] -mcpu=cortex-m0 -mthumb -g -O"
 1010      20726576 
 1010      6973696F 
 1010      6E203232 
 1010      31323230 
 1011 0143 73202D66 		.ascii	"s -ffunction-sections -finline-functions -flto -ffa"
 1011      66756E63 
 1011      74696F6E 
 1011      2D736563 
 1011      74696F6E 
ARM GAS  C:\Users\victo\AppData\Local\Temp\ccqOHxhE.s 			page 39


 1012 0176 742D6C74 		.ascii	"t-lto-objects -fno-strict-aliasing\000"
 1012      6F2D6F62 
 1012      6A656374 
 1012      73202D66 
 1012      6E6F2D73 
 1013              	.LASF18:
 1014 0199 6D6F6465 		.ascii	"mode\000"
 1014      00
 1015              	.LASF21:
 1016 019e 55415254 		.ascii	"UART_tx_ReadDataReg\000"
 1016      5F74785F 
 1016      52656164 
 1016      44617461 
 1016      52656700 
 1017              	.LASF29:
 1018 01b2 433A5C55 		.ascii	"C:\\Users\\victo\\OneDrive\\Documents\\PSoC Creator"
 1018      73657273 
 1018      5C766963 
 1018      746F5C4F 
 1018      6E654472 
 1019 01e0 5C435950 		.ascii	"\\CYPD4225-40LQXI_0805\\CYPD4225-40LQXI_notebook01."
 1019      44343232 
 1019      352D3430 
 1019      4C515849 
 1019      5F303830 
 1020 0211 63796473 		.ascii	"cydsn\000"
 1020      6E00
 1021              	.LASF20:
 1022 0217 55415254 		.ascii	"UART_tx_Read\000"
 1022      5F74785F 
 1022      52656164 
 1022      00
 1023              	.LASF6:
 1024 0224 6C6F6E67 		.ascii	"long long int\000"
 1024      206C6F6E 
 1024      6720696E 
 1024      7400
 1025              	.LASF16:
 1026 0232 55415254 		.ascii	"UART_tx_SetDriveMode\000"
 1026      5F74785F 
 1026      53657444 
 1026      72697665 
 1026      4D6F6465 
 1027              	.LASF26:
 1028 0247 6D61736B 		.ascii	"maskedStatus\000"
 1028      65645374 
 1028      61747573 
 1028      00
 1029              	.LASF14:
 1030 0254 63686172 		.ascii	"char\000"
 1030      00
 1031              	.LASF22:
 1032 0259 55415254 		.ascii	"UART_tx_SetInterruptMode\000"
 1032      5F74785F 
 1032      53657449 
 1032      6E746572 
 1032      72757074 
ARM GAS  C:\Users\victo\AppData\Local\Temp\ccqOHxhE.s 			page 40


 1033              	.LASF2:
 1034 0272 73686F72 		.ascii	"short int\000"
 1034      7420696E 
 1034      7400
 1035              	.LASF9:
 1036 027c 75696E74 		.ascii	"uint8\000"
 1036      3800
 1037              	.LASF4:
 1038 0282 6C6F6E67 		.ascii	"long int\000"
 1038      20696E74 
 1038      00
 1039              	.LASF0:
 1040 028b 7369676E 		.ascii	"signed char\000"
 1040      65642063 
 1040      68617200 
 1041              		.comm	__gnu_lto_v1,1,1
 1042              		.ident	"GCC: (GNU Tools for ARM Embedded Processors) 4.9.3 20150303 (release) [ARM/embedded-4_9-br
