ARM GAS  C:\Users\victo\AppData\Local\Temp\ccCOcCZ4.s 			page 1


   1              		.cpu cortex-m0
   2              		.fpu softvfp
   3              		.eabi_attribute 20, 1
   4              		.eabi_attribute 21, 1
   5              		.eabi_attribute 23, 3
   6              		.eabi_attribute 24, 1
   7              		.eabi_attribute 25, 1
   8              		.eabi_attribute 26, 1
   9              		.eabi_attribute 30, 4
  10              		.eabi_attribute 34, 0
  11              		.eabi_attribute 18, 4
  12              		.code	16
  13              		.file	"UART_rx.c"
  14              		.text
  15              	.Ltext0:
  16              		.section	.gnu.lto_.profile.797e70b5,"",%progbits
  17 0000 789C6366 		.ascii	"x\234cf```a\200\000F\0065\005\000\000\340\000O"
  17      60606061 
  17      80004606 
  17      35050000 
  17      E0004F
  18              		.text
  19              		.section	.gnu.lto_.jmpfuncs.797e70b5,"",%progbits
  20 0000 789C6366 		.ascii	"x\234cf\300\016d\2404\033\003##c=#\210`b``f``abdd\256"
  20      C00E64A0 
  20      341B0323 
  20      23633D23 
  20      88606260 
  21 001d AF6705CA 		.ascii	"\257g\005\312\001\000 \267\002>"
  21      010020B7 
  21      023E
  22              		.text
  23              		.section	.gnu.lto_.inline.797e70b5,"",%progbits
  24 0000 789C6366 		.ascii	"x\234cf\300\016f@i6\006\006\016vFF\006F\006\006f\216"
  24      C00E6640 
  24      69360606 
  24      0E764646 
  24      06460606 
  25 0016 03760C6C 		.ascii	"\003v\014l\013\344\231\030\230.\360\263\200$\031\361"
  25      0BE49918 
  25      982EF0B3 
  25      802419F1 
  26 0026 C83131B0 		.ascii	"\31011\260\261220\261}\320\203\210\003\0013\246\020"
  26      B1323230 
  26      B17DD083 
  26      88030133 
  26      A610
  27 0038 0B032707 		.ascii	"\013\003'\007#\023\310\004\2409\014,\250\246\000\011"
  27      2313C804 
  27      A0390C2C 
  27      A8A60009 
  28 0048 1E902256 		.ascii	"\036\220\"V\006v6\240>\270$\010\000\000\311\241\017"
  28      067636A0 
  28      3EB82408 
  28      0000C9A1 
  28      0F
  29 0059 C8       		.ascii	"\310"
ARM GAS  C:\Users\victo\AppData\Local\Temp\ccCOcCZ4.s 			page 2


  30              		.text
  31              		.section	.gnu.lto_.pureconst.797e70b5,"",%progbits
  32 0000 789C6366 		.ascii	"x\234cf``\340e\200\0006\006)F)&)f)\026)V)\000\005\261"
  32      6060E065 
  32      80003606 
  32      29462926 
  32      29662916 
  33 001a 00C2     		.ascii	"\000\302"
  34              		.text
  35              		.section	.gnu.lto_UART_rx_SetDriveMode.797e70b5,"",%progbits
  36 0000 789C7D51 		.ascii	"x\234}QM+DQ\030~\237s\357\334!\237)\233\331\012\221"
  36      4D2B4451 
  36      187E9F73 
  36      EFDC219F 
  36      299BD90A 
  37 0015 ACFC00B2 		.ascii	"\254\374\000\262\260\225\217\335\024\342\226\015S\023"
  37      B0958FDD 
  37      14E2960D 
  37      5313
  38 0023 65E7CC98 		.ascii	"e\347\314\230\"\253!\211$\013\311\367GY`!7d\345#\026"
  38      22AB2189 
  38      240BC9F7 
  38      47596021 
  38      3764E523 
  39 0038 D4E46333 		.ascii	"\324\344c3\302\012\2150\013]\357;3;\345\324y\317{\236"
  39      C20A8D30 
  39      0B5DEF3B 
  39      333BE5D4 
  39      79CF7B9E 
  40 004c 9EE7B9CF 		.ascii	"\236\347\271\317}\217A\177\227\217\367>\210*\371\204"
  40      7D8F417F 
  40      978FF73E 
  40      882AF984 
  41 005c 4150D173 		.ascii	"AP\321s\242P\226\002\244!\320\240\302 ^\324\273B\324"
  41      A2509602 
  41      A421D0A0 
  41      C2205ED4 
  41      BB42D4
  42 006f 599DCA29 		.ascii	"Y\235\312)_\320Z\277\205\267\273\365D{R\021%T\332\007"
  42      5FD05ABF 
  42      85B7BBF5 
  42      447B5211 
  42      2554DA07 
  43 0083 8B2867CE 		.ascii	"\213(g\316S\362e1\317(\003q\3773vs\245J\347\265\016"
  43      53F26531 
  43      CF280371 
  43      FF337673 
  43      A54AE7B5 
  44 0098 3B671BBA 		.ascii	";g\033\272\026I6]\202\301\012T\371P\341#\006\010\313"
  44      1649365D 
  44      82C10A54 
  44      F950E123 
  44      0608CB
  45 00ab 2815F27B 		.ascii	"(\025\362{\344\347&\307\212\260ya\332\023+\2608\027"
  45      E4E726C7 
  45      8AB07961 
  45      DA132BB0 
ARM GAS  C:\Users\victo\AppData\Local\Temp\ccCOcCZ4.s 			page 3


  45      3817
  46 00bd 6D1639DA 		.ascii	"m\0269\332u\023\247\227\317e\310V\254Q\206\024\023\242"
  46      7513A797 
  46      CF65C856 
  46      AC518614 
  46      13A2
  47 00cf F4486B49 		.ascii	"\364HkI\361J!\212\363\226\340\217|\341\323\210\341\360"
  47      F14A218A 
  47      F396E08F 
  47      7CE1D388 
  47      E1F0
  48 00e1 73F47ADA 		.ascii	"s\364z\332\022\267/%\177qw|\267\233\377\254\222\312"
  48      12B72F25 
  48      7F71777C 
  48      B79BFFAC 
  48      92CA
  49 00f3 188944B5 		.ascii	"\030\211D\265)\337~\210_\\f\245 \222\353^b\322\311\236"
  49      29DF7E88 
  49      5F5C66A5 
  49      2092EB5E 
  49      62D2C99E 
  50 0107 C54C28C2 		.ascii	"\305L(\302\221M\254\302\2075\360\234\260\216YP\014C"
  50      914DACC2 
  50      8735F09C 
  50      B08E5950 
  50      0C43
  51 0119 DF193B23 		.ascii	"\337\031;#\355x4\2745\223+r\345\272\356w\001a\203\331"
  51      ED7834BC 
  51      35932B72 
  51      E5BAEE77 
  51      016183D9 
  52 012d 3184EFBD 		.ascii	"1\204\357\275i\232\347K\231\"\273\315\310\004b\331\301"
  52      699AE74B 
  52      9922BBCD 
  52      C80462D9 
  52      C1
  53 013e F4EB5C4A 		.ascii	"\364\353\\J\346)&l\246$C\037\031\2127en1t8\016\201\376"
  53      E629266C 
  53      A624431F 
  53      198A3765 
  53      6E317438 
  54 0155 8BB5C5B1 		.ascii	"\213\265\305\261XB\367\0109;'J\350\362\"q\236.\217\200"
  54      5842F708 
  54      393B274A 
  54      E8F22271 
  54      9E2E8F80 
  55 0169 075252ED 		.ascii	"\007RR\355o\260{\355`G\237\335\325\326\034\350\017v"
  55      6FB07BED 
  55      60479FDD 
  55      D5D61CE8 
  55      0F76
  56 017b DAFEC6E6 		.ascii	"\332\376\306\346@}\215\277\265\256\251\245-8P\335If"
  56      407D8DBF 
  56      B5AEA9A5 
  56      2D3850DD 
  56      4966
  57 018d 4FA0CBFE 		.ascii	"O\240\313\376\005O0\247e"
ARM GAS  C:\Users\victo\AppData\Local\Temp\ccCOcCZ4.s 			page 4


  57      054F30A7 
  57      65
  58              		.text
  59              		.section	.gnu.lto_UART_rx_Write.797e70b5,"",%progbits
  60 0000 789C6591 		.ascii	"x\234e\221Oh\023A\024\306\3377\223\315\206\306\203\210"
  60      4F681341 
  60      14C6DF37 
  60      93CD86C6 
  60      8388
  61 0012 87928B87 		.ascii	"\207\222\213\207P\213P\012\2027/\025\017\275\212\255"
  61      508B500A 
  61      82372F15 
  61      0FBD8AAD 
  62 0022 9E8225B4 		.ascii	"\236\202%\264{+\026\202-\3362\251k\243\236\242\210\024"
  62      7B2B1682 
  62      2DDE32A9 
  62      6BA39EA2 
  62      8814
  63 0034 A4915AC4 		.ascii	"\244\221Z\304?\321\266\352A\320\313R\301\233\221\"T"
  63      3FD1B6EA 
  63      41D0CB52 
  63      C19B9122 
  63      54
  64 0045 5B428C34 		.ascii	"[B\2144\005\213\036lZZs\260\361\275\035\020\203\303"
  64      058B1E6C 
  64      5A5A73B0 
  64      F1BD1D10 
  64      83C3
  65 0057 EECEECB7 		.ascii	"\356\316\354\267\357\367\355\367f4\375?\022|\367)\242"
  65      EFF7EDF7 
  65      6634FD3F 
  65      127CF729 
  65      A2
  66 0068 E33C4313 		.ascii	"\343<C\023T\241L\224\213)@\026\004\312*d\261\251\266"
  66      54A14C94 
  66      8B294016 
  66      04CA2A64 
  66      B1A9B6
  67 007b 140A4169 		.ascii	"\024\012Ai:\336\375\300\030\363\263\361\246\363jg\223"
  67      3ADEFDC0 
  67      18F3B3F1 
  67      A6F36A67 
  67      93
  68 008c B16D656D 		.ascii	"\261mem\360\020\335\\\262]2\267\265>\012\342\365\342"
  68      F010DD5C 
  68      B25D32B7 
  68      B53E0AE2 
  68      F5E2
  69 009e F2FB7DB7 		.ascii	"\362\373}\267k\316\230\311\340\365\274\351C\223=\037"
  69      6BCE98C9 
  69      E0F5BCE9 
  69      43933D1F 
  70 00ae 4133819E 		.ascii	"A3\201\236\004\216%\210\005\302ctIq\343NiW\351\236\020"
  70      048E2588 
  70      05C26374 
  70      4971E34E 
  70      6957E99E 
ARM GAS  C:\Users\victo\AppData\Local\Temp\ccCOcCZ4.s 			page 5


  71 00c3 FC7A7FFD 		.ascii	"\374z\177\375\236\233\234e\260\266\271\376.n\246\215"
  71      9E9B9C65 
  71      B0B6B9FE 
  71      2E6EA68D 
  72 00d3 5F6BB58E 		.ascii	"_k\265\216\010\377\344_\336\016\006\266\374\337\237"
  72      08FFE45F 
  72      DE0E06B6 
  72      FCDF9F
  73 00e2 E2519F83 		.ascii	"\342Q\237\203\035D\011I\033\012O\021\005O\242,\034\012"
  73      1D440949 
  73      1B0A4F11 
  73      054FA22C 
  73      1C0A
  74 00f4 4CABF572 		.ascii	"L\253\365r\347\346\265\223\350P\374c\245\371\241#$\037"
  74      E7E6B593 
  74      E850FC63 
  74      A5F9A123 
  74      241F
  75 0106 1D4888A8 		.ascii	"\035H\210\250\010n(\304\244\200\250\316\267\354\301"
  75      086E28C4 
  75      A480A8CE 
  75      B7ECC1
  76 0115 06BFF0AC 		.ascii	"\006\277\360\254\327\260\264{\243\\\234\020\343=%\033"
  76      D7B0B47B 
  76      A35C9C10 
  76      E33D251B 
  77 0125 92BFFE6A 		.ascii	"\222\277\376j\365\3007\325T\021\343\027LD\242|\251\177"
  77      F5C037D5 
  77      5411E317 
  77      4C44A27C 
  77      A97F
  78 0137 588E8552 		.ascii	"X\216\205R\230l\343G\263\3211\203\2739\237\333w\360"
  78      986CE347 
  78      B3D13183 
  78      BB399FDB 
  78      77F0
  79 0149 0C09CC83 		.ascii	"\014\011\314\203\223c\0013\2405L~\316W\2245\324\354"
  79      93630133 
  79      A0354C7E 
  79      CE579435 
  79      D4EC
  80 015b C9CA955F 		.ascii	"\311\312\225_S\025X%\302\"{|\334/\277\205X\352,a\221"
  80      53155825 
  80      C2227B7C 
  80      DC2FBF85 
  80      58EA2C61 
  81 0170 E9158488 		.ascii	"\351\025\204\210D\345\"a*S+\305\013\026\342\313aho\256"
  81      44E52261 
  81      2A532BC5 
  81      0B16E2CB 
  81      61686FAE 
  82 0184 F6DD42DC 		.ascii	"\366\335B\334\323s\206\270j\347\257\263\033\232G\333"
  82      D37386B8 
  82      6AE7AFB3 
  82      1B9A47DB 
  83 0194 9D5CC953 		.ascii	"\235\\\311S\315W\213\203\266(f\245\245[\263\207Eh\353"
  83      CD578B83 
ARM GAS  C:\Users\victo\AppData\Local\Temp\ccCOcCZ4.s 			page 6


  83      B62866A5 
  83      A55BB387 
  83      4568EB
  84 01a7 261738ED 		.ascii	"&\0278\355\375\274\340~\030\241*r\301j\277\324\313\331"
  84      FDBCE07E 
  84      18A12A72 
  84      C16ABFD4 
  84      CBD9
  85 01b9 D4F98479 		.ascii	"\324\371\204y\353x#\223\275\251~\357\242\227I_\362F"
  85      EB782393 
  85      BDA97EEF 
  85      A297495F 
  85      F246
  86 01cb 8606C6C6 		.ascii	"\206\006\306\3063\303^\352\314\300\330\351\023\251s"
  86      33C35EEA 
  86      CCC0D8E9 
  86      13A973
  87 01da A7CE0E0E 		.ascii	"\247\316\016\016e.\367\016\2233\221\036\035\367\234"
  87      652EF70E 
  87      9333911E 
  87      1DF79C
  88 01e9 91CCF9F4 		.ascii	"\221\314\371\364\350\037\250\300\324\376"
  88      E81FA8C0 
  88      D4FE
  89              		.text
  90              		.section	.gnu.lto_UART_rx_Read.797e70b5,"",%progbits
  91 0000 789C658F 		.ascii	"x\234e\217?HBQ\024\306\317w\336\323\014\227h\012\327"
  91      3F484251 
  91      14C6CF77 
  91      DED30C97 
  91      680AD7
  92 0013 2809C4A9 		.ascii	"(\011\304\2519\210\206\326\310ZB\220\260\267&HA\233"
  92      398886D6 
  92      C85A4290 
  92      B0B72648 
  92      419B
  93 0025 577B1944 		.ascii	"W{\031DC\010\321PN\021e\177p\013\202\206\010G\351\017"
  93      4308D150 
  93      4E11657F 
  93      700B8286 
  93      0847E90F 
  94 0039 42818435 		.ascii	"B\201\2045\030\030-\211\220\275\241\354\\_[\027\356"
  94      18182D89 
  94      90BDA1EC 
  94      5C5F5B17 
  94      EE
  95 004a 39F7DCF3 		.ascii	"9\367\334\363\343\373\3161\350\377\011\310\035\003\321"
  95      E3FBCE31 
  95      E8FF09C8 
  95      1D03D1
  96 0059 90641804 		.ascii	"\220d\030\004\336\272!J\373\030\320\017\002\245\030"
  96      DEBA214A 
  96      FB18D00F 
  96      02A518
  97 0068 29BC7193 		.ascii	")\274q\223Q\276\370\251 x\240T\346#Sy\362\257\0158L"
  97      51BEF8A9 
  97      2078A054 
ARM GAS  C:\Users\victo\AppData\Local\Temp\ccCOcCZ4.s 			page 7


  97      E6235379 
  97      F2AF0D38 
  98 007d D4624228 		.ascii	"\324bB(\200\021\255\203C\004I\300\246\375\375\350\367"
  98      8011AD83 
  98      430449C0 
  98      A6FDFDE8 
  98      F7
  99 008e DA4AA93E 		.ascii	"\332J\251>\335\227\306\021\274\342A\305\376+\325\351"
  99      DD97C611 
  99      BCE241C5 
  99      FE2BD5E9 
 100 009e B4CAB9C6 		.ascii	"\264\312\271\3060{\231\034\026G\011\246\016\036\322"
 100      307B991C 
 100      164709A6 
 100      0E1ED2
 101 00ad 725497A0 		.ascii	"rT\227\240\235_\231u6\252\270\376\334x(\314i\2116\353"
 101      9D5F9975 
 101      36AAB8FE 
 101      DC7828CC 
 101      698936EB 
 102 00c1 31F2E785 		.ascii	"1\362\347\205\035\243\301\016\263mo)S\033>\327o\357"
 102      1DA3C10E 
 102      B36D6F29 
 102      531B3ED7 
 102      6FEF
 103 00d3 7DDD2FD2 		.ascii	"}\335/\322e\361n\263\341\313c7m\303a\003\005\004p\014"
 103      65F16EB3 
 103      E1CB6337 
 103      6DC36103 
 103      0504700C 
 104 00e7 191027C8 		.ascii	"\031\020'\310\203\252X\375\312\226LW\320p5\267/\367"
 104      83AA58FD 
 104      CA964C57 
 104      D07035B7 
 104      2FF7
 105 00f9 72BD5A00 		.ascii	"r\275Z\000\012\204S\201\205\252eK^\2272\005\024\252"
 105      0A845381 
 105      85AA654B 
 105      5E973205 
 105      14AA
 106 010b BDFFF20E 		.ascii	"\275\377\362\016M\231=\204\263.\224\251\255\207\\\306"
 106      4D993D84 
 106      B32E94A9 
 106      AD875CC6 
 107 011b 2318D580 		.ascii	"#\030\325\200\277\252\273\012\364\0122\323`8:i-Z\311"
 107      BFAABB0A 
 107      F40A32D3 
 107      60383A69 
 107      2D5AC9
 108 012e F9256B21 		.ascii	"\371%k!\026I,'\343Vt*\222\230\030\215\316\216O\317\304"
 108      16492C27 
 108      E356742A 
 108      9298188D 
 108      CE8E4FCF 
 109 0143 922BE138 		.ascii	"\222+\3418\375\002Agz\353"
 109      FD024167 
 109      7AEB
ARM GAS  C:\Users\victo\AppData\Local\Temp\ccCOcCZ4.s 			page 8


 110              		.text
 111              		.section	.gnu.lto_UART_rx_ReadDataReg.797e70b5,"",%progbits
 112 0000 789C658F 		.ascii	"x\234e\217?HBQ\024\306\317w\336\363e\331\020M\341\032"
 112      3F484251 
 112      14C6CF77 
 112      DEF365D9 
 112      104DE11A 
 113 0014 2181B8D4 		.ascii	"!\201\270\324\034DCkd-!H\330[\023\244\240\315\253\275"
 113      1C44436B 
 113      642D2148 
 113      D85B13A4 
 113      A0CDABBD 
 114 0028 949A4468 		.ascii	"\224\232Dh*\247\210\376\031\215\0214\2048F\021\015\241"
 114      2AA788FE 
 114      198D1134 
 114      84384611 
 114      0DA1
 115 003a 84356818 		.ascii	"\2045h\0305d\202\366\206\262{}m]\270\347\334s\317\217"
 115      356482F6 
 115      86B27B7D 
 115      6D5DB8E7 
 115      DC73CF8F 
 116 004e EF3B47A3 		.ascii	"\357;G\243\377\307+\357\004\210Fd\206F\340\314\015Q"
 116      FFC72BEF 
 116      04884664 
 116      8646E0CC 
 116      0D51
 117 0060 C2CD807A 		.ascii	"\302\315\200z\020(\316\210\343\225\033\214\353\213\237"
 117      1028CE88 
 117      E3951B8C 
 117      EB8B9F
 118 006f 7BF8F685 		.ascii	"{\370\366\205H~\024J\217\236\215!\233\211\232L\360{"
 118      487E144A 
 118      8F9E8D21 
 118      9B899A4C 
 118      F07B
 119 0081 31AA7470 		.ascii	"1\252tp\000\037I\260a}?x\014K\0101\240\372\262q\010"
 119      001F49B0 
 119      617D3F78 
 119      0C4B0831 
 119      A0FAB271 
 120 0096 437AD0D9 		.ascii	"Cz\320\331\340\225\350t\232/\331\372\030\033L6KG\031"
 120      E095E874 
 120      9A2FD9FA 
 120      181B4C36 
 120      4B4719
 121 00a9 74155CA4 		.ascii	"t\025\\\244\344\250*\203r\2561\253\254\225Qhm\265\362"
 121      E4A82A83 
 121      72AE31AB 
 121      AC955168 
 121      6DB5F2
 122 00bc 0B4AA2CD 		.ascii	"\013J\242\315j\214\364\346y\251\277\3166\263\2602BW"
 122      6A8CF4E6 
 122      79A9BFCE 
 122      36B3B032 
 122      4257
 123 00ce 864FD5DB 		.ascii	"\206O\325\333;w\367\213TY{\267?\373r\330IX\260Y\303"
ARM GAS  C:\Users\victo\AppData\Local\Temp\ccCOcCZ4.s 			page 9


 123      3B77F78B 
 123      54597BB7 
 123      3FFB72D8 
 123      4958B059 
 124 00e3 11BC3886 		.ascii	"\021\2748\206\034\020'\310\201\312X\377J\025uGPs4\267"
 124      1C1027C8 
 124      81CA58FF 
 124      4A157547 
 124      507334B7 
 125 00f7 2F77B3BD 		.ascii	"/w\263\275J\000\002\204\274\204%UI\025\015\207\322%"
 125      4A000284 
 125      BC842555 
 125      49150D87 
 125      D225
 126 0109 28A9F6DE 		.ascii	"(\251\366\336\363\033\024\245\367\020N\273P\262\222"
 126      F31B14A5 
 126      F7104EBB 
 126      50B292
 127 0118 F63B8C4B 		.ascii	"\366;\214KbT\001\376\252\356*P+\310\231\206\003\241"
 127      625401FE 
 127      AAEE2A50 
 127      2BC89986 
 127      03A1
 128 012a 6973D98C 		.ascii	"is\331\214-\256\230K\341`t5\0261C3\301\350\324xh~rv"
 128      2DAE984B 
 128      E1607435 
 128      16314333 
 128      C1E8D478 
 129 0142 2E1C5B0B 		.ascii	".\034[\013D\350\027\204/|X"
 129      44E81784 
 129      2F7C58
 130              		.text
 131              		.section	.gnu.lto_UART_rx_SetInterruptMode.797e70b5,"",%progbits
 132 0000 789C6D91 		.ascii	"x\234m\221Oh\023A\024\306\347\315\354f7M\304\342AJ."
 132      4F681341 
 132      14C6E7CD 
 132      EC66374D 
 132      C4E2414A 
 133 0015 0A21F620 		.ascii	"\012!\366 \324Ko^\224\036\274I\261z\013\024iW\311\301"
 133      D44B6F5E 
 133      941EBC49 
 133      B17A0B14 
 133      6957C9C1 
 134 0029 446204C1 		.ascii	"Db\004\301C7\3556\005\361\020j\221b(\032T\332\032M\243"
 134      4337ED36 
 134      05F1106A 
 134      9162281A 
 134      54DA1A4D 
 135 003e 55D19C96 		.ascii	"U\321\234\226(ZP\253B\261P%\226\232\250\005\377\305"
 135      285A50AB 
 135      42B15025 
 135      969AA805 
 135      FFC5
 136 0050 44D30812 		.ascii	"D\323\010\022\337\333\251\207\242\013;3\357\307{\337"
 136      DFDBA987 
 136      A20B3B33 
 136      EFC77BDF 
ARM GAS  C:\Users\victo\AppData\Local\Temp\ccCOcCZ4.s 			page 10


 137 0060 7CEF8D60 		.ascii	"|\357\215`\377~>\374\257p\306v\343\016\202\001O\316"
 137      FF7E3EFC 
 137      AF70C676 
 137      E30E8201 
 137      4FCE
 138 0072 3316D739 		.ascii	"3\026\3279\000\035\030\260\001\016\003\260\312+\034"
 138      001D18B0 
 138      010E03B0 
 138      CA2B1C
 139 0081 927666DC 		.ascii	"\222vf\334\323~\3254\315o\337\253m\303m\015,\253r)\003"
 139      D37ED534 
 139      CD6FDFAB 
 139      6DC36D0D 
 139      2CAB7229 
 140 0096 93D08E29 		.ascii	"\223\320\216)\345{\351\323b\0070<>YY\253z?\362\006\207"
 140      E57BE9D3 
 140      6207303C 
 140      3E5959AB 
 140      7A3FF206 
 141 00ab 560A2F2C 		.ascii	"V\012/,\226k\202B\316)\314<\034\313i\201\313\2469h\317"
 141      966B8242 
 141      CE29CC3C 
 141      1CCB6981 
 141      CBA63968 
 142 00c0 E7CC3DC8 		.ascii	"\347\314=\310\005L\201@9\230\006\037\\\003\037C\304"
 142      054C8140 
 142      3998061F 
 142      5C031F43 
 142      C4
 143 00d1 200301CC 		.ascii	" \003\001\314\376\320X\235\334$v9\272+\361\213?<\262"
 143      FED0589D 
 143      DC247639 
 143      BA2BF18B 
 143      3F3CB2
 144 00e4 F2EBDFCA 		.ascii	"\362\353\337\312\353\377\251\274\001\001J\177\361`\354"
 144      EBFFA9BC 
 144      01014A7F 
 144      F160EC
 145 00f3 9D2A3A9D 		.ascii	"\235*:\235\322\373\331\3323\217ci;\205\371\321\271q"
 145      D2FBD9DA 
 145      338F6369 
 145      3B85F9D1 
 145      B971
 146 0105 976349A1 		.ascii	"\227cI\241\360\363\371B\212\373\323(\274<=\362\330k"
 146      F0F3F942 
 146      8AFBD328 
 146      BC3C3DF2 
 146      D86B
 147 0117 CE99D672 		.ascii	"\316\231\326r\263\271\255\301\025\310J\375\031\324\317"
 147      B3B9ADC1 
 147      15C84AFD 
 147      19D4CF
 148 0126 816F7D72 		.ascii	"\201o}rXR\261~/z\\\026N\244\025n\202_N\003n\201\013"
 148      5852B17E 
 148      2F7A5C16 
 148      4EA4156E 
 148      825F4E03 
ARM GAS  C:\Users\victo\AppData\Local\Temp\ccCOcCZ4.s 			page 11


 149 013d 702332B3 		.ascii	"p#2\263\3056\233\315\331\205sS;\205\227\2431U\000\365"
 149      C5369BCD 
 149      D9857353 
 149      3B8597A3 
 149      315500F5 
 150 0151 A4D051A5 		.ascii	"\244\320Q\245\305\305(O\003\362\253#p\271\211\266\320"
 150      C5C5284F 
 150      03F2AB23 
 150      70B989B6 
 150      D0
 151 0162 C25809F5 		.ascii	"\302X\011\365\350\031\31284\334\305\022\024~\236)\346"
 151      E819CA38 
 151      34DCC512 
 151      147E9E29 
 151      E6
 152 0173 BBE98A3A 		.ascii	"\273\351\212:\2477\311~\031\316\352\324\203v\326J\232"
 152      A737C97E 
 152      19CEEAD4 
 152      8376D64A 
 152      9A
 153 0184 4E1F6F4B 		.ascii	"N\037oK\317_J\344x\274\224zT\331<\001\251\270\005\015"
 153      CF5F4AE4 
 153      78BC947A 
 153      54D93C01 
 153      A9B8050D 
 154 0198 AEC32CF6 		.ascii	"\256\303,\366p\233z\200;0\001l\011\006\213#oT)\250\324"
 154      709B7A80 
 154      3B30016C 
 154      09068B23 
 154      6F5429A8 
 155 01ad 7170487E 		.ascii	"qpH~%\236*\222\250\010\221\014\255%>\201$t/r\366\012"
 155      259E2A92 
 155      A808910C 
 155      AD253E81 
 155      24742F72 
 156 01c3 B8D3289A 		.ascii	"\270\323(\232G(s\336\347\027\326\263tT\252\243\001\222"
 156      472873DE 
 156      E717D6B3 
 156      7454AAA3 
 156      0192
 157 01d5 D7247223 		.ascii	"\327$r#\245\264Z\242&$iq\324\334\010\013\243\351\255"
 157      A5B45AA2 
 157      26246971 
 157      D4DC080B 
 157      A3E9AD
 158 01e8 C436D88D 		.ascii	"\3046\330\215\333\352F\303w\3210V\261\"\304\355\327"
 158      DBEA46C3 
 158      77D13056 
 158      B122C4ED 
 158      D7
 159 01f9 FB299F9E 		.ascii	"\373)\237\236\241\304\201f\203\223\362w\004\367\031"
 159      A1C48166 
 159      8393F277 
 159      04F719
 160 0208 61237A38 		.ascii	"a#z8f\364\367\366DNF\373\214`wO\244\2533xh\357\201\203"
 160      66F4F7F6 
 160      444E46FB 
ARM GAS  C:\Users\victo\AppData\Local\Temp\ccCOcCZ4.s 			page 12


 160      8C60774F 
 160      A4AB3378 
 161 0220 BDD1531D 		.ascii	"\275\321S\035}L?\0369\021\212\205\"a\345X\244\337\320"
 161      7D4C3F1E 
 161      39118A85 
 161      2261E558 
 161      A4DFD0
 162 0233 42E158B4 		.ascii	"B\341X\264\353\310\321?\023q\375^"
 162      EBC8D13F 
 162      1371FD5E 
 163              		.text
 164              		.section	.gnu.lto_UART_rx_ClearInterrupt.797e70b5,"",%progbits
 165 0000 789C6590 		.ascii	"x\234e\220OHTQ\024\306\317w\356\21435-\242\225\314\246"
 165      4F485451 
 165      14C6CF77 
 165      EE8C3335 
 165      2DA295CC 
 166 0015 C5801284 		.ascii	"\305\200\022\204\213h\325.Z\264\225Fw\0032\350[I\012"
 166      8B68D52E 
 166      5AB49546 
 166      770332E8 
 166      5B490A
 167 0028 E308ADF2 		.ascii	"\343\010\255\362\216\276\034\312\315\240\010A\272\210"
 167      8EBE1CCA 
 167      CDA00841 
 167      BA88
 168 0036 88CCFF5B 		.ascii	"\210\314\377[Ae\030\302U\024\021T\210L\003)\032\201"
 168      416518C2 
 168      55141154 
 168      884C0329 
 168      1A81
 169 0048 28D6D8CB 		.ascii	"(\326\330\313\364u\316{.\224.\274w\357\373\336\371\276"
 169      F475CE7B 
 169      2E942EBC 
 169      77EFFBDE 
 169      F9BE
 170 005a F3BBC7D0 		.ascii	"\363\273\307\320\377+)\317\006\210n\310\016C\340\322"
 170      FF2B29CF 
 170      06886EC8 
 170      0E43E0D2 
 171 006a 3BA2429C 		.ascii	";\242B\234\001=\020h\2001\200\357\274\317x\273t\362"
 171      013D1068 
 171      803180EF 
 171      BCCF78BB 
 171      74F2
 172 007c 11CD2FAD 		.ascii	"\021\315/\255\035\334\253\034m$\0365zLt\300\204\353"
 172      1DDCAB1C 
 172      6D241E35 
 172      7A4C74C0 
 172      84EB
 173 008e 495CD31C 		.ascii	"I\\\323\034\274B3I\341\370\267\307\2730M\320s\335\037"
 173      BC423349 
 173      E1F8B7C7 
 173      BB304DD0 
 173      73DD1F
 174 00a1 998EA79E 		.ascii	"\231\216\247\236\213\251V-\256%\354S\353\326|\377\252"
 174      8BA9562D 
ARM GAS  C:\Users\victo\AppData\Local\Temp\ccCOcCZ4.s 			page 13


 174      AE25EC53 
 174      EBD67CFF 
 174      AA
 175 00b2 58310573 		.ascii	"X1\005s\326\255K\014\373\356\361\347D\203k\255\275\214"
 175      D6AD4B0C 
 175      FBEEF1E7 
 175      44836BAD 
 175      BD8C
 176 00c4 D7486903 		.ascii	"\327Hi\003I\236F\203@B\225\205+e\353\373\007\273cS\267"
 176      499E4683 
 176      40429585 
 176      2B65EBFB 
 176      07BB6353 
 177 00d9 4C9CC963 		.ascii	"L\234\311c\301\366\230#\244?\243\372\035#%\243My\351"
 177      C1F69823 
 177      A43FA3FA 
 177      1D2325A3 
 177      4D79E9
 178 00ec 25B69875 		.ascii	"%\266\230u7\353\250\324\237\324W\036j\330!\353\215\226"
 178      37EBA8D4 
 178      9FD4571E 
 178      6AD821EB 
 178      8D96
 179 00fe 7FFE1AE1 		.ascii	"\177\376\032\341\035\366\330\224\334\222\215h\373\257"
 179      1DF6D894 
 179      DC928D68 
 179      FBAF
 180 010c 9BEF3FC4 		.ascii	"\233\357?\304\003)\240\331\336)\3771\223xVp\341q\004"
 180      0329A0D9 
 180      DE29FF31 
 180      93785670 
 180      E17104
 181 011f 33486216 		.ascii	"3Hb\026B\2139L\202\3261\370\245\370\227\303@#\231\242"
 181      428B394C 
 181      82D631F8 
 181      A5F897C3 
 181      402399A2 
 182 0133 0CFD1E7E 		.ascii	"\014\375\036~\203P\211\210\250\343X\236\030\275\240"
 182      83508988 
 182      A8E3589E 
 182      18BDA0
 183 0142 916C4198 		.ascii	"\221lA\230\027\373'\004\036\005\226*\215\251\026OV\332"
 183      17FB2704 
 183      1E05962A 
 183      8DA9164F 
 183      56DA
 184 0154 42573494 		.ascii	"BW4\224*\243A\3129\206B\231\317S,\010\2058\264muxm\365"
 184      2AA341CA 
 184      39864299 
 184      CF532C08 
 184      8538B46D 
 185 016c 62981093 		.ascii	"b\230\020\223\004\361\035\276\250\375\200\366\215\306"
 185      04F11DBE 
 185      A8FD80F6 
 185      8DC6
 186 017a 088B525F 		.ascii	"\010\213R_\305)X,\230\016t*2\243TK\346\256\323\343\344"
 186      C529582C 
ARM GAS  C:\Users\victo\AppData\Local\Temp\ccCOcCZ4.s 			page 14


 186      980E742A 
 186      32A3544B 
 186      E6AED3E3 
 187 018f B279A7AB 		.ascii	"\262y\247\253#\335\333\237\353t2\255\351\336;73\355"
 187      23DDDB9F 
 187      EB7432AD 
 187      E9DE3B37 
 187      33ED
 188 01a1 B7EFB575 		.ascii	"\267\357\265u\344\036\264t\322\245\373\331\276n\247"
 188      E41EB474 
 188      D2A5FBD9 
 188      BE6EA7
 189 01b0 2B9DCFE6 		.ascii	"+\235\317\346\373\373\376\001\2462\267\021"
 189      FBFBFE01 
 189      A632B711 
 190              		.text
 191              		.section	.gnu.lto_.symbol_nodes.797e70b5,"",%progbits
 192 0000 789C55C7 		.ascii	"x\234U\307;\015\000 \020D\301w\037\022tbd-\240\200\240"
 192      3B0D0020 
 192      1044C177 
 192      1F127462 
 192      642DA080 
 193 0015 084D3414 		.ascii	"\010M4\024\334t\023\300\340q\004\363\200\304\332\035"
 193      DC7413C0 
 193      E07104F3 
 193      80C4DA1D 
 194 0025 3759B9CB 		.ascii	"7Y\271\313\313CQ\236\312\362\246\366\237\013\351b\031"
 194      CB43519E 
 194      CAF2A6F6 
 194      9F0BE962 
 194      19
 195 0036 56       		.ascii	"V"
 196              		.text
 197              		.section	.gnu.lto_.refs.797e70b5,"",%progbits
 198 0000 789C6366 		.ascii	"x\234cf```d\200\002\000\000=\000\005"
 198      60606064 
 198      80020000 
 198      3D0005
 199              		.text
 200              		.section	.gnu.lto_.decls.797e70b5,"",%progbits
 201 0000 789C8D54 		.ascii	"x\234\215T\177L[U\024\276\347\335\327B\037\035[\242"
 201      7F4C5B55 
 201      14BEE7DD 
 201      D7421F1D 
 201      5BA2
 202 0012 610B31B1 		.ascii	"a\0131\261\304\204hBH6\214\361?cX25\321\020p\361\217"
 202      C4846842 
 202      48368CF1 
 202      3F635832 
 202      35D11070 
 203 0028 9190065E 		.ascii	"\221\220\006^6\222\005\226g1\316\277.4\012[\210\"a\031"
 203      36920596 
 203      6731CEBF 
 203      2E340A5B 
 203      88226119 
 204 003c B23988C3 		.ascii	"\2629\210\303\215m2g\251\260\256\330\225v\310X\201\301"
 204      8D6D3267 
ARM GAS  C:\Users\victo\AppData\Local\Temp\ccCOcCZ4.s 			page 15


 204      A9B0AED8 
 204      9576C858 
 204      81C1
 205 004e E6643FD4 		.ascii	"\346d?\3241\035b25\225\221\310R\365y\356}\357\265o\256"
 205      311D6232 
 205      359591C8 
 205      52F579EE 
 205      7DEFB56F 
 206 0063 8BBBC969 		.ascii	"\213\273\311i{\356\273\337w\276s\276\373J\011!\003@"
 206      7BEEBBDF 
 206      77BE73BE 
 206      FB4A0921 
 206      0340
 207 0075 888EEB6F 		.ascii	"\210\216\353o\231\220\0370\317\301\250 \231\345\304"
 207      99901F30 
 207      CFC1A820 
 207      99E5C4
 208 0084 08600431 		.ascii	"\010`\0041F0B\030q\214q\362\340\012\230\3479~\020\243"
 208      46304218 
 208      718C71F2 
 208      E00A98E7 
 208      397E10A3 
 209 0098 08630E63 		.ascii	"\010c\016c\026\343\025\363\014\230\347\376\273\202Y"
 209      16E315F3 
 209      0C98E7FE 
 209      BB8259
 210 00a7 B00536BC 		.ascii	"\260\0056\274\205\015f\301r]\216\377\2519\222\005\027"
 210      850D66C1 
 210      725D8EFF 
 210      A9399205 
 210      17
 211 00b8 7A045C28 		.ascii	"z\004\\(\013\216\367\3572\265\346c\2701\"\030\323&\217"
 211      0B8EF7EF 
 211      32B5E663 
 211      B8312218 
 211      D3268F
 212 00cb 278BEE78 		.ascii	"'\213\356x\026\236q\263\347l\375\3325d\233\365\037\022"
 212      169E71B3 
 212      E76CFDDA 
 212      35649BF5 
 212      1F12
 213 00dd 247E5CBD 		.ascii	"$~\\\275\353\376E\202|e\035O{\346\027W(\246nE\342\351"
 213      EBFE4582 
 213      7C651D4F 
 213      7BE61757 
 213      28A66E45 
 214 00f3 B7675B5B 		.ascii	"\267g[[s\251\004\374\367\341\356[\337(%\307\031cm,\032"
 214      73A904FC 
 214      F7E1EE5B 
 214      DF2825C7 
 214      19636D2C 
 215 0108 850C45F3 		.ascii	"\205\014E\363\221p{\016b\012\024\221\276\237\350\031"
 215      91707B0E 
 215      620A1491 
 215      BE9FE819 
 216 0118 A322D539 		.ascii	"\243\"\3259N\272v\255\353\036\005\245\270\215\261\026"
 216      4EBA76AD 
ARM GAS  C:\Users\victo\AppData\Local\Temp\ccCOcCZ4.s 			page 16


 216      EB1E05A5 
 216      B88DB116 
 217 0128 96EC6474 		.ascii	"\226\354dt\003\201\222Bx\246\220\300I(\306cp\034J\010"
 217      03819242 
 217      78A690C0 
 217      4928C663 
 217      701C4A08 
 218 013c 9C8042F8 		.ascii	"\234\200B\370\014\012I?\026H\366&\257?\301\230\014\203"
 218      0C0A493F 
 218      1648F626 
 218      AF3FC198 
 218      0C83
 219 014e A0C031A0 		.ascii	"\240\3001\240\342\004\266\301+\230E;\336\035\353\220"
 219      E204B6C1 
 219      2B98453B 
 219      DE1DEB90 
 220 015e 650937F9 		.ascii	"e\0117\371\231m2\337\233\332\1770\226\267~\037\343\313"
 220      996D32DF 
 220      9BDA7F30 
 220      96B77E1F 
 220      E3CB
 221 0170 CFD64950 		.ascii	"\317\326IPQ\000G\221v\000i\011\234\202\365\370\3719"
 221      51004791 
 221      76006909 
 221      9C82F5F8 
 221      F939
 222 0182 C806C15C 		.ascii	"\310\006\301\\<\234\314\245e\242\265\345\033\207S.\317"
 222      3C9CCCA5 
 222      65A2B5E5 
 222      1B87532E 
 222      CF
 223 0193 21D6772A 		.ascii	"!\326w*\331\355\377\271\342C?\353b\013\272\376\244\000"
 223      D9EDFFB9 
 223      E2433FEB 
 223      620BBAFE 
 223      A400
 224 01a5 C1176901 		.ascii	"\301\027i\001\204\3776&\032\000\017\002'S\315@w\012"
 224      84FF3626 
 224      1A000F02 
 224      2753CD40 
 224      770A
 225 01b7 8EBDA9C1 		.ascii	"\216\275\251\301\333k\004\307\302\315\270\032ma\177"
 225      DB6B04C7 
 225      C2CDB81A 
 225      6D617F
 226 01c6 E93A3508 		.ascii	"\351:5\010\206l\004C\026AP\020L\237\230|\017\354\222"
 226      866C0443 
 226      16415010 
 226      4C9F987C 
 226      0FEC92
 227 01d9 793719CD 		.ascii	"y7\031\315_\012\315\333L\311\227\002{\374\012}G\224"
 227      5F0ACDDB 
 227      4CC99702 
 227      7BFC0A7D 
 227      4794
 228 01eb 4B7E108E 		.ascii	"K~\020\216\310F\271\356\305L9\004\300\260\255\334\260"
 228      C846B9EE 
ARM GAS  C:\Users\victo\AppData\Local\Temp\ccCOcCZ4.s 			page 17


 228      C54C3904 
 228      C0B0ADDC 
 228      B0
 229 01fc 556E4494 		.ascii	"UnD\224\213%\333\347\235\264\025\004\305\322\301\243"
 229      8B25DBE7 
 229      9DB41504 
 229      C5D2C1A3 
 230 020c 335450F4 		.ascii	"3TP\364M}\352\034`Q]\177A\020\234\266\021\234\266\010"
 230      4D7DEA1C 
 230      60515D7F 
 230      41109CB6 
 230      119CB608 
 231 0220 4282E0E3 		.ascii	"B\202\340\343\345\337G]\364\200A`\031\3571\214\337\177"
 231      E5DF475D 
 231      F4804160 
 231      19EF318C 
 231      DF7F
 232 0232 6735982B 		.ascii	"g5\230+R.\005\235?2\373gO>\024+\206\245\313\206\245"
 232      522E059D 
 232      3F32FB67 
 232      4F3E142B 
 232      86A5CB86 
 233 0247 116CF04C 		.ascii	"\021l\360L\306R\217i\251\270\0358\002\307\323$\335?"
 233      C6528F69 
 233      A9B81D38 
 233      02C7D324 
 233      DD3F
 234 0259 7C85F7C3 		.ascii	"|\205\367\303c\336\2170n\216\342&\026\352\235\370\365"
 234      63DE8F30 
 234      6E8EE226 
 234      16EA9DF8 
 234      F5
 235 026a CA5AE17D 		.ascii	"\312Z\341}$\355\375\365\3137\216\271\322{gAl\036\322"
 235      24EDFDF5 
 235      CB378EB9 
 235      D27B6741 
 235      6C1ED2
 236 027d 2321F9A1 		.ascii	"#!\371\241\027bL\0147j]\210\313\211\310j\016\375\304"
 236      17624C0C 
 236      376A5D88 
 236      CB89C86A 
 236      0EFDC4
 237 0290 68EDC29E 		.ascii	"h\355\302\236\345\204\303\274\021?-m\374\210\3655\263"
 237      E584C3BC 
 237      113F2D6D 
 237      FC88F535 
 237      B3
 238 02a1 7F74BCD0 		.ascii	"\177t\274\320\034\0051\333\200b\326\200\342b@Wb\337"
 238      1C0531DB 
 238      8062D680 
 238      E2624057 
 238      62DF
 239 02b3 CFC8346C 		.ascii	"\317\3104l\260\350\027\003wM\223\276[\272\337\244s6"
 239      B0E81703 
 239      774D93BE 
 239      5BBADFA4 
 239      7336
ARM GAS  C:\Users\victo\AppData\Local\Temp\ccCOcCZ4.s 			page 18


 240 02c5 8A7316C5 		.ascii	"\212s\026\305\270\240\010\235\\\231\316\023\257\244"
 240      B8A0089D 
 240      5C99CE13 
 240      AFA4
 241 02d3 87939CE9 		.ascii	"\207\223\234\351<\337\355\024\257\244\350\251\255s\370"
 241      3CDFED14 
 241      AFA4E8A9 
 241      AD73F8
 242 02e2 8E835EBA 		.ascii	"\216\203^\272\337\201\"\303\201\233\007\356\365\273"
 242      DF8122C3 
 242      819B07EE 
 242      F5BB
 243 02f0 44CAFF8D 		.ascii	"D\312\377\215\327\362\255[W\347Gs\350Uq\\\372\255\253"
 243      D7F2AD5B 
 243      57E74773 
 243      E855715C 
 243      FAADAB
 244 0303 45CF4B1B 		.ascii	"E\317K\033\262b\0302\215\363Jd\014)\262\033\322\341"
 244      B2621832 
 244      8DF34A64 
 244      0C29B21B 
 244      D2E1
 245 0315 67AE9708 		.ascii	"g\256\227\010|\2153\233\340\206L\241!E\246!\223\270"
 245      7C8D339B 
 245      E0864CA1 
 245      2145A621 
 245      93B8
 246 0327 79C13024 		.ascii	"y\3010$\264onBQ\332\370\220\037\015!E\207:RnS\311B\373"
 246      B46F6E42 
 246      51DAF890 
 246      1F0D2145 
 246      873A526E 
 247 033f 50BFC495 		.ascii	"P\277\304\225\314\242\222\363\031%3\220\221\362 \361"
 247      CCA292F3 
 247      19253390 
 247      91F220F1 
 248 034f C5EC5216 		.ascii	"\305\354R\026o\367\246\234\356\275i\361\202\324\002"
 248      6FF7A69C 
 248      EEBD69F1 
 248      82D402
 249 035e 119803B7 		.ascii	"\021\230\003\267\2304\377v4\3257\370\236wnym\253\247"
 249      9834FF76 
 249      34D537F8 
 249      9E776E79 
 249      6DABA7
 250 0371 9C3C555A 		.ascii	"\234<UZ\275EmP5\257O\255\253\251jl\322j\325\352\212"
 250      BD456D50 
 250      35AF4FAD 
 250      ABA96A6C 
 250      D26AD5EA 
 251 0386 AAC6F267 		.ascii	"\252\306\362g\253kw\373v\357R\337,\335A\036\337\372"
 251      AB6B77FB 
 251      76EF52DF 
 251      2CDD411E 
 251      DFFA
 252 0398 62E5EB35 		.ascii	"b\345\3535\332\3335U\252o\263V\377\226\372jc\235\372"
 252      DADB3555 
ARM GAS  C:\Users\victo\AppData\Local\Temp\ccCOcCZ4.s 			page 19


 252      AA6FB356 
 252      FF96FA6A 
 252      639DFA
 253 03ab 70A079BA 		.ascii	"p\240y\272\264\226\254\261\200oh\365>\325me\225\252"
 253      B496ACB1 
 253      806F68F5 
 253      3ED56D65 
 253      95AA
 254 03bd B7EE317B 		.ascii	"\267\3561{\262\331\353\363V\252\333\235\\\330\306\347"
 254      B2D9EBF3 
 254      56AADB9D 
 254      5CD8C6E7 
 255 03cd 36D8CABD 		.ascii	"6\330\312\275\334\340S5\255i\227\217\227,\260\036\224"
 255      DCE05335 
 255      AD69978F 
 255      972CB01E 
 255      94
 256 03de EF54BD5A 		.ascii	"\357T\275Z\372\221CS\267\227m\022\340\262M\377\002U"
 256      FA914353 
 256      B7976D12 
 256      E0B24DFF 
 256      0255
 257 03f0 1FF9B0   		.ascii	"\037\371\260"
 258              		.text
 259              		.section	.gnu.lto_.symtab.797e70b5,"",%progbits
 260 0000 55415254 		.ascii	"UART_rx_SetDriveMode\000\000\000\000\000\000\000\000"
 260      5F72785F 
 260      53657444 
 260      72697665 
 260      4D6F6465 
 261 001c 00000000 		.ascii	"\000\000\000\000\262\000\000\000UART_rx_Write\000\000"
 261      B2000000 
 261      55415254 
 261      5F72785F 
 261      57726974 
 262 0033 00000000 		.ascii	"\000\000\000\000\000\000\000\000\000\000\264\000\000"
 262      00000000 
 262      0000B400 
 262      00
 263 0040 00554152 		.ascii	"\000UART_rx_Read\000\000\000\000\000\000\000\000\000"
 263      545F7278 
 263      5F526561 
 263      64000000 
 263      00000000 
 264 0056 000000B7 		.ascii	"\000\000\000\267\000\000\000UART_rx_ReadDataReg\000"
 264      00000055 
 264      4152545F 
 264      72785F52 
 264      65616444 
 265 0071 00000000 		.ascii	"\000\000\000\000\000\000\000\000\000\000\000\271\000"
 265      00000000 
 265      000000B9 
 265      00
 266 007e 00005541 		.ascii	"\000\000UART_rx_SetInterruptMode\000\000\000\000\000"
 266      52545F72 
 266      785F5365 
 266      74496E74 
ARM GAS  C:\Users\victo\AppData\Local\Temp\ccCOcCZ4.s 			page 20


 266      65727275 
 267 009d 00000000 		.ascii	"\000\000\000\000\000\000\000\303\000\000\000UART_rx"
 267      000000C3 
 267      00000055 
 267      4152545F 
 267      7278
 268 00af 5F436C65 		.ascii	"_ClearInterrupt\000\000\000\000\000\000\000\000\000"
 268      6172496E 
 268      74657272 
 268      75707400 
 268      00000000 
 269 00c7 000000C5 		.ascii	"\000\000\000\305\000\000\000"
 269      000000
 270              		.text
 271              		.section	.gnu.lto_.opts,"",%progbits
 272 0000 272D666E 		.ascii	"'-fno-trapv' '-mcpu=cortex-m0' '-mthumb' '-g' '-Os'"
 272      6F2D7472 
 272      61707627 
 272      20272D6D 
 272      6370753D 
 273 0033 20272D57 		.ascii	" '-Werror' '-ffunction-sections' '-finline-function"
 273      6572726F 
 273      72272027 
 273      2D666675 
 273      6E637469 
 274 0066 73272027 		.ascii	"s' '-flto' '-ffat-lto-objects' '-fno-strict-aliasin"
 274      2D666C74 
 274      6F272027 
 274      2D666661 
 274      742D6C74 
 275 0099 672700   		.ascii	"g'\000"
 276              		.text
 277              		.cfi_sections	.debug_frame
 278              		.section	.text.UART_rx_SetDriveMode,"ax",%progbits
 279              		.align	1
 280              		.global	UART_rx_SetDriveMode
 281              		.code	16
 282              		.thumb_func
 283              		.type	UART_rx_SetDriveMode, %function
 284              	UART_rx_SetDriveMode:
 285              	.LFB0:
 286              		.file 1 ".\\Generated_Source\\PSoC4\\UART_rx.c"
   1:.\Generated_Source\PSoC4/UART_rx.c **** /*******************************************************************************
   2:.\Generated_Source\PSoC4/UART_rx.c **** * File Name: UART_rx.c  
   3:.\Generated_Source\PSoC4/UART_rx.c **** * Version 2.20
   4:.\Generated_Source\PSoC4/UART_rx.c **** *
   5:.\Generated_Source\PSoC4/UART_rx.c **** * Description:
   6:.\Generated_Source\PSoC4/UART_rx.c **** *  This file contains API to enable firmware control of a Pins component.
   7:.\Generated_Source\PSoC4/UART_rx.c **** *
   8:.\Generated_Source\PSoC4/UART_rx.c **** ********************************************************************************
   9:.\Generated_Source\PSoC4/UART_rx.c **** * Copyright 2008-2015, Cypress Semiconductor Corporation.  All rights reserved.
  10:.\Generated_Source\PSoC4/UART_rx.c **** * You may use this file only in accordance with the license, terms, conditions, 
  11:.\Generated_Source\PSoC4/UART_rx.c **** * disclaimers, and limitations in the end user license agreement accompanying 
  12:.\Generated_Source\PSoC4/UART_rx.c **** * the software package with which this file was provided.
  13:.\Generated_Source\PSoC4/UART_rx.c **** *******************************************************************************/
  14:.\Generated_Source\PSoC4/UART_rx.c **** 
  15:.\Generated_Source\PSoC4/UART_rx.c **** #include "cytypes.h"
ARM GAS  C:\Users\victo\AppData\Local\Temp\ccCOcCZ4.s 			page 21


  16:.\Generated_Source\PSoC4/UART_rx.c **** #include "UART_rx.h"
  17:.\Generated_Source\PSoC4/UART_rx.c **** 
  18:.\Generated_Source\PSoC4/UART_rx.c **** 
  19:.\Generated_Source\PSoC4/UART_rx.c **** #if defined(UART_rx__PC)
  20:.\Generated_Source\PSoC4/UART_rx.c ****     #define UART_rx_SetP4PinDriveMode(shift, mode)  \
  21:.\Generated_Source\PSoC4/UART_rx.c ****     do { \
  22:.\Generated_Source\PSoC4/UART_rx.c ****         UART_rx_PC =   (UART_rx_PC & \
  23:.\Generated_Source\PSoC4/UART_rx.c ****                                 (uint32)(~(uint32)(UART_rx_DRIVE_MODE_IND_MASK << \
  24:.\Generated_Source\PSoC4/UART_rx.c ****                                 (UART_rx_DRIVE_MODE_BITS * (shift))))) | \
  25:.\Generated_Source\PSoC4/UART_rx.c ****                                 (uint32)((uint32)(mode) << \
  26:.\Generated_Source\PSoC4/UART_rx.c ****                                 (UART_rx_DRIVE_MODE_BITS * (shift))); \
  27:.\Generated_Source\PSoC4/UART_rx.c ****     } while (0)
  28:.\Generated_Source\PSoC4/UART_rx.c **** #else
  29:.\Generated_Source\PSoC4/UART_rx.c ****     #if (CY_PSOC4_4200L)
  30:.\Generated_Source\PSoC4/UART_rx.c ****         #define UART_rx_SetP4PinDriveMode(shift, mode)  \
  31:.\Generated_Source\PSoC4/UART_rx.c ****         do { \
  32:.\Generated_Source\PSoC4/UART_rx.c ****             UART_rx_USBIO_CTRL_REG = (UART_rx_USBIO_CTRL_REG & \
  33:.\Generated_Source\PSoC4/UART_rx.c ****                                     (uint32)(~(uint32)(UART_rx_DRIVE_MODE_IND_MASK << \
  34:.\Generated_Source\PSoC4/UART_rx.c ****                                     (UART_rx_DRIVE_MODE_BITS * (shift))))) | \
  35:.\Generated_Source\PSoC4/UART_rx.c ****                                     (uint32)((uint32)(mode) << \
  36:.\Generated_Source\PSoC4/UART_rx.c ****                                     (UART_rx_DRIVE_MODE_BITS * (shift))); \
  37:.\Generated_Source\PSoC4/UART_rx.c ****         } while (0)
  38:.\Generated_Source\PSoC4/UART_rx.c ****     #endif
  39:.\Generated_Source\PSoC4/UART_rx.c **** #endif
  40:.\Generated_Source\PSoC4/UART_rx.c ****   
  41:.\Generated_Source\PSoC4/UART_rx.c **** 
  42:.\Generated_Source\PSoC4/UART_rx.c **** #if defined(UART_rx__PC) || (CY_PSOC4_4200L) 
  43:.\Generated_Source\PSoC4/UART_rx.c ****     /*******************************************************************************
  44:.\Generated_Source\PSoC4/UART_rx.c ****     * Function Name: UART_rx_SetDriveMode
  45:.\Generated_Source\PSoC4/UART_rx.c ****     ****************************************************************************//**
  46:.\Generated_Source\PSoC4/UART_rx.c ****     *
  47:.\Generated_Source\PSoC4/UART_rx.c ****     * \brief Sets the drive mode for each of the Pins component's pins.
  48:.\Generated_Source\PSoC4/UART_rx.c ****     * 
  49:.\Generated_Source\PSoC4/UART_rx.c ****     * <b>Note</b> This affects all pins in the Pins component instance. Use the
  50:.\Generated_Source\PSoC4/UART_rx.c ****     * Per-Pin APIs if you wish to control individual pin's drive modes.
  51:.\Generated_Source\PSoC4/UART_rx.c ****     *
  52:.\Generated_Source\PSoC4/UART_rx.c ****     * <b>Note</b> USBIOs have limited drive functionality. Refer to the Drive Mode
  53:.\Generated_Source\PSoC4/UART_rx.c ****     * parameter for more information.
  54:.\Generated_Source\PSoC4/UART_rx.c ****     *
  55:.\Generated_Source\PSoC4/UART_rx.c ****     * \param mode
  56:.\Generated_Source\PSoC4/UART_rx.c ****     *  Mode for the selected signals. Valid options are documented in 
  57:.\Generated_Source\PSoC4/UART_rx.c ****     *  \ref driveMode.
  58:.\Generated_Source\PSoC4/UART_rx.c ****     *
  59:.\Generated_Source\PSoC4/UART_rx.c ****     * \return
  60:.\Generated_Source\PSoC4/UART_rx.c ****     *  None
  61:.\Generated_Source\PSoC4/UART_rx.c ****     *
  62:.\Generated_Source\PSoC4/UART_rx.c ****     * \sideeffect
  63:.\Generated_Source\PSoC4/UART_rx.c ****     *  If you use read-modify-write operations that are not atomic, the ISR can
  64:.\Generated_Source\PSoC4/UART_rx.c ****     *  cause corruption of this function. An ISR that interrupts this function 
  65:.\Generated_Source\PSoC4/UART_rx.c ****     *  and performs writes to the Pins component Drive Mode registers can cause 
  66:.\Generated_Source\PSoC4/UART_rx.c ****     *  corrupted port data. To avoid this issue, you should either use the Per-Pin
  67:.\Generated_Source\PSoC4/UART_rx.c ****     *  APIs (primary method) or disable interrupts around this function.
  68:.\Generated_Source\PSoC4/UART_rx.c ****     *
  69:.\Generated_Source\PSoC4/UART_rx.c ****     * \funcusage
  70:.\Generated_Source\PSoC4/UART_rx.c ****     *  \snippet UART_rx_SUT.c usage_UART_rx_SetDriveMode
  71:.\Generated_Source\PSoC4/UART_rx.c ****     *******************************************************************************/
  72:.\Generated_Source\PSoC4/UART_rx.c ****     void UART_rx_SetDriveMode(uint8 mode)
ARM GAS  C:\Users\victo\AppData\Local\Temp\ccCOcCZ4.s 			page 22


  73:.\Generated_Source\PSoC4/UART_rx.c ****     {
 287              		.loc 1 73 0
 288              		.cfi_startproc
 289              	.LVL0:
  74:.\Generated_Source\PSoC4/UART_rx.c **** 		UART_rx_SetP4PinDriveMode(UART_rx__0__SHIFT, mode);
 290              		.loc 1 74 0
 291 0000 034A     		ldr	r2, .L2
 292 0002 044B     		ldr	r3, .L2+4
 293 0004 1168     		ldr	r1, [r2]
 294 0006 4005     		lsl	r0, r0, #21
 295              	.LVL1:
 296 0008 0B40     		and	r3, r1
 297 000a 1843     		orr	r0, r3
 298 000c 1060     		str	r0, [r2]
  75:.\Generated_Source\PSoC4/UART_rx.c ****     }
 299              		.loc 1 75 0
 300              		@ sp needed
 301 000e 7047     		bx	lr
 302              	.L3:
 303              		.align	2
 304              	.L2:
 305 0010 08020440 		.word	1074004488
 306 0014 FFFF1FFF 		.word	-14680065
 307              		.cfi_endproc
 308              	.LFE0:
 309              		.size	UART_rx_SetDriveMode, .-UART_rx_SetDriveMode
 310              		.section	.text.UART_rx_Write,"ax",%progbits
 311              		.align	1
 312              		.global	UART_rx_Write
 313              		.code	16
 314              		.thumb_func
 315              		.type	UART_rx_Write, %function
 316              	UART_rx_Write:
 317              	.LFB1:
  76:.\Generated_Source\PSoC4/UART_rx.c **** #endif
  77:.\Generated_Source\PSoC4/UART_rx.c **** 
  78:.\Generated_Source\PSoC4/UART_rx.c **** 
  79:.\Generated_Source\PSoC4/UART_rx.c **** /*******************************************************************************
  80:.\Generated_Source\PSoC4/UART_rx.c **** * Function Name: UART_rx_Write
  81:.\Generated_Source\PSoC4/UART_rx.c **** ****************************************************************************//**
  82:.\Generated_Source\PSoC4/UART_rx.c **** *
  83:.\Generated_Source\PSoC4/UART_rx.c **** * \brief Writes the value to the physical port (data output register), masking
  84:.\Generated_Source\PSoC4/UART_rx.c **** *  and shifting the bits appropriately. 
  85:.\Generated_Source\PSoC4/UART_rx.c **** *
  86:.\Generated_Source\PSoC4/UART_rx.c **** * The data output register controls the signal applied to the physical pin in 
  87:.\Generated_Source\PSoC4/UART_rx.c **** * conjunction with the drive mode parameter. This function avoids changing 
  88:.\Generated_Source\PSoC4/UART_rx.c **** * other bits in the port by using the appropriate method (read-modify-write or
  89:.\Generated_Source\PSoC4/UART_rx.c **** * bit banding).
  90:.\Generated_Source\PSoC4/UART_rx.c **** *
  91:.\Generated_Source\PSoC4/UART_rx.c **** * <b>Note</b> This function should not be used on a hardware digital output pin 
  92:.\Generated_Source\PSoC4/UART_rx.c **** * as it is driven by the hardware signal attached to it.
  93:.\Generated_Source\PSoC4/UART_rx.c **** *
  94:.\Generated_Source\PSoC4/UART_rx.c **** * \param value
  95:.\Generated_Source\PSoC4/UART_rx.c **** *  Value to write to the component instance.
  96:.\Generated_Source\PSoC4/UART_rx.c **** *
  97:.\Generated_Source\PSoC4/UART_rx.c **** * \return 
  98:.\Generated_Source\PSoC4/UART_rx.c **** *  None 
ARM GAS  C:\Users\victo\AppData\Local\Temp\ccCOcCZ4.s 			page 23


  99:.\Generated_Source\PSoC4/UART_rx.c **** *
 100:.\Generated_Source\PSoC4/UART_rx.c **** * \sideeffect
 101:.\Generated_Source\PSoC4/UART_rx.c **** *  If you use read-modify-write operations that are not atomic; the Interrupt 
 102:.\Generated_Source\PSoC4/UART_rx.c **** *  Service Routines (ISR) can cause corruption of this function. An ISR that 
 103:.\Generated_Source\PSoC4/UART_rx.c **** *  interrupts this function and performs writes to the Pins component data 
 104:.\Generated_Source\PSoC4/UART_rx.c **** *  register can cause corrupted port data. To avoid this issue, you should 
 105:.\Generated_Source\PSoC4/UART_rx.c **** *  either use the Per-Pin APIs (primary method) or disable interrupts around 
 106:.\Generated_Source\PSoC4/UART_rx.c **** *  this function.
 107:.\Generated_Source\PSoC4/UART_rx.c **** *
 108:.\Generated_Source\PSoC4/UART_rx.c **** * \funcusage
 109:.\Generated_Source\PSoC4/UART_rx.c **** *  \snippet UART_rx_SUT.c usage_UART_rx_Write
 110:.\Generated_Source\PSoC4/UART_rx.c **** *******************************************************************************/
 111:.\Generated_Source\PSoC4/UART_rx.c **** void UART_rx_Write(uint8 value)
 112:.\Generated_Source\PSoC4/UART_rx.c **** {
 318              		.loc 1 112 0
 319              		.cfi_startproc
 320              	.LVL2:
 113:.\Generated_Source\PSoC4/UART_rx.c ****     uint8 drVal = (uint8)(UART_rx_DR & (uint8)(~UART_rx_MASK));
 321              		.loc 1 113 0
 322 0000 7F23     		mov	r3, #127
 323 0002 044A     		ldr	r2, .L5
 114:.\Generated_Source\PSoC4/UART_rx.c ****     drVal = (drVal | ((uint8)(value << UART_rx_SHIFT) & UART_rx_MASK));
 324              		.loc 1 114 0
 325 0004 C001     		lsl	r0, r0, #7
 326              	.LVL3:
 113:.\Generated_Source\PSoC4/UART_rx.c ****     uint8 drVal = (uint8)(UART_rx_DR & (uint8)(~UART_rx_MASK));
 327              		.loc 1 113 0
 328 0006 1168     		ldr	r1, [r2]
 115:.\Generated_Source\PSoC4/UART_rx.c ****     UART_rx_DR = (uint32)drVal;
 116:.\Generated_Source\PSoC4/UART_rx.c **** }
 329              		.loc 1 116 0
 330              		@ sp needed
 113:.\Generated_Source\PSoC4/UART_rx.c ****     drVal = (drVal | ((uint8)(value << UART_rx_SHIFT) & UART_rx_MASK));
 331              		.loc 1 113 0
 332 0008 0B40     		and	r3, r1
 114:.\Generated_Source\PSoC4/UART_rx.c ****     drVal = (drVal | ((uint8)(value << UART_rx_SHIFT) & UART_rx_MASK));
 333              		.loc 1 114 0
 334 000a 1843     		orr	r0, r3
 115:.\Generated_Source\PSoC4/UART_rx.c ****     UART_rx_DR = (uint32)drVal;
 335              		.loc 1 115 0
 336 000c C0B2     		uxtb	r0, r0
 337 000e 1060     		str	r0, [r2]
 338              		.loc 1 116 0
 339 0010 7047     		bx	lr
 340              	.L6:
 341 0012 C046     		.align	2
 342              	.L5:
 343 0014 00020440 		.word	1074004480
 344              		.cfi_endproc
 345              	.LFE1:
 346              		.size	UART_rx_Write, .-UART_rx_Write
 347              		.section	.text.UART_rx_Read,"ax",%progbits
 348              		.align	1
 349              		.global	UART_rx_Read
 350              		.code	16
 351              		.thumb_func
 352              		.type	UART_rx_Read, %function
ARM GAS  C:\Users\victo\AppData\Local\Temp\ccCOcCZ4.s 			page 24


 353              	UART_rx_Read:
 354              	.LFB2:
 117:.\Generated_Source\PSoC4/UART_rx.c **** 
 118:.\Generated_Source\PSoC4/UART_rx.c **** 
 119:.\Generated_Source\PSoC4/UART_rx.c **** /*******************************************************************************
 120:.\Generated_Source\PSoC4/UART_rx.c **** * Function Name: UART_rx_Read
 121:.\Generated_Source\PSoC4/UART_rx.c **** ****************************************************************************//**
 122:.\Generated_Source\PSoC4/UART_rx.c **** *
 123:.\Generated_Source\PSoC4/UART_rx.c **** * \brief Reads the associated physical port (pin status register) and masks 
 124:.\Generated_Source\PSoC4/UART_rx.c **** *  the required bits according to the width and bit position of the component
 125:.\Generated_Source\PSoC4/UART_rx.c **** *  instance. 
 126:.\Generated_Source\PSoC4/UART_rx.c **** *
 127:.\Generated_Source\PSoC4/UART_rx.c **** * The pin's status register returns the current logic level present on the 
 128:.\Generated_Source\PSoC4/UART_rx.c **** * physical pin.
 129:.\Generated_Source\PSoC4/UART_rx.c **** *
 130:.\Generated_Source\PSoC4/UART_rx.c **** * \return 
 131:.\Generated_Source\PSoC4/UART_rx.c **** *  The current value for the pins in the component as a right justified number.
 132:.\Generated_Source\PSoC4/UART_rx.c **** *
 133:.\Generated_Source\PSoC4/UART_rx.c **** * \funcusage
 134:.\Generated_Source\PSoC4/UART_rx.c **** *  \snippet UART_rx_SUT.c usage_UART_rx_Read  
 135:.\Generated_Source\PSoC4/UART_rx.c **** *******************************************************************************/
 136:.\Generated_Source\PSoC4/UART_rx.c **** uint8 UART_rx_Read(void)
 137:.\Generated_Source\PSoC4/UART_rx.c **** {
 355              		.loc 1 137 0
 356              		.cfi_startproc
 138:.\Generated_Source\PSoC4/UART_rx.c ****     return (uint8)((UART_rx_PS & UART_rx_MASK) >> UART_rx_SHIFT);
 357              		.loc 1 138 0
 358 0000 024B     		ldr	r3, .L8
 139:.\Generated_Source\PSoC4/UART_rx.c **** }
 359              		.loc 1 139 0
 360              		@ sp needed
 138:.\Generated_Source\PSoC4/UART_rx.c ****     return (uint8)((UART_rx_PS & UART_rx_MASK) >> UART_rx_SHIFT);
 361              		.loc 1 138 0
 362 0002 1868     		ldr	r0, [r3]
 363 0004 0006     		lsl	r0, r0, #24
 364 0006 C00F     		lsr	r0, r0, #31
 365              		.loc 1 139 0
 366 0008 7047     		bx	lr
 367              	.L9:
 368 000a C046     		.align	2
 369              	.L8:
 370 000c 04020440 		.word	1074004484
 371              		.cfi_endproc
 372              	.LFE2:
 373              		.size	UART_rx_Read, .-UART_rx_Read
 374              		.section	.text.UART_rx_ReadDataReg,"ax",%progbits
 375              		.align	1
 376              		.global	UART_rx_ReadDataReg
 377              		.code	16
 378              		.thumb_func
 379              		.type	UART_rx_ReadDataReg, %function
 380              	UART_rx_ReadDataReg:
 381              	.LFB3:
 140:.\Generated_Source\PSoC4/UART_rx.c **** 
 141:.\Generated_Source\PSoC4/UART_rx.c **** 
 142:.\Generated_Source\PSoC4/UART_rx.c **** /*******************************************************************************
 143:.\Generated_Source\PSoC4/UART_rx.c **** * Function Name: UART_rx_ReadDataReg
ARM GAS  C:\Users\victo\AppData\Local\Temp\ccCOcCZ4.s 			page 25


 144:.\Generated_Source\PSoC4/UART_rx.c **** ****************************************************************************//**
 145:.\Generated_Source\PSoC4/UART_rx.c **** *
 146:.\Generated_Source\PSoC4/UART_rx.c **** * \brief Reads the associated physical port's data output register and masks 
 147:.\Generated_Source\PSoC4/UART_rx.c **** *  the correct bits according to the width and bit position of the component 
 148:.\Generated_Source\PSoC4/UART_rx.c **** *  instance. 
 149:.\Generated_Source\PSoC4/UART_rx.c **** *
 150:.\Generated_Source\PSoC4/UART_rx.c **** * The data output register controls the signal applied to the physical pin in 
 151:.\Generated_Source\PSoC4/UART_rx.c **** * conjunction with the drive mode parameter. This is not the same as the 
 152:.\Generated_Source\PSoC4/UART_rx.c **** * preferred UART_rx_Read() API because the 
 153:.\Generated_Source\PSoC4/UART_rx.c **** * UART_rx_ReadDataReg() reads the data register instead of the status 
 154:.\Generated_Source\PSoC4/UART_rx.c **** * register. For output pins this is a useful function to determine the value 
 155:.\Generated_Source\PSoC4/UART_rx.c **** * just written to the pin.
 156:.\Generated_Source\PSoC4/UART_rx.c **** *
 157:.\Generated_Source\PSoC4/UART_rx.c **** * \return 
 158:.\Generated_Source\PSoC4/UART_rx.c **** *  The current value of the data register masked and shifted into a right 
 159:.\Generated_Source\PSoC4/UART_rx.c **** *  justified number for the component instance.
 160:.\Generated_Source\PSoC4/UART_rx.c **** *
 161:.\Generated_Source\PSoC4/UART_rx.c **** * \funcusage
 162:.\Generated_Source\PSoC4/UART_rx.c **** *  \snippet UART_rx_SUT.c usage_UART_rx_ReadDataReg 
 163:.\Generated_Source\PSoC4/UART_rx.c **** *******************************************************************************/
 164:.\Generated_Source\PSoC4/UART_rx.c **** uint8 UART_rx_ReadDataReg(void)
 165:.\Generated_Source\PSoC4/UART_rx.c **** {
 382              		.loc 1 165 0
 383              		.cfi_startproc
 166:.\Generated_Source\PSoC4/UART_rx.c ****     return (uint8)((UART_rx_DR & UART_rx_MASK) >> UART_rx_SHIFT);
 384              		.loc 1 166 0
 385 0000 024B     		ldr	r3, .L11
 167:.\Generated_Source\PSoC4/UART_rx.c **** }
 386              		.loc 1 167 0
 387              		@ sp needed
 166:.\Generated_Source\PSoC4/UART_rx.c ****     return (uint8)((UART_rx_DR & UART_rx_MASK) >> UART_rx_SHIFT);
 388              		.loc 1 166 0
 389 0002 1868     		ldr	r0, [r3]
 390 0004 0006     		lsl	r0, r0, #24
 391 0006 C00F     		lsr	r0, r0, #31
 392              		.loc 1 167 0
 393 0008 7047     		bx	lr
 394              	.L12:
 395 000a C046     		.align	2
 396              	.L11:
 397 000c 00020440 		.word	1074004480
 398              		.cfi_endproc
 399              	.LFE3:
 400              		.size	UART_rx_ReadDataReg, .-UART_rx_ReadDataReg
 401              		.section	.text.UART_rx_SetInterruptMode,"ax",%progbits
 402              		.align	1
 403              		.global	UART_rx_SetInterruptMode
 404              		.code	16
 405              		.thumb_func
 406              		.type	UART_rx_SetInterruptMode, %function
 407              	UART_rx_SetInterruptMode:
 408              	.LFB4:
 168:.\Generated_Source\PSoC4/UART_rx.c **** 
 169:.\Generated_Source\PSoC4/UART_rx.c **** 
 170:.\Generated_Source\PSoC4/UART_rx.c **** /*******************************************************************************
 171:.\Generated_Source\PSoC4/UART_rx.c **** * Function Name: UART_rx_SetInterruptMode
 172:.\Generated_Source\PSoC4/UART_rx.c **** ****************************************************************************//**
ARM GAS  C:\Users\victo\AppData\Local\Temp\ccCOcCZ4.s 			page 26


 173:.\Generated_Source\PSoC4/UART_rx.c **** *
 174:.\Generated_Source\PSoC4/UART_rx.c **** * \brief Configures the interrupt mode for each of the Pins component's
 175:.\Generated_Source\PSoC4/UART_rx.c **** *  pins. Alternatively you may set the interrupt mode for all the pins
 176:.\Generated_Source\PSoC4/UART_rx.c **** *  specified in the Pins component.
 177:.\Generated_Source\PSoC4/UART_rx.c **** *
 178:.\Generated_Source\PSoC4/UART_rx.c **** *  <b>Note</b> The interrupt is port-wide and therefore any enabled pin
 179:.\Generated_Source\PSoC4/UART_rx.c **** *  interrupt may trigger it.
 180:.\Generated_Source\PSoC4/UART_rx.c **** *
 181:.\Generated_Source\PSoC4/UART_rx.c **** * \param position
 182:.\Generated_Source\PSoC4/UART_rx.c **** *  The pin position as listed in the Pins component. You may OR these to be 
 183:.\Generated_Source\PSoC4/UART_rx.c **** *  able to configure the interrupt mode of multiple pins within a Pins 
 184:.\Generated_Source\PSoC4/UART_rx.c **** *  component. Or you may use UART_rx_INTR_ALL to configure the
 185:.\Generated_Source\PSoC4/UART_rx.c **** *  interrupt mode of all the pins in the Pins component.       
 186:.\Generated_Source\PSoC4/UART_rx.c **** *  - UART_rx_0_INTR       (First pin in the list)
 187:.\Generated_Source\PSoC4/UART_rx.c **** *  - UART_rx_1_INTR       (Second pin in the list)
 188:.\Generated_Source\PSoC4/UART_rx.c **** *  - ...
 189:.\Generated_Source\PSoC4/UART_rx.c **** *  - UART_rx_INTR_ALL     (All pins in Pins component)
 190:.\Generated_Source\PSoC4/UART_rx.c **** *
 191:.\Generated_Source\PSoC4/UART_rx.c **** * \param mode
 192:.\Generated_Source\PSoC4/UART_rx.c **** *  Interrupt mode for the selected pins. Valid options are documented in
 193:.\Generated_Source\PSoC4/UART_rx.c **** *  \ref intrMode.
 194:.\Generated_Source\PSoC4/UART_rx.c **** *
 195:.\Generated_Source\PSoC4/UART_rx.c **** * \return 
 196:.\Generated_Source\PSoC4/UART_rx.c **** *  None
 197:.\Generated_Source\PSoC4/UART_rx.c **** *  
 198:.\Generated_Source\PSoC4/UART_rx.c **** * \sideeffect
 199:.\Generated_Source\PSoC4/UART_rx.c **** *  It is recommended that the interrupt be disabled before calling this 
 200:.\Generated_Source\PSoC4/UART_rx.c **** *  function to avoid unintended interrupt requests. Note that the interrupt
 201:.\Generated_Source\PSoC4/UART_rx.c **** *  type is port wide, and therefore will trigger for any enabled pin on the 
 202:.\Generated_Source\PSoC4/UART_rx.c **** *  port.
 203:.\Generated_Source\PSoC4/UART_rx.c **** *
 204:.\Generated_Source\PSoC4/UART_rx.c **** * \funcusage
 205:.\Generated_Source\PSoC4/UART_rx.c **** *  \snippet UART_rx_SUT.c usage_UART_rx_SetInterruptMode
 206:.\Generated_Source\PSoC4/UART_rx.c **** *******************************************************************************/
 207:.\Generated_Source\PSoC4/UART_rx.c **** void UART_rx_SetInterruptMode(uint16 position, uint16 mode)
 208:.\Generated_Source\PSoC4/UART_rx.c **** {
 409              		.loc 1 208 0
 410              		.cfi_startproc
 411              	.LVL4:
 209:.\Generated_Source\PSoC4/UART_rx.c ****     uint32 intrCfg;
 210:.\Generated_Source\PSoC4/UART_rx.c ****     
 211:.\Generated_Source\PSoC4/UART_rx.c ****     intrCfg =  UART_rx_INTCFG & (uint32)(~(uint32)position);
 412              		.loc 1 211 0
 413 0000 034A     		ldr	r2, .L14
 212:.\Generated_Source\PSoC4/UART_rx.c ****     UART_rx_INTCFG = intrCfg | ((uint32)position & (uint32)mode);
 213:.\Generated_Source\PSoC4/UART_rx.c **** }
 414              		.loc 1 213 0
 415              		@ sp needed
 211:.\Generated_Source\PSoC4/UART_rx.c ****     UART_rx_INTCFG = intrCfg | ((uint32)position & (uint32)mode);
 416              		.loc 1 211 0
 417 0002 1368     		ldr	r3, [r2]
 418              	.LVL5:
 419 0004 8343     		bic	r3, r0
 420              	.LVL6:
 212:.\Generated_Source\PSoC4/UART_rx.c ****     UART_rx_INTCFG = intrCfg | ((uint32)position & (uint32)mode);
 421              		.loc 1 212 0
 422 0006 0840     		and	r0, r1
ARM GAS  C:\Users\victo\AppData\Local\Temp\ccCOcCZ4.s 			page 27


 423              	.LVL7:
 424 0008 1843     		orr	r0, r3
 425 000a 1060     		str	r0, [r2]
 426              		.loc 1 213 0
 427 000c 7047     		bx	lr
 428              	.L15:
 429 000e C046     		.align	2
 430              	.L14:
 431 0010 0C020440 		.word	1074004492
 432              		.cfi_endproc
 433              	.LFE4:
 434              		.size	UART_rx_SetInterruptMode, .-UART_rx_SetInterruptMode
 435              		.section	.text.UART_rx_ClearInterrupt,"ax",%progbits
 436              		.align	1
 437              		.global	UART_rx_ClearInterrupt
 438              		.code	16
 439              		.thumb_func
 440              		.type	UART_rx_ClearInterrupt, %function
 441              	UART_rx_ClearInterrupt:
 442              	.LFB5:
 214:.\Generated_Source\PSoC4/UART_rx.c **** 
 215:.\Generated_Source\PSoC4/UART_rx.c **** 
 216:.\Generated_Source\PSoC4/UART_rx.c **** /*******************************************************************************
 217:.\Generated_Source\PSoC4/UART_rx.c **** * Function Name: UART_rx_ClearInterrupt
 218:.\Generated_Source\PSoC4/UART_rx.c **** ****************************************************************************//**
 219:.\Generated_Source\PSoC4/UART_rx.c **** *
 220:.\Generated_Source\PSoC4/UART_rx.c **** * \brief Clears any active interrupts attached with the component and returns 
 221:.\Generated_Source\PSoC4/UART_rx.c **** *  the value of the interrupt status register allowing determination of which
 222:.\Generated_Source\PSoC4/UART_rx.c **** *  pins generated an interrupt event.
 223:.\Generated_Source\PSoC4/UART_rx.c **** *
 224:.\Generated_Source\PSoC4/UART_rx.c **** * \return 
 225:.\Generated_Source\PSoC4/UART_rx.c **** *  The right-shifted current value of the interrupt status register. Each pin 
 226:.\Generated_Source\PSoC4/UART_rx.c **** *  has one bit set if it generated an interrupt event. For example, bit 0 is 
 227:.\Generated_Source\PSoC4/UART_rx.c **** *  for pin 0 and bit 1 is for pin 1 of the Pins component.
 228:.\Generated_Source\PSoC4/UART_rx.c **** *  
 229:.\Generated_Source\PSoC4/UART_rx.c **** * \sideeffect
 230:.\Generated_Source\PSoC4/UART_rx.c **** *  Clears all bits of the physical port's interrupt status register, not just
 231:.\Generated_Source\PSoC4/UART_rx.c **** *  those associated with the Pins component.
 232:.\Generated_Source\PSoC4/UART_rx.c **** *
 233:.\Generated_Source\PSoC4/UART_rx.c **** * \funcusage
 234:.\Generated_Source\PSoC4/UART_rx.c **** *  \snippet UART_rx_SUT.c usage_UART_rx_ClearInterrupt
 235:.\Generated_Source\PSoC4/UART_rx.c **** *******************************************************************************/
 236:.\Generated_Source\PSoC4/UART_rx.c **** uint8 UART_rx_ClearInterrupt(void)
 237:.\Generated_Source\PSoC4/UART_rx.c **** {
 443              		.loc 1 237 0
 444              		.cfi_startproc
 238:.\Generated_Source\PSoC4/UART_rx.c **** 	uint8 maskedStatus = (uint8)(UART_rx_INTSTAT & UART_rx_MASK);
 445              		.loc 1 238 0
 446 0000 7F22     		mov	r2, #127
 447 0002 034B     		ldr	r3, .L17
 239:.\Generated_Source\PSoC4/UART_rx.c **** 	UART_rx_INTSTAT = maskedStatus;
 240:.\Generated_Source\PSoC4/UART_rx.c ****     return maskedStatus >> UART_rx_SHIFT;
 241:.\Generated_Source\PSoC4/UART_rx.c **** }
 448              		.loc 1 241 0
 449              		@ sp needed
 238:.\Generated_Source\PSoC4/UART_rx.c **** 	uint8 maskedStatus = (uint8)(UART_rx_INTSTAT & UART_rx_MASK);
 450              		.loc 1 238 0
ARM GAS  C:\Users\victo\AppData\Local\Temp\ccCOcCZ4.s 			page 28


 451 0004 1868     		ldr	r0, [r3]
 452 0006 9043     		bic	r0, r2
 453 0008 C0B2     		uxtb	r0, r0
 454              	.LVL8:
 239:.\Generated_Source\PSoC4/UART_rx.c **** 	UART_rx_INTSTAT = maskedStatus;
 455              		.loc 1 239 0
 456 000a 1860     		str	r0, [r3]
 240:.\Generated_Source\PSoC4/UART_rx.c **** }
 457              		.loc 1 240 0
 458 000c C009     		lsr	r0, r0, #7
 459              	.LVL9:
 460              		.loc 1 241 0
 461 000e 7047     		bx	lr
 462              	.L18:
 463              		.align	2
 464              	.L17:
 465 0010 10020440 		.word	1074004496
 466              		.cfi_endproc
 467              	.LFE5:
 468              		.size	UART_rx_ClearInterrupt, .-UART_rx_ClearInterrupt
 469              		.text
 470              	.Letext0:
 471              		.file 2 ".\\Generated_Source\\PSoC4\\cytypes.h"
 472              		.section	.debug_info,"",%progbits
 473              	.Ldebug_info0:
 474 0000 97010000 		.4byte	0x197
 475 0004 0400     		.2byte	0x4
 476 0006 00000000 		.4byte	.Ldebug_abbrev0
 477 000a 04       		.byte	0x4
 478 000b 01       		.uleb128 0x1
 479 000c F1000000 		.4byte	.LASF27
 480 0010 01       		.byte	0x1
 481 0011 00000000 		.4byte	.LASF28
 482 0015 CB010000 		.4byte	.LASF29
 483 0019 00000000 		.4byte	.Ldebug_ranges0+0
 484 001d 00000000 		.4byte	0
 485 0021 00000000 		.4byte	.Ldebug_line0
 486 0025 02       		.uleb128 0x2
 487 0026 01       		.byte	0x1
 488 0027 06       		.byte	0x6
 489 0028 77020000 		.4byte	.LASF0
 490 002c 02       		.uleb128 0x2
 491 002d 01       		.byte	0x1
 492 002e 08       		.byte	0x8
 493 002f 4C000000 		.4byte	.LASF1
 494 0033 02       		.uleb128 0x2
 495 0034 02       		.byte	0x2
 496 0035 05       		.byte	0x5
 497 0036 5E020000 		.4byte	.LASF2
 498 003a 02       		.uleb128 0x2
 499 003b 02       		.byte	0x2
 500 003c 07       		.byte	0x7
 501 003d 72000000 		.4byte	.LASF3
 502 0041 02       		.uleb128 0x2
 503 0042 04       		.byte	0x4
 504 0043 05       		.byte	0x5
 505 0044 6E020000 		.4byte	.LASF4
ARM GAS  C:\Users\victo\AppData\Local\Temp\ccCOcCZ4.s 			page 29


 506 0048 02       		.uleb128 0x2
 507 0049 04       		.byte	0x4
 508 004a 07       		.byte	0x7
 509 004b 60000000 		.4byte	.LASF5
 510 004f 02       		.uleb128 0x2
 511 0050 08       		.byte	0x8
 512 0051 05       		.byte	0x5
 513 0052 3E020000 		.4byte	.LASF6
 514 0056 02       		.uleb128 0x2
 515 0057 08       		.byte	0x8
 516 0058 07       		.byte	0x7
 517 0059 DA000000 		.4byte	.LASF7
 518 005d 03       		.uleb128 0x3
 519 005e 04       		.byte	0x4
 520 005f 05       		.byte	0x5
 521 0060 696E7400 		.ascii	"int\000"
 522 0064 02       		.uleb128 0x2
 523 0065 04       		.byte	0x4
 524 0066 07       		.byte	0x7
 525 0067 CD000000 		.4byte	.LASF8
 526 006b 04       		.uleb128 0x4
 527 006c 68020000 		.4byte	.LASF9
 528 0070 02       		.byte	0x2
 529 0071 9801     		.2byte	0x198
 530 0073 2C000000 		.4byte	0x2c
 531 0077 04       		.uleb128 0x4
 532 0078 AE000000 		.4byte	.LASF10
 533 007c 02       		.byte	0x2
 534 007d 9901     		.2byte	0x199
 535 007f 3A000000 		.4byte	0x3a
 536 0083 04       		.uleb128 0x4
 537 0084 BE000000 		.4byte	.LASF11
 538 0088 02       		.byte	0x2
 539 0089 9A01     		.2byte	0x19a
 540 008b 48000000 		.4byte	0x48
 541 008f 02       		.uleb128 0x2
 542 0090 04       		.byte	0x4
 543 0091 04       		.byte	0x4
 544 0092 46000000 		.4byte	.LASF12
 545 0096 02       		.uleb128 0x2
 546 0097 08       		.byte	0x8
 547 0098 04       		.byte	0x4
 548 0099 85000000 		.4byte	.LASF13
 549 009d 02       		.uleb128 0x2
 550 009e 01       		.byte	0x1
 551 009f 08       		.byte	0x8
 552 00a0 59020000 		.4byte	.LASF14
 553 00a4 04       		.uleb128 0x4
 554 00a5 23000000 		.4byte	.LASF15
 555 00a9 02       		.byte	0x2
 556 00aa 4402     		.2byte	0x244
 557 00ac B0000000 		.4byte	0xb0
 558 00b0 05       		.uleb128 0x5
 559 00b1 83000000 		.4byte	0x83
 560 00b5 06       		.uleb128 0x6
 561 00b6 8C000000 		.4byte	.LASF16
 562 00ba 01       		.byte	0x1
ARM GAS  C:\Users\victo\AppData\Local\Temp\ccCOcCZ4.s 			page 30


 563 00bb 48       		.byte	0x48
 564 00bc 00000000 		.4byte	.LFB0
 565 00c0 18000000 		.4byte	.LFE0-.LFB0
 566 00c4 01       		.uleb128 0x1
 567 00c5 9C       		.byte	0x9c
 568 00c6 DA000000 		.4byte	0xda
 569 00ca 07       		.uleb128 0x7
 570 00cb C6010000 		.4byte	.LASF18
 571 00cf 01       		.byte	0x1
 572 00d0 48       		.byte	0x48
 573 00d1 6B000000 		.4byte	0x6b
 574 00d5 00000000 		.4byte	.LLST0
 575 00d9 00       		.byte	0
 576 00da 06       		.uleb128 0x6
 577 00db 30020000 		.4byte	.LASF17
 578 00df 01       		.byte	0x1
 579 00e0 6F       		.byte	0x6f
 580 00e1 00000000 		.4byte	.LFB1
 581 00e5 18000000 		.4byte	.LFE1-.LFB1
 582 00e9 01       		.uleb128 0x1
 583 00ea 9C       		.byte	0x9c
 584 00eb 0A010000 		.4byte	0x10a
 585 00ef 07       		.uleb128 0x7
 586 00f0 40000000 		.4byte	.LASF19
 587 00f4 01       		.byte	0x1
 588 00f5 6F       		.byte	0x6f
 589 00f6 6B000000 		.4byte	0x6b
 590 00fa 21000000 		.4byte	.LLST1
 591 00fe 08       		.uleb128 0x8
 592 00ff 5A000000 		.4byte	.LASF30
 593 0103 01       		.byte	0x1
 594 0104 71       		.byte	0x71
 595 0105 6B000000 		.4byte	0x6b
 596 0109 00       		.byte	0
 597 010a 09       		.uleb128 0x9
 598 010b A1000000 		.4byte	.LASF20
 599 010f 01       		.byte	0x1
 600 0110 88       		.byte	0x88
 601 0111 6B000000 		.4byte	0x6b
 602 0115 00000000 		.4byte	.LFB2
 603 0119 10000000 		.4byte	.LFE2-.LFB2
 604 011d 01       		.uleb128 0x1
 605 011e 9C       		.byte	0x9c
 606 011f 09       		.uleb128 0x9
 607 0120 83020000 		.4byte	.LASF21
 608 0124 01       		.byte	0x1
 609 0125 A4       		.byte	0xa4
 610 0126 6B000000 		.4byte	0x6b
 611 012a 00000000 		.4byte	.LFB3
 612 012e 10000000 		.4byte	.LFE3-.LFB3
 613 0132 01       		.uleb128 0x1
 614 0133 9C       		.byte	0x9c
 615 0134 06       		.uleb128 0x6
 616 0135 AD010000 		.4byte	.LASF22
 617 0139 01       		.byte	0x1
 618 013a CF       		.byte	0xcf
 619 013b 00000000 		.4byte	.LFB4
ARM GAS  C:\Users\victo\AppData\Local\Temp\ccCOcCZ4.s 			page 31


 620 013f 14000000 		.4byte	.LFE4-.LFB4
 621 0143 01       		.uleb128 0x1
 622 0144 9C       		.byte	0x9c
 623 0145 75010000 		.4byte	0x175
 624 0149 07       		.uleb128 0x7
 625 014a B5000000 		.4byte	.LASF23
 626 014e 01       		.byte	0x1
 627 014f CF       		.byte	0xcf
 628 0150 77000000 		.4byte	0x77
 629 0154 42000000 		.4byte	.LLST2
 630 0158 0A       		.uleb128 0xa
 631 0159 C6010000 		.4byte	.LASF18
 632 015d 01       		.byte	0x1
 633 015e CF       		.byte	0xcf
 634 015f 77000000 		.4byte	0x77
 635 0163 01       		.uleb128 0x1
 636 0164 51       		.byte	0x51
 637 0165 0B       		.uleb128 0xb
 638 0166 C5000000 		.4byte	.LASF25
 639 016a 01       		.byte	0x1
 640 016b D1       		.byte	0xd1
 641 016c 83000000 		.4byte	0x83
 642 0170 63000000 		.4byte	.LLST3
 643 0174 00       		.byte	0
 644 0175 0C       		.uleb128 0xc
 645 0176 29000000 		.4byte	.LASF24
 646 017a 01       		.byte	0x1
 647 017b EC       		.byte	0xec
 648 017c 6B000000 		.4byte	0x6b
 649 0180 00000000 		.4byte	.LFB5
 650 0184 14000000 		.4byte	.LFE5-.LFB5
 651 0188 01       		.uleb128 0x1
 652 0189 9C       		.byte	0x9c
 653 018a 0B       		.uleb128 0xb
 654 018b 4C020000 		.4byte	.LASF26
 655 018f 01       		.byte	0x1
 656 0190 EE       		.byte	0xee
 657 0191 6B000000 		.4byte	0x6b
 658 0195 80000000 		.4byte	.LLST4
 659 0199 00       		.byte	0
 660 019a 00       		.byte	0
 661              		.section	.debug_abbrev,"",%progbits
 662              	.Ldebug_abbrev0:
 663 0000 01       		.uleb128 0x1
 664 0001 11       		.uleb128 0x11
 665 0002 01       		.byte	0x1
 666 0003 25       		.uleb128 0x25
 667 0004 0E       		.uleb128 0xe
 668 0005 13       		.uleb128 0x13
 669 0006 0B       		.uleb128 0xb
 670 0007 03       		.uleb128 0x3
 671 0008 0E       		.uleb128 0xe
 672 0009 1B       		.uleb128 0x1b
 673 000a 0E       		.uleb128 0xe
 674 000b 55       		.uleb128 0x55
 675 000c 17       		.uleb128 0x17
 676 000d 11       		.uleb128 0x11
ARM GAS  C:\Users\victo\AppData\Local\Temp\ccCOcCZ4.s 			page 32


 677 000e 01       		.uleb128 0x1
 678 000f 10       		.uleb128 0x10
 679 0010 17       		.uleb128 0x17
 680 0011 00       		.byte	0
 681 0012 00       		.byte	0
 682 0013 02       		.uleb128 0x2
 683 0014 24       		.uleb128 0x24
 684 0015 00       		.byte	0
 685 0016 0B       		.uleb128 0xb
 686 0017 0B       		.uleb128 0xb
 687 0018 3E       		.uleb128 0x3e
 688 0019 0B       		.uleb128 0xb
 689 001a 03       		.uleb128 0x3
 690 001b 0E       		.uleb128 0xe
 691 001c 00       		.byte	0
 692 001d 00       		.byte	0
 693 001e 03       		.uleb128 0x3
 694 001f 24       		.uleb128 0x24
 695 0020 00       		.byte	0
 696 0021 0B       		.uleb128 0xb
 697 0022 0B       		.uleb128 0xb
 698 0023 3E       		.uleb128 0x3e
 699 0024 0B       		.uleb128 0xb
 700 0025 03       		.uleb128 0x3
 701 0026 08       		.uleb128 0x8
 702 0027 00       		.byte	0
 703 0028 00       		.byte	0
 704 0029 04       		.uleb128 0x4
 705 002a 16       		.uleb128 0x16
 706 002b 00       		.byte	0
 707 002c 03       		.uleb128 0x3
 708 002d 0E       		.uleb128 0xe
 709 002e 3A       		.uleb128 0x3a
 710 002f 0B       		.uleb128 0xb
 711 0030 3B       		.uleb128 0x3b
 712 0031 05       		.uleb128 0x5
 713 0032 49       		.uleb128 0x49
 714 0033 13       		.uleb128 0x13
 715 0034 00       		.byte	0
 716 0035 00       		.byte	0
 717 0036 05       		.uleb128 0x5
 718 0037 35       		.uleb128 0x35
 719 0038 00       		.byte	0
 720 0039 49       		.uleb128 0x49
 721 003a 13       		.uleb128 0x13
 722 003b 00       		.byte	0
 723 003c 00       		.byte	0
 724 003d 06       		.uleb128 0x6
 725 003e 2E       		.uleb128 0x2e
 726 003f 01       		.byte	0x1
 727 0040 3F       		.uleb128 0x3f
 728 0041 19       		.uleb128 0x19
 729 0042 03       		.uleb128 0x3
 730 0043 0E       		.uleb128 0xe
 731 0044 3A       		.uleb128 0x3a
 732 0045 0B       		.uleb128 0xb
 733 0046 3B       		.uleb128 0x3b
ARM GAS  C:\Users\victo\AppData\Local\Temp\ccCOcCZ4.s 			page 33


 734 0047 0B       		.uleb128 0xb
 735 0048 27       		.uleb128 0x27
 736 0049 19       		.uleb128 0x19
 737 004a 11       		.uleb128 0x11
 738 004b 01       		.uleb128 0x1
 739 004c 12       		.uleb128 0x12
 740 004d 06       		.uleb128 0x6
 741 004e 40       		.uleb128 0x40
 742 004f 18       		.uleb128 0x18
 743 0050 9742     		.uleb128 0x2117
 744 0052 19       		.uleb128 0x19
 745 0053 01       		.uleb128 0x1
 746 0054 13       		.uleb128 0x13
 747 0055 00       		.byte	0
 748 0056 00       		.byte	0
 749 0057 07       		.uleb128 0x7
 750 0058 05       		.uleb128 0x5
 751 0059 00       		.byte	0
 752 005a 03       		.uleb128 0x3
 753 005b 0E       		.uleb128 0xe
 754 005c 3A       		.uleb128 0x3a
 755 005d 0B       		.uleb128 0xb
 756 005e 3B       		.uleb128 0x3b
 757 005f 0B       		.uleb128 0xb
 758 0060 49       		.uleb128 0x49
 759 0061 13       		.uleb128 0x13
 760 0062 02       		.uleb128 0x2
 761 0063 17       		.uleb128 0x17
 762 0064 00       		.byte	0
 763 0065 00       		.byte	0
 764 0066 08       		.uleb128 0x8
 765 0067 34       		.uleb128 0x34
 766 0068 00       		.byte	0
 767 0069 03       		.uleb128 0x3
 768 006a 0E       		.uleb128 0xe
 769 006b 3A       		.uleb128 0x3a
 770 006c 0B       		.uleb128 0xb
 771 006d 3B       		.uleb128 0x3b
 772 006e 0B       		.uleb128 0xb
 773 006f 49       		.uleb128 0x49
 774 0070 13       		.uleb128 0x13
 775 0071 00       		.byte	0
 776 0072 00       		.byte	0
 777 0073 09       		.uleb128 0x9
 778 0074 2E       		.uleb128 0x2e
 779 0075 00       		.byte	0
 780 0076 3F       		.uleb128 0x3f
 781 0077 19       		.uleb128 0x19
 782 0078 03       		.uleb128 0x3
 783 0079 0E       		.uleb128 0xe
 784 007a 3A       		.uleb128 0x3a
 785 007b 0B       		.uleb128 0xb
 786 007c 3B       		.uleb128 0x3b
 787 007d 0B       		.uleb128 0xb
 788 007e 27       		.uleb128 0x27
 789 007f 19       		.uleb128 0x19
 790 0080 49       		.uleb128 0x49
ARM GAS  C:\Users\victo\AppData\Local\Temp\ccCOcCZ4.s 			page 34


 791 0081 13       		.uleb128 0x13
 792 0082 11       		.uleb128 0x11
 793 0083 01       		.uleb128 0x1
 794 0084 12       		.uleb128 0x12
 795 0085 06       		.uleb128 0x6
 796 0086 40       		.uleb128 0x40
 797 0087 18       		.uleb128 0x18
 798 0088 9742     		.uleb128 0x2117
 799 008a 19       		.uleb128 0x19
 800 008b 00       		.byte	0
 801 008c 00       		.byte	0
 802 008d 0A       		.uleb128 0xa
 803 008e 05       		.uleb128 0x5
 804 008f 00       		.byte	0
 805 0090 03       		.uleb128 0x3
 806 0091 0E       		.uleb128 0xe
 807 0092 3A       		.uleb128 0x3a
 808 0093 0B       		.uleb128 0xb
 809 0094 3B       		.uleb128 0x3b
 810 0095 0B       		.uleb128 0xb
 811 0096 49       		.uleb128 0x49
 812 0097 13       		.uleb128 0x13
 813 0098 02       		.uleb128 0x2
 814 0099 18       		.uleb128 0x18
 815 009a 00       		.byte	0
 816 009b 00       		.byte	0
 817 009c 0B       		.uleb128 0xb
 818 009d 34       		.uleb128 0x34
 819 009e 00       		.byte	0
 820 009f 03       		.uleb128 0x3
 821 00a0 0E       		.uleb128 0xe
 822 00a1 3A       		.uleb128 0x3a
 823 00a2 0B       		.uleb128 0xb
 824 00a3 3B       		.uleb128 0x3b
 825 00a4 0B       		.uleb128 0xb
 826 00a5 49       		.uleb128 0x49
 827 00a6 13       		.uleb128 0x13
 828 00a7 02       		.uleb128 0x2
 829 00a8 17       		.uleb128 0x17
 830 00a9 00       		.byte	0
 831 00aa 00       		.byte	0
 832 00ab 0C       		.uleb128 0xc
 833 00ac 2E       		.uleb128 0x2e
 834 00ad 01       		.byte	0x1
 835 00ae 3F       		.uleb128 0x3f
 836 00af 19       		.uleb128 0x19
 837 00b0 03       		.uleb128 0x3
 838 00b1 0E       		.uleb128 0xe
 839 00b2 3A       		.uleb128 0x3a
 840 00b3 0B       		.uleb128 0xb
 841 00b4 3B       		.uleb128 0x3b
 842 00b5 0B       		.uleb128 0xb
 843 00b6 27       		.uleb128 0x27
 844 00b7 19       		.uleb128 0x19
 845 00b8 49       		.uleb128 0x49
 846 00b9 13       		.uleb128 0x13
 847 00ba 11       		.uleb128 0x11
ARM GAS  C:\Users\victo\AppData\Local\Temp\ccCOcCZ4.s 			page 35


 848 00bb 01       		.uleb128 0x1
 849 00bc 12       		.uleb128 0x12
 850 00bd 06       		.uleb128 0x6
 851 00be 40       		.uleb128 0x40
 852 00bf 18       		.uleb128 0x18
 853 00c0 9742     		.uleb128 0x2117
 854 00c2 19       		.uleb128 0x19
 855 00c3 00       		.byte	0
 856 00c4 00       		.byte	0
 857 00c5 00       		.byte	0
 858              		.section	.debug_loc,"",%progbits
 859              	.Ldebug_loc0:
 860              	.LLST0:
 861 0000 00000000 		.4byte	.LVL0
 862 0004 08000000 		.4byte	.LVL1
 863 0008 0100     		.2byte	0x1
 864 000a 50       		.byte	0x50
 865 000b 08000000 		.4byte	.LVL1
 866 000f 18000000 		.4byte	.LFE0
 867 0013 0400     		.2byte	0x4
 868 0015 F3       		.byte	0xf3
 869 0016 01       		.uleb128 0x1
 870 0017 50       		.byte	0x50
 871 0018 9F       		.byte	0x9f
 872 0019 00000000 		.4byte	0
 873 001d 00000000 		.4byte	0
 874              	.LLST1:
 875 0021 00000000 		.4byte	.LVL2
 876 0025 06000000 		.4byte	.LVL3
 877 0029 0100     		.2byte	0x1
 878 002b 50       		.byte	0x50
 879 002c 06000000 		.4byte	.LVL3
 880 0030 18000000 		.4byte	.LFE1
 881 0034 0400     		.2byte	0x4
 882 0036 F3       		.byte	0xf3
 883 0037 01       		.uleb128 0x1
 884 0038 50       		.byte	0x50
 885 0039 9F       		.byte	0x9f
 886 003a 00000000 		.4byte	0
 887 003e 00000000 		.4byte	0
 888              	.LLST2:
 889 0042 00000000 		.4byte	.LVL4
 890 0046 08000000 		.4byte	.LVL7
 891 004a 0100     		.2byte	0x1
 892 004c 50       		.byte	0x50
 893 004d 08000000 		.4byte	.LVL7
 894 0051 14000000 		.4byte	.LFE4
 895 0055 0400     		.2byte	0x4
 896 0057 F3       		.byte	0xf3
 897 0058 01       		.uleb128 0x1
 898 0059 50       		.byte	0x50
 899 005a 9F       		.byte	0x9f
 900 005b 00000000 		.4byte	0
 901 005f 00000000 		.4byte	0
 902              	.LLST3:
 903 0063 04000000 		.4byte	.LVL5
 904 0067 06000000 		.4byte	.LVL6
ARM GAS  C:\Users\victo\AppData\Local\Temp\ccCOcCZ4.s 			page 36


 905 006b 0B00     		.2byte	0xb
 906 006d 70       		.byte	0x70
 907 006e 00       		.sleb128 0
 908 006f 0A       		.byte	0xa
 909 0070 FFFF     		.2byte	0xffff
 910 0072 1A       		.byte	0x1a
 911 0073 20       		.byte	0x20
 912 0074 73       		.byte	0x73
 913 0075 00       		.sleb128 0
 914 0076 1A       		.byte	0x1a
 915 0077 9F       		.byte	0x9f
 916 0078 00000000 		.4byte	0
 917 007c 00000000 		.4byte	0
 918              	.LLST4:
 919 0080 0A000000 		.4byte	.LVL8
 920 0084 0E000000 		.4byte	.LVL9
 921 0088 0100     		.2byte	0x1
 922 008a 50       		.byte	0x50
 923 008b 0E000000 		.4byte	.LVL9
 924 008f 14000000 		.4byte	.LFE5
 925 0093 0400     		.2byte	0x4
 926 0095 73       		.byte	0x73
 927 0096 00       		.sleb128 0
 928 0097 06       		.byte	0x6
 929 0098 9F       		.byte	0x9f
 930 0099 00000000 		.4byte	0
 931 009d 00000000 		.4byte	0
 932              		.section	.debug_aranges,"",%progbits
 933 0000 44000000 		.4byte	0x44
 934 0004 0200     		.2byte	0x2
 935 0006 00000000 		.4byte	.Ldebug_info0
 936 000a 04       		.byte	0x4
 937 000b 00       		.byte	0
 938 000c 0000     		.2byte	0
 939 000e 0000     		.2byte	0
 940 0010 00000000 		.4byte	.LFB0
 941 0014 18000000 		.4byte	.LFE0-.LFB0
 942 0018 00000000 		.4byte	.LFB1
 943 001c 18000000 		.4byte	.LFE1-.LFB1
 944 0020 00000000 		.4byte	.LFB2
 945 0024 10000000 		.4byte	.LFE2-.LFB2
 946 0028 00000000 		.4byte	.LFB3
 947 002c 10000000 		.4byte	.LFE3-.LFB3
 948 0030 00000000 		.4byte	.LFB4
 949 0034 14000000 		.4byte	.LFE4-.LFB4
 950 0038 00000000 		.4byte	.LFB5
 951 003c 14000000 		.4byte	.LFE5-.LFB5
 952 0040 00000000 		.4byte	0
 953 0044 00000000 		.4byte	0
 954              		.section	.debug_ranges,"",%progbits
 955              	.Ldebug_ranges0:
 956 0000 00000000 		.4byte	.LFB0
 957 0004 18000000 		.4byte	.LFE0
 958 0008 00000000 		.4byte	.LFB1
 959 000c 18000000 		.4byte	.LFE1
 960 0010 00000000 		.4byte	.LFB2
 961 0014 10000000 		.4byte	.LFE2
ARM GAS  C:\Users\victo\AppData\Local\Temp\ccCOcCZ4.s 			page 37


 962 0018 00000000 		.4byte	.LFB3
 963 001c 10000000 		.4byte	.LFE3
 964 0020 00000000 		.4byte	.LFB4
 965 0024 14000000 		.4byte	.LFE4
 966 0028 00000000 		.4byte	.LFB5
 967 002c 14000000 		.4byte	.LFE5
 968 0030 00000000 		.4byte	0
 969 0034 00000000 		.4byte	0
 970              		.section	.debug_line,"",%progbits
 971              	.Ldebug_line0:
 972 0000 C9000000 		.section	.debug_str,"MS",%progbits,1
 972      02004600 
 972      00000201 
 972      FB0E0D00 
 972      01010101 
 973              	.LASF28:
 974 0000 2E5C4765 		.ascii	".\\Generated_Source\\PSoC4\\UART_rx.c\000"
 974      6E657261 
 974      7465645F 
 974      536F7572 
 974      63655C50 
 975              	.LASF15:
 976 0023 72656733 		.ascii	"reg32\000"
 976      3200
 977              	.LASF24:
 978 0029 55415254 		.ascii	"UART_rx_ClearInterrupt\000"
 978      5F72785F 
 978      436C6561 
 978      72496E74 
 978      65727275 
 979              	.LASF19:
 980 0040 76616C75 		.ascii	"value\000"
 980      6500
 981              	.LASF12:
 982 0046 666C6F61 		.ascii	"float\000"
 982      7400
 983              	.LASF1:
 984 004c 756E7369 		.ascii	"unsigned char\000"
 984      676E6564 
 984      20636861 
 984      7200
 985              	.LASF30:
 986 005a 64725661 		.ascii	"drVal\000"
 986      6C00
 987              	.LASF5:
 988 0060 6C6F6E67 		.ascii	"long unsigned int\000"
 988      20756E73 
 988      69676E65 
 988      6420696E 
 988      7400
 989              	.LASF3:
 990 0072 73686F72 		.ascii	"short unsigned int\000"
 990      7420756E 
 990      7369676E 
 990      65642069 
 990      6E7400
 991              	.LASF13:
ARM GAS  C:\Users\victo\AppData\Local\Temp\ccCOcCZ4.s 			page 38


 992 0085 646F7562 		.ascii	"double\000"
 992      6C6500
 993              	.LASF16:
 994 008c 55415254 		.ascii	"UART_rx_SetDriveMode\000"
 994      5F72785F 
 994      53657444 
 994      72697665 
 994      4D6F6465 
 995              	.LASF20:
 996 00a1 55415254 		.ascii	"UART_rx_Read\000"
 996      5F72785F 
 996      52656164 
 996      00
 997              	.LASF10:
 998 00ae 75696E74 		.ascii	"uint16\000"
 998      313600
 999              	.LASF23:
 1000 00b5 706F7369 		.ascii	"position\000"
 1000      74696F6E 
 1000      00
 1001              	.LASF11:
 1002 00be 75696E74 		.ascii	"uint32\000"
 1002      333200
 1003              	.LASF25:
 1004 00c5 696E7472 		.ascii	"intrCfg\000"
 1004      43666700 
 1005              	.LASF8:
 1006 00cd 756E7369 		.ascii	"unsigned int\000"
 1006      676E6564 
 1006      20696E74 
 1006      00
 1007              	.LASF7:
 1008 00da 6C6F6E67 		.ascii	"long long unsigned int\000"
 1008      206C6F6E 
 1008      6720756E 
 1008      7369676E 
 1008      65642069 
 1009              	.LASF27:
 1010 00f1 474E5520 		.ascii	"GNU C 4.9.3 20150303 (release) [ARM/embedded-4_9-br"
 1010      4320342E 
 1010      392E3320 
 1010      32303135 
 1010      30333033 
 1011 0124 616E6368 		.ascii	"anch revision 221220] -mcpu=cortex-m0 -mthumb -g -O"
 1011      20726576 
 1011      6973696F 
 1011      6E203232 
 1011      31323230 
 1012 0157 73202D66 		.ascii	"s -ffunction-sections -finline-functions -flto -ffa"
 1012      66756E63 
 1012      74696F6E 
 1012      2D736563 
 1012      74696F6E 
 1013 018a 742D6C74 		.ascii	"t-lto-objects -fno-strict-aliasing\000"
 1013      6F2D6F62 
 1013      6A656374 
 1013      73202D66 
ARM GAS  C:\Users\victo\AppData\Local\Temp\ccCOcCZ4.s 			page 39


 1013      6E6F2D73 
 1014              	.LASF22:
 1015 01ad 55415254 		.ascii	"UART_rx_SetInterruptMode\000"
 1015      5F72785F 
 1015      53657449 
 1015      6E746572 
 1015      72757074 
 1016              	.LASF18:
 1017 01c6 6D6F6465 		.ascii	"mode\000"
 1017      00
 1018              	.LASF29:
 1019 01cb 433A5C55 		.ascii	"C:\\Users\\victo\\OneDrive\\Documents\\PSoC Creator"
 1019      73657273 
 1019      5C766963 
 1019      746F5C4F 
 1019      6E654472 
 1020 01f9 5C435950 		.ascii	"\\CYPD4225-40LQXI_0805\\CYPD4225-40LQXI_notebook01."
 1020      44343232 
 1020      352D3430 
 1020      4C515849 
 1020      5F303830 
 1021 022a 63796473 		.ascii	"cydsn\000"
 1021      6E00
 1022              	.LASF17:
 1023 0230 55415254 		.ascii	"UART_rx_Write\000"
 1023      5F72785F 
 1023      57726974 
 1023      6500
 1024              	.LASF6:
 1025 023e 6C6F6E67 		.ascii	"long long int\000"
 1025      206C6F6E 
 1025      6720696E 
 1025      7400
 1026              	.LASF26:
 1027 024c 6D61736B 		.ascii	"maskedStatus\000"
 1027      65645374 
 1027      61747573 
 1027      00
 1028              	.LASF14:
 1029 0259 63686172 		.ascii	"char\000"
 1029      00
 1030              	.LASF2:
 1031 025e 73686F72 		.ascii	"short int\000"
 1031      7420696E 
 1031      7400
 1032              	.LASF9:
 1033 0268 75696E74 		.ascii	"uint8\000"
 1033      3800
 1034              	.LASF4:
 1035 026e 6C6F6E67 		.ascii	"long int\000"
 1035      20696E74 
 1035      00
 1036              	.LASF0:
 1037 0277 7369676E 		.ascii	"signed char\000"
 1037      65642063 
 1037      68617200 
 1038              	.LASF21:
ARM GAS  C:\Users\victo\AppData\Local\Temp\ccCOcCZ4.s 			page 40


 1039 0283 55415254 		.ascii	"UART_rx_ReadDataReg\000"
 1039      5F72785F 
 1039      52656164 
 1039      44617461 
 1039      52656700 
 1040              		.comm	__gnu_lto_v1,1,1
 1041              		.ident	"GCC: (GNU Tools for ARM Embedded Processors) 4.9.3 20150303 (release) [ARM/embedded-4_9-br
