ARM GAS  C:\Users\victo\AppData\Local\Temp\ccYLYWon.s 			page 1


   1              		.cpu cortex-m0
   2              		.fpu softvfp
   3              		.eabi_attribute 20, 1
   4              		.eabi_attribute 21, 1
   5              		.eabi_attribute 23, 3
   6              		.eabi_attribute 24, 1
   7              		.eabi_attribute 25, 1
   8              		.eabi_attribute 26, 1
   9              		.eabi_attribute 30, 4
  10              		.eabi_attribute 34, 0
  11              		.eabi_attribute 18, 4
  12              		.code	16
  13              		.file	"UART_SCBCLK.c"
  14              		.text
  15              	.Ltext0:
  16              		.section	.gnu.lto_.profile.797e43f4,"",%progbits
  17 0000 789C6366 		.ascii	"x\234cf```a\200\000F\0069I\000\000\311\000@"
  17      60606061 
  17      80004606 
  17      39490000 
  17      C90040
  18              		.text
  19              		.section	.gnu.lto_.jmpfuncs.797e43f4,"",%progbits
  20 0000 789C6366 		.ascii	"x\234cf\300\016\304\2414+\003##c=#\003\003\023\023#"
  20      C00EC4A1 
  20      342B0323 
  20      23633D23 
  20      03031313 
  21 0015 23737D3D 		.ascii	"#s}=3\003\003\013P\030\000\026R\001\261"
  21      3303030B 
  21      50180016 
  21      5201B1
  22              		.text
  23              		.section	.gnu.lto_.inline.797e43f4,"",%progbits
  24 0000 789C6D8B 		.ascii	"x\234m\213\273\025\2000\014\003eG\201\020\012FH\303"
  24      BB158030 
  24      0C036547 
  24      81100A46 
  24      48C3
  25 0012 631C3662 		.ascii	"c\0346b\007J\312\314\301\024\214\204\375\3705\250\261"
  25      074ACACC 
  25      C1148C84 
  25      FDF835A8 
  25      B1
  26 0023 ADF305FC 		.ascii	"\255\363\005\374g\271g\004\272I\004\002\204\264oDS\213"
  26      67B96704 
  26      BA490402 
  26      84B46F44 
  26      538B
  27 0035 82B5D0A9 		.ascii	"\202\265\320\251\240\035\005\372\001\213\242\317\242"
  27      A01D05FA 
  27      018BA2CF 
  27      A2
  28 0042 2E9806E6 		.ascii	".\230\006\346u\276\220\036\003]L\376\024\020i\242\235"
  28      75BE901E 
  28      035D4CFE 
  28      141069A2 
ARM GAS  C:\Users\victo\AppData\Local\Temp\ccYLYWon.s 			page 2


  28      9D
  29 0053 AF4704B5 		.ascii	"\257G\004\265\312\266\247\301\011M\203\013\347"
  29      CAB6A7C1 
  29      094D830B 
  29      E7
  30              		.text
  31              		.section	.gnu.lto_.pureconst.797e43f4,"",%progbits
  32 0000 789C6366 		.ascii	"x\234cf``\340f\200\000V\006)F)&)f)\026\006\000\003\374"
  32      6060E066 
  32      80005606 
  32      29462926 
  32      29662916 
  33 0018 0086     		.ascii	"\000\206"
  34              		.text
  35              		.section	.gnu.lto_UART_SCBCLK_StartEx.797e43f4,"",%progbits
  36 0000 789C6551 		.ascii	"x\234eQAHTQ\024\275\347\275\377\376|\032\203h\351\252"
  36      41485451 
  36      14BDE7BD 
  36      FFFE7C1A 
  36      8368E9AA 
  37 0014 8D0CB470 		.ascii	"\215\014\264pU\213v\331\010-j!M\355\006Dl\010K\024\244"
  37      558B76D9 
  37      082D6A21 
  37      4DED0644 
  37      6C084B14 
  38 0029 5AB4E97D 		.ascii	"Z\264\351}\375L -D0\214\2306%j3\315\224\256\012\202"
  38      FD4C202D 
  38      44308C98 
  38      36256A33 
  38      CD94AE0A 
  39 003e AF203550 		.ascii	"\257 5P\023\021)\014b\2331j\023MI20b\367\376\337\302"
  39      1311290C 
  39      629B316A 
  39      134D4932 
  39      3062F7FE 
  40 0054 E8C37BF7 		.ascii	"\350\303{\367\335\3139\347\236{\277\246\377\277^>F\021"
  40      DDCB39E7 
  40      9E7BBFA6 
  40      FFBF5E3E 
  40      4611
  41 0066 9DE40897 		.ascii	"\235\344\010\227\240\246jD\276\247\240\343\207V\346"
  41      A0A66A44 
  41      BEA7A0E3 
  41      8756E6
  42 0075 EE6B227B 		.ascii	"\356k\"{\310\011\022d;L\\\357q\000\211\004\272\255\264"
  42      C8091264 
  42      3B4C5CEF 
  42      71008904 
  42      BAADB4
  43 0088 71C077AC 		.ascii	"q\300w\254\367M5\025\246\302\342l25g\255\375\361\263"
  43      F74D3515 
  43      A6C2E26C 
  43      323567AD 
  43      FDF1B3
  44 009b EAF78568 		.ascii	"\352\367\205hq\207_*F`\036)\306\254\265\277\207\207"
  44      71875F2A 
  44      46601E29 
ARM GAS  C:\Users\victo\AppData\Local\Temp\ccYLYWon.s 			page 3


  44      C6ACB5BF 
  44      8787
  45 00ad F57110BF 		.ascii	"\365q\020\277_\224w\336%\277\252\226\3021I_N\277\231"
  45      5F9477DE 
  45      25BFAA96 
  45      C231495F 
  45      4EBF99
  46 00c0 7525558E 		.ascii	"u%U\216\244\325|\371\276\333\365\310\332\361\260\272"
  46      A4D57CF9 
  46      BEDBF5C8 
  46      DAF1B0BA 
  47 00d0 644F3B2D 		.ascii	"dO;-\245\261\000\315zXD'\236\240\223\270D(\242K\340"
  47      A5B100CD 
  47      7A584427 
  47      9EA093B8 
  47      4428A24B 
  48 00e5 CD606F23 		.ascii	"\315`o#\351\006\334\374H\334\023%\270\340X9\032\332"
  48      E906DCFC 
  48      48DC1325 
  48      B8E05839 
  48      1ADA
  49 00f7 FDFDE5D2 		.ascii	"\375\375\345\322\312:<\305\024G\363\305\336\205h$w\345"
  49      CA3A3CC5 
  49      1447F3C5 
  49      DE856824 
  49      77E5
  50 0109 226A3089 		.ascii	"\"j0\211\207m(\305Ao\2634\217\252\353X\375=\271\276"
  50      876D28C5 
  50      416FB334 
  50      8FAAEB58 
  50      FD3DB9BE 
  51 011d A6456D57 		.ascii	"\246EmW\311\2243\233\305Z\207\330t\255\015ld\365s\343"
  51      C994339B 
  51      C55A87D8 
  51      74AD0D6C 
  51      64F573E3 
  52 0131 FD072F2A 		.ascii	"\375\007/*\221\244+\257&o\025\360\300\017x\001\011<"
  52      91A42BAF 
  52      266F15F0 
  52      C00F7801 
  52      093C
  53 0143 65B36536 		.ascii	"e\263e6K\250\240\000\252c|\353N;\021\353i\226\244O\010"
  53      4BA8A000 
  53      AA637CEB 
  53      4E3B11EB 
  53      6996A44F 
  54 0158 DE4E5CFD 		.ascii	"\336N\\\375[8\250f\230\363L\230$\356\014\361\037\301"
  54      5B38A866 
  54      98F34C98 
  54      24EE0CF1 
  54      1FC1
  55 016a 365B657B 		.ascii	"6[e{uLl\346k_L\3142\273\312a\342\343\231{%#D\317#<g"
  55      754C6CE6 
  55      6B5F4CCC 
  55      32BBCA61 
  55      E2E3997B 
  56 0185 22A376F2 		.ascii	"\"\243v\362m7\006\011\216A\301\303\302\307\010\344\310"
ARM GAS  C:\Users\victo\AppData\Local\Temp\ccYLYWon.s 			page 4


  56      6D370609 
  56      8E41C1C3 
  56      C2C708E4 
  56      C8
  57 0196 AE18B814 		.ascii	"\256\030\270\024\001W\247\233\225S\002<\350\337\017"
  57      0157A79B 
  57      9553023C 
  57      E8DF0F
  58 01a5 CDBF132C 		.ascii	"\315\277\023,\363\004\254D[\360\303\215\250y\354\015"
  58      F304AC44 
  58      5BF0C38D 
  58      A879EC0D 
  59 01b5 EC89D797 		.ascii	"\354\211\327\227\352\316\236\315\215\344\306\006\256"
  59      EACE9ECD 
  59      8DE4C606 
  59      AE
  60 01c2 E72EF767 		.ascii	"\347.\367gFo\214\015\346\262}\231\321\364\211\354\245"
  60      466F8C0D 
  60      E6B27D99 
  60      D1F489EC 
  60      A5
  61 01d3 9E0B17FB 		.ascii	"\236\013\027\3733\3513\351\363\347\272\007)90<te$=|"
  61      33E933E9 
  61      F3E7BA07 
  61      2939303C 
  61      7465243D 
  62 01e8 AD77E8E6 		.ascii	"\255w\350\346\037\364\311\311="
  62      1FF4C9C9 
  62      3D
  63              		.text
  64              		.section	.gnu.lto_UART_SCBCLK_Stop.797e43f4,"",%progbits
  65 0000 789C6590 		.ascii	"x\234e\220;K\003A\024\205\357\235\331M\202I!V!\177 "
  65      3B4B0341 
  65      1485EF9D 
  65      D94D8249 
  65      2156217F 
  66 0015 D8A4B210 		.ascii	"\330\244\262\020\273\030!\205\026\342j\027\010\022\267"
  66      BB182185 
  66      16E26A17 
  66      0812B7
  67 0024 B13010B4 		.ascii	"\2610\020\264\261qVW\204`\221\024\202\240)\305G|\024"
  67      B1715657 
  67      84609114 
  67      82A029C5 
  67      477C14
  68 0037 1656C26A 		.ascii	"\026V\302j#\210F,$\020$6\033\211`\221\007(\013J\274"
  68      2388462C 
  68      24102436 
  68      1B896091 
  68      07280B4A 
  69 004c 93B58838 		.ascii	"\223\265\21080\257{\317\234\3631\034\376\2171\232)\004"
  69      30AF7BCF 
  69      9CF3311C 
  69      FE8F319A 
  69      2904
  70 005e 18A41D3D 		.ascii	"\030\244\035=\200,W\0020|\014\271{\340L\335\274\001"
  70      802C5702 
ARM GAS  C:\Users\victo\AppData\Local\Temp\ccYLYWon.s 			page 5


  70      307C0CB9 
  70      7BE04CDD 
  70      BC01
  71 0070 107D8AE9 		.ascii	"\020}\212\351\005\021P\335zTA\224; \2540\256*H\253\353"
  71      051150DD 
  71      7A544194 
  71      3B20AC30 
  71      AE2A48AB 
  72 0085 F7C69A0C 		.ascii	"\367\306\232\014sVq\333\037\336\023B4Z\027\301\365\240"
  72      735671DB 
  72      1FDE1342 
  72      345A17C1 
  72      F5A0
  73 0097 C300DACC 		.ascii	"\303\000\332\314\025\340>\206\2014M\363\273\354\367"
  73      15E03E86 
  73      81344DF3 
  73      BBECF7
  74 00a6 98A4E977 		.ascii	"\230\244\351w{x\200\036\002\201\263\001Kt:\347v\276"
  74      7B78801E 
  74      0281B301 
  74      4B743AE7 
  74      76BE
  75 00b8 3E822A03 		.ascii	">\202*\003\207Ph!\205M\223 l:\233^^\243DB\340\025\274"
  75      87506821 
  75      854D9320 
  75      6C3A9B5E 
  75      5EA34442 
  76 00cf FEC8BEEE 		.ascii	"\376\310\276\356\016\313\347\237L\246o=\027K\201:s\030"
  76      0ECBE79F 
  76      4CA66F3D 
  76      174B813A 
  76      7318
  77 00e1 17C2148A 		.ascii	"\027\302\024\212\014{\261\037\036}\335\022\310\353\325"
  77      0C7BB11F 
  77      1E7DDD12 
  77      C8EBD5
  78 00f0 6576B980 		.ascii	"ev\271\200;\206\211\016S\360\020Cx\204!\"(b\001\241"
  78      3B86890E 
  78      53F01043 
  78      78842122 
  78      286201A1 
  79 0104 82ABD58D 		.ascii	"\202\253\325\215/\257\353\307\311\022\236\320\274[\233"
  79      2FAFEBC7 
  79      C9129ED0 
  79      BC5B9B
  80 0113 FF2DF4BA 		.ascii	"\377-\364\272\021\020\036\313\227 \351T\240\237\302"
  80      11101ECB 
  80      9720E954 
  80      A09FC2
  81 0122 1A53241E 		.ascii	"\032S$\036a5\032\357\371\256Mo\242a\251\1773O(\223\004"
  81      61351AEF 
  81      F9AE4D6F 
  81      A261A97F 
  81      334F2893 
  82 0137 F7B7AD36 		.ascii	"\367\267\2556\223\236(\277D\001<\245n\025\015\253\034"
  82      939E28BF 
  82      44013CA5 
ARM GAS  C:\Users\victo\AppData\Local\Temp\ccYLYWon.s 			page 6


  82      6E150DAB 
  82      1C
  83 0148 97166E02 		.ascii	"\227\026n\002\2223e\206#\211\270\276\240gf\027\365\271"
  83      92336586 
  83      2389B8BE 
  83      A0676617 
  83      F5B9
  84 015a A4965ECA 		.ascii	"\244\226^\312\244\364\304\244\226\216\015%f\242S\323"
  84      A4F4C4A4 
  84      968E0D25 
  84      66A253D3 
  85 016a 492D361A 		.ascii	"I-6\032\233\030\217\244\340\007\277\324\217\215"
  85      9B188FA4 
  85      E007BFD4 
  85      8F8D
  86              		.text
  87              		.section	.gnu.lto_UART_SCBCLK_SetFractionalDividerRegister.797e43f4,"",%progbits
  88 0000 789C7552 		.ascii	"x\234uR]HSa\030\376\336\357lgg?\205te\273)\220!E\330"
  88      5D485361 
  88      18FEDEEF 
  88      6C67673F 
  88      857465BB 
  89 0019 4D415751 		.ascii	"MAWQ-\012\262\213\312\362j c\216\030.\205e\335zf\323"
  89      2D0AB28B 
  89      CAF26A20 
  89      638E182E 
  89      8565DD7A 
  90 002f 4024C6C0 		.ascii	"@$\306\300Z\206d\230\344\246\251i?j7K\002%Q\221BIb."
  90      5A866498 
  90      E4A6A969 
  90      3F6A374B 
  90      02255191 
  91 0047 7FA24852 		.ascii	"\177\242HRQ\234\203d\275\357\367i%\321\201\363\375<"
  91      519C8364 
  91      BDEFF769 
  91      25D181F3 
  91      FD3C
  92 0059 E77D9EF7 		.ascii	"\347}\236\367}\237\367(\354\337\307\216o\251\302\330"
  92      7D9FF728 
  92      ECDFC78E 
  92      6FA9C2D8 
  93 0069 45DC4161 		.ascii	"E\334Aa\300\303c\214\0055\016@\007\006\254\212C\025"
  93      C0C3638C 
  93      05350E40 
  93      0706AC8A 
  93      4315
  94 007b 7CE32B1C 		.ascii	"|\343+\034\302\211\366\2505\277U\327\365\345\331\211"
  94      C289F6A8 
  94      35BF55D7 
  94      F5E5D989 
  95 008b DC9ADC0C 		.ascii	"\334\232\334\014gl\225K\031x\002\371\030\262\361e\372"
  95      676C954B 
  95      197802F9 
  95      18B2F165 
  95      FA
  96 009c 9E593908 		.ascii	"\236Y9\010\014\317#\263\033\253\266\257<\303!\207\256"
  96      0CCF23B3 
ARM GAS  C:\Users\victo\AppData\Local\Temp\ccYLYWon.s 			page 7


  96      1BABB6AF 
  96      3CC32187 
  96      AE
  97 00ad 8D530B6B 		.ascii	"\215S\013k\012]9\247kC\333\373\317\334\321\242\353\325"
  97      0A5D39A7 
  97      6B43DBFB 
  97      CFDCD1A2 
  97      EBD5
  98 00bf 891FDDFA 		.ascii	"\211\037\335\372\011\304\025h\003\005\365 \006v\210"
  98      09C41568 
  98      0305F520 
  98      067688
  99 00ce 839D21C4 		.ascii	"\203\235!\304\240\035\034\244U\337aV\216\012\331\237"
  99      A01D1CA4 
  99      55DF6156 
  99      8E0AD99F 
 100 00de 1FC30F35 		.ascii	"\037\303\0175I\214\316\031\261\010\003tH\336!;\034 "
 100      498CCE19 
 100      B1080374 
 100      48DE213B 
 100      1C20
 101 00f0 9681C153 		.ascii	"\226\201\301SpP\354\324d\244\316\2408\005\257\277sm"
 101      7050ECD4 
 101      64A4CEA0 
 101      3805AFBF 
 101      736D
 102 0102 D42ACAD9 		.ascii	"\324*\312\331O\327\201\310pT\025\345\030\350\032\233"
 102      4FD781C8 
 102      705415E5 
 102      18E81A9B 
 103 0112 195D32E4 		.ascii	"\031]2\344=B\325T\264f\310\246\017\353\241T6\273/\303"
 103      3D42D554 
 103      B466C8A6 
 103      0FEBA154 
 103      36BB2FC3 
 104 0126 8DD029D5 		.ascii	"\215\320)\325\273\260\252n\260o\331\206\224\372\236"
 104      BBB0AA6E 
 104      B06FD986 
 104      94FA9E
 105 0135 853E8B52 		.ascii	"\205>\213R(\304\023\335\365s\\\320\233\357\267\252\177"
 105      28C413DD 
 105      F5735CD0 
 105      9BEFB7AA 
 105      7F
 106 0146 917BFE43 		.ascii	"\221{\376C^\011mNY\325\020z\231\003\317 \017z!Oz\011"
 106      5E096D4E 
 106      59D5107A 
 106      9903CF20 
 106      0F7A214F 
 107 015c CF4105C6 		.ascii	"\317A\005\306\3706\332\265'\241g\263\253C\221\341\303"
 107      F836DAB5 
 107      27A167B3 
 107      AB4391E1 
 107      C3
 108 016d 7C37C7EE 		.ascii	"|7\307\356T4\005\277\031\200\2541\022\240\322b\242E"
 108      543405BF 
 108      1980AC31 
ARM GAS  C:\Users\victo\AppData\Local\Temp\ccYLYWon.s 			page 8


 108      12A0D262 
 108      A245
 109 017f 03EADC4C 		.ascii	"\003\352\334LG\013-VZlL\250\263y\224\247\231.\340\000"
 109      470B2D56 
 109      5A6C4CA8 
 109      B37994A7 
 109      992EE000 
 110 0193 7057A661 		.ascii	"pW\246ap\275n=v\2342\2469\0158\266\324\034\021\236\230"
 110      70BD6E3D 
 110      769C32A6 
 110      390D38B6 
 110      D41C119E 
 111 01a8 C2A1902E 		.ascii	"\302\241\220.|\231\231\037\237\320\004$\312n\177\267"
 111      7C99991F 
 111      9FD00424 
 111      CA6E7FB7 
 112 01b8 1CB435C1 		.ascii	"\034\2645\301\203`\0102\\\203\027\330\326Kj\013^A\023"
 112      83600832 
 112      5C8317D8 
 112      D64B6A0B 
 112      5E4113
 113 01cb B069B8B5 		.ascii	"\260i\270\265Q\273\010RP\221\232\351\226\324w \001\254"
 113      51BB0852 
 113      50919AE9 
 113      96D47720 
 113      01AC
 114 01dd 10FA3076 		.ascii	"\020\3720v\022\270\350\021{\300 \344T'oO\306\213%\311"
 114      12B8E811 
 114      7BC020E4 
 114      54276F4F 
 114      C68B25C9 
 115 01f1 98C671A0 		.ascii	"\230\306q\240\314\247\332\305\\\211\020\2102\217\033"
 115      CCA7DAC5 
 115      5C891088 
 115      328F1B
 116 0200 EE761849 		.ascii	"\356v\030I\306\2541\350G\031\014Z\253\035\213\273d\224"
 116      C6AC31E8 
 116      47190C5A 
 116      AB1D8BBB 
 116      6494
 117 0212 49E453A5 		.ascii	"I\344S\245Zr[\315\234\346\232T\373\260U\224\005Ap\330"
 117      5A725BCD 
 117      9CE69A54 
 117      FBB05594 
 117      054170D8 
 118 0226 65A56FF7 		.ascii	"e\245o\367J\320\2128\246\2703\322\370F\374\240j\026"
 118      4AD08A38 
 118      A6B833D2 
 118      F846FCA0 
 118      6A16
 119 0238 180CFCC9 		.ascii	"\030\014\374\311qL\206\331D\032\353\357\006z\251\001"
 119      714C86D9 
 119      441AEBEF 
 119      067AA901 
 120 0248 1B060D46 		.ascii	"\033\006\015FV\222\021\023a;\034\012&\214;=z\215\036"
 120      56921113 
 120      613B1C0A 
ARM GAS  C:\Users\victo\AppData\Local\Temp\ccYLYWon.s 			page 9


 120      268C3B3D 
 120      7A8D1E
 121 025b 112309C1 		.ascii	"\021#\011\301\304\3469\212\247\237a\236\003\215\003"
 121      C4E6398A 
 121      A79F619E 
 121      038D03
 122 026a 87935FE0 		.ascii	"\207\223_\340:\353-\367\006\334\225\336\322\222\242"
 122      3AEB2DF7 
 122      06DC95DE 
 122      D292A2
 123 0279 8A1B018F 		.ascii	"\212\033\001\217\327u\241\250\302y\304u\345\344\245"
 123      D775A1A8 
 123      C279C475 
 123      E5E4A5
 124 0288 CB2545CE 		.ascii	"\313%E\316S\316\363\205\005\036f\361\370\313N\373n\372"
 124      53CEF385 
 124      051E66F1 
 124      F8CB4EFB 
 124      6EFA
 125 029a 4ABD815D 		.ascii	"J\275\201]x<\023p{*}\025\345n\277\351\232\373zY\261"
 125      783C1370 
 125      7B2A7D15 
 125      E56EBFE9 
 125      9AFB7A59 
 126 02af DBAF06BC 		.ascii	"\333\257\006\274Wq\373\005\236\230E)"
 126      5771FB05 
 126      9E984529 
 127              		.text
 128              		.section	.gnu.lto_UART_SCBCLK_GetDividerRegister.797e43f4,"",%progbits
 129 0000 789C658E 		.ascii	"x\234e\216\261KBQ\024\306\317w\337\363!\345 \215\376"
 129      B14B4251 
 129      14C6CF77 
 129      DFF321E5 
 129      208DFE
 130 0013 03D2E210 		.ascii	"\003\322\342\020ACS94\324\020Y\333\003\013{k\202\324"
 130      41435339 
 130      34D41059 
 130      DB030B7B 
 130      6B82D4
 131 0026 ECD51E15 		.ascii	"\354\325\036\025M\022\025Q\010\016E\231\366\372\003"
 131      4D121551 
 131      080E4599 
 131      F6FA03
 132 0035 5AA2B1C0 		.ascii	"Z\242\261\300hQ\020z\201(\324\224\362\244r\010\273'"
 132      6851107A 
 132      8128D494 
 132      F2A47208 
 132      BB27
 133 0047 DBBA70EE 		.ascii	"\333\272p\356\271\337\275\337\375\316O\243\377+\244"
 133      B9DFBDDF 
 133      FDCE4FA3 
 133      FF2BA4
 134 0056 6A0244A3 		.ascii	"j\002D\243\252C#\210\\\205(\343\027\000\037\010\224"
 134      AA432388 
 134      5C8528E3 
 134      17001F08 
 134      94
ARM GAS  C:\Users\victo\AppData\Local\Temp\ccYLYWon.s 			page 10


 135 0067 1648E34D 		.ascii	"\026H\343Mt\004\036\032_^\340U\364\004\005I\311\343"
 135      74041E1A 
 135      5F5EE055 
 135      F4040549 
 135      C9E3
 136 0079 5AABABB1 		.ascii	"Z\253\253\261\204`y\343U\032F\370L\312l;\373\274|\264"
 136      846079E3 
 136      551A46F8 
 136      4CCA6C3B 
 136      FBBC7CB4 
 137 008d 5F404F08 		.ascii	"_@O\010\362\004\341\034!\\\200\007\241\2100{;\366wm"
 137      F204E11C 
 137      215C8007 
 137      A188307B 
 137      3BF6776D 
 138 00a1 D8B0A594 		.ascii	"\330\260\245\224Av\250\207K\030\012\202\256Gne\277\357"
 138      4176A887 
 138      4B180A82 
 138      AE476E65 
 138      BFEF
 139 00b3 75F77626 		.ascii	"u\367v&\205OPOh\032o:q\0265U1UK\011\325\265:\356>v\253"
 139      854F504F 
 139      681A6F3A 
 139      71163555 
 139      31554B09 
 140 00ce 8EC9BF3F 		.ascii	"\216\311\277?\005#\026\337\013{\0063\3519\333\226:\317"
 140      052316DF 
 140      0B7B0633 
 140      E939DB96 
 140      3ACF
 141 00e0 7A693E3E 		.ascii	"zi>>\371\177\257\210e\351\276\235\011\344q\222\261\025"
 141      F97FAF88 
 141      65E9BE9D 
 141      09E47192 
 141      B115
 142 00f2 9F0F25C5 		.ascii	"\237\017%\305Vf6\\!\017\252c\323\335r\235\261A\2426"
 142      5666365C 
 142      210FAA63 
 142      D3DD729D 
 142      B141A236 
 143 0106 083D3D38 		.ascii	"\010==8,\3738\301\360\023\034e\256#\353nW\235\241\201"
 143      2CFB38C1 
 143      F0131C65 
 143      AE23EB6E 
 143      579DA181 
 144 011a 4B574672 		.ascii	"KWFr\201?E\314\011\346S\264\341\2109c\255Y\251\225u"
 144      813F45CC 
 144      09E653B4 
 144      E1883963 
 144      AD59A995 
 145 012f 6B351E4B 		.ascii	"k5\036Kn\244\022\2269\037KF\307\315\245\251\205\305"
 145      6EA41296 
 145      391F4B46 
 145      C7CDA5A9 
 145      85C5
 146 0141 782C3A1D 		.ascii	"x,:\035\235\233\215$\350\007\307z}\322"
 146      9D9B8D24 
ARM GAS  C:\Users\victo\AppData\Local\Temp\ccYLYWon.s 			page 11


 146      E807C77A 
 146      7DD2
 147              		.text
 148              		.section	.gnu.lto_UART_SCBCLK_GetFractionalDividerRegister.797e43f4,"",%progbits
 149 0000 789C6366 		.ascii	"x\234cf\300\004R@<\001\2105\201\230\221\231\201\221"
 149      C0045240 
 149      3C018835 
 149      81989199 
 149      8191
 150 0012 69C23906 		.ascii	"i\3029\006\206F\016&FF\020\203\201\221\241\236\211\261"
 150      86460E26 
 150      46461083 
 150      8191A19E 
 150      89B1
 151 0024 9EF125D3 		.ascii	"\236\361%\323G&\3063;\377]fT_\332\320\320\364\341\321"
 151      4726C633 
 151      3BFF5D66 
 151      545FDAD0 
 151      D0F4E1D1 
 152 0038 C73BDCAD 		.ascii	"\307;\334\255\022?\231\030\030>310\352H1j\202\314a\\"
 152      123F9918 
 152      183E3331 
 152      30EA4831 
 152      6A82CC61 
 153 004d CEA8CE00 		.ascii	"\316\250\316\000T\370\261\345\357un\266\226\206\206"
 153      54F8B1E5 
 153      EF756EB6 
 153      968686
 154 005c 0601903C 		.ascii	"\006\001\220<Pb\005#\033#\220^/t\240\341\377\377\317"
 154      50620523 
 154      1B23905E 
 154      2F74A0E1 
 154      FFFFCF
 155 006f C727BF50 		.ascii	"\307'\277Pg\006\212?\001b\220-O\231\230@4\363=\306\306"
 155      67068A3F 
 155      0162902D 
 155      4F999840 
 155      34F33DC6 
 156 0084 03BBCF31 		.ascii	"\003\273\3171\201T\003M\271\377\344\374E\216\027L?\301"
 156      8154034D 
 156      B9FFE4FC 
 156      458E174C 
 156      3FC1
 157 0096 06AC6404 		.ascii	"\006\254d\004Y\360\204\211\021\244\020(\242\256\027"
 157      59F08489 
 157      11A41028 
 157      A2AE17
 158 00a5 E39E9A97 		.ascii	"\343\236\232\227Z\224X\222\232\022\037\234_Z\224\234"
 158      5A945892 
 158      9A121F9C 
 158      5F5A949C 
 159 00b5 1A13109C 		.ascii	"\032\023\020\234\357l\022\023\352\030\024\022\037\354"
 159      EF6C1213 
 159      EA181412 
 159      1FEC
 160 00c3 ECE4ECE3 		.ascii	"\354\344\354\343\255\227\314\000\000\306\375C\020"
 160      AD97CC00 
ARM GAS  C:\Users\victo\AppData\Local\Temp\ccYLYWon.s 			page 12


 160      00C6FD43 
 160      10
 161              		.text
 162              		.section	.gnu.lto_.symbol_nodes.797e43f4,"",%progbits
 163 0000 789C55C7 		.ascii	"x\234U\3071\021\000 \014\004\301\313\207\002}\030z\013"
 163      31110020 
 163      0C04C1CB 
 163      87027D18 
 163      7A0B
 164 0012 28605084 		.ascii	"(`P\204&\032\012\262\335&0x\204a\036\260Y\273\243p\224"
 164      261A0AB2 
 164      DD263078 
 164      84611EB0 
 164      59BBA370 
 165 0027 CB2A4F67 		.ascii	"\313*Ogys\373\317\005lA\025\031"
 165      7973FBCF 
 165      056C4115 
 165      19
 166              		.text
 167              		.section	.gnu.lto_.refs.797e43f4,"",%progbits
 168 0000 789C6366 		.ascii	"x\234cf```d\200\002\000\000=\000\005"
 168      60606064 
 168      80020000 
 168      3D0005
 169              		.text
 170              		.section	.gnu.lto_.decls.797e43f4,"",%progbits
 171 0000 789C8D54 		.ascii	"x\234\215ToL[U\024\277\347\275\266\254o\217\216\304"
 171      6F4C5B55 
 171      14BFE7BD 
 171      B6AC6F8F 
 171      8EC4
 172 0012 8499C698 		.ascii	"\204\231\306\230\362\0051!\2301c\374\346\037\246,j\014"
 172      F2053121 
 172      983163FC 
 172      E61FA62C 
 172      6A0C
 173 0024 19EED348 		.ascii	"\031\356\323H\010a/[\023\002K\327\031\367iw\035c\015"
 173      08612F5B 
 173      13024BD7 
 173      19F76977 
 173      1D630D
 174 0037 99D8E116 		.ascii	"\231\330\341\026\220e\332\0142qUV\035\243\374\251\343"
 174      9065DA0C 
 174      32715556 
 174      1DA3FCA9 
 174      E3
 175 0048 210ECA00 		.ascii	"!\016\312\000a\016\235\370A\307\020\207!S\234\270\321"
 175      610E9DF8 
 175      41C71087 
 175      21539CB8 
 175      D1
 176 0059 4D7C9E7B 		.ascii	"M|\236{_\377\274v%\361&\247}\347\334\373;\277\337=\347"
 176      5FFFBC76 
 176      25F126A7 
 176      7DE7DCFB 
 176      3BBFDF3D 
 177 006e BC271242 		.ascii	"\274'\022Bj\200\020\015W\215\231\020\001\237-\030+#"
ARM GAS  C:\Users\victo\AppData\Local\Temp\ccYLYWon.s 			page 13


 177      6A80100D 
 177      578D9910 
 177      019F2D18 
 177      2B23
 178 0080 C98561D2 		.ascii	"\311\205a\322\215\026B\033A\033C\233 \217.v\306\032"
 178      8D16421B 
 178      411B439B 
 178      208F2E76 
 178      C61A
 179 0092 C3DAD064 		.ascii	"\303\332\320d\264 Z\036\332\024\332\014\332u\264\327"
 179      B4205A1E 
 179      DA14DA0C 
 179      DA75B4D7 
 180 00a2 62E72186 		.ascii	"b\347!\206I_\241\030gY\006l\034\027\312\200c\332\244"
 180      495FA118 
 180      6759066C 
 180      1C17CA80 
 180      63DAA4
 181 00b5 34FE309A 		.ascii	"4\3760\232j\320\221I\303H\206\\\354\216Yiy\326\303\217"
 181      6AD09149 
 181      C348865C 
 181      EC8E5969 
 181      79D6C38F 
 182 00c9 65C04FC4 		.ascii	"e\300O\304\366T\303\271L5\373S\200\361[\253\177\311"
 182      F654C3B9 
 182      4C35FB53 
 182      80F15BAB 
 182      7FC9
 183 00db 8B02D8A4 		.ascii	"\213\002\330\244\034\346\266\335XX\021\321\225%\201"
 183      1CE6B6DD 
 183      585811D1 
 183      952581
 184 00ea B97D5D2B 		.ascii	"\271}]+\223\033\371\256\203\271\375\315\221V\013\337"
 184      931BF9AE 
 184      83B9FDCD 
 184      91560BDF 
 185 00fa 353177EE 		.ascii	"51w\356\207\033\341,\021\233\206\317\355\255s3R\341"
 185      871BE12C 
 185      119B86CF 
 185      EDAD7333 
 185      52E1
 186 010c 794AA997 		.ascii	"yJ\251\227\252\021H\022\034>7p<\0131y\022w\177>\035"
 186      AA114812 
 186      1C3E3770 
 186      3C0B3179 
 186      12777F3E 
 187 0121 EDB07297 		.ascii	"\355\260r\2275}\023\206\204;'=\332F\310\227:\020\274"
 187      357D1386 
 187      843B273D 
 187      DA46C897 
 187      3A10BC
 188 0134 DCB9F2E3 		.ascii	"\334\271\362\343\023\224\232 \010\022\004@\204O\241"
 188      13949A20 
 188      08120440 
 188      844FA1
 189 0143 905D80A1 		.ascii	"\220]\200\241\331\362R\352\241\276#\324\272\235\300"
 189      D9F252EA 
ARM GAS  C:\Users\victo\AppData\Local\Temp\ccYLYWon.s 			page 14


 189      A1BE23D4 
 189      BA9DC0
 190 0152 276087F3 		.ascii	"'`\207\363`'p\001\362\361\000?\012\237a\260\013\203"
 190      60277001 
 190      F2F1003F 
 190      0A9F61B0 
 190      0B83
 191 0164 48D5D851 		.ascii	"H\325\330Q\337%\231\004D\263d\273\270\344\226\372\226"
 191      DF259904 
 191      44B364BB 
 191      B8E496FA 
 191      96
 192 0175 80B8F914 		.ascii	"\200\270\371\024e\353\010\315\021\240,\027>FH'B\010"
 192      65EB08CD 
 192      11A02C17 
 192      3E464827 
 192      4208
 193 0187 7C019BF1 		.ascii	"|\001\233\361\367s0\351\322}\357\256\3362\211\305\374"
 193      F77330E9 
 193      D27DEFAE 
 193      DE3289C5 
 193      FC
 194 0198 7E67A2A1 		.ascii	"~g\242\2419\311\361!\365\007\227\233\346\337\027?\240"
 194      39C9F121 
 194      F507979B 
 194      E6DF173F 
 194      A0
 195 01a9 FEC3F45F 		.ascii	"\376\303\364_M\003\016\202\213\011\245\204=\353E\357"
 195      4D030E82 
 195      8B09A584 
 195      3DEB45EF 
 196 01b9 0607027B 		.ascii	"\006\007\002{\242\367.X\326e\274\304\031w\305\010;="
 196      A2F72E58 
 196      D665BCC4 
 196      1977C508 
 196      3B3D
 197 01cb 53FD36B1 		.ascii	"S\3756\261\226\023\316\367\256\015\313\234\320?\330"
 197      9613CEF7 
 197      AE0DCB9C 
 197      D03FD8
 198 01da 6EE9A4AA 		.ascii	"n\351\244\252\246\275\300\216C\217\201\253'\316\025"
 198      A6BDC08E 
 198      438F81AB 
 198      27CE15
 199 01e9 E25C67EE 		.ascii	"\342\\g\356\376\036\266\212\207\300Xw\207^\367\226\245"
 199      FE1EB68A 
 199      87C05877 
 199      875EF796 
 199      A5
 200 01fa D5EE0DDC 		.ascii	"\325\356\015\334\3254\221U\375\334\364\3756[\242\352"
 200      D5349155 
 200      FDDCF4FD 
 200      365BA2EA 
 201 020a 77F5AA87 		.ascii	"w\365\252\207\261P\275\311\252;\214UG\365\346\002\222"
 201      B150BDC9 
 201      AA3B8C55 
 201      47F5E602 
ARM GAS  C:\Users\victo\AppData\Local\Temp\ccYLYWon.s 			page 15


 201      92
 202 021b D00E0358 		.ascii	"\320\016\003XuG\254\352}\030\354\327\253\376\375\340"
 202      7547ACEA 
 202      7D18ECD7 
 202      ABFEFDE0 
 203 022b B1631BC4 		.ascii	"\261c\033\304\006H\021\221\253\213h\032o\033\022\271"
 203      06481191 
 203      AB8B681A 
 203      6F1B12B9 
 204 023b ABB16D61 		.ascii	"\253\261mav\366dT\004)\237\347_n\246\342\343\004\012"
 204      76F66454 
 204      04299FE7 
 204      5F6EA6E2 
 204      E3040A
 205 024e EDF03466 		.ascii	"\355\3604f\037\302\354\271\261\354\2271\373 fgR\375"
 205      1FC2ECB9 
 205      B1EC9731 
 205      FB206667 
 205      52FD
 206 0260 BDD9002A 		.ascii	"\275\331\000*\312\3742)3WJL\233\357\350\220\317\304"
 206      CAFC3229 
 206      33574A4C 
 206      9BEFE890 
 206      CFC4
 207 0272 7BAE267A 		.ascii	"{\256&z\036\235\235\274'\360\030\273\336W\300\203C\313"
 207      1E9D9DBC 
 207      27F018BB 
 207      DE57C083 
 207      43CB
 208 0284 BD97ADEB 		.ascii	"\275\227\255\353\266\345k\336\226\341\370 x\032\257"
 208      B6E56BDE 
 208      96E1F820 
 208      781AAF
 209 0293 FA65F1B8 		.ascii	"\372e\361\270~\247\321@\303i96\011\303\355[\014\223"
 209      7EA7D140 
 209      C3693936 
 209      09C3ED5B 
 209      0C93
 210 02a5 8028B862 		.ascii	"\200(\270b\350\316\225xwFxw\376\276\263x\333f\244dr"
 210      E8CE9578 
 210      77467877 
 210      FEBEB378 
 210      DB66A464 
 211 02ba 929CA329 		.ascii	"\222\234\243)\243\020\011,|\227-^\322)\303\367\007\346"
 211      A310092C 
 211      7C972D5E 
 211      D229C3F7 
 211      07E6
 212 02cc 3771CA9B 		.ascii	"7q\312\233\213GGd\252O\003\207@\304@\030\211\023\216"
 212      8B474764 
 212      AA4F0387 
 212      40C44018 
 212      89138E
 213 02df 71C2C9C0 		.ascii	"q\302\311\300X\003\030\011\325\024\302\253)\204\341"
 213      58031809 
 213      D514C2AB 
 213      2984E1
ARM GAS  C:\Users\victo\AppData\Local\Temp\ccYLYWon.s 			page 16


 214 02ee B36D4B20 		.ascii	"\263mK \316\350\204\277\005\007~\312F\302`\360f\323"
 214      CEE884BF 
 214      05077ECA 
 214      46C260F0 
 214      66D3
 215 0300 6D45F5D0 		.ascii	"mE\365\320\177\330\3240\004\214\033\370\306\343|\023"
 215      7FD8D430 
 215      048C1BF8 
 215      C6E37C13 
 216 0310 8C4F6C7E 		.ascii	"\214Ol~\360\307\264\000v\273\324\212\037\201U|\275\017"
 216      F0C7B400 
 216      76BBD48A 
 216      1F81557C 
 216      BD0F
 217 0322 69224C81 		.ascii	"i\"L\201D\230\257zO\234\335\346]co\275\366^\026\017"
 217      4498AF7A 
 217      4F9CDDE6 
 217      5D636FBD 
 217      F65E160F 
 218 0336 7B99B0B4 		.ascii	"{\231\260\264\227\231\360\035\002\337\240?\311\306\014"
 218      9799F01D 
 218      02DFA03F 
 218      C9C60C
 219 0345 5D14E46D 		.ascii	"]\024\344m\356Y2\213k\272\272\276S\327F%\311\313.\365"
 219      EE59328B 
 219      6BBABABE 
 219      53D74625 
 219      C9CB2EF5 
 220 0359 FF3E0582 		.ascii	"\377>\005\202z\321\367PN\014{\353\257\333\353\351\213"
 220      7AD1F750 
 220      4E0C7BEB 
 220      AFDBEBE9 
 220      8B
 221 036a 701DAB31 		.ascii	"p\035\2531\235\234\242k\220\234\366G\023\177\233\371"
 221      9D9CA26B 
 221      909CF647 
 221      137F9BF9 
 222 037a 1BB3F0CB 		.ascii	"\033\263\360\313G\017-rc\342\253\304\223&\3572\0032"
 222      470F2D72 
 222      63E2ABC4 
 222      9326EF32 
 222      0332
 223 038c AF0FFBB7 		.ascii	"\257\017\373\267\034p\326\272\267\026[J\337\334\351"
 223      1C70D6BA 
 223      B7165B4A 
 223      DFDCE9
 224 039b 282179A5 		.ascii	"(!y\245J\255\342\252r+\273+\313\353\016\270\252\225"
 224      4AADE2AA 
 224      722BBB2B 
 224      CBEB0EB8 
 224      AA95
 225 03ad 8AB2F2BA 		.ascii	"\212\262\362\272\222g\237\251>\350>\270O\331_\264\227"
 225      92679FA9 
 225      3EE83EB8 
 225      4FD95FB4 
 225      97
 226 03be 3CB6F3A5 		.ascii	"<\266\363\245\035oU\226\227\274\\\362\306\353\225\345"
ARM GAS  C:\Users\victo\AppData\Local\Temp\ccYLYWon.s 			page 17


 226      1D6F5596 
 226      97BC5CF2 
 226      C6EB95E5 
 227 03ce EE2A97FB 		.ascii	"\356*\227\373\225w\236*\252\310\214\2530\034.\252&9"
 227      95779E2A 
 227      AAC88CAB 
 227      301C2EAA 
 227      2639
 228 03e0 A9D8BA7D 		.ascii	"\251\330\272}\234|\313sf\366\367|A\312\256\342~\325"
 228      9C7CCB73 
 228      66F6F77C 
 228      41CAAEE2 
 228      7ED5
 229 03f2 5555ED76 		.ascii	"UU\355v\326\325V\325ls\276\355\334\255\270v({\234\373"
 229      D6D556D5 
 229      6C73BEED 
 229      DCADB876 
 229      287B9CFB 
 230 0406 DD8AEB49 		.ascii	"\335\212\353I\343\301R\305\235\266]\220\266\275n\036"
 230      E3C152C5 
 230      9DB65D90 
 230      B6BD6E1E 
 231 0416 B34BD9B3 		.ascii	"\263K\331\263\265\370?\276Z\036\021"
 231      B5F83FBE 
 231      5A1E11
 232              		.text
 233              		.section	.gnu.lto_.symtab.797e43f4,"",%progbits
 234 0000 55415254 		.ascii	"UART_SCBCLK_StartEx\000\000\000\000\000\000\000\000"
 234      5F534342 
 234      434C4B5F 
 234      53746172 
 234      74457800 
 235 001b 00000000 		.ascii	"\000\000\000\000\264\000\000\000UART_SCBCLK_Stop\000"
 235      B4000000 
 235      55415254 
 235      5F534342 
 235      434C4B5F 
 236 0034 00000000 		.ascii	"\000\000\000\000\000\000\000\000\000\000\000\267\000"
 236      00000000 
 236      000000B7 
 236      00
 237 0041 00005541 		.ascii	"\000\000UART_SCBCLK_SetFractionalDividerRegister\000"
 237      52545F53 
 237      4342434C 
 237      4B5F5365 
 237      74467261 
 238 006c 00000000 		.ascii	"\000\000\000\000\000\000\000\000\000\000\000\306\000"
 238      00000000 
 238      000000C6 
 238      00
 239 0079 00005541 		.ascii	"\000\000UART_SCBCLK_GetDividerRegister\000\000\000\000"
 239      52545F53 
 239      4342434C 
 239      4B5F4765 
 239      74446976 
 240 009d 00000000 		.ascii	"\000\000\000\000\000\000\000\000\311\000\000\000UAR"
 240      00000000 
ARM GAS  C:\Users\victo\AppData\Local\Temp\ccYLYWon.s 			page 18


 240      C9000000 
 240      554152
 241 00ac 545F5343 		.ascii	"T_SCBCLK_GetFractionalDividerRegister\000\000\000\000"
 241      42434C4B 
 241      5F476574 
 241      46726163 
 241      74696F6E 
 242 00d5 00000000 		.ascii	"\000\000\000\000\000\000\000\000\314\000\000\000"
 242      00000000 
 242      CC000000 
 243              		.text
 244              		.section	.gnu.lto_.opts,"",%progbits
 245 0000 272D666E 		.ascii	"'-fno-trapv' '-mcpu=cortex-m0' '-mthumb' '-g' '-Os'"
 245      6F2D7472 
 245      61707627 
 245      20272D6D 
 245      6370753D 
 246 0033 20272D57 		.ascii	" '-Werror' '-ffunction-sections' '-finline-function"
 246      6572726F 
 246      72272027 
 246      2D666675 
 246      6E637469 
 247 0066 73272027 		.ascii	"s' '-flto' '-ffat-lto-objects' '-fno-strict-aliasin"
 247      2D666C74 
 247      6F272027 
 247      2D666661 
 247      742D6C74 
 248 0099 672700   		.ascii	"g'\000"
 249              		.text
 250              		.cfi_sections	.debug_frame
 251              		.section	.text.UART_SCBCLK_StartEx,"ax",%progbits
 252              		.align	1
 253              		.global	UART_SCBCLK_StartEx
 254              		.code	16
 255              		.thumb_func
 256              		.type	UART_SCBCLK_StartEx, %function
 257              	UART_SCBCLK_StartEx:
 258              	.LFB0:
 259              		.file 1 ".\\Generated_Source\\PSoC4\\UART_SCBCLK.c"
   1:.\Generated_Source\PSoC4/UART_SCBCLK.c **** /*******************************************************************************
   2:.\Generated_Source\PSoC4/UART_SCBCLK.c **** * File Name: UART_SCBCLK.c
   3:.\Generated_Source\PSoC4/UART_SCBCLK.c **** * Version 2.20
   4:.\Generated_Source\PSoC4/UART_SCBCLK.c **** *
   5:.\Generated_Source\PSoC4/UART_SCBCLK.c **** *  Description:
   6:.\Generated_Source\PSoC4/UART_SCBCLK.c **** *   Provides system API for the clocking, interrupts and watchdog timer.
   7:.\Generated_Source\PSoC4/UART_SCBCLK.c **** *
   8:.\Generated_Source\PSoC4/UART_SCBCLK.c **** *  Note:
   9:.\Generated_Source\PSoC4/UART_SCBCLK.c **** *   Documentation of the API's in this file is located in the
  10:.\Generated_Source\PSoC4/UART_SCBCLK.c **** *   System Reference Guide provided with PSoC Creator.
  11:.\Generated_Source\PSoC4/UART_SCBCLK.c **** *
  12:.\Generated_Source\PSoC4/UART_SCBCLK.c **** ********************************************************************************
  13:.\Generated_Source\PSoC4/UART_SCBCLK.c **** * Copyright 2008-2012, Cypress Semiconductor Corporation.  All rights reserved.
  14:.\Generated_Source\PSoC4/UART_SCBCLK.c **** * You may use this file only in accordance with the license, terms, conditions,
  15:.\Generated_Source\PSoC4/UART_SCBCLK.c **** * disclaimers, and limitations in the end user license agreement accompanying
  16:.\Generated_Source\PSoC4/UART_SCBCLK.c **** * the software package with which this file was provided.
  17:.\Generated_Source\PSoC4/UART_SCBCLK.c **** *******************************************************************************/
  18:.\Generated_Source\PSoC4/UART_SCBCLK.c **** 
ARM GAS  C:\Users\victo\AppData\Local\Temp\ccYLYWon.s 			page 19


  19:.\Generated_Source\PSoC4/UART_SCBCLK.c **** #include <cydevice_trm.h>
  20:.\Generated_Source\PSoC4/UART_SCBCLK.c **** #include "UART_SCBCLK.h"
  21:.\Generated_Source\PSoC4/UART_SCBCLK.c **** 
  22:.\Generated_Source\PSoC4/UART_SCBCLK.c **** #if defined CYREG_PERI_DIV_CMD
  23:.\Generated_Source\PSoC4/UART_SCBCLK.c **** 
  24:.\Generated_Source\PSoC4/UART_SCBCLK.c **** /*******************************************************************************
  25:.\Generated_Source\PSoC4/UART_SCBCLK.c **** * Function Name: UART_SCBCLK_StartEx
  26:.\Generated_Source\PSoC4/UART_SCBCLK.c **** ********************************************************************************
  27:.\Generated_Source\PSoC4/UART_SCBCLK.c **** *
  28:.\Generated_Source\PSoC4/UART_SCBCLK.c **** * Summary:
  29:.\Generated_Source\PSoC4/UART_SCBCLK.c **** *  Starts the clock, aligned to the specified running clock.
  30:.\Generated_Source\PSoC4/UART_SCBCLK.c **** *
  31:.\Generated_Source\PSoC4/UART_SCBCLK.c **** * Parameters:
  32:.\Generated_Source\PSoC4/UART_SCBCLK.c **** *  alignClkDiv:  The divider to which phase alignment is performed when the
  33:.\Generated_Source\PSoC4/UART_SCBCLK.c **** *    clock is started.
  34:.\Generated_Source\PSoC4/UART_SCBCLK.c **** *
  35:.\Generated_Source\PSoC4/UART_SCBCLK.c **** * Returns:
  36:.\Generated_Source\PSoC4/UART_SCBCLK.c **** *  None
  37:.\Generated_Source\PSoC4/UART_SCBCLK.c **** *
  38:.\Generated_Source\PSoC4/UART_SCBCLK.c **** *******************************************************************************/
  39:.\Generated_Source\PSoC4/UART_SCBCLK.c **** void UART_SCBCLK_StartEx(uint32 alignClkDiv)
  40:.\Generated_Source\PSoC4/UART_SCBCLK.c **** {
 260              		.loc 1 40 0
 261              		.cfi_startproc
 262              	.LVL0:
 263              	.L2:
  41:.\Generated_Source\PSoC4/UART_SCBCLK.c ****     /* Make sure any previous start command has finished. */
  42:.\Generated_Source\PSoC4/UART_SCBCLK.c ****     while((UART_SCBCLK_CMD_REG & UART_SCBCLK_CMD_ENABLE_MASK) != 0u)
 264              		.loc 1 42 0 discriminator 1
 265 0000 044B     		ldr	r3, .L4
 266 0002 1A68     		ldr	r2, [r3]
 267 0004 002A     		cmp	r2, #0
 268 0006 FBDB     		blt	.L2
  43:.\Generated_Source\PSoC4/UART_SCBCLK.c ****     {
  44:.\Generated_Source\PSoC4/UART_SCBCLK.c ****     }
  45:.\Generated_Source\PSoC4/UART_SCBCLK.c ****     
  46:.\Generated_Source\PSoC4/UART_SCBCLK.c ****     /* Specify the target divider and it's alignment divider, and enable. */
  47:.\Generated_Source\PSoC4/UART_SCBCLK.c ****     UART_SCBCLK_CMD_REG =
  48:.\Generated_Source\PSoC4/UART_SCBCLK.c ****         ((uint32)UART_SCBCLK__DIV_ID << UART_SCBCLK_CMD_DIV_SHIFT)|
  49:.\Generated_Source\PSoC4/UART_SCBCLK.c ****         (alignClkDiv << UART_SCBCLK_CMD_PA_DIV_SHIFT) |
 269              		.loc 1 49 0
 270 0008 034A     		ldr	r2, .L4+4
 271 000a 0002     		lsl	r0, r0, #8
 272              	.LVL1:
 273 000c 1043     		orr	r0, r2
  47:.\Generated_Source\PSoC4/UART_SCBCLK.c ****         ((uint32)UART_SCBCLK__DIV_ID << UART_SCBCLK_CMD_DIV_SHIFT)|
 274              		.loc 1 47 0
 275 000e 1860     		str	r0, [r3]
  50:.\Generated_Source\PSoC4/UART_SCBCLK.c ****         (uint32)UART_SCBCLK_CMD_ENABLE_MASK;
  51:.\Generated_Source\PSoC4/UART_SCBCLK.c **** }
 276              		.loc 1 51 0
 277              		@ sp needed
 278 0010 7047     		bx	lr
 279              	.L5:
 280 0012 C046     		.align	2
 281              	.L4:
 282 0014 00000140 		.word	1073807360
ARM GAS  C:\Users\victo\AppData\Local\Temp\ccYLYWon.s 			page 20


 283 0018 04000080 		.word	-2147483644
 284              		.cfi_endproc
 285              	.LFE0:
 286              		.size	UART_SCBCLK_StartEx, .-UART_SCBCLK_StartEx
 287              		.section	.text.UART_SCBCLK_Stop,"ax",%progbits
 288              		.align	1
 289              		.global	UART_SCBCLK_Stop
 290              		.code	16
 291              		.thumb_func
 292              		.type	UART_SCBCLK_Stop, %function
 293              	UART_SCBCLK_Stop:
 294              	.LFB1:
  52:.\Generated_Source\PSoC4/UART_SCBCLK.c **** 
  53:.\Generated_Source\PSoC4/UART_SCBCLK.c **** #else
  54:.\Generated_Source\PSoC4/UART_SCBCLK.c **** 
  55:.\Generated_Source\PSoC4/UART_SCBCLK.c **** /*******************************************************************************
  56:.\Generated_Source\PSoC4/UART_SCBCLK.c **** * Function Name: UART_SCBCLK_Start
  57:.\Generated_Source\PSoC4/UART_SCBCLK.c **** ********************************************************************************
  58:.\Generated_Source\PSoC4/UART_SCBCLK.c **** *
  59:.\Generated_Source\PSoC4/UART_SCBCLK.c **** * Summary:
  60:.\Generated_Source\PSoC4/UART_SCBCLK.c **** *  Starts the clock.
  61:.\Generated_Source\PSoC4/UART_SCBCLK.c **** *
  62:.\Generated_Source\PSoC4/UART_SCBCLK.c **** * Parameters:
  63:.\Generated_Source\PSoC4/UART_SCBCLK.c **** *  None
  64:.\Generated_Source\PSoC4/UART_SCBCLK.c **** *
  65:.\Generated_Source\PSoC4/UART_SCBCLK.c **** * Returns:
  66:.\Generated_Source\PSoC4/UART_SCBCLK.c **** *  None
  67:.\Generated_Source\PSoC4/UART_SCBCLK.c **** *
  68:.\Generated_Source\PSoC4/UART_SCBCLK.c **** *******************************************************************************/
  69:.\Generated_Source\PSoC4/UART_SCBCLK.c **** 
  70:.\Generated_Source\PSoC4/UART_SCBCLK.c **** void UART_SCBCLK_Start(void)
  71:.\Generated_Source\PSoC4/UART_SCBCLK.c **** {
  72:.\Generated_Source\PSoC4/UART_SCBCLK.c ****     /* Set the bit to enable the clock. */
  73:.\Generated_Source\PSoC4/UART_SCBCLK.c ****     UART_SCBCLK_ENABLE_REG |= UART_SCBCLK__ENABLE_MASK;
  74:.\Generated_Source\PSoC4/UART_SCBCLK.c **** }
  75:.\Generated_Source\PSoC4/UART_SCBCLK.c **** 
  76:.\Generated_Source\PSoC4/UART_SCBCLK.c **** #endif /* CYREG_PERI_DIV_CMD */
  77:.\Generated_Source\PSoC4/UART_SCBCLK.c **** 
  78:.\Generated_Source\PSoC4/UART_SCBCLK.c **** 
  79:.\Generated_Source\PSoC4/UART_SCBCLK.c **** /*******************************************************************************
  80:.\Generated_Source\PSoC4/UART_SCBCLK.c **** * Function Name: UART_SCBCLK_Stop
  81:.\Generated_Source\PSoC4/UART_SCBCLK.c **** ********************************************************************************
  82:.\Generated_Source\PSoC4/UART_SCBCLK.c **** *
  83:.\Generated_Source\PSoC4/UART_SCBCLK.c **** * Summary:
  84:.\Generated_Source\PSoC4/UART_SCBCLK.c **** *  Stops the clock and returns immediately. This API does not require the
  85:.\Generated_Source\PSoC4/UART_SCBCLK.c **** *  source clock to be running but may return before the hardware is actually
  86:.\Generated_Source\PSoC4/UART_SCBCLK.c **** *  disabled.
  87:.\Generated_Source\PSoC4/UART_SCBCLK.c **** *
  88:.\Generated_Source\PSoC4/UART_SCBCLK.c **** * Parameters:
  89:.\Generated_Source\PSoC4/UART_SCBCLK.c **** *  None
  90:.\Generated_Source\PSoC4/UART_SCBCLK.c **** *
  91:.\Generated_Source\PSoC4/UART_SCBCLK.c **** * Returns:
  92:.\Generated_Source\PSoC4/UART_SCBCLK.c **** *  None
  93:.\Generated_Source\PSoC4/UART_SCBCLK.c **** *
  94:.\Generated_Source\PSoC4/UART_SCBCLK.c **** *******************************************************************************/
  95:.\Generated_Source\PSoC4/UART_SCBCLK.c **** void UART_SCBCLK_Stop(void)
  96:.\Generated_Source\PSoC4/UART_SCBCLK.c **** {
ARM GAS  C:\Users\victo\AppData\Local\Temp\ccYLYWon.s 			page 21


 295              		.loc 1 96 0
 296              		.cfi_startproc
 297              	.L7:
  97:.\Generated_Source\PSoC4/UART_SCBCLK.c **** #if defined CYREG_PERI_DIV_CMD
  98:.\Generated_Source\PSoC4/UART_SCBCLK.c **** 
  99:.\Generated_Source\PSoC4/UART_SCBCLK.c ****     /* Make sure any previous start command has finished. */
 100:.\Generated_Source\PSoC4/UART_SCBCLK.c ****     while((UART_SCBCLK_CMD_REG & UART_SCBCLK_CMD_ENABLE_MASK) != 0u)
 298              		.loc 1 100 0 discriminator 1
 299 0000 034B     		ldr	r3, .L8
 300 0002 1A68     		ldr	r2, [r3]
 301 0004 002A     		cmp	r2, #0
 302 0006 FBDB     		blt	.L7
 101:.\Generated_Source\PSoC4/UART_SCBCLK.c ****     {
 102:.\Generated_Source\PSoC4/UART_SCBCLK.c ****     }
 103:.\Generated_Source\PSoC4/UART_SCBCLK.c ****     
 104:.\Generated_Source\PSoC4/UART_SCBCLK.c ****     /* Specify the target divider and it's alignment divider, and disable. */
 105:.\Generated_Source\PSoC4/UART_SCBCLK.c ****     UART_SCBCLK_CMD_REG =
 303              		.loc 1 105 0
 304 0008 024A     		ldr	r2, .L8+4
 106:.\Generated_Source\PSoC4/UART_SCBCLK.c ****         ((uint32)UART_SCBCLK__DIV_ID << UART_SCBCLK_CMD_DIV_SHIFT)|
 107:.\Generated_Source\PSoC4/UART_SCBCLK.c ****         ((uint32)UART_SCBCLK_CMD_DISABLE_MASK);
 108:.\Generated_Source\PSoC4/UART_SCBCLK.c **** 
 109:.\Generated_Source\PSoC4/UART_SCBCLK.c **** #else
 110:.\Generated_Source\PSoC4/UART_SCBCLK.c **** 
 111:.\Generated_Source\PSoC4/UART_SCBCLK.c ****     /* Clear the bit to disable the clock. */
 112:.\Generated_Source\PSoC4/UART_SCBCLK.c ****     UART_SCBCLK_ENABLE_REG &= (uint32)(~UART_SCBCLK__ENABLE_MASK);
 113:.\Generated_Source\PSoC4/UART_SCBCLK.c ****     
 114:.\Generated_Source\PSoC4/UART_SCBCLK.c **** #endif /* CYREG_PERI_DIV_CMD */
 115:.\Generated_Source\PSoC4/UART_SCBCLK.c **** }
 305              		.loc 1 115 0
 306              		@ sp needed
 105:.\Generated_Source\PSoC4/UART_SCBCLK.c ****         ((uint32)UART_SCBCLK__DIV_ID << UART_SCBCLK_CMD_DIV_SHIFT)|
 307              		.loc 1 105 0
 308 000a 1A60     		str	r2, [r3]
 309              		.loc 1 115 0
 310 000c 7047     		bx	lr
 311              	.L9:
 312 000e C046     		.align	2
 313              	.L8:
 314 0010 00000140 		.word	1073807360
 315 0014 04000040 		.word	1073741828
 316              		.cfi_endproc
 317              	.LFE1:
 318              		.size	UART_SCBCLK_Stop, .-UART_SCBCLK_Stop
 319              		.section	.text.UART_SCBCLK_SetFractionalDividerRegister,"ax",%progbits
 320              		.align	1
 321              		.global	UART_SCBCLK_SetFractionalDividerRegister
 322              		.code	16
 323              		.thumb_func
 324              		.type	UART_SCBCLK_SetFractionalDividerRegister, %function
 325              	UART_SCBCLK_SetFractionalDividerRegister:
 326              	.LFB2:
 116:.\Generated_Source\PSoC4/UART_SCBCLK.c **** 
 117:.\Generated_Source\PSoC4/UART_SCBCLK.c **** 
 118:.\Generated_Source\PSoC4/UART_SCBCLK.c **** /*******************************************************************************
 119:.\Generated_Source\PSoC4/UART_SCBCLK.c **** * Function Name: UART_SCBCLK_SetFractionalDividerRegister
 120:.\Generated_Source\PSoC4/UART_SCBCLK.c **** ********************************************************************************
ARM GAS  C:\Users\victo\AppData\Local\Temp\ccYLYWon.s 			page 22


 121:.\Generated_Source\PSoC4/UART_SCBCLK.c **** *
 122:.\Generated_Source\PSoC4/UART_SCBCLK.c **** * Summary:
 123:.\Generated_Source\PSoC4/UART_SCBCLK.c **** *  Modifies the clock divider and the fractional divider.
 124:.\Generated_Source\PSoC4/UART_SCBCLK.c **** *
 125:.\Generated_Source\PSoC4/UART_SCBCLK.c **** * Parameters:
 126:.\Generated_Source\PSoC4/UART_SCBCLK.c **** *  clkDivider:  Divider register value (0-65535). This value is NOT the
 127:.\Generated_Source\PSoC4/UART_SCBCLK.c **** *    divider; the clock hardware divides by clkDivider plus one. For example,
 128:.\Generated_Source\PSoC4/UART_SCBCLK.c **** *    to divide the clock by 2, this parameter should be set to 1.
 129:.\Generated_Source\PSoC4/UART_SCBCLK.c **** *  fracDivider:  Fractional Divider register value (0-31).
 130:.\Generated_Source\PSoC4/UART_SCBCLK.c **** * Returns:
 131:.\Generated_Source\PSoC4/UART_SCBCLK.c **** *  None
 132:.\Generated_Source\PSoC4/UART_SCBCLK.c **** *
 133:.\Generated_Source\PSoC4/UART_SCBCLK.c **** *******************************************************************************/
 134:.\Generated_Source\PSoC4/UART_SCBCLK.c **** void UART_SCBCLK_SetFractionalDividerRegister(uint16 clkDivider, uint8 clkFractional)
 135:.\Generated_Source\PSoC4/UART_SCBCLK.c **** {
 327              		.loc 1 135 0
 328              		.cfi_startproc
 329              	.LVL2:
 136:.\Generated_Source\PSoC4/UART_SCBCLK.c ****     uint32 maskVal;
 137:.\Generated_Source\PSoC4/UART_SCBCLK.c ****     uint32 regVal;
 138:.\Generated_Source\PSoC4/UART_SCBCLK.c ****     
 139:.\Generated_Source\PSoC4/UART_SCBCLK.c **** #if defined (UART_SCBCLK__FRAC_MASK) || defined (CYREG_PERI_DIV_CMD)
 140:.\Generated_Source\PSoC4/UART_SCBCLK.c ****     
 141:.\Generated_Source\PSoC4/UART_SCBCLK.c **** 	/* get all but divider bits */
 142:.\Generated_Source\PSoC4/UART_SCBCLK.c ****     maskVal = UART_SCBCLK_DIV_REG & 
 143:.\Generated_Source\PSoC4/UART_SCBCLK.c ****                     (uint32)(~(uint32)(UART_SCBCLK_DIV_INT_MASK | UART_SCBCLK_DIV_FRAC_MASK)); 
 144:.\Generated_Source\PSoC4/UART_SCBCLK.c **** 	/* combine mask and new divider vals into 32-bit value */
 145:.\Generated_Source\PSoC4/UART_SCBCLK.c ****     regVal = maskVal |
 146:.\Generated_Source\PSoC4/UART_SCBCLK.c ****         ((uint32)((uint32)clkDivider <<  UART_SCBCLK_DIV_INT_SHIFT) & UART_SCBCLK_DIV_INT_MASK) |
 147:.\Generated_Source\PSoC4/UART_SCBCLK.c ****         ((uint32)((uint32)clkFractional << UART_SCBCLK_DIV_FRAC_SHIFT) & UART_SCBCLK_DIV_FRAC_MASK)
 330              		.loc 1 147 0
 331 0000 FF22     		mov	r2, #255
 142:.\Generated_Source\PSoC4/UART_SCBCLK.c ****                     (uint32)(~(uint32)(UART_SCBCLK_DIV_INT_MASK | UART_SCBCLK_DIV_FRAC_MASK)); 
 332              		.loc 1 142 0
 333 0002 0723     		mov	r3, #7
 135:.\Generated_Source\PSoC4/UART_SCBCLK.c ****     uint32 maskVal;
 334              		.loc 1 135 0
 335 0004 30B5     		push	{r4, r5, lr}
 336              		.cfi_def_cfa_offset 12
 337              		.cfi_offset 4, -12
 338              		.cfi_offset 5, -8
 339              		.cfi_offset 14, -4
 142:.\Generated_Source\PSoC4/UART_SCBCLK.c ****                     (uint32)(~(uint32)(UART_SCBCLK_DIV_INT_MASK | UART_SCBCLK_DIV_FRAC_MASK)); 
 340              		.loc 1 142 0
 341 0006 054C     		ldr	r4, .L11
 342              		.loc 1 147 0
 343 0008 C900     		lsl	r1, r1, #3
 344              	.LVL3:
 142:.\Generated_Source\PSoC4/UART_SCBCLK.c ****                     (uint32)(~(uint32)(UART_SCBCLK_DIV_INT_MASK | UART_SCBCLK_DIV_FRAC_MASK)); 
 345              		.loc 1 142 0
 346 000a 2568     		ldr	r5, [r4]
 347              	.LVL4:
 146:.\Generated_Source\PSoC4/UART_SCBCLK.c ****         ((uint32)((uint32)clkFractional << UART_SCBCLK_DIV_FRAC_SHIFT) & UART_SCBCLK_DIV_FRAC_MASK)
 348              		.loc 1 146 0
 349 000c 0002     		lsl	r0, r0, #8
 350              	.LVL5:
 351              		.loc 1 147 0
ARM GAS  C:\Users\victo\AppData\Local\Temp\ccYLYWon.s 			page 23


 352 000e 1140     		and	r1, r2
 142:.\Generated_Source\PSoC4/UART_SCBCLK.c ****                     (uint32)(~(uint32)(UART_SCBCLK_DIV_INT_MASK | UART_SCBCLK_DIV_FRAC_MASK)); 
 353              		.loc 1 142 0
 354 0010 2B40     		and	r3, r5
 355              	.LVL6:
 356 0012 0143     		orr	r1, r0
 145:.\Generated_Source\PSoC4/UART_SCBCLK.c ****         ((uint32)((uint32)clkDivider <<  UART_SCBCLK_DIV_INT_SHIFT) & UART_SCBCLK_DIV_INT_MASK) |
 357              		.loc 1 145 0
 358 0014 1943     		orr	r1, r3
 359              	.LVL7:
 148:.\Generated_Source\PSoC4/UART_SCBCLK.c ****     
 149:.\Generated_Source\PSoC4/UART_SCBCLK.c **** #else
 150:.\Generated_Source\PSoC4/UART_SCBCLK.c ****     /* get all but integer divider bits */
 151:.\Generated_Source\PSoC4/UART_SCBCLK.c ****     maskVal = UART_SCBCLK_DIV_REG & (uint32)(~(uint32)UART_SCBCLK__DIVIDER_MASK);
 152:.\Generated_Source\PSoC4/UART_SCBCLK.c ****     /* combine mask and new divider val into 32-bit value */
 153:.\Generated_Source\PSoC4/UART_SCBCLK.c ****     regVal = clkDivider | maskVal;
 154:.\Generated_Source\PSoC4/UART_SCBCLK.c ****     
 155:.\Generated_Source\PSoC4/UART_SCBCLK.c **** #endif /* UART_SCBCLK__FRAC_MASK || CYREG_PERI_DIV_CMD */
 156:.\Generated_Source\PSoC4/UART_SCBCLK.c **** 
 157:.\Generated_Source\PSoC4/UART_SCBCLK.c ****     UART_SCBCLK_DIV_REG = regVal;
 360              		.loc 1 157 0
 361 0016 2160     		str	r1, [r4]
 158:.\Generated_Source\PSoC4/UART_SCBCLK.c **** }
 362              		.loc 1 158 0
 363              		@ sp needed
 364 0018 30BD     		pop	{r4, r5, pc}
 365              	.L12:
 366 001a C046     		.align	2
 367              	.L11:
 368 001c 10020140 		.word	1073807888
 369              		.cfi_endproc
 370              	.LFE2:
 371              		.size	UART_SCBCLK_SetFractionalDividerRegister, .-UART_SCBCLK_SetFractionalDividerRegister
 372              		.section	.text.UART_SCBCLK_GetDividerRegister,"ax",%progbits
 373              		.align	1
 374              		.global	UART_SCBCLK_GetDividerRegister
 375              		.code	16
 376              		.thumb_func
 377              		.type	UART_SCBCLK_GetDividerRegister, %function
 378              	UART_SCBCLK_GetDividerRegister:
 379              	.LFB3:
 159:.\Generated_Source\PSoC4/UART_SCBCLK.c **** 
 160:.\Generated_Source\PSoC4/UART_SCBCLK.c **** 
 161:.\Generated_Source\PSoC4/UART_SCBCLK.c **** /*******************************************************************************
 162:.\Generated_Source\PSoC4/UART_SCBCLK.c **** * Function Name: UART_SCBCLK_GetDividerRegister
 163:.\Generated_Source\PSoC4/UART_SCBCLK.c **** ********************************************************************************
 164:.\Generated_Source\PSoC4/UART_SCBCLK.c **** *
 165:.\Generated_Source\PSoC4/UART_SCBCLK.c **** * Summary:
 166:.\Generated_Source\PSoC4/UART_SCBCLK.c **** *  Gets the clock divider register value.
 167:.\Generated_Source\PSoC4/UART_SCBCLK.c **** *
 168:.\Generated_Source\PSoC4/UART_SCBCLK.c **** * Parameters:
 169:.\Generated_Source\PSoC4/UART_SCBCLK.c **** *  None
 170:.\Generated_Source\PSoC4/UART_SCBCLK.c **** *
 171:.\Generated_Source\PSoC4/UART_SCBCLK.c **** * Returns:
 172:.\Generated_Source\PSoC4/UART_SCBCLK.c **** *  Divide value of the clock minus 1. For example, if the clock is set to
 173:.\Generated_Source\PSoC4/UART_SCBCLK.c **** *  divide by 2, the return value will be 1.
 174:.\Generated_Source\PSoC4/UART_SCBCLK.c **** *
ARM GAS  C:\Users\victo\AppData\Local\Temp\ccYLYWon.s 			page 24


 175:.\Generated_Source\PSoC4/UART_SCBCLK.c **** *******************************************************************************/
 176:.\Generated_Source\PSoC4/UART_SCBCLK.c **** uint16 UART_SCBCLK_GetDividerRegister(void)
 177:.\Generated_Source\PSoC4/UART_SCBCLK.c **** {
 380              		.loc 1 177 0
 381              		.cfi_startproc
 178:.\Generated_Source\PSoC4/UART_SCBCLK.c ****     return (uint16)((UART_SCBCLK_DIV_REG & UART_SCBCLK_DIV_INT_MASK)
 382              		.loc 1 178 0
 383 0000 024B     		ldr	r3, .L14
 179:.\Generated_Source\PSoC4/UART_SCBCLK.c ****         >> UART_SCBCLK_DIV_INT_SHIFT);
 180:.\Generated_Source\PSoC4/UART_SCBCLK.c **** }
 384              		.loc 1 180 0
 385              		@ sp needed
 178:.\Generated_Source\PSoC4/UART_SCBCLK.c ****     return (uint16)((UART_SCBCLK_DIV_REG & UART_SCBCLK_DIV_INT_MASK)
 386              		.loc 1 178 0
 387 0002 1868     		ldr	r0, [r3]
 179:.\Generated_Source\PSoC4/UART_SCBCLK.c ****         >> UART_SCBCLK_DIV_INT_SHIFT);
 388              		.loc 1 179 0
 389 0004 000A     		lsr	r0, r0, #8
 178:.\Generated_Source\PSoC4/UART_SCBCLK.c ****     return (uint16)((UART_SCBCLK_DIV_REG & UART_SCBCLK_DIV_INT_MASK)
 390              		.loc 1 178 0
 391 0006 80B2     		uxth	r0, r0
 392              		.loc 1 180 0
 393 0008 7047     		bx	lr
 394              	.L15:
 395 000a C046     		.align	2
 396              	.L14:
 397 000c 10020140 		.word	1073807888
 398              		.cfi_endproc
 399              	.LFE3:
 400              		.size	UART_SCBCLK_GetDividerRegister, .-UART_SCBCLK_GetDividerRegister
 401              		.section	.text.UART_SCBCLK_GetFractionalDividerRegister,"ax",%progbits
 402              		.align	1
 403              		.global	UART_SCBCLK_GetFractionalDividerRegister
 404              		.code	16
 405              		.thumb_func
 406              		.type	UART_SCBCLK_GetFractionalDividerRegister, %function
 407              	UART_SCBCLK_GetFractionalDividerRegister:
 408              	.LFB4:
 181:.\Generated_Source\PSoC4/UART_SCBCLK.c **** 
 182:.\Generated_Source\PSoC4/UART_SCBCLK.c **** 
 183:.\Generated_Source\PSoC4/UART_SCBCLK.c **** /*******************************************************************************
 184:.\Generated_Source\PSoC4/UART_SCBCLK.c **** * Function Name: UART_SCBCLK_GetFractionalDividerRegister
 185:.\Generated_Source\PSoC4/UART_SCBCLK.c **** ********************************************************************************
 186:.\Generated_Source\PSoC4/UART_SCBCLK.c **** *
 187:.\Generated_Source\PSoC4/UART_SCBCLK.c **** * Summary:
 188:.\Generated_Source\PSoC4/UART_SCBCLK.c **** *  Gets the clock fractional divider register value.
 189:.\Generated_Source\PSoC4/UART_SCBCLK.c **** *
 190:.\Generated_Source\PSoC4/UART_SCBCLK.c **** * Parameters:
 191:.\Generated_Source\PSoC4/UART_SCBCLK.c **** *  None
 192:.\Generated_Source\PSoC4/UART_SCBCLK.c **** *
 193:.\Generated_Source\PSoC4/UART_SCBCLK.c **** * Returns:
 194:.\Generated_Source\PSoC4/UART_SCBCLK.c **** *  Fractional Divide value of the clock
 195:.\Generated_Source\PSoC4/UART_SCBCLK.c **** *  0 if the fractional divider is not in use.
 196:.\Generated_Source\PSoC4/UART_SCBCLK.c **** *
 197:.\Generated_Source\PSoC4/UART_SCBCLK.c **** *******************************************************************************/
 198:.\Generated_Source\PSoC4/UART_SCBCLK.c **** uint8 UART_SCBCLK_GetFractionalDividerRegister(void)
 199:.\Generated_Source\PSoC4/UART_SCBCLK.c **** {
ARM GAS  C:\Users\victo\AppData\Local\Temp\ccYLYWon.s 			page 25


 409              		.loc 1 199 0
 410              		.cfi_startproc
 200:.\Generated_Source\PSoC4/UART_SCBCLK.c **** #if defined (UART_SCBCLK__FRAC_MASK)
 201:.\Generated_Source\PSoC4/UART_SCBCLK.c ****     /* return fractional divider bits */
 202:.\Generated_Source\PSoC4/UART_SCBCLK.c ****     return (uint8)((UART_SCBCLK_DIV_REG & UART_SCBCLK_DIV_FRAC_MASK)
 203:.\Generated_Source\PSoC4/UART_SCBCLK.c ****         >> UART_SCBCLK_DIV_FRAC_SHIFT);
 204:.\Generated_Source\PSoC4/UART_SCBCLK.c **** #else
 205:.\Generated_Source\PSoC4/UART_SCBCLK.c ****     return 0u;
 206:.\Generated_Source\PSoC4/UART_SCBCLK.c **** #endif /* UART_SCBCLK__FRAC_MASK */
 207:.\Generated_Source\PSoC4/UART_SCBCLK.c **** }
 411              		.loc 1 207 0
 412 0000 0020     		mov	r0, #0
 413              		@ sp needed
 414 0002 7047     		bx	lr
 415              		.cfi_endproc
 416              	.LFE4:
 417              		.size	UART_SCBCLK_GetFractionalDividerRegister, .-UART_SCBCLK_GetFractionalDividerRegister
 418              		.text
 419              	.Letext0:
 420              		.file 2 "Generated_Source\\PSoC4/cytypes.h"
 421              		.section	.debug_info,"",%progbits
 422              	.Ldebug_info0:
 423 0000 62010000 		.4byte	0x162
 424 0004 0400     		.2byte	0x4
 425 0006 00000000 		.4byte	.Ldebug_abbrev0
 426 000a 04       		.byte	0x4
 427 000b 01       		.uleb128 0x1
 428 000c FA000000 		.4byte	.LASF25
 429 0010 01       		.byte	0x1
 430 0011 8F020000 		.4byte	.LASF26
 431 0015 FE010000 		.4byte	.LASF27
 432 0019 00000000 		.4byte	.Ldebug_ranges0+0
 433 001d 00000000 		.4byte	0
 434 0021 00000000 		.4byte	.Ldebug_line0
 435 0025 02       		.uleb128 0x2
 436 0026 01       		.byte	0x1
 437 0027 06       		.byte	0x6
 438 0028 B6020000 		.4byte	.LASF0
 439 002c 02       		.uleb128 0x2
 440 002d 01       		.byte	0x1
 441 002e 08       		.byte	0x8
 442 002f 39000000 		.4byte	.LASF1
 443 0033 02       		.uleb128 0x2
 444 0034 02       		.byte	0x2
 445 0035 05       		.byte	0x5
 446 0036 76020000 		.4byte	.LASF2
 447 003a 02       		.uleb128 0x2
 448 003b 02       		.byte	0x2
 449 003c 07       		.byte	0x7
 450 003d 59000000 		.4byte	.LASF3
 451 0041 02       		.uleb128 0x2
 452 0042 04       		.byte	0x4
 453 0043 05       		.byte	0x5
 454 0044 86020000 		.4byte	.LASF4
 455 0048 02       		.uleb128 0x2
 456 0049 04       		.byte	0x4
 457 004a 07       		.byte	0x7
ARM GAS  C:\Users\victo\AppData\Local\Temp\ccYLYWon.s 			page 26


 458 004b 47000000 		.4byte	.LASF5
 459 004f 02       		.uleb128 0x2
 460 0050 08       		.byte	0x8
 461 0051 05       		.byte	0x5
 462 0052 63020000 		.4byte	.LASF6
 463 0056 02       		.uleb128 0x2
 464 0057 08       		.byte	0x8
 465 0058 07       		.byte	0x7
 466 0059 E3000000 		.4byte	.LASF7
 467 005d 03       		.uleb128 0x3
 468 005e 04       		.byte	0x4
 469 005f 05       		.byte	0x5
 470 0060 696E7400 		.ascii	"int\000"
 471 0064 02       		.uleb128 0x2
 472 0065 04       		.byte	0x4
 473 0066 07       		.byte	0x7
 474 0067 D6000000 		.4byte	.LASF8
 475 006b 04       		.uleb128 0x4
 476 006c 80020000 		.4byte	.LASF9
 477 0070 02       		.byte	0x2
 478 0071 9801     		.2byte	0x198
 479 0073 2C000000 		.4byte	0x2c
 480 0077 04       		.uleb128 0x4
 481 0078 C8000000 		.4byte	.LASF10
 482 007c 02       		.byte	0x2
 483 007d 9901     		.2byte	0x199
 484 007f 3A000000 		.4byte	0x3a
 485 0083 04       		.uleb128 0x4
 486 0084 CF000000 		.4byte	.LASF11
 487 0088 02       		.byte	0x2
 488 0089 9A01     		.2byte	0x19a
 489 008b 48000000 		.4byte	0x48
 490 008f 02       		.uleb128 0x2
 491 0090 04       		.byte	0x4
 492 0091 04       		.byte	0x4
 493 0092 33000000 		.4byte	.LASF12
 494 0096 02       		.uleb128 0x2
 495 0097 08       		.byte	0x8
 496 0098 04       		.byte	0x4
 497 0099 77000000 		.4byte	.LASF13
 498 009d 02       		.uleb128 0x2
 499 009e 01       		.byte	0x1
 500 009f 08       		.byte	0x8
 501 00a0 71020000 		.4byte	.LASF14
 502 00a4 04       		.uleb128 0x4
 503 00a5 00000000 		.4byte	.LASF15
 504 00a9 02       		.byte	0x2
 505 00aa 4402     		.2byte	0x244
 506 00ac B0000000 		.4byte	0xb0
 507 00b0 05       		.uleb128 0x5
 508 00b1 83000000 		.4byte	0x83
 509 00b5 06       		.uleb128 0x6
 510 00b6 1F000000 		.4byte	.LASF16
 511 00ba 01       		.byte	0x1
 512 00bb 27       		.byte	0x27
 513 00bc 00000000 		.4byte	.LFB0
 514 00c0 1C000000 		.4byte	.LFE0-.LFB0
ARM GAS  C:\Users\victo\AppData\Local\Temp\ccYLYWon.s 			page 27


 515 00c4 01       		.uleb128 0x1
 516 00c5 9C       		.byte	0x9c
 517 00c6 DA000000 		.4byte	0xda
 518 00ca 07       		.uleb128 0x7
 519 00cb 85000000 		.4byte	.LASF18
 520 00cf 01       		.byte	0x1
 521 00d0 27       		.byte	0x27
 522 00d1 83000000 		.4byte	0x83
 523 00d5 00000000 		.4byte	.LLST0
 524 00d9 00       		.byte	0
 525 00da 08       		.uleb128 0x8
 526 00db 0E000000 		.4byte	.LASF28
 527 00df 01       		.byte	0x1
 528 00e0 5F       		.byte	0x5f
 529 00e1 00000000 		.4byte	.LFB1
 530 00e5 18000000 		.4byte	.LFE1-.LFB1
 531 00e9 01       		.uleb128 0x1
 532 00ea 9C       		.byte	0x9c
 533 00eb 06       		.uleb128 0x6
 534 00ec D5010000 		.4byte	.LASF17
 535 00f0 01       		.byte	0x1
 536 00f1 86       		.byte	0x86
 537 00f2 00000000 		.4byte	.LFB2
 538 00f6 20000000 		.4byte	.LFE2-.LFB2
 539 00fa 01       		.uleb128 0x1
 540 00fb 9C       		.byte	0x9c
 541 00fc 3B010000 		.4byte	0x13b
 542 0100 07       		.uleb128 0x7
 543 0101 6C000000 		.4byte	.LASF19
 544 0105 01       		.byte	0x1
 545 0106 86       		.byte	0x86
 546 0107 77000000 		.4byte	0x77
 547 010b 21000000 		.4byte	.LLST1
 548 010f 07       		.uleb128 0x7
 549 0110 BA000000 		.4byte	.LASF20
 550 0114 01       		.byte	0x1
 551 0115 86       		.byte	0x86
 552 0116 6B000000 		.4byte	0x6b
 553 011a 42000000 		.4byte	.LLST2
 554 011e 09       		.uleb128 0x9
 555 011f 06000000 		.4byte	.LASF21
 556 0123 01       		.byte	0x1
 557 0124 88       		.byte	0x88
 558 0125 83000000 		.4byte	0x83
 559 0129 63000000 		.4byte	.LLST3
 560 012d 0A       		.uleb128 0xa
 561 012e 7E000000 		.4byte	.LASF22
 562 0132 01       		.byte	0x1
 563 0133 89       		.byte	0x89
 564 0134 83000000 		.4byte	0x83
 565 0138 01       		.uleb128 0x1
 566 0139 51       		.byte	0x51
 567 013a 00       		.byte	0
 568 013b 0B       		.uleb128 0xb
 569 013c B6010000 		.4byte	.LASF23
 570 0140 01       		.byte	0x1
 571 0141 B0       		.byte	0xb0
ARM GAS  C:\Users\victo\AppData\Local\Temp\ccYLYWon.s 			page 28


 572 0142 77000000 		.4byte	0x77
 573 0146 00000000 		.4byte	.LFB3
 574 014a 10000000 		.4byte	.LFE3-.LFB3
 575 014e 01       		.uleb128 0x1
 576 014f 9C       		.byte	0x9c
 577 0150 0B       		.uleb128 0xb
 578 0151 91000000 		.4byte	.LASF24
 579 0155 01       		.byte	0x1
 580 0156 C6       		.byte	0xc6
 581 0157 6B000000 		.4byte	0x6b
 582 015b 00000000 		.4byte	.LFB4
 583 015f 04000000 		.4byte	.LFE4-.LFB4
 584 0163 01       		.uleb128 0x1
 585 0164 9C       		.byte	0x9c
 586 0165 00       		.byte	0
 587              		.section	.debug_abbrev,"",%progbits
 588              	.Ldebug_abbrev0:
 589 0000 01       		.uleb128 0x1
 590 0001 11       		.uleb128 0x11
 591 0002 01       		.byte	0x1
 592 0003 25       		.uleb128 0x25
 593 0004 0E       		.uleb128 0xe
 594 0005 13       		.uleb128 0x13
 595 0006 0B       		.uleb128 0xb
 596 0007 03       		.uleb128 0x3
 597 0008 0E       		.uleb128 0xe
 598 0009 1B       		.uleb128 0x1b
 599 000a 0E       		.uleb128 0xe
 600 000b 55       		.uleb128 0x55
 601 000c 17       		.uleb128 0x17
 602 000d 11       		.uleb128 0x11
 603 000e 01       		.uleb128 0x1
 604 000f 10       		.uleb128 0x10
 605 0010 17       		.uleb128 0x17
 606 0011 00       		.byte	0
 607 0012 00       		.byte	0
 608 0013 02       		.uleb128 0x2
 609 0014 24       		.uleb128 0x24
 610 0015 00       		.byte	0
 611 0016 0B       		.uleb128 0xb
 612 0017 0B       		.uleb128 0xb
 613 0018 3E       		.uleb128 0x3e
 614 0019 0B       		.uleb128 0xb
 615 001a 03       		.uleb128 0x3
 616 001b 0E       		.uleb128 0xe
 617 001c 00       		.byte	0
 618 001d 00       		.byte	0
 619 001e 03       		.uleb128 0x3
 620 001f 24       		.uleb128 0x24
 621 0020 00       		.byte	0
 622 0021 0B       		.uleb128 0xb
 623 0022 0B       		.uleb128 0xb
 624 0023 3E       		.uleb128 0x3e
 625 0024 0B       		.uleb128 0xb
 626 0025 03       		.uleb128 0x3
 627 0026 08       		.uleb128 0x8
 628 0027 00       		.byte	0
ARM GAS  C:\Users\victo\AppData\Local\Temp\ccYLYWon.s 			page 29


 629 0028 00       		.byte	0
 630 0029 04       		.uleb128 0x4
 631 002a 16       		.uleb128 0x16
 632 002b 00       		.byte	0
 633 002c 03       		.uleb128 0x3
 634 002d 0E       		.uleb128 0xe
 635 002e 3A       		.uleb128 0x3a
 636 002f 0B       		.uleb128 0xb
 637 0030 3B       		.uleb128 0x3b
 638 0031 05       		.uleb128 0x5
 639 0032 49       		.uleb128 0x49
 640 0033 13       		.uleb128 0x13
 641 0034 00       		.byte	0
 642 0035 00       		.byte	0
 643 0036 05       		.uleb128 0x5
 644 0037 35       		.uleb128 0x35
 645 0038 00       		.byte	0
 646 0039 49       		.uleb128 0x49
 647 003a 13       		.uleb128 0x13
 648 003b 00       		.byte	0
 649 003c 00       		.byte	0
 650 003d 06       		.uleb128 0x6
 651 003e 2E       		.uleb128 0x2e
 652 003f 01       		.byte	0x1
 653 0040 3F       		.uleb128 0x3f
 654 0041 19       		.uleb128 0x19
 655 0042 03       		.uleb128 0x3
 656 0043 0E       		.uleb128 0xe
 657 0044 3A       		.uleb128 0x3a
 658 0045 0B       		.uleb128 0xb
 659 0046 3B       		.uleb128 0x3b
 660 0047 0B       		.uleb128 0xb
 661 0048 27       		.uleb128 0x27
 662 0049 19       		.uleb128 0x19
 663 004a 11       		.uleb128 0x11
 664 004b 01       		.uleb128 0x1
 665 004c 12       		.uleb128 0x12
 666 004d 06       		.uleb128 0x6
 667 004e 40       		.uleb128 0x40
 668 004f 18       		.uleb128 0x18
 669 0050 9742     		.uleb128 0x2117
 670 0052 19       		.uleb128 0x19
 671 0053 01       		.uleb128 0x1
 672 0054 13       		.uleb128 0x13
 673 0055 00       		.byte	0
 674 0056 00       		.byte	0
 675 0057 07       		.uleb128 0x7
 676 0058 05       		.uleb128 0x5
 677 0059 00       		.byte	0
 678 005a 03       		.uleb128 0x3
 679 005b 0E       		.uleb128 0xe
 680 005c 3A       		.uleb128 0x3a
 681 005d 0B       		.uleb128 0xb
 682 005e 3B       		.uleb128 0x3b
 683 005f 0B       		.uleb128 0xb
 684 0060 49       		.uleb128 0x49
 685 0061 13       		.uleb128 0x13
ARM GAS  C:\Users\victo\AppData\Local\Temp\ccYLYWon.s 			page 30


 686 0062 02       		.uleb128 0x2
 687 0063 17       		.uleb128 0x17
 688 0064 00       		.byte	0
 689 0065 00       		.byte	0
 690 0066 08       		.uleb128 0x8
 691 0067 2E       		.uleb128 0x2e
 692 0068 00       		.byte	0
 693 0069 3F       		.uleb128 0x3f
 694 006a 19       		.uleb128 0x19
 695 006b 03       		.uleb128 0x3
 696 006c 0E       		.uleb128 0xe
 697 006d 3A       		.uleb128 0x3a
 698 006e 0B       		.uleb128 0xb
 699 006f 3B       		.uleb128 0x3b
 700 0070 0B       		.uleb128 0xb
 701 0071 27       		.uleb128 0x27
 702 0072 19       		.uleb128 0x19
 703 0073 11       		.uleb128 0x11
 704 0074 01       		.uleb128 0x1
 705 0075 12       		.uleb128 0x12
 706 0076 06       		.uleb128 0x6
 707 0077 40       		.uleb128 0x40
 708 0078 18       		.uleb128 0x18
 709 0079 9742     		.uleb128 0x2117
 710 007b 19       		.uleb128 0x19
 711 007c 00       		.byte	0
 712 007d 00       		.byte	0
 713 007e 09       		.uleb128 0x9
 714 007f 34       		.uleb128 0x34
 715 0080 00       		.byte	0
 716 0081 03       		.uleb128 0x3
 717 0082 0E       		.uleb128 0xe
 718 0083 3A       		.uleb128 0x3a
 719 0084 0B       		.uleb128 0xb
 720 0085 3B       		.uleb128 0x3b
 721 0086 0B       		.uleb128 0xb
 722 0087 49       		.uleb128 0x49
 723 0088 13       		.uleb128 0x13
 724 0089 02       		.uleb128 0x2
 725 008a 17       		.uleb128 0x17
 726 008b 00       		.byte	0
 727 008c 00       		.byte	0
 728 008d 0A       		.uleb128 0xa
 729 008e 34       		.uleb128 0x34
 730 008f 00       		.byte	0
 731 0090 03       		.uleb128 0x3
 732 0091 0E       		.uleb128 0xe
 733 0092 3A       		.uleb128 0x3a
 734 0093 0B       		.uleb128 0xb
 735 0094 3B       		.uleb128 0x3b
 736 0095 0B       		.uleb128 0xb
 737 0096 49       		.uleb128 0x49
 738 0097 13       		.uleb128 0x13
 739 0098 02       		.uleb128 0x2
 740 0099 18       		.uleb128 0x18
 741 009a 00       		.byte	0
 742 009b 00       		.byte	0
ARM GAS  C:\Users\victo\AppData\Local\Temp\ccYLYWon.s 			page 31


 743 009c 0B       		.uleb128 0xb
 744 009d 2E       		.uleb128 0x2e
 745 009e 00       		.byte	0
 746 009f 3F       		.uleb128 0x3f
 747 00a0 19       		.uleb128 0x19
 748 00a1 03       		.uleb128 0x3
 749 00a2 0E       		.uleb128 0xe
 750 00a3 3A       		.uleb128 0x3a
 751 00a4 0B       		.uleb128 0xb
 752 00a5 3B       		.uleb128 0x3b
 753 00a6 0B       		.uleb128 0xb
 754 00a7 27       		.uleb128 0x27
 755 00a8 19       		.uleb128 0x19
 756 00a9 49       		.uleb128 0x49
 757 00aa 13       		.uleb128 0x13
 758 00ab 11       		.uleb128 0x11
 759 00ac 01       		.uleb128 0x1
 760 00ad 12       		.uleb128 0x12
 761 00ae 06       		.uleb128 0x6
 762 00af 40       		.uleb128 0x40
 763 00b0 18       		.uleb128 0x18
 764 00b1 9742     		.uleb128 0x2117
 765 00b3 19       		.uleb128 0x19
 766 00b4 00       		.byte	0
 767 00b5 00       		.byte	0
 768 00b6 00       		.byte	0
 769              		.section	.debug_loc,"",%progbits
 770              	.Ldebug_loc0:
 771              	.LLST0:
 772 0000 00000000 		.4byte	.LVL0
 773 0004 0C000000 		.4byte	.LVL1
 774 0008 0100     		.2byte	0x1
 775 000a 50       		.byte	0x50
 776 000b 0C000000 		.4byte	.LVL1
 777 000f 1C000000 		.4byte	.LFE0
 778 0013 0400     		.2byte	0x4
 779 0015 F3       		.byte	0xf3
 780 0016 01       		.uleb128 0x1
 781 0017 50       		.byte	0x50
 782 0018 9F       		.byte	0x9f
 783 0019 00000000 		.4byte	0
 784 001d 00000000 		.4byte	0
 785              	.LLST1:
 786 0021 00000000 		.4byte	.LVL2
 787 0025 0E000000 		.4byte	.LVL5
 788 0029 0100     		.2byte	0x1
 789 002b 50       		.byte	0x50
 790 002c 0E000000 		.4byte	.LVL5
 791 0030 20000000 		.4byte	.LFE2
 792 0034 0400     		.2byte	0x4
 793 0036 F3       		.byte	0xf3
 794 0037 01       		.uleb128 0x1
 795 0038 50       		.byte	0x50
 796 0039 9F       		.byte	0x9f
 797 003a 00000000 		.4byte	0
 798 003e 00000000 		.4byte	0
 799              	.LLST2:
ARM GAS  C:\Users\victo\AppData\Local\Temp\ccYLYWon.s 			page 32


 800 0042 00000000 		.4byte	.LVL2
 801 0046 0A000000 		.4byte	.LVL3
 802 004a 0100     		.2byte	0x1
 803 004c 51       		.byte	0x51
 804 004d 0A000000 		.4byte	.LVL3
 805 0051 20000000 		.4byte	.LFE2
 806 0055 0400     		.2byte	0x4
 807 0057 F3       		.byte	0xf3
 808 0058 01       		.uleb128 0x1
 809 0059 51       		.byte	0x51
 810 005a 9F       		.byte	0x9f
 811 005b 00000000 		.4byte	0
 812 005f 00000000 		.4byte	0
 813              	.LLST3:
 814 0063 0C000000 		.4byte	.LVL4
 815 0067 12000000 		.4byte	.LVL6
 816 006b 0500     		.2byte	0x5
 817 006d 75       		.byte	0x75
 818 006e 00       		.sleb128 0
 819 006f 37       		.byte	0x37
 820 0070 1A       		.byte	0x1a
 821 0071 9F       		.byte	0x9f
 822 0072 12000000 		.4byte	.LVL6
 823 0076 20000000 		.4byte	.LFE2
 824 007a 0100     		.2byte	0x1
 825 007c 53       		.byte	0x53
 826 007d 00000000 		.4byte	0
 827 0081 00000000 		.4byte	0
 828              		.section	.debug_aranges,"",%progbits
 829 0000 3C000000 		.4byte	0x3c
 830 0004 0200     		.2byte	0x2
 831 0006 00000000 		.4byte	.Ldebug_info0
 832 000a 04       		.byte	0x4
 833 000b 00       		.byte	0
 834 000c 0000     		.2byte	0
 835 000e 0000     		.2byte	0
 836 0010 00000000 		.4byte	.LFB0
 837 0014 1C000000 		.4byte	.LFE0-.LFB0
 838 0018 00000000 		.4byte	.LFB1
 839 001c 18000000 		.4byte	.LFE1-.LFB1
 840 0020 00000000 		.4byte	.LFB2
 841 0024 20000000 		.4byte	.LFE2-.LFB2
 842 0028 00000000 		.4byte	.LFB3
 843 002c 10000000 		.4byte	.LFE3-.LFB3
 844 0030 00000000 		.4byte	.LFB4
 845 0034 04000000 		.4byte	.LFE4-.LFB4
 846 0038 00000000 		.4byte	0
 847 003c 00000000 		.4byte	0
 848              		.section	.debug_ranges,"",%progbits
 849              	.Ldebug_ranges0:
 850 0000 00000000 		.4byte	.LFB0
 851 0004 1C000000 		.4byte	.LFE0
 852 0008 00000000 		.4byte	.LFB1
 853 000c 18000000 		.4byte	.LFE1
 854 0010 00000000 		.4byte	.LFB2
 855 0014 20000000 		.4byte	.LFE2
 856 0018 00000000 		.4byte	.LFB3
ARM GAS  C:\Users\victo\AppData\Local\Temp\ccYLYWon.s 			page 33


 857 001c 10000000 		.4byte	.LFE3
 858 0020 00000000 		.4byte	.LFB4
 859 0024 04000000 		.4byte	.LFE4
 860 0028 00000000 		.4byte	0
 861 002c 00000000 		.4byte	0
 862              		.section	.debug_line,"",%progbits
 863              	.Ldebug_line0:
 864 0000 E6000000 		.section	.debug_str,"MS",%progbits,1
 864      02006100 
 864      00000201 
 864      FB0E0D00 
 864      01010101 
 865              	.LASF15:
 866 0000 72656733 		.ascii	"reg32\000"
 866      3200
 867              	.LASF21:
 868 0006 6D61736B 		.ascii	"maskVal\000"
 868      56616C00 
 869              	.LASF28:
 870 000e 55415254 		.ascii	"UART_SCBCLK_Stop\000"
 870      5F534342 
 870      434C4B5F 
 870      53746F70 
 870      00
 871              	.LASF16:
 872 001f 55415254 		.ascii	"UART_SCBCLK_StartEx\000"
 872      5F534342 
 872      434C4B5F 
 872      53746172 
 872      74457800 
 873              	.LASF12:
 874 0033 666C6F61 		.ascii	"float\000"
 874      7400
 875              	.LASF1:
 876 0039 756E7369 		.ascii	"unsigned char\000"
 876      676E6564 
 876      20636861 
 876      7200
 877              	.LASF5:
 878 0047 6C6F6E67 		.ascii	"long unsigned int\000"
 878      20756E73 
 878      69676E65 
 878      6420696E 
 878      7400
 879              	.LASF3:
 880 0059 73686F72 		.ascii	"short unsigned int\000"
 880      7420756E 
 880      7369676E 
 880      65642069 
 880      6E7400
 881              	.LASF19:
 882 006c 636C6B44 		.ascii	"clkDivider\000"
 882      69766964 
 882      657200
 883              	.LASF13:
 884 0077 646F7562 		.ascii	"double\000"
 884      6C6500
ARM GAS  C:\Users\victo\AppData\Local\Temp\ccYLYWon.s 			page 34


 885              	.LASF22:
 886 007e 72656756 		.ascii	"regVal\000"
 886      616C00
 887              	.LASF18:
 888 0085 616C6967 		.ascii	"alignClkDiv\000"
 888      6E436C6B 
 888      44697600 
 889              	.LASF24:
 890 0091 55415254 		.ascii	"UART_SCBCLK_GetFractionalDividerRegister\000"
 890      5F534342 
 890      434C4B5F 
 890      47657446 
 890      72616374 
 891              	.LASF20:
 892 00ba 636C6B46 		.ascii	"clkFractional\000"
 892      72616374 
 892      696F6E61 
 892      6C00
 893              	.LASF10:
 894 00c8 75696E74 		.ascii	"uint16\000"
 894      313600
 895              	.LASF11:
 896 00cf 75696E74 		.ascii	"uint32\000"
 896      333200
 897              	.LASF8:
 898 00d6 756E7369 		.ascii	"unsigned int\000"
 898      676E6564 
 898      20696E74 
 898      00
 899              	.LASF7:
 900 00e3 6C6F6E67 		.ascii	"long long unsigned int\000"
 900      206C6F6E 
 900      6720756E 
 900      7369676E 
 900      65642069 
 901              	.LASF25:
 902 00fa 474E5520 		.ascii	"GNU C 4.9.3 20150303 (release) [ARM/embedded-4_9-br"
 902      4320342E 
 902      392E3320 
 902      32303135 
 902      30333033 
 903 012d 616E6368 		.ascii	"anch revision 221220] -mcpu=cortex-m0 -mthumb -g -O"
 903      20726576 
 903      6973696F 
 903      6E203232 
 903      31323230 
 904 0160 73202D66 		.ascii	"s -ffunction-sections -finline-functions -flto -ffa"
 904      66756E63 
 904      74696F6E 
 904      2D736563 
 904      74696F6E 
 905 0193 742D6C74 		.ascii	"t-lto-objects -fno-strict-aliasing\000"
 905      6F2D6F62 
 905      6A656374 
 905      73202D66 
 905      6E6F2D73 
 906              	.LASF23:
ARM GAS  C:\Users\victo\AppData\Local\Temp\ccYLYWon.s 			page 35


 907 01b6 55415254 		.ascii	"UART_SCBCLK_GetDividerRegister\000"
 907      5F534342 
 907      434C4B5F 
 907      47657444 
 907      69766964 
 908              	.LASF17:
 909 01d5 55415254 		.ascii	"UART_SCBCLK_SetFractionalDividerRegister\000"
 909      5F534342 
 909      434C4B5F 
 909      53657446 
 909      72616374 
 910              	.LASF27:
 911 01fe 433A5C55 		.ascii	"C:\\Users\\victo\\OneDrive\\Documents\\PSoC Creator"
 911      73657273 
 911      5C766963 
 911      746F5C4F 
 911      6E654472 
 912 022c 5C435950 		.ascii	"\\CYPD4225-40LQXI_0805\\CYPD4225-40LQXI_notebook01."
 912      44343232 
 912      352D3430 
 912      4C515849 
 912      5F303830 
 913 025d 63796473 		.ascii	"cydsn\000"
 913      6E00
 914              	.LASF6:
 915 0263 6C6F6E67 		.ascii	"long long int\000"
 915      206C6F6E 
 915      6720696E 
 915      7400
 916              	.LASF14:
 917 0271 63686172 		.ascii	"char\000"
 917      00
 918              	.LASF2:
 919 0276 73686F72 		.ascii	"short int\000"
 919      7420696E 
 919      7400
 920              	.LASF9:
 921 0280 75696E74 		.ascii	"uint8\000"
 921      3800
 922              	.LASF4:
 923 0286 6C6F6E67 		.ascii	"long int\000"
 923      20696E74 
 923      00
 924              	.LASF26:
 925 028f 2E5C4765 		.ascii	".\\Generated_Source\\PSoC4\\UART_SCBCLK.c\000"
 925      6E657261 
 925      7465645F 
 925      536F7572 
 925      63655C50 
 926              	.LASF0:
 927 02b6 7369676E 		.ascii	"signed char\000"
 927      65642063 
 927      68617200 
 928              		.comm	__gnu_lto_v1,1,1
 929              		.ident	"GCC: (GNU Tools for ARM Embedded Processors) 4.9.3 20150303 (release) [ARM/embedded-4_9-br
