ARM GAS  C:\Users\victo\AppData\Local\Temp\ccK3mQ7G.s 			page 1


   1              		.cpu cortex-m0
   2              		.fpu softvfp
   3              		.eabi_attribute 20, 1
   4              		.eabi_attribute 21, 1
   5              		.eabi_attribute 23, 3
   6              		.eabi_attribute 24, 1
   7              		.eabi_attribute 25, 1
   8              		.eabi_attribute 26, 1
   9              		.eabi_attribute 30, 4
  10              		.eabi_attribute 34, 0
  11              		.eabi_attribute 18, 4
  12              		.code	16
  13              		.file	"VBUS_DISCHARGE_P2.c"
  14              		.text
  15              	.Ltext0:
  16              		.section	.gnu.lto_.profile.92f6700a,"",%progbits
  17 0000 789C6366 		.ascii	"x\234cf```a\200\000F\006uE\000\000\343\000Q"
  17      60606061 
  17      80004606 
  17      75450000 
  17      E30051
  18              		.text
  19              		.section	.gnu.lto_.jmpfuncs.92f6700a,"",%progbits
  20 0000 789C6366 		.ascii	"x\234cf\300\016d\2404\033\003##c=#\210`b``f``abdd\256"
  20      C00E64A0 
  20      341B0323 
  20      23633D23 
  20      88606260 
  21 001d AF6705CA 		.ascii	"\257g\005\312\001\000 \267\002>"
  21      010020B7 
  21      023E
  22              		.text
  23              		.section	.gnu.lto_.inline.92f6700a,"",%progbits
  24 0000 789C6366 		.ascii	"x\234cf\300\016f@i6\006\006\016vFF\006F\006\006f\216"
  24      C00E6640 
  24      69360606 
  24      0E764646 
  24      06460606 
  25 0016 03760C6C 		.ascii	"\003v\014l\013\344\231\030\230.\360\263\200$\031\031"
  25      0BE49918 
  25      982EF0B3 
  25      80241919 
  26 0026 3839D0E5 		.ascii	"89\320\345X\026\310\203\345\230\030\330X\031\031\230"
  26      5816C883 
  26      E59818D8 
  26      58191998 
  27 0036 D83EE841 		.ascii	"\330>\350A\304\201\200\031S\210\005d\002\023\310\004"
  27      C4818019 
  27      53880564 
  27      0213C804 
  28 0046 A0390C2C 		.ascii	"\2409\014,\2506\000\011\036\220\"V\006v6\240>\270$\010"
  28      A8360009 
  28      1E902256 
  28      067636A0 
  28      3EB82408 
  29 005a 0000BE90 		.ascii	"\000\000\276\220\017\254"
  29      0FAC
ARM GAS  C:\Users\victo\AppData\Local\Temp\ccK3mQ7G.s 			page 2


  30              		.text
  31              		.section	.gnu.lto_.pureconst.92f6700a,"",%progbits
  32 0000 789C6366 		.ascii	"x\234cf``\340e\200\0006\006)F)&)f)\026)V)\000\005\261"
  32      6060E065 
  32      80003606 
  32      29462926 
  32      29662916 
  33 001a 00C2     		.ascii	"\000\302"
  34              		.text
  35              		.section	.gnu.lto_VBUS_DISCHARGE_P2_SetDriveMode.92f6700a,"",%progbits
  36 0000 789C7D51 		.ascii	"x\234}Q;H#Q\024\275\347\315d\242\210\254l\231\336\025"
  36      3B482351 
  36      14BDE7CD 
  36      64A288AC 
  36      6C99DE15 
  37 0014 4145C4ED 		.ascii	"AE\304\355\327\037\321.l\320*\020E\007\266\321\200\270"
  37      D71FD12E 
  37      6CD02A10 
  37      4507B6D1 
  37      80B8
  38 0026 B56F9280 		.ascii	"\265o\222\200b\025E\361\263\244\022q\375\213\026\333"
  38      621545F1 
  38      B3A41271 
  38      FD8B16DB 
  39 0036 6C315888 		.ascii	"l1X\210\205\270h\241\022D\013\243\253\260\205\242\250"
  39      85B868A1 
  39      12440BA3 
  39      ABB085A2 
  39      A8
  40 0047 2964BC37 		.ascii	")d\2747I'\354\203w\337}\207s\316\234\271\317\240\367"
  40      4927EC83 
  40      77DF7D87 
  40      73CE9CB9 
  40      CFA0F7
  41 005a 2BC0FB37 		.ascii	"+\300\3737\210\032\371\204AP\251\003\"\247D\001\322"
  41      881AF984 
  41      4150A903 
  41      22A74401 
  41      D2
  42 006b 10685861 		.ascii	"\020hXa\030\267\352^!\345\256\314\224U-h\255\357\342"
  42      18B7EA5E 
  42      21E5AECC 
  42      94552D68 
  42      ADEFE2
  43 007e DBDFF464 		.ascii	"\333\337\364dwN\021=\250\202\017\026Q\305\234\277\271"
  43      774E113D 
  43      A8820F16 
  43      51C59CBF 
  43      B9
  44 008f DBC572A3 		.ascii	"\333\305r\243\036\304\375\353\370\311\221\252\234\327"
  44      1EC4FDEB 
  44      F8C991AA 
  44      9CD7
  45 009d 3AEE5EAC 		.ascii	":\356^\254\353/\310\261\351O\030\254@M\000\325\001b"
  45      EB2FC8B1 
  45      E94F18AC 
  45      404D00D5 
ARM GAS  C:\Users\victo\AppData\Local\Temp\ccK3mQ7G.s 			page 3


  45      0162
  46 00af 80B0844A 		.ascii	"\200\260\204J!\337'_O\312\254$\233W\024<\261\014\213"
  46      21DF275F 
  46      4FCAAC24 
  46      9B57143C 
  46      B10C8B
  47 00c2 73D1C647 		.ascii	"s\321\306GW{\336\303\376\341\315'\224*\326(C\212\011"
  47      577BDEC3 
  47      FEE1CD27 
  47      942AD628 
  47      438A09
  48 00d5 51FAA4B5 		.ascii	"Q\372\244\265\244\370\245\020eyK\360+\276\360id\260"
  48      A4F8A510 
  48      65794BF0 
  48      2BBEF069 
  48      64B0
  49 00e7 F334763C 		.ascii	"\3634v<k\211\333\263\222\277\330r\246\256q\243r\312"
  49      6B89DBB3 
  49      92BFD872 
  49      A6AE71A3 
  49      72CA
  50 00f9 181D4D69 		.ascii	"\030\035MiS\276}\221\375sX\222\207H\256\377\346\334"
  50      53BE7D91 
  50      FD735892 
  50      8748AEFF 
  50      E6DC
  51 010b 117F1A3F 		.ascii	"\021\177\032?\234$G6\261\202\000V\301s\302\032\322\240"
  51      9C244736 
  51      B1820056 
  51      C173C21A 
  51      D2A0
  52 011d 0C122F45 		.ascii	"\014\022/E;\243\340\350\034%f\363\216\312\273\364\274"
  52      3BA3E0E8 
  52      1C2566F3 
  52      8ECABBF4 
  52      BC
  53 012e 0F847566 		.ascii	"\017\204ufg\020?\367\027h\276ge\212\354\254(\023\210"
  53      67103FF7 
  53      1768BE67 
  53      658AECAC 
  53      281388
  54 0141 65A77BD3 		.ascii	"e\247{\323\237E\345+%l\344\025\211\307\"\303\237\367"
  54      9F45E52B 
  54      256CE415 
  54      89C722C3 
  54      9FF7
  55 0153 B618DA99 		.ascii	"\266\030\332\231\200@\377K\265\311\251XB\347p\334_\273"
  55      8040FF4B 
  55      B5C9A958 
  55      42E770DC 
  55      5FBB
  56 0165 4AE8F220 		.ascii	"J\350\362 Y\036.O\200\347Q[\027\011\332\003\366`\317"
  56      591E2E4F 
  56      80E7515B 
  56      1709DA03 
  56      F660CF
  57 0178 90DD170D 		.ascii	"\220\335\027\015\307\276\017\366\332\221P8\326\322\030"
ARM GAS  C:\Users\victo\AppData\Local\Temp\ccK3mQ7G.s 			page 4


  57      C7BE0FF6 
  57      DA915038 
  57      D6D218
  58 0187 E96AEE0C 		.ascii	"\351j\356\014G[;\302-\355M_\203m\321PC]/\231\375\261"
  58      475B3BC2 
  58      2DED4D5F 
  58      836DD150 
  58      435D2F99 
  59 019d 3EFB0D29 		.ascii	">\373\015)K\250B"
  59      4BA842
  60              		.text
  61              		.section	.gnu.lto_VBUS_DISCHARGE_P2_Write.92f6700a,"",%progbits
  62 0000 789C6552 		.ascii	"x\234eRMh\023A\030\235o&\233M\011\242x*\001\361PJ\021"
  62      4D681341 
  62      189D6F26 
  62      9B4D09A2 
  62      782A01F1 
  63 0017 B4888897 		.ascii	"\264\210\210\227^\324*\321[1\330S0\204v\017B\261\020"
  63      5ED42AD1 
  63      5B31D853 
  63      3084760F 
  63      42B110
  64 002a 6CF1D6D9 		.ascii	"l\361\326\331\032\333\342\241D\221\022\221F\342\017"
  64      1ADBE2A1 
  64      44911291 
  64      46E20F
  65 0039 FE44D36A 		.ascii	"\376D\323j\351A\274\204\034<i%\010\265\226\020[\032"
  65      E941BC84 
  65      1C3C6925 
  65      08B59610 
  65      5B1A
  66 004b A1851E6C 		.ascii	"\241\205\036lSZs\320\370\276\235\213\301a\347g\337\276"
  66      535A73D0 
  66      F8BE9D8B 
  66      C161E767 
  66      DFBE
  67 005d F7E6CD37 		.ascii	"\367\346\3157\253\304\377-\204~U\012\321\205\231\224"
  67      ABC4FF2D 
  67      847E550A 
  67      D1859994 
  68 006d 20995A10 		.ascii	" \231Z\020\302\015H\"^\010\022#\222FhCnIJ\025r\351`"
  68      C20D4822 
  68      5E081223 
  68      92466843 
  68      6E494A15 
  69 0084 C753ADF5 		.ascii	"\307S\255\365\317\355\367\255\267Z\353\220\325\244\261"
  69      CFEDF7AD 
  69      B75AEB90 
  69      D5A4B1
  70 0093 A167D401 		.ascii	"\241g\324\001J-\247\357)u\234\004\326\263\245O\177\354"
  70      4A2DA7EF 
  70      29759C04 
  70      D6B3A54F 
  70      7FEC
  71 00a5 F6C75A8F 		.ascii	"\366\307Z\217\026>\346\365i\252\303\3639)(\350h\210"
  71      163EE6F5 
  71      69AAC3F3 
ARM GAS  C:\Users\victo\AppData\Local\Temp\ccK3mQ7G.s 			page 5


  71      392928E8 
  71      6888
  72 00b7 8E840400 		.ascii	"\216\204\004\000A/\250\235\311\333S\271]\251Ny\302\325"
  72      412FA89D 
  72      C9DB53B9 
  72      5DA94E79 
  72      C2D5
  73 00c9 476B0FED 		.ascii	"Gk\017\355\266,\204+\033k\037\202:\255\223+\215\306"
  73      B62C842B 
  73      1B6B1F82 
  73      3AAD932B 
  73      8DC6
  74 00db 61D6BFFC 		.ascii	"a\326\277\374Wo\032\004[\311\337_\203\376$\202\035\240"
  74      576F1A04 
  74      5BC9DF5F 
  74      83FE2482 
  74      1DA0
  75 00ed 1CB59950 		.ascii	"\034\265\231P\364\212\374\204\211\221\231\203\005\335"
  75      F48AFC84 
  75      89919983 
  75      05DD
  76 00fb 68CCEDDC 		.ascii	"h\314\355\334\231\350\242\240\304\306RaP>\301\037-\342"
  76      99E8A2A0 
  76      C4C65261 
  76      503EC11F 
  76      2DE2
  77 010d 107E066C 		.ascii	"\020~\006l\036\002\036\332\302,!\252\350\\\210\037x"
  77      1E021EDA 
  77      C22C21AA 
  77      E85C881F 
  77      78
  78 011e C1AC96A9 		.ascii	"\301\254\226\251\270{{!3\314\356{\222\253\262Z\274?"
  78      B87B7B21 
  78      33CCEE7B 
  78      92ABB25A 
  78      BC3F
  79 0130 19589775 		.ascii	"\031X\227u\351\323\023)\355\343<\337\253\237K\006\362"
  79      E9D31329 
  79      EDE33CDF 
  79      AB9F4B06 
  79      F2
  80 0141 E2BDDB74 		.ascii	"\342\275\333t\277\330\323\364\300M\242\006\026\275\246"
  80      BFD8D3F4 
  80      C04DA206 
  80      16BDA6
  81 0150 10E509F1 		.ascii	"\020\345\011\361i\206\246I,\323\350\322xY\032C\005O"
  81      6986A649 
  81      2CD3E8D2 
  81      78591A43 
  81      054F
  82 0162 20377F8D 		.ascii	" 7\177\215\225\311 >\200\360(\245\347\347\203l\251\366"
  82      95C9203E 
  82      80F028A5 
  82      E7E7836C 
  82      A9F6
  83 0174 50B459C8 		.ascii	"P\264Y\310\027\311\323pV\260XT\036[\314\\1*<\026T\223"
  83      17C9D370 
ARM GAS  C:\Users\victo\AppData\Local\Temp\ccK3mQ7G.s 			page 6


  83      56B05854 
  83      1E5BCC5C 
  83      312A3C16 
  84 018a F927B5FD 		.ascii	"\371'\265\375\236\0127\373\006\242&k\033<\220\226\262"
  84      9E0A37FB 
  84      06A2266B 
  84      1B3C9096 
  84      B2
  85 019b 9B53FB98 		.ascii	"\233S\373\230D8\371[C\332\361\033J\300\013`7o\026\340"
  85      4438F95B 
  85      43DAF11B 
  85      4AC00B60 
  85      376F16E0 
  86 01af CC95F14A 		.ascii	"\314\225\361J\346\206!\265\030\250x7{\210\201\246\023"
  86      E68621B5 
  86      18A87837 
  86      7B8881A6 
  86      13
  87 01c0 BB05ABF9 		.ascii	"\273\005\253\371\314s83$\242Bn\341[\230\371|\211U\374"
  87      CC733833 
  87      24A2426E 
  87      E15B98F9 
  87      7C8955FC 
  88 01d4 0A282F8A 		.ascii	"\012(/\212}\2543\032v\2569\211\370u\247?\026\031\034"
  88      7DAC331A 
  88      76AE3989 
  88      F875A73F 
  88      16191C
  89 01e7 4AF439D1 		.ascii	"J\3649\321\236\310`\367\311h\357\331\313\221\330\271"
  89      9EC860F7 
  89      C968EFD9 
  89      CB91D8B9 
  90 01f7 8B91EE0B 		.ascii	"\213\221\356\013g.\205\317\307zNt\366\011k8>0\344X\375"
  90      672E85CF 
  90      C77A4E74 
  90      F6096B38 
  90      3E30E458 
  91 020c 89DEF8C0 		.ascii	"\211\336\370\300_\365<\342\363"
  91      5FF53CE2 
  91      F3
  92              		.text
  93              		.section	.gnu.lto_VBUS_DISCHARGE_P2_Read.92f6700a,"",%progbits
  94 0000 789C654E 		.ascii	"x\234eNMK\002Q\024\275\347\316\214\030n\242\225\270"
  94      4D4B0251 
  94      14BDE7CE 
  94      8C186EA2 
  94      95B8
  95 0012 2F09D420 		.ascii	"/\011\324 \372\003ea\355\244\241\026!H\330l\023\244"
  95      FA036561 
  95      EDA4A116 
  95      2148D86C 
  95      13A4
  96 0024 D68E36D9 		.ascii	"\326\2166\331\007\004\"\364\001\341\256(Kp\335.Z\213"
  96      070422F4 
  96      01E1AE28 
  96      4B70DD2E 
  96      5A8B
ARM GAS  C:\Users\victo\AppData\Local\Temp\ccK3mQ7G.s 			page 7


  97 0036 11468184 		.ascii	"\021F\201\204m\014\014Z$B5\213\262\367\234v=x\367\343"
  97      6D0C0C5A 
  97      2442358B 
  97      B2F79C76 
  97      3D78F7E3 
  98 004a DCC33947 		.ascii	"\334\3039G\241\377\317'~\020Dc\242C!p\276F\224q3 \007"
  98      A1FFCF27 
  98      7E104463 
  98      A2432170 
  98      BE469471 
  99 0061 02A51969 		.ascii	"\002\245\031i\274r\207Q\275\372\251\303\177j\232\331"
  99      BC728751 
  99      BDFAA9C3 
  99      7F6A9AD9 
 100 0071 F76CFDC9 		.ascii	"\367l\375\311\263\351\265\231\250\313\204\200\017\243"
 100      B3E9B599 
 100      A8CB8480 
 100      0FA3
 101 007f 520767F0 		.ascii	"R\007g\360\223 v\254\357G\217\3132MsP\336\305\341\034"
 101      932076AC 
 101      EF478FCB 
 101      324D7350 
 101      DEC5E11C 
 102 0093 2EE14195 		.ascii	".\341A\225\241k\263\327\353V\013\355\021v1\331,\034"
 102      A16BB3D7 
 102      EB560BED 
 102      117631D9 
 102      2C1C
 103 00a5 455165D1 		.ascii	"EQe\321H\312QK\024\351\374\302,\273\322\300\315\307"
 103      48CA514B 
 103      14E9FCC2 
 103      2CBBD2C0 
 103      CDC7
 104 00b7 EE436949 		.ascii	"\356CiIJ|\262\214qX\3339R\333l3[\333yS\225\206\317\255"
 104      4A7CB28C 
 104      7158DB39 
 104      52DB6C33 
 104      5BDB7953 
 105 00cf DB3B771F 		.ascii	"\333;w\037\"\271\356\225+o\003E\034g,\330\254\240\004"
 105      22B9EE95 
 105      2B6F0345 
 105      1C672CD8 
 105      ACA004
 106 00e2 1F2E2002 		.ascii	"\037. \002\342\022EP\003\033_\271{\315\021T\034\315"
 106      E2124550 
 106      031B5FB9 
 106      7BCD1154 
 106      1CCD
 107 00f4 93FD83B2 		.ascii	"\223\375\203\262&\005\340&\224\005W\220\232\271\226"
 107      2605E026 
 107      94055790 
 107      9AB996
 108 0103 D721A982 		.ascii	"\327!\251\202\207a\011f\233[\001\007\323\004LM\340o"
 108      87610966 
 108      9B5B0107 
 108      D3044C4D 
 108      E06F
ARM GAS  C:\Users\victo\AppData\Local\Temp\ccK3mQ7G.s 			page 8


 109 0115 EB27874C 		.ascii	"\353'\207L,\"\004C\261\210\261j\244\226\327\214\225"
 109      2C220443 
 109      B188B16A 
 109      A496D78C 
 109      95
 110 0126 B89E5C4F 		.ascii	"\270\236\\O%\214XTO\206'b\213S\013z|zN\017\317N\316"
 110      258C5854 
 110      4F862762 
 110      8B530B7A 
 110      7C7A4E0F 
 111 013d 4766E2D1 		.ascii	"Gf\342\321\361P\202~\001\013:v<"
 111      F150827E 
 111      010B3A76 
 111      3C
 112              		.text
 113              		.section	.gnu.lto_VBUS_DISCHARGE_P2_ReadDataReg.92f6700a,"",%progbits
 114 0000 789C654E 		.ascii	"x\234eN\277KBQ\030\375\316\367|&\270D\223\270\207\004"
 114      BF4B4251 
 114      18FDCEF7 
 114      7C26B844 
 114      93B88704 
 115 0014 6A50FD03 		.ascii	"jP\375\003eam\322\243\206\020$\354\255\011R\263W{Y4"
 115      65616DD2 
 115      A3861024 
 115      ECAD0952 
 115      B3577B59 
 116 0029 84040611 		.ascii	"\204\004\006\021nE\277\204f\267p\216\"\014\"\011#\260"
 116      6E45BF84 
 116      66B7708E 
 116      220C2209 
 116      23B0
 117 003b 30684804 		.ascii	"0hH\004\353\015e\367\366\332\272p\277\037\347;\234s"
 117      EB0D65F7 
 117      F6DABA70 
 117      BF1FE73B 
 117      9C73
 118 004d 34FAFFFC 		.ascii	"4\372\377\374\362\207@4,;4\002\027\256\210\262\036\006"
 118      F2874034 
 118      2C3B3402 
 118      17AE88B2 
 118      1E06
 119 005f D440A00C 		.ascii	"\324@\240\014#\203Wn3.+\3375\004\016\205\310\275W\357"
 119      2383576E 
 119      332E2BDF 
 119      35040E85 
 119      C8BD57EF 
 120 0073 1FBCEB3E 		.ascii	"\037\274\353>\233\211:L\010\3721\244tp\204\000Ib\333"
 120      9B893A4C 
 120      08FA31A4 
 120      74708400 
 120      4962DB
 121 0086 FABAF3BA 		.ascii	"\372\272\363\272-!D\277\272\313\3031\334\322\203\316"
 121      2D2144BF 
 121      BACBC331 
 121      DCD283CE 
 122 0096 072E44AF 		.ascii	"\007.D\257\327y\331i\215\262\233\311f\351(\213K\025"
 122      D779D969 
ARM GAS  C:\Users\victo\AppData\Local\Temp\ccK3mQ7G.s 			page 9


 122      8DB29BC9 
 122      66E9288B 
 122      4B15
 123 00a8 9D941C35 		.ascii	"\235\224\0345eQ\316\317\314\252kuT\273[\335\362\202"
 123      6551CECF 
 123      CCAA6B75 
 123      54BB5BDD 
 123      F282
 124 00ba 92F86015 		.ascii	"\222\370`\025\343\251\272\267\355i\261\315,6\013\302"
 124      E3A9BAB7 
 124      ED69B1CD 
 124      2C360BC2 
 125 00ca A50C1F9B 		.ascii	"\245\014\037\233\3277\016Dj\255\274ek}%\354g-\330\254"
 125      D7370E44 
 125      6AADBC65 
 125      6B7D25EC 
 125      672DD8AC 
 126 00de E1047E9C 		.ascii	"\341\004~\234B\006\304\031J\240:\326>\363\267\272#\250"
 126      4206C419 
 126      4AA03AD6 
 126      3EF3B7BA 
 126      23A8
 127 00f0 399A07C5 		.ascii	"9\232\007\305\335\262\256\004\340!\224%W\222\032\371"
 127      DDB2AE04 
 127      E0219425 
 127      57921AF9 
 128 0100 A6CF21B9 		.ascii	"\246\317!\271$\017\203\012\31456\202\016\246K\230\032"
 128      240F830A 
 128      CC353682 
 128      0EA64B98 
 128      1A
 129 0111 C0DFF69B 		.ascii	"\300\337\366\233\034*\261\214\020\012\307\243\346\262"
 129      1C2AB18C 
 129      100AC7A3 
 129      E6B2
 130 011f 995E5C31 		.ascii	"\231^\\1\227\022Fj5\2354\3431#\025\031\213\317O\314"
 130      9712466A 
 130      359D34E3 
 130      31231519 
 130      8BCF4FCC 
 131 0133 1989C919 		.ascii	"\031\211\311\031#2=>\033\235J\304F\302I\372\001\374"
 131      23323D3E 
 131      1B9D4AC4 
 131      46C249FA 
 131      01FC
 132 0145 C67733   		.ascii	"\306w3"
 133              		.text
 134              		.section	.gnu.lto_VBUS_DISCHARGE_P2_SetInterruptMode.92f6700a,"",%progbits
 135 0000 789C6D91 		.ascii	"x\234m\221_H\323Q\024\307\357\271w\277?s+\244'\331\213"
 135      5F48D351 
 135      14C7EFB9 
 135      77BF3F73 
 135      2BA427D9 
 136 0015 810C8348 		.ascii	"\201\014\203H\"z\351%\252%\326K\214F=\015F\350\212="
 136      227AE925 
 136      AA25D64B 
 136      8C463D0D 
ARM GAS  C:\Users\victo\AppData\Local\Temp\ccK3mQ7G.s 			page 10


 136      46E88A3D 
 137 0029 B4C55A4F 		.ascii	"\264\305ZO=\370\333\\\263\242\207a\022\222H\014\011"
 137      3DF8DB5C 
 137      B3A28761 
 137      1292480C 
 137      09
 138 003a B595AEAC 		.ascii	"\265\225\256\254\250=\215%$H\245\020\012VKl+\005\243"
 138      A83D8D25 
 138      2448A510 
 138      0A564B6C 
 138      2B05A3
 139 004d 6CABED17 		.ascii	"l\253\355\027\304:\347\367\333\213\324\017~\367\336"
 139      C43AE7F7 
 139      DB8BD40F 
 139      7EF7DE
 140 005c F3E19CEF 		.ascii	"\363\341\234\357\375\236s\005\373\367s\340?\312\031"
 140      FD9E7305 
 140      FBF773E0 
 140      3FCA19
 141 006b EBC41D04 		.ascii	"\353\304\035\004\003\236|\315XT\345\000t`\300z9\364"
 141      039E7CCD 
 141      5854E500 
 141      7460C07A 
 141      39F4
 142 007d C23ADFE4 		.ascii	"\302:\337\344\220\314\245\207l\355w5M\373\376\243\334"
 142      90CCA587 
 142      6CED7735 
 142      4DFBFEA3 
 142      DC
 143 008e 72A545C7 		.ascii	"r\245E\307\26227e`\014\3321\245\364,uY\354\005\206\307"
 143      B2323765 
 143      600CDA31 
 143      A5F42C75 
 143      59EC0586 
 144 00a3 B9D55AD9 		.ascii	"\271\325Z\331\276\306u\016\315\024\336^*U\004\205\234"
 144      BEC6750E 
 144      CD14DE5E 
 144      2A550485 
 144      9C
 145 00b4 53989E19 		.ascii	"S\230\236\031\314(\316QM\213\345\3262\332!\344\002\306"
 145      CC28CE51 
 145      4D8BE5D6 
 145      32DA21E4 
 145      02C6
 146 00c6 41A01C4C 		.ascii	"A\240\034L\200\003\356\201\203!b\220\006'f\177\321\327"
 146      8003EE81 
 146      83216290 
 146      0627667F 
 146      D1D7
 147 00d8 C7B68903 		.ascii	"\307\266\211\003\206\356j\364\316O\233Yy\255O\336E\205"
 147      86EE6AF4 
 147      CE4F9B59 
 147      79AD4FDE 
 147      4585
 148 00ea F7FF53F8 		.ascii	"\367\377S\370\000\234\224=\377b\360\223$\016\032\225"
 148      009C943D 
 148      FF62F093 
ARM GAS  C:\Users\victo\AppData\Local\Temp\ccK3mQ7G.s 			page 11


 148      240E1A95 
 149 00fa CF272BAF 		.ascii	"\317'+\257l\206\243\235\024f\007f\207d\303\221\205\302"
 149      6C86A39D 
 149      14660766 
 149      8764C391 
 149      85C2
 150 010c AFB7F2C3 		.ascii	"\257\267\362\303\274-\205\272+\023\375/\355\332\254"
 150      BC2D85BA 
 150      2B13FD2F 
 150      EDDAAC
 151 011b 165FA9D7 		.ascii	"\026_\251\327[un\201IS\177\012\3653\340h\014\016K6\343"
 151      5B756E81 
 151      49537F0A 
 151      F533E068 
 151      0C0E4B36 
 152 0130 7F966C72 		.ascii	"\177\226lr\034\007\322\014\017\241\315\034\006<\002"
 152      1C07D20C 
 152      0FA1CD1C 
 152      063C02
 153 013f 19702332 		.ascii	"\031p#2\265#\247\325\353\323oo\216\357\026v\216\306"
 153      B523A7D5 
 153      EBD36F6F 
 153      8EEF1676 
 153      8EC6
 154 0151 2401D492 		.ascii	"$\001\324\222\205\216\022-2\243<\005\310\257\212@\266"
 154      858E122D 
 154      32A33C05 
 154      C8AF8A40 
 154      B6
 155 0162 126DA285 		.ascii	"\022m\242\205\261\"\352\321+\224pf\270\213e\310\377"
 155      B122EAD1 
 155      2B947066 
 155      B88B65C8 
 155      FF
 156 0173 BA5EC8BA 		.ascii	"\272^\310\272\351\212*\247'\3710?\027\333N=(7\256&5"
 156      E98A2AA7 
 156      27F9303F 
 156      17DB4E3D 
 156      2837AE26 
 157 0188 A38F8FC5 		.ascii	"\243\217\217\3057\013\252\201\014\217\231\305o\013b"
 157      370BAA81 
 157      0C8F99C5 
 157      6F0B62
 158 0197 0486A371 		.ascii	"\004\206\243q\320\271\012\323\330\303c\352\001\236\300"
 158      D0B90AD3 
 158      D8C363EA 
 158      019EC0
 159 01a6 08B06588 		.ascii	"\010\260e\210\025\3727dS\320R\305\301!\371\235x/\231"
 159      15FA3764 
 159      53D052C5 
 159      C121F99D 
 159      782F99
 160 01b9 444288A4 		.ascii	"DB\210\244\257\226\330\000\223\320\275\310\331\"p\243"
 160      AF96D800 
 160      93D0BDC8 
 160      D92270A3 
 161 01c9 51348FD0 		.ascii	"Q4\217\320\314\371\234\2555\262TT\252\242\001\222WL"
ARM GAS  C:\Users\victo\AppData\Local\Temp\ccK3mQ7G.s 			page 12


 161      CCF99CAD 
 161      35B25454 
 161      AAA20192 
 161      574C
 162 01db 64454A69 		.ascii	"dEJi\225\304LC\274\311P\263\"\314\017\244Z\211m\261"
 162      95C44C43 
 162      BCC950B3 
 162      22CC0FA4 
 162      5A896DB1 
 163 01ef 1BCD495B 		.ascii	"\033\315I[\015?E\303X\305\012\020\315\275;A\371\364"
 163      0D3F45C3 
 163      58C50A10 
 163      CDBD3B41 
 163      F9F4
 164 0201 0C450E34 		.ascii	"\014E\0164\033\234\324\236\016o\227?\350\017\237\211"
 164      1B9CD49E 
 164      0E6F973F 
 164      E80F9F89 
 165 0211 F87B7C9E 		.ascii	"\370{|\236\320\245p\267\337\353\366\204\\\373\275\247"
 165      D0A570B7 
 165      DFEBF684 
 165      5CFBBDA7 
 166 0221 8F9CF2F8 		.ascii	"\217\234\362\370\216\036\367\270\216\035>\331\325\351"
 166      8E1EF7B8 
 166      8E1D3ED9 
 166      D5E9
 167 022f 73EFEBE8 		.ascii	"s\357\353\350f\352\205\320\305@$\020\012Z\316\207z\374"
 167      66EA85D0 
 167      C5402410 
 167      0A5ACE87 
 167      7AFC
 168 0241 4A201809 		.ascii	"J \030\011\273\316\236\373\013\2213\377\355"
 168      BBCE9EFB 
 168      0B9133FF 
 168      ED
 169              		.text
 170              		.section	.gnu.lto_VBUS_DISCHARGE_P2_ClearInterrupt.92f6700a,"",%progbits
 171 0000 789C6590 		.ascii	"x\234e\220OHTQ\024\306\317w\336\214\363p\"\242U\314"
 171      4F485451 
 171      14C6CF77 
 171      DE8CF370 
 171      22A255CC 
 172 0014 C6858408 		.ascii	"\306\205\204\010*\022\256\242M\231h;\351Q\253\201a\320"
 172      2A12AEA2 
 172      4D99683B 
 172      E951AB81 
 172      61D0
 173 0026 B70A1374 		.ascii	"\267\012\023t\004WyG'\247\024d0\214 \\\010F\346\337"
 173      04577947 
 173      27A71464 
 173      308C205C 
 173      0846E6DF 
 174 003a B50B4326 		.ascii	"\265\013C&qS\030!TH\214FJ\265\221D\230|\224\276\316"
 174      71531821 
 174      54488C46 
 174      4AB59144 
 174      987C94BE 
ARM GAS  C:\Users\victo\AppData\Local\Temp\ccK3mQ7G.s 			page 13


 175 004f 79AF45D2 		.ascii	"y\257E\322\205w\377|\357~\277\363\335c\321\377#!\337"
 175      8577FF7C 
 175      EF7EBFF3 
 175      DD63D1FF 
 175      2321DF
 176 0062 6B105D91 		.ascii	"k\020]\221\025\026\201\013\033DY\233\001\335\020h\200"
 176      1516810B 
 176      1B44599B 
 176      01DD1068 
 176      80
 177 0073 3180EF7C 		.ascii	"1\200\357|\300x\263|\262\211\232g\306\014\376(\376\372"
 177      C078B37C 
 177      B2899A67 
 177      C60CFE28 
 177      FEFA
 178 0085 14BF7FC1 		.ascii	"\024\277\177\301c\242C&\324%P\253\034<G\015\311\305"
 178      63A24326 
 178      D42550AB 
 178      1C3C470D 
 178      C9C5
 179 0097 892F0FF7 		.ascii	"\211/\017\367a5B\367e\177t\326\256\236\022\323N)\277"
 179      613542F7 
 179      657F74D6 
 179      AE9E12D3 
 179      4E29BF
 180 00aa 1E374F4C 		.ascii	"\0367OLn\307\367\253\304\212\031X\377\272u\210\341 "
 180      6EC7F7AB 
 180      C48A1958 
 180      FFBA7588 
 180      E120
 181 00bc 77FC215E 		.ascii	"w\374!^\2213\306\234\303\013Tk\001!\317\242BBB\225\245"
 181      9133C69C 
 181      C30B546B 
 181      0121CFA2 
 181      42424295 
 182 00d1 F3ABC6F7 		.ascii	"\363\253\306\367\017\367\037\315\\\266l&\217%\266\307"
 182      0FF71FCD 
 182      5CB66C26 
 182      8F25B6C7 
 183 00e1 1C21FD19 		.ascii	"\034!\375\031\325s\2144\031\355\312\244\217\330c\326"
 183      D5738C34 
 183      19EDCAA4 
 183      8FD863D6 
 184 00f1 D5DA42B1 		.ascii	"\325\332B\261<R^\271\247\260\237\254/\032\337\370<v"
 184      3C525EB9 
 184      A7B09FAC 
 184      2F1ADFF8 
 184      3C76
 185 0103 F61B7B6C 		.ascii	"\366\033{l\025\036\024LD\313o\357\276}g\007R\220\346"
 185      151E144C 
 185      44CB6FEF 
 185      BE7D6707 
 185      5290E6
 186 0116 D5F1DC57 		.ascii	"\325\361\334W\236\304\323l\016\036G0\207\004\346!i\261"
 186      9EC4D36C 
 186      0E1E4730 
 186      8704E621 
ARM GAS  C:\Users\victo\AppData\Local\Temp\ccK3mQ7G.s 			page 14


 186      69B1
 187 0128 8049D016 		.ascii	"\200I\320\026\006?\346\177s\010\264\204)\312\320\321"
 187      063FE67F 
 187      7308B484 
 187      29CAD0D1 
 188 0138 F01A4225 		.ascii	"\360\032B%\"\2420\246'\036\317G\025\3116aQ\334\357\021"
 188      22A230A6 
 188      271ECF47 
 188      15C93661 
 188      51DCEF11 
 189 014c 5834AF5C 		.ascii	"X4\257\\RJ)\177\262\322\037\232\242\241T\034\017 \247"
 189      524A297F 
 189      B2D21F9A 
 189      A2A1541C 
 189      0F20A7
 190 015f 226457F9 		.ascii	"\"dW\371t\210%\011!\016\255Z\032^\177Y\031\022bB\300"
 190      74882509 
 190      210EAD5A 
 190      1A5E7F59 
 190      19126242 
 191 0174 C50495F0 		.ascii	"\305\004\225\3607G,h\006\264\011\322\222\372\206d\253"
 191      37472C68 
 191      06B409D2 
 191      92FA8664 
 191      AB
 192 0185 7BD7ED49 		.ascii	"{\327\355Ig\334\316\224\323\335\327\323\341&\333\235"
 192      67DCCE94 
 192      D3DDD7D3 
 192      E126DB9D 
 193 0195 EEE6A6E4 		.ascii	"\356\346\246\344\355k\267\234\324\365\033Ns\333\325"
 193      ED6BB79C 
 193      D4F51B4E 
 193      73DBD5
 194 01a4 9BAD2DA9 		.ascii	"\233\255-\251\366K\015\035t\246+\335{\307\355t2\351"
 194      F64B0D1D 
 194      74A62BDD 
 194      7BC7ED74 
 194      32E9
 195 01b6 4C5FEF1F 		.ascii	"L_\357\037(\021\261\256"
 195      2811B1AE 
 196              		.text
 197              		.section	.gnu.lto_.symbol_nodes.92f6700a,"",%progbits
 198 0000 789C55C7 		.ascii	"x\234U\307;\015\000 \020D\301w\037\022tbd-\240\200\240"
 198      3B0D0020 
 198      1044C177 
 198      1F127462 
 198      642DA080 
 199 0015 084D3414 		.ascii	"\010M4\024\334t\023\300\340q\004\363\200\304\332\035"
 199      DC7413C0 
 199      E07104F3 
 199      80C4DA1D 
 200 0025 3759B9CB 		.ascii	"7Y\271\313\313CQ\236\312\362\246\366\237\013\351b\031"
 200      CB43519E 
 200      CAF2A6F6 
 200      9F0BE962 
 200      19
 201 0036 56       		.ascii	"V"
ARM GAS  C:\Users\victo\AppData\Local\Temp\ccK3mQ7G.s 			page 15


 202              		.text
 203              		.section	.gnu.lto_.refs.92f6700a,"",%progbits
 204 0000 789C6366 		.ascii	"x\234cf```d\200\002\000\000=\000\005"
 204      60606064 
 204      80020000 
 204      3D0005
 205              		.text
 206              		.section	.gnu.lto_.decls.92f6700a,"",%progbits
 207 0000 789C8D54 		.ascii	"x\234\215ToL[U\024\277\347\275\327B\037\265\333'0\304"
 207      6F4C5B55 
 207      14BFE7BD 
 207      D7421FB5 
 207      DB2730C4 
 208 0014 3F0F3564 		.ascii	"?\0175d&H20\306oF\301\260\231h\032\232\351\207\221\220"
 208      26483230 
 208      C66F46C1 
 208      B099681A 
 208      9AE98791 
 209 0029 065E2689 		.ascii	"\006^&\211\201\245\026\223}\273\203\270\221\205\230"
 209      81A51693 
 209      7DBB83B8 
 209      918598
 210 0038 4A205440 		.ascii	"J T@ \210\033cnL\250\260n\330\025\0302\204*lS\334\246"
 210      20881B63 
 210      6E4CA8B0 
 210      6ED81518 
 210      32842A6C 
 211 004f 1963324C 		.ascii	"\031c2L\300\311\030\311\266\314\370<\367\276\367\332"
 211      C0C918C9 
 211      B6CCF83C 
 211      F7BEF7DA 
 212 005f CEBE65BE 		.ascii	"\316\276e\276\344\264\357\236\234\337\357\374\316\371"
 212      E4B4EF9E 
 212      9CDFEFFC 
 212      CEF9
 213 006d DD562484 		.ascii	"\335V$\204t\000!\032{$B^\300\3674\314\271I\342\261c"
 213      7400211A 
 213      7B24425E 
 213      C0F734CC 
 213      B949E2B1 
 214 0082 0C628430 		.ascii	"\014b\2040F0\302\030\023\030\223$\365\0314\352\031\376"
 214      4630C218 
 214      13189324 
 214      F51934EA 
 214      19FE
 215 0094 38460EC6 		.ascii	"8F\016\306<\306\034\306[F\015\030u\377}B\026\330\314"
 215      3CC61CC6 
 215      5B460D18 
 215      75FF7D42 
 215      16D8CC
 216 00a7 24BC890D 		.ascii	"$\274\211\015Y`\231.\311\242\247\211\031\261\300\204"
 216      5960992E 
 216      C9A2A789 
 216      19B1C084 
 217 00b7 1F83095B 		.ascii	"\037\203\011[`\330\334\016C\243\013\303\211\021\301"
 217      60D8DC0E 
 217      43A30BC3 
ARM GAS  C:\Users\victo\AppData\Local\Temp\ccK3mQ7G.s 			page 16


 217      8911C1
 218 00c6 88191C8A 		.ascii	"\210\031\034\212\005\317\204\005\017\333\235\3551sZ"
 218      05CF8405 
 218      0FDB9DED 
 218      31735A
 219 00d5 EDF7B600 		.ascii	"\355\367\266\0003K\367\3568\377\020\300%oe\307\266\205"
 219      334BF7EE 
 219      38FF10C0 
 219      256F65C7 
 219      B685
 220 00e7 E54D118F 		.ascii	"\345M\021\217NY`\307\237\317\036<\230.\012\300\336\277"
 220      4E5960C7 
 220      9FCF1E3C 
 220      982E0AC0 
 220      DEBF
 221 00f9 085EBF24 		.ascii	"\010^\277$\347\365SJ\033h4\012\011\212\375\207\3174"
 221      E7F5534A 
 221      1B68340A 
 221      098AFD87 
 221      CF34
 222 010b A6212653 		.ascii	"\246!&S\346\307Of\332\306D~\324\030N\270|\271\371\276"
 222      E6C74F66 
 222      DAC6447E 
 222      D4184EB8 
 222      7CB9F9BE 
 223 011f 08726E03 		.ascii	"\010rn\003\245ut\275\211\212O\022\310\313\206\027\263"
 223      A57574BD 
 223      898A4F12 
 223      C8CB8617 
 223      B3
 224 0130 099C805C 		.ascii	"\011\234\200\\,\203~\310#p\014\262\341+\310&\275\330"
 224      2C837EC8 
 224      23700CB2 
 224      E12BC826 
 224      BDD8
 225 0142 60BD6BFD 		.ascii	"`\275k\375\312S\224Jp\034d8\012\"\257\3001X\007\243"
 225      CA53944A 
 225      701C6438 
 225      0A22AFC0 
 225      315807A3 
 226 0156 69E0E3B1 		.ascii	"i\340\343\261\200$\011\230d5\273%\226\233m\355\030\317"
 226      80240998 
 226      6435BB25 
 226      969B6DED 
 226      18CF
 227 0168 C86AA1EC 		.ascii	"\310j\241\354\251\247[\005pg\302\021\244\355CZ\002'"
 227      A9A75B05 
 227      7067C211 
 227      A4ED435A 
 227      0227
 228 017a 210B3F07 		.ascii	"!\013?\007@\322\011\026\026zJ\304B>Y\244c\255\325\246"
 228      40D20916 
 228      167A4AC4 
 228      423E59A4 
 228      63ADD5A6 
 229 018e 74D2EE93 		.ascii	"t\322\356\223\353\375\3657\335\237\326\323f\272\250"
 229      EBFDF537 
ARM GAS  C:\Users\victo\AppData\Local\Temp\ccK3mQ7G.s 			page 17


 229      DD9FD6D3 
 229      66BAA8
 230 019d 69CF720C 		.ascii	"i\317r\014|\035\357O\330\273\276\320AP\020x\350@\367"
 230      7C1DEF4F 
 230      D8BBBED0 
 230      41501078 
 230      E840F7
 231 01b0 6F4E9102 		.ascii	"oN\221\002g\231\271\275t\363\011\316\262xmB\215\326"
 231      6799B9BD 
 231      74F309CE 
 231      B2786D42 
 231      8DD6
 232 01c2 D1BF354D 		.ascii	"\321\2775M\324)\206\222(\206L\212\020\247\210\035\233"
 232      D4298692 
 232      28864C8A 
 232      10A7881D 
 232      9B
 233 01d3 3E00C99A 		.ascii	">\000\311\232\3318\011\321\337p\321\273\015\315\223"
 233      D93809D1 
 233      DF70D1BB 
 233      0DCD93
 234 01e2 175B7A5C 		.ascii	"\027[z\\bP\357\3273}\341\216\244\367\013.'\372!\002"
 234      6250EFD7 
 234      337DE18E 
 234      A4F70B2E 
 234      27FA2102 
 235 01f6 8693FA0D 		.ascii	"\206\223\372\015\233\375Fx\277`\217vK\026\007t\212\226"
 235      9BFD4678 
 235      BF608F76 
 235      4B160774 
 235      8A96
 236 0208 D595B574 		.ascii	"\325\225\265tN\321=\373\245\275\217F5\3555Np*\211\340"
 236      4ED13DFB 
 236      A5BD8F46 
 236      35ED354E 
 236      702A89E0 
 237 021c 944910E6 		.ascii	"\224I\020\346\004\237o\334\032u\2101\235\300\264^\321"
 237      049F6FDC 
 237      1A758831 
 237      9DC0B45E 
 237      D1
 238 022d AD6F5DBD 		.ascii	"\255o]\275\027J\347G&\005\275?<w\267\315\005\271\262"
 238      174AE747 
 238      2605BD3F 
 238      3C77B7CD 
 238      05B9B2
 239 0240 6EEA866E 		.ascii	"n\352\206nj\004'<\2350U1L\345\367\003w`\333F\342\013"
 239      6A04273C 
 239      9D305531 
 239      4CE5F703 
 239      7760DB46 
 240 0256 806FF186 		.ascii	"\200o\361\206(\306\0159\203\311QLb\243\256\251\265\237"
 240      28C60D39 
 240      83C9514C 
 240      62A3AEA9 
 240      B59F
 241 0268 B670F723 		.ascii	"\266p\367#q\367\257\\\274z\324\021\317\235\005\236\354"
ARM GAS  C:\Users\victo\AppData\Local\Temp\ccK3mQ7G.s 			page 18


 241      71F7AF5C 
 241      BC7AD411 
 241      CF9D059E 
 241      EC
 242 0279 D42261E9 		.ascii	"\324\"a\351\221Wb\214o7j^\211#\201\366\277\\\342%}\264"
 242      9157628C 
 242      6F376A5E 
 242      892381F6 
 242      BF5CE225 
 243 028f BEF6C61B 		.ascii	"\276\366\306\033\031\306\245\270\261\262\3753\332\275"
 243      19C6A5B8 
 243      B1B2FD33 
 243      DABD
 244 029d 9FFEA3E1 		.ascii	"\237\376\243\341\225f(\030OZ\320\270\271\240\011\276"
 244      95662818 
 244      4F5AD0B8 
 244      B9A009BE 
 245 02ad A051EDEA 		.ascii	"\240Q\355\352\205t\361\256\316\022\034X\332\220u\223"
 245      8574F1AE 
 245      CE121C58 
 245      DA907593 
 246 02bd 7E5D79D8 		.ascii	"~]y\330\244sI\024\347L\212IN\021>\261\031\313\340?J"
 246      A4734914 
 246      E74C8A49 
 246      4E113EB1 
 246      19CBE03F 
 247 02d2 85919C6E 		.ascii	"\205\221\234n:\037\264\363\037%\237\251\241ix\325&\006"
 247      3A1FB4F3 
 247      1F259FA9 
 247      A16978D5 
 247      2606
 248 02e4 85871CC8 		.ascii	"\205\207\034\310\321\035\270\326~\277\327\301\217\354"
 248      D11DB8D6 
 248      7EBFD7C1 
 248      8FEC
 249 02f2 2F780B4B 		.ascii	"/x\013K]\377ea4M\354\344\345\302\237\315uZF\334\220"
 249      5DFF6561 
 249      344DECE4 
 249      E5C29FCD 
 249      755A46DC 
 250 0307 4DDD9018 		.ascii	"M\335\220\030\356k&aHN\262!\201z\352\330A\340;\334\331"
 250      EE6B2661 
 250      484EB221 
 250      817AEAD8 
 250      41E03BDC 
 251 031c 14336416 		.ascii	"\0243d\026\015\3111\014\231\306\344\367\272!\341\226"
 251      0DC9310C 
 251      99C6E4F7 
 251      BA21E196 
 252 032c F929596E 		.ascii	"\371)Yn`K\376\177\010!:\024x\3404\224,6\016\365\012"
 252      604BFE7F 
 252      08213A14 
 252      78E03494 
 252      2C360EF5 
 253 0341 4CC91C2A 		.ascii	"L\311\034*9\237P\362\003$\244\244\022\377h-e\371\367"
 253      399F50F2 
 253      0324A4A4 
ARM GAS  C:\Users\victo\AppData\Local\Temp\ccK3mQ7G.s 			page 19


 253      12FF682D 
 253      65F9F7
 254 0354 AE0776E7 		.ascii	"\256\007v\347\241\270xNj\202\010\314\203\223o\232}\333"
 254      A1B8784E 
 254      6A8208CC 
 254      83936F9A 
 254      7DDB
 255 0366 6AABAAFD 		.ascii	"j\253\252\375\257\332K\336\331\245\024\221\347\363\313"
 255      AFDA4BDE 
 255      D9A51491 
 255      E7F3CB
 256 0375 4AD46AD5 		.ascii	"J\324j\325\347\365\253\225\345\236\232Z_\205Z\346\366"
 256      E7F5AB95 
 256      E59E9A5A 
 256      5F855AE6 
 256      F6
 257 0386 D414BD5C 		.ascii	"\324\024\275\\V\261\317\277o\257\372a\376\373\344\231"
 257      56B1CFBF 
 257      6FAFFA61 
 257      FEFBE499 
 258 0396 77DFD8E5 		.ascii	"w\337\330\345)/\336\351)\332\361zi\311\233\345\356\202"
 258      292FDEE9 
 258      29DAF17A 
 258      69C99BE5 
 258      EE82
 259 03a8 728FEA2F 		.ascii	"r\217\352/\366U}\244\276]S\251\276\364H\212\024\\~\005"
 259      F6557DA4 
 259      BE5D53A9 
 259      BEF4488A 
 259      145C7E05 
 260 03bc C94A257B 		.ascii	"\311J%{\317W\345W3S\363\245\252\267\362i\353t\261\327"
 260      CF57E557 
 260      3353F3A5 
 260      AAB7F269 
 260      EB74B1D7 
 261 03d0 EF2D55F7 		.ascii	"\357-U\367\330\331(\333_y\316R\340\316j\277\352\363"
 261      D8D928DB 
 261      5F79CE52 
 261      E0CE6ABF 
 261      EAF3
 262 03e2 D5EEF533 		.ascii	"\325\356\3653\221JjI\321\007\252\327\027/\262\371\324"
 262      914A6A49 
 262      D107AAD7 
 262      172FB2F9 
 262      D4
 263 03f3 3D85059C 		.ascii	"=\205\005\234\260\260\340_\365\231\012\026"
 263      B0B0E05F 
 263      F5990A16 
 264              		.text
 265              		.section	.gnu.lto_.symtab.92f6700a,"",%progbits
 266 0000 56425553 		.ascii	"VBUS_DISCHARGE_P2_SetDriveMode\000\000\000\000\000\000"
 266      5F444953 
 266      43484152 
 266      47455F50 
 266      325F5365 
 267 0024 00000000 		.ascii	"\000\000\000\000\000\000\262\000\000\000VBUS_DISCHA"
 267      0000B200 
ARM GAS  C:\Users\victo\AppData\Local\Temp\ccK3mQ7G.s 			page 20


 267      00005642 
 267      55535F44 
 267      49534348 
 268 0039 5247455F 		.ascii	"RGE_P2_Write\000\000\000\000\000\000\000\000\000\000"
 268      50325F57 
 268      72697465 
 268      00000000 
 268      00000000 
 269 004f 0000B400 		.ascii	"\000\000\264\000\000\000VBUS_DISCHARGE_P2_Read\000\000"
 269      00005642 
 269      55535F44 
 269      49534348 
 269      41524745 
 270 006d 00000000 		.ascii	"\000\000\000\000\000\000\000\000\000\000\267\000\000"
 270      00000000 
 270      0000B700 
 270      00
 271 007a 00564255 		.ascii	"\000VBUS_DISCHARGE_P2_ReadDataReg\000\000\000\000\000"
 271      535F4449 
 271      53434841 
 271      5247455F 
 271      50325F52 
 272 009d 00000000 		.ascii	"\000\000\000\000\000\000\000\271\000\000\000VBUS_DI"
 272      000000B9 
 272      00000056 
 272      4255535F 
 272      4449
 273 00af 53434841 		.ascii	"SCHARGE_P2_SetInterruptMode\000\000\000\000\000\000"
 273      5247455F 
 273      50325F53 
 273      6574496E 
 273      74657272 
 274 00d0 00000000 		.ascii	"\000\000\000\000\000\000\303\000\000\000VBUS_DISCHA"
 274      0000C300 
 274      00005642 
 274      55535F44 
 274      49534348 
 275 00e5 5247455F 		.ascii	"RGE_P2_ClearInterrupt\000\000\000\000\000\000\000\000"
 275      50325F43 
 275      6C656172 
 275      496E7465 
 275      72727570 
 276 0102 00000000 		.ascii	"\000\000\000\000\305\000\000\000"
 276      C5000000 
 277              		.text
 278              		.section	.gnu.lto_.opts,"",%progbits
 279 0000 272D666E 		.ascii	"'-fno-trapv' '-mcpu=cortex-m0' '-mthumb' '-g' '-Os'"
 279      6F2D7472 
 279      61707627 
 279      20272D6D 
 279      6370753D 
 280 0033 20272D57 		.ascii	" '-Werror' '-ffunction-sections' '-finline-function"
 280      6572726F 
 280      72272027 
 280      2D666675 
 280      6E637469 
 281 0066 73272027 		.ascii	"s' '-flto' '-ffat-lto-objects' '-fno-strict-aliasin"
ARM GAS  C:\Users\victo\AppData\Local\Temp\ccK3mQ7G.s 			page 21


 281      2D666C74 
 281      6F272027 
 281      2D666661 
 281      742D6C74 
 282 0099 672700   		.ascii	"g'\000"
 283              		.text
 284              		.cfi_sections	.debug_frame
 285              		.section	.text.VBUS_DISCHARGE_P2_SetDriveMode,"ax",%progbits
 286              		.align	1
 287              		.global	VBUS_DISCHARGE_P2_SetDriveMode
 288              		.code	16
 289              		.thumb_func
 290              		.type	VBUS_DISCHARGE_P2_SetDriveMode, %function
 291              	VBUS_DISCHARGE_P2_SetDriveMode:
 292              	.LFB0:
 293              		.file 1 ".\\Generated_Source\\PSoC4\\VBUS_DISCHARGE_P2.c"
   1:.\Generated_Source\PSoC4/VBUS_DISCHARGE_P2.c **** /*******************************************************************************
   2:.\Generated_Source\PSoC4/VBUS_DISCHARGE_P2.c **** * File Name: VBUS_DISCHARGE_P2.c  
   3:.\Generated_Source\PSoC4/VBUS_DISCHARGE_P2.c **** * Version 2.20
   4:.\Generated_Source\PSoC4/VBUS_DISCHARGE_P2.c **** *
   5:.\Generated_Source\PSoC4/VBUS_DISCHARGE_P2.c **** * Description:
   6:.\Generated_Source\PSoC4/VBUS_DISCHARGE_P2.c **** *  This file contains API to enable firmware control of a Pins component.
   7:.\Generated_Source\PSoC4/VBUS_DISCHARGE_P2.c **** *
   8:.\Generated_Source\PSoC4/VBUS_DISCHARGE_P2.c **** ********************************************************************************
   9:.\Generated_Source\PSoC4/VBUS_DISCHARGE_P2.c **** * Copyright 2008-2015, Cypress Semiconductor Corporation.  All rights reserved.
  10:.\Generated_Source\PSoC4/VBUS_DISCHARGE_P2.c **** * You may use this file only in accordance with the license, terms, conditions, 
  11:.\Generated_Source\PSoC4/VBUS_DISCHARGE_P2.c **** * disclaimers, and limitations in the end user license agreement accompanying 
  12:.\Generated_Source\PSoC4/VBUS_DISCHARGE_P2.c **** * the software package with which this file was provided.
  13:.\Generated_Source\PSoC4/VBUS_DISCHARGE_P2.c **** *******************************************************************************/
  14:.\Generated_Source\PSoC4/VBUS_DISCHARGE_P2.c **** 
  15:.\Generated_Source\PSoC4/VBUS_DISCHARGE_P2.c **** #include "cytypes.h"
  16:.\Generated_Source\PSoC4/VBUS_DISCHARGE_P2.c **** #include "VBUS_DISCHARGE_P2.h"
  17:.\Generated_Source\PSoC4/VBUS_DISCHARGE_P2.c **** 
  18:.\Generated_Source\PSoC4/VBUS_DISCHARGE_P2.c **** 
  19:.\Generated_Source\PSoC4/VBUS_DISCHARGE_P2.c **** #if defined(VBUS_DISCHARGE_P2__PC)
  20:.\Generated_Source\PSoC4/VBUS_DISCHARGE_P2.c ****     #define VBUS_DISCHARGE_P2_SetP4PinDriveMode(shift, mode)  \
  21:.\Generated_Source\PSoC4/VBUS_DISCHARGE_P2.c ****     do { \
  22:.\Generated_Source\PSoC4/VBUS_DISCHARGE_P2.c ****         VBUS_DISCHARGE_P2_PC =   (VBUS_DISCHARGE_P2_PC & \
  23:.\Generated_Source\PSoC4/VBUS_DISCHARGE_P2.c ****                                 (uint32)(~(uint32)(VBUS_DISCHARGE_P2_DRIVE_MODE_IND_MASK << \
  24:.\Generated_Source\PSoC4/VBUS_DISCHARGE_P2.c ****                                 (VBUS_DISCHARGE_P2_DRIVE_MODE_BITS * (shift))))) | \
  25:.\Generated_Source\PSoC4/VBUS_DISCHARGE_P2.c ****                                 (uint32)((uint32)(mode) << \
  26:.\Generated_Source\PSoC4/VBUS_DISCHARGE_P2.c ****                                 (VBUS_DISCHARGE_P2_DRIVE_MODE_BITS * (shift))); \
  27:.\Generated_Source\PSoC4/VBUS_DISCHARGE_P2.c ****     } while (0)
  28:.\Generated_Source\PSoC4/VBUS_DISCHARGE_P2.c **** #else
  29:.\Generated_Source\PSoC4/VBUS_DISCHARGE_P2.c ****     #if (CY_PSOC4_4200L)
  30:.\Generated_Source\PSoC4/VBUS_DISCHARGE_P2.c ****         #define VBUS_DISCHARGE_P2_SetP4PinDriveMode(shift, mode)  \
  31:.\Generated_Source\PSoC4/VBUS_DISCHARGE_P2.c ****         do { \
  32:.\Generated_Source\PSoC4/VBUS_DISCHARGE_P2.c ****             VBUS_DISCHARGE_P2_USBIO_CTRL_REG = (VBUS_DISCHARGE_P2_USBIO_CTRL_REG & \
  33:.\Generated_Source\PSoC4/VBUS_DISCHARGE_P2.c ****                                     (uint32)(~(uint32)(VBUS_DISCHARGE_P2_DRIVE_MODE_IND_MASK << \
  34:.\Generated_Source\PSoC4/VBUS_DISCHARGE_P2.c ****                                     (VBUS_DISCHARGE_P2_DRIVE_MODE_BITS * (shift))))) | \
  35:.\Generated_Source\PSoC4/VBUS_DISCHARGE_P2.c ****                                     (uint32)((uint32)(mode) << \
  36:.\Generated_Source\PSoC4/VBUS_DISCHARGE_P2.c ****                                     (VBUS_DISCHARGE_P2_DRIVE_MODE_BITS * (shift))); \
  37:.\Generated_Source\PSoC4/VBUS_DISCHARGE_P2.c ****         } while (0)
  38:.\Generated_Source\PSoC4/VBUS_DISCHARGE_P2.c ****     #endif
  39:.\Generated_Source\PSoC4/VBUS_DISCHARGE_P2.c **** #endif
  40:.\Generated_Source\PSoC4/VBUS_DISCHARGE_P2.c ****   
  41:.\Generated_Source\PSoC4/VBUS_DISCHARGE_P2.c **** 
ARM GAS  C:\Users\victo\AppData\Local\Temp\ccK3mQ7G.s 			page 22


  42:.\Generated_Source\PSoC4/VBUS_DISCHARGE_P2.c **** #if defined(VBUS_DISCHARGE_P2__PC) || (CY_PSOC4_4200L) 
  43:.\Generated_Source\PSoC4/VBUS_DISCHARGE_P2.c ****     /*******************************************************************************
  44:.\Generated_Source\PSoC4/VBUS_DISCHARGE_P2.c ****     * Function Name: VBUS_DISCHARGE_P2_SetDriveMode
  45:.\Generated_Source\PSoC4/VBUS_DISCHARGE_P2.c ****     ****************************************************************************//**
  46:.\Generated_Source\PSoC4/VBUS_DISCHARGE_P2.c ****     *
  47:.\Generated_Source\PSoC4/VBUS_DISCHARGE_P2.c ****     * \brief Sets the drive mode for each of the Pins component's pins.
  48:.\Generated_Source\PSoC4/VBUS_DISCHARGE_P2.c ****     * 
  49:.\Generated_Source\PSoC4/VBUS_DISCHARGE_P2.c ****     * <b>Note</b> This affects all pins in the Pins component instance. Use the
  50:.\Generated_Source\PSoC4/VBUS_DISCHARGE_P2.c ****     * Per-Pin APIs if you wish to control individual pin's drive modes.
  51:.\Generated_Source\PSoC4/VBUS_DISCHARGE_P2.c ****     *
  52:.\Generated_Source\PSoC4/VBUS_DISCHARGE_P2.c ****     * <b>Note</b> USBIOs have limited drive functionality. Refer to the Drive Mode
  53:.\Generated_Source\PSoC4/VBUS_DISCHARGE_P2.c ****     * parameter for more information.
  54:.\Generated_Source\PSoC4/VBUS_DISCHARGE_P2.c ****     *
  55:.\Generated_Source\PSoC4/VBUS_DISCHARGE_P2.c ****     * \param mode
  56:.\Generated_Source\PSoC4/VBUS_DISCHARGE_P2.c ****     *  Mode for the selected signals. Valid options are documented in 
  57:.\Generated_Source\PSoC4/VBUS_DISCHARGE_P2.c ****     *  \ref driveMode.
  58:.\Generated_Source\PSoC4/VBUS_DISCHARGE_P2.c ****     *
  59:.\Generated_Source\PSoC4/VBUS_DISCHARGE_P2.c ****     * \return
  60:.\Generated_Source\PSoC4/VBUS_DISCHARGE_P2.c ****     *  None
  61:.\Generated_Source\PSoC4/VBUS_DISCHARGE_P2.c ****     *
  62:.\Generated_Source\PSoC4/VBUS_DISCHARGE_P2.c ****     * \sideeffect
  63:.\Generated_Source\PSoC4/VBUS_DISCHARGE_P2.c ****     *  If you use read-modify-write operations that are not atomic, the ISR can
  64:.\Generated_Source\PSoC4/VBUS_DISCHARGE_P2.c ****     *  cause corruption of this function. An ISR that interrupts this function 
  65:.\Generated_Source\PSoC4/VBUS_DISCHARGE_P2.c ****     *  and performs writes to the Pins component Drive Mode registers can cause 
  66:.\Generated_Source\PSoC4/VBUS_DISCHARGE_P2.c ****     *  corrupted port data. To avoid this issue, you should either use the Per-Pin
  67:.\Generated_Source\PSoC4/VBUS_DISCHARGE_P2.c ****     *  APIs (primary method) or disable interrupts around this function.
  68:.\Generated_Source\PSoC4/VBUS_DISCHARGE_P2.c ****     *
  69:.\Generated_Source\PSoC4/VBUS_DISCHARGE_P2.c ****     * \funcusage
  70:.\Generated_Source\PSoC4/VBUS_DISCHARGE_P2.c ****     *  \snippet VBUS_DISCHARGE_P2_SUT.c usage_VBUS_DISCHARGE_P2_SetDriveMode
  71:.\Generated_Source\PSoC4/VBUS_DISCHARGE_P2.c ****     *******************************************************************************/
  72:.\Generated_Source\PSoC4/VBUS_DISCHARGE_P2.c ****     void VBUS_DISCHARGE_P2_SetDriveMode(uint8 mode)
  73:.\Generated_Source\PSoC4/VBUS_DISCHARGE_P2.c ****     {
 294              		.loc 1 73 0
 295              		.cfi_startproc
 296              	.LVL0:
  74:.\Generated_Source\PSoC4/VBUS_DISCHARGE_P2.c **** 		VBUS_DISCHARGE_P2_SetP4PinDriveMode(VBUS_DISCHARGE_P2__0__SHIFT, mode);
 297              		.loc 1 74 0
 298 0000 034A     		ldr	r2, .L2
 299 0002 044B     		ldr	r3, .L2+4
 300 0004 1168     		ldr	r1, [r2]
 301 0006 4002     		lsl	r0, r0, #9
 302              	.LVL1:
 303 0008 0B40     		and	r3, r1
 304 000a 1843     		orr	r0, r3
 305 000c 1060     		str	r0, [r2]
  75:.\Generated_Source\PSoC4/VBUS_DISCHARGE_P2.c ****     }
 306              		.loc 1 75 0
 307              		@ sp needed
 308 000e 7047     		bx	lr
 309              	.L3:
 310              		.align	2
 311              	.L2:
 312 0010 08040440 		.word	1074005000
 313 0014 FFF1FFFF 		.word	-3585
 314              		.cfi_endproc
 315              	.LFE0:
 316              		.size	VBUS_DISCHARGE_P2_SetDriveMode, .-VBUS_DISCHARGE_P2_SetDriveMode
ARM GAS  C:\Users\victo\AppData\Local\Temp\ccK3mQ7G.s 			page 23


 317              		.section	.text.VBUS_DISCHARGE_P2_Write,"ax",%progbits
 318              		.align	1
 319              		.global	VBUS_DISCHARGE_P2_Write
 320              		.code	16
 321              		.thumb_func
 322              		.type	VBUS_DISCHARGE_P2_Write, %function
 323              	VBUS_DISCHARGE_P2_Write:
 324              	.LFB1:
  76:.\Generated_Source\PSoC4/VBUS_DISCHARGE_P2.c **** #endif
  77:.\Generated_Source\PSoC4/VBUS_DISCHARGE_P2.c **** 
  78:.\Generated_Source\PSoC4/VBUS_DISCHARGE_P2.c **** 
  79:.\Generated_Source\PSoC4/VBUS_DISCHARGE_P2.c **** /*******************************************************************************
  80:.\Generated_Source\PSoC4/VBUS_DISCHARGE_P2.c **** * Function Name: VBUS_DISCHARGE_P2_Write
  81:.\Generated_Source\PSoC4/VBUS_DISCHARGE_P2.c **** ****************************************************************************//**
  82:.\Generated_Source\PSoC4/VBUS_DISCHARGE_P2.c **** *
  83:.\Generated_Source\PSoC4/VBUS_DISCHARGE_P2.c **** * \brief Writes the value to the physical port (data output register), masking
  84:.\Generated_Source\PSoC4/VBUS_DISCHARGE_P2.c **** *  and shifting the bits appropriately. 
  85:.\Generated_Source\PSoC4/VBUS_DISCHARGE_P2.c **** *
  86:.\Generated_Source\PSoC4/VBUS_DISCHARGE_P2.c **** * The data output register controls the signal applied to the physical pin in 
  87:.\Generated_Source\PSoC4/VBUS_DISCHARGE_P2.c **** * conjunction with the drive mode parameter. This function avoids changing 
  88:.\Generated_Source\PSoC4/VBUS_DISCHARGE_P2.c **** * other bits in the port by using the appropriate method (read-modify-write or
  89:.\Generated_Source\PSoC4/VBUS_DISCHARGE_P2.c **** * bit banding).
  90:.\Generated_Source\PSoC4/VBUS_DISCHARGE_P2.c **** *
  91:.\Generated_Source\PSoC4/VBUS_DISCHARGE_P2.c **** * <b>Note</b> This function should not be used on a hardware digital output pin 
  92:.\Generated_Source\PSoC4/VBUS_DISCHARGE_P2.c **** * as it is driven by the hardware signal attached to it.
  93:.\Generated_Source\PSoC4/VBUS_DISCHARGE_P2.c **** *
  94:.\Generated_Source\PSoC4/VBUS_DISCHARGE_P2.c **** * \param value
  95:.\Generated_Source\PSoC4/VBUS_DISCHARGE_P2.c **** *  Value to write to the component instance.
  96:.\Generated_Source\PSoC4/VBUS_DISCHARGE_P2.c **** *
  97:.\Generated_Source\PSoC4/VBUS_DISCHARGE_P2.c **** * \return 
  98:.\Generated_Source\PSoC4/VBUS_DISCHARGE_P2.c **** *  None 
  99:.\Generated_Source\PSoC4/VBUS_DISCHARGE_P2.c **** *
 100:.\Generated_Source\PSoC4/VBUS_DISCHARGE_P2.c **** * \sideeffect
 101:.\Generated_Source\PSoC4/VBUS_DISCHARGE_P2.c **** *  If you use read-modify-write operations that are not atomic; the Interrupt 
 102:.\Generated_Source\PSoC4/VBUS_DISCHARGE_P2.c **** *  Service Routines (ISR) can cause corruption of this function. An ISR that 
 103:.\Generated_Source\PSoC4/VBUS_DISCHARGE_P2.c **** *  interrupts this function and performs writes to the Pins component data 
 104:.\Generated_Source\PSoC4/VBUS_DISCHARGE_P2.c **** *  register can cause corrupted port data. To avoid this issue, you should 
 105:.\Generated_Source\PSoC4/VBUS_DISCHARGE_P2.c **** *  either use the Per-Pin APIs (primary method) or disable interrupts around 
 106:.\Generated_Source\PSoC4/VBUS_DISCHARGE_P2.c **** *  this function.
 107:.\Generated_Source\PSoC4/VBUS_DISCHARGE_P2.c **** *
 108:.\Generated_Source\PSoC4/VBUS_DISCHARGE_P2.c **** * \funcusage
 109:.\Generated_Source\PSoC4/VBUS_DISCHARGE_P2.c **** *  \snippet VBUS_DISCHARGE_P2_SUT.c usage_VBUS_DISCHARGE_P2_Write
 110:.\Generated_Source\PSoC4/VBUS_DISCHARGE_P2.c **** *******************************************************************************/
 111:.\Generated_Source\PSoC4/VBUS_DISCHARGE_P2.c **** void VBUS_DISCHARGE_P2_Write(uint8 value)
 112:.\Generated_Source\PSoC4/VBUS_DISCHARGE_P2.c **** {
 325              		.loc 1 112 0
 326              		.cfi_startproc
 327              	.LVL2:
 113:.\Generated_Source\PSoC4/VBUS_DISCHARGE_P2.c ****     uint8 drVal = (uint8)(VBUS_DISCHARGE_P2_DR & (uint8)(~VBUS_DISCHARGE_P2_MASK));
 328              		.loc 1 113 0
 329 0000 0823     		mov	r3, #8
 330 0002 0449     		ldr	r1, .L5
 114:.\Generated_Source\PSoC4/VBUS_DISCHARGE_P2.c ****     drVal = (drVal | ((uint8)(value << VBUS_DISCHARGE_P2_SHIFT) & VBUS_DISCHARGE_P2_MASK));
 331              		.loc 1 114 0
 332 0004 C000     		lsl	r0, r0, #3
 333              	.LVL3:
 113:.\Generated_Source\PSoC4/VBUS_DISCHARGE_P2.c ****     uint8 drVal = (uint8)(VBUS_DISCHARGE_P2_DR & (uint8)(~VBUS_DISCHARGE_P2_MASK));
ARM GAS  C:\Users\victo\AppData\Local\Temp\ccK3mQ7G.s 			page 24


 334              		.loc 1 113 0
 335 0006 0A68     		ldr	r2, [r1]
 115:.\Generated_Source\PSoC4/VBUS_DISCHARGE_P2.c ****     VBUS_DISCHARGE_P2_DR = (uint32)drVal;
 116:.\Generated_Source\PSoC4/VBUS_DISCHARGE_P2.c **** }
 336              		.loc 1 116 0
 337              		@ sp needed
 113:.\Generated_Source\PSoC4/VBUS_DISCHARGE_P2.c ****     drVal = (drVal | ((uint8)(value << VBUS_DISCHARGE_P2_SHIFT) & VBUS_DISCHARGE_P2_MASK));
 338              		.loc 1 113 0
 339 0008 9A43     		bic	r2, r3
 340 000a D2B2     		uxtb	r2, r2
 114:.\Generated_Source\PSoC4/VBUS_DISCHARGE_P2.c ****     drVal = (drVal | ((uint8)(value << VBUS_DISCHARGE_P2_SHIFT) & VBUS_DISCHARGE_P2_MASK));
 341              		.loc 1 114 0
 342 000c 0340     		and	r3, r0
 115:.\Generated_Source\PSoC4/VBUS_DISCHARGE_P2.c ****     VBUS_DISCHARGE_P2_DR = (uint32)drVal;
 343              		.loc 1 115 0
 344 000e 1343     		orr	r3, r2
 345 0010 0B60     		str	r3, [r1]
 346              		.loc 1 116 0
 347 0012 7047     		bx	lr
 348              	.L6:
 349              		.align	2
 350              	.L5:
 351 0014 00040440 		.word	1074004992
 352              		.cfi_endproc
 353              	.LFE1:
 354              		.size	VBUS_DISCHARGE_P2_Write, .-VBUS_DISCHARGE_P2_Write
 355              		.section	.text.VBUS_DISCHARGE_P2_Read,"ax",%progbits
 356              		.align	1
 357              		.global	VBUS_DISCHARGE_P2_Read
 358              		.code	16
 359              		.thumb_func
 360              		.type	VBUS_DISCHARGE_P2_Read, %function
 361              	VBUS_DISCHARGE_P2_Read:
 362              	.LFB2:
 117:.\Generated_Source\PSoC4/VBUS_DISCHARGE_P2.c **** 
 118:.\Generated_Source\PSoC4/VBUS_DISCHARGE_P2.c **** 
 119:.\Generated_Source\PSoC4/VBUS_DISCHARGE_P2.c **** /*******************************************************************************
 120:.\Generated_Source\PSoC4/VBUS_DISCHARGE_P2.c **** * Function Name: VBUS_DISCHARGE_P2_Read
 121:.\Generated_Source\PSoC4/VBUS_DISCHARGE_P2.c **** ****************************************************************************//**
 122:.\Generated_Source\PSoC4/VBUS_DISCHARGE_P2.c **** *
 123:.\Generated_Source\PSoC4/VBUS_DISCHARGE_P2.c **** * \brief Reads the associated physical port (pin status register) and masks 
 124:.\Generated_Source\PSoC4/VBUS_DISCHARGE_P2.c **** *  the required bits according to the width and bit position of the component
 125:.\Generated_Source\PSoC4/VBUS_DISCHARGE_P2.c **** *  instance. 
 126:.\Generated_Source\PSoC4/VBUS_DISCHARGE_P2.c **** *
 127:.\Generated_Source\PSoC4/VBUS_DISCHARGE_P2.c **** * The pin's status register returns the current logic level present on the 
 128:.\Generated_Source\PSoC4/VBUS_DISCHARGE_P2.c **** * physical pin.
 129:.\Generated_Source\PSoC4/VBUS_DISCHARGE_P2.c **** *
 130:.\Generated_Source\PSoC4/VBUS_DISCHARGE_P2.c **** * \return 
 131:.\Generated_Source\PSoC4/VBUS_DISCHARGE_P2.c **** *  The current value for the pins in the component as a right justified number.
 132:.\Generated_Source\PSoC4/VBUS_DISCHARGE_P2.c **** *
 133:.\Generated_Source\PSoC4/VBUS_DISCHARGE_P2.c **** * \funcusage
 134:.\Generated_Source\PSoC4/VBUS_DISCHARGE_P2.c **** *  \snippet VBUS_DISCHARGE_P2_SUT.c usage_VBUS_DISCHARGE_P2_Read  
 135:.\Generated_Source\PSoC4/VBUS_DISCHARGE_P2.c **** *******************************************************************************/
 136:.\Generated_Source\PSoC4/VBUS_DISCHARGE_P2.c **** uint8 VBUS_DISCHARGE_P2_Read(void)
 137:.\Generated_Source\PSoC4/VBUS_DISCHARGE_P2.c **** {
 363              		.loc 1 137 0
 364              		.cfi_startproc
ARM GAS  C:\Users\victo\AppData\Local\Temp\ccK3mQ7G.s 			page 25


 138:.\Generated_Source\PSoC4/VBUS_DISCHARGE_P2.c ****     return (uint8)((VBUS_DISCHARGE_P2_PS & VBUS_DISCHARGE_P2_MASK) >> VBUS_DISCHARGE_P2_SHIFT);
 365              		.loc 1 138 0
 366 0000 024B     		ldr	r3, .L8
 139:.\Generated_Source\PSoC4/VBUS_DISCHARGE_P2.c **** }
 367              		.loc 1 139 0
 368              		@ sp needed
 138:.\Generated_Source\PSoC4/VBUS_DISCHARGE_P2.c ****     return (uint8)((VBUS_DISCHARGE_P2_PS & VBUS_DISCHARGE_P2_MASK) >> VBUS_DISCHARGE_P2_SHIFT);
 369              		.loc 1 138 0
 370 0002 1868     		ldr	r0, [r3]
 371 0004 0007     		lsl	r0, r0, #28
 372 0006 C00F     		lsr	r0, r0, #31
 373              		.loc 1 139 0
 374 0008 7047     		bx	lr
 375              	.L9:
 376 000a C046     		.align	2
 377              	.L8:
 378 000c 04040440 		.word	1074004996
 379              		.cfi_endproc
 380              	.LFE2:
 381              		.size	VBUS_DISCHARGE_P2_Read, .-VBUS_DISCHARGE_P2_Read
 382              		.section	.text.VBUS_DISCHARGE_P2_ReadDataReg,"ax",%progbits
 383              		.align	1
 384              		.global	VBUS_DISCHARGE_P2_ReadDataReg
 385              		.code	16
 386              		.thumb_func
 387              		.type	VBUS_DISCHARGE_P2_ReadDataReg, %function
 388              	VBUS_DISCHARGE_P2_ReadDataReg:
 389              	.LFB3:
 140:.\Generated_Source\PSoC4/VBUS_DISCHARGE_P2.c **** 
 141:.\Generated_Source\PSoC4/VBUS_DISCHARGE_P2.c **** 
 142:.\Generated_Source\PSoC4/VBUS_DISCHARGE_P2.c **** /*******************************************************************************
 143:.\Generated_Source\PSoC4/VBUS_DISCHARGE_P2.c **** * Function Name: VBUS_DISCHARGE_P2_ReadDataReg
 144:.\Generated_Source\PSoC4/VBUS_DISCHARGE_P2.c **** ****************************************************************************//**
 145:.\Generated_Source\PSoC4/VBUS_DISCHARGE_P2.c **** *
 146:.\Generated_Source\PSoC4/VBUS_DISCHARGE_P2.c **** * \brief Reads the associated physical port's data output register and masks 
 147:.\Generated_Source\PSoC4/VBUS_DISCHARGE_P2.c **** *  the correct bits according to the width and bit position of the component 
 148:.\Generated_Source\PSoC4/VBUS_DISCHARGE_P2.c **** *  instance. 
 149:.\Generated_Source\PSoC4/VBUS_DISCHARGE_P2.c **** *
 150:.\Generated_Source\PSoC4/VBUS_DISCHARGE_P2.c **** * The data output register controls the signal applied to the physical pin in 
 151:.\Generated_Source\PSoC4/VBUS_DISCHARGE_P2.c **** * conjunction with the drive mode parameter. This is not the same as the 
 152:.\Generated_Source\PSoC4/VBUS_DISCHARGE_P2.c **** * preferred VBUS_DISCHARGE_P2_Read() API because the 
 153:.\Generated_Source\PSoC4/VBUS_DISCHARGE_P2.c **** * VBUS_DISCHARGE_P2_ReadDataReg() reads the data register instead of the status 
 154:.\Generated_Source\PSoC4/VBUS_DISCHARGE_P2.c **** * register. For output pins this is a useful function to determine the value 
 155:.\Generated_Source\PSoC4/VBUS_DISCHARGE_P2.c **** * just written to the pin.
 156:.\Generated_Source\PSoC4/VBUS_DISCHARGE_P2.c **** *
 157:.\Generated_Source\PSoC4/VBUS_DISCHARGE_P2.c **** * \return 
 158:.\Generated_Source\PSoC4/VBUS_DISCHARGE_P2.c **** *  The current value of the data register masked and shifted into a right 
 159:.\Generated_Source\PSoC4/VBUS_DISCHARGE_P2.c **** *  justified number for the component instance.
 160:.\Generated_Source\PSoC4/VBUS_DISCHARGE_P2.c **** *
 161:.\Generated_Source\PSoC4/VBUS_DISCHARGE_P2.c **** * \funcusage
 162:.\Generated_Source\PSoC4/VBUS_DISCHARGE_P2.c **** *  \snippet VBUS_DISCHARGE_P2_SUT.c usage_VBUS_DISCHARGE_P2_ReadDataReg 
 163:.\Generated_Source\PSoC4/VBUS_DISCHARGE_P2.c **** *******************************************************************************/
 164:.\Generated_Source\PSoC4/VBUS_DISCHARGE_P2.c **** uint8 VBUS_DISCHARGE_P2_ReadDataReg(void)
 165:.\Generated_Source\PSoC4/VBUS_DISCHARGE_P2.c **** {
 390              		.loc 1 165 0
 391              		.cfi_startproc
 166:.\Generated_Source\PSoC4/VBUS_DISCHARGE_P2.c ****     return (uint8)((VBUS_DISCHARGE_P2_DR & VBUS_DISCHARGE_P2_MASK) >> VBUS_DISCHARGE_P2_SHIFT);
ARM GAS  C:\Users\victo\AppData\Local\Temp\ccK3mQ7G.s 			page 26


 392              		.loc 1 166 0
 393 0000 024B     		ldr	r3, .L11
 167:.\Generated_Source\PSoC4/VBUS_DISCHARGE_P2.c **** }
 394              		.loc 1 167 0
 395              		@ sp needed
 166:.\Generated_Source\PSoC4/VBUS_DISCHARGE_P2.c ****     return (uint8)((VBUS_DISCHARGE_P2_DR & VBUS_DISCHARGE_P2_MASK) >> VBUS_DISCHARGE_P2_SHIFT);
 396              		.loc 1 166 0
 397 0002 1868     		ldr	r0, [r3]
 398 0004 0007     		lsl	r0, r0, #28
 399 0006 C00F     		lsr	r0, r0, #31
 400              		.loc 1 167 0
 401 0008 7047     		bx	lr
 402              	.L12:
 403 000a C046     		.align	2
 404              	.L11:
 405 000c 00040440 		.word	1074004992
 406              		.cfi_endproc
 407              	.LFE3:
 408              		.size	VBUS_DISCHARGE_P2_ReadDataReg, .-VBUS_DISCHARGE_P2_ReadDataReg
 409              		.section	.text.VBUS_DISCHARGE_P2_SetInterruptMode,"ax",%progbits
 410              		.align	1
 411              		.global	VBUS_DISCHARGE_P2_SetInterruptMode
 412              		.code	16
 413              		.thumb_func
 414              		.type	VBUS_DISCHARGE_P2_SetInterruptMode, %function
 415              	VBUS_DISCHARGE_P2_SetInterruptMode:
 416              	.LFB4:
 168:.\Generated_Source\PSoC4/VBUS_DISCHARGE_P2.c **** 
 169:.\Generated_Source\PSoC4/VBUS_DISCHARGE_P2.c **** 
 170:.\Generated_Source\PSoC4/VBUS_DISCHARGE_P2.c **** /*******************************************************************************
 171:.\Generated_Source\PSoC4/VBUS_DISCHARGE_P2.c **** * Function Name: VBUS_DISCHARGE_P2_SetInterruptMode
 172:.\Generated_Source\PSoC4/VBUS_DISCHARGE_P2.c **** ****************************************************************************//**
 173:.\Generated_Source\PSoC4/VBUS_DISCHARGE_P2.c **** *
 174:.\Generated_Source\PSoC4/VBUS_DISCHARGE_P2.c **** * \brief Configures the interrupt mode for each of the Pins component's
 175:.\Generated_Source\PSoC4/VBUS_DISCHARGE_P2.c **** *  pins. Alternatively you may set the interrupt mode for all the pins
 176:.\Generated_Source\PSoC4/VBUS_DISCHARGE_P2.c **** *  specified in the Pins component.
 177:.\Generated_Source\PSoC4/VBUS_DISCHARGE_P2.c **** *
 178:.\Generated_Source\PSoC4/VBUS_DISCHARGE_P2.c **** *  <b>Note</b> The interrupt is port-wide and therefore any enabled pin
 179:.\Generated_Source\PSoC4/VBUS_DISCHARGE_P2.c **** *  interrupt may trigger it.
 180:.\Generated_Source\PSoC4/VBUS_DISCHARGE_P2.c **** *
 181:.\Generated_Source\PSoC4/VBUS_DISCHARGE_P2.c **** * \param position
 182:.\Generated_Source\PSoC4/VBUS_DISCHARGE_P2.c **** *  The pin position as listed in the Pins component. You may OR these to be 
 183:.\Generated_Source\PSoC4/VBUS_DISCHARGE_P2.c **** *  able to configure the interrupt mode of multiple pins within a Pins 
 184:.\Generated_Source\PSoC4/VBUS_DISCHARGE_P2.c **** *  component. Or you may use VBUS_DISCHARGE_P2_INTR_ALL to configure the
 185:.\Generated_Source\PSoC4/VBUS_DISCHARGE_P2.c **** *  interrupt mode of all the pins in the Pins component.       
 186:.\Generated_Source\PSoC4/VBUS_DISCHARGE_P2.c **** *  - VBUS_DISCHARGE_P2_0_INTR       (First pin in the list)
 187:.\Generated_Source\PSoC4/VBUS_DISCHARGE_P2.c **** *  - VBUS_DISCHARGE_P2_1_INTR       (Second pin in the list)
 188:.\Generated_Source\PSoC4/VBUS_DISCHARGE_P2.c **** *  - ...
 189:.\Generated_Source\PSoC4/VBUS_DISCHARGE_P2.c **** *  - VBUS_DISCHARGE_P2_INTR_ALL     (All pins in Pins component)
 190:.\Generated_Source\PSoC4/VBUS_DISCHARGE_P2.c **** *
 191:.\Generated_Source\PSoC4/VBUS_DISCHARGE_P2.c **** * \param mode
 192:.\Generated_Source\PSoC4/VBUS_DISCHARGE_P2.c **** *  Interrupt mode for the selected pins. Valid options are documented in
 193:.\Generated_Source\PSoC4/VBUS_DISCHARGE_P2.c **** *  \ref intrMode.
 194:.\Generated_Source\PSoC4/VBUS_DISCHARGE_P2.c **** *
 195:.\Generated_Source\PSoC4/VBUS_DISCHARGE_P2.c **** * \return 
 196:.\Generated_Source\PSoC4/VBUS_DISCHARGE_P2.c **** *  None
 197:.\Generated_Source\PSoC4/VBUS_DISCHARGE_P2.c **** *  
ARM GAS  C:\Users\victo\AppData\Local\Temp\ccK3mQ7G.s 			page 27


 198:.\Generated_Source\PSoC4/VBUS_DISCHARGE_P2.c **** * \sideeffect
 199:.\Generated_Source\PSoC4/VBUS_DISCHARGE_P2.c **** *  It is recommended that the interrupt be disabled before calling this 
 200:.\Generated_Source\PSoC4/VBUS_DISCHARGE_P2.c **** *  function to avoid unintended interrupt requests. Note that the interrupt
 201:.\Generated_Source\PSoC4/VBUS_DISCHARGE_P2.c **** *  type is port wide, and therefore will trigger for any enabled pin on the 
 202:.\Generated_Source\PSoC4/VBUS_DISCHARGE_P2.c **** *  port.
 203:.\Generated_Source\PSoC4/VBUS_DISCHARGE_P2.c **** *
 204:.\Generated_Source\PSoC4/VBUS_DISCHARGE_P2.c **** * \funcusage
 205:.\Generated_Source\PSoC4/VBUS_DISCHARGE_P2.c **** *  \snippet VBUS_DISCHARGE_P2_SUT.c usage_VBUS_DISCHARGE_P2_SetInterruptMode
 206:.\Generated_Source\PSoC4/VBUS_DISCHARGE_P2.c **** *******************************************************************************/
 207:.\Generated_Source\PSoC4/VBUS_DISCHARGE_P2.c **** void VBUS_DISCHARGE_P2_SetInterruptMode(uint16 position, uint16 mode)
 208:.\Generated_Source\PSoC4/VBUS_DISCHARGE_P2.c **** {
 417              		.loc 1 208 0
 418              		.cfi_startproc
 419              	.LVL4:
 209:.\Generated_Source\PSoC4/VBUS_DISCHARGE_P2.c ****     uint32 intrCfg;
 210:.\Generated_Source\PSoC4/VBUS_DISCHARGE_P2.c ****     
 211:.\Generated_Source\PSoC4/VBUS_DISCHARGE_P2.c ****     intrCfg =  VBUS_DISCHARGE_P2_INTCFG & (uint32)(~(uint32)position);
 420              		.loc 1 211 0
 421 0000 034A     		ldr	r2, .L14
 212:.\Generated_Source\PSoC4/VBUS_DISCHARGE_P2.c ****     VBUS_DISCHARGE_P2_INTCFG = intrCfg | ((uint32)position & (uint32)mode);
 213:.\Generated_Source\PSoC4/VBUS_DISCHARGE_P2.c **** }
 422              		.loc 1 213 0
 423              		@ sp needed
 211:.\Generated_Source\PSoC4/VBUS_DISCHARGE_P2.c ****     VBUS_DISCHARGE_P2_INTCFG = intrCfg | ((uint32)position & (uint32)mode);
 424              		.loc 1 211 0
 425 0002 1368     		ldr	r3, [r2]
 426              	.LVL5:
 427 0004 8343     		bic	r3, r0
 428              	.LVL6:
 212:.\Generated_Source\PSoC4/VBUS_DISCHARGE_P2.c ****     VBUS_DISCHARGE_P2_INTCFG = intrCfg | ((uint32)position & (uint32)mode);
 429              		.loc 1 212 0
 430 0006 0840     		and	r0, r1
 431              	.LVL7:
 432 0008 1843     		orr	r0, r3
 433 000a 1060     		str	r0, [r2]
 434              		.loc 1 213 0
 435 000c 7047     		bx	lr
 436              	.L15:
 437 000e C046     		.align	2
 438              	.L14:
 439 0010 0C040440 		.word	1074005004
 440              		.cfi_endproc
 441              	.LFE4:
 442              		.size	VBUS_DISCHARGE_P2_SetInterruptMode, .-VBUS_DISCHARGE_P2_SetInterruptMode
 443              		.section	.text.VBUS_DISCHARGE_P2_ClearInterrupt,"ax",%progbits
 444              		.align	1
 445              		.global	VBUS_DISCHARGE_P2_ClearInterrupt
 446              		.code	16
 447              		.thumb_func
 448              		.type	VBUS_DISCHARGE_P2_ClearInterrupt, %function
 449              	VBUS_DISCHARGE_P2_ClearInterrupt:
 450              	.LFB5:
 214:.\Generated_Source\PSoC4/VBUS_DISCHARGE_P2.c **** 
 215:.\Generated_Source\PSoC4/VBUS_DISCHARGE_P2.c **** 
 216:.\Generated_Source\PSoC4/VBUS_DISCHARGE_P2.c **** /*******************************************************************************
 217:.\Generated_Source\PSoC4/VBUS_DISCHARGE_P2.c **** * Function Name: VBUS_DISCHARGE_P2_ClearInterrupt
 218:.\Generated_Source\PSoC4/VBUS_DISCHARGE_P2.c **** ****************************************************************************//**
ARM GAS  C:\Users\victo\AppData\Local\Temp\ccK3mQ7G.s 			page 28


 219:.\Generated_Source\PSoC4/VBUS_DISCHARGE_P2.c **** *
 220:.\Generated_Source\PSoC4/VBUS_DISCHARGE_P2.c **** * \brief Clears any active interrupts attached with the component and returns 
 221:.\Generated_Source\PSoC4/VBUS_DISCHARGE_P2.c **** *  the value of the interrupt status register allowing determination of which
 222:.\Generated_Source\PSoC4/VBUS_DISCHARGE_P2.c **** *  pins generated an interrupt event.
 223:.\Generated_Source\PSoC4/VBUS_DISCHARGE_P2.c **** *
 224:.\Generated_Source\PSoC4/VBUS_DISCHARGE_P2.c **** * \return 
 225:.\Generated_Source\PSoC4/VBUS_DISCHARGE_P2.c **** *  The right-shifted current value of the interrupt status register. Each pin 
 226:.\Generated_Source\PSoC4/VBUS_DISCHARGE_P2.c **** *  has one bit set if it generated an interrupt event. For example, bit 0 is 
 227:.\Generated_Source\PSoC4/VBUS_DISCHARGE_P2.c **** *  for pin 0 and bit 1 is for pin 1 of the Pins component.
 228:.\Generated_Source\PSoC4/VBUS_DISCHARGE_P2.c **** *  
 229:.\Generated_Source\PSoC4/VBUS_DISCHARGE_P2.c **** * \sideeffect
 230:.\Generated_Source\PSoC4/VBUS_DISCHARGE_P2.c **** *  Clears all bits of the physical port's interrupt status register, not just
 231:.\Generated_Source\PSoC4/VBUS_DISCHARGE_P2.c **** *  those associated with the Pins component.
 232:.\Generated_Source\PSoC4/VBUS_DISCHARGE_P2.c **** *
 233:.\Generated_Source\PSoC4/VBUS_DISCHARGE_P2.c **** * \funcusage
 234:.\Generated_Source\PSoC4/VBUS_DISCHARGE_P2.c **** *  \snippet VBUS_DISCHARGE_P2_SUT.c usage_VBUS_DISCHARGE_P2_ClearInterrupt
 235:.\Generated_Source\PSoC4/VBUS_DISCHARGE_P2.c **** *******************************************************************************/
 236:.\Generated_Source\PSoC4/VBUS_DISCHARGE_P2.c **** uint8 VBUS_DISCHARGE_P2_ClearInterrupt(void)
 237:.\Generated_Source\PSoC4/VBUS_DISCHARGE_P2.c **** {
 451              		.loc 1 237 0
 452              		.cfi_startproc
 238:.\Generated_Source\PSoC4/VBUS_DISCHARGE_P2.c **** 	uint8 maskedStatus = (uint8)(VBUS_DISCHARGE_P2_INTSTAT & VBUS_DISCHARGE_P2_MASK);
 453              		.loc 1 238 0
 454 0000 0823     		mov	r3, #8
 455 0002 034A     		ldr	r2, .L17
 239:.\Generated_Source\PSoC4/VBUS_DISCHARGE_P2.c **** 	VBUS_DISCHARGE_P2_INTSTAT = maskedStatus;
 240:.\Generated_Source\PSoC4/VBUS_DISCHARGE_P2.c ****     return maskedStatus >> VBUS_DISCHARGE_P2_SHIFT;
 241:.\Generated_Source\PSoC4/VBUS_DISCHARGE_P2.c **** }
 456              		.loc 1 241 0
 457              		@ sp needed
 238:.\Generated_Source\PSoC4/VBUS_DISCHARGE_P2.c **** 	uint8 maskedStatus = (uint8)(VBUS_DISCHARGE_P2_INTSTAT & VBUS_DISCHARGE_P2_MASK);
 458              		.loc 1 238 0
 459 0004 1068     		ldr	r0, [r2]
 460 0006 1840     		and	r0, r3
 461              	.LVL8:
 239:.\Generated_Source\PSoC4/VBUS_DISCHARGE_P2.c **** 	VBUS_DISCHARGE_P2_INTSTAT = maskedStatus;
 462              		.loc 1 239 0
 463 0008 1060     		str	r0, [r2]
 240:.\Generated_Source\PSoC4/VBUS_DISCHARGE_P2.c **** }
 464              		.loc 1 240 0
 465 000a C008     		lsr	r0, r0, #3
 466              	.LVL9:
 467 000c C0B2     		uxtb	r0, r0
 468              		.loc 1 241 0
 469 000e 7047     		bx	lr
 470              	.L18:
 471              		.align	2
 472              	.L17:
 473 0010 10040440 		.word	1074005008
 474              		.cfi_endproc
 475              	.LFE5:
 476              		.size	VBUS_DISCHARGE_P2_ClearInterrupt, .-VBUS_DISCHARGE_P2_ClearInterrupt
 477              		.text
 478              	.Letext0:
 479              		.file 2 ".\\Generated_Source\\PSoC4\\cytypes.h"
 480              		.section	.debug_info,"",%progbits
 481              	.Ldebug_info0:
ARM GAS  C:\Users\victo\AppData\Local\Temp\ccK3mQ7G.s 			page 29


 482 0000 97010000 		.4byte	0x197
 483 0004 0400     		.2byte	0x4
 484 0006 00000000 		.4byte	.Ldebug_abbrev0
 485 000a 04       		.byte	0x4
 486 000b 01       		.uleb128 0x1
 487 000c 8F010000 		.4byte	.LASF27
 488 0010 01       		.byte	0x1
 489 0011 C8000000 		.4byte	.LASF28
 490 0015 21010000 		.4byte	.LASF29
 491 0019 00000000 		.4byte	.Ldebug_ranges0+0
 492 001d 00000000 		.4byte	0
 493 0021 00000000 		.4byte	.Ldebug_line0
 494 0025 02       		.uleb128 0x2
 495 0026 01       		.byte	0x1
 496 0027 06       		.byte	0x6
 497 0028 89020000 		.4byte	.LASF0
 498 002c 02       		.uleb128 0x2
 499 002d 01       		.byte	0x1
 500 002e 08       		.byte	0x8
 501 002f 51000000 		.4byte	.LASF1
 502 0033 02       		.uleb128 0x2
 503 0034 02       		.byte	0x2
 504 0035 05       		.byte	0x5
 505 0036 70020000 		.4byte	.LASF2
 506 003a 02       		.uleb128 0x2
 507 003b 02       		.byte	0x2
 508 003c 07       		.byte	0x7
 509 003d 77000000 		.4byte	.LASF3
 510 0041 02       		.uleb128 0x2
 511 0042 04       		.byte	0x4
 512 0043 05       		.byte	0x5
 513 0044 80020000 		.4byte	.LASF4
 514 0048 02       		.uleb128 0x2
 515 0049 04       		.byte	0x4
 516 004a 07       		.byte	0x7
 517 004b 65000000 		.4byte	.LASF5
 518 004f 02       		.uleb128 0x2
 519 0050 08       		.byte	0x8
 520 0051 05       		.byte	0x5
 521 0052 50020000 		.4byte	.LASF6
 522 0056 02       		.uleb128 0x2
 523 0057 08       		.byte	0x8
 524 0058 07       		.byte	0x7
 525 0059 78010000 		.4byte	.LASF7
 526 005d 03       		.uleb128 0x3
 527 005e 04       		.byte	0x4
 528 005f 05       		.byte	0x5
 529 0060 696E7400 		.ascii	"int\000"
 530 0064 02       		.uleb128 0x2
 531 0065 04       		.byte	0x4
 532 0066 07       		.byte	0x7
 533 0067 14010000 		.4byte	.LASF8
 534 006b 04       		.uleb128 0x4
 535 006c 7A020000 		.4byte	.LASF9
 536 0070 02       		.byte	0x2
 537 0071 9801     		.2byte	0x198
 538 0073 2C000000 		.4byte	0x2c
ARM GAS  C:\Users\victo\AppData\Local\Temp\ccK3mQ7G.s 			page 30


 539 0077 04       		.uleb128 0x4
 540 0078 F5000000 		.4byte	.LASF10
 541 007c 02       		.byte	0x2
 542 007d 9901     		.2byte	0x199
 543 007f 3A000000 		.4byte	0x3a
 544 0083 04       		.uleb128 0x4
 545 0084 05010000 		.4byte	.LASF11
 546 0088 02       		.byte	0x2
 547 0089 9A01     		.2byte	0x19a
 548 008b 48000000 		.4byte	0x48
 549 008f 02       		.uleb128 0x2
 550 0090 04       		.byte	0x4
 551 0091 04       		.byte	0x4
 552 0092 4B000000 		.4byte	.LASF12
 553 0096 02       		.uleb128 0x2
 554 0097 08       		.byte	0x8
 555 0098 04       		.byte	0x4
 556 0099 A2000000 		.4byte	.LASF13
 557 009d 02       		.uleb128 0x2
 558 009e 01       		.byte	0x1
 559 009f 08       		.byte	0x8
 560 00a0 6B020000 		.4byte	.LASF14
 561 00a4 04       		.uleb128 0x4
 562 00a5 00000000 		.4byte	.LASF15
 563 00a9 02       		.byte	0x2
 564 00aa 4402     		.2byte	0x244
 565 00ac B0000000 		.4byte	0xb0
 566 00b0 05       		.uleb128 0x5
 567 00b1 83000000 		.4byte	0x83
 568 00b5 06       		.uleb128 0x6
 569 00b6 A9000000 		.4byte	.LASF16
 570 00ba 01       		.byte	0x1
 571 00bb 48       		.byte	0x48
 572 00bc 00000000 		.4byte	.LFB0
 573 00c0 18000000 		.4byte	.LFE0-.LFB0
 574 00c4 01       		.uleb128 0x1
 575 00c5 9C       		.byte	0x9c
 576 00c6 DA000000 		.4byte	0xda
 577 00ca 07       		.uleb128 0x7
 578 00cb 4B020000 		.4byte	.LASF18
 579 00cf 01       		.byte	0x1
 580 00d0 48       		.byte	0x48
 581 00d1 6B000000 		.4byte	0x6b
 582 00d5 00000000 		.4byte	.LLST0
 583 00d9 00       		.byte	0
 584 00da 06       		.uleb128 0x6
 585 00db 8A000000 		.4byte	.LASF17
 586 00df 01       		.byte	0x1
 587 00e0 6F       		.byte	0x6f
 588 00e1 00000000 		.4byte	.LFB1
 589 00e5 18000000 		.4byte	.LFE1-.LFB1
 590 00e9 01       		.uleb128 0x1
 591 00ea 9C       		.byte	0x9c
 592 00eb 0A010000 		.4byte	0x10a
 593 00ef 07       		.uleb128 0x7
 594 00f0 06000000 		.4byte	.LASF19
 595 00f4 01       		.byte	0x1
ARM GAS  C:\Users\victo\AppData\Local\Temp\ccK3mQ7G.s 			page 31


 596 00f5 6F       		.byte	0x6f
 597 00f6 6B000000 		.4byte	0x6b
 598 00fa 21000000 		.4byte	.LLST1
 599 00fe 08       		.uleb128 0x8
 600 00ff 5F000000 		.4byte	.LASF30
 601 0103 01       		.byte	0x1
 602 0104 71       		.byte	0x71
 603 0105 6B000000 		.4byte	0x6b
 604 0109 00       		.byte	0
 605 010a 09       		.uleb128 0x9
 606 010b 95020000 		.4byte	.LASF20
 607 010f 01       		.byte	0x1
 608 0110 88       		.byte	0x88
 609 0111 6B000000 		.4byte	0x6b
 610 0115 00000000 		.4byte	.LFB2
 611 0119 10000000 		.4byte	.LFE2-.LFB2
 612 011d 01       		.uleb128 0x1
 613 011e 9C       		.byte	0x9c
 614 011f 09       		.uleb128 0x9
 615 0120 2D000000 		.4byte	.LASF21
 616 0124 01       		.byte	0x1
 617 0125 A4       		.byte	0xa4
 618 0126 6B000000 		.4byte	0x6b
 619 012a 00000000 		.4byte	.LFB3
 620 012e 10000000 		.4byte	.LFE3-.LFB3
 621 0132 01       		.uleb128 0x1
 622 0133 9C       		.byte	0x9c
 623 0134 06       		.uleb128 0x6
 624 0135 AC020000 		.4byte	.LASF22
 625 0139 01       		.byte	0x1
 626 013a CF       		.byte	0xcf
 627 013b 00000000 		.4byte	.LFB4
 628 013f 14000000 		.4byte	.LFE4-.LFB4
 629 0143 01       		.uleb128 0x1
 630 0144 9C       		.byte	0x9c
 631 0145 75010000 		.4byte	0x175
 632 0149 07       		.uleb128 0x7
 633 014a FC000000 		.4byte	.LASF23
 634 014e 01       		.byte	0x1
 635 014f CF       		.byte	0xcf
 636 0150 77000000 		.4byte	0x77
 637 0154 42000000 		.4byte	.LLST2
 638 0158 0A       		.uleb128 0xa
 639 0159 4B020000 		.4byte	.LASF18
 640 015d 01       		.byte	0x1
 641 015e CF       		.byte	0xcf
 642 015f 77000000 		.4byte	0x77
 643 0163 01       		.uleb128 0x1
 644 0164 51       		.byte	0x51
 645 0165 0B       		.uleb128 0xb
 646 0166 0C010000 		.4byte	.LASF25
 647 016a 01       		.byte	0x1
 648 016b D1       		.byte	0xd1
 649 016c 83000000 		.4byte	0x83
 650 0170 63000000 		.4byte	.LLST3
 651 0174 00       		.byte	0
 652 0175 0C       		.uleb128 0xc
ARM GAS  C:\Users\victo\AppData\Local\Temp\ccK3mQ7G.s 			page 32


 653 0176 0C000000 		.4byte	.LASF24
 654 017a 01       		.byte	0x1
 655 017b EC       		.byte	0xec
 656 017c 6B000000 		.4byte	0x6b
 657 0180 00000000 		.4byte	.LFB5
 658 0184 14000000 		.4byte	.LFE5-.LFB5
 659 0188 01       		.uleb128 0x1
 660 0189 9C       		.byte	0x9c
 661 018a 0B       		.uleb128 0xb
 662 018b 5E020000 		.4byte	.LASF26
 663 018f 01       		.byte	0x1
 664 0190 EE       		.byte	0xee
 665 0191 6B000000 		.4byte	0x6b
 666 0195 80000000 		.4byte	.LLST4
 667 0199 00       		.byte	0
 668 019a 00       		.byte	0
 669              		.section	.debug_abbrev,"",%progbits
 670              	.Ldebug_abbrev0:
 671 0000 01       		.uleb128 0x1
 672 0001 11       		.uleb128 0x11
 673 0002 01       		.byte	0x1
 674 0003 25       		.uleb128 0x25
 675 0004 0E       		.uleb128 0xe
 676 0005 13       		.uleb128 0x13
 677 0006 0B       		.uleb128 0xb
 678 0007 03       		.uleb128 0x3
 679 0008 0E       		.uleb128 0xe
 680 0009 1B       		.uleb128 0x1b
 681 000a 0E       		.uleb128 0xe
 682 000b 55       		.uleb128 0x55
 683 000c 17       		.uleb128 0x17
 684 000d 11       		.uleb128 0x11
 685 000e 01       		.uleb128 0x1
 686 000f 10       		.uleb128 0x10
 687 0010 17       		.uleb128 0x17
 688 0011 00       		.byte	0
 689 0012 00       		.byte	0
 690 0013 02       		.uleb128 0x2
 691 0014 24       		.uleb128 0x24
 692 0015 00       		.byte	0
 693 0016 0B       		.uleb128 0xb
 694 0017 0B       		.uleb128 0xb
 695 0018 3E       		.uleb128 0x3e
 696 0019 0B       		.uleb128 0xb
 697 001a 03       		.uleb128 0x3
 698 001b 0E       		.uleb128 0xe
 699 001c 00       		.byte	0
 700 001d 00       		.byte	0
 701 001e 03       		.uleb128 0x3
 702 001f 24       		.uleb128 0x24
 703 0020 00       		.byte	0
 704 0021 0B       		.uleb128 0xb
 705 0022 0B       		.uleb128 0xb
 706 0023 3E       		.uleb128 0x3e
 707 0024 0B       		.uleb128 0xb
 708 0025 03       		.uleb128 0x3
 709 0026 08       		.uleb128 0x8
ARM GAS  C:\Users\victo\AppData\Local\Temp\ccK3mQ7G.s 			page 33


 710 0027 00       		.byte	0
 711 0028 00       		.byte	0
 712 0029 04       		.uleb128 0x4
 713 002a 16       		.uleb128 0x16
 714 002b 00       		.byte	0
 715 002c 03       		.uleb128 0x3
 716 002d 0E       		.uleb128 0xe
 717 002e 3A       		.uleb128 0x3a
 718 002f 0B       		.uleb128 0xb
 719 0030 3B       		.uleb128 0x3b
 720 0031 05       		.uleb128 0x5
 721 0032 49       		.uleb128 0x49
 722 0033 13       		.uleb128 0x13
 723 0034 00       		.byte	0
 724 0035 00       		.byte	0
 725 0036 05       		.uleb128 0x5
 726 0037 35       		.uleb128 0x35
 727 0038 00       		.byte	0
 728 0039 49       		.uleb128 0x49
 729 003a 13       		.uleb128 0x13
 730 003b 00       		.byte	0
 731 003c 00       		.byte	0
 732 003d 06       		.uleb128 0x6
 733 003e 2E       		.uleb128 0x2e
 734 003f 01       		.byte	0x1
 735 0040 3F       		.uleb128 0x3f
 736 0041 19       		.uleb128 0x19
 737 0042 03       		.uleb128 0x3
 738 0043 0E       		.uleb128 0xe
 739 0044 3A       		.uleb128 0x3a
 740 0045 0B       		.uleb128 0xb
 741 0046 3B       		.uleb128 0x3b
 742 0047 0B       		.uleb128 0xb
 743 0048 27       		.uleb128 0x27
 744 0049 19       		.uleb128 0x19
 745 004a 11       		.uleb128 0x11
 746 004b 01       		.uleb128 0x1
 747 004c 12       		.uleb128 0x12
 748 004d 06       		.uleb128 0x6
 749 004e 40       		.uleb128 0x40
 750 004f 18       		.uleb128 0x18
 751 0050 9742     		.uleb128 0x2117
 752 0052 19       		.uleb128 0x19
 753 0053 01       		.uleb128 0x1
 754 0054 13       		.uleb128 0x13
 755 0055 00       		.byte	0
 756 0056 00       		.byte	0
 757 0057 07       		.uleb128 0x7
 758 0058 05       		.uleb128 0x5
 759 0059 00       		.byte	0
 760 005a 03       		.uleb128 0x3
 761 005b 0E       		.uleb128 0xe
 762 005c 3A       		.uleb128 0x3a
 763 005d 0B       		.uleb128 0xb
 764 005e 3B       		.uleb128 0x3b
 765 005f 0B       		.uleb128 0xb
 766 0060 49       		.uleb128 0x49
ARM GAS  C:\Users\victo\AppData\Local\Temp\ccK3mQ7G.s 			page 34


 767 0061 13       		.uleb128 0x13
 768 0062 02       		.uleb128 0x2
 769 0063 17       		.uleb128 0x17
 770 0064 00       		.byte	0
 771 0065 00       		.byte	0
 772 0066 08       		.uleb128 0x8
 773 0067 34       		.uleb128 0x34
 774 0068 00       		.byte	0
 775 0069 03       		.uleb128 0x3
 776 006a 0E       		.uleb128 0xe
 777 006b 3A       		.uleb128 0x3a
 778 006c 0B       		.uleb128 0xb
 779 006d 3B       		.uleb128 0x3b
 780 006e 0B       		.uleb128 0xb
 781 006f 49       		.uleb128 0x49
 782 0070 13       		.uleb128 0x13
 783 0071 00       		.byte	0
 784 0072 00       		.byte	0
 785 0073 09       		.uleb128 0x9
 786 0074 2E       		.uleb128 0x2e
 787 0075 00       		.byte	0
 788 0076 3F       		.uleb128 0x3f
 789 0077 19       		.uleb128 0x19
 790 0078 03       		.uleb128 0x3
 791 0079 0E       		.uleb128 0xe
 792 007a 3A       		.uleb128 0x3a
 793 007b 0B       		.uleb128 0xb
 794 007c 3B       		.uleb128 0x3b
 795 007d 0B       		.uleb128 0xb
 796 007e 27       		.uleb128 0x27
 797 007f 19       		.uleb128 0x19
 798 0080 49       		.uleb128 0x49
 799 0081 13       		.uleb128 0x13
 800 0082 11       		.uleb128 0x11
 801 0083 01       		.uleb128 0x1
 802 0084 12       		.uleb128 0x12
 803 0085 06       		.uleb128 0x6
 804 0086 40       		.uleb128 0x40
 805 0087 18       		.uleb128 0x18
 806 0088 9742     		.uleb128 0x2117
 807 008a 19       		.uleb128 0x19
 808 008b 00       		.byte	0
 809 008c 00       		.byte	0
 810 008d 0A       		.uleb128 0xa
 811 008e 05       		.uleb128 0x5
 812 008f 00       		.byte	0
 813 0090 03       		.uleb128 0x3
 814 0091 0E       		.uleb128 0xe
 815 0092 3A       		.uleb128 0x3a
 816 0093 0B       		.uleb128 0xb
 817 0094 3B       		.uleb128 0x3b
 818 0095 0B       		.uleb128 0xb
 819 0096 49       		.uleb128 0x49
 820 0097 13       		.uleb128 0x13
 821 0098 02       		.uleb128 0x2
 822 0099 18       		.uleb128 0x18
 823 009a 00       		.byte	0
ARM GAS  C:\Users\victo\AppData\Local\Temp\ccK3mQ7G.s 			page 35


 824 009b 00       		.byte	0
 825 009c 0B       		.uleb128 0xb
 826 009d 34       		.uleb128 0x34
 827 009e 00       		.byte	0
 828 009f 03       		.uleb128 0x3
 829 00a0 0E       		.uleb128 0xe
 830 00a1 3A       		.uleb128 0x3a
 831 00a2 0B       		.uleb128 0xb
 832 00a3 3B       		.uleb128 0x3b
 833 00a4 0B       		.uleb128 0xb
 834 00a5 49       		.uleb128 0x49
 835 00a6 13       		.uleb128 0x13
 836 00a7 02       		.uleb128 0x2
 837 00a8 17       		.uleb128 0x17
 838 00a9 00       		.byte	0
 839 00aa 00       		.byte	0
 840 00ab 0C       		.uleb128 0xc
 841 00ac 2E       		.uleb128 0x2e
 842 00ad 01       		.byte	0x1
 843 00ae 3F       		.uleb128 0x3f
 844 00af 19       		.uleb128 0x19
 845 00b0 03       		.uleb128 0x3
 846 00b1 0E       		.uleb128 0xe
 847 00b2 3A       		.uleb128 0x3a
 848 00b3 0B       		.uleb128 0xb
 849 00b4 3B       		.uleb128 0x3b
 850 00b5 0B       		.uleb128 0xb
 851 00b6 27       		.uleb128 0x27
 852 00b7 19       		.uleb128 0x19
 853 00b8 49       		.uleb128 0x49
 854 00b9 13       		.uleb128 0x13
 855 00ba 11       		.uleb128 0x11
 856 00bb 01       		.uleb128 0x1
 857 00bc 12       		.uleb128 0x12
 858 00bd 06       		.uleb128 0x6
 859 00be 40       		.uleb128 0x40
 860 00bf 18       		.uleb128 0x18
 861 00c0 9742     		.uleb128 0x2117
 862 00c2 19       		.uleb128 0x19
 863 00c3 00       		.byte	0
 864 00c4 00       		.byte	0
 865 00c5 00       		.byte	0
 866              		.section	.debug_loc,"",%progbits
 867              	.Ldebug_loc0:
 868              	.LLST0:
 869 0000 00000000 		.4byte	.LVL0
 870 0004 08000000 		.4byte	.LVL1
 871 0008 0100     		.2byte	0x1
 872 000a 50       		.byte	0x50
 873 000b 08000000 		.4byte	.LVL1
 874 000f 18000000 		.4byte	.LFE0
 875 0013 0400     		.2byte	0x4
 876 0015 F3       		.byte	0xf3
 877 0016 01       		.uleb128 0x1
 878 0017 50       		.byte	0x50
 879 0018 9F       		.byte	0x9f
 880 0019 00000000 		.4byte	0
ARM GAS  C:\Users\victo\AppData\Local\Temp\ccK3mQ7G.s 			page 36


 881 001d 00000000 		.4byte	0
 882              	.LLST1:
 883 0021 00000000 		.4byte	.LVL2
 884 0025 06000000 		.4byte	.LVL3
 885 0029 0100     		.2byte	0x1
 886 002b 50       		.byte	0x50
 887 002c 06000000 		.4byte	.LVL3
 888 0030 18000000 		.4byte	.LFE1
 889 0034 0400     		.2byte	0x4
 890 0036 F3       		.byte	0xf3
 891 0037 01       		.uleb128 0x1
 892 0038 50       		.byte	0x50
 893 0039 9F       		.byte	0x9f
 894 003a 00000000 		.4byte	0
 895 003e 00000000 		.4byte	0
 896              	.LLST2:
 897 0042 00000000 		.4byte	.LVL4
 898 0046 08000000 		.4byte	.LVL7
 899 004a 0100     		.2byte	0x1
 900 004c 50       		.byte	0x50
 901 004d 08000000 		.4byte	.LVL7
 902 0051 14000000 		.4byte	.LFE4
 903 0055 0400     		.2byte	0x4
 904 0057 F3       		.byte	0xf3
 905 0058 01       		.uleb128 0x1
 906 0059 50       		.byte	0x50
 907 005a 9F       		.byte	0x9f
 908 005b 00000000 		.4byte	0
 909 005f 00000000 		.4byte	0
 910              	.LLST3:
 911 0063 04000000 		.4byte	.LVL5
 912 0067 06000000 		.4byte	.LVL6
 913 006b 0B00     		.2byte	0xb
 914 006d 70       		.byte	0x70
 915 006e 00       		.sleb128 0
 916 006f 0A       		.byte	0xa
 917 0070 FFFF     		.2byte	0xffff
 918 0072 1A       		.byte	0x1a
 919 0073 20       		.byte	0x20
 920 0074 73       		.byte	0x73
 921 0075 00       		.sleb128 0
 922 0076 1A       		.byte	0x1a
 923 0077 9F       		.byte	0x9f
 924 0078 00000000 		.4byte	0
 925 007c 00000000 		.4byte	0
 926              	.LLST4:
 927 0080 08000000 		.4byte	.LVL8
 928 0084 0C000000 		.4byte	.LVL9
 929 0088 0100     		.2byte	0x1
 930 008a 50       		.byte	0x50
 931 008b 0C000000 		.4byte	.LVL9
 932 008f 14000000 		.4byte	.LFE5
 933 0093 0400     		.2byte	0x4
 934 0095 72       		.byte	0x72
 935 0096 00       		.sleb128 0
 936 0097 06       		.byte	0x6
 937 0098 9F       		.byte	0x9f
ARM GAS  C:\Users\victo\AppData\Local\Temp\ccK3mQ7G.s 			page 37


 938 0099 00000000 		.4byte	0
 939 009d 00000000 		.4byte	0
 940              		.section	.debug_aranges,"",%progbits
 941 0000 44000000 		.4byte	0x44
 942 0004 0200     		.2byte	0x2
 943 0006 00000000 		.4byte	.Ldebug_info0
 944 000a 04       		.byte	0x4
 945 000b 00       		.byte	0
 946 000c 0000     		.2byte	0
 947 000e 0000     		.2byte	0
 948 0010 00000000 		.4byte	.LFB0
 949 0014 18000000 		.4byte	.LFE0-.LFB0
 950 0018 00000000 		.4byte	.LFB1
 951 001c 18000000 		.4byte	.LFE1-.LFB1
 952 0020 00000000 		.4byte	.LFB2
 953 0024 10000000 		.4byte	.LFE2-.LFB2
 954 0028 00000000 		.4byte	.LFB3
 955 002c 10000000 		.4byte	.LFE3-.LFB3
 956 0030 00000000 		.4byte	.LFB4
 957 0034 14000000 		.4byte	.LFE4-.LFB4
 958 0038 00000000 		.4byte	.LFB5
 959 003c 14000000 		.4byte	.LFE5-.LFB5
 960 0040 00000000 		.4byte	0
 961 0044 00000000 		.4byte	0
 962              		.section	.debug_ranges,"",%progbits
 963              	.Ldebug_ranges0:
 964 0000 00000000 		.4byte	.LFB0
 965 0004 18000000 		.4byte	.LFE0
 966 0008 00000000 		.4byte	.LFB1
 967 000c 18000000 		.4byte	.LFE1
 968 0010 00000000 		.4byte	.LFB2
 969 0014 10000000 		.4byte	.LFE2
 970 0018 00000000 		.4byte	.LFB3
 971 001c 10000000 		.4byte	.LFE3
 972 0020 00000000 		.4byte	.LFB4
 973 0024 14000000 		.4byte	.LFE4
 974 0028 00000000 		.4byte	.LFB5
 975 002c 14000000 		.4byte	.LFE5
 976 0030 00000000 		.4byte	0
 977 0034 00000000 		.4byte	0
 978              		.section	.debug_line,"",%progbits
 979              	.Ldebug_line0:
 980 0000 D3000000 		.section	.debug_str,"MS",%progbits,1
 980      02005000 
 980      00000201 
 980      FB0E0D00 
 980      01010101 
 981              	.LASF15:
 982 0000 72656733 		.ascii	"reg32\000"
 982      3200
 983              	.LASF19:
 984 0006 76616C75 		.ascii	"value\000"
 984      6500
 985              	.LASF24:
 986 000c 56425553 		.ascii	"VBUS_DISCHARGE_P2_ClearInterrupt\000"
 986      5F444953 
 986      43484152 
ARM GAS  C:\Users\victo\AppData\Local\Temp\ccK3mQ7G.s 			page 38


 986      47455F50 
 986      325F436C 
 987              	.LASF21:
 988 002d 56425553 		.ascii	"VBUS_DISCHARGE_P2_ReadDataReg\000"
 988      5F444953 
 988      43484152 
 988      47455F50 
 988      325F5265 
 989              	.LASF12:
 990 004b 666C6F61 		.ascii	"float\000"
 990      7400
 991              	.LASF1:
 992 0051 756E7369 		.ascii	"unsigned char\000"
 992      676E6564 
 992      20636861 
 992      7200
 993              	.LASF30:
 994 005f 64725661 		.ascii	"drVal\000"
 994      6C00
 995              	.LASF5:
 996 0065 6C6F6E67 		.ascii	"long unsigned int\000"
 996      20756E73 
 996      69676E65 
 996      6420696E 
 996      7400
 997              	.LASF3:
 998 0077 73686F72 		.ascii	"short unsigned int\000"
 998      7420756E 
 998      7369676E 
 998      65642069 
 998      6E7400
 999              	.LASF17:
 1000 008a 56425553 		.ascii	"VBUS_DISCHARGE_P2_Write\000"
 1000      5F444953 
 1000      43484152 
 1000      47455F50 
 1000      325F5772 
 1001              	.LASF13:
 1002 00a2 646F7562 		.ascii	"double\000"
 1002      6C6500
 1003              	.LASF16:
 1004 00a9 56425553 		.ascii	"VBUS_DISCHARGE_P2_SetDriveMode\000"
 1004      5F444953 
 1004      43484152 
 1004      47455F50 
 1004      325F5365 
 1005              	.LASF28:
 1006 00c8 2E5C4765 		.ascii	".\\Generated_Source\\PSoC4\\VBUS_DISCHARGE_P2.c\000"
 1006      6E657261 
 1006      7465645F 
 1006      536F7572 
 1006      63655C50 
 1007              	.LASF10:
 1008 00f5 75696E74 		.ascii	"uint16\000"
 1008      313600
 1009              	.LASF23:
 1010 00fc 706F7369 		.ascii	"position\000"
ARM GAS  C:\Users\victo\AppData\Local\Temp\ccK3mQ7G.s 			page 39


 1010      74696F6E 
 1010      00
 1011              	.LASF11:
 1012 0105 75696E74 		.ascii	"uint32\000"
 1012      333200
 1013              	.LASF25:
 1014 010c 696E7472 		.ascii	"intrCfg\000"
 1014      43666700 
 1015              	.LASF8:
 1016 0114 756E7369 		.ascii	"unsigned int\000"
 1016      676E6564 
 1016      20696E74 
 1016      00
 1017              	.LASF29:
 1018 0121 433A5C76 		.ascii	"C:\\victor0617\\github_code\\CY4541\\CYPD4225-40LQX"
 1018      6963746F 
 1018      72303631 
 1018      375C6769 
 1018      74687562 
 1019 0150 495F3038 		.ascii	"I_0805\\CYPD4225-40LQXI_notebook01.cydsn\000"
 1019      30355C43 
 1019      59504434 
 1019      3232352D 
 1019      34304C51 
 1020              	.LASF7:
 1021 0178 6C6F6E67 		.ascii	"long long unsigned int\000"
 1021      206C6F6E 
 1021      6720756E 
 1021      7369676E 
 1021      65642069 
 1022              	.LASF27:
 1023 018f 474E5520 		.ascii	"GNU C 4.9.3 20150303 (release) [ARM/embedded-4_9-br"
 1023      4320342E 
 1023      392E3320 
 1023      32303135 
 1023      30333033 
 1024 01c2 616E6368 		.ascii	"anch revision 221220] -mcpu=cortex-m0 -mthumb -g -O"
 1024      20726576 
 1024      6973696F 
 1024      6E203232 
 1024      31323230 
 1025 01f5 73202D66 		.ascii	"s -ffunction-sections -finline-functions -flto -ffa"
 1025      66756E63 
 1025      74696F6E 
 1025      2D736563 
 1025      74696F6E 
 1026 0228 742D6C74 		.ascii	"t-lto-objects -fno-strict-aliasing\000"
 1026      6F2D6F62 
 1026      6A656374 
 1026      73202D66 
 1026      6E6F2D73 
 1027              	.LASF18:
 1028 024b 6D6F6465 		.ascii	"mode\000"
 1028      00
 1029              	.LASF6:
 1030 0250 6C6F6E67 		.ascii	"long long int\000"
 1030      206C6F6E 
ARM GAS  C:\Users\victo\AppData\Local\Temp\ccK3mQ7G.s 			page 40


 1030      6720696E 
 1030      7400
 1031              	.LASF26:
 1032 025e 6D61736B 		.ascii	"maskedStatus\000"
 1032      65645374 
 1032      61747573 
 1032      00
 1033              	.LASF14:
 1034 026b 63686172 		.ascii	"char\000"
 1034      00
 1035              	.LASF2:
 1036 0270 73686F72 		.ascii	"short int\000"
 1036      7420696E 
 1036      7400
 1037              	.LASF9:
 1038 027a 75696E74 		.ascii	"uint8\000"
 1038      3800
 1039              	.LASF4:
 1040 0280 6C6F6E67 		.ascii	"long int\000"
 1040      20696E74 
 1040      00
 1041              	.LASF0:
 1042 0289 7369676E 		.ascii	"signed char\000"
 1042      65642063 
 1042      68617200 
 1043              	.LASF20:
 1044 0295 56425553 		.ascii	"VBUS_DISCHARGE_P2_Read\000"
 1044      5F444953 
 1044      43484152 
 1044      47455F50 
 1044      325F5265 
 1045              	.LASF22:
 1046 02ac 56425553 		.ascii	"VBUS_DISCHARGE_P2_SetInterruptMode\000"
 1046      5F444953 
 1046      43484152 
 1046      47455F50 
 1046      325F5365 
 1047              		.comm	__gnu_lto_v1,1,1
 1048              		.ident	"GCC: (GNU Tools for ARM Embedded Processors) 4.9.3 20150303 (release) [ARM/embedded-4_9-br
