ARM GAS  C:\Users\victo\AppData\Local\Temp\ccOhe5DL.s 			page 1


   1              		.cpu cortex-m0
   2              		.fpu softvfp
   3              		.eabi_attribute 20, 1
   4              		.eabi_attribute 21, 1
   5              		.eabi_attribute 23, 3
   6              		.eabi_attribute 24, 1
   7              		.eabi_attribute 25, 1
   8              		.eabi_attribute 26, 1
   9              		.eabi_attribute 30, 4
  10              		.eabi_attribute 34, 0
  11              		.eabi_attribute 18, 4
  12              		.code	16
  13              		.file	"VBUS_OVP_TRIP_P1.c"
  14              		.text
  15              	.Ltext0:
  16              		.section	.gnu.lto_.profile.91bc82bc,"",%progbits
  17 0000 789C6366 		.ascii	"x\234cf```a\200\000F\006uE\000\000\343\000Q"
  17      60606061 
  17      80004606 
  17      75450000 
  17      E30051
  18              		.text
  19              		.section	.gnu.lto_.jmpfuncs.91bc82bc,"",%progbits
  20 0000 789C6366 		.ascii	"x\234cf\300\016d\2404\033\003##c=#\210`b``f``abdd\256"
  20      C00E64A0 
  20      341B0323 
  20      23633D23 
  20      88606260 
  21 001d AF6705CA 		.ascii	"\257g\005\312\001\000 \267\002>"
  21      010020B7 
  21      023E
  22              		.text
  23              		.section	.gnu.lto_.inline.91bc82bc,"",%progbits
  24 0000 789C6366 		.ascii	"x\234cf\300\016f@i6\006\006\016vFF\006F\006\006f\216"
  24      C00E6640 
  24      69360606 
  24      0E764646 
  24      06460606 
  25 0016 03760C6C 		.ascii	"\003v\014l\013\344\231\030\230.\360\263\200$\031\031"
  25      0BE49918 
  25      982EF0B3 
  25      80241919 
  26 0026 3839D0E5 		.ascii	"89\320\345X\026\310\203\345\230\030\330X\031\031\230"
  26      5816C883 
  26      E59818D8 
  26      58191998 
  27 0036 D83EE841 		.ascii	"\330>\350A\304\201\200\031S\210\005d\002\023\310\004"
  27      C4818019 
  27      53880564 
  27      0213C804 
  28 0046 A0390C2C 		.ascii	"\2409\014,\2506\000\011\036\220\"V\006v6\240>\270$\010"
  28      A8360009 
  28      1E902256 
  28      067636A0 
  28      3EB82408 
  29 005a 0000BE90 		.ascii	"\000\000\276\220\017\254"
  29      0FAC
ARM GAS  C:\Users\victo\AppData\Local\Temp\ccOhe5DL.s 			page 2


  30              		.text
  31              		.section	.gnu.lto_.pureconst.91bc82bc,"",%progbits
  32 0000 789C6366 		.ascii	"x\234cf``\340e\200\0006\006)F)&)f)\026)V)\000\005\261"
  32      6060E065 
  32      80003606 
  32      29462926 
  32      29662916 
  33 001a 00C2     		.ascii	"\000\302"
  34              		.text
  35              		.section	.gnu.lto_VBUS_OVP_TRIP_P1_SetDriveMode.91bc82bc,"",%progbits
  36 0000 789C7D51 		.ascii	"x\234}Q\317+DQ\030\375\316}\317\033\222\037Y\316\302"
  36      CF2B4451 
  36      18FDCE7D 
  36      CF1B921F 
  36      59CEC2
  37 0013 6E4889C4 		.ascii	"nH\211\304\037 \026\2622\031\254\246\206xe\303\224X"
  37      1F2016B2 
  37      3219ACA6 
  37      867865C3 
  37      9458
  38 0025 BB336621 		.ascii	"\2733f!\253!\211d%\3711~\024\013\354^\022\033\021\013"
  38      AB218964 
  38      25F9317E 
  38      140BEC5E 
  38      121B110B 
  39 0039 34313623 		.ascii	"416#\354h\204Y\350\371>3;\345\325\375\356wO\347\234"
  39      EC688459 
  39      E8F93E33 
  39      3BE5D5FD 
  39      EE774FE7 
  40 004e 7BBEFB0C 		.ascii	"{\276\373\014\372\373yym\202\250\221w\030\004\025?'"
  40      FAFB7979 
  40      6D82A891 
  40      77180415 
  40      3F27
  41 0060 8A142A40 		.ascii	"\212\024*@\032\002\215+\214\343E\275)\304\235\304|q"
  41      1A028D2B 
  41      8CE345BD 
  41      29C49DC4 
  41      7C71
  42 0072 F58AD6FA 		.ascii	"\365\212\326\3725\2727\250g{\263\212(\243r>XE5s\236"
  42      35BA37A8 
  42      677BB38A 
  42      28A3723E 
  42      58453573 
  43 0087 B22FAB25 		.ascii	"\262/\253%F=\210\373\357\351\233+\345[\326:\352\244"
  43      463D88FB 
  43      EFE99B2B 
  43      E55BD63A 
  43      EAA4
  44 0099 B67533B2 		.ascii	"\266u3\262l\272\006\203\025\250\365\242\306K\014\020"
  44      6CBA0683 
  44      15A8F5A2 
  44      C64B0C10 
  45 00a9 D6E113F2 		.ascii	"\326\341\023\362[\354\373\246\330\212\261yy\316\023"
  45      5BECFBA6 
  45      D88AB179 
ARM GAS  C:\Users\victo\AppData\Local\Temp\ccOhe5DL.s 			page 3


  45      79CE13
  46 00b8 1BB03817 		.ascii	"\033\2608\027\355T8\332u3g\227\317U(R\254Q\206\024\023"
  46      ED5438DA 
  46      75336797 
  46      CF552852 
  46      AC518614 
  47 00cd A22C90D6 		.ascii	"\242,\220\326\222\342\221B\224\346%\301\037\371\300"
  47      92E29142 
  47      94E625C1 
  47      1FF9C0
  48 00dc BB91C4D1 		.ascii	"\273\221\304\321\307\324\365\202%n\237J\246\270?\276"
  48      C7D4F582 
  48      256E9F4A 
  48      A6B83FBE 
  49 00ec 3F287D56 		.ascii	"?(}VYeL\306\342\332\224\273\037\322\027\227\205\277"
  49      59654CC6 
  49      E2DA94BB 
  49      1FD21797 
  49      85BF
  50 00fe 10C9F130 		.ascii	"\020\311\36103\347\024-a1\022\343\310&\022\360b\023"
  50      33E7142D 
  50      613112E3 
  50      C82612F0 
  50      6213
  51 0110 FC4ED8C2 		.ascii	"\374N\330\302\022(\211\211\257\274\235\221sL\354\336"
  51      12288989 
  51      AFBC9D91 
  51      734CECDE 
  52 0120 568A5A9D 		.ascii	"V\212Z\235\272\256[F\330fr\022\321\224'\307*\370T\246"
  52      BAAE5B46 
  52      D8667212 
  52      D19427C7 
  52      2AF854A6 
  53 0134 A8EEF22A 		.ascii	"\250\356\362*\201\340\023\312\304{\036\362\374zY\014"
  53      81E013CA 
  53      C47B1EF2 
  53      FC7A590C 
  54 0144 1DCD40A0 		.ascii	"\035\315@\240\377R\354p\012\226P\012\021g\377D\011]"
  54      FF52EC70 
  54      0A96500A 
  54      1167FF44 
  54      095D
  55 0156 7E409A1F 		.ascii	"~@\232\037\223'\346\371k\353\202m\366\260=\3227j\017"
  55      9327E6F9 
  55      6BEB826D 
  55      F6B03DD2 
  55      376A0F
  56 0169 8402E1B1 		.ascii	"\204\002\341\261\221~;\350\017\204[\233\202=-\335\201"
  56      917E3BE8 
  56      0F845B9B 
  56      823D2DDD 
  56      81
  57 017a 50478F3F 		.ascii	"PG\217?\324\325\331\356\017\371\033\352\372\311\034"
  57      D4D5D9EE 
  57      0FF91BEA 
  57      FAC91C
  58 0189 0A0FD83F 		.ascii	"\012\017\330?<\304\243\035"
ARM GAS  C:\Users\victo\AppData\Local\Temp\ccOhe5DL.s 			page 4


  58      3CC4A31D 
  59              		.text
  60              		.section	.gnu.lto_VBUS_OVP_TRIP_P1_Write.91bc82bc,"",%progbits
  61 0000 789C6552 		.ascii	"x\234eRMH\024a\030\376\336\357\233\331\031\333\016\321"
  61      4D481461 
  61      18FEDEEF 
  61      9BD919DB 
  61      0ED1
  62 0012 4996A083 		.ascii	"I\226\240\203\210\004b\004u\251K\344A:\265\264\265\247"
  62      88046204 
  62      75A94BE4 
  62      413AB5B4 
  62      B5A7
  63 0024 A565D139 		.ascii	"\245e\3219\004\222\260\244W\277\265\311-/m!!\304\032"
  63      0492B0A4 
  63      57BFB5C9 
  63      2D2F6D21 
  63      21C41A
  64 0037 15D1CF96 		.ascii	"\025\321\317\226\232B\035\272\014\006u\250\024/\226"
  64      9A421DBA 
  64      0C0675A8 
  64      142F96
  65 0046 B26C2BAE 		.ascii	"\262l+\256\240\320AW\261\366`\353\363\316\020\2644\314"
  65      A0D04157 
  65      B1F660EB 
  65      F3CE10B4 
  65      34CC
  66 0058 F733CF3C 		.ascii	"\3673\317<\317\373=\3573\243\304\377W\004\343\252\024"
  66      CFFB3DEF 
  66      33A3C4FF 
  66      5704E3AA 
  66      14
  67 0069 E2345652 		.ascii	"\3424VR\202dnN\210\214-\211x#H\014J\032\244\015\271"
  67      82646E4E 
  67      888C2D89 
  67      7823480C 
  67      4A1AA40D 
  68 007e 2529E715 		.ascii	"%)\347\025\306\302mO\265\326\233\325\367\3157\233k\220"
  68      C6C26D4F 
  68      B5D69BD5 
  68      F7CD379B 
  68      6B90
  69 0090 6DCBA00C 		.ascii	"m\313\240\014=\2436P\266\013zT\251\343$\260\237Z\370"
  69      3DA33650 
  69      B60B7A54 
  69      A9E324B0 
  69      9F5AF8
  70 00a3 FAC76A7D 		.ascii	"\372\307j}\242\365\220\367yB\237\245\032j>'\005\005"
  70      A2F590F7 
  70      79429FA5 
  70      1A6A3E27 
  70      0505
  71 00b5 B547E858 		.ascii	"\265G\350XD\000\020\364\202Z\231\\\275_\330\225\352"
  71      440010F4 
  71      825A995C 
  71      BD5FD895 
  71      EA
ARM GAS  C:\Users\victo\AppData\Local\Temp\ccOhe5DL.s 			page 5


  72 00c6 942F5C79 		.ascii	"\224/\\y\274\372\320jy\004ayc\365cX\217i\267\\\257\037"
  72      BCFAD06A 
  72      79046179 
  72      63F56358 
  72      8F69B75C 
  73 00dc 65FDCB7F 		.ascii	"e\375\313\177\365\301\005\301\226\273\367-\034ra\354"
  73      F5C105C1 
  73      96BBF72D 
  73      1C7261EC 
  74 00ec 1015A825 		.ascii	"\020\025\250%0E\257(DX\030\231<\354\351z}f\347\356\255"
  74      3045AF28 
  74      44581899 
  74      3CECE97A 
  74      7D66E7EE 
  75 0101 33149638 		.ascii	"3\024\2268X*L\312\020\374\322$6\021b\300\342\311\366"
  75      582A4CCA 
  75      10FCD224 
  75      361162C0 
  75      E2C9F6
  76 0114 D1266609 		.ascii	"\321&f\011Q\301\340 \326\360\200U-\323\354\356\310\334"
  76      51C1E020 
  76      D6F08055 
  76      2DD3ECEE 
  76      C8DC
  77 0126 F80057FF 		.ascii	"\370\000W\377%9\225\354\355wK\007\327eM\032\332\315"
  77      253995EC 
  77      ED774B07 
  77      D7654D1A 
  77      DACD
  78 0138 6983FDFC 		.ascii	"i\203\375\374\250\314/\330>\344\333[\373Y\253\036\310"
  78      A8CC2FD8 
  78      3EE4DB5B 
  78      FB59AB1E 
  78      C8
  79 0149 D3838C8B 		.ascii	"\323\203\214\213\014LzM\021\232 \330\247I\312\223X\246"
  79      0C4C7A4D 
  79      119A20D8 
  79      A749CA93 
  79      58A6
  80 015b A1EFD9A2 		.ascii	"\241\357\331\242\014\012*\324\004r\343\367p\221\002"
  80      0C0A2AD4 
  80      0472E3F7 
  80      709102
  81 016a C400881A 		.ascii	"\304\000\210\032#o\277\214*.\251\366\020\332\024\344"
  81      236FBF8C 
  81      2A2EA9F6 
  81      10DA14E4 
  82 017a 8BE46BD8 		.ascii	"\213\344k\330+X,*\016/\216_\011T\270M\250>\345\327\247"
  82      2B582C2A 
  82      0E2F8E5F 
  82      0954B84D 
  82      A83EE5D7 
  83 018f 0D5F05D1 		.ascii	"\015_\005\321\033\210\032J[\340\2014_\376p\307o\200"
  83      1B881A4A 
  83      5BE08134 
  83      5FFE70C7 
  83      6F80
ARM GAS  C:\Users\victo\AppData\Local\Temp\ccOhe5DL.s 			page 6


  84 01a1 90EC7440 		.ascii	"\220\354t@\332\011\005\024\3337`5\036f\263\347R\266"
  84      DA090514 
  84      DB376035 
  84      1E66B3E7 
  84      52B6
  85 01b3 F43785A6 		.ascii	"\3647\205\246\000\232\275\267r\204\201\206\2163\236"
  85      009ABDB7 
  85      72848186 
  85      8E339E
  86 01c2 D9D8F30C 		.ascii	"\331\330\363\014z\206D\224(\343-u1\237?b\005\277\002"
  86      7A864494 
  86      28E32D75 
  86      319F3F62 
  86      05BF02
  87 01d5 E245D8ED 		.ascii	"\342E\330\355\035\211.\347\232\223N]wz\222\261\276\376"
  87      1D892EE7 
  87      9A934E5D 
  87      777A92B1 
  87      BEFE
  88 01e7 74B79388 		.ascii	"t\267\223\210\306\372:O&\342\347.\307\222\027\342\321"
  88      C6FA3A4F 
  88      26E2E72E 
  88      C79217E2 
  88      D1
  89 01f8 E4A58BE7 		.ascii	"\344\245\213\347\243\311\350\211\216na\016\244z\373"
  89      A3C9E889 
  89      8E6E610E 
  89      A47AFB
  90 0207 1DB3271D 		.ascii	"\035\263'\035O\365\356\00386\344}"
  90      4FF5EE03 
  90      3836E47D 
  91              		.text
  92              		.section	.gnu.lto_VBUS_OVP_TRIP_P1_Read.91bc82bc,"",%progbits
  93 0000 789C654F 		.ascii	"x\234eO\277KBQ\024>\337y*\202K4\211s$\201\011A\177A"
  93      BF4B4251 
  93      143EDF79 
  93      2A824B34 
  93      89732481 
  94 0018 0DD1D423 		.ascii	"\015\321\324#\313!\204G\330[\023\244f\257\3662\210\006"
  94      CB218447 
  94      D85B13A4 
  94      66AFF632 
  94      8806
  95 002a 69090AC7 		.ascii	"i\011\012\307(+p\013\332\242Y\372\201\221 a\213\202"
  95      282B700B 
  95      DAA259FA 
  95      81912061 
  95      8B82
  96 003c 6D8951BD 		.ascii	"m\211Q\275\241\354\\_[\027\3569\367|\347\343\373\276"
  96      A1EC5C5F 
  96      5B17EE39 
  96      F77CE7E3 
  96      FBBE
  97 004e 6BD0FF13 		.ascii	"k\320\377\023\221;\011\242\270t\030\004.\335\022\345"
  97      913B09A2 
  97      B8741804 
  97      2EDD12E5 
ARM GAS  C:\Users\victo\AppData\Local\Temp\ccOhe5DL.s 			page 7


  98 005e 830CE807 		.ascii	"\203\014\350\007\201r\214\034^\271\307\250]\375\324"
  98      81728C1C 
  98      5EB9C7A8 
  98      5DFDD4
  99 006d 113D56AA 		.ascii	"\021=V\252\360V\250?\207\266\303.\023\365\231\020\213"
  99      F056A83F 
  99      87B6C32E 
  99      13F59910 
  99      8B
 100 007e 6042EBE0 		.ascii	"`B\353\340\004Q\022b\317\371n\204\002\216RjD\357eq\212"
 100      04511262 
 100      CFF96E84 
 100      028E526A 
 100      44EF6571 
 101 0093 80785075 		.ascii	"\200xPu\364Z\015\006\375\332~w\234\003L.\213\243\024"
 101      F45A0D06 
 101      FDDA7E77 
 101      9C034C2E 
 101      8BA314
 102 00a6 9F2E7ED2 		.ascii	"\237.~\322r\324\226\242\235;\314\272\033M\334|\354>"
 102      72D496A2 
 102      9D3BCCBA 
 102      1B4DDC7C 
 102      EC3E
 103 00b8 5556B4C4 		.ascii	"UV\264\304'\353\030\345\313\312\201\321e\227\331qJ\312"
 103      27EB18E5 
 103      CBCA81D1 
 103      6597D971 
 103      4ACA
 104 00ca A70D5FDA 		.ascii	"\247\015_\332w\017\301!Dz\254\336\357u\203e\034\345"
 104      770FC121 
 104      447AACDE 
 104      EF758365 
 104      1CE5
 105 00dc 1DB86CA0 		.ascii	"\035\270l\240\202\010\316 \001q\2162\250\211\255\257"
 105      8208CE20 
 105      01718E32 
 105      A889ADAF 
 106 00ec 62CDEF09 		.ascii	"b\315\357\011\032\236\346a\243\363>\324\204|\347B\270"
 106      1A9EE661 
 106      A3F33ED4 
 106      847CE742 
 106      B8
 107 00fd 426A151F 		.ascii	"Bj\025\037\303\036\311'<\214i\260\320\332\211y\230_"
 107      C31EC927 
 107      3C8C69B0 
 107      D0DA8979 
 107      985F
 108 010f 606A017F 		.ascii	"`j\001\177\32309tb\211\020\213\247\346\354u;\273\272"
 108      D3303974 
 108      6289108B 
 108      A7E6EC75 
 108      3BBBBA
 109 0122 61AF5989 		.ascii	"a\257Y\211\314f6m\247\314Dfv:\225\234YNX\013I\323ZZ"
 109      CC66366D 
 109      A7CC4466 
 109      763A959C 
ARM GAS  C:\Users\victo\AppData\Local\Temp\ccOhe5DL.s 			page 8


 109      594E580B 
 110 013a 9C372D73 		.ascii	"\2347-s*\236\246_\004\257w\026"
 110      2A9EA65F 
 110      04AF7716 
 111              		.text
 112              		.section	.gnu.lto_VBUS_OVP_TRIP_P1_ReadDataReg.91bc82bc,"",%progbits
 113 0000 789C654F 		.ascii	"x\234eO\277KBa\024\275\347>\025\311\206h\022\347@\002"
 113      BF4B4261 
 113      14BDE73E 
 113      15C98668 
 113      12E74002 
 114 0014 13A2FE82 		.ascii	"\023\242\376\202\032\242\251G\226C\010\217\260\267&"
 114      1AA2A947 
 114      9643088F 
 114      B0B726
 115 0023 48CD3EED 		.ascii	"H\315>\355\245\324$\215\205c\364Kh\214\266p\226\"\012"
 115      A5D4248D 
 115      8563F44B 
 115      688CB670 
 115      96220A
 116 0036 44095B34 		.ascii	"D\011[4\014\0322\303zC\331\375zm}\360\335\373\335s\017"
 116      0C1A32C3 
 116      7A43D9FD 
 116      7A6D7DF0 
 116      DDFBDD73 
 117 004b E79C4FA3 		.ascii	"\347\234O\243\377'$w\002DQ\351\320\010\\\274&\312\372"
 117      FF272477 
 117      024451E9 
 117      D0085CBC 
 117      26CAFA
 118 005e 19500F02 		.ascii	"\031P\017\002e\030\031<s\227Q\275\374\276C\370\320\262"
 118      6518193C 
 118      739751BD 
 118      FCBE43F8 
 118      D0B2
 119 0070 72AF95FA 		.ascii	"r\257\225\372C`;\3500Q\217\011\221\020\306\225\016\216"
 119      43603BE8 
 119      30518F09 
 119      9110C695 
 119      0E8E
 120 0082 10262176 		.ascii	"\020&!v\355\257Z\300g[\2265\242\366\2628\206O<\350|"
 120      EDAF5AC0 
 120      675B9635 
 120      A2F6B238 
 120      864F3CE8 
 121 0097 F4CA1A0C 		.ascii	"\364\312\032\014zO{\235)\36619,\216R<\252xI\311QK\212"
 121      7A4F7B9D 
 121      29F63139 
 121      2C8E523C 
 121      AA7849C9 
 122 00ae 726E33AB 		.ascii	"rn3\253\2565P\351\357\366\313+J\342\203U\214\302\316"
 122      AE3550E9 
 122      EFF6CB2B 
 122      4AE28355 
 122      8CC2CE
 123 00c1 457DB8C3 		.ascii	"E}\270\303\016\263e\027-\2172|l\335\334\372\177!Rc\373"
 123      0EB36517 
ARM GAS  C:\Users\victo\AppData\Local\Temp\ccOhe5DL.s 			page 9


 123      2D8F327C 
 123      6CDDDCFA 
 123      7F215263 
 124 00d6 C5791B2A 		.ascii	"\305y\033*\341 k\303a\015'\010\341\024\022\020g(\201"
 124      E1206BC3 
 124      610D2708 
 124      E1141210 
 124      672881
 125 00e9 1AD8FACC 		.ascii	"\032\330\372\314W\275\256\240\346j\356\327\332\357\232"
 125      57BDAEA0 
 125      E66AEED7 
 125      DAEF9A
 126 00f8 12807CA7 		.ascii	"\022\200|\247,\\!5\363\367A\227\344\021\036\306\024"
 126      2C5C2135 
 126      F3F74197 
 126      E4111EC6 
 126      14
 127 0109 986B1622 		.ascii	"\230k\026\".\346\025\230\232\300\337\364\233\034*\261"
 127      2EE61598 
 127      9AC0DFF4 
 127      9B1C2AB1 
 128 0119 44884413 		.ascii	"D\210D\023s\346\272\231^\3350\327\214Xj3\2354\023z,"
 128      73E6BA99 
 128      5EDD30D7 
 128      8C586A33 
 128      9D34137A 
 129 012e 353B9D88 		.ascii	"5;\235\210\317,\307\214\205\270n,-\316\353\206>\031"
 129      CF2CC78C 
 129      85B86E2C 
 129      2DCEEB86 
 129      3E19
 130 0140 4DD20F3C 		.ascii	"M\322\017<\017x\203"
 130      0F7883
 131              		.text
 132              		.section	.gnu.lto_VBUS_OVP_TRIP_P1_SetInterruptMode.91bc82bc,"",%progbits
 133 0000 789C6D91 		.ascii	"x\234m\221Oh\023A\024\306\347\315\354n6M\304\342\251"
 133      4F681341 
 133      14C6E7CD 
 133      EC6E364D 
 133      C4E2A9
 134 0013 E4A04209 		.ascii	"\344\240B\011\025\224\212\340\301\213 V\020/\032\214"
 134      15948AE0 
 134      C18B2056 
 134      102F1A8C 
 135 0023 F61408D2 		.ascii	"\366\024\010\322F\311\301Db<y\350\246MS\021\017\241"
 135      46C9C144 
 135      623C79E8 
 135      A64D5311 
 135      0FA1
 136 0035 162986A2 		.ascii	"\026)\206\242\245H[\243i\264*\232\323\022E\013\342?"
 136      A5485BA3 
 136      69B42A9A 
 136      D312450B 
 136      E23F
 137 0047 28162AA4 		.ascii	"(\026*\244\265&jA\305\230\3304\242\304\367vz)\272\260"
 137      B5266A41 
 137      C598D834 
ARM GAS  C:\Users\victo\AppData\Local\Temp\ccOhe5DL.s 			page 10


 137      A2C4F776 
 137      7A29BAB0 
 138 005b 33F37EBC 		.ascii	"3\363~\274\367\315\367\336\010\366\357\347\302\177\214"
 138      F7CDF7DE 
 138      08F6EFE7 
 138      C27F8C
 139 006a 33760077 		.ascii	"3v\000w\020\014x\362%c1\235\003\320\201\001\353\341"
 139      100C78F2 
 139      2563319D 
 139      03D08101 
 139      EBE1
 140 007c D003CBBC 		.ascii	"\320\003\313\274\314!i\246\207\035m7\014\303\370\376"
 140      CC2169A6 
 140      871D6D37 
 140      0CC3F8FE 
 141 008c A3D2D2DF 		.ascii	"\243\322\322\337R\307\262\012\22720\016m\230Rz8z^\354"
 141      52C7B20A 
 141      9732300E 
 141      6D98527A 
 141      387A5EEC 
 142 00a0 0486C7E7 		.ascii	"\004\206\307\347K\253\025\347g^\347\320L\341\325\271"
 142      4BAB15E7 
 142      675EE7D0 
 142      4CE1D5B9 
 143 00b0 525550C8 		.ascii	"RUP\3109\205\351'CY\233{\3140z\315\205\254\261\017\271"
 143      3985E927 
 143      43599B7B 
 143      CC307ACD 
 143      85ACB10F 
 144 00c5 80091028 		.ascii	"\200\011\020(\007\223\340\202\233\340b\210\030\244\301"
 144      0793E082 
 144      9BE06288 
 144      18A4C1
 145 00d4 8DD99FEA 		.ascii	"\215\331\237\352\313\343\033\304\036Kw)v\355\247CV^"
 145      CBE31BC4 
 145      1E4B7729 
 145      76EDA743 
 145      565E
 146 00e6 E8D3B651 		.ascii	"\350\323\266Q\341\255\377\024\336\0067e\277~<\364A\025"
 146      E1ADFF14 
 146      DE063765 
 146      BF7E3CF4 
 146      4115
 147 00f8 7BADCA47 		.ascii	"{\255\312G\231\352\013\207\345h+\205\271\301\231a\315"
 147      99EA0B87 
 147      E5682B85 
 147      B9C19961 
 147      CD
 148 0109 72A450F8 		.ascii	"r\244P\370\365J>\305[GQwqr\340\231\323\2301\342\213"
 148      F54A3EC5 
 148      5B475177 
 148      7172E099 
 148      D39831E2 
 149 011e 8DC6963A 		.ascii	"\215\306\226:W #\365\247P?\013\256\265\301aI9\376g\316"
 149      572023F5 
 149      A7503F0B 
 149      AEB5C161 
ARM GAS  C:\Users\victo\AppData\Local\Temp\ccOhe5DL.s 			page 11


 149      4939FE67 
 150 0133 A1C57120 		.ascii	"\241\305q \315p\007Z\3450\340.h\200\033\221\251M\246"
 150      CD70075A 
 150      E530E02E 
 150      68801B91 
 150      A94DA6
 151 0146 D1684CCF 		.ascii	"\321hL\317^\236\330.\234\034\215\251\002\250%\205\216"
 151      5E9ED82E 
 151      9C1C8DA9 
 151      02A82585 
 151      8E
 152 0157 2A2D1AA3 		.ascii	"*-\032\243<\033\220_\035\201f'\332D\013cE\324\243W("
 152      3C1B905F 
 152      1D816627 
 152      DA440B63 
 152      45D4A357 
 153 016c E1CC7017 		.ascii	"\341\314p\027\363\220_\271X\310y\350\212\032\247'\311"
 153      F3905FB9 
 153      58C879E8 
 153      8A1AA727 
 153      C9
 154 017d 7CEBCFE8 		.ascii	"|\353\317\350\324\203\355R<iX},\024_\275\221\310\362"
 154      D483ED52 
 154      3C69587D 
 154      2C145FBD 
 154      91C8F2
 155 0190 783DF5B4 		.ascii	"x=\365\264\274q\004R\2618\324\271\016\323\330\303=\352"
 155      BC710452 
 155      B138D4B9 
 155      0ED3D8C3 
 155      3DEA
 156 01a2 01EEC308 		.ascii	"\001\356\303\010\260y\350-\014\0245)\250\324ppH~%fU"
 156      B079E82D 
 156      0C143529 
 156      A8D47070 
 156      487E2566 
 157 01b7 49548448 		.ascii	"IT\204H\372V\023_@\022\272\0279{\013\334j\024\315#\224"
 157      FA56135F 
 157      4012BA17 
 157      397B0BDC 
 157      6A14CD23 
 158 01cc 391F732B 		.ascii	"9\037s+kY:*\325\320\000\311\333$\262#\245\264j\342\267"
 158      6B593A2A 
 158      D5D000C9 
 158      DB24B223 
 158      A5B46AE2 
 159 01e1 224993A5 		.ascii	"\"I\223\245fG\230\037|\277\231\330:\2731S]o\370\001"
 159      6647981F 
 159      7CBF99D8 
 159      3ABB3153 
 159      5D6FF801 
 160 01f5 1AC62A56 		.ascii	"\032\306*V\200\230\371\3560\345\3233\0249\320lpR;\332"
 160      8098F9EE 
 160      30E5D333 
 160      1439D06C 
 160      70523BDA 
 161 0209 7D0703A1 		.ascii	"}\007\003\241@\344D4\320\355\367\206\317E\272\002>\217"
ARM GAS  C:\Users\victo\AppData\Local\Temp\ccOhe5DL.s 			page 12


 161      40E44434 
 161      D0EDF786 
 161      CF45BA02 
 161      3E8F
 162 021b 37DCB1DB 		.ascii	"7\334\261\333\327\271\377\270\327\177\244\323\343?v"
 162      D7B9FFB8 
 162      D77FA4D3 
 162      E33F76
 163 022a F490C7EF 		.ascii	"\364\220\307\357\331\325\336\305\3643\341\263\301h0"
 163      D9D5DEC5 
 163      F433E1B3 
 163      C16830
 164 0239 1C524E87 		.ascii	"\034RN\207\273\003\266`(\032\3518y\352/\354\352\377"
 164      BB03B660 
 164      281AE938 
 164      79EA2FEC 
 164      EAFF
 165 024b 85       		.ascii	"\205"
 166              		.text
 167              		.section	.gnu.lto_VBUS_OVP_TRIP_P1_ClearInterrupt.91bc82bc,"",%progbits
 168 0000 789C6590 		.ascii	"x\234e\220OHTQ\024\306\317w\356\350\014\215\213h%\263"
 168      4F485451 
 168      14C6CF77 
 168      EEE80C8D 
 168      8B6825B3 
 169 0014 69612081 		.ascii	"ia \201\030\201\253\334\345BZ54\345j`\030\364\255\244"
 169      1881ABDC 
 169      E5425A35 
 169      34E56A60 
 169      18F4ADA4 
 170 0028 041D5DE6 		.ascii	"\004\035]\346\035}:\224\233A\011\242p\321\"2\373\343"
 170      1D7D3A94 
 170      9B4109A2 
 170      70D12232 
 170      FBE3
 171 003a 3AC81806 		.ascii	":\310\030\006qS\024\021d\210\214\202J\272\021E\235z"
 171      71531411 
 171      64888C82 
 171      4ABA1145 
 171      9D7A
 172 004c 963ECF79 		.ascii	"\226>\317y\317\205\342\205\373\356}\337\275\337\357"
 172      CF85E285 
 172      FBEE7DDF 
 172      BDDFEF
 173 005b 7CF7183A 		.ascii	"|\367\030:?\0222?\203\250UV\030\002\027\277\022\345"
 173      3F12323F 
 173      83A85556 
 173      180217BF 
 173      12E5
 174 006d 630CE886 		.ascii	"c\014\350\206@\203\214Al\362\016\343\313\207\243\037"
 174      40838C41 
 174      6CF20EE3 
 174      CB87A31F 
 175 007d 687C69ED 		.ascii	"h|i\355\320v\371\337R|\244\336c\242]&4%pU9x\205F\222"
 175      D076F9DF 
 175      527CA4DE 
 175      63A25D26 
ARM GAS  C:\Users\victo\AppData\Local\Temp\ccOhe5DL.s 			page 13


 175      34257055 
 176 0096 8B4F561F 		.ascii	"\213OV\037m\301\\\203\356\253\376\330t\254\341\205\230"
 176      6DC15C83 
 176      EEABFED8 
 176      74ACE185 
 176      98
 177 00a7 562A85F9 		.ascii	"V*\205\371\270}j\335\025\337\277,VL\301\234v\353\020"
 177      B87D6ADD 
 177      15DFBF2C 
 177      564CC19C 
 177      76EB10
 178 00ba C38E7BB8 		.ascii	"\303\216{\270\020\257u\255\265\027\361\032\015Z@\310"
 178      10AF75AD 
 178      B517F11A 
 178      0D5A40C8 
 179 00ca D3A89590 		.ascii	"\323\250\225\220Pe\346R\311\372\376\356\326\304\324"
 179      5065E652 
 179      C9FAFEEE 
 179      D6C4D4
 180 00d9 0D1363F2 		.ascii	"\015\023c\362Xb{\314\021\322\303\032\375\217\222&\243"
 180      58627BCC 
 180      11D2C31A 
 180      FD8F9226 
 180      A3
 181 00ea 35F9E823 		.ascii	"5\371\350#\326\231u5\213(W\037Wg\037*\354\017\353\213"
 181      D6997535 
 181      8B28571F 
 181      57671F2A 
 181      EC0FEB8B 
 182 00fe 3EEEED8F 		.ascii	">\356\355\217\361\006{l\212n\321F\264\374\362\332\267"
 182      F1067B6C 
 182      8A6ED146 
 182      B4FCF2DA 
 182      B7
 183 010f EFB1400A 		.ascii	"\357\261@\012\322\374\336(\035\230I<\317\273\3608\202"
 183      D2FCDE28 
 183      1D98493C 
 183      CFBBF038 
 183      82
 184 0120 3748E02D 		.ascii	"7H\340-$-\336a\022\264\210\241_\205\377\034\002\215"
 184      242DDE61 
 184      12B488A1 
 184      5F85FF1C 
 184      028D
 185 0132 304519FE 		.ascii	"0E\031\376;:\207P\211\210(\214g\013\353{F\221r\216\367"
 185      3B3A8750 
 185      8988288C 
 185      670BEB7B 
 185      4691728E 
 186 0147 E2FE89C0 		.ascii	"\342\376\211\300\242y\345\222R*\205\243\331\201\320"
 186      A279E592 
 186      522A85A3 
 186      D981D0
 187 0156 54134AE5 		.ascii	"T\023J\345\361\000r&B\276\304gC\314H\010qh\325\312\350"
 187      F1007226 
 187      42BEC467 
 187      43CC4808 
ARM GAS  C:\Users\victo\AppData\Local\Temp\ccOhe5DL.s 			page 14


 187      7168D5CA 
 188 016b FCA70B21 		.ascii	"\374\247\013!!*\004\\IP\005'9\242A3\240M\220\22645\247"
 188      212A045C 
 188      49500527 
 188      39A24133 
 188      A04D9096 
 189 0182 DB9D074E 		.ascii	"\333\235\007No6\347teR=\375\275\235N:\231\352ikIw\334"
 189      6F36E774 
 189      65523DFD 
 189      BD9D4E3A 
 189      99EA696B 
 190 0199 BC97CADC 		.ascii	"\274\227\312\334\356Hf\356\336\271\225\314$\2577wR\335"
 190      EE4866EE 
 190      DEB995CC 
 190      24AF3777 
 190      52DD
 191 01ab FD6C5FB7 		.ascii	"\375l_\267\323\225\312es\375}\307\314X\2638"
 191      D395CA65 
 191      73FD7DC7 
 191      CC58B338 
 192              		.text
 193              		.section	.gnu.lto_.symbol_nodes.91bc82bc,"",%progbits
 194 0000 789C55C7 		.ascii	"x\234U\307;\015\000 \020D\301w\037\022tbd-\240\200\240"
 194      3B0D0020 
 194      1044C177 
 194      1F127462 
 194      642DA080 
 195 0015 084D3414 		.ascii	"\010M4\024\334t\023\300\340q\004\363\200\304\332\035"
 195      DC7413C0 
 195      E07104F3 
 195      80C4DA1D 
 196 0025 3759B9CB 		.ascii	"7Y\271\313\313CQ\236\312\362\246\366\237\013\351b\031"
 196      CB43519E 
 196      CAF2A6F6 
 196      9F0BE962 
 196      19
 197 0036 56       		.ascii	"V"
 198              		.text
 199              		.section	.gnu.lto_.refs.91bc82bc,"",%progbits
 200 0000 789C6366 		.ascii	"x\234cf```d\200\002\000\000=\000\005"
 200      60606064 
 200      80020000 
 200      3D0005
 201              		.text
 202              		.section	.gnu.lto_.decls.91bc82bc,"",%progbits
 203 0000 789C8D54 		.ascii	"x\234\215TmLSW\030>\357=m\241\227\006\37434Dc\033\023"
 203      6D4C5357 
 203      183EEF3D 
 203      6DA19706 
 203      FC333444 
 204 0017 B2258404 		.ascii	"\262%\204\004Y\314\376-\031&\316\037\233\015\370\361"
 204      59CCFE2D 
 204      1926CE1F 
 204      9B0DF8F1 
 205 0027 4392A681 		.ascii	"C\222\246\201\033%Y\300te\211\177\226\003l\223\030\267"
 205      1B2559C0 
 205      7465897F 
ARM GAS  C:\Users\victo\AppData\Local\Temp\ccOhe5DL.s 			page 15


 205      96036C93 
 205      18B7
 206 0039 540201F1 		.ascii	"T\002\001\361\003\314\230\023\021e\266\003\212\014\013"
 206      03CC9813 
 206      1165B603 
 206      8A0C0B
 207 0048 88E08009 		.ascii	"\210\340\200\011Qt~d\340\034\303\315\261\025$\231L\347"
 207      51747E64 
 207      E01CC3CD 
 207      B1152499 
 207      4CE7
 208 005a DD7BCEBD 		.ascii	"\335{\316\275\375\320^u'y\333{\336\236\347y\237\367"
 208      FDD05E75 
 208      2779DB7B 
 208      DE9EE779 
 208      9FF7
 209 006c 7DCE2D25 		.ascii	"}\316-%\2044\000!*\256\247&B\326\340s\022\346\234$\266"
 209      84340021 
 209      2AAEA726 
 209      42D6E073 
 209      12E69C24 
 210 0081 2C18E730 		.ascii	",\030\3470\002\030]\030A\214A\214!\222\270\3709\263"
 210      02185D18 
 210      418C418C 
 210      2192B8F8 
 210      39B3
 211 0093 8E6FC770 		.ascii	"\216o\307p`LbL\350\277\203~\346\371\025\320\353\304"
 211      604C624C 
 211      E8BF837E 
 211      E6F915D0 
 211      EBC4
 212 00a5 E3D20DB0 		.ascii	"\343\322\015\260\001\003,\327dzI\275.\003L\360\025\230"
 212      01032CD7 
 212      647A49BD 
 212      2E034CF0 
 212      1598
 213 00b7 A00186F7 		.ascii	"\240\001\206\367l\3255\246b\3300\3720\306u\016\273\001"
 213      6CD535A6 
 213      62D830FA 
 213      30C6750E 
 213      BB01
 214 00c9 CFA0010F 		.ascii	"\317\240\001\017\237\233\371\025}\032\315vA\202\321"
 214      9F9BF915 
 214      7D1ACD76 
 214      4182D1
 215 00d8 9F1F3DB4 		.ascii	"\237\037=\264\335\227 U^\301\267\2157f\227(nm\262\304"
 215      DD972055 
 215      5EC1B78D 
 215      37669728 
 215      6E6DB2C4 
 216 00ec B7D72FEC 		.ascii	"\267\327/\354\333\227L%\340\317_6\334\275&g\235b\214"
 216      DB974C25 
 216      E0CF5F36 
 216      DCBD2667 
 216      9D628C
 217 00ff 55B35008 		.ascii	"U\263P\010b\024\025'\316\037HBL\272,\266_\2146\366S"
 217      62141527 
ARM GAS  C:\Users\victo\AppData\Local\Temp\ccOhe5DL.s 			page 16


 217      CE1F4842 
 217      4CBA2CB6 
 217      5F8C36F6 
 218 0114 B155394E 		.ascii	"\261U9N\272y\263v\231\202\234Y\315X%\013\3270\272\212"
 218      BA79B376 
 218      99829C59 
 218      CD58250B 
 218      D730BA8A 
 219 0128 405606BC 		.ascii	"@V\006\274\221A\340\014d\34218\005Y\004\332 \003NC\006"
 219      9141E00C 
 219      64E23138 
 219      055904DA 
 219      20034E43 
 220 013d 69C102E1 		.ascii	"i\301\002\341\246\360\255\325\214\231\240\035dh\005"
 220      A6F0ADD5 
 220      8C99A01D 
 220      646805
 221 014c 2A4E601B 		.ascii	"*N`\033\274\202^\324\367i\277\317d\2220\311\317\354"
 221      BC825ED4 
 221      F769BFCF 
 221      649230C9 
 221      CFEC
 222 015e 34F1DC58 		.ascii	"4\361\334X\375\221\201\224\225u\214\257*\266B\002g:"
 222      FD918194 
 222      95758CAF 
 222      2AB64202 
 222      673A
 223 0170 7C8DB427 		.ascii	"|\215\264'\221\226@\007\254\304\317\263`\322\010\324"
 223      91964007 
 223      ACC4CFB3 
 223      60D208D4 
 224 0180 DF169752 		.ascii	"\337\026\227Rh\256h\355\311\303\256\260l?\306\232;\302"
 224      68AE68ED 
 224      C9C3AEB0 
 224      6C3FC69A 
 224      3BC2
 225 0192 AD55BF3A 		.ascii	"\255U\277:\017V\261Z6\243\252k\005\010\276\211\012 "
 225      0F56B15A 
 225      36A3AA6B 
 225      0508BE89 
 225      0A20
 226 01a4 FC599BE8 		.ascii	"\374Y\233\3509\260#\320?9\334b\245\037\013\222\205\236"
 226      39B023D0 
 226      3F39DC62 
 226      A51F0B92 
 226      859E
 227 01b6 8A9FD204 		.ascii	"\212\237\322\004\311\314\364\240\022\252dOT\225j\014"
 227      C9CCF4A0 
 227      12AA644F 
 227      54956A0C 
 228 01c6 FE38067F 		.ascii	"\3768\006\177\204! \030\306\333.\177\006\361\232y;1"
 228      84212018 
 228      C6DB2E7F 
 228      06F19A79 
 228      3B31
 229 01d8 D1DF0AD1 		.ascii	"\321\337\012\321;u\315\355\335\375\313\311\264\016D"
 229      3B75CDED 
ARM GAS  C:\Users\victo\AppData\Local\Temp\ccOhe5DL.s 			page 17


 229      DDFDCBC9 
 229      B40E44
 230 01e7 BDFBBF1F 		.ascii	"\275\373\277\037\037\265i\365\032fc\365\020\001\235"
 230      1FB569F5 
 230      1A6663F5 
 230      10019D
 231 01f6 71F53A23 		.ascii	"q\365:#\365\272D\275\251\331\320\\*m\323(\256M\317\357"
 231      F5BA44BD 
 231      A9D9D05C 
 231      2A6DD328 
 231      AE4DCFEF 
 232 020a B70A8AE6 		.ascii	"\267\012\212\346\261\257,'YHU\337\026\004\335q\004\335"
 232      B1AF2C27 
 232      594855DF 
 232      1604DD71 
 232      04DD
 233 021c 1182A020 		.ascii	"\021\202\240 8\272\370g\257\225\216h\004\021\353\355"
 233      38BAF867 
 233      AF958E68 
 233      0411EBED 
 234 022c 9AF5F50F 		.ascii	"\232\365\365\017\036\005\222\305\226KA\357OL\374\335"
 234      1E0592C5 
 234      964B41EF 
 234      4F4CFCDD 
 235 023c 980A99B2 		.ascii	"\230\012\231\262f\352\242fj\037v\330\0233\325\256\233"
 235      66EAA266 
 235      6A1F76D8 
 235      1333D5AE 
 235      9B
 236 024d 2AEE07CE 		.ascii	"*\356\007\316\300\374:\211\016\000\276\303\033b\327"
 236      C0FC3A89 
 236      0E00BEC3 
 236      1B62D7
 237 025c 6FC8794C 		.ascii	"o\310yL\366b\022\0135\015\3771\225&\334\357\213\272"
 237      F662120B 
 237      350DFF31 
 237      9526DCEF 
 237      8BBA
 238 026e 7FEBEAED 		.ascii	"\177\353\352\355Vk4w\001D\362\230\332\0274\275\360J"
 238      566B3477 
 238      0144F298 
 238      DA1734BD 
 238      F04A
 239 0280 F48BE986 		.ascii	"\364\213\351\206\"W\242\346\337\251y3\275\242\265\326"
 239      2257A2E6 
 239      DFA97933 
 239      BDA2B5D6 
 240 0290 F1CFA1A1 		.ascii	"\361\317\241\241$\375N\334\233\3139\304\232+\330S\025"
 240      24FD4EDC 
 240      9BCB39C4 
 240      9A2BD853 
 240      15
 241 02a1 AF3447C1 		.ascii	"\2574G\301@\334\200\006\"\003\032\024\003\372\353\322"
 241      40DC8006 
 241      22031A14 
 241      03FAEBD2 
 242 02b1 E7657441 		.ascii	"\347etA#\361\235\275\376\011h\036\335\231{\326\243\213"
ARM GAS  C:\Users\victo\AppData\Local\Temp\ccOhe5DL.s 			page 18


 242      23F19DBD 
 242      FE09681E 
 242      DD997BD6 
 242      A38B
 243 02c3 710C1723 		.ascii	"q\014\027#\014C\202!xfi<E\274\223vN\322S3\322`\021\357"
 243      0C438221 
 243      7866693C 
 243      45BC9376 
 243      4ED25333 
 244 02db A468A9BA 		.ascii	"\244h\251\272\246\363\201\231\036\224\2361\300\241\031"
 244      A6F38199 
 244      1E949E31 
 244      C0A119
 245 02ea 307D78B9 		.ascii	"0}x\271\305*\266\374\3577\215\247\356\376x\2437\211"
 245      C52AB6FC 
 245      EF378DA7 
 245      EEFE78A3 
 245      3789
 246 02fc D68BE3D2 		.ascii	"\326\213\343\322|m\245\232\022\365cI\363c\034\3075\032"
 246      7C6DA59A 
 246      12F56349 
 246      F3631CC7 
 246      351A
 247 030e F3C311EF 		.ascii	"\363\303\021\357\207\257\212Y\337%p\011G6\314\375\030"
 247      87AF8A59 
 247      DF257009 
 247      4736CCFD 
 247      18
 248 031f 433F1CBA 		.ascii	"C?\034\272\037\2271\371\275\346G\260nrX\226\253\371"
 248      1F9731F9 
 248      BDE647B0 
 248      6E725896 
 248      ABF9
 249 0331 8CFF1F42 		.ascii	"\214\377\037B\012\371}\217m\272\222\231\003\376\026"
 249      0AF97D8F 
 249      6DBA9299 
 249      03FE16
 250 0340 892B9940 		.ascii	"\211+\231@%#1%?@LJ\"\361\025c)\263\2774=\266\330\366"
 250      25233125 
 250      3F404C4A 
 250      22F11563 
 250      29B3BF34 
 251 0358 47C50BD2 		.ascii	"G\305\013\322\010\210\300$\330\304\244\371\267\271\274"
 251      0888C024 
 251      D8C4A4F9 
 251      B7B9BC
 252 0367 A4D4FB96 		.ascii	"\244\324\373\226e\323\373\333\354yd]v\341&\245T\361"
 252      65D3FBDB 
 252      EC79645D 
 252      76E126A5 
 252      54F1
 253 0379 B8BD4AB1 		.ascii	"\270\275J\261\253\240\254\334S\244\024:\013\312\362"
 253      ABA0ACDC 
 253      53A4143A 
 253      0BCAF2
 254 0388 DE2C2CDA 		.ascii	"\336,,\332\353\335\273G\3710{7Y\263\375\235m\005\256"
 254      EBDDBB47 
ARM GAS  C:\Users\victo\AppData\Local\Temp\ccOhe5DL.s 			page 19


 254      F9307B37 
 254      59B3FD9D 
 254      6D05AE
 255 039b 2DDB9DAE 		.ascii	"-\333\235\256\255\371\233\235.g\216\253@\361n\364\224"
 255      ADF99B9D 
 255      2E678EAB 
 255      40F16EF4 
 255      94
 256 03ac 7CA4BC57 		.ascii	"|\244\274WV\254d\275\220\341yXv\021IO\240\332\341)\361"
 256      56AC64BD 
 256      90E17958 
 256      7611494F 
 256      A0DAE129 
 257 03c1 2AAF25A4 		.ascii	"*\257%\244\363\025w\361j\303\354F\267\327\235\257\354"
 257      F31577F1 
 257      6AC3EC46 
 257      B7D79DAF 
 257      EC
 258 03d2 B2F02E72 		.ascii	"\262\360.r68\214\264m.\365*\036O\371\036/\327\2676\341"
 258      36388CB4 
 258      6D2EF52A 
 258      1E4FF91E 
 258      2FD7B736 
 259 03e7 44DE078A 		.ascii	"D\336\007\212\333\023=c\366(\273r\327\013\272\334\365"
 259      DB133D63 
 259      F628BB72 
 259      D70BBADC 
 259      F5
 260 03f8 FF01333C 		.ascii	"\377\0013<\013\262"
 260      0BB2
 261              		.text
 262              		.section	.gnu.lto_.symtab.91bc82bc,"",%progbits
 263 0000 56425553 		.ascii	"VBUS_OVP_TRIP_P1_SetDriveMode\000\000\000\000\000\000"
 263      5F4F5650 
 263      5F545249 
 263      505F5031 
 263      5F536574 
 264 0023 00000000 		.ascii	"\000\000\000\000\000\000\262\000\000\000VBUS_OVP_TR"
 264      0000B200 
 264      00005642 
 264      55535F4F 
 264      56505F54 
 265 0038 49505F50 		.ascii	"IP_P1_Write\000\000\000\000\000\000\000\000\000\000"
 265      315F5772 
 265      69746500 
 265      00000000 
 265      00000000 
 266 004d 0000B400 		.ascii	"\000\000\264\000\000\000VBUS_OVP_TRIP_P1_Read\000\000"
 266      00005642 
 266      55535F4F 
 266      56505F54 
 266      5249505F 
 267 006a 00000000 		.ascii	"\000\000\000\000\000\000\000\000\000\000\267\000\000"
 267      00000000 
 267      0000B700 
 267      00
 268 0077 00564255 		.ascii	"\000VBUS_OVP_TRIP_P1_ReadDataReg\000\000\000\000\000"
ARM GAS  C:\Users\victo\AppData\Local\Temp\ccOhe5DL.s 			page 20


 268      535F4F56 
 268      505F5452 
 268      49505F50 
 268      315F5265 
 269 0099 00000000 		.ascii	"\000\000\000\000\000\000\000\271\000\000\000VBUS_OV"
 269      000000B9 
 269      00000056 
 269      4255535F 
 269      4F56
 270 00ab 505F5452 		.ascii	"P_TRIP_P1_SetInterruptMode\000\000\000\000\000\000\000"
 270      49505F50 
 270      315F5365 
 270      74496E74 
 270      65727275 
 271 00cc 00000000 		.ascii	"\000\000\000\000\000\303\000\000\000VBUS_OVP_TRIP_P"
 271      00C30000 
 271      00564255 
 271      535F4F56 
 271      505F5452 
 272 00e4 315F436C 		.ascii	"1_ClearInterrupt\000\000\000\000\000\000\000\000\000"
 272      65617249 
 272      6E746572 
 272      72757074 
 272      00000000 
 273 00fd 000000C5 		.ascii	"\000\000\000\305\000\000\000"
 273      000000
 274              		.text
 275              		.section	.gnu.lto_.opts,"",%progbits
 276 0000 272D666E 		.ascii	"'-fno-trapv' '-mcpu=cortex-m0' '-mthumb' '-g' '-Os'"
 276      6F2D7472 
 276      61707627 
 276      20272D6D 
 276      6370753D 
 277 0033 20272D57 		.ascii	" '-Werror' '-ffunction-sections' '-finline-function"
 277      6572726F 
 277      72272027 
 277      2D666675 
 277      6E637469 
 278 0066 73272027 		.ascii	"s' '-flto' '-ffat-lto-objects' '-fno-strict-aliasin"
 278      2D666C74 
 278      6F272027 
 278      2D666661 
 278      742D6C74 
 279 0099 672700   		.ascii	"g'\000"
 280              		.text
 281              		.cfi_sections	.debug_frame
 282              		.section	.text.VBUS_OVP_TRIP_P1_SetDriveMode,"ax",%progbits
 283              		.align	1
 284              		.global	VBUS_OVP_TRIP_P1_SetDriveMode
 285              		.code	16
 286              		.thumb_func
 287              		.type	VBUS_OVP_TRIP_P1_SetDriveMode, %function
 288              	VBUS_OVP_TRIP_P1_SetDriveMode:
 289              	.LFB0:
 290              		.file 1 ".\\Generated_Source\\PSoC4\\VBUS_OVP_TRIP_P1.c"
   1:.\Generated_Source\PSoC4/VBUS_OVP_TRIP_P1.c **** /*******************************************************************************
   2:.\Generated_Source\PSoC4/VBUS_OVP_TRIP_P1.c **** * File Name: VBUS_OVP_TRIP_P1.c  
ARM GAS  C:\Users\victo\AppData\Local\Temp\ccOhe5DL.s 			page 21


   3:.\Generated_Source\PSoC4/VBUS_OVP_TRIP_P1.c **** * Version 2.20
   4:.\Generated_Source\PSoC4/VBUS_OVP_TRIP_P1.c **** *
   5:.\Generated_Source\PSoC4/VBUS_OVP_TRIP_P1.c **** * Description:
   6:.\Generated_Source\PSoC4/VBUS_OVP_TRIP_P1.c **** *  This file contains API to enable firmware control of a Pins component.
   7:.\Generated_Source\PSoC4/VBUS_OVP_TRIP_P1.c **** *
   8:.\Generated_Source\PSoC4/VBUS_OVP_TRIP_P1.c **** ********************************************************************************
   9:.\Generated_Source\PSoC4/VBUS_OVP_TRIP_P1.c **** * Copyright 2008-2015, Cypress Semiconductor Corporation.  All rights reserved.
  10:.\Generated_Source\PSoC4/VBUS_OVP_TRIP_P1.c **** * You may use this file only in accordance with the license, terms, conditions, 
  11:.\Generated_Source\PSoC4/VBUS_OVP_TRIP_P1.c **** * disclaimers, and limitations in the end user license agreement accompanying 
  12:.\Generated_Source\PSoC4/VBUS_OVP_TRIP_P1.c **** * the software package with which this file was provided.
  13:.\Generated_Source\PSoC4/VBUS_OVP_TRIP_P1.c **** *******************************************************************************/
  14:.\Generated_Source\PSoC4/VBUS_OVP_TRIP_P1.c **** 
  15:.\Generated_Source\PSoC4/VBUS_OVP_TRIP_P1.c **** #include "cytypes.h"
  16:.\Generated_Source\PSoC4/VBUS_OVP_TRIP_P1.c **** #include "VBUS_OVP_TRIP_P1.h"
  17:.\Generated_Source\PSoC4/VBUS_OVP_TRIP_P1.c **** 
  18:.\Generated_Source\PSoC4/VBUS_OVP_TRIP_P1.c **** 
  19:.\Generated_Source\PSoC4/VBUS_OVP_TRIP_P1.c **** #if defined(VBUS_OVP_TRIP_P1__PC)
  20:.\Generated_Source\PSoC4/VBUS_OVP_TRIP_P1.c ****     #define VBUS_OVP_TRIP_P1_SetP4PinDriveMode(shift, mode)  \
  21:.\Generated_Source\PSoC4/VBUS_OVP_TRIP_P1.c ****     do { \
  22:.\Generated_Source\PSoC4/VBUS_OVP_TRIP_P1.c ****         VBUS_OVP_TRIP_P1_PC =   (VBUS_OVP_TRIP_P1_PC & \
  23:.\Generated_Source\PSoC4/VBUS_OVP_TRIP_P1.c ****                                 (uint32)(~(uint32)(VBUS_OVP_TRIP_P1_DRIVE_MODE_IND_MASK << \
  24:.\Generated_Source\PSoC4/VBUS_OVP_TRIP_P1.c ****                                 (VBUS_OVP_TRIP_P1_DRIVE_MODE_BITS * (shift))))) | \
  25:.\Generated_Source\PSoC4/VBUS_OVP_TRIP_P1.c ****                                 (uint32)((uint32)(mode) << \
  26:.\Generated_Source\PSoC4/VBUS_OVP_TRIP_P1.c ****                                 (VBUS_OVP_TRIP_P1_DRIVE_MODE_BITS * (shift))); \
  27:.\Generated_Source\PSoC4/VBUS_OVP_TRIP_P1.c ****     } while (0)
  28:.\Generated_Source\PSoC4/VBUS_OVP_TRIP_P1.c **** #else
  29:.\Generated_Source\PSoC4/VBUS_OVP_TRIP_P1.c ****     #if (CY_PSOC4_4200L)
  30:.\Generated_Source\PSoC4/VBUS_OVP_TRIP_P1.c ****         #define VBUS_OVP_TRIP_P1_SetP4PinDriveMode(shift, mode)  \
  31:.\Generated_Source\PSoC4/VBUS_OVP_TRIP_P1.c ****         do { \
  32:.\Generated_Source\PSoC4/VBUS_OVP_TRIP_P1.c ****             VBUS_OVP_TRIP_P1_USBIO_CTRL_REG = (VBUS_OVP_TRIP_P1_USBIO_CTRL_REG & \
  33:.\Generated_Source\PSoC4/VBUS_OVP_TRIP_P1.c ****                                     (uint32)(~(uint32)(VBUS_OVP_TRIP_P1_DRIVE_MODE_IND_MASK << \
  34:.\Generated_Source\PSoC4/VBUS_OVP_TRIP_P1.c ****                                     (VBUS_OVP_TRIP_P1_DRIVE_MODE_BITS * (shift))))) | \
  35:.\Generated_Source\PSoC4/VBUS_OVP_TRIP_P1.c ****                                     (uint32)((uint32)(mode) << \
  36:.\Generated_Source\PSoC4/VBUS_OVP_TRIP_P1.c ****                                     (VBUS_OVP_TRIP_P1_DRIVE_MODE_BITS * (shift))); \
  37:.\Generated_Source\PSoC4/VBUS_OVP_TRIP_P1.c ****         } while (0)
  38:.\Generated_Source\PSoC4/VBUS_OVP_TRIP_P1.c ****     #endif
  39:.\Generated_Source\PSoC4/VBUS_OVP_TRIP_P1.c **** #endif
  40:.\Generated_Source\PSoC4/VBUS_OVP_TRIP_P1.c ****   
  41:.\Generated_Source\PSoC4/VBUS_OVP_TRIP_P1.c **** 
  42:.\Generated_Source\PSoC4/VBUS_OVP_TRIP_P1.c **** #if defined(VBUS_OVP_TRIP_P1__PC) || (CY_PSOC4_4200L) 
  43:.\Generated_Source\PSoC4/VBUS_OVP_TRIP_P1.c ****     /*******************************************************************************
  44:.\Generated_Source\PSoC4/VBUS_OVP_TRIP_P1.c ****     * Function Name: VBUS_OVP_TRIP_P1_SetDriveMode
  45:.\Generated_Source\PSoC4/VBUS_OVP_TRIP_P1.c ****     ****************************************************************************//**
  46:.\Generated_Source\PSoC4/VBUS_OVP_TRIP_P1.c ****     *
  47:.\Generated_Source\PSoC4/VBUS_OVP_TRIP_P1.c ****     * \brief Sets the drive mode for each of the Pins component's pins.
  48:.\Generated_Source\PSoC4/VBUS_OVP_TRIP_P1.c ****     * 
  49:.\Generated_Source\PSoC4/VBUS_OVP_TRIP_P1.c ****     * <b>Note</b> This affects all pins in the Pins component instance. Use the
  50:.\Generated_Source\PSoC4/VBUS_OVP_TRIP_P1.c ****     * Per-Pin APIs if you wish to control individual pin's drive modes.
  51:.\Generated_Source\PSoC4/VBUS_OVP_TRIP_P1.c ****     *
  52:.\Generated_Source\PSoC4/VBUS_OVP_TRIP_P1.c ****     * <b>Note</b> USBIOs have limited drive functionality. Refer to the Drive Mode
  53:.\Generated_Source\PSoC4/VBUS_OVP_TRIP_P1.c ****     * parameter for more information.
  54:.\Generated_Source\PSoC4/VBUS_OVP_TRIP_P1.c ****     *
  55:.\Generated_Source\PSoC4/VBUS_OVP_TRIP_P1.c ****     * \param mode
  56:.\Generated_Source\PSoC4/VBUS_OVP_TRIP_P1.c ****     *  Mode for the selected signals. Valid options are documented in 
  57:.\Generated_Source\PSoC4/VBUS_OVP_TRIP_P1.c ****     *  \ref driveMode.
  58:.\Generated_Source\PSoC4/VBUS_OVP_TRIP_P1.c ****     *
  59:.\Generated_Source\PSoC4/VBUS_OVP_TRIP_P1.c ****     * \return
ARM GAS  C:\Users\victo\AppData\Local\Temp\ccOhe5DL.s 			page 22


  60:.\Generated_Source\PSoC4/VBUS_OVP_TRIP_P1.c ****     *  None
  61:.\Generated_Source\PSoC4/VBUS_OVP_TRIP_P1.c ****     *
  62:.\Generated_Source\PSoC4/VBUS_OVP_TRIP_P1.c ****     * \sideeffect
  63:.\Generated_Source\PSoC4/VBUS_OVP_TRIP_P1.c ****     *  If you use read-modify-write operations that are not atomic, the ISR can
  64:.\Generated_Source\PSoC4/VBUS_OVP_TRIP_P1.c ****     *  cause corruption of this function. An ISR that interrupts this function 
  65:.\Generated_Source\PSoC4/VBUS_OVP_TRIP_P1.c ****     *  and performs writes to the Pins component Drive Mode registers can cause 
  66:.\Generated_Source\PSoC4/VBUS_OVP_TRIP_P1.c ****     *  corrupted port data. To avoid this issue, you should either use the Per-Pin
  67:.\Generated_Source\PSoC4/VBUS_OVP_TRIP_P1.c ****     *  APIs (primary method) or disable interrupts around this function.
  68:.\Generated_Source\PSoC4/VBUS_OVP_TRIP_P1.c ****     *
  69:.\Generated_Source\PSoC4/VBUS_OVP_TRIP_P1.c ****     * \funcusage
  70:.\Generated_Source\PSoC4/VBUS_OVP_TRIP_P1.c ****     *  \snippet VBUS_OVP_TRIP_P1_SUT.c usage_VBUS_OVP_TRIP_P1_SetDriveMode
  71:.\Generated_Source\PSoC4/VBUS_OVP_TRIP_P1.c ****     *******************************************************************************/
  72:.\Generated_Source\PSoC4/VBUS_OVP_TRIP_P1.c ****     void VBUS_OVP_TRIP_P1_SetDriveMode(uint8 mode)
  73:.\Generated_Source\PSoC4/VBUS_OVP_TRIP_P1.c ****     {
 291              		.loc 1 73 0
 292              		.cfi_startproc
 293              	.LVL0:
  74:.\Generated_Source\PSoC4/VBUS_OVP_TRIP_P1.c **** 		VBUS_OVP_TRIP_P1_SetP4PinDriveMode(VBUS_OVP_TRIP_P1__0__SHIFT, mode);
 294              		.loc 1 74 0
 295 0000 3821     		mov	r1, #56
 296 0002 034A     		ldr	r2, .L2
 297 0004 C000     		lsl	r0, r0, #3
 298              	.LVL1:
 299 0006 1368     		ldr	r3, [r2]
  75:.\Generated_Source\PSoC4/VBUS_OVP_TRIP_P1.c ****     }
 300              		.loc 1 75 0
 301              		@ sp needed
  74:.\Generated_Source\PSoC4/VBUS_OVP_TRIP_P1.c **** 		VBUS_OVP_TRIP_P1_SetP4PinDriveMode(VBUS_OVP_TRIP_P1__0__SHIFT, mode);
 302              		.loc 1 74 0
 303 0008 8B43     		bic	r3, r1
 304 000a 1843     		orr	r0, r3
 305 000c 1060     		str	r0, [r2]
 306              		.loc 1 75 0
 307 000e 7047     		bx	lr
 308              	.L3:
 309              		.align	2
 310              	.L2:
 311 0010 08020440 		.word	1074004488
 312              		.cfi_endproc
 313              	.LFE0:
 314              		.size	VBUS_OVP_TRIP_P1_SetDriveMode, .-VBUS_OVP_TRIP_P1_SetDriveMode
 315              		.section	.text.VBUS_OVP_TRIP_P1_Write,"ax",%progbits
 316              		.align	1
 317              		.global	VBUS_OVP_TRIP_P1_Write
 318              		.code	16
 319              		.thumb_func
 320              		.type	VBUS_OVP_TRIP_P1_Write, %function
 321              	VBUS_OVP_TRIP_P1_Write:
 322              	.LFB1:
  76:.\Generated_Source\PSoC4/VBUS_OVP_TRIP_P1.c **** #endif
  77:.\Generated_Source\PSoC4/VBUS_OVP_TRIP_P1.c **** 
  78:.\Generated_Source\PSoC4/VBUS_OVP_TRIP_P1.c **** 
  79:.\Generated_Source\PSoC4/VBUS_OVP_TRIP_P1.c **** /*******************************************************************************
  80:.\Generated_Source\PSoC4/VBUS_OVP_TRIP_P1.c **** * Function Name: VBUS_OVP_TRIP_P1_Write
  81:.\Generated_Source\PSoC4/VBUS_OVP_TRIP_P1.c **** ****************************************************************************//**
  82:.\Generated_Source\PSoC4/VBUS_OVP_TRIP_P1.c **** *
  83:.\Generated_Source\PSoC4/VBUS_OVP_TRIP_P1.c **** * \brief Writes the value to the physical port (data output register), masking
ARM GAS  C:\Users\victo\AppData\Local\Temp\ccOhe5DL.s 			page 23


  84:.\Generated_Source\PSoC4/VBUS_OVP_TRIP_P1.c **** *  and shifting the bits appropriately. 
  85:.\Generated_Source\PSoC4/VBUS_OVP_TRIP_P1.c **** *
  86:.\Generated_Source\PSoC4/VBUS_OVP_TRIP_P1.c **** * The data output register controls the signal applied to the physical pin in 
  87:.\Generated_Source\PSoC4/VBUS_OVP_TRIP_P1.c **** * conjunction with the drive mode parameter. This function avoids changing 
  88:.\Generated_Source\PSoC4/VBUS_OVP_TRIP_P1.c **** * other bits in the port by using the appropriate method (read-modify-write or
  89:.\Generated_Source\PSoC4/VBUS_OVP_TRIP_P1.c **** * bit banding).
  90:.\Generated_Source\PSoC4/VBUS_OVP_TRIP_P1.c **** *
  91:.\Generated_Source\PSoC4/VBUS_OVP_TRIP_P1.c **** * <b>Note</b> This function should not be used on a hardware digital output pin 
  92:.\Generated_Source\PSoC4/VBUS_OVP_TRIP_P1.c **** * as it is driven by the hardware signal attached to it.
  93:.\Generated_Source\PSoC4/VBUS_OVP_TRIP_P1.c **** *
  94:.\Generated_Source\PSoC4/VBUS_OVP_TRIP_P1.c **** * \param value
  95:.\Generated_Source\PSoC4/VBUS_OVP_TRIP_P1.c **** *  Value to write to the component instance.
  96:.\Generated_Source\PSoC4/VBUS_OVP_TRIP_P1.c **** *
  97:.\Generated_Source\PSoC4/VBUS_OVP_TRIP_P1.c **** * \return 
  98:.\Generated_Source\PSoC4/VBUS_OVP_TRIP_P1.c **** *  None 
  99:.\Generated_Source\PSoC4/VBUS_OVP_TRIP_P1.c **** *
 100:.\Generated_Source\PSoC4/VBUS_OVP_TRIP_P1.c **** * \sideeffect
 101:.\Generated_Source\PSoC4/VBUS_OVP_TRIP_P1.c **** *  If you use read-modify-write operations that are not atomic; the Interrupt 
 102:.\Generated_Source\PSoC4/VBUS_OVP_TRIP_P1.c **** *  Service Routines (ISR) can cause corruption of this function. An ISR that 
 103:.\Generated_Source\PSoC4/VBUS_OVP_TRIP_P1.c **** *  interrupts this function and performs writes to the Pins component data 
 104:.\Generated_Source\PSoC4/VBUS_OVP_TRIP_P1.c **** *  register can cause corrupted port data. To avoid this issue, you should 
 105:.\Generated_Source\PSoC4/VBUS_OVP_TRIP_P1.c **** *  either use the Per-Pin APIs (primary method) or disable interrupts around 
 106:.\Generated_Source\PSoC4/VBUS_OVP_TRIP_P1.c **** *  this function.
 107:.\Generated_Source\PSoC4/VBUS_OVP_TRIP_P1.c **** *
 108:.\Generated_Source\PSoC4/VBUS_OVP_TRIP_P1.c **** * \funcusage
 109:.\Generated_Source\PSoC4/VBUS_OVP_TRIP_P1.c **** *  \snippet VBUS_OVP_TRIP_P1_SUT.c usage_VBUS_OVP_TRIP_P1_Write
 110:.\Generated_Source\PSoC4/VBUS_OVP_TRIP_P1.c **** *******************************************************************************/
 111:.\Generated_Source\PSoC4/VBUS_OVP_TRIP_P1.c **** void VBUS_OVP_TRIP_P1_Write(uint8 value)
 112:.\Generated_Source\PSoC4/VBUS_OVP_TRIP_P1.c **** {
 323              		.loc 1 112 0
 324              		.cfi_startproc
 325              	.LVL2:
 113:.\Generated_Source\PSoC4/VBUS_OVP_TRIP_P1.c ****     uint8 drVal = (uint8)(VBUS_OVP_TRIP_P1_DR & (uint8)(~VBUS_OVP_TRIP_P1_MASK));
 326              		.loc 1 113 0
 327 0000 0223     		mov	r3, #2
 328 0002 0449     		ldr	r1, .L5
 114:.\Generated_Source\PSoC4/VBUS_OVP_TRIP_P1.c ****     drVal = (drVal | ((uint8)(value << VBUS_OVP_TRIP_P1_SHIFT) & VBUS_OVP_TRIP_P1_MASK));
 329              		.loc 1 114 0
 330 0004 4000     		lsl	r0, r0, #1
 331              	.LVL3:
 113:.\Generated_Source\PSoC4/VBUS_OVP_TRIP_P1.c ****     uint8 drVal = (uint8)(VBUS_OVP_TRIP_P1_DR & (uint8)(~VBUS_OVP_TRIP_P1_MASK));
 332              		.loc 1 113 0
 333 0006 0A68     		ldr	r2, [r1]
 115:.\Generated_Source\PSoC4/VBUS_OVP_TRIP_P1.c ****     VBUS_OVP_TRIP_P1_DR = (uint32)drVal;
 116:.\Generated_Source\PSoC4/VBUS_OVP_TRIP_P1.c **** }
 334              		.loc 1 116 0
 335              		@ sp needed
 113:.\Generated_Source\PSoC4/VBUS_OVP_TRIP_P1.c ****     drVal = (drVal | ((uint8)(value << VBUS_OVP_TRIP_P1_SHIFT) & VBUS_OVP_TRIP_P1_MASK));
 336              		.loc 1 113 0
 337 0008 9A43     		bic	r2, r3
 338 000a D2B2     		uxtb	r2, r2
 114:.\Generated_Source\PSoC4/VBUS_OVP_TRIP_P1.c ****     drVal = (drVal | ((uint8)(value << VBUS_OVP_TRIP_P1_SHIFT) & VBUS_OVP_TRIP_P1_MASK));
 339              		.loc 1 114 0
 340 000c 0340     		and	r3, r0
 115:.\Generated_Source\PSoC4/VBUS_OVP_TRIP_P1.c ****     VBUS_OVP_TRIP_P1_DR = (uint32)drVal;
 341              		.loc 1 115 0
 342 000e 1343     		orr	r3, r2
ARM GAS  C:\Users\victo\AppData\Local\Temp\ccOhe5DL.s 			page 24


 343 0010 0B60     		str	r3, [r1]
 344              		.loc 1 116 0
 345 0012 7047     		bx	lr
 346              	.L6:
 347              		.align	2
 348              	.L5:
 349 0014 00020440 		.word	1074004480
 350              		.cfi_endproc
 351              	.LFE1:
 352              		.size	VBUS_OVP_TRIP_P1_Write, .-VBUS_OVP_TRIP_P1_Write
 353              		.section	.text.VBUS_OVP_TRIP_P1_Read,"ax",%progbits
 354              		.align	1
 355              		.global	VBUS_OVP_TRIP_P1_Read
 356              		.code	16
 357              		.thumb_func
 358              		.type	VBUS_OVP_TRIP_P1_Read, %function
 359              	VBUS_OVP_TRIP_P1_Read:
 360              	.LFB2:
 117:.\Generated_Source\PSoC4/VBUS_OVP_TRIP_P1.c **** 
 118:.\Generated_Source\PSoC4/VBUS_OVP_TRIP_P1.c **** 
 119:.\Generated_Source\PSoC4/VBUS_OVP_TRIP_P1.c **** /*******************************************************************************
 120:.\Generated_Source\PSoC4/VBUS_OVP_TRIP_P1.c **** * Function Name: VBUS_OVP_TRIP_P1_Read
 121:.\Generated_Source\PSoC4/VBUS_OVP_TRIP_P1.c **** ****************************************************************************//**
 122:.\Generated_Source\PSoC4/VBUS_OVP_TRIP_P1.c **** *
 123:.\Generated_Source\PSoC4/VBUS_OVP_TRIP_P1.c **** * \brief Reads the associated physical port (pin status register) and masks 
 124:.\Generated_Source\PSoC4/VBUS_OVP_TRIP_P1.c **** *  the required bits according to the width and bit position of the component
 125:.\Generated_Source\PSoC4/VBUS_OVP_TRIP_P1.c **** *  instance. 
 126:.\Generated_Source\PSoC4/VBUS_OVP_TRIP_P1.c **** *
 127:.\Generated_Source\PSoC4/VBUS_OVP_TRIP_P1.c **** * The pin's status register returns the current logic level present on the 
 128:.\Generated_Source\PSoC4/VBUS_OVP_TRIP_P1.c **** * physical pin.
 129:.\Generated_Source\PSoC4/VBUS_OVP_TRIP_P1.c **** *
 130:.\Generated_Source\PSoC4/VBUS_OVP_TRIP_P1.c **** * \return 
 131:.\Generated_Source\PSoC4/VBUS_OVP_TRIP_P1.c **** *  The current value for the pins in the component as a right justified number.
 132:.\Generated_Source\PSoC4/VBUS_OVP_TRIP_P1.c **** *
 133:.\Generated_Source\PSoC4/VBUS_OVP_TRIP_P1.c **** * \funcusage
 134:.\Generated_Source\PSoC4/VBUS_OVP_TRIP_P1.c **** *  \snippet VBUS_OVP_TRIP_P1_SUT.c usage_VBUS_OVP_TRIP_P1_Read  
 135:.\Generated_Source\PSoC4/VBUS_OVP_TRIP_P1.c **** *******************************************************************************/
 136:.\Generated_Source\PSoC4/VBUS_OVP_TRIP_P1.c **** uint8 VBUS_OVP_TRIP_P1_Read(void)
 137:.\Generated_Source\PSoC4/VBUS_OVP_TRIP_P1.c **** {
 361              		.loc 1 137 0
 362              		.cfi_startproc
 138:.\Generated_Source\PSoC4/VBUS_OVP_TRIP_P1.c ****     return (uint8)((VBUS_OVP_TRIP_P1_PS & VBUS_OVP_TRIP_P1_MASK) >> VBUS_OVP_TRIP_P1_SHIFT);
 363              		.loc 1 138 0
 364 0000 024B     		ldr	r3, .L8
 139:.\Generated_Source\PSoC4/VBUS_OVP_TRIP_P1.c **** }
 365              		.loc 1 139 0
 366              		@ sp needed
 138:.\Generated_Source\PSoC4/VBUS_OVP_TRIP_P1.c ****     return (uint8)((VBUS_OVP_TRIP_P1_PS & VBUS_OVP_TRIP_P1_MASK) >> VBUS_OVP_TRIP_P1_SHIFT);
 367              		.loc 1 138 0
 368 0002 1868     		ldr	r0, [r3]
 369 0004 8007     		lsl	r0, r0, #30
 370 0006 C00F     		lsr	r0, r0, #31
 371              		.loc 1 139 0
 372 0008 7047     		bx	lr
 373              	.L9:
 374 000a C046     		.align	2
 375              	.L8:
ARM GAS  C:\Users\victo\AppData\Local\Temp\ccOhe5DL.s 			page 25


 376 000c 04020440 		.word	1074004484
 377              		.cfi_endproc
 378              	.LFE2:
 379              		.size	VBUS_OVP_TRIP_P1_Read, .-VBUS_OVP_TRIP_P1_Read
 380              		.section	.text.VBUS_OVP_TRIP_P1_ReadDataReg,"ax",%progbits
 381              		.align	1
 382              		.global	VBUS_OVP_TRIP_P1_ReadDataReg
 383              		.code	16
 384              		.thumb_func
 385              		.type	VBUS_OVP_TRIP_P1_ReadDataReg, %function
 386              	VBUS_OVP_TRIP_P1_ReadDataReg:
 387              	.LFB3:
 140:.\Generated_Source\PSoC4/VBUS_OVP_TRIP_P1.c **** 
 141:.\Generated_Source\PSoC4/VBUS_OVP_TRIP_P1.c **** 
 142:.\Generated_Source\PSoC4/VBUS_OVP_TRIP_P1.c **** /*******************************************************************************
 143:.\Generated_Source\PSoC4/VBUS_OVP_TRIP_P1.c **** * Function Name: VBUS_OVP_TRIP_P1_ReadDataReg
 144:.\Generated_Source\PSoC4/VBUS_OVP_TRIP_P1.c **** ****************************************************************************//**
 145:.\Generated_Source\PSoC4/VBUS_OVP_TRIP_P1.c **** *
 146:.\Generated_Source\PSoC4/VBUS_OVP_TRIP_P1.c **** * \brief Reads the associated physical port's data output register and masks 
 147:.\Generated_Source\PSoC4/VBUS_OVP_TRIP_P1.c **** *  the correct bits according to the width and bit position of the component 
 148:.\Generated_Source\PSoC4/VBUS_OVP_TRIP_P1.c **** *  instance. 
 149:.\Generated_Source\PSoC4/VBUS_OVP_TRIP_P1.c **** *
 150:.\Generated_Source\PSoC4/VBUS_OVP_TRIP_P1.c **** * The data output register controls the signal applied to the physical pin in 
 151:.\Generated_Source\PSoC4/VBUS_OVP_TRIP_P1.c **** * conjunction with the drive mode parameter. This is not the same as the 
 152:.\Generated_Source\PSoC4/VBUS_OVP_TRIP_P1.c **** * preferred VBUS_OVP_TRIP_P1_Read() API because the 
 153:.\Generated_Source\PSoC4/VBUS_OVP_TRIP_P1.c **** * VBUS_OVP_TRIP_P1_ReadDataReg() reads the data register instead of the status 
 154:.\Generated_Source\PSoC4/VBUS_OVP_TRIP_P1.c **** * register. For output pins this is a useful function to determine the value 
 155:.\Generated_Source\PSoC4/VBUS_OVP_TRIP_P1.c **** * just written to the pin.
 156:.\Generated_Source\PSoC4/VBUS_OVP_TRIP_P1.c **** *
 157:.\Generated_Source\PSoC4/VBUS_OVP_TRIP_P1.c **** * \return 
 158:.\Generated_Source\PSoC4/VBUS_OVP_TRIP_P1.c **** *  The current value of the data register masked and shifted into a right 
 159:.\Generated_Source\PSoC4/VBUS_OVP_TRIP_P1.c **** *  justified number for the component instance.
 160:.\Generated_Source\PSoC4/VBUS_OVP_TRIP_P1.c **** *
 161:.\Generated_Source\PSoC4/VBUS_OVP_TRIP_P1.c **** * \funcusage
 162:.\Generated_Source\PSoC4/VBUS_OVP_TRIP_P1.c **** *  \snippet VBUS_OVP_TRIP_P1_SUT.c usage_VBUS_OVP_TRIP_P1_ReadDataReg 
 163:.\Generated_Source\PSoC4/VBUS_OVP_TRIP_P1.c **** *******************************************************************************/
 164:.\Generated_Source\PSoC4/VBUS_OVP_TRIP_P1.c **** uint8 VBUS_OVP_TRIP_P1_ReadDataReg(void)
 165:.\Generated_Source\PSoC4/VBUS_OVP_TRIP_P1.c **** {
 388              		.loc 1 165 0
 389              		.cfi_startproc
 166:.\Generated_Source\PSoC4/VBUS_OVP_TRIP_P1.c ****     return (uint8)((VBUS_OVP_TRIP_P1_DR & VBUS_OVP_TRIP_P1_MASK) >> VBUS_OVP_TRIP_P1_SHIFT);
 390              		.loc 1 166 0
 391 0000 024B     		ldr	r3, .L11
 167:.\Generated_Source\PSoC4/VBUS_OVP_TRIP_P1.c **** }
 392              		.loc 1 167 0
 393              		@ sp needed
 166:.\Generated_Source\PSoC4/VBUS_OVP_TRIP_P1.c ****     return (uint8)((VBUS_OVP_TRIP_P1_DR & VBUS_OVP_TRIP_P1_MASK) >> VBUS_OVP_TRIP_P1_SHIFT);
 394              		.loc 1 166 0
 395 0002 1868     		ldr	r0, [r3]
 396 0004 8007     		lsl	r0, r0, #30
 397 0006 C00F     		lsr	r0, r0, #31
 398              		.loc 1 167 0
 399 0008 7047     		bx	lr
 400              	.L12:
 401 000a C046     		.align	2
 402              	.L11:
 403 000c 00020440 		.word	1074004480
ARM GAS  C:\Users\victo\AppData\Local\Temp\ccOhe5DL.s 			page 26


 404              		.cfi_endproc
 405              	.LFE3:
 406              		.size	VBUS_OVP_TRIP_P1_ReadDataReg, .-VBUS_OVP_TRIP_P1_ReadDataReg
 407              		.section	.text.VBUS_OVP_TRIP_P1_SetInterruptMode,"ax",%progbits
 408              		.align	1
 409              		.global	VBUS_OVP_TRIP_P1_SetInterruptMode
 410              		.code	16
 411              		.thumb_func
 412              		.type	VBUS_OVP_TRIP_P1_SetInterruptMode, %function
 413              	VBUS_OVP_TRIP_P1_SetInterruptMode:
 414              	.LFB4:
 168:.\Generated_Source\PSoC4/VBUS_OVP_TRIP_P1.c **** 
 169:.\Generated_Source\PSoC4/VBUS_OVP_TRIP_P1.c **** 
 170:.\Generated_Source\PSoC4/VBUS_OVP_TRIP_P1.c **** /*******************************************************************************
 171:.\Generated_Source\PSoC4/VBUS_OVP_TRIP_P1.c **** * Function Name: VBUS_OVP_TRIP_P1_SetInterruptMode
 172:.\Generated_Source\PSoC4/VBUS_OVP_TRIP_P1.c **** ****************************************************************************//**
 173:.\Generated_Source\PSoC4/VBUS_OVP_TRIP_P1.c **** *
 174:.\Generated_Source\PSoC4/VBUS_OVP_TRIP_P1.c **** * \brief Configures the interrupt mode for each of the Pins component's
 175:.\Generated_Source\PSoC4/VBUS_OVP_TRIP_P1.c **** *  pins. Alternatively you may set the interrupt mode for all the pins
 176:.\Generated_Source\PSoC4/VBUS_OVP_TRIP_P1.c **** *  specified in the Pins component.
 177:.\Generated_Source\PSoC4/VBUS_OVP_TRIP_P1.c **** *
 178:.\Generated_Source\PSoC4/VBUS_OVP_TRIP_P1.c **** *  <b>Note</b> The interrupt is port-wide and therefore any enabled pin
 179:.\Generated_Source\PSoC4/VBUS_OVP_TRIP_P1.c **** *  interrupt may trigger it.
 180:.\Generated_Source\PSoC4/VBUS_OVP_TRIP_P1.c **** *
 181:.\Generated_Source\PSoC4/VBUS_OVP_TRIP_P1.c **** * \param position
 182:.\Generated_Source\PSoC4/VBUS_OVP_TRIP_P1.c **** *  The pin position as listed in the Pins component. You may OR these to be 
 183:.\Generated_Source\PSoC4/VBUS_OVP_TRIP_P1.c **** *  able to configure the interrupt mode of multiple pins within a Pins 
 184:.\Generated_Source\PSoC4/VBUS_OVP_TRIP_P1.c **** *  component. Or you may use VBUS_OVP_TRIP_P1_INTR_ALL to configure the
 185:.\Generated_Source\PSoC4/VBUS_OVP_TRIP_P1.c **** *  interrupt mode of all the pins in the Pins component.       
 186:.\Generated_Source\PSoC4/VBUS_OVP_TRIP_P1.c **** *  - VBUS_OVP_TRIP_P1_0_INTR       (First pin in the list)
 187:.\Generated_Source\PSoC4/VBUS_OVP_TRIP_P1.c **** *  - VBUS_OVP_TRIP_P1_1_INTR       (Second pin in the list)
 188:.\Generated_Source\PSoC4/VBUS_OVP_TRIP_P1.c **** *  - ...
 189:.\Generated_Source\PSoC4/VBUS_OVP_TRIP_P1.c **** *  - VBUS_OVP_TRIP_P1_INTR_ALL     (All pins in Pins component)
 190:.\Generated_Source\PSoC4/VBUS_OVP_TRIP_P1.c **** *
 191:.\Generated_Source\PSoC4/VBUS_OVP_TRIP_P1.c **** * \param mode
 192:.\Generated_Source\PSoC4/VBUS_OVP_TRIP_P1.c **** *  Interrupt mode for the selected pins. Valid options are documented in
 193:.\Generated_Source\PSoC4/VBUS_OVP_TRIP_P1.c **** *  \ref intrMode.
 194:.\Generated_Source\PSoC4/VBUS_OVP_TRIP_P1.c **** *
 195:.\Generated_Source\PSoC4/VBUS_OVP_TRIP_P1.c **** * \return 
 196:.\Generated_Source\PSoC4/VBUS_OVP_TRIP_P1.c **** *  None
 197:.\Generated_Source\PSoC4/VBUS_OVP_TRIP_P1.c **** *  
 198:.\Generated_Source\PSoC4/VBUS_OVP_TRIP_P1.c **** * \sideeffect
 199:.\Generated_Source\PSoC4/VBUS_OVP_TRIP_P1.c **** *  It is recommended that the interrupt be disabled before calling this 
 200:.\Generated_Source\PSoC4/VBUS_OVP_TRIP_P1.c **** *  function to avoid unintended interrupt requests. Note that the interrupt
 201:.\Generated_Source\PSoC4/VBUS_OVP_TRIP_P1.c **** *  type is port wide, and therefore will trigger for any enabled pin on the 
 202:.\Generated_Source\PSoC4/VBUS_OVP_TRIP_P1.c **** *  port.
 203:.\Generated_Source\PSoC4/VBUS_OVP_TRIP_P1.c **** *
 204:.\Generated_Source\PSoC4/VBUS_OVP_TRIP_P1.c **** * \funcusage
 205:.\Generated_Source\PSoC4/VBUS_OVP_TRIP_P1.c **** *  \snippet VBUS_OVP_TRIP_P1_SUT.c usage_VBUS_OVP_TRIP_P1_SetInterruptMode
 206:.\Generated_Source\PSoC4/VBUS_OVP_TRIP_P1.c **** *******************************************************************************/
 207:.\Generated_Source\PSoC4/VBUS_OVP_TRIP_P1.c **** void VBUS_OVP_TRIP_P1_SetInterruptMode(uint16 position, uint16 mode)
 208:.\Generated_Source\PSoC4/VBUS_OVP_TRIP_P1.c **** {
 415              		.loc 1 208 0
 416              		.cfi_startproc
 417              	.LVL4:
 209:.\Generated_Source\PSoC4/VBUS_OVP_TRIP_P1.c ****     uint32 intrCfg;
 210:.\Generated_Source\PSoC4/VBUS_OVP_TRIP_P1.c ****     
ARM GAS  C:\Users\victo\AppData\Local\Temp\ccOhe5DL.s 			page 27


 211:.\Generated_Source\PSoC4/VBUS_OVP_TRIP_P1.c ****     intrCfg =  VBUS_OVP_TRIP_P1_INTCFG & (uint32)(~(uint32)position);
 418              		.loc 1 211 0
 419 0000 034A     		ldr	r2, .L14
 212:.\Generated_Source\PSoC4/VBUS_OVP_TRIP_P1.c ****     VBUS_OVP_TRIP_P1_INTCFG = intrCfg | ((uint32)position & (uint32)mode);
 213:.\Generated_Source\PSoC4/VBUS_OVP_TRIP_P1.c **** }
 420              		.loc 1 213 0
 421              		@ sp needed
 211:.\Generated_Source\PSoC4/VBUS_OVP_TRIP_P1.c ****     VBUS_OVP_TRIP_P1_INTCFG = intrCfg | ((uint32)position & (uint32)mode);
 422              		.loc 1 211 0
 423 0002 1368     		ldr	r3, [r2]
 424              	.LVL5:
 425 0004 8343     		bic	r3, r0
 426              	.LVL6:
 212:.\Generated_Source\PSoC4/VBUS_OVP_TRIP_P1.c ****     VBUS_OVP_TRIP_P1_INTCFG = intrCfg | ((uint32)position & (uint32)mode);
 427              		.loc 1 212 0
 428 0006 0840     		and	r0, r1
 429              	.LVL7:
 430 0008 1843     		orr	r0, r3
 431 000a 1060     		str	r0, [r2]
 432              		.loc 1 213 0
 433 000c 7047     		bx	lr
 434              	.L15:
 435 000e C046     		.align	2
 436              	.L14:
 437 0010 0C020440 		.word	1074004492
 438              		.cfi_endproc
 439              	.LFE4:
 440              		.size	VBUS_OVP_TRIP_P1_SetInterruptMode, .-VBUS_OVP_TRIP_P1_SetInterruptMode
 441              		.section	.text.VBUS_OVP_TRIP_P1_ClearInterrupt,"ax",%progbits
 442              		.align	1
 443              		.global	VBUS_OVP_TRIP_P1_ClearInterrupt
 444              		.code	16
 445              		.thumb_func
 446              		.type	VBUS_OVP_TRIP_P1_ClearInterrupt, %function
 447              	VBUS_OVP_TRIP_P1_ClearInterrupt:
 448              	.LFB5:
 214:.\Generated_Source\PSoC4/VBUS_OVP_TRIP_P1.c **** 
 215:.\Generated_Source\PSoC4/VBUS_OVP_TRIP_P1.c **** 
 216:.\Generated_Source\PSoC4/VBUS_OVP_TRIP_P1.c **** /*******************************************************************************
 217:.\Generated_Source\PSoC4/VBUS_OVP_TRIP_P1.c **** * Function Name: VBUS_OVP_TRIP_P1_ClearInterrupt
 218:.\Generated_Source\PSoC4/VBUS_OVP_TRIP_P1.c **** ****************************************************************************//**
 219:.\Generated_Source\PSoC4/VBUS_OVP_TRIP_P1.c **** *
 220:.\Generated_Source\PSoC4/VBUS_OVP_TRIP_P1.c **** * \brief Clears any active interrupts attached with the component and returns 
 221:.\Generated_Source\PSoC4/VBUS_OVP_TRIP_P1.c **** *  the value of the interrupt status register allowing determination of which
 222:.\Generated_Source\PSoC4/VBUS_OVP_TRIP_P1.c **** *  pins generated an interrupt event.
 223:.\Generated_Source\PSoC4/VBUS_OVP_TRIP_P1.c **** *
 224:.\Generated_Source\PSoC4/VBUS_OVP_TRIP_P1.c **** * \return 
 225:.\Generated_Source\PSoC4/VBUS_OVP_TRIP_P1.c **** *  The right-shifted current value of the interrupt status register. Each pin 
 226:.\Generated_Source\PSoC4/VBUS_OVP_TRIP_P1.c **** *  has one bit set if it generated an interrupt event. For example, bit 0 is 
 227:.\Generated_Source\PSoC4/VBUS_OVP_TRIP_P1.c **** *  for pin 0 and bit 1 is for pin 1 of the Pins component.
 228:.\Generated_Source\PSoC4/VBUS_OVP_TRIP_P1.c **** *  
 229:.\Generated_Source\PSoC4/VBUS_OVP_TRIP_P1.c **** * \sideeffect
 230:.\Generated_Source\PSoC4/VBUS_OVP_TRIP_P1.c **** *  Clears all bits of the physical port's interrupt status register, not just
 231:.\Generated_Source\PSoC4/VBUS_OVP_TRIP_P1.c **** *  those associated with the Pins component.
 232:.\Generated_Source\PSoC4/VBUS_OVP_TRIP_P1.c **** *
 233:.\Generated_Source\PSoC4/VBUS_OVP_TRIP_P1.c **** * \funcusage
 234:.\Generated_Source\PSoC4/VBUS_OVP_TRIP_P1.c **** *  \snippet VBUS_OVP_TRIP_P1_SUT.c usage_VBUS_OVP_TRIP_P1_ClearInterrupt
ARM GAS  C:\Users\victo\AppData\Local\Temp\ccOhe5DL.s 			page 28


 235:.\Generated_Source\PSoC4/VBUS_OVP_TRIP_P1.c **** *******************************************************************************/
 236:.\Generated_Source\PSoC4/VBUS_OVP_TRIP_P1.c **** uint8 VBUS_OVP_TRIP_P1_ClearInterrupt(void)
 237:.\Generated_Source\PSoC4/VBUS_OVP_TRIP_P1.c **** {
 449              		.loc 1 237 0
 450              		.cfi_startproc
 238:.\Generated_Source\PSoC4/VBUS_OVP_TRIP_P1.c **** 	uint8 maskedStatus = (uint8)(VBUS_OVP_TRIP_P1_INTSTAT & VBUS_OVP_TRIP_P1_MASK);
 451              		.loc 1 238 0
 452 0000 0223     		mov	r3, #2
 453 0002 034A     		ldr	r2, .L17
 239:.\Generated_Source\PSoC4/VBUS_OVP_TRIP_P1.c **** 	VBUS_OVP_TRIP_P1_INTSTAT = maskedStatus;
 240:.\Generated_Source\PSoC4/VBUS_OVP_TRIP_P1.c ****     return maskedStatus >> VBUS_OVP_TRIP_P1_SHIFT;
 241:.\Generated_Source\PSoC4/VBUS_OVP_TRIP_P1.c **** }
 454              		.loc 1 241 0
 455              		@ sp needed
 238:.\Generated_Source\PSoC4/VBUS_OVP_TRIP_P1.c **** 	uint8 maskedStatus = (uint8)(VBUS_OVP_TRIP_P1_INTSTAT & VBUS_OVP_TRIP_P1_MASK);
 456              		.loc 1 238 0
 457 0004 1068     		ldr	r0, [r2]
 458 0006 1840     		and	r0, r3
 459              	.LVL8:
 239:.\Generated_Source\PSoC4/VBUS_OVP_TRIP_P1.c **** 	VBUS_OVP_TRIP_P1_INTSTAT = maskedStatus;
 460              		.loc 1 239 0
 461 0008 1060     		str	r0, [r2]
 240:.\Generated_Source\PSoC4/VBUS_OVP_TRIP_P1.c **** }
 462              		.loc 1 240 0
 463 000a 4008     		lsr	r0, r0, #1
 464              	.LVL9:
 465 000c C0B2     		uxtb	r0, r0
 466              		.loc 1 241 0
 467 000e 7047     		bx	lr
 468              	.L18:
 469              		.align	2
 470              	.L17:
 471 0010 10020440 		.word	1074004496
 472              		.cfi_endproc
 473              	.LFE5:
 474              		.size	VBUS_OVP_TRIP_P1_ClearInterrupt, .-VBUS_OVP_TRIP_P1_ClearInterrupt
 475              		.text
 476              	.Letext0:
 477              		.file 2 ".\\Generated_Source\\PSoC4\\cytypes.h"
 478              		.section	.debug_info,"",%progbits
 479              	.Ldebug_info0:
 480 0000 97010000 		.4byte	0x197
 481 0004 0400     		.2byte	0x4
 482 0006 00000000 		.4byte	.Ldebug_abbrev0
 483 000a 04       		.byte	0x4
 484 000b 01       		.uleb128 0x1
 485 000c 2C010000 		.4byte	.LASF27
 486 0010 01       		.byte	0x1
 487 0011 4B000000 		.4byte	.LASF28
 488 0015 ED010000 		.4byte	.LASF29
 489 0019 00000000 		.4byte	.Ldebug_ranges0+0
 490 001d 00000000 		.4byte	0
 491 0021 00000000 		.4byte	.Ldebug_line0
 492 0025 02       		.uleb128 0x2
 493 0026 01       		.byte	0x1
 494 0027 06       		.byte	0x6
 495 0028 A8020000 		.4byte	.LASF0
ARM GAS  C:\Users\victo\AppData\Local\Temp\ccOhe5DL.s 			page 29


 496 002c 02       		.uleb128 0x2
 497 002d 01       		.byte	0x1
 498 002e 08       		.byte	0x8
 499 002f 37000000 		.4byte	.LASF1
 500 0033 02       		.uleb128 0x2
 501 0034 02       		.byte	0x2
 502 0035 05       		.byte	0x5
 503 0036 8F020000 		.4byte	.LASF2
 504 003a 02       		.uleb128 0x2
 505 003b 02       		.byte	0x2
 506 003c 07       		.byte	0x7
 507 003d 77000000 		.4byte	.LASF3
 508 0041 02       		.uleb128 0x2
 509 0042 04       		.byte	0x4
 510 0043 05       		.byte	0x5
 511 0044 9F020000 		.4byte	.LASF4
 512 0048 02       		.uleb128 0x2
 513 0049 04       		.byte	0x4
 514 004a 07       		.byte	0x7
 515 004b AA000000 		.4byte	.LASF5
 516 004f 02       		.uleb128 0x2
 517 0050 08       		.byte	0x8
 518 0051 05       		.byte	0x5
 519 0052 6F020000 		.4byte	.LASF6
 520 0056 02       		.uleb128 0x2
 521 0057 08       		.byte	0x8
 522 0058 07       		.byte	0x7
 523 0059 15010000 		.4byte	.LASF7
 524 005d 03       		.uleb128 0x3
 525 005e 04       		.byte	0x4
 526 005f 05       		.byte	0x5
 527 0060 696E7400 		.ascii	"int\000"
 528 0064 02       		.uleb128 0x2
 529 0065 04       		.byte	0x4
 530 0066 07       		.byte	0x7
 531 0067 08010000 		.4byte	.LASF8
 532 006b 04       		.uleb128 0x4
 533 006c 99020000 		.4byte	.LASF9
 534 0070 02       		.byte	0x2
 535 0071 9801     		.2byte	0x198
 536 0073 2C000000 		.4byte	0x2c
 537 0077 04       		.uleb128 0x4
 538 0078 D2000000 		.4byte	.LASF10
 539 007c 02       		.byte	0x2
 540 007d 9901     		.2byte	0x199
 541 007f 3A000000 		.4byte	0x3a
 542 0083 04       		.uleb128 0x4
 543 0084 E2000000 		.4byte	.LASF11
 544 0088 02       		.byte	0x2
 545 0089 9A01     		.2byte	0x19a
 546 008b 48000000 		.4byte	0x48
 547 008f 02       		.uleb128 0x2
 548 0090 04       		.byte	0x4
 549 0091 04       		.byte	0x4
 550 0092 31000000 		.4byte	.LASF12
 551 0096 02       		.uleb128 0x2
 552 0097 08       		.byte	0x8
ARM GAS  C:\Users\victo\AppData\Local\Temp\ccOhe5DL.s 			page 30


 553 0098 04       		.byte	0x4
 554 0099 0C000000 		.4byte	.LASF13
 555 009d 02       		.uleb128 0x2
 556 009e 01       		.byte	0x1
 557 009f 08       		.byte	0x8
 558 00a0 8A020000 		.4byte	.LASF14
 559 00a4 04       		.uleb128 0x4
 560 00a5 00000000 		.4byte	.LASF15
 561 00a9 02       		.byte	0x2
 562 00aa 4402     		.2byte	0x244
 563 00ac B0000000 		.4byte	0xb0
 564 00b0 05       		.uleb128 0x5
 565 00b1 83000000 		.4byte	0x83
 566 00b5 06       		.uleb128 0x6
 567 00b6 13000000 		.4byte	.LASF16
 568 00ba 01       		.byte	0x1
 569 00bb 48       		.byte	0x48
 570 00bc 00000000 		.4byte	.LFB0
 571 00c0 14000000 		.4byte	.LFE0-.LFB0
 572 00c4 01       		.uleb128 0x1
 573 00c5 9C       		.byte	0x9c
 574 00c6 DA000000 		.4byte	0xda
 575 00ca 07       		.uleb128 0x7
 576 00cb E8010000 		.4byte	.LASF18
 577 00cf 01       		.byte	0x1
 578 00d0 48       		.byte	0x48
 579 00d1 6B000000 		.4byte	0x6b
 580 00d5 00000000 		.4byte	.LLST0
 581 00d9 00       		.byte	0
 582 00da 06       		.uleb128 0x6
 583 00db E9000000 		.4byte	.LASF17
 584 00df 01       		.byte	0x1
 585 00e0 6F       		.byte	0x6f
 586 00e1 00000000 		.4byte	.LFB1
 587 00e5 18000000 		.4byte	.LFE1-.LFB1
 588 00e9 01       		.uleb128 0x1
 589 00ea 9C       		.byte	0x9c
 590 00eb 0A010000 		.4byte	0x10a
 591 00ef 07       		.uleb128 0x7
 592 00f0 06000000 		.4byte	.LASF19
 593 00f4 01       		.byte	0x1
 594 00f5 6F       		.byte	0x6f
 595 00f6 6B000000 		.4byte	0x6b
 596 00fa 21000000 		.4byte	.LLST1
 597 00fe 08       		.uleb128 0x8
 598 00ff 45000000 		.4byte	.LASF30
 599 0103 01       		.byte	0x1
 600 0104 71       		.byte	0x71
 601 0105 6B000000 		.4byte	0x6b
 602 0109 00       		.byte	0
 603 010a 09       		.uleb128 0x9
 604 010b BC000000 		.4byte	.LASF20
 605 010f 01       		.byte	0x1
 606 0110 88       		.byte	0x88
 607 0111 6B000000 		.4byte	0x6b
 608 0115 00000000 		.4byte	.LFB2
 609 0119 10000000 		.4byte	.LFE2-.LFB2
ARM GAS  C:\Users\victo\AppData\Local\Temp\ccOhe5DL.s 			page 31


 610 011d 01       		.uleb128 0x1
 611 011e 9C       		.byte	0x9c
 612 011f 09       		.uleb128 0x9
 613 0120 52020000 		.4byte	.LASF21
 614 0124 01       		.byte	0x1
 615 0125 A4       		.byte	0xa4
 616 0126 6B000000 		.4byte	0x6b
 617 012a 00000000 		.4byte	.LFB3
 618 012e 10000000 		.4byte	.LFE3-.LFB3
 619 0132 01       		.uleb128 0x1
 620 0133 9C       		.byte	0x9c
 621 0134 06       		.uleb128 0x6
 622 0135 B4020000 		.4byte	.LASF22
 623 0139 01       		.byte	0x1
 624 013a CF       		.byte	0xcf
 625 013b 00000000 		.4byte	.LFB4
 626 013f 14000000 		.4byte	.LFE4-.LFB4
 627 0143 01       		.uleb128 0x1
 628 0144 9C       		.byte	0x9c
 629 0145 75010000 		.4byte	0x175
 630 0149 07       		.uleb128 0x7
 631 014a D9000000 		.4byte	.LASF23
 632 014e 01       		.byte	0x1
 633 014f CF       		.byte	0xcf
 634 0150 77000000 		.4byte	0x77
 635 0154 42000000 		.4byte	.LLST2
 636 0158 0A       		.uleb128 0xa
 637 0159 E8010000 		.4byte	.LASF18
 638 015d 01       		.byte	0x1
 639 015e CF       		.byte	0xcf
 640 015f 77000000 		.4byte	0x77
 641 0163 01       		.uleb128 0x1
 642 0164 51       		.byte	0x51
 643 0165 0B       		.uleb128 0xb
 644 0166 00010000 		.4byte	.LASF25
 645 016a 01       		.byte	0x1
 646 016b D1       		.byte	0xd1
 647 016c 83000000 		.4byte	0x83
 648 0170 63000000 		.4byte	.LLST3
 649 0174 00       		.byte	0
 650 0175 0C       		.uleb128 0xc
 651 0176 8A000000 		.4byte	.LASF24
 652 017a 01       		.byte	0x1
 653 017b EC       		.byte	0xec
 654 017c 6B000000 		.4byte	0x6b
 655 0180 00000000 		.4byte	.LFB5
 656 0184 14000000 		.4byte	.LFE5-.LFB5
 657 0188 01       		.uleb128 0x1
 658 0189 9C       		.byte	0x9c
 659 018a 0B       		.uleb128 0xb
 660 018b 7D020000 		.4byte	.LASF26
 661 018f 01       		.byte	0x1
 662 0190 EE       		.byte	0xee
 663 0191 6B000000 		.4byte	0x6b
 664 0195 80000000 		.4byte	.LLST4
 665 0199 00       		.byte	0
 666 019a 00       		.byte	0
ARM GAS  C:\Users\victo\AppData\Local\Temp\ccOhe5DL.s 			page 32


 667              		.section	.debug_abbrev,"",%progbits
 668              	.Ldebug_abbrev0:
 669 0000 01       		.uleb128 0x1
 670 0001 11       		.uleb128 0x11
 671 0002 01       		.byte	0x1
 672 0003 25       		.uleb128 0x25
 673 0004 0E       		.uleb128 0xe
 674 0005 13       		.uleb128 0x13
 675 0006 0B       		.uleb128 0xb
 676 0007 03       		.uleb128 0x3
 677 0008 0E       		.uleb128 0xe
 678 0009 1B       		.uleb128 0x1b
 679 000a 0E       		.uleb128 0xe
 680 000b 55       		.uleb128 0x55
 681 000c 17       		.uleb128 0x17
 682 000d 11       		.uleb128 0x11
 683 000e 01       		.uleb128 0x1
 684 000f 10       		.uleb128 0x10
 685 0010 17       		.uleb128 0x17
 686 0011 00       		.byte	0
 687 0012 00       		.byte	0
 688 0013 02       		.uleb128 0x2
 689 0014 24       		.uleb128 0x24
 690 0015 00       		.byte	0
 691 0016 0B       		.uleb128 0xb
 692 0017 0B       		.uleb128 0xb
 693 0018 3E       		.uleb128 0x3e
 694 0019 0B       		.uleb128 0xb
 695 001a 03       		.uleb128 0x3
 696 001b 0E       		.uleb128 0xe
 697 001c 00       		.byte	0
 698 001d 00       		.byte	0
 699 001e 03       		.uleb128 0x3
 700 001f 24       		.uleb128 0x24
 701 0020 00       		.byte	0
 702 0021 0B       		.uleb128 0xb
 703 0022 0B       		.uleb128 0xb
 704 0023 3E       		.uleb128 0x3e
 705 0024 0B       		.uleb128 0xb
 706 0025 03       		.uleb128 0x3
 707 0026 08       		.uleb128 0x8
 708 0027 00       		.byte	0
 709 0028 00       		.byte	0
 710 0029 04       		.uleb128 0x4
 711 002a 16       		.uleb128 0x16
 712 002b 00       		.byte	0
 713 002c 03       		.uleb128 0x3
 714 002d 0E       		.uleb128 0xe
 715 002e 3A       		.uleb128 0x3a
 716 002f 0B       		.uleb128 0xb
 717 0030 3B       		.uleb128 0x3b
 718 0031 05       		.uleb128 0x5
 719 0032 49       		.uleb128 0x49
 720 0033 13       		.uleb128 0x13
 721 0034 00       		.byte	0
 722 0035 00       		.byte	0
 723 0036 05       		.uleb128 0x5
ARM GAS  C:\Users\victo\AppData\Local\Temp\ccOhe5DL.s 			page 33


 724 0037 35       		.uleb128 0x35
 725 0038 00       		.byte	0
 726 0039 49       		.uleb128 0x49
 727 003a 13       		.uleb128 0x13
 728 003b 00       		.byte	0
 729 003c 00       		.byte	0
 730 003d 06       		.uleb128 0x6
 731 003e 2E       		.uleb128 0x2e
 732 003f 01       		.byte	0x1
 733 0040 3F       		.uleb128 0x3f
 734 0041 19       		.uleb128 0x19
 735 0042 03       		.uleb128 0x3
 736 0043 0E       		.uleb128 0xe
 737 0044 3A       		.uleb128 0x3a
 738 0045 0B       		.uleb128 0xb
 739 0046 3B       		.uleb128 0x3b
 740 0047 0B       		.uleb128 0xb
 741 0048 27       		.uleb128 0x27
 742 0049 19       		.uleb128 0x19
 743 004a 11       		.uleb128 0x11
 744 004b 01       		.uleb128 0x1
 745 004c 12       		.uleb128 0x12
 746 004d 06       		.uleb128 0x6
 747 004e 40       		.uleb128 0x40
 748 004f 18       		.uleb128 0x18
 749 0050 9742     		.uleb128 0x2117
 750 0052 19       		.uleb128 0x19
 751 0053 01       		.uleb128 0x1
 752 0054 13       		.uleb128 0x13
 753 0055 00       		.byte	0
 754 0056 00       		.byte	0
 755 0057 07       		.uleb128 0x7
 756 0058 05       		.uleb128 0x5
 757 0059 00       		.byte	0
 758 005a 03       		.uleb128 0x3
 759 005b 0E       		.uleb128 0xe
 760 005c 3A       		.uleb128 0x3a
 761 005d 0B       		.uleb128 0xb
 762 005e 3B       		.uleb128 0x3b
 763 005f 0B       		.uleb128 0xb
 764 0060 49       		.uleb128 0x49
 765 0061 13       		.uleb128 0x13
 766 0062 02       		.uleb128 0x2
 767 0063 17       		.uleb128 0x17
 768 0064 00       		.byte	0
 769 0065 00       		.byte	0
 770 0066 08       		.uleb128 0x8
 771 0067 34       		.uleb128 0x34
 772 0068 00       		.byte	0
 773 0069 03       		.uleb128 0x3
 774 006a 0E       		.uleb128 0xe
 775 006b 3A       		.uleb128 0x3a
 776 006c 0B       		.uleb128 0xb
 777 006d 3B       		.uleb128 0x3b
 778 006e 0B       		.uleb128 0xb
 779 006f 49       		.uleb128 0x49
 780 0070 13       		.uleb128 0x13
ARM GAS  C:\Users\victo\AppData\Local\Temp\ccOhe5DL.s 			page 34


 781 0071 00       		.byte	0
 782 0072 00       		.byte	0
 783 0073 09       		.uleb128 0x9
 784 0074 2E       		.uleb128 0x2e
 785 0075 00       		.byte	0
 786 0076 3F       		.uleb128 0x3f
 787 0077 19       		.uleb128 0x19
 788 0078 03       		.uleb128 0x3
 789 0079 0E       		.uleb128 0xe
 790 007a 3A       		.uleb128 0x3a
 791 007b 0B       		.uleb128 0xb
 792 007c 3B       		.uleb128 0x3b
 793 007d 0B       		.uleb128 0xb
 794 007e 27       		.uleb128 0x27
 795 007f 19       		.uleb128 0x19
 796 0080 49       		.uleb128 0x49
 797 0081 13       		.uleb128 0x13
 798 0082 11       		.uleb128 0x11
 799 0083 01       		.uleb128 0x1
 800 0084 12       		.uleb128 0x12
 801 0085 06       		.uleb128 0x6
 802 0086 40       		.uleb128 0x40
 803 0087 18       		.uleb128 0x18
 804 0088 9742     		.uleb128 0x2117
 805 008a 19       		.uleb128 0x19
 806 008b 00       		.byte	0
 807 008c 00       		.byte	0
 808 008d 0A       		.uleb128 0xa
 809 008e 05       		.uleb128 0x5
 810 008f 00       		.byte	0
 811 0090 03       		.uleb128 0x3
 812 0091 0E       		.uleb128 0xe
 813 0092 3A       		.uleb128 0x3a
 814 0093 0B       		.uleb128 0xb
 815 0094 3B       		.uleb128 0x3b
 816 0095 0B       		.uleb128 0xb
 817 0096 49       		.uleb128 0x49
 818 0097 13       		.uleb128 0x13
 819 0098 02       		.uleb128 0x2
 820 0099 18       		.uleb128 0x18
 821 009a 00       		.byte	0
 822 009b 00       		.byte	0
 823 009c 0B       		.uleb128 0xb
 824 009d 34       		.uleb128 0x34
 825 009e 00       		.byte	0
 826 009f 03       		.uleb128 0x3
 827 00a0 0E       		.uleb128 0xe
 828 00a1 3A       		.uleb128 0x3a
 829 00a2 0B       		.uleb128 0xb
 830 00a3 3B       		.uleb128 0x3b
 831 00a4 0B       		.uleb128 0xb
 832 00a5 49       		.uleb128 0x49
 833 00a6 13       		.uleb128 0x13
 834 00a7 02       		.uleb128 0x2
 835 00a8 17       		.uleb128 0x17
 836 00a9 00       		.byte	0
 837 00aa 00       		.byte	0
ARM GAS  C:\Users\victo\AppData\Local\Temp\ccOhe5DL.s 			page 35


 838 00ab 0C       		.uleb128 0xc
 839 00ac 2E       		.uleb128 0x2e
 840 00ad 01       		.byte	0x1
 841 00ae 3F       		.uleb128 0x3f
 842 00af 19       		.uleb128 0x19
 843 00b0 03       		.uleb128 0x3
 844 00b1 0E       		.uleb128 0xe
 845 00b2 3A       		.uleb128 0x3a
 846 00b3 0B       		.uleb128 0xb
 847 00b4 3B       		.uleb128 0x3b
 848 00b5 0B       		.uleb128 0xb
 849 00b6 27       		.uleb128 0x27
 850 00b7 19       		.uleb128 0x19
 851 00b8 49       		.uleb128 0x49
 852 00b9 13       		.uleb128 0x13
 853 00ba 11       		.uleb128 0x11
 854 00bb 01       		.uleb128 0x1
 855 00bc 12       		.uleb128 0x12
 856 00bd 06       		.uleb128 0x6
 857 00be 40       		.uleb128 0x40
 858 00bf 18       		.uleb128 0x18
 859 00c0 9742     		.uleb128 0x2117
 860 00c2 19       		.uleb128 0x19
 861 00c3 00       		.byte	0
 862 00c4 00       		.byte	0
 863 00c5 00       		.byte	0
 864              		.section	.debug_loc,"",%progbits
 865              	.Ldebug_loc0:
 866              	.LLST0:
 867 0000 00000000 		.4byte	.LVL0
 868 0004 06000000 		.4byte	.LVL1
 869 0008 0100     		.2byte	0x1
 870 000a 50       		.byte	0x50
 871 000b 06000000 		.4byte	.LVL1
 872 000f 14000000 		.4byte	.LFE0
 873 0013 0400     		.2byte	0x4
 874 0015 F3       		.byte	0xf3
 875 0016 01       		.uleb128 0x1
 876 0017 50       		.byte	0x50
 877 0018 9F       		.byte	0x9f
 878 0019 00000000 		.4byte	0
 879 001d 00000000 		.4byte	0
 880              	.LLST1:
 881 0021 00000000 		.4byte	.LVL2
 882 0025 06000000 		.4byte	.LVL3
 883 0029 0100     		.2byte	0x1
 884 002b 50       		.byte	0x50
 885 002c 06000000 		.4byte	.LVL3
 886 0030 18000000 		.4byte	.LFE1
 887 0034 0400     		.2byte	0x4
 888 0036 F3       		.byte	0xf3
 889 0037 01       		.uleb128 0x1
 890 0038 50       		.byte	0x50
 891 0039 9F       		.byte	0x9f
 892 003a 00000000 		.4byte	0
 893 003e 00000000 		.4byte	0
 894              	.LLST2:
ARM GAS  C:\Users\victo\AppData\Local\Temp\ccOhe5DL.s 			page 36


 895 0042 00000000 		.4byte	.LVL4
 896 0046 08000000 		.4byte	.LVL7
 897 004a 0100     		.2byte	0x1
 898 004c 50       		.byte	0x50
 899 004d 08000000 		.4byte	.LVL7
 900 0051 14000000 		.4byte	.LFE4
 901 0055 0400     		.2byte	0x4
 902 0057 F3       		.byte	0xf3
 903 0058 01       		.uleb128 0x1
 904 0059 50       		.byte	0x50
 905 005a 9F       		.byte	0x9f
 906 005b 00000000 		.4byte	0
 907 005f 00000000 		.4byte	0
 908              	.LLST3:
 909 0063 04000000 		.4byte	.LVL5
 910 0067 06000000 		.4byte	.LVL6
 911 006b 0B00     		.2byte	0xb
 912 006d 70       		.byte	0x70
 913 006e 00       		.sleb128 0
 914 006f 0A       		.byte	0xa
 915 0070 FFFF     		.2byte	0xffff
 916 0072 1A       		.byte	0x1a
 917 0073 20       		.byte	0x20
 918 0074 73       		.byte	0x73
 919 0075 00       		.sleb128 0
 920 0076 1A       		.byte	0x1a
 921 0077 9F       		.byte	0x9f
 922 0078 00000000 		.4byte	0
 923 007c 00000000 		.4byte	0
 924              	.LLST4:
 925 0080 08000000 		.4byte	.LVL8
 926 0084 0C000000 		.4byte	.LVL9
 927 0088 0100     		.2byte	0x1
 928 008a 50       		.byte	0x50
 929 008b 0C000000 		.4byte	.LVL9
 930 008f 14000000 		.4byte	.LFE5
 931 0093 0400     		.2byte	0x4
 932 0095 72       		.byte	0x72
 933 0096 00       		.sleb128 0
 934 0097 06       		.byte	0x6
 935 0098 9F       		.byte	0x9f
 936 0099 00000000 		.4byte	0
 937 009d 00000000 		.4byte	0
 938              		.section	.debug_aranges,"",%progbits
 939 0000 44000000 		.4byte	0x44
 940 0004 0200     		.2byte	0x2
 941 0006 00000000 		.4byte	.Ldebug_info0
 942 000a 04       		.byte	0x4
 943 000b 00       		.byte	0
 944 000c 0000     		.2byte	0
 945 000e 0000     		.2byte	0
 946 0010 00000000 		.4byte	.LFB0
 947 0014 14000000 		.4byte	.LFE0-.LFB0
 948 0018 00000000 		.4byte	.LFB1
 949 001c 18000000 		.4byte	.LFE1-.LFB1
 950 0020 00000000 		.4byte	.LFB2
 951 0024 10000000 		.4byte	.LFE2-.LFB2
ARM GAS  C:\Users\victo\AppData\Local\Temp\ccOhe5DL.s 			page 37


 952 0028 00000000 		.4byte	.LFB3
 953 002c 10000000 		.4byte	.LFE3-.LFB3
 954 0030 00000000 		.4byte	.LFB4
 955 0034 14000000 		.4byte	.LFE4-.LFB4
 956 0038 00000000 		.4byte	.LFB5
 957 003c 14000000 		.4byte	.LFE5-.LFB5
 958 0040 00000000 		.4byte	0
 959 0044 00000000 		.4byte	0
 960              		.section	.debug_ranges,"",%progbits
 961              	.Ldebug_ranges0:
 962 0000 00000000 		.4byte	.LFB0
 963 0004 14000000 		.4byte	.LFE0
 964 0008 00000000 		.4byte	.LFB1
 965 000c 18000000 		.4byte	.LFE1
 966 0010 00000000 		.4byte	.LFB2
 967 0014 10000000 		.4byte	.LFE2
 968 0018 00000000 		.4byte	.LFB3
 969 001c 10000000 		.4byte	.LFE3
 970 0020 00000000 		.4byte	.LFB4
 971 0024 14000000 		.4byte	.LFE4
 972 0028 00000000 		.4byte	.LFB5
 973 002c 14000000 		.4byte	.LFE5
 974 0030 00000000 		.4byte	0
 975 0034 00000000 		.4byte	0
 976              		.section	.debug_line,"",%progbits
 977              	.Ldebug_line0:
 978 0000 D4000000 		.section	.debug_str,"MS",%progbits,1
 978      02004F00 
 978      00000201 
 978      FB0E0D00 
 978      01010101 
 979              	.LASF15:
 980 0000 72656733 		.ascii	"reg32\000"
 980      3200
 981              	.LASF19:
 982 0006 76616C75 		.ascii	"value\000"
 982      6500
 983              	.LASF13:
 984 000c 646F7562 		.ascii	"double\000"
 984      6C6500
 985              	.LASF16:
 986 0013 56425553 		.ascii	"VBUS_OVP_TRIP_P1_SetDriveMode\000"
 986      5F4F5650 
 986      5F545249 
 986      505F5031 
 986      5F536574 
 987              	.LASF12:
 988 0031 666C6F61 		.ascii	"float\000"
 988      7400
 989              	.LASF1:
 990 0037 756E7369 		.ascii	"unsigned char\000"
 990      676E6564 
 990      20636861 
 990      7200
 991              	.LASF30:
 992 0045 64725661 		.ascii	"drVal\000"
 992      6C00
ARM GAS  C:\Users\victo\AppData\Local\Temp\ccOhe5DL.s 			page 38


 993              	.LASF28:
 994 004b 2E5C4765 		.ascii	".\\Generated_Source\\PSoC4\\VBUS_OVP_TRIP_P1.c\000"
 994      6E657261 
 994      7465645F 
 994      536F7572 
 994      63655C50 
 995              	.LASF3:
 996 0077 73686F72 		.ascii	"short unsigned int\000"
 996      7420756E 
 996      7369676E 
 996      65642069 
 996      6E7400
 997              	.LASF24:
 998 008a 56425553 		.ascii	"VBUS_OVP_TRIP_P1_ClearInterrupt\000"
 998      5F4F5650 
 998      5F545249 
 998      505F5031 
 998      5F436C65 
 999              	.LASF5:
 1000 00aa 6C6F6E67 		.ascii	"long unsigned int\000"
 1000      20756E73 
 1000      69676E65 
 1000      6420696E 
 1000      7400
 1001              	.LASF20:
 1002 00bc 56425553 		.ascii	"VBUS_OVP_TRIP_P1_Read\000"
 1002      5F4F5650 
 1002      5F545249 
 1002      505F5031 
 1002      5F526561 
 1003              	.LASF10:
 1004 00d2 75696E74 		.ascii	"uint16\000"
 1004      313600
 1005              	.LASF23:
 1006 00d9 706F7369 		.ascii	"position\000"
 1006      74696F6E 
 1006      00
 1007              	.LASF11:
 1008 00e2 75696E74 		.ascii	"uint32\000"
 1008      333200
 1009              	.LASF17:
 1010 00e9 56425553 		.ascii	"VBUS_OVP_TRIP_P1_Write\000"
 1010      5F4F5650 
 1010      5F545249 
 1010      505F5031 
 1010      5F577269 
 1011              	.LASF25:
 1012 0100 696E7472 		.ascii	"intrCfg\000"
 1012      43666700 
 1013              	.LASF8:
 1014 0108 756E7369 		.ascii	"unsigned int\000"
 1014      676E6564 
 1014      20696E74 
 1014      00
 1015              	.LASF7:
 1016 0115 6C6F6E67 		.ascii	"long long unsigned int\000"
 1016      206C6F6E 
ARM GAS  C:\Users\victo\AppData\Local\Temp\ccOhe5DL.s 			page 39


 1016      6720756E 
 1016      7369676E 
 1016      65642069 
 1017              	.LASF27:
 1018 012c 474E5520 		.ascii	"GNU C 4.9.3 20150303 (release) [ARM/embedded-4_9-br"
 1018      4320342E 
 1018      392E3320 
 1018      32303135 
 1018      30333033 
 1019 015f 616E6368 		.ascii	"anch revision 221220] -mcpu=cortex-m0 -mthumb -g -O"
 1019      20726576 
 1019      6973696F 
 1019      6E203232 
 1019      31323230 
 1020 0192 73202D66 		.ascii	"s -ffunction-sections -finline-functions -flto -ffa"
 1020      66756E63 
 1020      74696F6E 
 1020      2D736563 
 1020      74696F6E 
 1021 01c5 742D6C74 		.ascii	"t-lto-objects -fno-strict-aliasing\000"
 1021      6F2D6F62 
 1021      6A656374 
 1021      73202D66 
 1021      6E6F2D73 
 1022              	.LASF18:
 1023 01e8 6D6F6465 		.ascii	"mode\000"
 1023      00
 1024              	.LASF29:
 1025 01ed 433A5C55 		.ascii	"C:\\Users\\victo\\OneDrive\\Documents\\PSoC Creator"
 1025      73657273 
 1025      5C766963 
 1025      746F5C4F 
 1025      6E654472 
 1026 021b 5C435950 		.ascii	"\\CYPD4225-40LQXI_0805\\CYPD4225-40LQXI_notebook01."
 1026      44343232 
 1026      352D3430 
 1026      4C515849 
 1026      5F303830 
 1027 024c 63796473 		.ascii	"cydsn\000"
 1027      6E00
 1028              	.LASF21:
 1029 0252 56425553 		.ascii	"VBUS_OVP_TRIP_P1_ReadDataReg\000"
 1029      5F4F5650 
 1029      5F545249 
 1029      505F5031 
 1029      5F526561 
 1030              	.LASF6:
 1031 026f 6C6F6E67 		.ascii	"long long int\000"
 1031      206C6F6E 
 1031      6720696E 
 1031      7400
 1032              	.LASF26:
 1033 027d 6D61736B 		.ascii	"maskedStatus\000"
 1033      65645374 
 1033      61747573 
 1033      00
 1034              	.LASF14:
ARM GAS  C:\Users\victo\AppData\Local\Temp\ccOhe5DL.s 			page 40


 1035 028a 63686172 		.ascii	"char\000"
 1035      00
 1036              	.LASF2:
 1037 028f 73686F72 		.ascii	"short int\000"
 1037      7420696E 
 1037      7400
 1038              	.LASF9:
 1039 0299 75696E74 		.ascii	"uint8\000"
 1039      3800
 1040              	.LASF4:
 1041 029f 6C6F6E67 		.ascii	"long int\000"
 1041      20696E74 
 1041      00
 1042              	.LASF0:
 1043 02a8 7369676E 		.ascii	"signed char\000"
 1043      65642063 
 1043      68617200 
 1044              	.LASF22:
 1045 02b4 56425553 		.ascii	"VBUS_OVP_TRIP_P1_SetInterruptMode\000"
 1045      5F4F5650 
 1045      5F545249 
 1045      505F5031 
 1045      5F536574 
 1046              		.comm	__gnu_lto_v1,1,1
 1047              		.ident	"GCC: (GNU Tools for ARM Embedded Processors) 4.9.3 20150303 (release) [ARM/embedded-4_9-br
