ARM GAS  C:\Users\victo\AppData\Local\Temp\ccKxOIMk.s 			page 1


   1              		.cpu cortex-m0
   2              		.fpu softvfp
   3              		.eabi_attribute 20, 1
   4              		.eabi_attribute 21, 1
   5              		.eabi_attribute 23, 3
   6              		.eabi_attribute 24, 1
   7              		.eabi_attribute 25, 1
   8              		.eabi_attribute 26, 1
   9              		.eabi_attribute 30, 4
  10              		.eabi_attribute 34, 0
  11              		.eabi_attribute 18, 4
  12              		.code	16
  13              		.file	"VBUS_C_CTRL_P2.c"
  14              		.text
  15              	.Ltext0:
  16              		.section	.gnu.lto_.profile.92f6783f,"",%progbits
  17 0000 789C6366 		.ascii	"x\234cf```a\200\000F\006uE\000\000\343\000Q"
  17      60606061 
  17      80004606 
  17      75450000 
  17      E30051
  18              		.text
  19              		.section	.gnu.lto_.jmpfuncs.92f6783f,"",%progbits
  20 0000 789C6366 		.ascii	"x\234cf\300\016d\2404\033\003##c=#\210`b``f``abdd\256"
  20      C00E64A0 
  20      341B0323 
  20      23633D23 
  20      88606260 
  21 001d AF6705CA 		.ascii	"\257g\005\312\001\000 \267\002>"
  21      010020B7 
  21      023E
  22              		.text
  23              		.section	.gnu.lto_.inline.92f6783f,"",%progbits
  24 0000 789C6366 		.ascii	"x\234cf\300\016f@i6\006\006\016vFF\006F\006\006f\216"
  24      C00E6640 
  24      69360606 
  24      0E764646 
  24      06460606 
  25 0016 03760C6C 		.ascii	"\003v\014l\013\344\231\030\230.\360\263\200$\031\031"
  25      0BE49918 
  25      982EF0B3 
  25      80241919 
  26 0026 3839D0E5 		.ascii	"89\320\345X\026\310\203\345\230\030\330X\031\031\230"
  26      5816C883 
  26      E59818D8 
  26      58191998 
  27 0036 D83EE841 		.ascii	"\330>\350A\304\201\200\031S\210\005d\002\023\310\004"
  27      C4818019 
  27      53880564 
  27      0213C804 
  28 0046 A0390C2C 		.ascii	"\2409\014,\2506\000\011\036\220\"V\006v6\240>\270$\010"
  28      A8360009 
  28      1E902256 
  28      067636A0 
  28      3EB82408 
  29 005a 0000BE90 		.ascii	"\000\000\276\220\017\254"
  29      0FAC
ARM GAS  C:\Users\victo\AppData\Local\Temp\ccKxOIMk.s 			page 2


  30              		.text
  31              		.section	.gnu.lto_.pureconst.92f6783f,"",%progbits
  32 0000 789C6366 		.ascii	"x\234cf``\340e\200\0006\006)F)&)f)\026)V)\000\005\261"
  32      6060E065 
  32      80003606 
  32      29462926 
  32      29662916 
  33 001a 00C2     		.ascii	"\000\302"
  34              		.text
  35              		.section	.gnu.lto_VBUS_C_CTRL_P2_SetDriveMode.92f6783f,"",%progbits
  36 0000 789C7D51 		.ascii	"x\234}Q\317+DQ\030\375\316}\317\233\221D\226\263\260"
  36      CF2B4451 
  36      18FDCE7D 
  36      CF9B9144 
  36      96B3B0
  37 0013 1B2214F9 		.ascii	"\033\"\024\371\003d\0266\0262XM\015\361\312\206)\261"
  37      03641636 
  37      1632584D 
  37      0DF1CA86 
  37      29B1
  38 0025 76674C91 		.ascii	"vgL\221\325\020\345GV\322`\374(\026\266/\0136\"\026"
  38      D510E547 
  38      56D260FC 
  38      2816B62F 
  38      0B362216 
  39 0039 689AD88C 		.ascii	"h\232\330\214_eA\204Y\350\371>3;\345\325\375\356wO\347"
  39      5F654184 
  39      59E8F93E 
  39      333BE5D5 
  39      FDEE774F 
  40 004e 9C7BBEFB 		.ascii	"\234{\276\373\014\372\373\371xm\201\250\221w\030\004"
  40      0CFAFBF9 
  40      786D81A8 
  40      91771804 
  41 005e 9538258A 		.ascii	"\2258%\212z\025 \015\201\306\025\306\361\244^\025\022"
  41      7A15200D 
  41      81C615C6 
  41      F1A45E15 
  41      12
  42 006f 4E6AA1A4 		.ascii	"Nj\241\244zMk\375\022\333\037\324s\2759E\364\246\362"
  42      7A4D6BFD 
  42      12DB1FD4 
  42      73BD3945 
  42      F4A6F2
  43 0082 3E48A29A 		.ascii	">H\242\2329\017\271\247d\251Q\017\342\376{\346\352B"
  43      390FB9A7 
  43      64A9510F 
  43      E2FE7BE6 
  43      EA42
  44 0094 F957B58E 		.ascii	"\371W\265\2169\231\035\335\202\034\233\256\303`\005"
  44      39991DDD 
  44      821C9BAE 
  44      C36005
  45 00a3 EA7CA8F1 		.ascii	"\352|\250\361\021\003\204\015\370\205\374\032\377\276"
  45      1103840D 
  45      F885FC1A 
  45      FFBE
ARM GAS  C:\Users\victo\AppData\Local\Temp\ccKxOIMk.s 			page 3


  46 00b1 2AB1E26C 		.ascii	"*\261\342l^\236\367\304&,\316E\273\025\216v\335\267"
  46      5E9EF7C4 
  46      262CCE45 
  46      BB158E76 
  46      DDB7
  47 00c3 93F3C72A 		.ascii	"\223\363\307*\024+\326(C\212\011Q\026IkI\361H!\312\362"
  47      142BD628 
  47      438A0951 
  47      16496B49 
  47      F14821CA 
  48 00d8 92E0777C 		.ascii	"\222\340w|\340\335H\343\360c\372r\321\022\267O%S\354"
  48      E0DD48E3 
  48      F063FA72 
  48      D112B74F 
  48      2553EC
  49 00eb 45E7EFF1 		.ascii	"E\347\357\361\250r\312\230\232JhS\356\276\315\236\235"
  49      A872CA98 
  49      9A4A6853 
  49      EEBECD9E 
  49      9D
  50 00fc 7B7F2192 		.ascii	"{\177!\222\343\363\2223\351Y\301r4\316\221M\244\340"
  50      E3F39233 
  50      E959C172 
  50      34CE914D 
  50      A4E0
  51 010e C316F89D 		.ascii	"\303\026\370\235\260\215\025P\032\023_\005;#\357\230"
  51      B08D1550 
  51      1A135F05 
  51      3B23EF98 
  52 011e DABBAE14 		.ascii	"\332\273\256\024\265:v]\267\214\260\303\3444b7\236<"
  52      B53A765D 
  52      B78CB0C3 
  52      E4346237 
  52      9E3C
  53 0130 ABE85399 		.ascii	"\253\350S\231\242\312\024T\002\301/\224\211\367\002"
  53      A2CA1454 
  53      02C12F94 
  53      89F702
  54 013f E4F9F5B2 		.ascii	"\344\371\365\262\030:\234\205@\377\245\330\345\024,"
  54      183A9C85 
  54      40FFA5D8 
  54      E5142C
  55 014e A11B449D 		.ascii	"\241\033D\235\203#%t\371\001Y~L\236\230\347\257m\010"
  55      83232574 
  55      F901597E 
  55      4C9E98E7 
  55      AF6D08
  56 0161 B5D9C3F6 		.ascii	"\265\331\303\366H\337\250=\020\016F\306F\372\355PG0"
  56      48DFA83D 
  56      100E46C6 
  56      46FAED50 
  56      4730
  57 0173 12680EF5 		.ascii	"\022h\016\365\264v\007\303\201p\240\253\263=\334\321"
  57      B47607C3 
  57      8170A0AB 
  57      B33DDCD1 
  58 0183 D4D04FE6 		.ascii	"\324\320O\346Pd\300\376\001\005\270\241["
ARM GAS  C:\Users\victo\AppData\Local\Temp\ccKxOIMk.s 			page 4


  58      5064C0FE 
  58      0105B8A1 
  58      5B
  59              		.text
  60              		.section	.gnu.lto_VBUS_C_CTRL_P2_Write.92f6783f,"",%progbits
  61 0000 789C6592 		.ascii	"x\234e\222Oh\023A\024\306\347\315\354fS\342A\274Xr\361"
  61      4F681341 
  61      14C6E7CD 
  61      EC6653E2 
  61      41BC5872 
  62 0015 504A51B4 		.ascii	"PJQ\264\007\365 x\021s\350\305C1\332S0\204v\017B\261"
  62      07F52078 
  62      1173E8C5 
  62      4331DA53 
  62      3084760F 
  63 002b 106CAF9D 		.ascii	"\020l\257\235\255\261-=h\224\"\025IDE\374\023mk\013"
  63      ADB12D3D 
  63      68942215 
  63      494445FC 
  63      136D6B0B 
  64 003f 82785922 		.ascii	"\202xY\"(\202\266\024\241j\0111\241\021Z\360`\377P\315"
  64      2882B614 
  64      A16A0931 
  64      A1115AF0 
  64      60FF50CD 
  65 0053 A1C6EFED 		.ascii	"\241\306\357\355\\\014.\2733\273\337~\2777\337\274]"
  65      5C0C2EBB 
  65      33BBDF7E 
  65      BF37DFBC 
  65      5D
  66 0064 25FE3FA2 		.ascii	"%\376?\242\270.J!N`&%Hf\027\204\360\302\222\210o\004"
  66      B82E4A21 
  66      4E602625 
  66      48661784 
  66      F0C29288 
  67 007a 896149C3 		.ascii	"\211aI\303\264.7$e\375\302T\244\343\241\326\372\347"
  67      B42E3724 
  67      65FDC254 
  67      A4E3A1D6 
  67      FAE7
  68 008c E6EBD6AB 		.ascii	"\346\353\326\253\255u`[\322\224\241G\324\001\313VAO"
  68      AD75605B 
  68      D294A147 
  68      D401CB56 
  68      414F
  69 009e 2A758404 		.ascii	"*u\204\004\356g\227>\376q\332\037h=\342\277\237\326"
  69      EE67973E 
  69      FE71DA1F 
  69      683DE2BF 
  69      9FD6
  70 00b0 A7A88E9A 		.ascii	"\247\250\216\232\217I\201\240\303Q:\030\025\020\004"
  70      8F4981A0 
  70      C3513A18 
  70      151004
  71 00bf 3DA17636 		.ascii	"=\241v6o\336*\354Hu,\000\253\367W\357:m\367\000V\326"
  71      6FDE2AEC 
  71      48752C00 
ARM GAS  C:\Users\victo\AppData\Local\Temp\ccKxOIMk.s 			page 5


  71      ABF757EF 
  71      3A6DF700 
  72 00d5 57DF46F4 		.ascii	"W\337F\364\224\316T\032\215\003\314?\375\2277\007\200"
  72      94CE541A 
  72      8D03CC3F 
  72      FD973707 
  72      80
  73 00e6 8DCCEEE7 		.ascii	"\215\314\356\347H(\203`{\251@m&\024=\243\020abef\237"
  73      48288360 
  73      7BA9406D 
  73      26143DA3 
  73      10616265 
  74 00fc AF1B8DF9 		.ascii	"\257\033\215\371\355\033\343')\"\261\260T\030\224%\370"
  74      ED1BE327 
  74      2922B1B0 
  74      54189425 
  74      F8
  75 010d A54D1C22 		.ascii	"\245M\034\"\304\202\303C8P[\330%D\015\0277\342;\036"
  75      C482C343 
  75      38505BD8 
  75      25440D17 
  75      37E23B1E 
  76 0121 30AB152A 		.ascii	"0\253\025*\356L,\344\207\270\372/\311]\251\026o_\013"
  76      EE4C2CE4 
  76      87B8FA2F 
  76      C95DA916 
  76      6F5F0B
  77 0134 AFC9BAB4 		.ascii	"\257\311\272\264\364xV[\234\347[mq\311HA\274W?\274O"
  77      F478565B 
  77      9CE75B6D 
  77      71C94841 
  77      BC573FBC 
  78 0149 4E8EEE78 		.ascii	"N\216\356x\031\364\300\246\347\024\245iB|\232\241\034"
  78      19F4C0A6 
  78      E714A569 
  78      427C9AA1 
  78      1C
  79 015a 89151AF9 		.ascii	"\211\025\032\3712V\222\246\240BM(W~\217\226\310(\026"
  79      325692A6 
  79      A0424D28 
  79      577E8F96 
  79      C82816
  80 016d 44D49878 		.ascii	"D\324\230x\371aRqI\265\213\246\315\002_\246\200\341"
  80      F9615271 
  80      49B58BA6 
  80      CD025FA6 
  80      80E1
  81 017f AC703154 		.ascii	"\254p1T\032]\316_0\024N\033\324\273\334\332\234\025"
  81      1A5DCE5F 
  81      30144E1B 
  81      D4BBDCDA 
  81      9C15
  82 0191 50805E00 		.ascii	"P\200^\000j*\355\300\007\323b\345\315\365=l\"tv\316"
  82      6A2AEDC0 
  82      07D362E5 
  82      CDF53D6C 
  82      227476CE 
ARM GAS  C:\Users\victo\AppData\Local\Temp\ccKxOIMk.s 			page 6


  83 01a5 98B643C6 		.ascii	"\230\266C\306\022\016\0028\315\213\2059sy\254\234O\033"
  83      120E0238 
  83      CD8B8539 
  83      7379AC9C 
  83      4F1B
  84 01b7 538B918A 		.ascii	"S\213\221\2127\253\373Yh\332\261\347\333\315{\236\307"
  84      37ABFB59 
  84      68DAB1E7 
  84      DBCD7B9E 
  84      C7
  85 01c8 9E818832 		.ascii	"\236\201\2102y\376\327.\366\363G\254\341W@{\321\354"
  85      79FED72E 
  85      F6F347AC 
  85      E157407B 
  85      D1EC
  86 01da 439D892E 		.ascii	"C\235\211.\367\222\233N]v\373\222\361\201\301t\257\233"
  86      F7929B4E 
  86      5D76FB92 
  86      F181C174 
  86      AF9B
  87 01ec E88E0FC4 		.ascii	"\350\216\017\304\216'zN\237\217'c\311\330\271\263g\222"
  87      8E277A4E 
  87      9F8F2763 
  87      C9D8B9B3 
  87      6792
  88 01fe DD473B7B 		.ascii	"\335G;{\205=\224\352\037t\355\276tO\252\377/,9\342M"
  88      853D94EA 
  88      1F74EDBE 
  88      744FAAFF 
  88      2F2C39E2 
  89              		.text
  90              		.section	.gnu.lto_VBUS_C_CTRL_P2_Read.92f6783f,"",%progbits
  91 0000 789C654F 		.ascii	"x\234eO\277KBa\024\275\347\276\247\031.\321\024\316"
  91      BF4B4261 
  91      14BDE7BE 
  91      A7192ED1 
  91      14CE
  92 0012 9114E610 		.ascii	"\221\024\346\020\375\0059\2644HVC\010\217\260\267&H"
  92      FD0539B4 
  92      34485643 
  92      088FB0B7 
  92      2648
  93 0024 CD3EED65 		.ascii	"\315>\355e? \220\226\242p\214\262\004\347\266h\026#"
  93      3F209096 
  93      A2708CB2 
  93      04E7B668 
  93      1623
  94 0036 8404095B 		.ascii	"\204\004\011[\024\014\032\022\245zP\331\375\264\255"
  94      140C1A12 
  94      A57A50D9 
  94      FDB4AD
  95 0045 0FBE7BBF 		.ascii	"\017\276{\277{\356\341\234\363i\364\377\370\344N\203"
  95      7BEEE19C 
  95      F369F4FF 
  95      F8E44E83 
  96 0055 28201D1A 		.ascii	"( \035\032\201\263e\242\224\207\001\365 P\222\221\304"
  96      81B365A2 
ARM GAS  C:\Users\victo\AppData\Local\Temp\ccKxOIMk.s 			page 7


  96      948701F5 
  96      20509291 
  96      C4
  97 0066 0BB719A5 		.ascii	"\013\267\031\245\233\237\012\374\347\226\225~KW\236"
  97      9B9F0AFC 
  97      E796957E 
  97      4B579E
  98 0075 BC3B630E 		.ascii	"\274;c\016\023u\230\020\360aR\351\340\002~\022b\333"
  98      13759810 
  98      F06152E9 
  98      E0027E12 
  98      62DB
  99 0087 FEAE7ADD 		.ascii	"\376\256z\335\266eY#j/\213K\270\305\203\212\243\267"
  99      B6655923 
  99      6A2F8B4B 
  99      B8C5838A 
  99      A3B7
 100 0099 56AFD729 		.ascii	"V\257\327)\035\265&\330\315\344\2608J\321Uq\221\222"
 100      1DB526D8 
 100      CDE4B038 
 100      4AD15571 
 100      9192
 101 00ab A38614E5 		.ascii	"\243\206\024\345\334dV]\253\341\356\375\3401\277\252"
 101      DC64565D 
 101      ABE1EEFD 
 101      E031BFAA 
 102 00bb 243E58C5 		.ascii	"$>X\3058.\357\237\350-v\230\355\275\254\245+\303\347"
 102      382EEF9F 
 102      E82D7698 
 102      EDBDACA5 
 102      2BC3E7
 103 00ce C6FD83A7 		.ascii	"\306\375\203\247\017\221\032\017\013\305\327\341\034"
 103      0F911A0F 
 103      0BC5D7E1 
 103      1C
 104 00db CE52361C 		.ascii	"\316R6\034\326\220\207\017W\220\200\270F\016T\303\366"
 104      D690870F 
 104      579080B8 
 104      460E54C3 
 104      F6
 105 00ec 67E64B1F 		.ascii	"g\346K\037\010j\003\315\323j\263\253)\001\310w\012\302"
 105      086A03CD 
 105      D36AB3AB 
 105      2901C877 
 105      0AC2
 106 00fe 15523DD3 		.ascii	"\025R=\323\035\032\220t\341a\\\201\351\372n`\200\271"
 106      1D1A9074 
 106      E1615C81 
 106      E9FA6E60 
 106      80B9
 107 0110 04A63AF0 		.ascii	"\004\246:\3607\365\223C%\226\010S\301\350\274\271a&"
 107      37F59343 
 107      25960853 
 107      C1E8BCB9 
 107      6126
 108 0122 D636CD75 		.ascii	"\3266\315u#\022\337J\304\314h8\022\017\315FW\346\226"
 108      2312DF4A 
ARM GAS  C:\Users\victo\AppData\Local\Temp\ccKxOIMk.s 			page 8


 108      C4CC6838 
 108      120FCD46 
 108      57E696
 109 0135 2346C808 		.ascii	"#F\310\010--.\030\341\231`\214~\001\025\254vo"
 109      2D2D2E18 
 109      E199608C 
 109      7E0115AC 
 109      766F
 110              		.text
 111              		.section	.gnu.lto_VBUS_C_CTRL_P2_ReadDataReg.92f6783f,"",%progbits
 112 0000 789C654F 		.ascii	"x\234eO\277K\202Q\024\275\347~\237?\300%\232\3029\220"
 112      BF4B8251 
 112      14BDE77E 
 112      9F3FC025 
 112      9AC23990 
 113 0014 C21CAABF 		.ascii	"\302\034\252\277 \207\226\006\311j\010\341#\3145Aj\366"
 113      20879606 
 113      C96A08E1 
 113      23CC3541 
 113      6AF6
 114 0026 6966D110 		.ascii	"if\321\020\322V\341\030\375\022\232\335\3029\212p\220"
 114      D256E118 
 114      FD129ADD 
 114      C2398A70 
 114      90
 115 0037 248C40C3 		.ascii	"$\214@\303\240!Q\254\017*\273\257\257\255\007\357\336"
 115      A02151AC 
 115      0F2ABBAF 
 115      AFAD07EF 
 115      DE
 116 0048 77CF3D9C 		.ascii	"w\317=\234s\236A\377\217_\356\004\210\202\322a\020\270"
 116      739E41FF 
 116      8F5FEE04 
 116      8882D261 
 116      10B8
 117 005a 704394F1 		.ascii	"pC\224\3612\240\037\004J3\322x\341\016\343\272\374]"
 117      32A01F04 
 117      4A33D278 
 117      E10EE3BA 
 117      FC5D
 118 006c 45E058A9 		.ascii	"E\340X\251\354[\345\376\301\2675b3Q\227\011A?\306\264"
 118      EC5BE5FE 
 118      C1B73562 
 118      33519709 
 118      413FC6B4 
 119 0080 0E4E1020 		.ascii	"\016N\020 !vr_5\237;\247\224\032\322{Y\234\302-\036"
 119      2176725F 
 119      359F3BA7 
 119      941AD27B 
 119      599CC22D 
 120 0095 74397CA5 		.ascii	"t9|\245\006\203\356\363~{\212\335L6\213\243\024S\027"
 120      0683EEF3 
 120      7E7B8ADD 
 120      4C368BA3 
 120      145317
 121 00a8 1769396A 		.ascii	"\027i9jJ\321\316-f\335\215:*\375\335~iYK\274\263\216"
 121      4AD1CE2D 
ARM GAS  C:\Users\victo\AppData\Local\Temp\ccKxOIMk.s 			page 9


 121      66DD8D3A 
 121      2AFDDD7E 
 121      69594BBC 
 122 00be F15439D8 		.ascii	"\361T9\330\363\266\331fV;\005ej\303\307\346\355\235"
 122      F3B6D966 
 122      563B0565 
 122      6AC3C7E6 
 122      ED9D
 123 00d0 03911ECB 		.ascii	"\003\221\036\313\257\231\252\247\210\243L\0166\0338"
 123      AF99AAA7 
 123      88A34C0E 
 123      361B38
 124 00df 831FE790 		.ascii	"\203\037\347\220\200\270@\021T\307\346G\376\323t\004"
 124      80B84011 
 124      54C7E647 
 124      FED37404 
 125 00ef 0D47F3B0 		.ascii	"\015G\363\260\326\352\031Z\000\362\235\222p\205\324"
 125      D6EA195A 
 125      00F29D92 
 125      7085D4
 126 00fe C8F73C0E 		.ascii	"\310\367<\016\311\024\036F5\230ml\007\035\314%05\200"
 126      C9141E46 
 126      35986D6C 
 126      071DCC25 
 126      303580
 127 0111 BFE93739 		.ascii	"\277\35179tb\2110\036\212\315&\326\022\251\225\365\304"
 127      74628930 
 127      1E8ACD26 
 127      D612A995 
 127      F5C4
 128 0123 AA154D6E 		.ascii	"\252\025Mn\244\342\211X$\232\014O\307\226f\026\243V"
 128      A4E28958 
 128      249A0C4F 
 128      C7966616 
 128      A356
 129 0135 D80A2FCC 		.ascii	"\330\012/\314\317Y\221\311P\234~\000\004bwf"
 129      CF5991C9 
 129      509C7E00 
 129      04627766 
 130              		.text
 131              		.section	.gnu.lto_VBUS_C_CTRL_P2_SetInterruptMode.92f6783f,"",%progbits
 132 0000 789C6D91 		.ascii	"x\234m\221Ah\023Q\020\206\337\274\267\273\3314Q\212"
 132      41681351 
 132      1086DFBC 
 132      B7BBD934 
 132      518A
 133 0012 A7121085 		.ascii	"\247\022\020\205\022\012\212=\210x\361\"\315\301\213"
 133      120A8A3D 
 133      8878F122 
 133      CDC18B
 134 0021 4830EA29 		.ascii	"H0\352)\020\244]%\007\023\211\361\344\241\2731\246\""
 134      10A45D25 
 134      071389F1 
 134      E4A1BB31 
 134      A622
 135 0033 1E422D52 		.ascii	"\036B-R,E\212J[\243m\264*\232\323\022\013\026\212\332"
 135      2C458A4A 
ARM GAS  C:\Users\victo\AppData\Local\Temp\ccKxOIMk.s 			page 10


 135      5BA36DB4 
 135      2A9AD312 
 135      0B168ADA 
 136 0047 4269A1D2 		.ascii	"Bi\241\322\264\326D-T\264M4\215\240qf\267\036\212.\354"
 136      B4D6442D 
 136      54B44D34 
 136      8DA07166 
 136      B71E8A2E 
 137 005c 7B6F3E66 		.ascii	"{o>f\376\367\317<\301\376\375<\370\337\345\214\265\341"
 137      FEF7CF3C 
 137      C1FEFD3C 
 137      F8DFE58C 
 137      B5E1
 138 006e 0E82014F 		.ascii	"\016\202\001O\277a\314P9\000\035\030\260N\016\235\260"
 138      BF61CC50 
 138      39001D18 
 138      B04E0E9D 
 138      B0
 139 007f C2D738A4 		.ascii	"\302\3278\244\315L\257\253\345\236\256\353\337\326\313"
 139      CD4CAFAB 
 139      E59EAEEB 
 139      DFD6CB
 140 008e 4D579A6A 		.ascii	"MW\232jXV\346\266\014\014B\013\246\224\236\017\\\022"
 140      5856E6B6 
 140      0C0C420B 
 140      A6949E0F 
 140      5C12
 141 00a0 FB80E171 		.ascii	"\373\200\341qry\243\354\376\314k\034\032)\2745W\252"
 141      7279A3EC 
 141      FECC6B1C 
 141      1A29BC35 
 141      57AA
 142 00b2 080A39A7 		.ascii	"\010\0129\24703\336\223ux\357\350z\302\\\310\352\207"
 142      3033DE93 
 142      7578EFE8 
 142      7AC25CC8 
 142      EA87
 143 00c4 910B1802 		.ascii	"\221\013\030\002\201r0\014\036\270\017\036\206\210A"
 143      8172300C 
 143      1EB80F1E 
 143      868841
 144 00d3 06BC98FD 		.ascii	"\006\274\230\375\251\2662\270M\034\264t\227\215\333"
 144      A9B632B8 
 144      4D1CB474 
 144      978DDB
 145 00e2 DF5D76E5 		.ascii	"\337]v\345\357\277\225\017\376S\371\020\274\224>\365"
 145      EFBF950F 
 145      FE53F910 
 145      BC943EF5 
 146 00f2 B2E7832C 		.ascii	"\262\347\203,\016Y\245/F*\257]\226\245\335\024\346\272"
 146      0E59A52F 
 146      462AAF5D 
 146      96A5DD14 
 146      E6BA
 147 0104 277A15CB 		.ascii	"'z\025\313\222D\341\227\233\371>\336<\200\302K\303]"
 147      9244E197 
 147      9BF93EDE 
ARM GAS  C:\Users\victo\AppData\Local\Temp\ccKxOIMk.s 			page 11


 147      3C80C24B 
 147      C35D
 148 0116 AFDCFA84 		.ascii	"\257\334\372\204\236\\\252\327w\325\270\004#\266\376"
 148      9E5CAAD7 
 148      77D5B804 
 148      23B6FE
 149 0125 28EA67C1 		.ascii	"(\352g\301\26399,YK\376\232s)I\234H#<\202f{\032\360"
 149      B339392C 
 149      594BFE9A 
 149      7329499C 
 149      48233C82 
 150 013d 1814C08D 		.ascii	"\030\024\300\215\310\350\016S\257\327\307fn\014\355"
 150      C8E80E53 
 150      AFD7C766 
 150      6E0CED
 151 014c 156E8EC6 		.ascii	"\025n\216\306d\001\324\223DG\231\026\205Q\236\003\310"
 151      6401D493 
 151      44479916 
 151      85519E03 
 151      C8
 152 015d AF8A4071 		.ascii	"\257\212@q\022m\240\205\261\"\352\3213\224ph\270\213"
 152      126DA085 
 152      B122EAD1 
 152      33947068 
 152      B88B
 153 016f 79C8FFB8 		.ascii	"y\310\377\270V\310\371\351\212*\2477Y\230\232Ll\247"
 153      56C8F9E9 
 153      8A2AA737 
 153      59989A4C 
 153      6CA7
 154 0181 1E1CD7AF 		.ascii	"\036\034\327\257\246u\253\217\305\342\333i\325B\226"
 154      A675AB8F 
 154      C5E2DB69 
 154      D54296
 155 0190 C7ECECD7 		.ascii	"\307\354\354\327i\321\017}F\022j\\\2051\354\341\011"
 155      69D10F7D 
 155      46126A5C 
 155      8531ECE1 
 155      09
 156 01a1 F5004FA1 		.ascii	"\365\000O\241\037\330<$\012]3\212-(UqpH~\246\306e\233"
 156      1FD83C24 
 156      0A5D338A 
 156      2D285571 
 156      70487EA6 
 157 01b8 C808915C 		.ascii	"\310\010\221\\\336H\255\202M\350^\344l\026\270\325("
 157      DE48AD82 
 157      4DE85EE4 
 157      6C16B8D5 
 157      28
 158 01c9 9A4768E7 		.ascii	"\232Gh\347|\314\255of\251\250TE\003$\357\260\221\023"
 158      7CCCAD6F 
 158      66A9A854 
 158      450324EF 
 158      B09113
 159 01dc 29A55552 		.ascii	")\245UR\253\222M\032,5'\302|\367\373\235\304\266\330"
 159      AB924D1A 
 159      2C3527C2 
ARM GAS  C:\Users\victo\AppData\Local\Temp\ccKxOIMk.s 			page 12


 159      7CF7FB9D 
 159      C4B6D8
 160 01ef 354C79AB 		.ascii	"5Ly\253\341gh\030\253X\001\014\363\3351\312\247g(r\240"
 160      E1676818 
 160      AB58010C 
 160      F3DD31CA 
 160      A7672872 
 161 0204 D9E0A4F6 		.ascii	"\331\340\244\366\264\006\217h\021-v:\256u\204\002\321"
 161      B4068F68 
 161      112D763A 
 161      AE758402 
 161      D1
 162 0215 8BB1762D 		.ascii	"\213\261v-\350\017D}\007\202\247\332N\006B\276\220\357"
 162      E80F447D 
 162      0782A7DA 
 162      4E0642BE 
 162      90EF
 163 0227 C4F1A321 		.ascii	"\304\361\243!\377\376\326v\246\236\217^\010\307\303"
 163      FFFED676 
 163      A69E8F5E 
 163      08C7C3
 164 0236 D188742E 		.ascii	"\321\210t.\332\2419\302\221x\314w\346\354\037p\241\000"
 164      DAA139C2 
 164      9178CC77 
 164      E6EC1F70 
 164      A100
 165 0248 95       		.ascii	"\225"
 166              		.text
 167              		.section	.gnu.lto_VBUS_C_CTRL_P2_ClearInterrupt.92f6783f,"",%progbits
 168 0000 789C6590 		.ascii	"x\234e\220OHTQ\024\306\317w\356\350\014M\204\264\212"
 168      4F485451 
 168      14C6CF77 
 168      EEE80C4D 
 168      84B48A
 169 0013 D9B85090 		.ascii	"\331\270P\220\304\\D\033[6\2136-\244\251V\003\303\240"
 169      C45C441B 
 169      5B368B36 
 169      2DA4A956 
 169      03C3A0
 170 0026 6F252A8C 		.ascii	"o%*\214\3436\357\330\350\244A\014J\020\211\213\026\221"
 170      E336EFD8 
 170      E8A4410C 
 170      4A10898B 
 170      1691
 171 0038 7F2AD72D 		.ascii	"\177*\327-\014\231\304\215\242H\220!1*)\346F\024c\352"
 171      0C99C48D 
 171      A2489021 
 171      312A29E6 
 171      461463EA 
 172 004c 61FA3CE7 		.ascii	"a\372<\347\275\026\211\027\356\273\367}\367~\277\363"
 172      BD168917 
 172      EEBBF77D 
 172      F77EBFF3 
 173 005c DD63E8E2 		.ascii	"\335c\350\342\210\311\\\004Q\213\2540\004..\023\345"
 173      88C95C04 
 173      518BAC30 
 173      042E2E13 
ARM GAS  C:\Users\victo\AppData\Local\Temp\ccKxOIMk.s 			page 13


 173      E5
 174 006d 220CE886 		.ascii	"\"\014\350\206@}\214>\354\361!c\351\343\351\0274\274"
 174      407D8C3E 
 174      ECF12163 
 174      E9E3E917 
 174      34BC
 175 007f B1B6FFA0 		.ascii	"\261\266\377\240t\374=:p\315e\242#&4\305p]9x\213\006"
 175      74FC3D3A 
 175      70CD65A2 
 175      232634C5 
 175      705D3978 
 176 0095 928B2F7E 		.ascii	"\222\213/~\014\355\303\334\200\356+\336\263\251H\335"
 176      0CEDC3DC 
 176      80EE2BDE 
 176      B3A948DD 
 177 00a5 6B316D96 		.ascii	"k1m\226\013\013Q\373\322\3467=\257V\254\230\200\371"
 177      0B0B51FB 
 177      D2E6373D 
 177      AF56AC98 
 177      80F9
 178 00b7 DFAD430C 		.ascii	"\337\255C\014\207\371\223\265hu\336Z[\203I\324i\001"
 178      87F993B5 
 178      6875DE5A 
 178      5B8349D4 
 178      6901
 179 00c9 214FA15A 		.ascii	"!O\241ZBB\225\231\253s\326\363\216\366G'n\233\010\223"
 179      42429599 
 179      AB73D6F3 
 179      8EF64727 
 179      6E9B0893 
 180 00dd CB12DB65 		.ascii	"\313\022\333e\016\221\036V\351\177\2304\031m\313G\037"
 180      0E911E56 
 180      E97F9834 
 180      196DCB47 
 180      1F
 181 00ee B1C3ACAB 		.ascii	"\261\303\254\253YG\2512\\\231}\254\260\337\254/\032"
 181      5947A932 
 181      5C997DAC 
 181      B0DFAC2F 
 181      1A
 182 00ff 59DE7A7E 		.ascii	"Y\336z~\345'\273l\212O\2136\244\3457\266WV#\276\344"
 182      E527BB6C 
 182      8A4F8B36 
 182      A4E537B6 
 182      575623BE 
 183 0114 A7F97C32 		.ascii	"\247\371|2\275\313\343\030\313\345\341r\010\323\210"
 183      BDCBE318 
 183      CBE5E172 
 183      08D388
 184 0123 E11D242D 		.ascii	"\341\035$-\336c\034\264\216\376o\205\277\034\000\215"
 184      DE631CB4 
 184      8EFE6F85 
 184      BF1C008D 
 185 0133 304579F2 		.ascii	"0Ey\362gp\036\201\022\022Q\030\257\326v~\031E\3129>"
 185      67701E81 
 185      12125118 
 185      AFD6767E 
ARM GAS  C:\Users\victo\AppData\Local\Temp\ccKxOIMk.s 			page 14


 185      1945CA39 
 186 0148 88FB2B7C 		.ascii	"\210\373+|\213\346\225KJ)\027Ng3\201\251*\220J#>\344"
 186      8BE6954B 
 186      4A29174E 
 186      673381A9 
 186      2A904A23 
 187 015e 5C84DC1C 		.ascii	"\\\204\334\034\237\0171#!\304\241U\313\203\013\237."
 187      9F0F3123 
 187      21C4A155 
 187      CB830B9F 
 187      2E
 188 016f 0584B010 		.ascii	"\005\204\260\020P\037\2432\376\345\010\373\315\2006"
 188      501FA332 
 188      FEE508FB 
 188      CD8036
 189 017e 415AD2D8 		.ascii	"AZ\322\330\234\274\353t9\231t\326iO%\272{3mN\2625\321"
 189      9CBCEB74 
 189      399974D6 
 189      694F25BA 
 189      7B336D4E 
 190 0195 1DBF957C 		.ascii	"\035\277\225|t\347a\"\025O\305\037\334\277\227j\275"
 190      74E76122 
 190      154FC51F 
 190      DCBF976A 
 190      BD
 191 01a6 D9DC4697 		.ascii	"\331\334F\227;\323=\035N{\"\233\316\366\366\234\001"
 191      3BD33D1D 
 191      4E7B229B 
 191      CEF6F69C 
 191      01
 192 01b7 A2FDB1B2 		.ascii	"\242\375\261\262"
 193              		.text
 194              		.section	.gnu.lto_.symbol_nodes.92f6783f,"",%progbits
 195 0000 789C55C7 		.ascii	"x\234U\307;\015\000 \020D\301w\037\022tbd-\240\200\240"
 195      3B0D0020 
 195      1044C177 
 195      1F127462 
 195      642DA080 
 196 0015 084D3414 		.ascii	"\010M4\024\334t\023\300\340q\004\363\200\304\332\035"
 196      DC7413C0 
 196      E07104F3 
 196      80C4DA1D 
 197 0025 3759B9CB 		.ascii	"7Y\271\313\313CQ\236\312\362\246\366\237\013\351b\031"
 197      CB43519E 
 197      CAF2A6F6 
 197      9F0BE962 
 197      19
 198 0036 56       		.ascii	"V"
 199              		.text
 200              		.section	.gnu.lto_.refs.92f6783f,"",%progbits
 201 0000 789C6366 		.ascii	"x\234cf```d\200\002\000\000=\000\005"
 201      60606064 
 201      80020000 
 201      3D0005
 202              		.text
 203              		.section	.gnu.lto_.decls.92f6783f,"",%progbits
 204 0000 789C8D54 		.ascii	"x\234\215T\177LSW\024\276\347\275\266\320\327\246\230"
ARM GAS  C:\Users\victo\AppData\Local\Temp\ccKxOIMk.s 			page 15


 204      7F4C5357 
 204      14BEE7BD 
 204      B6D0D7A6 
 204      98
 205 0011 6C41D36D 		.ascii	"lA\323m\261d\011\231\013!\021\226e\377-\261&n\311\266"
 205      B1640999 
 205      0B211196 
 205      65FF2DB1 
 205      266EC9B6 
 206 0025 3430B73F 		.ascii	"40\267?$i\032xq$\013\230Z\226\270\277.4\233h\234c\014"
 206      24691A78 
 206      71240B98 
 206      5A96B8BF 
 206      2E349B68 
 207 003c 236313C8 		.ascii	"#c\023\310dN\004\225A\005\237\262Z@\006J\021\210?\230"
 207      644E0495 
 207      41059FB2 
 207      5A40064A 
 207      11883F98 
 208 0050 6E893887 		.ascii	"n\2118\207?\3024\2255\231\004\303\333\271\367\275\376"
 208      3FC23495 
 208      359904C3 
 208      DBB9F7BD 
 208      FE
 209 0061 009E7337 		.ascii	"\000\236s79\355\273\347\335\357;\3379\337mEBH#\020\242"
 209      39EDBBE7 
 209      DDEF3BDF 
 209      39DF6D45 
 209      42482310 
 210 0076 E25A3211 		.ascii	"\342Z2\021\222\205\317\031\230\363\220\324\262`tc\204"
 210      9285CF19 
 210      98F390D4 
 210      B2607463 
 210      84
 211 0087 30FA3014 		.ascii	"0\3720\024\214!\214a\262z\261sf\035\177\034#\007c\012"
 211      8C218C61 
 211      B27AB173 
 211      661D7F1C 
 211      2307630A 
 212 009b 63527F0F 		.ascii	"cR\177\017\372\231\225+\244\327I\307e\033`C\006X\246"
 212      FA99952B 
 212      A4D749C7 
 212      651B6043 
 212      0658A6
 213 00ae C9F41FF5 		.ascii	"\311\364\037\365\372\0140\31230\212\001\206\365l\325"
 213      FA0C30CA 
 213      33308A01 
 213      86F56CD5 
 214 00be 353A30EC 		.ascii	"5:0\354\030a\214q\235\303e\3003d\300\303\346f~F\237"
 214      18618C71 
 214      9DC365C0 
 214      3364C0C3 
 214      E6667E46 
 215 00d3 46B37D24 		.ascii	"F\263}$\300\330\037\217\377\266\337\023\300!\255a\333"
 215      C0D81F8F 
 215      FFB6DF13 
 215      C021AD61 
ARM GAS  C:\Users\victo\AppData\Local\Temp\ccKxOIMk.s 			page 16


 215      DB
 216 00e4 A6E9D9B8 		.ascii	"\246\351\331\270\210[\273$\260\355\265s\273wg\212\002"
 216      885BBB24 
 216      B0EDB573 
 216      BB77678A 
 216      02
 217 00f5 B0E7C38D 		.ascii	"\260\347\303\215\267\256Hy\307(\245\2654\022\201\024"
 217      B7AE4879 
 217      C728A5B5 
 217      34128114 
 218 0105 45F591B3 		.ascii	"E\365\221\263\3732\020\223-\361\355\376\261\246\001"
 218      FB321093 
 218      2DF1EDFE 
 218      B1A601
 219 0114 916F5586 		.ascii	"\221oU\206\023\256_oX\020A\312\255\245\264\206\306\352"
 219      13AE5F6F 
 219      581041CA 
 219      ADA5B486 
 219      C6EA
 220 0126 A9B88E40 		.ascii	"\251\270\216@\236\02368\011\234\200\\<\006\307 \217"
 220      9E133638 
 220      099C805C 
 220      3C06C720 
 220      8F
 221 0137 400738A1 		.ascii	"@\0078\241\023\234\244\015\013\304Zb7^\244\324\004\307"
 221      139CA40D 
 221      0BC45A62 
 221      375EA4D4 
 221      04C7
 222 0149 41827610 		.ascii	"A\202v\020\371\011l\203U\320\213\326}6Pg2\011\230dg"
 222      F9096C83 
 222      55D08BD6 
 222      7D365067 
 222      32099864 
 223 015e B699582E 		.ascii	"\266\231X.z\360\273A\333\332\003\224\255 ]#\200'\033"
 223      7AF0BB41 
 223      DBDA0394 
 223      AD205D23 
 223      80271B
 224 0171 7E44DAA3 		.ascii	"~D\332\243HK\240\013\326\342\347I0i\004\321\321P\267"
 224      484BA00B 
 224      D6E2E749 
 224      306904D1 
 224      D150B7
 225 0184 432CE4AD 		.ascii	"C,\344\255M\265\317_\262\273\232ikW\254%x\307\363U\220"
 225      4DB5CF5F 
 225      B2BB9A69 
 225      6B57AC25 
 225      78C7F355 
 226 0199 36D01955 		.ascii	"6\320\031U]\317A\360SR\000a\317\332D\273\301\205\300"
 226      5DCF41F0 
 226      53520061 
 226      CFDA44BB 
 226      C185C0
 227 01ac 078B4B5D 		.ascii	"\007\213K]\026\361SN\362dab'\347\230\2719$Gj\350\023"
 227      16F1534E 
 227      F2646162 
ARM GAS  C:\Users\victo\AppData\Local\Temp\ccKxOIMk.s 			page 17


 227      27E798B9 
 227      3924476A 
 228 01c2 55153582 		.ascii	"U\0255\202\2364\202\236\004A\210\023\214w\\\370\034"
 228      9E34829E 
 228      04418813 
 228      8C775CF8 
 228      1C
 229 01d3 D225B36E 		.ascii	"\322%\263nR\232Oq\315\333t\311\261\346\261N\233\370"
 229      529A4F71 
 229      CDDB74C9 
 229      B1E6B14E 
 229      9BF8
 230 01e5 25F072C3 		.ascii	"%\360r\303\247\246ogj\365\032gS\365\020\001\275i\365"
 230      A7A66F67 
 230      6AF51A67 
 230      53F51001 
 230      BD69F5
 231 01f8 7A13F5FA 		.ascii	"z\023\365\372x\275x\365\303\373\016\361\260F\321\371"
 231      78BD78F5 
 231      C3FB0EF1 
 231      B046D1F9 
 232 0208 7D4CB171 		.ascii	"}L\261q\212\326\350\017\226\2434\242\252or\202\323i"
 232      8AD6E80F 
 232      96A334A2 
 232      AA6F7282 
 232      D369
 233 021a 04A71304 		.ascii	"\004\247\023\004\012'84\377\260\337*\2065\202\204\363"
 233      0A273834 
 233      FFB0DF2A 
 233      86358284 
 233      F3
 234 022b 2ECDF983 		.ascii	".\315\371\203s\217C\231|\313\244\240\365G&\377ir@\256"
 234      738F4399 
 234      7CCBA4A0 
 234      F54726FF 
 234      697240AE 
 235 023f A4793AAF 		.ascii	"\244y:\257y\032\306\016\317\244<u\351\236\362\353\201"
 235      791AC60E 
 235      CFA43C75 
 235      E99EF2EB 
 235      81
 236 0250 3330BF42 		.ascii	"30\277B\222\003\200\237\361\202\270\364\013r\026\223"
 236      9203809F 
 236      F182B8F4 
 236      0B721693 
 237 0260 FD98C442 		.ascii	"\375\230\304B-#\177]\315\342\346\207\223\346\337\270"
 237      2D237F5D 
 237      CDE2E687 
 237      93E6DFB8 
 238 0270 FC5BBB35 		.ascii	"\374[\2735\231;\007<\331\254\206\025\323So\304\000\237"
 238      993B073C 
 238      D9AC8615 
 238      D3536FC4 
 238      009F
 239 0282 6E247123 		.ascii	"n$q#&N\036\212[\305a\255\265\321pTq\350W\342\366\335"
 239      264E1E8A 
 239      5BC561AD 
ARM GAS  C:\Users\victo\AppData\Local\Temp\ccKxOIMk.s 			page 18


 239      B5D17054 
 239      71E857E2 
 240 0298 8DDFD0D6 		.ascii	"\215\337\320\326j\272\244\342\215f(\030L\033\320`b@"
 240      6ABAA4E2 
 240      8D662818 
 240      4C1BD060 
 240      6240
 241 02aa 437C4017 		.ascii	"C|@\027\367~\361\265M\234\325X\346\203\035sY\232I\277"
 241      F77EF1B5 
 241      4D9CD558 
 241      E6831D73 
 241      599A49BF 
 242 02be DF5D6ED2 		.ascii	"\337]n\322\3714\212\363\011\212aN\241\234\210\217\333"
 242      F9348AF3 
 242      098A614E 
 242      A19C888F 
 242      DB
 243 02cf F86FD2C5 		.ascii	"\370o\322\305H\316\324\2176Z\370o\222\367T[\337;g\026"
 243      48CED48F 
 243      365AF86F 
 243      92F7545B 
 243      DF3B6716 
 244 02e3 83C23207 		.ascii	"\203\3022\007r4\007n~\273\320f\345[\366\367\233\305"
 244      7234076E 
 244      7EBBD066 
 244      E55BF6F7 
 244      9BC5
 245 02f5 52B77E9D 		.ascii	"R\267~\235\356\317\020\367\360\343\302\203\206\032\325"
 245      EECF10F7 
 245      F0E3C283 
 245      861AD5
 246 0304 963424AE 		.ascii	"\2264$\256\0312\216\363\032K\031\222\223nH]\220Z\337"
 246      19328EF3 
 246      1A4B1992 
 246      936E485D 
 246      905ADF
 247 0317 22F00BCE 		.ascii	"\"\360\013\316l\204\031\022ECrtC.`\362\242f\210r`jD"
 247      6C841912 
 247      45437274 
 247      432E60F2 
 247      A2668872 
 248 032e 926AD990 		.ascii	"\222j\331\220\377\037B\210\364\324-\332u%3\373z\332"
 248      FF1F4288 
 248      F4D42DDA 
 248      752533FB 
 248      7ADA
 249 0340 04A66412 		.ascii	"\004\246d\022\225\214\246\224\\\202\224\224\325\304"
 249      958CA694 
 249      5C829494 
 249      D5C4
 250 034e 13C65266 		.ascii	"\023\306Rf\377lY\264\330\367&\305s\322\004\210\300\024"
 250      FF6C59B4 
 250      D8F726C5 
 250      73D20488 
 250      C014
 251 0360 D8F9A4D9 		.ascii	"\330\371\244\331\267\271\252\274\"\360\206e\313{[]n"
 251      B7B9AABC 
ARM GAS  C:\Users\victo\AppData\Local\Temp\ccKxOIMk.s 			page 19


 251      22F08665 
 251      CB7B5B5D 
 251      6E
 252 0371 F2727EC9 		.ascii	"\362r~\311\026\271B\366\373\002r\231\267\270\262\312"
 252      16B942F6 
 252      FB027299 
 252      B7B8B2CA 
 253 0381 5F2A9778 		.ascii	"_*\227x\212+\335\257\225\224\356\012\354\332!\357\314"
 253      8A2BDDAF 
 253      9594EE0A 
 253      ECDA21EF 
 253      CC
 254 0392 FF88BCF0 		.ascii	"\377\210\274\360\301\246\255\305^\267\327\375~\321;"
 254      C1A6ADC5 
 254      5EB7D7FD 
 254      7ED13B
 255 03a1 5E4F81B7 		.ascii	"^O\201\267X\016l\366\227\177\"\277[Y&\277\372T\374r"
 255      580E6CF6 
 255      977F22BF 
 255      5B5926BF 
 255      FA54FC72 
 256 03b5 507E2979 		.ascii	"P~)y~\005\315\207\376\362\200\374\334\212d\221\354+"
 256      7E05CD87 
 256      FEF280FC 
 256      DC8A6491 
 256      EC2B
 257 03c7 731AE436 		.ascii	"s\032\3446\373\002\276\"y\273\205i\337\370\372\372\325"
 257      FB02BE22 
 257      79BB8569 
 257      DFF8FAFA 
 257      D5
 258 03d8 8ADEAE08 		.ascii	"\212\336\256\010\310~\177\325\216\000S\365\322\212\367"
 258      C87E7FD5 
 258      8E0053F5 
 258      D28AF7
 259 03e7 EE8F659F 		.ascii	"\356\217e\237?y\302\354\227\267\027\026p\252\302\202"
 259      3F79C2EC 
 259      97B71716 
 259      70AAC282 
 260 03f7 7F019DB5 		.ascii	"\177\001\235\265\005]"
 260      055D
 261              		.text
 262              		.section	.gnu.lto_.symtab.92f6783f,"",%progbits
 263 0000 56425553 		.ascii	"VBUS_C_CTRL_P2_SetDriveMode\000\000\000\000\000\000"
 263      5F435F43 
 263      54524C5F 
 263      50325F53 
 263      65744472 
 264 0021 00000000 		.ascii	"\000\000\000\000\000\000\262\000\000\000VBUS_C_CTRL"
 264      0000B200 
 264      00005642 
 264      55535F43 
 264      5F435452 
 265 0036 5F50325F 		.ascii	"_P2_Write\000\000\000\000\000\000\000\000\000\000\000"
 265      57726974 
 265      65000000 
 265      00000000 
ARM GAS  C:\Users\victo\AppData\Local\Temp\ccKxOIMk.s 			page 20


 265      00000000 
 266 004a 00B40000 		.ascii	"\000\264\000\000\000VBUS_C_CTRL_P2_Read\000\000\000"
 266      00564255 
 266      535F435F 
 266      4354524C 
 266      5F50325F 
 267 0065 00000000 		.ascii	"\000\000\000\000\000\000\000\000\000\267\000\000\000"
 267      00000000 
 267      00B70000 
 267      00
 268 0072 56425553 		.ascii	"VBUS_C_CTRL_P2_ReadDataReg\000\000\000\000\000\000\000"
 268      5F435F43 
 268      54524C5F 
 268      50325F52 
 268      65616444 
 269 0093 00000000 		.ascii	"\000\000\000\000\000\271\000\000\000VBUS_C_CTRL_P2_"
 269      00B90000 
 269      00564255 
 269      535F435F 
 269      4354524C 
 270 00ab 53657449 		.ascii	"SetInterruptMode\000\000\000\000\000\000\000\000\000"
 270      6E746572 
 270      72757074 
 270      4D6F6465 
 270      00000000 
 271 00c4 000000C3 		.ascii	"\000\000\000\303\000\000\000VBUS_C_CTRL_P2_ClearInt"
 271      00000056 
 271      4255535F 
 271      435F4354 
 271      524C5F50 
 272 00e2 65727275 		.ascii	"errupt\000\000\000\000\000\000\000\000\000\000\000\000"
 272      70740000 
 272      00000000 
 272      00000000 
 272      0000
 273 00f4 C5000000 		.ascii	"\305\000\000\000"
 274              		.text
 275              		.section	.gnu.lto_.opts,"",%progbits
 276 0000 272D666E 		.ascii	"'-fno-trapv' '-mcpu=cortex-m0' '-mthumb' '-g' '-Os'"
 276      6F2D7472 
 276      61707627 
 276      20272D6D 
 276      6370753D 
 277 0033 20272D57 		.ascii	" '-Werror' '-ffunction-sections' '-finline-function"
 277      6572726F 
 277      72272027 
 277      2D666675 
 277      6E637469 
 278 0066 73272027 		.ascii	"s' '-flto' '-ffat-lto-objects' '-fno-strict-aliasin"
 278      2D666C74 
 278      6F272027 
 278      2D666661 
 278      742D6C74 
 279 0099 672700   		.ascii	"g'\000"
 280              		.text
 281              		.cfi_sections	.debug_frame
 282              		.section	.text.VBUS_C_CTRL_P2_SetDriveMode,"ax",%progbits
ARM GAS  C:\Users\victo\AppData\Local\Temp\ccKxOIMk.s 			page 21


 283              		.align	1
 284              		.global	VBUS_C_CTRL_P2_SetDriveMode
 285              		.code	16
 286              		.thumb_func
 287              		.type	VBUS_C_CTRL_P2_SetDriveMode, %function
 288              	VBUS_C_CTRL_P2_SetDriveMode:
 289              	.LFB0:
 290              		.file 1 ".\\Generated_Source\\PSoC4\\VBUS_C_CTRL_P2.c"
   1:.\Generated_Source\PSoC4/VBUS_C_CTRL_P2.c **** /*******************************************************************************
   2:.\Generated_Source\PSoC4/VBUS_C_CTRL_P2.c **** * File Name: VBUS_C_CTRL_P2.c  
   3:.\Generated_Source\PSoC4/VBUS_C_CTRL_P2.c **** * Version 2.20
   4:.\Generated_Source\PSoC4/VBUS_C_CTRL_P2.c **** *
   5:.\Generated_Source\PSoC4/VBUS_C_CTRL_P2.c **** * Description:
   6:.\Generated_Source\PSoC4/VBUS_C_CTRL_P2.c **** *  This file contains API to enable firmware control of a Pins component.
   7:.\Generated_Source\PSoC4/VBUS_C_CTRL_P2.c **** *
   8:.\Generated_Source\PSoC4/VBUS_C_CTRL_P2.c **** ********************************************************************************
   9:.\Generated_Source\PSoC4/VBUS_C_CTRL_P2.c **** * Copyright 2008-2015, Cypress Semiconductor Corporation.  All rights reserved.
  10:.\Generated_Source\PSoC4/VBUS_C_CTRL_P2.c **** * You may use this file only in accordance with the license, terms, conditions, 
  11:.\Generated_Source\PSoC4/VBUS_C_CTRL_P2.c **** * disclaimers, and limitations in the end user license agreement accompanying 
  12:.\Generated_Source\PSoC4/VBUS_C_CTRL_P2.c **** * the software package with which this file was provided.
  13:.\Generated_Source\PSoC4/VBUS_C_CTRL_P2.c **** *******************************************************************************/
  14:.\Generated_Source\PSoC4/VBUS_C_CTRL_P2.c **** 
  15:.\Generated_Source\PSoC4/VBUS_C_CTRL_P2.c **** #include "cytypes.h"
  16:.\Generated_Source\PSoC4/VBUS_C_CTRL_P2.c **** #include "VBUS_C_CTRL_P2.h"
  17:.\Generated_Source\PSoC4/VBUS_C_CTRL_P2.c **** 
  18:.\Generated_Source\PSoC4/VBUS_C_CTRL_P2.c **** 
  19:.\Generated_Source\PSoC4/VBUS_C_CTRL_P2.c **** #if defined(VBUS_C_CTRL_P2__PC)
  20:.\Generated_Source\PSoC4/VBUS_C_CTRL_P2.c ****     #define VBUS_C_CTRL_P2_SetP4PinDriveMode(shift, mode)  \
  21:.\Generated_Source\PSoC4/VBUS_C_CTRL_P2.c ****     do { \
  22:.\Generated_Source\PSoC4/VBUS_C_CTRL_P2.c ****         VBUS_C_CTRL_P2_PC =   (VBUS_C_CTRL_P2_PC & \
  23:.\Generated_Source\PSoC4/VBUS_C_CTRL_P2.c ****                                 (uint32)(~(uint32)(VBUS_C_CTRL_P2_DRIVE_MODE_IND_MASK << \
  24:.\Generated_Source\PSoC4/VBUS_C_CTRL_P2.c ****                                 (VBUS_C_CTRL_P2_DRIVE_MODE_BITS * (shift))))) | \
  25:.\Generated_Source\PSoC4/VBUS_C_CTRL_P2.c ****                                 (uint32)((uint32)(mode) << \
  26:.\Generated_Source\PSoC4/VBUS_C_CTRL_P2.c ****                                 (VBUS_C_CTRL_P2_DRIVE_MODE_BITS * (shift))); \
  27:.\Generated_Source\PSoC4/VBUS_C_CTRL_P2.c ****     } while (0)
  28:.\Generated_Source\PSoC4/VBUS_C_CTRL_P2.c **** #else
  29:.\Generated_Source\PSoC4/VBUS_C_CTRL_P2.c ****     #if (CY_PSOC4_4200L)
  30:.\Generated_Source\PSoC4/VBUS_C_CTRL_P2.c ****         #define VBUS_C_CTRL_P2_SetP4PinDriveMode(shift, mode)  \
  31:.\Generated_Source\PSoC4/VBUS_C_CTRL_P2.c ****         do { \
  32:.\Generated_Source\PSoC4/VBUS_C_CTRL_P2.c ****             VBUS_C_CTRL_P2_USBIO_CTRL_REG = (VBUS_C_CTRL_P2_USBIO_CTRL_REG & \
  33:.\Generated_Source\PSoC4/VBUS_C_CTRL_P2.c ****                                     (uint32)(~(uint32)(VBUS_C_CTRL_P2_DRIVE_MODE_IND_MASK << \
  34:.\Generated_Source\PSoC4/VBUS_C_CTRL_P2.c ****                                     (VBUS_C_CTRL_P2_DRIVE_MODE_BITS * (shift))))) | \
  35:.\Generated_Source\PSoC4/VBUS_C_CTRL_P2.c ****                                     (uint32)((uint32)(mode) << \
  36:.\Generated_Source\PSoC4/VBUS_C_CTRL_P2.c ****                                     (VBUS_C_CTRL_P2_DRIVE_MODE_BITS * (shift))); \
  37:.\Generated_Source\PSoC4/VBUS_C_CTRL_P2.c ****         } while (0)
  38:.\Generated_Source\PSoC4/VBUS_C_CTRL_P2.c ****     #endif
  39:.\Generated_Source\PSoC4/VBUS_C_CTRL_P2.c **** #endif
  40:.\Generated_Source\PSoC4/VBUS_C_CTRL_P2.c ****   
  41:.\Generated_Source\PSoC4/VBUS_C_CTRL_P2.c **** 
  42:.\Generated_Source\PSoC4/VBUS_C_CTRL_P2.c **** #if defined(VBUS_C_CTRL_P2__PC) || (CY_PSOC4_4200L) 
  43:.\Generated_Source\PSoC4/VBUS_C_CTRL_P2.c ****     /*******************************************************************************
  44:.\Generated_Source\PSoC4/VBUS_C_CTRL_P2.c ****     * Function Name: VBUS_C_CTRL_P2_SetDriveMode
  45:.\Generated_Source\PSoC4/VBUS_C_CTRL_P2.c ****     ****************************************************************************//**
  46:.\Generated_Source\PSoC4/VBUS_C_CTRL_P2.c ****     *
  47:.\Generated_Source\PSoC4/VBUS_C_CTRL_P2.c ****     * \brief Sets the drive mode for each of the Pins component's pins.
  48:.\Generated_Source\PSoC4/VBUS_C_CTRL_P2.c ****     * 
  49:.\Generated_Source\PSoC4/VBUS_C_CTRL_P2.c ****     * <b>Note</b> This affects all pins in the Pins component instance. Use the
ARM GAS  C:\Users\victo\AppData\Local\Temp\ccKxOIMk.s 			page 22


  50:.\Generated_Source\PSoC4/VBUS_C_CTRL_P2.c ****     * Per-Pin APIs if you wish to control individual pin's drive modes.
  51:.\Generated_Source\PSoC4/VBUS_C_CTRL_P2.c ****     *
  52:.\Generated_Source\PSoC4/VBUS_C_CTRL_P2.c ****     * <b>Note</b> USBIOs have limited drive functionality. Refer to the Drive Mode
  53:.\Generated_Source\PSoC4/VBUS_C_CTRL_P2.c ****     * parameter for more information.
  54:.\Generated_Source\PSoC4/VBUS_C_CTRL_P2.c ****     *
  55:.\Generated_Source\PSoC4/VBUS_C_CTRL_P2.c ****     * \param mode
  56:.\Generated_Source\PSoC4/VBUS_C_CTRL_P2.c ****     *  Mode for the selected signals. Valid options are documented in 
  57:.\Generated_Source\PSoC4/VBUS_C_CTRL_P2.c ****     *  \ref driveMode.
  58:.\Generated_Source\PSoC4/VBUS_C_CTRL_P2.c ****     *
  59:.\Generated_Source\PSoC4/VBUS_C_CTRL_P2.c ****     * \return
  60:.\Generated_Source\PSoC4/VBUS_C_CTRL_P2.c ****     *  None
  61:.\Generated_Source\PSoC4/VBUS_C_CTRL_P2.c ****     *
  62:.\Generated_Source\PSoC4/VBUS_C_CTRL_P2.c ****     * \sideeffect
  63:.\Generated_Source\PSoC4/VBUS_C_CTRL_P2.c ****     *  If you use read-modify-write operations that are not atomic, the ISR can
  64:.\Generated_Source\PSoC4/VBUS_C_CTRL_P2.c ****     *  cause corruption of this function. An ISR that interrupts this function 
  65:.\Generated_Source\PSoC4/VBUS_C_CTRL_P2.c ****     *  and performs writes to the Pins component Drive Mode registers can cause 
  66:.\Generated_Source\PSoC4/VBUS_C_CTRL_P2.c ****     *  corrupted port data. To avoid this issue, you should either use the Per-Pin
  67:.\Generated_Source\PSoC4/VBUS_C_CTRL_P2.c ****     *  APIs (primary method) or disable interrupts around this function.
  68:.\Generated_Source\PSoC4/VBUS_C_CTRL_P2.c ****     *
  69:.\Generated_Source\PSoC4/VBUS_C_CTRL_P2.c ****     * \funcusage
  70:.\Generated_Source\PSoC4/VBUS_C_CTRL_P2.c ****     *  \snippet VBUS_C_CTRL_P2_SUT.c usage_VBUS_C_CTRL_P2_SetDriveMode
  71:.\Generated_Source\PSoC4/VBUS_C_CTRL_P2.c ****     *******************************************************************************/
  72:.\Generated_Source\PSoC4/VBUS_C_CTRL_P2.c ****     void VBUS_C_CTRL_P2_SetDriveMode(uint8 mode)
  73:.\Generated_Source\PSoC4/VBUS_C_CTRL_P2.c ****     {
 291              		.loc 1 73 0
 292              		.cfi_startproc
 293              	.LVL0:
  74:.\Generated_Source\PSoC4/VBUS_C_CTRL_P2.c **** 		VBUS_C_CTRL_P2_SetP4PinDriveMode(VBUS_C_CTRL_P2__0__SHIFT, mode);
 294              		.loc 1 74 0
 295 0000 3821     		mov	r1, #56
 296 0002 034A     		ldr	r2, .L2
 297 0004 C000     		lsl	r0, r0, #3
 298              	.LVL1:
 299 0006 1368     		ldr	r3, [r2]
  75:.\Generated_Source\PSoC4/VBUS_C_CTRL_P2.c ****     }
 300              		.loc 1 75 0
 301              		@ sp needed
  74:.\Generated_Source\PSoC4/VBUS_C_CTRL_P2.c **** 		VBUS_C_CTRL_P2_SetP4PinDriveMode(VBUS_C_CTRL_P2__0__SHIFT, mode);
 302              		.loc 1 74 0
 303 0008 8B43     		bic	r3, r1
 304 000a 1843     		orr	r0, r3
 305 000c 1060     		str	r0, [r2]
 306              		.loc 1 75 0
 307 000e 7047     		bx	lr
 308              	.L3:
 309              		.align	2
 310              	.L2:
 311 0010 08040440 		.word	1074005000
 312              		.cfi_endproc
 313              	.LFE0:
 314              		.size	VBUS_C_CTRL_P2_SetDriveMode, .-VBUS_C_CTRL_P2_SetDriveMode
 315              		.section	.text.VBUS_C_CTRL_P2_Write,"ax",%progbits
 316              		.align	1
 317              		.global	VBUS_C_CTRL_P2_Write
 318              		.code	16
 319              		.thumb_func
 320              		.type	VBUS_C_CTRL_P2_Write, %function
ARM GAS  C:\Users\victo\AppData\Local\Temp\ccKxOIMk.s 			page 23


 321              	VBUS_C_CTRL_P2_Write:
 322              	.LFB1:
  76:.\Generated_Source\PSoC4/VBUS_C_CTRL_P2.c **** #endif
  77:.\Generated_Source\PSoC4/VBUS_C_CTRL_P2.c **** 
  78:.\Generated_Source\PSoC4/VBUS_C_CTRL_P2.c **** 
  79:.\Generated_Source\PSoC4/VBUS_C_CTRL_P2.c **** /*******************************************************************************
  80:.\Generated_Source\PSoC4/VBUS_C_CTRL_P2.c **** * Function Name: VBUS_C_CTRL_P2_Write
  81:.\Generated_Source\PSoC4/VBUS_C_CTRL_P2.c **** ****************************************************************************//**
  82:.\Generated_Source\PSoC4/VBUS_C_CTRL_P2.c **** *
  83:.\Generated_Source\PSoC4/VBUS_C_CTRL_P2.c **** * \brief Writes the value to the physical port (data output register), masking
  84:.\Generated_Source\PSoC4/VBUS_C_CTRL_P2.c **** *  and shifting the bits appropriately. 
  85:.\Generated_Source\PSoC4/VBUS_C_CTRL_P2.c **** *
  86:.\Generated_Source\PSoC4/VBUS_C_CTRL_P2.c **** * The data output register controls the signal applied to the physical pin in 
  87:.\Generated_Source\PSoC4/VBUS_C_CTRL_P2.c **** * conjunction with the drive mode parameter. This function avoids changing 
  88:.\Generated_Source\PSoC4/VBUS_C_CTRL_P2.c **** * other bits in the port by using the appropriate method (read-modify-write or
  89:.\Generated_Source\PSoC4/VBUS_C_CTRL_P2.c **** * bit banding).
  90:.\Generated_Source\PSoC4/VBUS_C_CTRL_P2.c **** *
  91:.\Generated_Source\PSoC4/VBUS_C_CTRL_P2.c **** * <b>Note</b> This function should not be used on a hardware digital output pin 
  92:.\Generated_Source\PSoC4/VBUS_C_CTRL_P2.c **** * as it is driven by the hardware signal attached to it.
  93:.\Generated_Source\PSoC4/VBUS_C_CTRL_P2.c **** *
  94:.\Generated_Source\PSoC4/VBUS_C_CTRL_P2.c **** * \param value
  95:.\Generated_Source\PSoC4/VBUS_C_CTRL_P2.c **** *  Value to write to the component instance.
  96:.\Generated_Source\PSoC4/VBUS_C_CTRL_P2.c **** *
  97:.\Generated_Source\PSoC4/VBUS_C_CTRL_P2.c **** * \return 
  98:.\Generated_Source\PSoC4/VBUS_C_CTRL_P2.c **** *  None 
  99:.\Generated_Source\PSoC4/VBUS_C_CTRL_P2.c **** *
 100:.\Generated_Source\PSoC4/VBUS_C_CTRL_P2.c **** * \sideeffect
 101:.\Generated_Source\PSoC4/VBUS_C_CTRL_P2.c **** *  If you use read-modify-write operations that are not atomic; the Interrupt 
 102:.\Generated_Source\PSoC4/VBUS_C_CTRL_P2.c **** *  Service Routines (ISR) can cause corruption of this function. An ISR that 
 103:.\Generated_Source\PSoC4/VBUS_C_CTRL_P2.c **** *  interrupts this function and performs writes to the Pins component data 
 104:.\Generated_Source\PSoC4/VBUS_C_CTRL_P2.c **** *  register can cause corrupted port data. To avoid this issue, you should 
 105:.\Generated_Source\PSoC4/VBUS_C_CTRL_P2.c **** *  either use the Per-Pin APIs (primary method) or disable interrupts around 
 106:.\Generated_Source\PSoC4/VBUS_C_CTRL_P2.c **** *  this function.
 107:.\Generated_Source\PSoC4/VBUS_C_CTRL_P2.c **** *
 108:.\Generated_Source\PSoC4/VBUS_C_CTRL_P2.c **** * \funcusage
 109:.\Generated_Source\PSoC4/VBUS_C_CTRL_P2.c **** *  \snippet VBUS_C_CTRL_P2_SUT.c usage_VBUS_C_CTRL_P2_Write
 110:.\Generated_Source\PSoC4/VBUS_C_CTRL_P2.c **** *******************************************************************************/
 111:.\Generated_Source\PSoC4/VBUS_C_CTRL_P2.c **** void VBUS_C_CTRL_P2_Write(uint8 value)
 112:.\Generated_Source\PSoC4/VBUS_C_CTRL_P2.c **** {
 323              		.loc 1 112 0
 324              		.cfi_startproc
 325              	.LVL2:
 113:.\Generated_Source\PSoC4/VBUS_C_CTRL_P2.c ****     uint8 drVal = (uint8)(VBUS_C_CTRL_P2_DR & (uint8)(~VBUS_C_CTRL_P2_MASK));
 326              		.loc 1 113 0
 327 0000 0223     		mov	r3, #2
 328 0002 0449     		ldr	r1, .L5
 114:.\Generated_Source\PSoC4/VBUS_C_CTRL_P2.c ****     drVal = (drVal | ((uint8)(value << VBUS_C_CTRL_P2_SHIFT) & VBUS_C_CTRL_P2_MASK));
 329              		.loc 1 114 0
 330 0004 4000     		lsl	r0, r0, #1
 331              	.LVL3:
 113:.\Generated_Source\PSoC4/VBUS_C_CTRL_P2.c ****     uint8 drVal = (uint8)(VBUS_C_CTRL_P2_DR & (uint8)(~VBUS_C_CTRL_P2_MASK));
 332              		.loc 1 113 0
 333 0006 0A68     		ldr	r2, [r1]
 115:.\Generated_Source\PSoC4/VBUS_C_CTRL_P2.c ****     VBUS_C_CTRL_P2_DR = (uint32)drVal;
 116:.\Generated_Source\PSoC4/VBUS_C_CTRL_P2.c **** }
 334              		.loc 1 116 0
 335              		@ sp needed
ARM GAS  C:\Users\victo\AppData\Local\Temp\ccKxOIMk.s 			page 24


 113:.\Generated_Source\PSoC4/VBUS_C_CTRL_P2.c ****     drVal = (drVal | ((uint8)(value << VBUS_C_CTRL_P2_SHIFT) & VBUS_C_CTRL_P2_MASK));
 336              		.loc 1 113 0
 337 0008 9A43     		bic	r2, r3
 338 000a D2B2     		uxtb	r2, r2
 114:.\Generated_Source\PSoC4/VBUS_C_CTRL_P2.c ****     drVal = (drVal | ((uint8)(value << VBUS_C_CTRL_P2_SHIFT) & VBUS_C_CTRL_P2_MASK));
 339              		.loc 1 114 0
 340 000c 0340     		and	r3, r0
 115:.\Generated_Source\PSoC4/VBUS_C_CTRL_P2.c ****     VBUS_C_CTRL_P2_DR = (uint32)drVal;
 341              		.loc 1 115 0
 342 000e 1343     		orr	r3, r2
 343 0010 0B60     		str	r3, [r1]
 344              		.loc 1 116 0
 345 0012 7047     		bx	lr
 346              	.L6:
 347              		.align	2
 348              	.L5:
 349 0014 00040440 		.word	1074004992
 350              		.cfi_endproc
 351              	.LFE1:
 352              		.size	VBUS_C_CTRL_P2_Write, .-VBUS_C_CTRL_P2_Write
 353              		.section	.text.VBUS_C_CTRL_P2_Read,"ax",%progbits
 354              		.align	1
 355              		.global	VBUS_C_CTRL_P2_Read
 356              		.code	16
 357              		.thumb_func
 358              		.type	VBUS_C_CTRL_P2_Read, %function
 359              	VBUS_C_CTRL_P2_Read:
 360              	.LFB2:
 117:.\Generated_Source\PSoC4/VBUS_C_CTRL_P2.c **** 
 118:.\Generated_Source\PSoC4/VBUS_C_CTRL_P2.c **** 
 119:.\Generated_Source\PSoC4/VBUS_C_CTRL_P2.c **** /*******************************************************************************
 120:.\Generated_Source\PSoC4/VBUS_C_CTRL_P2.c **** * Function Name: VBUS_C_CTRL_P2_Read
 121:.\Generated_Source\PSoC4/VBUS_C_CTRL_P2.c **** ****************************************************************************//**
 122:.\Generated_Source\PSoC4/VBUS_C_CTRL_P2.c **** *
 123:.\Generated_Source\PSoC4/VBUS_C_CTRL_P2.c **** * \brief Reads the associated physical port (pin status register) and masks 
 124:.\Generated_Source\PSoC4/VBUS_C_CTRL_P2.c **** *  the required bits according to the width and bit position of the component
 125:.\Generated_Source\PSoC4/VBUS_C_CTRL_P2.c **** *  instance. 
 126:.\Generated_Source\PSoC4/VBUS_C_CTRL_P2.c **** *
 127:.\Generated_Source\PSoC4/VBUS_C_CTRL_P2.c **** * The pin's status register returns the current logic level present on the 
 128:.\Generated_Source\PSoC4/VBUS_C_CTRL_P2.c **** * physical pin.
 129:.\Generated_Source\PSoC4/VBUS_C_CTRL_P2.c **** *
 130:.\Generated_Source\PSoC4/VBUS_C_CTRL_P2.c **** * \return 
 131:.\Generated_Source\PSoC4/VBUS_C_CTRL_P2.c **** *  The current value for the pins in the component as a right justified number.
 132:.\Generated_Source\PSoC4/VBUS_C_CTRL_P2.c **** *
 133:.\Generated_Source\PSoC4/VBUS_C_CTRL_P2.c **** * \funcusage
 134:.\Generated_Source\PSoC4/VBUS_C_CTRL_P2.c **** *  \snippet VBUS_C_CTRL_P2_SUT.c usage_VBUS_C_CTRL_P2_Read  
 135:.\Generated_Source\PSoC4/VBUS_C_CTRL_P2.c **** *******************************************************************************/
 136:.\Generated_Source\PSoC4/VBUS_C_CTRL_P2.c **** uint8 VBUS_C_CTRL_P2_Read(void)
 137:.\Generated_Source\PSoC4/VBUS_C_CTRL_P2.c **** {
 361              		.loc 1 137 0
 362              		.cfi_startproc
 138:.\Generated_Source\PSoC4/VBUS_C_CTRL_P2.c ****     return (uint8)((VBUS_C_CTRL_P2_PS & VBUS_C_CTRL_P2_MASK) >> VBUS_C_CTRL_P2_SHIFT);
 363              		.loc 1 138 0
 364 0000 024B     		ldr	r3, .L8
 139:.\Generated_Source\PSoC4/VBUS_C_CTRL_P2.c **** }
 365              		.loc 1 139 0
 366              		@ sp needed
ARM GAS  C:\Users\victo\AppData\Local\Temp\ccKxOIMk.s 			page 25


 138:.\Generated_Source\PSoC4/VBUS_C_CTRL_P2.c ****     return (uint8)((VBUS_C_CTRL_P2_PS & VBUS_C_CTRL_P2_MASK) >> VBUS_C_CTRL_P2_SHIFT);
 367              		.loc 1 138 0
 368 0002 1868     		ldr	r0, [r3]
 369 0004 8007     		lsl	r0, r0, #30
 370 0006 C00F     		lsr	r0, r0, #31
 371              		.loc 1 139 0
 372 0008 7047     		bx	lr
 373              	.L9:
 374 000a C046     		.align	2
 375              	.L8:
 376 000c 04040440 		.word	1074004996
 377              		.cfi_endproc
 378              	.LFE2:
 379              		.size	VBUS_C_CTRL_P2_Read, .-VBUS_C_CTRL_P2_Read
 380              		.section	.text.VBUS_C_CTRL_P2_ReadDataReg,"ax",%progbits
 381              		.align	1
 382              		.global	VBUS_C_CTRL_P2_ReadDataReg
 383              		.code	16
 384              		.thumb_func
 385              		.type	VBUS_C_CTRL_P2_ReadDataReg, %function
 386              	VBUS_C_CTRL_P2_ReadDataReg:
 387              	.LFB3:
 140:.\Generated_Source\PSoC4/VBUS_C_CTRL_P2.c **** 
 141:.\Generated_Source\PSoC4/VBUS_C_CTRL_P2.c **** 
 142:.\Generated_Source\PSoC4/VBUS_C_CTRL_P2.c **** /*******************************************************************************
 143:.\Generated_Source\PSoC4/VBUS_C_CTRL_P2.c **** * Function Name: VBUS_C_CTRL_P2_ReadDataReg
 144:.\Generated_Source\PSoC4/VBUS_C_CTRL_P2.c **** ****************************************************************************//**
 145:.\Generated_Source\PSoC4/VBUS_C_CTRL_P2.c **** *
 146:.\Generated_Source\PSoC4/VBUS_C_CTRL_P2.c **** * \brief Reads the associated physical port's data output register and masks 
 147:.\Generated_Source\PSoC4/VBUS_C_CTRL_P2.c **** *  the correct bits according to the width and bit position of the component 
 148:.\Generated_Source\PSoC4/VBUS_C_CTRL_P2.c **** *  instance. 
 149:.\Generated_Source\PSoC4/VBUS_C_CTRL_P2.c **** *
 150:.\Generated_Source\PSoC4/VBUS_C_CTRL_P2.c **** * The data output register controls the signal applied to the physical pin in 
 151:.\Generated_Source\PSoC4/VBUS_C_CTRL_P2.c **** * conjunction with the drive mode parameter. This is not the same as the 
 152:.\Generated_Source\PSoC4/VBUS_C_CTRL_P2.c **** * preferred VBUS_C_CTRL_P2_Read() API because the 
 153:.\Generated_Source\PSoC4/VBUS_C_CTRL_P2.c **** * VBUS_C_CTRL_P2_ReadDataReg() reads the data register instead of the status 
 154:.\Generated_Source\PSoC4/VBUS_C_CTRL_P2.c **** * register. For output pins this is a useful function to determine the value 
 155:.\Generated_Source\PSoC4/VBUS_C_CTRL_P2.c **** * just written to the pin.
 156:.\Generated_Source\PSoC4/VBUS_C_CTRL_P2.c **** *
 157:.\Generated_Source\PSoC4/VBUS_C_CTRL_P2.c **** * \return 
 158:.\Generated_Source\PSoC4/VBUS_C_CTRL_P2.c **** *  The current value of the data register masked and shifted into a right 
 159:.\Generated_Source\PSoC4/VBUS_C_CTRL_P2.c **** *  justified number for the component instance.
 160:.\Generated_Source\PSoC4/VBUS_C_CTRL_P2.c **** *
 161:.\Generated_Source\PSoC4/VBUS_C_CTRL_P2.c **** * \funcusage
 162:.\Generated_Source\PSoC4/VBUS_C_CTRL_P2.c **** *  \snippet VBUS_C_CTRL_P2_SUT.c usage_VBUS_C_CTRL_P2_ReadDataReg 
 163:.\Generated_Source\PSoC4/VBUS_C_CTRL_P2.c **** *******************************************************************************/
 164:.\Generated_Source\PSoC4/VBUS_C_CTRL_P2.c **** uint8 VBUS_C_CTRL_P2_ReadDataReg(void)
 165:.\Generated_Source\PSoC4/VBUS_C_CTRL_P2.c **** {
 388              		.loc 1 165 0
 389              		.cfi_startproc
 166:.\Generated_Source\PSoC4/VBUS_C_CTRL_P2.c ****     return (uint8)((VBUS_C_CTRL_P2_DR & VBUS_C_CTRL_P2_MASK) >> VBUS_C_CTRL_P2_SHIFT);
 390              		.loc 1 166 0
 391 0000 024B     		ldr	r3, .L11
 167:.\Generated_Source\PSoC4/VBUS_C_CTRL_P2.c **** }
 392              		.loc 1 167 0
 393              		@ sp needed
 166:.\Generated_Source\PSoC4/VBUS_C_CTRL_P2.c ****     return (uint8)((VBUS_C_CTRL_P2_DR & VBUS_C_CTRL_P2_MASK) >> VBUS_C_CTRL_P2_SHIFT);
ARM GAS  C:\Users\victo\AppData\Local\Temp\ccKxOIMk.s 			page 26


 394              		.loc 1 166 0
 395 0002 1868     		ldr	r0, [r3]
 396 0004 8007     		lsl	r0, r0, #30
 397 0006 C00F     		lsr	r0, r0, #31
 398              		.loc 1 167 0
 399 0008 7047     		bx	lr
 400              	.L12:
 401 000a C046     		.align	2
 402              	.L11:
 403 000c 00040440 		.word	1074004992
 404              		.cfi_endproc
 405              	.LFE3:
 406              		.size	VBUS_C_CTRL_P2_ReadDataReg, .-VBUS_C_CTRL_P2_ReadDataReg
 407              		.section	.text.VBUS_C_CTRL_P2_SetInterruptMode,"ax",%progbits
 408              		.align	1
 409              		.global	VBUS_C_CTRL_P2_SetInterruptMode
 410              		.code	16
 411              		.thumb_func
 412              		.type	VBUS_C_CTRL_P2_SetInterruptMode, %function
 413              	VBUS_C_CTRL_P2_SetInterruptMode:
 414              	.LFB4:
 168:.\Generated_Source\PSoC4/VBUS_C_CTRL_P2.c **** 
 169:.\Generated_Source\PSoC4/VBUS_C_CTRL_P2.c **** 
 170:.\Generated_Source\PSoC4/VBUS_C_CTRL_P2.c **** /*******************************************************************************
 171:.\Generated_Source\PSoC4/VBUS_C_CTRL_P2.c **** * Function Name: VBUS_C_CTRL_P2_SetInterruptMode
 172:.\Generated_Source\PSoC4/VBUS_C_CTRL_P2.c **** ****************************************************************************//**
 173:.\Generated_Source\PSoC4/VBUS_C_CTRL_P2.c **** *
 174:.\Generated_Source\PSoC4/VBUS_C_CTRL_P2.c **** * \brief Configures the interrupt mode for each of the Pins component's
 175:.\Generated_Source\PSoC4/VBUS_C_CTRL_P2.c **** *  pins. Alternatively you may set the interrupt mode for all the pins
 176:.\Generated_Source\PSoC4/VBUS_C_CTRL_P2.c **** *  specified in the Pins component.
 177:.\Generated_Source\PSoC4/VBUS_C_CTRL_P2.c **** *
 178:.\Generated_Source\PSoC4/VBUS_C_CTRL_P2.c **** *  <b>Note</b> The interrupt is port-wide and therefore any enabled pin
 179:.\Generated_Source\PSoC4/VBUS_C_CTRL_P2.c **** *  interrupt may trigger it.
 180:.\Generated_Source\PSoC4/VBUS_C_CTRL_P2.c **** *
 181:.\Generated_Source\PSoC4/VBUS_C_CTRL_P2.c **** * \param position
 182:.\Generated_Source\PSoC4/VBUS_C_CTRL_P2.c **** *  The pin position as listed in the Pins component. You may OR these to be 
 183:.\Generated_Source\PSoC4/VBUS_C_CTRL_P2.c **** *  able to configure the interrupt mode of multiple pins within a Pins 
 184:.\Generated_Source\PSoC4/VBUS_C_CTRL_P2.c **** *  component. Or you may use VBUS_C_CTRL_P2_INTR_ALL to configure the
 185:.\Generated_Source\PSoC4/VBUS_C_CTRL_P2.c **** *  interrupt mode of all the pins in the Pins component.       
 186:.\Generated_Source\PSoC4/VBUS_C_CTRL_P2.c **** *  - VBUS_C_CTRL_P2_0_INTR       (First pin in the list)
 187:.\Generated_Source\PSoC4/VBUS_C_CTRL_P2.c **** *  - VBUS_C_CTRL_P2_1_INTR       (Second pin in the list)
 188:.\Generated_Source\PSoC4/VBUS_C_CTRL_P2.c **** *  - ...
 189:.\Generated_Source\PSoC4/VBUS_C_CTRL_P2.c **** *  - VBUS_C_CTRL_P2_INTR_ALL     (All pins in Pins component)
 190:.\Generated_Source\PSoC4/VBUS_C_CTRL_P2.c **** *
 191:.\Generated_Source\PSoC4/VBUS_C_CTRL_P2.c **** * \param mode
 192:.\Generated_Source\PSoC4/VBUS_C_CTRL_P2.c **** *  Interrupt mode for the selected pins. Valid options are documented in
 193:.\Generated_Source\PSoC4/VBUS_C_CTRL_P2.c **** *  \ref intrMode.
 194:.\Generated_Source\PSoC4/VBUS_C_CTRL_P2.c **** *
 195:.\Generated_Source\PSoC4/VBUS_C_CTRL_P2.c **** * \return 
 196:.\Generated_Source\PSoC4/VBUS_C_CTRL_P2.c **** *  None
 197:.\Generated_Source\PSoC4/VBUS_C_CTRL_P2.c **** *  
 198:.\Generated_Source\PSoC4/VBUS_C_CTRL_P2.c **** * \sideeffect
 199:.\Generated_Source\PSoC4/VBUS_C_CTRL_P2.c **** *  It is recommended that the interrupt be disabled before calling this 
 200:.\Generated_Source\PSoC4/VBUS_C_CTRL_P2.c **** *  function to avoid unintended interrupt requests. Note that the interrupt
 201:.\Generated_Source\PSoC4/VBUS_C_CTRL_P2.c **** *  type is port wide, and therefore will trigger for any enabled pin on the 
 202:.\Generated_Source\PSoC4/VBUS_C_CTRL_P2.c **** *  port.
 203:.\Generated_Source\PSoC4/VBUS_C_CTRL_P2.c **** *
ARM GAS  C:\Users\victo\AppData\Local\Temp\ccKxOIMk.s 			page 27


 204:.\Generated_Source\PSoC4/VBUS_C_CTRL_P2.c **** * \funcusage
 205:.\Generated_Source\PSoC4/VBUS_C_CTRL_P2.c **** *  \snippet VBUS_C_CTRL_P2_SUT.c usage_VBUS_C_CTRL_P2_SetInterruptMode
 206:.\Generated_Source\PSoC4/VBUS_C_CTRL_P2.c **** *******************************************************************************/
 207:.\Generated_Source\PSoC4/VBUS_C_CTRL_P2.c **** void VBUS_C_CTRL_P2_SetInterruptMode(uint16 position, uint16 mode)
 208:.\Generated_Source\PSoC4/VBUS_C_CTRL_P2.c **** {
 415              		.loc 1 208 0
 416              		.cfi_startproc
 417              	.LVL4:
 209:.\Generated_Source\PSoC4/VBUS_C_CTRL_P2.c ****     uint32 intrCfg;
 210:.\Generated_Source\PSoC4/VBUS_C_CTRL_P2.c ****     
 211:.\Generated_Source\PSoC4/VBUS_C_CTRL_P2.c ****     intrCfg =  VBUS_C_CTRL_P2_INTCFG & (uint32)(~(uint32)position);
 418              		.loc 1 211 0
 419 0000 034A     		ldr	r2, .L14
 212:.\Generated_Source\PSoC4/VBUS_C_CTRL_P2.c ****     VBUS_C_CTRL_P2_INTCFG = intrCfg | ((uint32)position & (uint32)mode);
 213:.\Generated_Source\PSoC4/VBUS_C_CTRL_P2.c **** }
 420              		.loc 1 213 0
 421              		@ sp needed
 211:.\Generated_Source\PSoC4/VBUS_C_CTRL_P2.c ****     VBUS_C_CTRL_P2_INTCFG = intrCfg | ((uint32)position & (uint32)mode);
 422              		.loc 1 211 0
 423 0002 1368     		ldr	r3, [r2]
 424              	.LVL5:
 425 0004 8343     		bic	r3, r0
 426              	.LVL6:
 212:.\Generated_Source\PSoC4/VBUS_C_CTRL_P2.c ****     VBUS_C_CTRL_P2_INTCFG = intrCfg | ((uint32)position & (uint32)mode);
 427              		.loc 1 212 0
 428 0006 0840     		and	r0, r1
 429              	.LVL7:
 430 0008 1843     		orr	r0, r3
 431 000a 1060     		str	r0, [r2]
 432              		.loc 1 213 0
 433 000c 7047     		bx	lr
 434              	.L15:
 435 000e C046     		.align	2
 436              	.L14:
 437 0010 0C040440 		.word	1074005004
 438              		.cfi_endproc
 439              	.LFE4:
 440              		.size	VBUS_C_CTRL_P2_SetInterruptMode, .-VBUS_C_CTRL_P2_SetInterruptMode
 441              		.section	.text.VBUS_C_CTRL_P2_ClearInterrupt,"ax",%progbits
 442              		.align	1
 443              		.global	VBUS_C_CTRL_P2_ClearInterrupt
 444              		.code	16
 445              		.thumb_func
 446              		.type	VBUS_C_CTRL_P2_ClearInterrupt, %function
 447              	VBUS_C_CTRL_P2_ClearInterrupt:
 448              	.LFB5:
 214:.\Generated_Source\PSoC4/VBUS_C_CTRL_P2.c **** 
 215:.\Generated_Source\PSoC4/VBUS_C_CTRL_P2.c **** 
 216:.\Generated_Source\PSoC4/VBUS_C_CTRL_P2.c **** /*******************************************************************************
 217:.\Generated_Source\PSoC4/VBUS_C_CTRL_P2.c **** * Function Name: VBUS_C_CTRL_P2_ClearInterrupt
 218:.\Generated_Source\PSoC4/VBUS_C_CTRL_P2.c **** ****************************************************************************//**
 219:.\Generated_Source\PSoC4/VBUS_C_CTRL_P2.c **** *
 220:.\Generated_Source\PSoC4/VBUS_C_CTRL_P2.c **** * \brief Clears any active interrupts attached with the component and returns 
 221:.\Generated_Source\PSoC4/VBUS_C_CTRL_P2.c **** *  the value of the interrupt status register allowing determination of which
 222:.\Generated_Source\PSoC4/VBUS_C_CTRL_P2.c **** *  pins generated an interrupt event.
 223:.\Generated_Source\PSoC4/VBUS_C_CTRL_P2.c **** *
 224:.\Generated_Source\PSoC4/VBUS_C_CTRL_P2.c **** * \return 
ARM GAS  C:\Users\victo\AppData\Local\Temp\ccKxOIMk.s 			page 28


 225:.\Generated_Source\PSoC4/VBUS_C_CTRL_P2.c **** *  The right-shifted current value of the interrupt status register. Each pin 
 226:.\Generated_Source\PSoC4/VBUS_C_CTRL_P2.c **** *  has one bit set if it generated an interrupt event. For example, bit 0 is 
 227:.\Generated_Source\PSoC4/VBUS_C_CTRL_P2.c **** *  for pin 0 and bit 1 is for pin 1 of the Pins component.
 228:.\Generated_Source\PSoC4/VBUS_C_CTRL_P2.c **** *  
 229:.\Generated_Source\PSoC4/VBUS_C_CTRL_P2.c **** * \sideeffect
 230:.\Generated_Source\PSoC4/VBUS_C_CTRL_P2.c **** *  Clears all bits of the physical port's interrupt status register, not just
 231:.\Generated_Source\PSoC4/VBUS_C_CTRL_P2.c **** *  those associated with the Pins component.
 232:.\Generated_Source\PSoC4/VBUS_C_CTRL_P2.c **** *
 233:.\Generated_Source\PSoC4/VBUS_C_CTRL_P2.c **** * \funcusage
 234:.\Generated_Source\PSoC4/VBUS_C_CTRL_P2.c **** *  \snippet VBUS_C_CTRL_P2_SUT.c usage_VBUS_C_CTRL_P2_ClearInterrupt
 235:.\Generated_Source\PSoC4/VBUS_C_CTRL_P2.c **** *******************************************************************************/
 236:.\Generated_Source\PSoC4/VBUS_C_CTRL_P2.c **** uint8 VBUS_C_CTRL_P2_ClearInterrupt(void)
 237:.\Generated_Source\PSoC4/VBUS_C_CTRL_P2.c **** {
 449              		.loc 1 237 0
 450              		.cfi_startproc
 238:.\Generated_Source\PSoC4/VBUS_C_CTRL_P2.c **** 	uint8 maskedStatus = (uint8)(VBUS_C_CTRL_P2_INTSTAT & VBUS_C_CTRL_P2_MASK);
 451              		.loc 1 238 0
 452 0000 0223     		mov	r3, #2
 453 0002 034A     		ldr	r2, .L17
 239:.\Generated_Source\PSoC4/VBUS_C_CTRL_P2.c **** 	VBUS_C_CTRL_P2_INTSTAT = maskedStatus;
 240:.\Generated_Source\PSoC4/VBUS_C_CTRL_P2.c ****     return maskedStatus >> VBUS_C_CTRL_P2_SHIFT;
 241:.\Generated_Source\PSoC4/VBUS_C_CTRL_P2.c **** }
 454              		.loc 1 241 0
 455              		@ sp needed
 238:.\Generated_Source\PSoC4/VBUS_C_CTRL_P2.c **** 	uint8 maskedStatus = (uint8)(VBUS_C_CTRL_P2_INTSTAT & VBUS_C_CTRL_P2_MASK);
 456              		.loc 1 238 0
 457 0004 1068     		ldr	r0, [r2]
 458 0006 1840     		and	r0, r3
 459              	.LVL8:
 239:.\Generated_Source\PSoC4/VBUS_C_CTRL_P2.c **** 	VBUS_C_CTRL_P2_INTSTAT = maskedStatus;
 460              		.loc 1 239 0
 461 0008 1060     		str	r0, [r2]
 240:.\Generated_Source\PSoC4/VBUS_C_CTRL_P2.c **** }
 462              		.loc 1 240 0
 463 000a 4008     		lsr	r0, r0, #1
 464              	.LVL9:
 465 000c C0B2     		uxtb	r0, r0
 466              		.loc 1 241 0
 467 000e 7047     		bx	lr
 468              	.L18:
 469              		.align	2
 470              	.L17:
 471 0010 10040440 		.word	1074005008
 472              		.cfi_endproc
 473              	.LFE5:
 474              		.size	VBUS_C_CTRL_P2_ClearInterrupt, .-VBUS_C_CTRL_P2_ClearInterrupt
 475              		.text
 476              	.Letext0:
 477              		.file 2 ".\\Generated_Source\\PSoC4\\cytypes.h"
 478              		.section	.debug_info,"",%progbits
 479              	.Ldebug_info0:
 480 0000 97010000 		.4byte	0x197
 481 0004 0400     		.2byte	0x4
 482 0006 00000000 		.4byte	.Ldebug_abbrev0
 483 000a 04       		.byte	0x4
 484 000b 01       		.uleb128 0x1
 485 000c 4D010000 		.4byte	.LASF27
ARM GAS  C:\Users\victo\AppData\Local\Temp\ccKxOIMk.s 			page 29


 486 0010 01       		.byte	0x1
 487 0011 6E000000 		.4byte	.LASF28
 488 0015 DF000000 		.4byte	.LASF29
 489 0019 00000000 		.4byte	.Ldebug_ranges0+0
 490 001d 00000000 		.4byte	0
 491 0021 00000000 		.4byte	.Ldebug_line0
 492 0025 02       		.uleb128 0x2
 493 0026 01       		.byte	0x1
 494 0027 06       		.byte	0x6
 495 0028 AE020000 		.4byte	.LASF0
 496 002c 02       		.uleb128 0x2
 497 002d 01       		.byte	0x1
 498 002e 08       		.byte	0x8
 499 002f 2E000000 		.4byte	.LASF1
 500 0033 02       		.uleb128 0x2
 501 0034 02       		.byte	0x2
 502 0035 05       		.byte	0x5
 503 0036 6C020000 		.4byte	.LASF2
 504 003a 02       		.uleb128 0x2
 505 003b 02       		.byte	0x2
 506 003c 07       		.byte	0x7
 507 003d 54000000 		.4byte	.LASF3
 508 0041 02       		.uleb128 0x2
 509 0042 04       		.byte	0x4
 510 0043 05       		.byte	0x5
 511 0044 90020000 		.4byte	.LASF4
 512 0048 02       		.uleb128 0x2
 513 0049 04       		.byte	0x4
 514 004a 07       		.byte	0x7
 515 004b 42000000 		.4byte	.LASF5
 516 004f 02       		.uleb128 0x2
 517 0050 08       		.byte	0x8
 518 0051 05       		.byte	0x5
 519 0052 4C020000 		.4byte	.LASF6
 520 0056 02       		.uleb128 0x2
 521 0057 08       		.byte	0x8
 522 0058 07       		.byte	0x7
 523 0059 36010000 		.4byte	.LASF7
 524 005d 03       		.uleb128 0x3
 525 005e 04       		.byte	0x4
 526 005f 05       		.byte	0x5
 527 0060 696E7400 		.ascii	"int\000"
 528 0064 02       		.uleb128 0x2
 529 0065 04       		.byte	0x4
 530 0066 07       		.byte	0x7
 531 0067 D2000000 		.4byte	.LASF8
 532 006b 04       		.uleb128 0x4
 533 006c 76020000 		.4byte	.LASF9
 534 0070 02       		.byte	0x2
 535 0071 9801     		.2byte	0x198
 536 0073 2C000000 		.4byte	0x2c
 537 0077 04       		.uleb128 0x4
 538 0078 98000000 		.4byte	.LASF10
 539 007c 02       		.byte	0x2
 540 007d 9901     		.2byte	0x199
 541 007f 3A000000 		.4byte	0x3a
 542 0083 04       		.uleb128 0x4
ARM GAS  C:\Users\victo\AppData\Local\Temp\ccKxOIMk.s 			page 30


 543 0084 C3000000 		.4byte	.LASF11
 544 0088 02       		.byte	0x2
 545 0089 9A01     		.2byte	0x19a
 546 008b 48000000 		.4byte	0x48
 547 008f 02       		.uleb128 0x2
 548 0090 04       		.byte	0x4
 549 0091 04       		.byte	0x4
 550 0092 28000000 		.4byte	.LASF12
 551 0096 02       		.uleb128 0x2
 552 0097 08       		.byte	0x8
 553 0098 04       		.byte	0x4
 554 0099 67000000 		.4byte	.LASF13
 555 009d 02       		.uleb128 0x2
 556 009e 01       		.byte	0x1
 557 009f 08       		.byte	0x8
 558 00a0 67020000 		.4byte	.LASF14
 559 00a4 04       		.uleb128 0x4
 560 00a5 00000000 		.4byte	.LASF15
 561 00a9 02       		.byte	0x2
 562 00aa 4402     		.2byte	0x244
 563 00ac B0000000 		.4byte	0xb0
 564 00b0 05       		.uleb128 0x5
 565 00b1 83000000 		.4byte	0x83
 566 00b5 06       		.uleb128 0x6
 567 00b6 06000000 		.4byte	.LASF16
 568 00ba 01       		.byte	0x1
 569 00bb 48       		.byte	0x48
 570 00bc 00000000 		.4byte	.LFB0
 571 00c0 14000000 		.4byte	.LFE0-.LFB0
 572 00c4 01       		.uleb128 0x1
 573 00c5 9C       		.byte	0x9c
 574 00c6 DA000000 		.4byte	0xda
 575 00ca 07       		.uleb128 0x7
 576 00cb 09020000 		.4byte	.LASF18
 577 00cf 01       		.byte	0x1
 578 00d0 48       		.byte	0x48
 579 00d1 6B000000 		.4byte	0x6b
 580 00d5 00000000 		.4byte	.LLST0
 581 00d9 00       		.byte	0
 582 00da 06       		.uleb128 0x6
 583 00db 99020000 		.4byte	.LASF17
 584 00df 01       		.byte	0x1
 585 00e0 6F       		.byte	0x6f
 586 00e1 00000000 		.4byte	.LFB1
 587 00e5 18000000 		.4byte	.LFE1-.LFB1
 588 00e9 01       		.uleb128 0x1
 589 00ea 9C       		.byte	0x9c
 590 00eb 0A010000 		.4byte	0x10a
 591 00ef 07       		.uleb128 0x7
 592 00f0 22000000 		.4byte	.LASF19
 593 00f4 01       		.byte	0x1
 594 00f5 6F       		.byte	0x6f
 595 00f6 6B000000 		.4byte	0x6b
 596 00fa 21000000 		.4byte	.LLST1
 597 00fe 08       		.uleb128 0x8
 598 00ff 3C000000 		.4byte	.LASF30
 599 0103 01       		.byte	0x1
ARM GAS  C:\Users\victo\AppData\Local\Temp\ccKxOIMk.s 			page 31


 600 0104 71       		.byte	0x71
 601 0105 6B000000 		.4byte	0x6b
 602 0109 00       		.byte	0
 603 010a 09       		.uleb128 0x9
 604 010b 7C020000 		.4byte	.LASF20
 605 010f 01       		.byte	0x1
 606 0110 88       		.byte	0x88
 607 0111 6B000000 		.4byte	0x6b
 608 0115 00000000 		.4byte	.LFB2
 609 0119 10000000 		.4byte	.LFE2-.LFB2
 610 011d 01       		.uleb128 0x1
 611 011e 9C       		.byte	0x9c
 612 011f 09       		.uleb128 0x9
 613 0120 9F000000 		.4byte	.LASF21
 614 0124 01       		.byte	0x1
 615 0125 A4       		.byte	0xa4
 616 0126 6B000000 		.4byte	0x6b
 617 012a 00000000 		.4byte	.LFB3
 618 012e 10000000 		.4byte	.LFE3-.LFB3
 619 0132 01       		.uleb128 0x1
 620 0133 9C       		.byte	0x9c
 621 0134 06       		.uleb128 0x6
 622 0135 0E020000 		.4byte	.LASF22
 623 0139 01       		.byte	0x1
 624 013a CF       		.byte	0xcf
 625 013b 00000000 		.4byte	.LFB4
 626 013f 14000000 		.4byte	.LFE4-.LFB4
 627 0143 01       		.uleb128 0x1
 628 0144 9C       		.byte	0x9c
 629 0145 75010000 		.4byte	0x175
 630 0149 07       		.uleb128 0x7
 631 014a BA000000 		.4byte	.LASF23
 632 014e 01       		.byte	0x1
 633 014f CF       		.byte	0xcf
 634 0150 77000000 		.4byte	0x77
 635 0154 42000000 		.4byte	.LLST2
 636 0158 0A       		.uleb128 0xa
 637 0159 09020000 		.4byte	.LASF18
 638 015d 01       		.byte	0x1
 639 015e CF       		.byte	0xcf
 640 015f 77000000 		.4byte	0x77
 641 0163 01       		.uleb128 0x1
 642 0164 51       		.byte	0x51
 643 0165 0B       		.uleb128 0xb
 644 0166 CA000000 		.4byte	.LASF25
 645 016a 01       		.byte	0x1
 646 016b D1       		.byte	0xd1
 647 016c 83000000 		.4byte	0x83
 648 0170 63000000 		.4byte	.LLST3
 649 0174 00       		.byte	0
 650 0175 0C       		.uleb128 0xc
 651 0176 2E020000 		.4byte	.LASF24
 652 017a 01       		.byte	0x1
 653 017b EC       		.byte	0xec
 654 017c 6B000000 		.4byte	0x6b
 655 0180 00000000 		.4byte	.LFB5
 656 0184 14000000 		.4byte	.LFE5-.LFB5
ARM GAS  C:\Users\victo\AppData\Local\Temp\ccKxOIMk.s 			page 32


 657 0188 01       		.uleb128 0x1
 658 0189 9C       		.byte	0x9c
 659 018a 0B       		.uleb128 0xb
 660 018b 5A020000 		.4byte	.LASF26
 661 018f 01       		.byte	0x1
 662 0190 EE       		.byte	0xee
 663 0191 6B000000 		.4byte	0x6b
 664 0195 80000000 		.4byte	.LLST4
 665 0199 00       		.byte	0
 666 019a 00       		.byte	0
 667              		.section	.debug_abbrev,"",%progbits
 668              	.Ldebug_abbrev0:
 669 0000 01       		.uleb128 0x1
 670 0001 11       		.uleb128 0x11
 671 0002 01       		.byte	0x1
 672 0003 25       		.uleb128 0x25
 673 0004 0E       		.uleb128 0xe
 674 0005 13       		.uleb128 0x13
 675 0006 0B       		.uleb128 0xb
 676 0007 03       		.uleb128 0x3
 677 0008 0E       		.uleb128 0xe
 678 0009 1B       		.uleb128 0x1b
 679 000a 0E       		.uleb128 0xe
 680 000b 55       		.uleb128 0x55
 681 000c 17       		.uleb128 0x17
 682 000d 11       		.uleb128 0x11
 683 000e 01       		.uleb128 0x1
 684 000f 10       		.uleb128 0x10
 685 0010 17       		.uleb128 0x17
 686 0011 00       		.byte	0
 687 0012 00       		.byte	0
 688 0013 02       		.uleb128 0x2
 689 0014 24       		.uleb128 0x24
 690 0015 00       		.byte	0
 691 0016 0B       		.uleb128 0xb
 692 0017 0B       		.uleb128 0xb
 693 0018 3E       		.uleb128 0x3e
 694 0019 0B       		.uleb128 0xb
 695 001a 03       		.uleb128 0x3
 696 001b 0E       		.uleb128 0xe
 697 001c 00       		.byte	0
 698 001d 00       		.byte	0
 699 001e 03       		.uleb128 0x3
 700 001f 24       		.uleb128 0x24
 701 0020 00       		.byte	0
 702 0021 0B       		.uleb128 0xb
 703 0022 0B       		.uleb128 0xb
 704 0023 3E       		.uleb128 0x3e
 705 0024 0B       		.uleb128 0xb
 706 0025 03       		.uleb128 0x3
 707 0026 08       		.uleb128 0x8
 708 0027 00       		.byte	0
 709 0028 00       		.byte	0
 710 0029 04       		.uleb128 0x4
 711 002a 16       		.uleb128 0x16
 712 002b 00       		.byte	0
 713 002c 03       		.uleb128 0x3
ARM GAS  C:\Users\victo\AppData\Local\Temp\ccKxOIMk.s 			page 33


 714 002d 0E       		.uleb128 0xe
 715 002e 3A       		.uleb128 0x3a
 716 002f 0B       		.uleb128 0xb
 717 0030 3B       		.uleb128 0x3b
 718 0031 05       		.uleb128 0x5
 719 0032 49       		.uleb128 0x49
 720 0033 13       		.uleb128 0x13
 721 0034 00       		.byte	0
 722 0035 00       		.byte	0
 723 0036 05       		.uleb128 0x5
 724 0037 35       		.uleb128 0x35
 725 0038 00       		.byte	0
 726 0039 49       		.uleb128 0x49
 727 003a 13       		.uleb128 0x13
 728 003b 00       		.byte	0
 729 003c 00       		.byte	0
 730 003d 06       		.uleb128 0x6
 731 003e 2E       		.uleb128 0x2e
 732 003f 01       		.byte	0x1
 733 0040 3F       		.uleb128 0x3f
 734 0041 19       		.uleb128 0x19
 735 0042 03       		.uleb128 0x3
 736 0043 0E       		.uleb128 0xe
 737 0044 3A       		.uleb128 0x3a
 738 0045 0B       		.uleb128 0xb
 739 0046 3B       		.uleb128 0x3b
 740 0047 0B       		.uleb128 0xb
 741 0048 27       		.uleb128 0x27
 742 0049 19       		.uleb128 0x19
 743 004a 11       		.uleb128 0x11
 744 004b 01       		.uleb128 0x1
 745 004c 12       		.uleb128 0x12
 746 004d 06       		.uleb128 0x6
 747 004e 40       		.uleb128 0x40
 748 004f 18       		.uleb128 0x18
 749 0050 9742     		.uleb128 0x2117
 750 0052 19       		.uleb128 0x19
 751 0053 01       		.uleb128 0x1
 752 0054 13       		.uleb128 0x13
 753 0055 00       		.byte	0
 754 0056 00       		.byte	0
 755 0057 07       		.uleb128 0x7
 756 0058 05       		.uleb128 0x5
 757 0059 00       		.byte	0
 758 005a 03       		.uleb128 0x3
 759 005b 0E       		.uleb128 0xe
 760 005c 3A       		.uleb128 0x3a
 761 005d 0B       		.uleb128 0xb
 762 005e 3B       		.uleb128 0x3b
 763 005f 0B       		.uleb128 0xb
 764 0060 49       		.uleb128 0x49
 765 0061 13       		.uleb128 0x13
 766 0062 02       		.uleb128 0x2
 767 0063 17       		.uleb128 0x17
 768 0064 00       		.byte	0
 769 0065 00       		.byte	0
 770 0066 08       		.uleb128 0x8
ARM GAS  C:\Users\victo\AppData\Local\Temp\ccKxOIMk.s 			page 34


 771 0067 34       		.uleb128 0x34
 772 0068 00       		.byte	0
 773 0069 03       		.uleb128 0x3
 774 006a 0E       		.uleb128 0xe
 775 006b 3A       		.uleb128 0x3a
 776 006c 0B       		.uleb128 0xb
 777 006d 3B       		.uleb128 0x3b
 778 006e 0B       		.uleb128 0xb
 779 006f 49       		.uleb128 0x49
 780 0070 13       		.uleb128 0x13
 781 0071 00       		.byte	0
 782 0072 00       		.byte	0
 783 0073 09       		.uleb128 0x9
 784 0074 2E       		.uleb128 0x2e
 785 0075 00       		.byte	0
 786 0076 3F       		.uleb128 0x3f
 787 0077 19       		.uleb128 0x19
 788 0078 03       		.uleb128 0x3
 789 0079 0E       		.uleb128 0xe
 790 007a 3A       		.uleb128 0x3a
 791 007b 0B       		.uleb128 0xb
 792 007c 3B       		.uleb128 0x3b
 793 007d 0B       		.uleb128 0xb
 794 007e 27       		.uleb128 0x27
 795 007f 19       		.uleb128 0x19
 796 0080 49       		.uleb128 0x49
 797 0081 13       		.uleb128 0x13
 798 0082 11       		.uleb128 0x11
 799 0083 01       		.uleb128 0x1
 800 0084 12       		.uleb128 0x12
 801 0085 06       		.uleb128 0x6
 802 0086 40       		.uleb128 0x40
 803 0087 18       		.uleb128 0x18
 804 0088 9742     		.uleb128 0x2117
 805 008a 19       		.uleb128 0x19
 806 008b 00       		.byte	0
 807 008c 00       		.byte	0
 808 008d 0A       		.uleb128 0xa
 809 008e 05       		.uleb128 0x5
 810 008f 00       		.byte	0
 811 0090 03       		.uleb128 0x3
 812 0091 0E       		.uleb128 0xe
 813 0092 3A       		.uleb128 0x3a
 814 0093 0B       		.uleb128 0xb
 815 0094 3B       		.uleb128 0x3b
 816 0095 0B       		.uleb128 0xb
 817 0096 49       		.uleb128 0x49
 818 0097 13       		.uleb128 0x13
 819 0098 02       		.uleb128 0x2
 820 0099 18       		.uleb128 0x18
 821 009a 00       		.byte	0
 822 009b 00       		.byte	0
 823 009c 0B       		.uleb128 0xb
 824 009d 34       		.uleb128 0x34
 825 009e 00       		.byte	0
 826 009f 03       		.uleb128 0x3
 827 00a0 0E       		.uleb128 0xe
ARM GAS  C:\Users\victo\AppData\Local\Temp\ccKxOIMk.s 			page 35


 828 00a1 3A       		.uleb128 0x3a
 829 00a2 0B       		.uleb128 0xb
 830 00a3 3B       		.uleb128 0x3b
 831 00a4 0B       		.uleb128 0xb
 832 00a5 49       		.uleb128 0x49
 833 00a6 13       		.uleb128 0x13
 834 00a7 02       		.uleb128 0x2
 835 00a8 17       		.uleb128 0x17
 836 00a9 00       		.byte	0
 837 00aa 00       		.byte	0
 838 00ab 0C       		.uleb128 0xc
 839 00ac 2E       		.uleb128 0x2e
 840 00ad 01       		.byte	0x1
 841 00ae 3F       		.uleb128 0x3f
 842 00af 19       		.uleb128 0x19
 843 00b0 03       		.uleb128 0x3
 844 00b1 0E       		.uleb128 0xe
 845 00b2 3A       		.uleb128 0x3a
 846 00b3 0B       		.uleb128 0xb
 847 00b4 3B       		.uleb128 0x3b
 848 00b5 0B       		.uleb128 0xb
 849 00b6 27       		.uleb128 0x27
 850 00b7 19       		.uleb128 0x19
 851 00b8 49       		.uleb128 0x49
 852 00b9 13       		.uleb128 0x13
 853 00ba 11       		.uleb128 0x11
 854 00bb 01       		.uleb128 0x1
 855 00bc 12       		.uleb128 0x12
 856 00bd 06       		.uleb128 0x6
 857 00be 40       		.uleb128 0x40
 858 00bf 18       		.uleb128 0x18
 859 00c0 9742     		.uleb128 0x2117
 860 00c2 19       		.uleb128 0x19
 861 00c3 00       		.byte	0
 862 00c4 00       		.byte	0
 863 00c5 00       		.byte	0
 864              		.section	.debug_loc,"",%progbits
 865              	.Ldebug_loc0:
 866              	.LLST0:
 867 0000 00000000 		.4byte	.LVL0
 868 0004 06000000 		.4byte	.LVL1
 869 0008 0100     		.2byte	0x1
 870 000a 50       		.byte	0x50
 871 000b 06000000 		.4byte	.LVL1
 872 000f 14000000 		.4byte	.LFE0
 873 0013 0400     		.2byte	0x4
 874 0015 F3       		.byte	0xf3
 875 0016 01       		.uleb128 0x1
 876 0017 50       		.byte	0x50
 877 0018 9F       		.byte	0x9f
 878 0019 00000000 		.4byte	0
 879 001d 00000000 		.4byte	0
 880              	.LLST1:
 881 0021 00000000 		.4byte	.LVL2
 882 0025 06000000 		.4byte	.LVL3
 883 0029 0100     		.2byte	0x1
 884 002b 50       		.byte	0x50
ARM GAS  C:\Users\victo\AppData\Local\Temp\ccKxOIMk.s 			page 36


 885 002c 06000000 		.4byte	.LVL3
 886 0030 18000000 		.4byte	.LFE1
 887 0034 0400     		.2byte	0x4
 888 0036 F3       		.byte	0xf3
 889 0037 01       		.uleb128 0x1
 890 0038 50       		.byte	0x50
 891 0039 9F       		.byte	0x9f
 892 003a 00000000 		.4byte	0
 893 003e 00000000 		.4byte	0
 894              	.LLST2:
 895 0042 00000000 		.4byte	.LVL4
 896 0046 08000000 		.4byte	.LVL7
 897 004a 0100     		.2byte	0x1
 898 004c 50       		.byte	0x50
 899 004d 08000000 		.4byte	.LVL7
 900 0051 14000000 		.4byte	.LFE4
 901 0055 0400     		.2byte	0x4
 902 0057 F3       		.byte	0xf3
 903 0058 01       		.uleb128 0x1
 904 0059 50       		.byte	0x50
 905 005a 9F       		.byte	0x9f
 906 005b 00000000 		.4byte	0
 907 005f 00000000 		.4byte	0
 908              	.LLST3:
 909 0063 04000000 		.4byte	.LVL5
 910 0067 06000000 		.4byte	.LVL6
 911 006b 0B00     		.2byte	0xb
 912 006d 70       		.byte	0x70
 913 006e 00       		.sleb128 0
 914 006f 0A       		.byte	0xa
 915 0070 FFFF     		.2byte	0xffff
 916 0072 1A       		.byte	0x1a
 917 0073 20       		.byte	0x20
 918 0074 73       		.byte	0x73
 919 0075 00       		.sleb128 0
 920 0076 1A       		.byte	0x1a
 921 0077 9F       		.byte	0x9f
 922 0078 00000000 		.4byte	0
 923 007c 00000000 		.4byte	0
 924              	.LLST4:
 925 0080 08000000 		.4byte	.LVL8
 926 0084 0C000000 		.4byte	.LVL9
 927 0088 0100     		.2byte	0x1
 928 008a 50       		.byte	0x50
 929 008b 0C000000 		.4byte	.LVL9
 930 008f 14000000 		.4byte	.LFE5
 931 0093 0400     		.2byte	0x4
 932 0095 72       		.byte	0x72
 933 0096 00       		.sleb128 0
 934 0097 06       		.byte	0x6
 935 0098 9F       		.byte	0x9f
 936 0099 00000000 		.4byte	0
 937 009d 00000000 		.4byte	0
 938              		.section	.debug_aranges,"",%progbits
 939 0000 44000000 		.4byte	0x44
 940 0004 0200     		.2byte	0x2
 941 0006 00000000 		.4byte	.Ldebug_info0
ARM GAS  C:\Users\victo\AppData\Local\Temp\ccKxOIMk.s 			page 37


 942 000a 04       		.byte	0x4
 943 000b 00       		.byte	0
 944 000c 0000     		.2byte	0
 945 000e 0000     		.2byte	0
 946 0010 00000000 		.4byte	.LFB0
 947 0014 14000000 		.4byte	.LFE0-.LFB0
 948 0018 00000000 		.4byte	.LFB1
 949 001c 18000000 		.4byte	.LFE1-.LFB1
 950 0020 00000000 		.4byte	.LFB2
 951 0024 10000000 		.4byte	.LFE2-.LFB2
 952 0028 00000000 		.4byte	.LFB3
 953 002c 10000000 		.4byte	.LFE3-.LFB3
 954 0030 00000000 		.4byte	.LFB4
 955 0034 14000000 		.4byte	.LFE4-.LFB4
 956 0038 00000000 		.4byte	.LFB5
 957 003c 14000000 		.4byte	.LFE5-.LFB5
 958 0040 00000000 		.4byte	0
 959 0044 00000000 		.4byte	0
 960              		.section	.debug_ranges,"",%progbits
 961              	.Ldebug_ranges0:
 962 0000 00000000 		.4byte	.LFB0
 963 0004 14000000 		.4byte	.LFE0
 964 0008 00000000 		.4byte	.LFB1
 965 000c 18000000 		.4byte	.LFE1
 966 0010 00000000 		.4byte	.LFB2
 967 0014 10000000 		.4byte	.LFE2
 968 0018 00000000 		.4byte	.LFB3
 969 001c 10000000 		.4byte	.LFE3
 970 0020 00000000 		.4byte	.LFB4
 971 0024 14000000 		.4byte	.LFE4
 972 0028 00000000 		.4byte	.LFB5
 973 002c 14000000 		.4byte	.LFE5
 974 0030 00000000 		.4byte	0
 975 0034 00000000 		.4byte	0
 976              		.section	.debug_line,"",%progbits
 977              	.Ldebug_line0:
 978 0000 D2000000 		.section	.debug_str,"MS",%progbits,1
 978      02004D00 
 978      00000201 
 978      FB0E0D00 
 978      01010101 
 979              	.LASF15:
 980 0000 72656733 		.ascii	"reg32\000"
 980      3200
 981              	.LASF16:
 982 0006 56425553 		.ascii	"VBUS_C_CTRL_P2_SetDriveMode\000"
 982      5F435F43 
 982      54524C5F 
 982      50325F53 
 982      65744472 
 983              	.LASF19:
 984 0022 76616C75 		.ascii	"value\000"
 984      6500
 985              	.LASF12:
 986 0028 666C6F61 		.ascii	"float\000"
 986      7400
 987              	.LASF1:
ARM GAS  C:\Users\victo\AppData\Local\Temp\ccKxOIMk.s 			page 38


 988 002e 756E7369 		.ascii	"unsigned char\000"
 988      676E6564 
 988      20636861 
 988      7200
 989              	.LASF30:
 990 003c 64725661 		.ascii	"drVal\000"
 990      6C00
 991              	.LASF5:
 992 0042 6C6F6E67 		.ascii	"long unsigned int\000"
 992      20756E73 
 992      69676E65 
 992      6420696E 
 992      7400
 993              	.LASF3:
 994 0054 73686F72 		.ascii	"short unsigned int\000"
 994      7420756E 
 994      7369676E 
 994      65642069 
 994      6E7400
 995              	.LASF13:
 996 0067 646F7562 		.ascii	"double\000"
 996      6C6500
 997              	.LASF28:
 998 006e 2E5C4765 		.ascii	".\\Generated_Source\\PSoC4\\VBUS_C_CTRL_P2.c\000"
 998      6E657261 
 998      7465645F 
 998      536F7572 
 998      63655C50 
 999              	.LASF10:
 1000 0098 75696E74 		.ascii	"uint16\000"
 1000      313600
 1001              	.LASF21:
 1002 009f 56425553 		.ascii	"VBUS_C_CTRL_P2_ReadDataReg\000"
 1002      5F435F43 
 1002      54524C5F 
 1002      50325F52 
 1002      65616444 
 1003              	.LASF23:
 1004 00ba 706F7369 		.ascii	"position\000"
 1004      74696F6E 
 1004      00
 1005              	.LASF11:
 1006 00c3 75696E74 		.ascii	"uint32\000"
 1006      333200
 1007              	.LASF25:
 1008 00ca 696E7472 		.ascii	"intrCfg\000"
 1008      43666700 
 1009              	.LASF8:
 1010 00d2 756E7369 		.ascii	"unsigned int\000"
 1010      676E6564 
 1010      20696E74 
 1010      00
 1011              	.LASF29:
 1012 00df 433A5C76 		.ascii	"C:\\victor0617\\github_code\\CY4541\\CYPD4225-40LQX"
 1012      6963746F 
 1012      72303631 
 1012      375C6769 
ARM GAS  C:\Users\victo\AppData\Local\Temp\ccKxOIMk.s 			page 39


 1012      74687562 
 1013 010e 495F3038 		.ascii	"I_0805\\CYPD4225-40LQXI_notebook01.cydsn\000"
 1013      30355C43 
 1013      59504434 
 1013      3232352D 
 1013      34304C51 
 1014              	.LASF7:
 1015 0136 6C6F6E67 		.ascii	"long long unsigned int\000"
 1015      206C6F6E 
 1015      6720756E 
 1015      7369676E 
 1015      65642069 
 1016              	.LASF27:
 1017 014d 474E5520 		.ascii	"GNU C 4.9.3 20150303 (release) [ARM/embedded-4_9-br"
 1017      4320342E 
 1017      392E3320 
 1017      32303135 
 1017      30333033 
 1018 0180 616E6368 		.ascii	"anch revision 221220] -mcpu=cortex-m0 -mthumb -g -O"
 1018      20726576 
 1018      6973696F 
 1018      6E203232 
 1018      31323230 
 1019 01b3 73202D66 		.ascii	"s -ffunction-sections -finline-functions -flto -ffa"
 1019      66756E63 
 1019      74696F6E 
 1019      2D736563 
 1019      74696F6E 
 1020 01e6 742D6C74 		.ascii	"t-lto-objects -fno-strict-aliasing\000"
 1020      6F2D6F62 
 1020      6A656374 
 1020      73202D66 
 1020      6E6F2D73 
 1021              	.LASF18:
 1022 0209 6D6F6465 		.ascii	"mode\000"
 1022      00
 1023              	.LASF22:
 1024 020e 56425553 		.ascii	"VBUS_C_CTRL_P2_SetInterruptMode\000"
 1024      5F435F43 
 1024      54524C5F 
 1024      50325F53 
 1024      6574496E 
 1025              	.LASF24:
 1026 022e 56425553 		.ascii	"VBUS_C_CTRL_P2_ClearInterrupt\000"
 1026      5F435F43 
 1026      54524C5F 
 1026      50325F43 
 1026      6C656172 
 1027              	.LASF6:
 1028 024c 6C6F6E67 		.ascii	"long long int\000"
 1028      206C6F6E 
 1028      6720696E 
 1028      7400
 1029              	.LASF26:
 1030 025a 6D61736B 		.ascii	"maskedStatus\000"
 1030      65645374 
 1030      61747573 
ARM GAS  C:\Users\victo\AppData\Local\Temp\ccKxOIMk.s 			page 40


 1030      00
 1031              	.LASF14:
 1032 0267 63686172 		.ascii	"char\000"
 1032      00
 1033              	.LASF2:
 1034 026c 73686F72 		.ascii	"short int\000"
 1034      7420696E 
 1034      7400
 1035              	.LASF9:
 1036 0276 75696E74 		.ascii	"uint8\000"
 1036      3800
 1037              	.LASF20:
 1038 027c 56425553 		.ascii	"VBUS_C_CTRL_P2_Read\000"
 1038      5F435F43 
 1038      54524C5F 
 1038      50325F52 
 1038      65616400 
 1039              	.LASF4:
 1040 0290 6C6F6E67 		.ascii	"long int\000"
 1040      20696E74 
 1040      00
 1041              	.LASF17:
 1042 0299 56425553 		.ascii	"VBUS_C_CTRL_P2_Write\000"
 1042      5F435F43 
 1042      54524C5F 
 1042      50325F57 
 1042      72697465 
 1043              	.LASF0:
 1044 02ae 7369676E 		.ascii	"signed char\000"
 1044      65642063 
 1044      68617200 
 1045              		.comm	__gnu_lto_v1,1,1
 1046              		.ident	"GCC: (GNU Tools for ARM Embedded Processors) 4.9.3 20150303 (release) [ARM/embedded-4_9-br
