ARM GAS  C:\Users\victo\AppData\Local\Temp\ccS737u4.s 			page 1


   1              		.cpu cortex-m0
   2              		.fpu softvfp
   3              		.eabi_attribute 20, 1
   4              		.eabi_attribute 21, 1
   5              		.eabi_attribute 23, 3
   6              		.eabi_attribute 24, 1
   7              		.eabi_attribute 25, 1
   8              		.eabi_attribute 26, 1
   9              		.eabi_attribute 30, 4
  10              		.eabi_attribute 34, 0
  11              		.eabi_attribute 18, 4
  12              		.code	16
  13              		.file	"VBUS_MON_P2.c"
  14              		.text
  15              	.Ltext0:
  16              		.section	.gnu.lto_.profile.92f64457,"",%progbits
  17 0000 789C6366 		.ascii	"x\234cf```a\200\000F\006%\031\000\000\324\000G"
  17      60606061 
  17      80004606 
  17      25190000 
  17      D40047
  18              		.text
  19              		.section	.gnu.lto_.jmpfuncs.92f64457,"",%progbits
  20 0000 789C6366 		.ascii	"x\234cf\300\016d\2404\033\003##c=#\210`b``f``abdd\256"
  20      C00E64A0 
  20      341B0323 
  20      23633D23 
  20      88606260 
  21 001d AF6705CA 		.ascii	"\257g\005\312\001\000 \267\002>"
  21      010020B7 
  21      023E
  22              		.text
  23              		.section	.gnu.lto_.inline.92f64457,"",%progbits
  24 0000 789C6D8C 		.ascii	"x\234m\214\321\011\2000\014\005/i\232V\020\034\301\015"
  24      D1098030 
  24      0C052F69 
  24      9A56101C 
  24      C10D
  25 0012 1CC1255D 		.ascii	"\034\301%]\240\2438\202\2438\202-JA4\037\011\\\336\273"
  25      A0A33882 
  25      A338822D 
  25      4A41341F 
  25      095CDEBB 
  26 0026 C0FF6CCF 		.ascii	"\300\377l\317uH.\202\200\346}\305\313\254\215\0139\335"
  26      75482E82 
  26      80E67DC5 
  26      CBAC8D0B 
  26      39DD
  27 0038 3874ACC7 		.ascii	"8t\254\307d\355\247D\023\324\312\334\343\341\213\214"
  27      64EDA744 
  27      13D4CADC 
  27      E3E18B8C 
  28 0048 218B3643 		.ascii	"!\2136C\365`oK]c\013E<\326\236\237K\357q\001\011\220"
  28      F5606F4B 
  28      5D630B45 
  28      3CD69E9F 
  28      4BEF7101 
ARM GAS  C:\Users\victo\AppData\Local\Temp\ccS737u4.s 			page 2


  29 005e 0E31     		.ascii	"\0161"
  30              		.text
  31              		.section	.gnu.lto_.pureconst.92f64457,"",%progbits
  32 0000 789C6366 		.ascii	"x\234cf``\340e\200\0006\006)F)&)f)\026)V)\000\005\261"
  32      6060E065 
  32      80003606 
  32      29462926 
  32      29662916 
  33 001a 00C2     		.ascii	"\000\302"
  34              		.text
  35              		.section	.gnu.lto_VBUS_MON_P2_SetDriveMode.92f64457,"",%progbits
  36 0000 789C7D50 		.ascii	"x\234}P=KBQ\030~\237s\2577!\242h\274\273I\021\016\321"
  36      3D4B4251 
  36      187E9F73 
  36      AF3721A2 
  36      68BCBB49 
  37 0017 0F881A9A 		.ascii	"\017\210\032\232*Aj\022,\352BK\011Q\263G\023\212&\213"
  37      2A416A12 
  37      2CEA424B 
  37      0951B347 
  37      138A268B 
  38 002b 843E688A 		.ascii	"\204>h\212\350\3032\250\241\365\322\320\024E\015E\016"
  38      E8C332A8 
  38      A1F5D2D0 
  38      14450D45 
  38      0E
  39 003c B5582904 		.ascii	"\265X)\004%F\352\020\267\367t\335\202\016\274\347\375"
  39      2546EA10 
  39      B7F774DD 
  39      820EBCE7 
  39      FD
  40 004d E0799EF7 		.ascii	"\340y\236\367C\243\277\317dK\203(\300\036\032A\244\256"
  40      43A3BFCF 
  40      644B8328 
  40      C01E1A41 
  40      A4AE
  41 005f 88E25E01 		.ascii	"\210\342^\001\250\200@1\201\030\212\242$\220\2623k\215"
  41      A8804031 
  41      81188AA2 
  41      2490B233 
  41      6B8D
  42 0071 FE1D29E5 		.ascii	"\376\035)\345G\342tR\256\216\326\004QY\270:\330\205"
  42      47E27452 
  42      AE8ED604 
  42      5159B83A 
  42      D885
  43 0083 9F31AFB5 		.ascii	"\2371\257\265\342n\223\326\001\342\370{\371\376V\370"
  43      E26E93D6 
  43      01E2F87B 
  43      F9FE56F8 
  44 0093 B6A54CD8 		.ascii	"\266\245L\330\017Y\331\203\032\213\356Ac\006:M\264\233"
  44      0F59D983 
  44      1A8BEE41 
  44      63063A4D 
  44      B49B
  45 00a5 C405C23E 		.ascii	"\304\005\302>|\012\\J~\3377\032I\026oq5q\000\203\347"
  45      7C0A5C4A 
ARM GAS  C:\Users\victo\AppData\Local\Temp\ccS737u4.s 			page 3


  45      7EDF371A 
  45      49166F71 
  45      35710083 
  46 00ba A2E3565B 		.ascii	"\242\343V[:N\371\362\246\320\006\257`\216\320\324\247"
  46      3A4EF9F2 
  46      A6D006AF 
  46      608ED0D4 
  46      A7
  47 00cb 43313D2A 		.ascii	"C1=*4\324G\224gS3?s\302^\313\341\374k\351n\335PB\025"
  47      34D44794 
  47      6753333F 
  47      73C25ECB 
  47      E1FC6BE9 
  48 00e4 A1163889 		.ascii	"\241\0268\211\247_P\0205\241-.\246\244\256\332>\345"
  48      A75F5010 
  48      35A12D2E 
  48      A6A4AEDA 
  48      3EE5
  49 00f6 AF6FBCBF 		.ascii	"\257o\274\277%R\351\333\206\275\320\260\205\315x\222"
  49      2552E9DB 
  49      86BDD0B0 
  49      85CD7892 
  50 0106 A7D59181 		.ascii	"\247\325\221\201\211C\360\211p\204-P\016\363\325\272"
  50      8943F089 
  50      70842D50 
  50      0EF3D5BA 
  51 0116 9CE62A96 		.ascii	"\234\346*\226_\336\367uE\027U\307q\232\011YF\347\220"
  51      5FDEF775 
  51      451755C7 
  51      719A0959 
  51      46E790
  52 0129 786C7061 		.ascii	"xlpa\236\212\320\025\355\263Ns\231\036.\235\257@\225"
  52      9E8AD015 
  52      EDB34E73 
  52      991E2E9D 
  52      AF4095
  53 013c FEEB79CC 		.ascii	"\376\353y\314=\231B\217\210\333g\027B\301\325\245\363"
  53      3D99428F 
  53      88DB6717 
  53      42C1D5A5 
  53      F3
  54 014d 7C35DE8F 		.ascii	"|5\336\217\267\365\007\302\375\326\264536kMDB\321\271"
  54      B7F507C2 
  54      FDD6B435 
  54      33366B4D 
  54      4442D1B9 
  55 0161 99712B1C 		.ascii	"\231q+\034\014E\373\272\303#\275\303\241\310\300\320"
  55      0C45FBBA 
  55      C323BDC3 
  55      A1C8C0D0 
  56 0171 6024D815 		.ascii	"`$\330\025\030'}*:a\375\000o@\233g"
  56      18277D2A 
  56      3A61FD00 
  56      6F409B67 
  57              		.text
  58              		.section	.gnu.lto_VBUS_MON_P2_Write.92f64457,"",%progbits
  59 0000 789C6591 		.ascii	"x\234e\221OH\024Q\034\307\337\367\275\235\231\305=\024"
ARM GAS  C:\Users\victo\AppData\Local\Temp\ccS737u4.s 			page 4


  59      4F481451 
  59      1CC7DFF7 
  59      BD9D99C5 
  59      3D14
  60 0012 1D42F650 		.ascii	"\035B\366P\007\221\245\010\211\250S \221\007O\225\260"
  60      0791A508 
  60      89A85320 
  60      91074F95 
  60      B0
  61 0023 E4696159 		.ascii	"\344iaYtn\222\260\244W\337\350\246\322!\266\0201Ec\013"
  61      746E92B0 
  61      A457DFE8 
  61      A6D221B6 
  61      10314563 
  62 0038 4D5DFF55 		.ascii	"M]\377U\247\010b\330C\267\214-\350\217\310\246\270\201"
  62      A70862D8 
  62      43B78C2D 
  62      E88FC8A6 
  62      B881
  63 004a 4287FC83 		.ascii	"B\207\374\203\266\207\334~\277y\227\226\0363\363\336"
  63      B687DC7E 
  63      BF799796 
  63      1E33F3DE 
  64 005a 7CE7FBF9 		.ascii	"|\347\373\371\316\357\375\236\022\377\217(\335\315R"
  64      CEEFFD9E 
  64      12FF8F28 
  64      DDCD52
  65 0069 882B3443 		.ascii	"\210+4C\011\310\354\252\020^X\002\274\020\020}\022}"
  65      09C8ECAA 
  65      105E5802 
  65      BC10107D 
  65      127D
  66 007b D891BB12 		.ascii	"\330\221\273\022Y??\026\211Mk\255\177\355\275\251\277"
  66      593F3F16 
  66      894D6BAD 
  66      7FEDBDA9 
  66      BF
  67 008c 575F216C 		.ascii	"W_!l_\232\030<G\214,\373y=\242\324y\010Z\257\024\337"
  67      5F9A183C 
  67      478C2CFB 
  67      793DA2D4 
  67      79085AAF 
  68 00a2 1F3B8DCF 		.ascii	"\037;\215\317\264\356\367\337.\351k\250P\346,\024\021"
  68      B4EEF7DF 
  68      2EE96BA8 
  68      50E62C14 
  68      11
  69 00b3 B810C5B9 		.ascii	"\270\020\305\271\250 A`\016\215l\336\033\315\037Ju1"
  69      A8204160 
  69      0E8D6CDE 
  69      1BCD1F4A 
  69      7531
  70 00c5 00379F6E 		.ascii	"\0007\237n=q\032r\004n\354l\275\213\3501\235\331\250"
  70      3D711A72 
  70      046EEC6C 
  70      BD8BE831 
  70      9DD9A8
ARM GAS  C:\Users\victo\AppData\Local\Temp\ccS737u4.s 			page 5


  71 00d8 56CF323F 		.ascii	"V\3172?\377/o\006\001\273\231?_\"v\206\012;\211<\032"
  71      FF2F6F06 
  71      01BB993F 
  71      5F227686 
  71      0A3B893C 
  72 00ed 4C515880 		.ascii	"LQX\200\015\232XY>\345\353j\365\325\301\303\341\253"
  72      0D9A5859 
  72      3EE5EB6A 
  72      F5D5C1C3 
  72      E1AB
  73 00ff A893F463 		.ascii	"\250\223\364c\251\350\241B\202?Z\340\"l\026\234@\010"
  73      A9E8A142 
  73      823F5AE0 
  73      226C169C 
  73      4008
  74 0111 B3418832 		.ascii	"\263A\2102\335\334\203\037\364B\263ZC\341\360\376\352"
  74      DDDC831F 
  74      F442B35A 
  74      43E1F0FE 
  74      EA
  75 0122 542F071F 		.ascii	"T/\007\037In\310f\341\361\203\360\266\254\310\220\036"
  75      496EC866 
  75      E1F183F0 
  75      B6ACC890 
  75      1E
  76 0133 CEEA1097 		.ascii	"\316\352\020\227\362\275\374\241h\244\240\262\327?\275"
  76      F2BDFCA1 
  76      68A4A0B2 
  76      D73FBD
  77 0142 4FCE2426 		.ascii	"O\316$&\274\014m\337\302\"\242X\002U\216eLB\254\241"
  77      BC0C6DDF 
  77      C222A258 
  77      02558E65 
  77      4C42ACA1 
  78 0156 FFEBD0BA 		.ascii	"\377\353\320\2724\201\2122I\031\370=\270\016\243\204"
  78      34818A32 
  78      4919F83D 
  78      B80EA384 
  79 0166 48A48CED 		.ascii	"H\244\214\355\271\334h\035G\252c\352\327\012\341\237"
  79      B9DC681D 
  79      47AA63EA 
  79      D70AE19F 
  80 0176 11305C2B 		.ascii	"\0210\\+\271\014\364\361\214\201\350\262\010*\216\317"
  80      B90CF4F1 
  80      8C81E8B2 
  80      082A8ECF 
  81 0186 0C9C6008 		.ascii	"\014\234`\010\304\274 \206L\007\266\2618A\264]\033\343"
  81      C4BC2086 
  81      4C07B6B1 
  81      3841B45D 
  81      1BE3
  82 0198 7035A5A1 		.ascii	"p5\245\241\322T\302\230\302F*<\312\235f\241f/\236o\325"
  82      D254C298 
  82      C2462A3C 
  82      CA9D66A1 
  82      662F9E6F 
  83 01ad EEE625ED 		.ascii	"\356\346%\355\206\020Q\202\347\177ke?\237L\231\316\227"
ARM GAS  C:\Users\victo\AppData\Local\Temp\ccS737u4.s 			page 6


  83      86105182 
  83      E77F6B65 
  83      3F9F4C99 
  83      CE97
  84 01bf 1A476D8C 		.ascii	"\032Gm\2145%Z\335;n:u\327\355L\306\273{\322\035n\242"
  84      35255ADD 
  84      3B6E3A75 
  84      D7ED4CC6 
  84      BB7BD21D 
  85 01d5 2DDEDD72 		.ascii	"-\336\335r9\321~\375v<y\343\326\315d\333\245\246\016"
  85      39D17EFD 
  85      763C79E3 
  85      D6CD64DB 
  85      A5A60E
  86 01e8 61F5A6BA 		.ascii	"a\365\246\272z\\\2533\335\236\352\372\013\222\272\321"
  86      7A5CAB33 
  86      DD9EEAFA 
  86      0B92BAD1 
  87 01f8 9E       		.ascii	"\236"
  88              		.text
  89              		.section	.gnu.lto_VBUS_MON_P2_Read.92f64457,"",%progbits
  90 0000 789C654F 		.ascii	"x\234eO\275KBQ\024?\277\363^b8\024\265\204\177@\017"
  90      BD4B4251 
  90      143FBFF3 
  90      5E623814 
  90      B5847F40 
  91 0015 411CA2BF 		.ascii	"A\034\242\277\240\206\246J\220\032\342\201\204\2755"
  91      A086A64A 
  91      901AE281 
  91      84BD35
  92 0024 416AF6AA 		.ascii	"Aj\366\252\257O\010\244\245(\034\373\260\004\347\266"
  92      AF4F08A4 
  92      A5281CFB 
  92      B004E7B6 
  93 0034 68164384 		.ascii	"h\026C\204\002\011[\014\014\032\022\241zC\331\271\332"
  93      02095B0C 
  93      0C1A12A1 
  93      7A43D9B9 
  93      DA
  94 0045 D6857BCF 		.ascii	"\326\205{\317\275\277s~\037\327\240\377+({\034D!\251"
  94      BDBF737E 
  94      1FD7A0FF 
  94      2B287B1C 
  94      4421A9
  95 0058 30089CAF 		.ascii	"0\010\234\257\022e\374\014\350\013\201\322\2144^\271"
  95      1265FC0C 
  95      E80B81D2 
  95      8C345EB9 
  96 0068 C3A8DCFC 		.ascii	"\303\250\334\374\324a\235)\225}\317\326\237\002[\023"
  96      D4619D29 
  96      957DCFD6 
  96      9F025B13 
  97 0078 1E137599 		.ascii	"\036\023u\231\020\016\"\244up\001\213d\260\343~?\006"
  97      100E22A4 
  97      7570018B 
  97      64B0E37E 
  97      3F06
ARM GAS  C:\Users\victo\AppData\Local\Temp\ccS737u4.s 			page 7


  98 008a 7CAE526A 		.ascii	"|\256RjT\367\245q\011\237xPy\354V\365z\335\312a{\222"
  98      54F7A571 
  98      099F7850 
  98      79EC56F5 
  98      7ADDCA61 
  99 00a0 87983C16 		.ascii	"\207\230<\026G\217\331$\255D-9\264\351\013\263\256F"
  99      478FD924 
  99      AD442D39 
  99      B4E90BB3 
  99      AE46
 100 00b2 03771FFB 		.ascii	"\003w\037\373\017\305\025\315\376d\235\340\250\272w"
 100      0FC515CD 
 100      FE649DE0 
 100      A8BA77
 101 00c1 6CB6D963 		.ascii	"l\266\331c\303\335\315+S{=\267\356k\376>D\372yP*\277"
 101      C3DDCD2B 
 101      537B3DB7 
 101      EE6BFE3E 
 101      44FA7950 
 102 00d7 0D17709A 		.ascii	"\015\027p\232q\341\261\211\"\202\270\202d\3035\012\240"
 102      71E1B189 
 102      2282B882 
 102      64C3350A 
 102      A0
 103 00e8 06B2CD9D 		.ascii	"\006\262\315\235\026\006\202\206h\012\222\373\332\016"
 103      16068286 
 103      680A92FB 
 103      DA0E
 104 00f6 0F005330 		.ascii	"\017\000S0\221\250\235\234\347F\264\242|\036%!7\361"
 104      91A89D9C 
 104      E746B4A2 
 104      7C1E2521 
 104      37F1
 105 0108 C730FB21 		.ascii	"\3070\373!\241\303IT+b\3179\353Nju\303Y\213\307\222"
 105      A1C34954 
 105      2B62CF39 
 105      EB4E6A75 
 105      C3598BC7 
 106 011d 9BA98463 		.ascii	"\233\251\204cGc\311\331i{yf)\026\237_\\\210G\247\"\011"
 106      4763C9D9 
 106      697B7966 
 106      29169F5F 
 106      5C8847A7 
 107 0133 FA050BE1 		.ascii	"\372\005\013\341l\365"
 107      6CF5
 108              		.text
 109              		.section	.gnu.lto_VBUS_MON_P2_ReadDataReg.92f64457,"",%progbits
 110 0000 789C654F 		.ascii	"x\234eO;K\003A\020\236o\356\214\201\024\2126r\177 \004"
 110      3B4B0341 
 110      109E6FEE 
 110      8C81148A 
 110      36727F20 
 111 0015 420AF517 		.ascii	"B\012\365\027ha\245\006\016-$\020$^k h\235\315\303\007"
 111      6861A506 
 111      0E2D2410 
 111      245E6B20 
 111      689DCDC3 
ARM GAS  C:\Users\victo\AppData\Local\Temp\ccS737u4.s 			page 8


 112 002a 1612EC54 		.ascii	"\026\022\354TR\372\016X\247\223\253E\011)\304 \021!"
 112      52FA0E58 
 112      A793AB45 
 112      0929C420 
 112      1121
 113 003c 4A040B43 		.ascii	"J\004\013C z\205\306Y\317\316\205\335\331\375f\276\307"
 113      207A85C6 
 113      59CFCE85 
 113      DDD9FD66 
 113      BEC7
 114 004e 1AF47F59 		.ascii	"\032\364\177Y\262GA\024\221\012\203\300\245\033\242"
 114      B2474114 
 114      910A83C0 
 114      A51BA2
 115 005d 5C90017D 		.ascii	"\\\220\001}!P\226\221\305+w\030\327\325\357:\302GJ\345"
 115      21509691 
 115      C52B7718 
 115      D7D5EF3A 
 115      C2474AE5 
 116 0071 DFDDFB87 		.ascii	"\337\335\373\207\320\306\230\307D]&D-D\264\016N\020"
 116      D0C698C7 
 116      445D2644 
 116      2D44B40E 
 116      4E10
 117 0083 2619EC14 		.ascii	"&\031\354\024\277\356B\201\242RjX\367\245q\212\200x"
 117      BFEE4281 
 117      A2526A58 
 117      F7A5718A 
 117      8078
 118 0095 D0E5C895 		.ascii	"\320\345\310\225\352\367\273/{\355\011\036`\362X\034"
 118      EAF7BB2F 
 118      7BED091E 
 118      60F2581C 
 119 00a5 3D6693B4 		.ascii	"=f\223\264\022\265\344\320\246\317\314\272\032\015\270"
 119      12B5E4D0 
 119      A6CFCCBA 
 119      1A0DB8
 120 00b4 BD9D5E65 		.ascii	"\275\235^eI\263?X'xr\367w\203m\366\330P\333%ej\257\307"
 120      49B33F58 
 120      277872F7 
 120      77836DF6 
 120      D850DB25 
 121 00cc D66DCD87 		.ascii	"\326m\315\207H?\253o\271\372`\031\207\271\"<6q\006\013"
 121      483FAB6F 
 121      B9FA6019 
 121      87B9223C 
 121      3671060B 
 122 00e0 E7906CB8 		.ascii	"\347\220l\270@\031\324@\276\271\325\202/h\210\246 \205"
 122      4019D440 
 122      BEB9D582 
 122      2F6888A6 
 122      2085
 123 00f2 CFCDA80F 		.ascii	"\317\315\250\017\230\202\211D\355\340\2700\244\025\345"
 123      98828944 
 123      EDE0B830 
 123      A415E5
 124 0101 F3A808B9 		.ascii	"\363\250\010\271\211?\206\371\033\022:\234D\015\307"
ARM GAS  C:\Users\victo\AppData\Local\Temp\ccS737u4.s 			page 9


 124      893F86F9 
 124      1B123A9C 
 124      440DC7
 125 0110 1233CEAA 		.ascii	"\0223\316\252\223Y^sV\222vz=\223r\022q;==\231X\234Z"
 125      93595E73 
 125      5692767A 
 125      3D937212 
 125      713B3D3D 
 126 0128 B093B3F3 		.ascii	"\260\223\263\363s\311\370x,E?\341?m\354"
 126      73C9F878 
 126      2C453FE1 
 126      3F6DEC
 127              		.text
 128              		.section	.gnu.lto_VBUS_MON_P2_SetInterruptMode.92f64457,"",%progbits
 129 0000 789C6D91 		.ascii	"x\234m\221Oh\023Q\020\306\337\274\267\273\3314Q\212"
 129      4F681351 
 129      10C6DFBC 
 129      B7BBD934 
 129      518A
 130 0012 A7120485 		.ascii	"\247\022\004\205\022\002\012=\250\007o\025{\360d\015"
 130      12020A3D 
 130      A8076F15 
 130      7BF0640D 
 131 0022 043D0582 		.ascii	"\004=\005\202\264\253\344`\"1\236<t7\215\251\210\207"
 131      B4ABE460 
 131      22319E3C 
 131      74378DA9 
 131      8887
 132 0034 508B144B 		.ascii	"P\213\024K\221\240\322\326h\033\255\212\346\024\242"
 132      91A0D2D6 
 132      681BAD8A 
 132      E614A2
 133 0043 60A1A82D 		.ascii	"`\241\250-\224\026\242\306R\023\265P\321\232h\032\377"
 133      9416A2C6 
 133      5213B550 
 133      D19A681A 
 133      FF
 134 0054 106776E3 		.ascii	"\020gv\343\241\350\302\276\367\346\307\314\367\276\231"
 134      A1E8C2BE 
 134      F7E6C7CC 
 134      F7BE99
 135 0063 27D8BF9F 		.ascii	"'\330\277\237\013\377\033\234\261N\334A0\340\311\027"
 135      0BFF1B9C 
 135      B14EDC41 
 135      30E0C917 
 136 0073 8C192A07 		.ascii	"\214\031*\007\240\003\003\326\307\241\017V\371:\207"
 136      A00303D6 
 136      C7A10F56 
 136      F93A87
 137 0082 642E3DEC 		.ascii	"d.=\354\360\334\324u\375\313\327J\333\371\266:\226U"
 137      F0DCD475 
 137      FDCBD74A 
 137      DBF9B63A 
 137      9655
 138 0094 B8250363 		.ascii	"\270%\003c\340\301\224\362\243\3249\261\013\030\036"
 138      E0C194F2 
 138      A3D439B1 
ARM GAS  C:\Users\victo\AppData\Local\Temp\ccS737u4.s 			page 10


 138      0B181E
 139 00a3 6757362A 		.ascii	"gW6*\316\217\274\316\241\225\302\253K\345\252\240\220"
 139      CE8FBCCE 
 139      A195C2AB 
 139      4BE5AAA0 
 139      90
 140 00b4 730AD34F 		.ascii	"s\012\323O\20726\367u]\217\345\012\031\375\000r\001"
 140      873236F7 
 140      755D8FE5 
 140      0A19FD00 
 140      7201
 141 00c6 E320500E 		.ascii	"\343 P\016&\300\005\267\300\305\0201H\203\033\263?\324"
 141      26C005B7 
 141      C0C51031 
 141      48831BB3 
 141      3FD4
 142 00d8 57C7B688 		.ascii	"W\307\266\210\275\246\356\212q\355\233\303\252\374\371"
 142      BDA6EE8A 
 142      71ED9BC3 
 142      AAFCF9
 143 00e7 B7F2F67F 		.ascii	"\267\362\366\177*\357\200\233\322\347\236\014\275\223"
 143      2AEF809B 
 143      D2E79E0C 
 143      BD93
 144 00f5 C57EB3F4 		.ascii	"\305~\263\364\361d\365\271\303\264\264\223\302\354\340"
 144      F164F5B9 
 144      C3B4B493 
 144      C2ECE0
 145 0104 CCB0625A 		.ascii	"\314\260bZ\222(\374t%?\302\333S(\274<1\360\314\251\317"
 145      9228FC74 
 145      253FC2DB 
 145      5328BC3C 
 145      31F0CCA9 
 146 0119 E8F1E546 		.ascii	"\350\361\345FcG\235K0i\351O\241~\006\\\315\311a\311"
 146      63479D4B 
 146      3069E94F 
 146      A17E065C 
 146      CDC961C9 
 147 012d 7AFCF792 		.ascii	"z\374\367\222C\211\343DZ\341.\264[\323\200{\240\000"
 147      4389E344 
 147      5AE12EB4 
 147      5BD3807B 
 147      A000
 148 013f 6E44A6B6 		.ascii	"nD\246\266\345\364Fcz\341\362\370n\341\344hL\026@=I"
 148      E5F44663 
 148      7AE1F2F8 
 148      6EE1E468 
 148      4C16403D 
 149 0154 74946951 		.ascii	"t\224iQ\030\345\331\200\374\252\010\024;\321\026Z\030"
 149      18E5D980 
 149      FCAA0814 
 149      3BD1165A 
 149      18
 150 0165 2BA11E3D 		.ascii	"+\241\036=C\031\207\206\273(@\376\373\305b\326KW\324"
 150      43198786 
 150      BB2840FE 
 150      FBC562D6 
ARM GAS  C:\Users\victo\AppData\Local\Temp\ccS737u4.s 			page 11


 150      4B57D4
 151 0178 38BDC99B 		.ascii	"8\275\311\233\271\331\330V\352\301v\351BR7\373x[z9\257"
 151      B9D9D856 
 151      EAC176E9 
 151      425237FB 
 151      785B7A39 
 152 018d 9AC8F498 		.ascii	"\232\310\364\230Y\374</Fa\304\210C\235\2530\215=\334"
 152      59FC3C2F 
 152      4661C488 
 152      439DAB30 
 152      8D3DDC
 153 01a0 A71EE001 		.ascii	"\247\036\340\001\214\002+@\2548\360K\266\004\245\032"
 153      8C022B40 
 153      AC38F04B 
 153      B604A51A 
 154 01b0 0E0EC98F 		.ascii	"\016\016\311\217\304\232d\021\031!\222\376\215\304\032"
 154      C49A6411 
 154      192192FE 
 154      8DC41A
 155 01bf 5884EE45 		.ascii	"X\204\356E\316\026\201\233\215\242y\204V\316\373\354"
 155      CE16819B 
 155      8DA27984 
 155      56CEFBEC 
 156 01cf EB66968A 		.ascii	"\353f\226\212J54@\3626\013\331\221RZ5\261\320\024o1"
 156      4A353440 
 156      F2360BD9 
 156      91525A35 
 156      B1D0146F 
 157 01e4 D5EC08F3 		.ascii	"\325\354\010\363\203\251\355\3046\3315r\362f\303\017"
 157      83A9EDC4 
 157      36D93572 
 157      F266C30F 
 158 01f4 D13056B1 		.ascii	"\3210V\261\"\030\271W\335\224O\317P\342@\263\301Iy:"
 158      2218B957 
 158      DD944FCF 
 158      50E240B3 
 158      C149793A 
 159 0208 FC87B490 		.ascii	"\374\207\264\220\0269\036\325z\003\276\360\331H\217"
 159      16391ED5 
 159      7A03BEF0 
 159      D9488F
 160 0217 E6F7FAC2 		.ascii	"\346\367\372\302]\373\374\307\016\036\365\005\016\037"
 160      5DFBFCC7 
 160      0E1EF505 
 160      0E1F
 161 0225 E90E78F7 		.ascii	"\351\016x\367t\3640\365t\370L0\032\014\207\244S\341"
 161      74F430F5 
 161      74F84C30 
 161      1A0C87A4 
 161      53E1
 162 0237 5ECD160C 		.ascii	"^\315\026\014E#]'N\376\001Q\366\377c"
 162      45235D27 
 162      4EFE0151 
 162      F6FF63
 163              		.text
 164              		.section	.gnu.lto_VBUS_MON_P2_ClearInterrupt.92f64457,"",%progbits
 165 0000 789C6590 		.ascii	"x\234e\220?H[Q\024\306\317w\336\323\006\"\2458\225,"
ARM GAS  C:\Users\victo\AppData\Local\Temp\ccS737u4.s 			page 12


 165      3F485B51 
 165      14C6CF77 
 165      DED30622 
 165      A538952C 
 166 0014 0E0E4129 		.ascii	"\016\016A)\016E:t\264C\247V!\350\024\010A\337T\252\240"
 166      0E453A74 
 166      B443A756 
 166      21E81408 
 166      41DF54AA 
 167 0029 71AD3736 		.ascii	"q\255765jA\202\"\010%\203\2034\215\377@\\\034\204\220"
 167      356A4182 
 167      22082583 
 167      83348DFF 
 167      405C1C84 
 168 003e 8A2EA248 		.ascii	"\212.\242H\241\025)\251EE]D\021\242\217V_\317I:\030"
 168      A11529A9 
 168      45455D44 
 168      11A28F56 
 168      5FCF493A 
 169 0053 BC70B9F7 		.ascii	"\274p\271\367~\367|\337\375\235k\321\375\021\220\271"
 169      7EF77CDF 
 169      FD9D6BD1 
 169      FD1190B9 
 170 0063 0CA267B2 		.ascii	"\014\242g\262\302\"pj\213(\356c@7\004\032`\014\340\224"
 170      C222706A 
 170      8B28EE63 
 170      4037041A 
 170      600CE094 
 171 0077 2F189B2B 		.ascii	"/\030\233+\267\337\020\2341f\360<\377\347\247\377\303"
 171      B7DF109C 
 171      3166F03C 
 171      FFE7A7FF 
 171      C3
 172 0088 6397892E 		.ascii	"c\227\211.\231\360$\200\006\315\301g\004I\012'\017F"
 172      99F02480 
 172      06CDC167 
 172      04490A27 
 172      0F46
 173 009a CE603542 		.ascii	"\316`5B\367E\357c\326W?-\246\375Br\335o\246Lb\337\363"
 173      F745EF63 
 173      D6573F2D 
 173      A6FD4272 
 173      DD6FA64C 
 174 00b1 EAC48A0C 		.ascii	"\352\304\212\014\254\273n\035b\270H\334\374\360W'\214"
 174      ACBB6E1D 
 174      62B848DC 
 174      FCF05727 
 174      8C
 175 00c2 318FF005 		.ascii	"1\217\360\005\365\372\200$gQ-\220Pe\2616g<\357\362l"
 175      F5FA8024 
 175      67512D90 
 175      5065B136 
 175      673CEFF2 
 176 00d7 22F3DC7A 		.ascii	"\"\363\334z\300\344\262`\273\3146\351e\225\236\211\016"
 176      C0E4B260 
 176      BBCC36E9 
 176      65959E89 
ARM GAS  C:\Users\victo\AppData\Local\Temp\ccS737u4.s 			page 13


 176      0E
 177 00e8 C5A4FC47 		.ascii	"\305\244\374G\314\272Z{\310\027G\213\253\3574\347\212"
 177      CCBA5A7B 
 177      C817478B 
 177      ABEF34E7 
 177      8A
 178 00f9 B599F1AD 		.ascii	"\265\231\361\255\337c\017O\330e+5\2342\266\276\374\353"
 178      DF630F4F 
 178      D8652B35 
 178      9C32B6BE 
 178      FCEB
 179 010b 707BC757 		.ascii	"p{\307W\222J _of\2179\215O\361\004\\\2661\213\000\346"
 179      924A205F 
 179      6F668F39 
 179      8D4FF104 
 179      5CB6318B 
 180 0121 20A09847 		.ascii	" \240\230G\032\264\207\301\335\344_.\007Z\222)\312\373"
 180      1AB487C1 
 180      DDE45F2E 
 180      075A9229 
 180      CAFB
 181 0133 EBA13594 		.ascii	"\353\2415\224\025[D\311\330H\237,\331\032)PX\020\367"
 181      155B44C9 
 181      D8489F2C 
 181      D91A2950 
 181      5810F7
 182 0146 77942C8A 		.ascii	"w\224,\212*E\232RH\336\256\206\313\246\252\262\224\037"
 182      2A459A52 
 182      48DEAE86 
 182      CBA6AAB2 
 182      941F
 183 0158 2F855420 		.ascii	"/\205T \304s\\\011\261(\020\342\240\002\342\271\235"
 183      C4735C09 
 183      B12810E2 
 183      A002E2B9 
 183      9D
 184 0169 EDFF1C36 		.ascii	"\355\377\0346i\353\320\226\345\003\202M\341\227N\267"
 184      69EBD096 
 184      E503824D 
 184      E1974EB7 
 185 0179 D31B8D39 		.ascii	"\323\033\2159]\221PO\177o\247\023n\013\365\274h\016"
 185      5D91504F 
 185      7F6FA713 
 185      6E0BF5BC 
 185      680E
 186 018b 77B4B487 		.ascii	"w\264\264\207\"\257Z_G\332\2366uR\315\333h\337\033\247"
 186      22AF5A5F 
 186      47DA9E36 
 186      7552CDDB 
 186      68DF1BA7 
 187 019f 2B148BC6 		.ascii	"+\024\213\306\372\373\376\001\231V\252\341"
 187      FAFBFE01 
 187      9956AAE1 
 188              		.text
 189              		.section	.gnu.lto_.symbol_nodes.92f64457,"",%progbits
 190 0000 789C55C7 		.ascii	"x\234U\307;\015\000 \020D\301w\037\022tbd-\240\200\240"
 190      3B0D0020 
ARM GAS  C:\Users\victo\AppData\Local\Temp\ccS737u4.s 			page 14


 190      1044C177 
 190      1F127462 
 190      642DA080 
 191 0015 084D3414 		.ascii	"\010M4\024\334t\023\300\340q\004\363\200\304\332\035"
 191      DC7413C0 
 191      E07104F3 
 191      80C4DA1D 
 192 0025 3759B9CB 		.ascii	"7Y\271\313\313CQ\236\312\362\246\366\237\013\351b\031"
 192      CB43519E 
 192      CAF2A6F6 
 192      9F0BE962 
 192      19
 193 0036 56       		.ascii	"V"
 194              		.text
 195              		.section	.gnu.lto_.refs.92f64457,"",%progbits
 196 0000 789C6366 		.ascii	"x\234cf```d\200\002\000\000=\000\005"
 196      60606064 
 196      80020000 
 196      3D0005
 197              		.text
 198              		.section	.gnu.lto_.decls.92f64457,"",%progbits
 199 0000 789C8D54 		.ascii	"x\234\215ToLSW\024\277\347\275\266\330\327Z\331\027"
 199      6F4C5357 
 199      14BFE7BD 
 199      B6D8D75A 
 199      D917
 200 0012 308DC94A 		.ascii	"0\215\311J\226\260-!$\302\262\354\333\0221q\373\240"
 200      96B02D21 
 200      24C2B2EC 
 200      DB123171 
 200      FBA0
 201 0024 6B246E1F 		.ascii	"k$n\037$!\015\2748\022\003\246{\230\370\355\002\031"
 201      24210DBC 
 201      381203A6 
 201      7B98F8ED 
 201      0219
 202 0036 1263960E 		.ascii	"\022c\226\016! c\320l\314\251(8\251`\225\325\362Od\024"
 202      212063D0 
 202      6CCCA928 
 202      38A96095 
 202      D5F24F64 
 203 004b A5D18DC9 		.ascii	"\245\321\215\3114T\021Y\"\232\312X\246c\331\333\271"
 203      34541159 
 203      229ACA58 
 203      A663D9DB 
 203      B9
 204 005c F7BDB64F 		.ascii	"\367\275\266O\254\01379m\357y\367\367;\277{~\347U$\204"
 204      AC0B3739 
 204      6DEF79F7 
 204      F73BBF7B 
 204      7EE75524 
 205 0071 F8811095 		.ascii	"\370\201\020\225-\023!\177\343>\003\303MR\313\202q\036"
 205      2D13217F 
 205      E33E03C3 
 205      4D52CB82 
 205      711E
 206 0083 23803180 		.ascii	"#\2001\200\021\304\030\301\030#//v\316\254\343\317b"
ARM GAS  C:\Users\victo\AppData\Local\Temp\ccS737u4.s 			page 15


 206      11C418C1 
 206      18232F2F 
 206      76CEACE3 
 206      CF62
 207 0095 E4604431 		.ascii	"\344`D1\246\365\347\240\237Y\273\002z\035#.+\0156\220"
 207      A6F5E7A0 
 207      9F59BB02 
 207      7A1D232E 
 207      2B0D3690 
 208 00a9 063BA0D7 		.ascii	"\006;\240\327\374?\334@\032\\p\035\270`\032\034\273"
 208      FC3FDC40 
 208      1A5C701D 
 208      B8601A1C 
 208      BB
 209 00ba BB55D7EA 		.ascii	"\273U\327\352\300\260c\2040\246t\036W\032\236\2214<"
 209      C0B06384 
 209      30A6741E 
 209      571A9E91 
 209      343C
 210 00cc 63EBA89F 		.ascii	"c\353\250\237\256\307O\005\230\274\377\354\017\373\357"
 210      AEC74F05 
 210      98BCFFEC 
 210      0FFBEF
 211 00db 0238A44C 		.ascii	"\0028\244L\266m\233YX\021qk\227\004\266\375\345\312"
 211      B66D9B59 
 211      5811716B 
 211      9704B6FD 
 211      E5CA
 212 00ed E1C31B44 		.ascii	"\341\303\033D\001\330\357o[\357\335\222\362NSJ\033h"
 212      01D8EF6F 
 212      5BEFDD92 
 212      F24E534A 
 212      1B68
 213 00ff 380C298A 		.ascii	"8\014)\212\232\023\227\217f &K\342\333/&\333\206D\276"
 213      9A13978F 
 213      6620264B 
 213      E2DB2F26 
 213      DB8644BE 
 214 0113 55194EB8 		.ascii	"U\031N\270}\273\351\271\010Rn\003\245\2654\336H\305"
 214      7DBBE9B9 
 214      08526E03 
 214      A5B534DE 
 214      48C5
 215 0125 CD04F29C 		.ascii	"\315\004\362\234\360\266\223@\017\344\34218\015y\004"
 215      F0B69340 
 215      0FE4E231 
 215      380D7904 
 216 0135 BAC10967 		.ascii	"\272\301\011g\300I\272\260@\2743>\273\205R\023\234\005"
 216      C049BAB0 
 216      40BC333E 
 216      BB855213 
 216      9C05
 217 0147 094E81C8 		.ascii	"\011N\201\310O\3405X\005\275\250\357\363!\237\311$`"
 217      4FE03558 
 217      05BDA8EF 
 217      F3219FC9 
 217      2460
ARM GAS  C:\Users\victo\AppData\Local\Temp\ccS737u4.s 			page 16


 218 0159 929DD96B 		.ascii	"\222\235\331kb\271HK\373\260-\273\231\262UG3\005pg\301"
 218      62B9484B 
 218      FBB02DBB 
 218      99B25547 
 218      33057067 
 219 016e F7487B12 		.ascii	"\367H{\022i\011\234\203l\374\354\005\223F\360\347\350"
 219      69099C83 
 219      6CFCEC05 
 219      9346F0E7 
 219      E8
 220 017f 319F4D2C 		.ascii	"1\237M,\344W[]\234\237\267\272:\250\377\\\274\275\356"
 220      E4575B5D 
 220      9C9FB7BA 
 220      3AA8FF5C 
 220      BCBDEE
 221 0192 A1FBCB3A 		.ascii	"\241\373\313:\332Dc\252\372:\007\301\017I\001\204\375"
 221      DA4463AA 
 221      FA3A07C1 
 221      0F490184 
 221      FD
 222 01a3 D63A7A1E 		.ascii	"\326:z\036\\\010\274\361\260\375\261MT8\311\261\231"
 222      5C08BCF1 
 222      B0FDB14D 
 222      5438C9B1 
 222      99
 223 01b4 D1253B27 		.ascii	"\321%;'\211\315\215\310\341Z\372\217\252\212\032C\237"
 223      89CD8DC8 
 223      E15AFA8F 
 223      AA8A1A43 
 223      9F
 224 01c5 81A12FC1 		.ascii	"\201\241/\301\020\340\014S\335\023\365`\324\314\256"
 224      10E00C53 
 224      DD13F560 
 224      D4CCAE
 225 01d4 93127D81 		.ascii	"\223\022}\201\213\336\253k\256\211\335\235s\210\365"
 225      8BDEAB6B 
 225      AE89DD9D 
 225      7388F5
 226 01e3 C0EB751F 		.ascii	"\300\353u\037_\210n\324\352\265.\244\352!\002\372\015"
 226      5F886ED4 
 226      EAB52EA4 
 226      EA2102FA 
 226      0D
 227 01f4 F5FA13F5 		.ascii	"\365\372\023\365\006x\275\247-\275\376\215b\213Fq\353"
 227      0678BDA7 
 227      2DBDFE8D 
 227      628B4671 
 227      EB
 228 0205 CC7CC4C2 		.ascii	"\314|\304\302)\374\221\357,'iXU\337\347\004\027\015"
 228      29FC91EF 
 228      2C276958 
 228      55DFE704 
 228      170D
 229 0217 04171304 		.ascii	"\004\027\023\004AN\360\365\362\223A\253\330\253\021"
 229      414EF0F5 
 229      F29341AB 
 229      D8AB11
ARM GAS  C:\Users\victo\AppData\Local\Temp\ccS737u4.s 			page 17


 230 0226 24AC7769 		.ascii	"$\254wi\326\267<z\026\330\300\267L\012z\177b\372\257"
 230      D6B73C7A 
 230      16D8C0B7 
 230      4C0A7A7F 
 230      62FAAF
 231 0239 3607E44A 		.ascii	"6\007\344J\232\251\313\232\251!\274\341\245\224\251"
 231      9AA9CB9A 
 231      A921BCE1 
 231      A594A9
 232 0248 2EDD543E 		.ascii	".\335T>\037\330\003\363[$\331\000\370\021'\304\245O"
 232      1FD803F3 
 232      5B24D900 
 232      F81127C4 
 232      A54F
 233 025a C8654C0E 		.ascii	"\310eL\016b\022\013u\216/\375\274\211\273\037J\272?"
 233      62120B75 
 233      8E2FFDBC 
 233      89BB1F4A 
 233      BA3F
 234 026c 7BF3B753 		.ascii	"{\363\267S\326d\356\012\360d\207\032\012\232^9\022C"
 234      D664EE0A 
 234      F064871A 
 234      0A9A5E39 
 234      1243
 235 027e BCBBE1C4 		.ascii	"\274\273\341\304HL|S\337\223!\366kW\213O._p\35031\277"
 235      484C7C53 
 235      DF9321F6 
 235      6B578B4F 
 235      2E5F70E8 
 236 0295 B8F538F5 		.ascii	"\270\3658\365\327\320\177U\034i\206\202aC\203\206\023"
 236      D7D07F55 
 236      1C698682 
 236      61438386 
 236      13
 237 02a6 0D1AE10D 		.ascii	"\015\032\341\015Z\212v\204\354\342M\215%4\333\034\321"
 237      5A8A7684 
 237      ECE24D8D 
 237      2534DB1C 
 237      D1
 238 02b7 262B7667 		.ascii	"&+vg\361E\223F\015\024\243\011\2121N\021\354Y\231\262"
 238      F1459346 
 238      0D14A309 
 238      8A314E11 
 238      EC5999B2 
 239 02cb F197D2C5 		.ascii	"\361\227\322\305H.5^k\265\360\227\222\337\251\241\261"
 239      482E355E 
 239      6BB5F097 
 239      92DFA9A1 
 239      B1
 240 02dc FF91597C 		.ascii	"\377\221Y|\362\242\0039\232\003s_=\357\262\362-\373"
 240      F2A20339 
 240      9A03735F 
 240      3DEFB2F2 
 240      2DFB
 241 02ee 1BDEC452 		.ascii	"\033\336\304R\367~\235\031\314\020W\370q\341qS\255j"
 241      F77E9D19 
 241      CC1057F8 
ARM GAS  C:\Users\victo\AppData\Local\Temp\ccS737u4.s 			page 18


 241      71E17153 
 241      AD6A
 242 0300 4B1AB2A2 		.ascii	"K\032\262\242\0312\205\375\232L\031\222c4\304WG\255"
 242      193285FD 
 242      9A4C1992 
 242      6334C457 
 242      47AD
 243 0312 1F10B88A 		.ascii	"\037\020\270\212=\033g\206D\320\220\034\335\220\011"
 243      3D1B6786 
 243      44D0901C 
 243      DD9009
 244 0321 4CFEA419 		.ascii	"L\376\244\031\022l\216\216KR\003k\362\372\020B\270\317"
 244      126C8E8E 
 244      4B52036B 
 244      F2FA1042 
 244      B8CF
 245 0333 B76AD795 		.ascii	"\267j\327\225\304\216\366u\011L\3114*\271\226Rr\035"
 245      C48EF675 
 245      094CC934 
 245      2AB99652 
 245      721D
 246 0345 52525E26 		.ascii	"RR^&\276\221^\312\302\203\316U\213\375HR<'M\200\010"
 246      BE915ECA 
 246      C283CE55 
 246      8BFD4852 
 246      3C274D80 
 247 035a 44C1CE3B 		.ascii	"D\301\316;\315\276\315\325\025\225\312{\226\035\273"
 247      CDBECDD5 
 247      1595CA7B 
 247      961DBB
 248 0369 F6B88AC8 		.ascii	"\366\270\212\310\033\371%;\344J\331\353Q\344\362\322"
 248      1BF9253B 
 248      E44AD9EB 
 248      51E4F2D2 
 249 0379 E2AA6A6F 		.ascii	"\342\252jo\231\\\342.\256*z\247\244\354\220r\350\200"
 249      995CE22E 
 249      AE2A7AA7 
 249      A4EC9072 
 249      E880
 250 038b FC59FEA7 		.ascii	"\374Y\376\247d\363\307\333\366\024\227\356\374hW\251"
 250      64F3C7DB 
 250      F61497EE 
 250      FC6857A9 
 251 039b BBA0B458 		.ascii	"\273\240\264XV\266{+\016\312;\253\312\3457_\0116 \362"
 251      56B67B2B 
 251      0ECA3BAB 
 251      CAE5375F 
 251      093620F2 
 252 03af CBC86B46 		.ascii	"\313\310kF\202O\274\025\212\234i\314\354\226=\345\331"
 252      824FBC15 
 252      8A9C69CC 
 252      EC963DE5 
 252      D9
 253 03c0 6B13DB3D 		.ascii	"k\023\333=\212g\267\274\317\302\304n}w\313\032\011\037"
 253      8A67B7BC 
 253      CFC2C46E 
 253      7D77CB1A 
ARM GAS  C:\Users\victo\AppData\Local\Temp\ccS737u4.s 			page 19


 253      091F
 254 03d2 562AB2D7 		.ascii	"V*\262\327[}@a2\234\306\207E\373e\2177\371\330\354\225"
 254      5B7D4061 
 254      329CC687 
 254      45FB658F 
 254      37F9D8EC 
 255 03e7 F7151670 		.ascii	"\367\025\026p\222\302\202\377\000@B\000m"
 255      92C282FF 
 255      00404200 
 255      6D
 256              		.text
 257              		.section	.gnu.lto_.symtab.92f64457,"",%progbits
 258 0000 56425553 		.ascii	"VBUS_MON_P2_SetDriveMode\000\000\000\000\000\000\000"
 258      5F4D4F4E 
 258      5F50325F 
 258      53657444 
 258      72697665 
 259 001f 00000000 		.ascii	"\000\000\000\000\000\262\000\000\000VBUS_MON_P2_Wri"
 259      00B20000 
 259      00564255 
 259      535F4D4F 
 259      4E5F5032 
 260 0037 74650000 		.ascii	"te\000\000\000\000\000\000\000\000\000\000\000\000\264"
 260      00000000 
 260      00000000 
 260      0000B4
 261 0046 00000056 		.ascii	"\000\000\000VBUS_MON_P2_Read\000\000\000\000\000\000"
 261      4255535F 
 261      4D4F4E5F 
 261      50325F52 
 261      65616400 
 262 005f 00000000 		.ascii	"\000\000\000\000\000\000\267\000\000\000VBUS_MON_P2"
 262      0000B700 
 262      00005642 
 262      55535F4D 
 262      4F4E5F50 
 263 0074 5F526561 		.ascii	"_ReadDataReg\000\000\000\000\000\000\000\000\000\000"
 263      64446174 
 263      61526567 
 263      00000000 
 263      00000000 
 264 008a 0000B900 		.ascii	"\000\000\271\000\000\000VBUS_MON_P2_SetInterruptMod"
 264      00005642 
 264      55535F4D 
 264      4F4E5F50 
 264      325F5365 
 265 00ab 65000000 		.ascii	"e\000\000\000\000\000\000\000\000\000\000\000\000\303"
 265      00000000 
 265      00000000 
 265      00C3
 266 00b9 00000056 		.ascii	"\000\000\000VBUS_MON_P2_ClearInterrupt\000\000\000\000"
 266      4255535F 
 266      4D4F4E5F 
 266      50325F43 
 266      6C656172 
 267 00da 00000000 		.ascii	"\000\000\000\000\000\000\000\000\305\000\000\000"
 267      00000000 
ARM GAS  C:\Users\victo\AppData\Local\Temp\ccS737u4.s 			page 20


 267      C5000000 
 268              		.text
 269              		.section	.gnu.lto_.opts,"",%progbits
 270 0000 272D666E 		.ascii	"'-fno-trapv' '-mcpu=cortex-m0' '-mthumb' '-g' '-Os'"
 270      6F2D7472 
 270      61707627 
 270      20272D6D 
 270      6370753D 
 271 0033 20272D57 		.ascii	" '-Werror' '-ffunction-sections' '-finline-function"
 271      6572726F 
 271      72272027 
 271      2D666675 
 271      6E637469 
 272 0066 73272027 		.ascii	"s' '-flto' '-ffat-lto-objects' '-fno-strict-aliasin"
 272      2D666C74 
 272      6F272027 
 272      2D666661 
 272      742D6C74 
 273 0099 672700   		.ascii	"g'\000"
 274              		.text
 275              		.cfi_sections	.debug_frame
 276              		.section	.text.VBUS_MON_P2_SetDriveMode,"ax",%progbits
 277              		.align	1
 278              		.global	VBUS_MON_P2_SetDriveMode
 279              		.code	16
 280              		.thumb_func
 281              		.type	VBUS_MON_P2_SetDriveMode, %function
 282              	VBUS_MON_P2_SetDriveMode:
 283              	.LFB0:
 284              		.file 1 ".\\Generated_Source\\PSoC4\\VBUS_MON_P2.c"
   1:.\Generated_Source\PSoC4/VBUS_MON_P2.c **** /*******************************************************************************
   2:.\Generated_Source\PSoC4/VBUS_MON_P2.c **** * File Name: VBUS_MON_P2.c  
   3:.\Generated_Source\PSoC4/VBUS_MON_P2.c **** * Version 2.20
   4:.\Generated_Source\PSoC4/VBUS_MON_P2.c **** *
   5:.\Generated_Source\PSoC4/VBUS_MON_P2.c **** * Description:
   6:.\Generated_Source\PSoC4/VBUS_MON_P2.c **** *  This file contains API to enable firmware control of a Pins component.
   7:.\Generated_Source\PSoC4/VBUS_MON_P2.c **** *
   8:.\Generated_Source\PSoC4/VBUS_MON_P2.c **** ********************************************************************************
   9:.\Generated_Source\PSoC4/VBUS_MON_P2.c **** * Copyright 2008-2015, Cypress Semiconductor Corporation.  All rights reserved.
  10:.\Generated_Source\PSoC4/VBUS_MON_P2.c **** * You may use this file only in accordance with the license, terms, conditions, 
  11:.\Generated_Source\PSoC4/VBUS_MON_P2.c **** * disclaimers, and limitations in the end user license agreement accompanying 
  12:.\Generated_Source\PSoC4/VBUS_MON_P2.c **** * the software package with which this file was provided.
  13:.\Generated_Source\PSoC4/VBUS_MON_P2.c **** *******************************************************************************/
  14:.\Generated_Source\PSoC4/VBUS_MON_P2.c **** 
  15:.\Generated_Source\PSoC4/VBUS_MON_P2.c **** #include "cytypes.h"
  16:.\Generated_Source\PSoC4/VBUS_MON_P2.c **** #include "VBUS_MON_P2.h"
  17:.\Generated_Source\PSoC4/VBUS_MON_P2.c **** 
  18:.\Generated_Source\PSoC4/VBUS_MON_P2.c **** 
  19:.\Generated_Source\PSoC4/VBUS_MON_P2.c **** #if defined(VBUS_MON_P2__PC)
  20:.\Generated_Source\PSoC4/VBUS_MON_P2.c ****     #define VBUS_MON_P2_SetP4PinDriveMode(shift, mode)  \
  21:.\Generated_Source\PSoC4/VBUS_MON_P2.c ****     do { \
  22:.\Generated_Source\PSoC4/VBUS_MON_P2.c ****         VBUS_MON_P2_PC =   (VBUS_MON_P2_PC & \
  23:.\Generated_Source\PSoC4/VBUS_MON_P2.c ****                                 (uint32)(~(uint32)(VBUS_MON_P2_DRIVE_MODE_IND_MASK << \
  24:.\Generated_Source\PSoC4/VBUS_MON_P2.c ****                                 (VBUS_MON_P2_DRIVE_MODE_BITS * (shift))))) | \
  25:.\Generated_Source\PSoC4/VBUS_MON_P2.c ****                                 (uint32)((uint32)(mode) << \
  26:.\Generated_Source\PSoC4/VBUS_MON_P2.c ****                                 (VBUS_MON_P2_DRIVE_MODE_BITS * (shift))); \
  27:.\Generated_Source\PSoC4/VBUS_MON_P2.c ****     } while (0)
ARM GAS  C:\Users\victo\AppData\Local\Temp\ccS737u4.s 			page 21


  28:.\Generated_Source\PSoC4/VBUS_MON_P2.c **** #else
  29:.\Generated_Source\PSoC4/VBUS_MON_P2.c ****     #if (CY_PSOC4_4200L)
  30:.\Generated_Source\PSoC4/VBUS_MON_P2.c ****         #define VBUS_MON_P2_SetP4PinDriveMode(shift, mode)  \
  31:.\Generated_Source\PSoC4/VBUS_MON_P2.c ****         do { \
  32:.\Generated_Source\PSoC4/VBUS_MON_P2.c ****             VBUS_MON_P2_USBIO_CTRL_REG = (VBUS_MON_P2_USBIO_CTRL_REG & \
  33:.\Generated_Source\PSoC4/VBUS_MON_P2.c ****                                     (uint32)(~(uint32)(VBUS_MON_P2_DRIVE_MODE_IND_MASK << \
  34:.\Generated_Source\PSoC4/VBUS_MON_P2.c ****                                     (VBUS_MON_P2_DRIVE_MODE_BITS * (shift))))) | \
  35:.\Generated_Source\PSoC4/VBUS_MON_P2.c ****                                     (uint32)((uint32)(mode) << \
  36:.\Generated_Source\PSoC4/VBUS_MON_P2.c ****                                     (VBUS_MON_P2_DRIVE_MODE_BITS * (shift))); \
  37:.\Generated_Source\PSoC4/VBUS_MON_P2.c ****         } while (0)
  38:.\Generated_Source\PSoC4/VBUS_MON_P2.c ****     #endif
  39:.\Generated_Source\PSoC4/VBUS_MON_P2.c **** #endif
  40:.\Generated_Source\PSoC4/VBUS_MON_P2.c ****   
  41:.\Generated_Source\PSoC4/VBUS_MON_P2.c **** 
  42:.\Generated_Source\PSoC4/VBUS_MON_P2.c **** #if defined(VBUS_MON_P2__PC) || (CY_PSOC4_4200L) 
  43:.\Generated_Source\PSoC4/VBUS_MON_P2.c ****     /*******************************************************************************
  44:.\Generated_Source\PSoC4/VBUS_MON_P2.c ****     * Function Name: VBUS_MON_P2_SetDriveMode
  45:.\Generated_Source\PSoC4/VBUS_MON_P2.c ****     ****************************************************************************//**
  46:.\Generated_Source\PSoC4/VBUS_MON_P2.c ****     *
  47:.\Generated_Source\PSoC4/VBUS_MON_P2.c ****     * \brief Sets the drive mode for each of the Pins component's pins.
  48:.\Generated_Source\PSoC4/VBUS_MON_P2.c ****     * 
  49:.\Generated_Source\PSoC4/VBUS_MON_P2.c ****     * <b>Note</b> This affects all pins in the Pins component instance. Use the
  50:.\Generated_Source\PSoC4/VBUS_MON_P2.c ****     * Per-Pin APIs if you wish to control individual pin's drive modes.
  51:.\Generated_Source\PSoC4/VBUS_MON_P2.c ****     *
  52:.\Generated_Source\PSoC4/VBUS_MON_P2.c ****     * <b>Note</b> USBIOs have limited drive functionality. Refer to the Drive Mode
  53:.\Generated_Source\PSoC4/VBUS_MON_P2.c ****     * parameter for more information.
  54:.\Generated_Source\PSoC4/VBUS_MON_P2.c ****     *
  55:.\Generated_Source\PSoC4/VBUS_MON_P2.c ****     * \param mode
  56:.\Generated_Source\PSoC4/VBUS_MON_P2.c ****     *  Mode for the selected signals. Valid options are documented in 
  57:.\Generated_Source\PSoC4/VBUS_MON_P2.c ****     *  \ref driveMode.
  58:.\Generated_Source\PSoC4/VBUS_MON_P2.c ****     *
  59:.\Generated_Source\PSoC4/VBUS_MON_P2.c ****     * \return
  60:.\Generated_Source\PSoC4/VBUS_MON_P2.c ****     *  None
  61:.\Generated_Source\PSoC4/VBUS_MON_P2.c ****     *
  62:.\Generated_Source\PSoC4/VBUS_MON_P2.c ****     * \sideeffect
  63:.\Generated_Source\PSoC4/VBUS_MON_P2.c ****     *  If you use read-modify-write operations that are not atomic, the ISR can
  64:.\Generated_Source\PSoC4/VBUS_MON_P2.c ****     *  cause corruption of this function. An ISR that interrupts this function 
  65:.\Generated_Source\PSoC4/VBUS_MON_P2.c ****     *  and performs writes to the Pins component Drive Mode registers can cause 
  66:.\Generated_Source\PSoC4/VBUS_MON_P2.c ****     *  corrupted port data. To avoid this issue, you should either use the Per-Pin
  67:.\Generated_Source\PSoC4/VBUS_MON_P2.c ****     *  APIs (primary method) or disable interrupts around this function.
  68:.\Generated_Source\PSoC4/VBUS_MON_P2.c ****     *
  69:.\Generated_Source\PSoC4/VBUS_MON_P2.c ****     * \funcusage
  70:.\Generated_Source\PSoC4/VBUS_MON_P2.c ****     *  \snippet VBUS_MON_P2_SUT.c usage_VBUS_MON_P2_SetDriveMode
  71:.\Generated_Source\PSoC4/VBUS_MON_P2.c ****     *******************************************************************************/
  72:.\Generated_Source\PSoC4/VBUS_MON_P2.c ****     void VBUS_MON_P2_SetDriveMode(uint8 mode)
  73:.\Generated_Source\PSoC4/VBUS_MON_P2.c ****     {
 285              		.loc 1 73 0
 286              		.cfi_startproc
 287              	.LVL0:
  74:.\Generated_Source\PSoC4/VBUS_MON_P2.c **** 		VBUS_MON_P2_SetP4PinDriveMode(VBUS_MON_P2__0__SHIFT, mode);
 288              		.loc 1 74 0
 289 0000 0721     		mov	r1, #7
 290 0002 034A     		ldr	r2, .L2
  75:.\Generated_Source\PSoC4/VBUS_MON_P2.c ****     }
 291              		.loc 1 75 0
 292              		@ sp needed
  74:.\Generated_Source\PSoC4/VBUS_MON_P2.c **** 		VBUS_MON_P2_SetP4PinDriveMode(VBUS_MON_P2__0__SHIFT, mode);
ARM GAS  C:\Users\victo\AppData\Local\Temp\ccS737u4.s 			page 22


 293              		.loc 1 74 0
 294 0004 1368     		ldr	r3, [r2]
 295 0006 8B43     		bic	r3, r1
 296 0008 1843     		orr	r0, r3
 297              	.LVL1:
 298 000a 1060     		str	r0, [r2]
 299              		.loc 1 75 0
 300 000c 7047     		bx	lr
 301              	.L3:
 302 000e C046     		.align	2
 303              	.L2:
 304 0010 08040440 		.word	1074005000
 305              		.cfi_endproc
 306              	.LFE0:
 307              		.size	VBUS_MON_P2_SetDriveMode, .-VBUS_MON_P2_SetDriveMode
 308              		.section	.text.VBUS_MON_P2_Write,"ax",%progbits
 309              		.align	1
 310              		.global	VBUS_MON_P2_Write
 311              		.code	16
 312              		.thumb_func
 313              		.type	VBUS_MON_P2_Write, %function
 314              	VBUS_MON_P2_Write:
 315              	.LFB1:
  76:.\Generated_Source\PSoC4/VBUS_MON_P2.c **** #endif
  77:.\Generated_Source\PSoC4/VBUS_MON_P2.c **** 
  78:.\Generated_Source\PSoC4/VBUS_MON_P2.c **** 
  79:.\Generated_Source\PSoC4/VBUS_MON_P2.c **** /*******************************************************************************
  80:.\Generated_Source\PSoC4/VBUS_MON_P2.c **** * Function Name: VBUS_MON_P2_Write
  81:.\Generated_Source\PSoC4/VBUS_MON_P2.c **** ****************************************************************************//**
  82:.\Generated_Source\PSoC4/VBUS_MON_P2.c **** *
  83:.\Generated_Source\PSoC4/VBUS_MON_P2.c **** * \brief Writes the value to the physical port (data output register), masking
  84:.\Generated_Source\PSoC4/VBUS_MON_P2.c **** *  and shifting the bits appropriately. 
  85:.\Generated_Source\PSoC4/VBUS_MON_P2.c **** *
  86:.\Generated_Source\PSoC4/VBUS_MON_P2.c **** * The data output register controls the signal applied to the physical pin in 
  87:.\Generated_Source\PSoC4/VBUS_MON_P2.c **** * conjunction with the drive mode parameter. This function avoids changing 
  88:.\Generated_Source\PSoC4/VBUS_MON_P2.c **** * other bits in the port by using the appropriate method (read-modify-write or
  89:.\Generated_Source\PSoC4/VBUS_MON_P2.c **** * bit banding).
  90:.\Generated_Source\PSoC4/VBUS_MON_P2.c **** *
  91:.\Generated_Source\PSoC4/VBUS_MON_P2.c **** * <b>Note</b> This function should not be used on a hardware digital output pin 
  92:.\Generated_Source\PSoC4/VBUS_MON_P2.c **** * as it is driven by the hardware signal attached to it.
  93:.\Generated_Source\PSoC4/VBUS_MON_P2.c **** *
  94:.\Generated_Source\PSoC4/VBUS_MON_P2.c **** * \param value
  95:.\Generated_Source\PSoC4/VBUS_MON_P2.c **** *  Value to write to the component instance.
  96:.\Generated_Source\PSoC4/VBUS_MON_P2.c **** *
  97:.\Generated_Source\PSoC4/VBUS_MON_P2.c **** * \return 
  98:.\Generated_Source\PSoC4/VBUS_MON_P2.c **** *  None 
  99:.\Generated_Source\PSoC4/VBUS_MON_P2.c **** *
 100:.\Generated_Source\PSoC4/VBUS_MON_P2.c **** * \sideeffect
 101:.\Generated_Source\PSoC4/VBUS_MON_P2.c **** *  If you use read-modify-write operations that are not atomic; the Interrupt 
 102:.\Generated_Source\PSoC4/VBUS_MON_P2.c **** *  Service Routines (ISR) can cause corruption of this function. An ISR that 
 103:.\Generated_Source\PSoC4/VBUS_MON_P2.c **** *  interrupts this function and performs writes to the Pins component data 
 104:.\Generated_Source\PSoC4/VBUS_MON_P2.c **** *  register can cause corrupted port data. To avoid this issue, you should 
 105:.\Generated_Source\PSoC4/VBUS_MON_P2.c **** *  either use the Per-Pin APIs (primary method) or disable interrupts around 
 106:.\Generated_Source\PSoC4/VBUS_MON_P2.c **** *  this function.
 107:.\Generated_Source\PSoC4/VBUS_MON_P2.c **** *
 108:.\Generated_Source\PSoC4/VBUS_MON_P2.c **** * \funcusage
 109:.\Generated_Source\PSoC4/VBUS_MON_P2.c **** *  \snippet VBUS_MON_P2_SUT.c usage_VBUS_MON_P2_Write
ARM GAS  C:\Users\victo\AppData\Local\Temp\ccS737u4.s 			page 23


 110:.\Generated_Source\PSoC4/VBUS_MON_P2.c **** *******************************************************************************/
 111:.\Generated_Source\PSoC4/VBUS_MON_P2.c **** void VBUS_MON_P2_Write(uint8 value)
 112:.\Generated_Source\PSoC4/VBUS_MON_P2.c **** {
 316              		.loc 1 112 0
 317              		.cfi_startproc
 318              	.LVL2:
 113:.\Generated_Source\PSoC4/VBUS_MON_P2.c ****     uint8 drVal = (uint8)(VBUS_MON_P2_DR & (uint8)(~VBUS_MON_P2_MASK));
 319              		.loc 1 113 0
 320 0000 0123     		mov	r3, #1
 321 0002 0449     		ldr	r1, .L5
 114:.\Generated_Source\PSoC4/VBUS_MON_P2.c ****     drVal = (drVal | ((uint8)(value << VBUS_MON_P2_SHIFT) & VBUS_MON_P2_MASK));
 115:.\Generated_Source\PSoC4/VBUS_MON_P2.c ****     VBUS_MON_P2_DR = (uint32)drVal;
 116:.\Generated_Source\PSoC4/VBUS_MON_P2.c **** }
 322              		.loc 1 116 0
 323              		@ sp needed
 113:.\Generated_Source\PSoC4/VBUS_MON_P2.c ****     uint8 drVal = (uint8)(VBUS_MON_P2_DR & (uint8)(~VBUS_MON_P2_MASK));
 324              		.loc 1 113 0
 325 0004 0A68     		ldr	r2, [r1]
 326 0006 9A43     		bic	r2, r3
 327 0008 D2B2     		uxtb	r2, r2
 328              	.LVL3:
 114:.\Generated_Source\PSoC4/VBUS_MON_P2.c ****     drVal = (drVal | ((uint8)(value << VBUS_MON_P2_SHIFT) & VBUS_MON_P2_MASK));
 329              		.loc 1 114 0
 330 000a 0340     		and	r3, r0
 115:.\Generated_Source\PSoC4/VBUS_MON_P2.c **** }
 331              		.loc 1 115 0
 332 000c 1343     		orr	r3, r2
 333 000e 0B60     		str	r3, [r1]
 334              		.loc 1 116 0
 335 0010 7047     		bx	lr
 336              	.L6:
 337 0012 C046     		.align	2
 338              	.L5:
 339 0014 00040440 		.word	1074004992
 340              		.cfi_endproc
 341              	.LFE1:
 342              		.size	VBUS_MON_P2_Write, .-VBUS_MON_P2_Write
 343              		.section	.text.VBUS_MON_P2_Read,"ax",%progbits
 344              		.align	1
 345              		.global	VBUS_MON_P2_Read
 346              		.code	16
 347              		.thumb_func
 348              		.type	VBUS_MON_P2_Read, %function
 349              	VBUS_MON_P2_Read:
 350              	.LFB2:
 117:.\Generated_Source\PSoC4/VBUS_MON_P2.c **** 
 118:.\Generated_Source\PSoC4/VBUS_MON_P2.c **** 
 119:.\Generated_Source\PSoC4/VBUS_MON_P2.c **** /*******************************************************************************
 120:.\Generated_Source\PSoC4/VBUS_MON_P2.c **** * Function Name: VBUS_MON_P2_Read
 121:.\Generated_Source\PSoC4/VBUS_MON_P2.c **** ****************************************************************************//**
 122:.\Generated_Source\PSoC4/VBUS_MON_P2.c **** *
 123:.\Generated_Source\PSoC4/VBUS_MON_P2.c **** * \brief Reads the associated physical port (pin status register) and masks 
 124:.\Generated_Source\PSoC4/VBUS_MON_P2.c **** *  the required bits according to the width and bit position of the component
 125:.\Generated_Source\PSoC4/VBUS_MON_P2.c **** *  instance. 
 126:.\Generated_Source\PSoC4/VBUS_MON_P2.c **** *
 127:.\Generated_Source\PSoC4/VBUS_MON_P2.c **** * The pin's status register returns the current logic level present on the 
 128:.\Generated_Source\PSoC4/VBUS_MON_P2.c **** * physical pin.
ARM GAS  C:\Users\victo\AppData\Local\Temp\ccS737u4.s 			page 24


 129:.\Generated_Source\PSoC4/VBUS_MON_P2.c **** *
 130:.\Generated_Source\PSoC4/VBUS_MON_P2.c **** * \return 
 131:.\Generated_Source\PSoC4/VBUS_MON_P2.c **** *  The current value for the pins in the component as a right justified number.
 132:.\Generated_Source\PSoC4/VBUS_MON_P2.c **** *
 133:.\Generated_Source\PSoC4/VBUS_MON_P2.c **** * \funcusage
 134:.\Generated_Source\PSoC4/VBUS_MON_P2.c **** *  \snippet VBUS_MON_P2_SUT.c usage_VBUS_MON_P2_Read  
 135:.\Generated_Source\PSoC4/VBUS_MON_P2.c **** *******************************************************************************/
 136:.\Generated_Source\PSoC4/VBUS_MON_P2.c **** uint8 VBUS_MON_P2_Read(void)
 137:.\Generated_Source\PSoC4/VBUS_MON_P2.c **** {
 351              		.loc 1 137 0
 352              		.cfi_startproc
 138:.\Generated_Source\PSoC4/VBUS_MON_P2.c ****     return (uint8)((VBUS_MON_P2_PS & VBUS_MON_P2_MASK) >> VBUS_MON_P2_SHIFT);
 353              		.loc 1 138 0
 354 0000 024B     		ldr	r3, .L8
 139:.\Generated_Source\PSoC4/VBUS_MON_P2.c **** }
 355              		.loc 1 139 0
 356              		@ sp needed
 138:.\Generated_Source\PSoC4/VBUS_MON_P2.c ****     return (uint8)((VBUS_MON_P2_PS & VBUS_MON_P2_MASK) >> VBUS_MON_P2_SHIFT);
 357              		.loc 1 138 0
 358 0002 1868     		ldr	r0, [r3]
 359 0004 0123     		mov	r3, #1
 360 0006 1840     		and	r0, r3
 361              		.loc 1 139 0
 362 0008 7047     		bx	lr
 363              	.L9:
 364 000a C046     		.align	2
 365              	.L8:
 366 000c 04040440 		.word	1074004996
 367              		.cfi_endproc
 368              	.LFE2:
 369              		.size	VBUS_MON_P2_Read, .-VBUS_MON_P2_Read
 370              		.section	.text.VBUS_MON_P2_ReadDataReg,"ax",%progbits
 371              		.align	1
 372              		.global	VBUS_MON_P2_ReadDataReg
 373              		.code	16
 374              		.thumb_func
 375              		.type	VBUS_MON_P2_ReadDataReg, %function
 376              	VBUS_MON_P2_ReadDataReg:
 377              	.LFB3:
 140:.\Generated_Source\PSoC4/VBUS_MON_P2.c **** 
 141:.\Generated_Source\PSoC4/VBUS_MON_P2.c **** 
 142:.\Generated_Source\PSoC4/VBUS_MON_P2.c **** /*******************************************************************************
 143:.\Generated_Source\PSoC4/VBUS_MON_P2.c **** * Function Name: VBUS_MON_P2_ReadDataReg
 144:.\Generated_Source\PSoC4/VBUS_MON_P2.c **** ****************************************************************************//**
 145:.\Generated_Source\PSoC4/VBUS_MON_P2.c **** *
 146:.\Generated_Source\PSoC4/VBUS_MON_P2.c **** * \brief Reads the associated physical port's data output register and masks 
 147:.\Generated_Source\PSoC4/VBUS_MON_P2.c **** *  the correct bits according to the width and bit position of the component 
 148:.\Generated_Source\PSoC4/VBUS_MON_P2.c **** *  instance. 
 149:.\Generated_Source\PSoC4/VBUS_MON_P2.c **** *
 150:.\Generated_Source\PSoC4/VBUS_MON_P2.c **** * The data output register controls the signal applied to the physical pin in 
 151:.\Generated_Source\PSoC4/VBUS_MON_P2.c **** * conjunction with the drive mode parameter. This is not the same as the 
 152:.\Generated_Source\PSoC4/VBUS_MON_P2.c **** * preferred VBUS_MON_P2_Read() API because the 
 153:.\Generated_Source\PSoC4/VBUS_MON_P2.c **** * VBUS_MON_P2_ReadDataReg() reads the data register instead of the status 
 154:.\Generated_Source\PSoC4/VBUS_MON_P2.c **** * register. For output pins this is a useful function to determine the value 
 155:.\Generated_Source\PSoC4/VBUS_MON_P2.c **** * just written to the pin.
 156:.\Generated_Source\PSoC4/VBUS_MON_P2.c **** *
 157:.\Generated_Source\PSoC4/VBUS_MON_P2.c **** * \return 
ARM GAS  C:\Users\victo\AppData\Local\Temp\ccS737u4.s 			page 25


 158:.\Generated_Source\PSoC4/VBUS_MON_P2.c **** *  The current value of the data register masked and shifted into a right 
 159:.\Generated_Source\PSoC4/VBUS_MON_P2.c **** *  justified number for the component instance.
 160:.\Generated_Source\PSoC4/VBUS_MON_P2.c **** *
 161:.\Generated_Source\PSoC4/VBUS_MON_P2.c **** * \funcusage
 162:.\Generated_Source\PSoC4/VBUS_MON_P2.c **** *  \snippet VBUS_MON_P2_SUT.c usage_VBUS_MON_P2_ReadDataReg 
 163:.\Generated_Source\PSoC4/VBUS_MON_P2.c **** *******************************************************************************/
 164:.\Generated_Source\PSoC4/VBUS_MON_P2.c **** uint8 VBUS_MON_P2_ReadDataReg(void)
 165:.\Generated_Source\PSoC4/VBUS_MON_P2.c **** {
 378              		.loc 1 165 0
 379              		.cfi_startproc
 166:.\Generated_Source\PSoC4/VBUS_MON_P2.c ****     return (uint8)((VBUS_MON_P2_DR & VBUS_MON_P2_MASK) >> VBUS_MON_P2_SHIFT);
 380              		.loc 1 166 0
 381 0000 024B     		ldr	r3, .L11
 167:.\Generated_Source\PSoC4/VBUS_MON_P2.c **** }
 382              		.loc 1 167 0
 383              		@ sp needed
 166:.\Generated_Source\PSoC4/VBUS_MON_P2.c ****     return (uint8)((VBUS_MON_P2_DR & VBUS_MON_P2_MASK) >> VBUS_MON_P2_SHIFT);
 384              		.loc 1 166 0
 385 0002 1868     		ldr	r0, [r3]
 386 0004 0123     		mov	r3, #1
 387 0006 1840     		and	r0, r3
 388              		.loc 1 167 0
 389 0008 7047     		bx	lr
 390              	.L12:
 391 000a C046     		.align	2
 392              	.L11:
 393 000c 00040440 		.word	1074004992
 394              		.cfi_endproc
 395              	.LFE3:
 396              		.size	VBUS_MON_P2_ReadDataReg, .-VBUS_MON_P2_ReadDataReg
 397              		.section	.text.VBUS_MON_P2_SetInterruptMode,"ax",%progbits
 398              		.align	1
 399              		.global	VBUS_MON_P2_SetInterruptMode
 400              		.code	16
 401              		.thumb_func
 402              		.type	VBUS_MON_P2_SetInterruptMode, %function
 403              	VBUS_MON_P2_SetInterruptMode:
 404              	.LFB4:
 168:.\Generated_Source\PSoC4/VBUS_MON_P2.c **** 
 169:.\Generated_Source\PSoC4/VBUS_MON_P2.c **** 
 170:.\Generated_Source\PSoC4/VBUS_MON_P2.c **** /*******************************************************************************
 171:.\Generated_Source\PSoC4/VBUS_MON_P2.c **** * Function Name: VBUS_MON_P2_SetInterruptMode
 172:.\Generated_Source\PSoC4/VBUS_MON_P2.c **** ****************************************************************************//**
 173:.\Generated_Source\PSoC4/VBUS_MON_P2.c **** *
 174:.\Generated_Source\PSoC4/VBUS_MON_P2.c **** * \brief Configures the interrupt mode for each of the Pins component's
 175:.\Generated_Source\PSoC4/VBUS_MON_P2.c **** *  pins. Alternatively you may set the interrupt mode for all the pins
 176:.\Generated_Source\PSoC4/VBUS_MON_P2.c **** *  specified in the Pins component.
 177:.\Generated_Source\PSoC4/VBUS_MON_P2.c **** *
 178:.\Generated_Source\PSoC4/VBUS_MON_P2.c **** *  <b>Note</b> The interrupt is port-wide and therefore any enabled pin
 179:.\Generated_Source\PSoC4/VBUS_MON_P2.c **** *  interrupt may trigger it.
 180:.\Generated_Source\PSoC4/VBUS_MON_P2.c **** *
 181:.\Generated_Source\PSoC4/VBUS_MON_P2.c **** * \param position
 182:.\Generated_Source\PSoC4/VBUS_MON_P2.c **** *  The pin position as listed in the Pins component. You may OR these to be 
 183:.\Generated_Source\PSoC4/VBUS_MON_P2.c **** *  able to configure the interrupt mode of multiple pins within a Pins 
 184:.\Generated_Source\PSoC4/VBUS_MON_P2.c **** *  component. Or you may use VBUS_MON_P2_INTR_ALL to configure the
 185:.\Generated_Source\PSoC4/VBUS_MON_P2.c **** *  interrupt mode of all the pins in the Pins component.       
 186:.\Generated_Source\PSoC4/VBUS_MON_P2.c **** *  - VBUS_MON_P2_0_INTR       (First pin in the list)
ARM GAS  C:\Users\victo\AppData\Local\Temp\ccS737u4.s 			page 26


 187:.\Generated_Source\PSoC4/VBUS_MON_P2.c **** *  - VBUS_MON_P2_1_INTR       (Second pin in the list)
 188:.\Generated_Source\PSoC4/VBUS_MON_P2.c **** *  - ...
 189:.\Generated_Source\PSoC4/VBUS_MON_P2.c **** *  - VBUS_MON_P2_INTR_ALL     (All pins in Pins component)
 190:.\Generated_Source\PSoC4/VBUS_MON_P2.c **** *
 191:.\Generated_Source\PSoC4/VBUS_MON_P2.c **** * \param mode
 192:.\Generated_Source\PSoC4/VBUS_MON_P2.c **** *  Interrupt mode for the selected pins. Valid options are documented in
 193:.\Generated_Source\PSoC4/VBUS_MON_P2.c **** *  \ref intrMode.
 194:.\Generated_Source\PSoC4/VBUS_MON_P2.c **** *
 195:.\Generated_Source\PSoC4/VBUS_MON_P2.c **** * \return 
 196:.\Generated_Source\PSoC4/VBUS_MON_P2.c **** *  None
 197:.\Generated_Source\PSoC4/VBUS_MON_P2.c **** *  
 198:.\Generated_Source\PSoC4/VBUS_MON_P2.c **** * \sideeffect
 199:.\Generated_Source\PSoC4/VBUS_MON_P2.c **** *  It is recommended that the interrupt be disabled before calling this 
 200:.\Generated_Source\PSoC4/VBUS_MON_P2.c **** *  function to avoid unintended interrupt requests. Note that the interrupt
 201:.\Generated_Source\PSoC4/VBUS_MON_P2.c **** *  type is port wide, and therefore will trigger for any enabled pin on the 
 202:.\Generated_Source\PSoC4/VBUS_MON_P2.c **** *  port.
 203:.\Generated_Source\PSoC4/VBUS_MON_P2.c **** *
 204:.\Generated_Source\PSoC4/VBUS_MON_P2.c **** * \funcusage
 205:.\Generated_Source\PSoC4/VBUS_MON_P2.c **** *  \snippet VBUS_MON_P2_SUT.c usage_VBUS_MON_P2_SetInterruptMode
 206:.\Generated_Source\PSoC4/VBUS_MON_P2.c **** *******************************************************************************/
 207:.\Generated_Source\PSoC4/VBUS_MON_P2.c **** void VBUS_MON_P2_SetInterruptMode(uint16 position, uint16 mode)
 208:.\Generated_Source\PSoC4/VBUS_MON_P2.c **** {
 405              		.loc 1 208 0
 406              		.cfi_startproc
 407              	.LVL4:
 209:.\Generated_Source\PSoC4/VBUS_MON_P2.c ****     uint32 intrCfg;
 210:.\Generated_Source\PSoC4/VBUS_MON_P2.c ****     
 211:.\Generated_Source\PSoC4/VBUS_MON_P2.c ****     intrCfg =  VBUS_MON_P2_INTCFG & (uint32)(~(uint32)position);
 408              		.loc 1 211 0
 409 0000 034A     		ldr	r2, .L14
 212:.\Generated_Source\PSoC4/VBUS_MON_P2.c ****     VBUS_MON_P2_INTCFG = intrCfg | ((uint32)position & (uint32)mode);
 213:.\Generated_Source\PSoC4/VBUS_MON_P2.c **** }
 410              		.loc 1 213 0
 411              		@ sp needed
 211:.\Generated_Source\PSoC4/VBUS_MON_P2.c ****     VBUS_MON_P2_INTCFG = intrCfg | ((uint32)position & (uint32)mode);
 412              		.loc 1 211 0
 413 0002 1368     		ldr	r3, [r2]
 414              	.LVL5:
 415 0004 8343     		bic	r3, r0
 416              	.LVL6:
 212:.\Generated_Source\PSoC4/VBUS_MON_P2.c ****     VBUS_MON_P2_INTCFG = intrCfg | ((uint32)position & (uint32)mode);
 417              		.loc 1 212 0
 418 0006 0840     		and	r0, r1
 419              	.LVL7:
 420 0008 1843     		orr	r0, r3
 421 000a 1060     		str	r0, [r2]
 422              		.loc 1 213 0
 423 000c 7047     		bx	lr
 424              	.L15:
 425 000e C046     		.align	2
 426              	.L14:
 427 0010 0C040440 		.word	1074005004
 428              		.cfi_endproc
 429              	.LFE4:
 430              		.size	VBUS_MON_P2_SetInterruptMode, .-VBUS_MON_P2_SetInterruptMode
 431              		.section	.text.VBUS_MON_P2_ClearInterrupt,"ax",%progbits
 432              		.align	1
ARM GAS  C:\Users\victo\AppData\Local\Temp\ccS737u4.s 			page 27


 433              		.global	VBUS_MON_P2_ClearInterrupt
 434              		.code	16
 435              		.thumb_func
 436              		.type	VBUS_MON_P2_ClearInterrupt, %function
 437              	VBUS_MON_P2_ClearInterrupt:
 438              	.LFB5:
 214:.\Generated_Source\PSoC4/VBUS_MON_P2.c **** 
 215:.\Generated_Source\PSoC4/VBUS_MON_P2.c **** 
 216:.\Generated_Source\PSoC4/VBUS_MON_P2.c **** /*******************************************************************************
 217:.\Generated_Source\PSoC4/VBUS_MON_P2.c **** * Function Name: VBUS_MON_P2_ClearInterrupt
 218:.\Generated_Source\PSoC4/VBUS_MON_P2.c **** ****************************************************************************//**
 219:.\Generated_Source\PSoC4/VBUS_MON_P2.c **** *
 220:.\Generated_Source\PSoC4/VBUS_MON_P2.c **** * \brief Clears any active interrupts attached with the component and returns 
 221:.\Generated_Source\PSoC4/VBUS_MON_P2.c **** *  the value of the interrupt status register allowing determination of which
 222:.\Generated_Source\PSoC4/VBUS_MON_P2.c **** *  pins generated an interrupt event.
 223:.\Generated_Source\PSoC4/VBUS_MON_P2.c **** *
 224:.\Generated_Source\PSoC4/VBUS_MON_P2.c **** * \return 
 225:.\Generated_Source\PSoC4/VBUS_MON_P2.c **** *  The right-shifted current value of the interrupt status register. Each pin 
 226:.\Generated_Source\PSoC4/VBUS_MON_P2.c **** *  has one bit set if it generated an interrupt event. For example, bit 0 is 
 227:.\Generated_Source\PSoC4/VBUS_MON_P2.c **** *  for pin 0 and bit 1 is for pin 1 of the Pins component.
 228:.\Generated_Source\PSoC4/VBUS_MON_P2.c **** *  
 229:.\Generated_Source\PSoC4/VBUS_MON_P2.c **** * \sideeffect
 230:.\Generated_Source\PSoC4/VBUS_MON_P2.c **** *  Clears all bits of the physical port's interrupt status register, not just
 231:.\Generated_Source\PSoC4/VBUS_MON_P2.c **** *  those associated with the Pins component.
 232:.\Generated_Source\PSoC4/VBUS_MON_P2.c **** *
 233:.\Generated_Source\PSoC4/VBUS_MON_P2.c **** * \funcusage
 234:.\Generated_Source\PSoC4/VBUS_MON_P2.c **** *  \snippet VBUS_MON_P2_SUT.c usage_VBUS_MON_P2_ClearInterrupt
 235:.\Generated_Source\PSoC4/VBUS_MON_P2.c **** *******************************************************************************/
 236:.\Generated_Source\PSoC4/VBUS_MON_P2.c **** uint8 VBUS_MON_P2_ClearInterrupt(void)
 237:.\Generated_Source\PSoC4/VBUS_MON_P2.c **** {
 439              		.loc 1 237 0
 440              		.cfi_startproc
 238:.\Generated_Source\PSoC4/VBUS_MON_P2.c **** 	uint8 maskedStatus = (uint8)(VBUS_MON_P2_INTSTAT & VBUS_MON_P2_MASK);
 441              		.loc 1 238 0
 442 0000 0123     		mov	r3, #1
 443 0002 024A     		ldr	r2, .L17
 239:.\Generated_Source\PSoC4/VBUS_MON_P2.c **** 	VBUS_MON_P2_INTSTAT = maskedStatus;
 240:.\Generated_Source\PSoC4/VBUS_MON_P2.c ****     return maskedStatus >> VBUS_MON_P2_SHIFT;
 241:.\Generated_Source\PSoC4/VBUS_MON_P2.c **** }
 444              		.loc 1 241 0
 445              		@ sp needed
 238:.\Generated_Source\PSoC4/VBUS_MON_P2.c **** 	uint8 maskedStatus = (uint8)(VBUS_MON_P2_INTSTAT & VBUS_MON_P2_MASK);
 446              		.loc 1 238 0
 447 0004 1068     		ldr	r0, [r2]
 448 0006 1840     		and	r0, r3
 449              	.LVL8:
 239:.\Generated_Source\PSoC4/VBUS_MON_P2.c **** 	VBUS_MON_P2_INTSTAT = maskedStatus;
 450              		.loc 1 239 0
 451 0008 1060     		str	r0, [r2]
 452              		.loc 1 241 0
 453 000a 7047     		bx	lr
 454              	.L18:
 455              		.align	2
 456              	.L17:
 457 000c 10040440 		.word	1074005008
 458              		.cfi_endproc
 459              	.LFE5:
ARM GAS  C:\Users\victo\AppData\Local\Temp\ccS737u4.s 			page 28


 460              		.size	VBUS_MON_P2_ClearInterrupt, .-VBUS_MON_P2_ClearInterrupt
 461              		.text
 462              	.Letext0:
 463              		.file 2 ".\\Generated_Source\\PSoC4\\cytypes.h"
 464              		.section	.debug_info,"",%progbits
 465              	.Ldebug_info0:
 466 0000 9C010000 		.4byte	0x19c
 467 0004 0400     		.2byte	0x4
 468 0006 00000000 		.4byte	.Ldebug_abbrev0
 469 000a 04       		.byte	0x4
 470 000b 01       		.uleb128 0x1
 471 000c 41010000 		.4byte	.LASF28
 472 0010 01       		.byte	0x1
 473 0011 0C000000 		.4byte	.LASF29
 474 0015 D3000000 		.4byte	.LASF30
 475 0019 00000000 		.4byte	.Ldebug_ranges0+0
 476 001d 00000000 		.4byte	0
 477 0021 00000000 		.4byte	.Ldebug_line0
 478 0025 02       		.uleb128 0x2
 479 0026 01       		.byte	0x1
 480 0027 06       		.byte	0x6
 481 0028 99020000 		.4byte	.LASF0
 482 002c 02       		.uleb128 0x2
 483 002d 01       		.byte	0x1
 484 002e 08       		.byte	0x8
 485 002f 56000000 		.4byte	.LASF1
 486 0033 02       		.uleb128 0x2
 487 0034 02       		.byte	0x2
 488 0035 05       		.byte	0x5
 489 0036 65020000 		.4byte	.LASF2
 490 003a 02       		.uleb128 0x2
 491 003b 02       		.byte	0x2
 492 003c 07       		.byte	0x7
 493 003d 7C000000 		.4byte	.LASF3
 494 0041 02       		.uleb128 0x2
 495 0042 04       		.byte	0x4
 496 0043 05       		.byte	0x5
 497 0044 90020000 		.4byte	.LASF4
 498 0048 02       		.uleb128 0x2
 499 0049 04       		.byte	0x4
 500 004a 07       		.byte	0x7
 501 004b 6A000000 		.4byte	.LASF5
 502 004f 02       		.uleb128 0x2
 503 0050 08       		.byte	0x8
 504 0051 05       		.byte	0x5
 505 0052 33020000 		.4byte	.LASF6
 506 0056 02       		.uleb128 0x2
 507 0057 08       		.byte	0x8
 508 0058 07       		.byte	0x7
 509 0059 2A010000 		.4byte	.LASF7
 510 005d 03       		.uleb128 0x3
 511 005e 04       		.byte	0x4
 512 005f 05       		.byte	0x5
 513 0060 696E7400 		.ascii	"int\000"
 514 0064 02       		.uleb128 0x2
 515 0065 04       		.byte	0x4
 516 0066 07       		.byte	0x7
ARM GAS  C:\Users\victo\AppData\Local\Temp\ccS737u4.s 			page 29


 517 0067 C6000000 		.4byte	.LASF8
 518 006b 04       		.uleb128 0x4
 519 006c 8A020000 		.4byte	.LASF9
 520 0070 02       		.byte	0x2
 521 0071 9801     		.2byte	0x198
 522 0073 2C000000 		.4byte	0x2c
 523 0077 04       		.uleb128 0x4
 524 0078 A7000000 		.4byte	.LASF10
 525 007c 02       		.byte	0x2
 526 007d 9901     		.2byte	0x199
 527 007f 3A000000 		.4byte	0x3a
 528 0083 04       		.uleb128 0x4
 529 0084 B7000000 		.4byte	.LASF11
 530 0088 02       		.byte	0x2
 531 0089 9A01     		.2byte	0x19a
 532 008b 48000000 		.4byte	0x48
 533 008f 02       		.uleb128 0x2
 534 0090 04       		.byte	0x4
 535 0091 04       		.byte	0x4
 536 0092 50000000 		.4byte	.LASF12
 537 0096 02       		.uleb128 0x2
 538 0097 08       		.byte	0x8
 539 0098 04       		.byte	0x4
 540 0099 8F000000 		.4byte	.LASF13
 541 009d 02       		.uleb128 0x2
 542 009e 01       		.byte	0x1
 543 009f 08       		.byte	0x8
 544 00a0 4E020000 		.4byte	.LASF14
 545 00a4 04       		.uleb128 0x4
 546 00a5 00000000 		.4byte	.LASF15
 547 00a9 02       		.byte	0x2
 548 00aa 4402     		.2byte	0x244
 549 00ac B0000000 		.4byte	0xb0
 550 00b0 05       		.uleb128 0x5
 551 00b1 83000000 		.4byte	0x83
 552 00b5 06       		.uleb128 0x6
 553 00b6 1A020000 		.4byte	.LASF16
 554 00ba 01       		.byte	0x1
 555 00bb 48       		.byte	0x48
 556 00bc 00000000 		.4byte	.LFB0
 557 00c0 14000000 		.4byte	.LFE0-.LFB0
 558 00c4 01       		.uleb128 0x1
 559 00c5 9C       		.byte	0x9c
 560 00c6 DA000000 		.4byte	0xda
 561 00ca 07       		.uleb128 0x7
 562 00cb FD010000 		.4byte	.LASF18
 563 00cf 01       		.byte	0x1
 564 00d0 48       		.byte	0x48
 565 00d1 6B000000 		.4byte	0x6b
 566 00d5 00000000 		.4byte	.LLST0
 567 00d9 00       		.byte	0
 568 00da 06       		.uleb128 0x6
 569 00db 53020000 		.4byte	.LASF17
 570 00df 01       		.byte	0x1
 571 00e0 6F       		.byte	0x6f
 572 00e1 00000000 		.4byte	.LFB1
 573 00e5 18000000 		.4byte	.LFE1-.LFB1
ARM GAS  C:\Users\victo\AppData\Local\Temp\ccS737u4.s 			page 30


 574 00e9 01       		.uleb128 0x1
 575 00ea 9C       		.byte	0x9c
 576 00eb 11010000 		.4byte	0x111
 577 00ef 08       		.uleb128 0x8
 578 00f0 06000000 		.4byte	.LASF19
 579 00f4 01       		.byte	0x1
 580 00f5 6F       		.byte	0x6f
 581 00f6 6B000000 		.4byte	0x6b
 582 00fa 01       		.uleb128 0x1
 583 00fb 50       		.byte	0x50
 584 00fc 09       		.uleb128 0x9
 585 00fd 64000000 		.4byte	.LASF24
 586 0101 01       		.byte	0x1
 587 0102 71       		.byte	0x71
 588 0103 6B000000 		.4byte	0x6b
 589 0107 08       		.uleb128 0x8
 590 0108 70       		.byte	0x70
 591 0109 00       		.sleb128 0
 592 010a 31       		.byte	0x31
 593 010b 1A       		.byte	0x1a
 594 010c 72       		.byte	0x72
 595 010d 00       		.sleb128 0
 596 010e 21       		.byte	0x21
 597 010f 9F       		.byte	0x9f
 598 0110 00       		.byte	0
 599 0111 0A       		.uleb128 0xa
 600 0112 96000000 		.4byte	.LASF20
 601 0116 01       		.byte	0x1
 602 0117 88       		.byte	0x88
 603 0118 6B000000 		.4byte	0x6b
 604 011c 00000000 		.4byte	.LFB2
 605 0120 10000000 		.4byte	.LFE2-.LFB2
 606 0124 01       		.uleb128 0x1
 607 0125 9C       		.byte	0x9c
 608 0126 0A       		.uleb128 0xa
 609 0127 02020000 		.4byte	.LASF21
 610 012b 01       		.byte	0x1
 611 012c A4       		.byte	0xa4
 612 012d 6B000000 		.4byte	0x6b
 613 0131 00000000 		.4byte	.LFB3
 614 0135 10000000 		.4byte	.LFE3-.LFB3
 615 0139 01       		.uleb128 0x1
 616 013a 9C       		.byte	0x9c
 617 013b 06       		.uleb128 0x6
 618 013c 33000000 		.4byte	.LASF22
 619 0140 01       		.byte	0x1
 620 0141 CF       		.byte	0xcf
 621 0142 00000000 		.4byte	.LFB4
 622 0146 14000000 		.4byte	.LFE4-.LFB4
 623 014a 01       		.uleb128 0x1
 624 014b 9C       		.byte	0x9c
 625 014c 7C010000 		.4byte	0x17c
 626 0150 07       		.uleb128 0x7
 627 0151 AE000000 		.4byte	.LASF23
 628 0155 01       		.byte	0x1
 629 0156 CF       		.byte	0xcf
 630 0157 77000000 		.4byte	0x77
ARM GAS  C:\Users\victo\AppData\Local\Temp\ccS737u4.s 			page 31


 631 015b 21000000 		.4byte	.LLST1
 632 015f 08       		.uleb128 0x8
 633 0160 FD010000 		.4byte	.LASF18
 634 0164 01       		.byte	0x1
 635 0165 CF       		.byte	0xcf
 636 0166 77000000 		.4byte	0x77
 637 016a 01       		.uleb128 0x1
 638 016b 51       		.byte	0x51
 639 016c 0B       		.uleb128 0xb
 640 016d BE000000 		.4byte	.LASF25
 641 0171 01       		.byte	0x1
 642 0172 D1       		.byte	0xd1
 643 0173 83000000 		.4byte	0x83
 644 0177 42000000 		.4byte	.LLST2
 645 017b 00       		.byte	0
 646 017c 0C       		.uleb128 0xc
 647 017d 6F020000 		.4byte	.LASF26
 648 0181 01       		.byte	0x1
 649 0182 EC       		.byte	0xec
 650 0183 6B000000 		.4byte	0x6b
 651 0187 00000000 		.4byte	.LFB5
 652 018b 10000000 		.4byte	.LFE5-.LFB5
 653 018f 01       		.uleb128 0x1
 654 0190 9C       		.byte	0x9c
 655 0191 09       		.uleb128 0x9
 656 0192 41020000 		.4byte	.LASF27
 657 0196 01       		.byte	0x1
 658 0197 EE       		.byte	0xee
 659 0198 6B000000 		.4byte	0x6b
 660 019c 01       		.uleb128 0x1
 661 019d 50       		.byte	0x50
 662 019e 00       		.byte	0
 663 019f 00       		.byte	0
 664              		.section	.debug_abbrev,"",%progbits
 665              	.Ldebug_abbrev0:
 666 0000 01       		.uleb128 0x1
 667 0001 11       		.uleb128 0x11
 668 0002 01       		.byte	0x1
 669 0003 25       		.uleb128 0x25
 670 0004 0E       		.uleb128 0xe
 671 0005 13       		.uleb128 0x13
 672 0006 0B       		.uleb128 0xb
 673 0007 03       		.uleb128 0x3
 674 0008 0E       		.uleb128 0xe
 675 0009 1B       		.uleb128 0x1b
 676 000a 0E       		.uleb128 0xe
 677 000b 55       		.uleb128 0x55
 678 000c 17       		.uleb128 0x17
 679 000d 11       		.uleb128 0x11
 680 000e 01       		.uleb128 0x1
 681 000f 10       		.uleb128 0x10
 682 0010 17       		.uleb128 0x17
 683 0011 00       		.byte	0
 684 0012 00       		.byte	0
 685 0013 02       		.uleb128 0x2
 686 0014 24       		.uleb128 0x24
 687 0015 00       		.byte	0
ARM GAS  C:\Users\victo\AppData\Local\Temp\ccS737u4.s 			page 32


 688 0016 0B       		.uleb128 0xb
 689 0017 0B       		.uleb128 0xb
 690 0018 3E       		.uleb128 0x3e
 691 0019 0B       		.uleb128 0xb
 692 001a 03       		.uleb128 0x3
 693 001b 0E       		.uleb128 0xe
 694 001c 00       		.byte	0
 695 001d 00       		.byte	0
 696 001e 03       		.uleb128 0x3
 697 001f 24       		.uleb128 0x24
 698 0020 00       		.byte	0
 699 0021 0B       		.uleb128 0xb
 700 0022 0B       		.uleb128 0xb
 701 0023 3E       		.uleb128 0x3e
 702 0024 0B       		.uleb128 0xb
 703 0025 03       		.uleb128 0x3
 704 0026 08       		.uleb128 0x8
 705 0027 00       		.byte	0
 706 0028 00       		.byte	0
 707 0029 04       		.uleb128 0x4
 708 002a 16       		.uleb128 0x16
 709 002b 00       		.byte	0
 710 002c 03       		.uleb128 0x3
 711 002d 0E       		.uleb128 0xe
 712 002e 3A       		.uleb128 0x3a
 713 002f 0B       		.uleb128 0xb
 714 0030 3B       		.uleb128 0x3b
 715 0031 05       		.uleb128 0x5
 716 0032 49       		.uleb128 0x49
 717 0033 13       		.uleb128 0x13
 718 0034 00       		.byte	0
 719 0035 00       		.byte	0
 720 0036 05       		.uleb128 0x5
 721 0037 35       		.uleb128 0x35
 722 0038 00       		.byte	0
 723 0039 49       		.uleb128 0x49
 724 003a 13       		.uleb128 0x13
 725 003b 00       		.byte	0
 726 003c 00       		.byte	0
 727 003d 06       		.uleb128 0x6
 728 003e 2E       		.uleb128 0x2e
 729 003f 01       		.byte	0x1
 730 0040 3F       		.uleb128 0x3f
 731 0041 19       		.uleb128 0x19
 732 0042 03       		.uleb128 0x3
 733 0043 0E       		.uleb128 0xe
 734 0044 3A       		.uleb128 0x3a
 735 0045 0B       		.uleb128 0xb
 736 0046 3B       		.uleb128 0x3b
 737 0047 0B       		.uleb128 0xb
 738 0048 27       		.uleb128 0x27
 739 0049 19       		.uleb128 0x19
 740 004a 11       		.uleb128 0x11
 741 004b 01       		.uleb128 0x1
 742 004c 12       		.uleb128 0x12
 743 004d 06       		.uleb128 0x6
 744 004e 40       		.uleb128 0x40
ARM GAS  C:\Users\victo\AppData\Local\Temp\ccS737u4.s 			page 33


 745 004f 18       		.uleb128 0x18
 746 0050 9742     		.uleb128 0x2117
 747 0052 19       		.uleb128 0x19
 748 0053 01       		.uleb128 0x1
 749 0054 13       		.uleb128 0x13
 750 0055 00       		.byte	0
 751 0056 00       		.byte	0
 752 0057 07       		.uleb128 0x7
 753 0058 05       		.uleb128 0x5
 754 0059 00       		.byte	0
 755 005a 03       		.uleb128 0x3
 756 005b 0E       		.uleb128 0xe
 757 005c 3A       		.uleb128 0x3a
 758 005d 0B       		.uleb128 0xb
 759 005e 3B       		.uleb128 0x3b
 760 005f 0B       		.uleb128 0xb
 761 0060 49       		.uleb128 0x49
 762 0061 13       		.uleb128 0x13
 763 0062 02       		.uleb128 0x2
 764 0063 17       		.uleb128 0x17
 765 0064 00       		.byte	0
 766 0065 00       		.byte	0
 767 0066 08       		.uleb128 0x8
 768 0067 05       		.uleb128 0x5
 769 0068 00       		.byte	0
 770 0069 03       		.uleb128 0x3
 771 006a 0E       		.uleb128 0xe
 772 006b 3A       		.uleb128 0x3a
 773 006c 0B       		.uleb128 0xb
 774 006d 3B       		.uleb128 0x3b
 775 006e 0B       		.uleb128 0xb
 776 006f 49       		.uleb128 0x49
 777 0070 13       		.uleb128 0x13
 778 0071 02       		.uleb128 0x2
 779 0072 18       		.uleb128 0x18
 780 0073 00       		.byte	0
 781 0074 00       		.byte	0
 782 0075 09       		.uleb128 0x9
 783 0076 34       		.uleb128 0x34
 784 0077 00       		.byte	0
 785 0078 03       		.uleb128 0x3
 786 0079 0E       		.uleb128 0xe
 787 007a 3A       		.uleb128 0x3a
 788 007b 0B       		.uleb128 0xb
 789 007c 3B       		.uleb128 0x3b
 790 007d 0B       		.uleb128 0xb
 791 007e 49       		.uleb128 0x49
 792 007f 13       		.uleb128 0x13
 793 0080 02       		.uleb128 0x2
 794 0081 18       		.uleb128 0x18
 795 0082 00       		.byte	0
 796 0083 00       		.byte	0
 797 0084 0A       		.uleb128 0xa
 798 0085 2E       		.uleb128 0x2e
 799 0086 00       		.byte	0
 800 0087 3F       		.uleb128 0x3f
 801 0088 19       		.uleb128 0x19
ARM GAS  C:\Users\victo\AppData\Local\Temp\ccS737u4.s 			page 34


 802 0089 03       		.uleb128 0x3
 803 008a 0E       		.uleb128 0xe
 804 008b 3A       		.uleb128 0x3a
 805 008c 0B       		.uleb128 0xb
 806 008d 3B       		.uleb128 0x3b
 807 008e 0B       		.uleb128 0xb
 808 008f 27       		.uleb128 0x27
 809 0090 19       		.uleb128 0x19
 810 0091 49       		.uleb128 0x49
 811 0092 13       		.uleb128 0x13
 812 0093 11       		.uleb128 0x11
 813 0094 01       		.uleb128 0x1
 814 0095 12       		.uleb128 0x12
 815 0096 06       		.uleb128 0x6
 816 0097 40       		.uleb128 0x40
 817 0098 18       		.uleb128 0x18
 818 0099 9742     		.uleb128 0x2117
 819 009b 19       		.uleb128 0x19
 820 009c 00       		.byte	0
 821 009d 00       		.byte	0
 822 009e 0B       		.uleb128 0xb
 823 009f 34       		.uleb128 0x34
 824 00a0 00       		.byte	0
 825 00a1 03       		.uleb128 0x3
 826 00a2 0E       		.uleb128 0xe
 827 00a3 3A       		.uleb128 0x3a
 828 00a4 0B       		.uleb128 0xb
 829 00a5 3B       		.uleb128 0x3b
 830 00a6 0B       		.uleb128 0xb
 831 00a7 49       		.uleb128 0x49
 832 00a8 13       		.uleb128 0x13
 833 00a9 02       		.uleb128 0x2
 834 00aa 17       		.uleb128 0x17
 835 00ab 00       		.byte	0
 836 00ac 00       		.byte	0
 837 00ad 0C       		.uleb128 0xc
 838 00ae 2E       		.uleb128 0x2e
 839 00af 01       		.byte	0x1
 840 00b0 3F       		.uleb128 0x3f
 841 00b1 19       		.uleb128 0x19
 842 00b2 03       		.uleb128 0x3
 843 00b3 0E       		.uleb128 0xe
 844 00b4 3A       		.uleb128 0x3a
 845 00b5 0B       		.uleb128 0xb
 846 00b6 3B       		.uleb128 0x3b
 847 00b7 0B       		.uleb128 0xb
 848 00b8 27       		.uleb128 0x27
 849 00b9 19       		.uleb128 0x19
 850 00ba 49       		.uleb128 0x49
 851 00bb 13       		.uleb128 0x13
 852 00bc 11       		.uleb128 0x11
 853 00bd 01       		.uleb128 0x1
 854 00be 12       		.uleb128 0x12
 855 00bf 06       		.uleb128 0x6
 856 00c0 40       		.uleb128 0x40
 857 00c1 18       		.uleb128 0x18
 858 00c2 9742     		.uleb128 0x2117
ARM GAS  C:\Users\victo\AppData\Local\Temp\ccS737u4.s 			page 35


 859 00c4 19       		.uleb128 0x19
 860 00c5 00       		.byte	0
 861 00c6 00       		.byte	0
 862 00c7 00       		.byte	0
 863              		.section	.debug_loc,"",%progbits
 864              	.Ldebug_loc0:
 865              	.LLST0:
 866 0000 00000000 		.4byte	.LVL0
 867 0004 0A000000 		.4byte	.LVL1
 868 0008 0100     		.2byte	0x1
 869 000a 50       		.byte	0x50
 870 000b 0A000000 		.4byte	.LVL1
 871 000f 14000000 		.4byte	.LFE0
 872 0013 0400     		.2byte	0x4
 873 0015 F3       		.byte	0xf3
 874 0016 01       		.uleb128 0x1
 875 0017 50       		.byte	0x50
 876 0018 9F       		.byte	0x9f
 877 0019 00000000 		.4byte	0
 878 001d 00000000 		.4byte	0
 879              	.LLST1:
 880 0021 00000000 		.4byte	.LVL4
 881 0025 08000000 		.4byte	.LVL7
 882 0029 0100     		.2byte	0x1
 883 002b 50       		.byte	0x50
 884 002c 08000000 		.4byte	.LVL7
 885 0030 14000000 		.4byte	.LFE4
 886 0034 0400     		.2byte	0x4
 887 0036 F3       		.byte	0xf3
 888 0037 01       		.uleb128 0x1
 889 0038 50       		.byte	0x50
 890 0039 9F       		.byte	0x9f
 891 003a 00000000 		.4byte	0
 892 003e 00000000 		.4byte	0
 893              	.LLST2:
 894 0042 04000000 		.4byte	.LVL5
 895 0046 06000000 		.4byte	.LVL6
 896 004a 0B00     		.2byte	0xb
 897 004c 70       		.byte	0x70
 898 004d 00       		.sleb128 0
 899 004e 0A       		.byte	0xa
 900 004f FFFF     		.2byte	0xffff
 901 0051 1A       		.byte	0x1a
 902 0052 20       		.byte	0x20
 903 0053 73       		.byte	0x73
 904 0054 00       		.sleb128 0
 905 0055 1A       		.byte	0x1a
 906 0056 9F       		.byte	0x9f
 907 0057 00000000 		.4byte	0
 908 005b 00000000 		.4byte	0
 909              		.section	.debug_aranges,"",%progbits
 910 0000 44000000 		.4byte	0x44
 911 0004 0200     		.2byte	0x2
 912 0006 00000000 		.4byte	.Ldebug_info0
 913 000a 04       		.byte	0x4
 914 000b 00       		.byte	0
 915 000c 0000     		.2byte	0
ARM GAS  C:\Users\victo\AppData\Local\Temp\ccS737u4.s 			page 36


 916 000e 0000     		.2byte	0
 917 0010 00000000 		.4byte	.LFB0
 918 0014 14000000 		.4byte	.LFE0-.LFB0
 919 0018 00000000 		.4byte	.LFB1
 920 001c 18000000 		.4byte	.LFE1-.LFB1
 921 0020 00000000 		.4byte	.LFB2
 922 0024 10000000 		.4byte	.LFE2-.LFB2
 923 0028 00000000 		.4byte	.LFB3
 924 002c 10000000 		.4byte	.LFE3-.LFB3
 925 0030 00000000 		.4byte	.LFB4
 926 0034 14000000 		.4byte	.LFE4-.LFB4
 927 0038 00000000 		.4byte	.LFB5
 928 003c 10000000 		.4byte	.LFE5-.LFB5
 929 0040 00000000 		.4byte	0
 930 0044 00000000 		.4byte	0
 931              		.section	.debug_ranges,"",%progbits
 932              	.Ldebug_ranges0:
 933 0000 00000000 		.4byte	.LFB0
 934 0004 14000000 		.4byte	.LFE0
 935 0008 00000000 		.4byte	.LFB1
 936 000c 18000000 		.4byte	.LFE1
 937 0010 00000000 		.4byte	.LFB2
 938 0014 10000000 		.4byte	.LFE2
 939 0018 00000000 		.4byte	.LFB3
 940 001c 10000000 		.4byte	.LFE3
 941 0020 00000000 		.4byte	.LFB4
 942 0024 14000000 		.4byte	.LFE4
 943 0028 00000000 		.4byte	.LFB5
 944 002c 10000000 		.4byte	.LFE5
 945 0030 00000000 		.4byte	0
 946 0034 00000000 		.4byte	0
 947              		.section	.debug_line,"",%progbits
 948              	.Ldebug_line0:
 949 0000 CC000000 		.section	.debug_str,"MS",%progbits,1
 949      02004A00 
 949      00000201 
 949      FB0E0D00 
 949      01010101 
 950              	.LASF15:
 951 0000 72656733 		.ascii	"reg32\000"
 951      3200
 952              	.LASF19:
 953 0006 76616C75 		.ascii	"value\000"
 953      6500
 954              	.LASF29:
 955 000c 2E5C4765 		.ascii	".\\Generated_Source\\PSoC4\\VBUS_MON_P2.c\000"
 955      6E657261 
 955      7465645F 
 955      536F7572 
 955      63655C50 
 956              	.LASF22:
 957 0033 56425553 		.ascii	"VBUS_MON_P2_SetInterruptMode\000"
 957      5F4D4F4E 
 957      5F50325F 
 957      53657449 
 957      6E746572 
 958              	.LASF12:
ARM GAS  C:\Users\victo\AppData\Local\Temp\ccS737u4.s 			page 37


 959 0050 666C6F61 		.ascii	"float\000"
 959      7400
 960              	.LASF1:
 961 0056 756E7369 		.ascii	"unsigned char\000"
 961      676E6564 
 961      20636861 
 961      7200
 962              	.LASF24:
 963 0064 64725661 		.ascii	"drVal\000"
 963      6C00
 964              	.LASF5:
 965 006a 6C6F6E67 		.ascii	"long unsigned int\000"
 965      20756E73 
 965      69676E65 
 965      6420696E 
 965      7400
 966              	.LASF3:
 967 007c 73686F72 		.ascii	"short unsigned int\000"
 967      7420756E 
 967      7369676E 
 967      65642069 
 967      6E7400
 968              	.LASF13:
 969 008f 646F7562 		.ascii	"double\000"
 969      6C6500
 970              	.LASF20:
 971 0096 56425553 		.ascii	"VBUS_MON_P2_Read\000"
 971      5F4D4F4E 
 971      5F50325F 
 971      52656164 
 971      00
 972              	.LASF10:
 973 00a7 75696E74 		.ascii	"uint16\000"
 973      313600
 974              	.LASF23:
 975 00ae 706F7369 		.ascii	"position\000"
 975      74696F6E 
 975      00
 976              	.LASF11:
 977 00b7 75696E74 		.ascii	"uint32\000"
 977      333200
 978              	.LASF25:
 979 00be 696E7472 		.ascii	"intrCfg\000"
 979      43666700 
 980              	.LASF8:
 981 00c6 756E7369 		.ascii	"unsigned int\000"
 981      676E6564 
 981      20696E74 
 981      00
 982              	.LASF30:
 983 00d3 433A5C76 		.ascii	"C:\\victor0617\\github_code\\CY4541\\CYPD4225-40LQX"
 983      6963746F 
 983      72303631 
 983      375C6769 
 983      74687562 
 984 0102 495F3038 		.ascii	"I_0805\\CYPD4225-40LQXI_notebook01.cydsn\000"
 984      30355C43 
ARM GAS  C:\Users\victo\AppData\Local\Temp\ccS737u4.s 			page 38


 984      59504434 
 984      3232352D 
 984      34304C51 
 985              	.LASF7:
 986 012a 6C6F6E67 		.ascii	"long long unsigned int\000"
 986      206C6F6E 
 986      6720756E 
 986      7369676E 
 986      65642069 
 987              	.LASF28:
 988 0141 474E5520 		.ascii	"GNU C 4.9.3 20150303 (release) [ARM/embedded-4_9-br"
 988      4320342E 
 988      392E3320 
 988      32303135 
 988      30333033 
 989 0174 616E6368 		.ascii	"anch revision 221220] -mcpu=cortex-m0 -mthumb -g -O"
 989      20726576 
 989      6973696F 
 989      6E203232 
 989      31323230 
 990 01a7 73202D66 		.ascii	"s -ffunction-sections -finline-functions -flto -ffa"
 990      66756E63 
 990      74696F6E 
 990      2D736563 
 990      74696F6E 
 991 01da 742D6C74 		.ascii	"t-lto-objects -fno-strict-aliasing\000"
 991      6F2D6F62 
 991      6A656374 
 991      73202D66 
 991      6E6F2D73 
 992              	.LASF18:
 993 01fd 6D6F6465 		.ascii	"mode\000"
 993      00
 994              	.LASF21:
 995 0202 56425553 		.ascii	"VBUS_MON_P2_ReadDataReg\000"
 995      5F4D4F4E 
 995      5F50325F 
 995      52656164 
 995      44617461 
 996              	.LASF16:
 997 021a 56425553 		.ascii	"VBUS_MON_P2_SetDriveMode\000"
 997      5F4D4F4E 
 997      5F50325F 
 997      53657444 
 997      72697665 
 998              	.LASF6:
 999 0233 6C6F6E67 		.ascii	"long long int\000"
 999      206C6F6E 
 999      6720696E 
 999      7400
 1000              	.LASF27:
 1001 0241 6D61736B 		.ascii	"maskedStatus\000"
 1001      65645374 
 1001      61747573 
 1001      00
 1002              	.LASF14:
 1003 024e 63686172 		.ascii	"char\000"
ARM GAS  C:\Users\victo\AppData\Local\Temp\ccS737u4.s 			page 39


 1003      00
 1004              	.LASF17:
 1005 0253 56425553 		.ascii	"VBUS_MON_P2_Write\000"
 1005      5F4D4F4E 
 1005      5F50325F 
 1005      57726974 
 1005      6500
 1006              	.LASF2:
 1007 0265 73686F72 		.ascii	"short int\000"
 1007      7420696E 
 1007      7400
 1008              	.LASF26:
 1009 026f 56425553 		.ascii	"VBUS_MON_P2_ClearInterrupt\000"
 1009      5F4D4F4E 
 1009      5F50325F 
 1009      436C6561 
 1009      72496E74 
 1010              	.LASF9:
 1011 028a 75696E74 		.ascii	"uint8\000"
 1011      3800
 1012              	.LASF4:
 1013 0290 6C6F6E67 		.ascii	"long int\000"
 1013      20696E74 
 1013      00
 1014              	.LASF0:
 1015 0299 7369676E 		.ascii	"signed char\000"
 1015      65642063 
 1015      68617200 
 1016              		.comm	__gnu_lto_v1,1,1
 1017              		.ident	"GCC: (GNU Tools for ARM Embedded Processors) 4.9.3 20150303 (release) [ARM/embedded-4_9-br
