ARM GAS  C:\Users\victo\AppData\Local\Temp\ccdHFS8L.s 			page 1


   1              		.cpu cortex-m0
   2              		.fpu softvfp
   3              		.eabi_attribute 20, 1
   4              		.eabi_attribute 21, 1
   5              		.eabi_attribute 23, 3
   6              		.eabi_attribute 24, 1
   7              		.eabi_attribute 25, 1
   8              		.eabi_attribute 26, 1
   9              		.eabi_attribute 30, 4
  10              		.eabi_attribute 34, 0
  11              		.eabi_attribute 18, 4
  12              		.code	16
  13              		.file	"VBUS_C_CTRL_P1.c"
  14              		.text
  15              	.Ltext0:
  16              		.section	.gnu.lto_.profile.79010d58,"",%progbits
  17 0000 789C6366 		.ascii	"x\234cf```a\200\000F\0065\005\000\000\340\000O"
  17      60606061 
  17      80004606 
  17      35050000 
  17      E0004F
  18              		.text
  19              		.section	.gnu.lto_.jmpfuncs.79010d58,"",%progbits
  20 0000 789C6366 		.ascii	"x\234cf\300\016d\2404\033\003##c=#\210`b``f``abdd\256"
  20      C00E64A0 
  20      341B0323 
  20      23633D23 
  20      88606260 
  21 001d AF6705CA 		.ascii	"\257g\005\312\001\000 \267\002>"
  21      010020B7 
  21      023E
  22              		.text
  23              		.section	.gnu.lto_.inline.79010d58,"",%progbits
  24 0000 789C6366 		.ascii	"x\234cf\300\016f@i6\006\006\016vFF\006F\006\006f\216"
  24      C00E6640 
  24      69360606 
  24      0E764646 
  24      06460606 
  25 0016 03760C6C 		.ascii	"\003v\014l\013\344\231\030\230.\360\263\200$\031\361"
  25      0BE49918 
  25      982EF0B3 
  25      802419F1 
  26 0026 C83131B0 		.ascii	"\31011\260\261220\261}\320\203\210\003\0013\246\020"
  26      B1323230 
  26      B17DD083 
  26      88030133 
  26      A610
  27 0038 0B032707 		.ascii	"\013\003'\007#\023\310\004\2409\014,\250\246\000\011"
  27      2313C804 
  27      A0390C2C 
  27      A8A60009 
  28 0048 1E902256 		.ascii	"\036\220\"V\006v6\240>\270$\010\000\000\311\241\017"
  28      067636A0 
  28      3EB82408 
  28      0000C9A1 
  28      0F
  29 0059 C8       		.ascii	"\310"
ARM GAS  C:\Users\victo\AppData\Local\Temp\ccdHFS8L.s 			page 2


  30              		.text
  31              		.section	.gnu.lto_.pureconst.79010d58,"",%progbits
  32 0000 789C6366 		.ascii	"x\234cf``\340e\200\0006\006)F)&)f)\026)V)\000\005\261"
  32      6060E065 
  32      80003606 
  32      29462926 
  32      29662916 
  33 001a 00C2     		.ascii	"\000\302"
  34              		.text
  35              		.section	.gnu.lto_VBUS_C_CTRL_P1_SetDriveMode.79010d58,"",%progbits
  36 0000 789C7D51 		.ascii	"x\234}Q\317+DQ\030\375\316}o\336\220\237)\233\331#B"
  36      CF2B4451 
  36      18FDCE7D 
  36      6FDE909F 
  36      299BD923 
  37 0015 297F80CC 		.ascii	")\177\200\314\302\306B\006\253\251!^\3310%\326\356\214"
  37      C2C64206 
  37      ABA9215E 
  37      D93025D6 
  37      EE8C
  38 0027 29B21AB2 		.ascii	")\262\032\262 \311B\362\373\367\302\206L\224\225\210"
  38      20C942F2 
  38      FBF7C286 
  38      4C949588 
  39 0037 05994469 		.ascii	"\005\231Di\204\025\"\314B\317\367\315\314N\271u\277"
  39      841522CC 
  39      42CFF7CD 
  39      CC4EB975 
  39      BF
  40 0048 FBDDD339 		.ascii	"\373\335\3239\347\235\367]\203\376.\017\357=\020\325"
  40      E79DF75D 
  40      83FE2E0F 
  40      EF3D10D5 
  41 0058 F00983A0 		.ascii	"\360\011\203\240\242\247D\241,\005HC\240A\205A<\253"
  41      A2A744A1 
  41      2C054843 
  41      A0418541 
  41      3CAB
  42 006a 3785686C 		.ascii	"7\205hle2\247l^k\375\032\336\351\326\023\355IE\364\256"
  42      6532A76C 
  42      5E6BFD1A 
  42      DEE9D613 
  42      ED4945F4 
  43 007f D23E5840 		.ascii	"\322>X@\031s\036\223\317\013yF\025\210\373\237\261\253"
  43      19731E93 
  43      CF0B7946 
  43      1588FB9F 
  43      B1AB
  44 0091 0B5532A7 		.ascii	"\013U2\247u8v\263\256\353\220d\323E\030\254@\245\007"
  44      753876B3 
  44      AEEB9064 
  44      D34518AC 
  44      40A507
  45 00a4 E51E6280 		.ascii	"\345\036b\200\260\204\022!\277E~\256r\254\010\233\027"
  45      B0841221 
  45      BF457EAE 
  45      72AC089B 
ARM GAS  C:\Users\victo\AppData\Local\Temp\ccdHFS8L.s 			page 3


  45      17
  46 00b5 A63DB10C 		.ascii	"\246=\261\014\213s\321FQL;\316\373\311\371S)\262\025"
  46      8B73D146 
  46      514C3BCE 
  46      FBC9F953 
  46      29B215
  47 00c8 6B9421C5 		.ascii	"k\224!\305\204(]\322ZR\334R\210\022\274%\370\003_\370"
  47      84285DD2 
  47      5A52DC52 
  47      8812BC25 
  47      F8035FF8 
  48 00dc 34E238FC 		.ascii	"4\3428\374\034\275\234\262\304\355K\311_l_\337\227?"
  48      1CBD9CB2 
  48      C4ED4BC9 
  48      5F6C5FDF 
  48      973F
  49 00ee A9A43246 		.ascii	"\251\2442F\302Qm\312\247\357\022g\347Y)\210\344\272"
  49      C2516DCA 
  49      A7EF1267 
  49      E7592988 
  49      E4BA
  50 0100 B5BD7F9A 		.ascii	"\265\275\177\232?\203\351P\204\023\233X\201\007\253"
  50      3F83E950 
  50      84139B58 
  50      8107AB
  51 010f E031610D 		.ascii	"\3401a\0153\2408\206\2763nF\332\360hxs:W\344\312q\234"
  51      33A03886 
  51      BE336E46 
  51      DAF06878 
  51      733A57E4 
  52 0126 EF02C23A 		.ascii	"\357\002\302:\263\343\010\337\272\3234\327\2272Ev\223"
  52      B3E308DF 
  52      BAD334D7 
  52      97324576 
  52      93
  53 0137 9109C4B2 		.ascii	"\221\011\304\262\203\251\227\331\224\314UL\330HI\206"
  53      83A997D9 
  53      94CC554C 
  53      D8484986 
  54 0147 3E321477 		.ascii	">2\024w\312\334b\350p\034\002\375\027k\223c\261\204"
  54      CADC62E8 
  54      701C02FD 
  54      176B9363 
  54      B184
  55 0159 6E118AED 		.ascii	"n\021\212\355\036+\241\313\203$x\270<\001\236GE\265"
  55      1E2BA1CB 
  55      832478B8 
  55      3C019E47 
  55      45B5
  56 016b BFC1EEB5 		.ascii	"\277\301\356\265\373:\372\355\256\200/8\320\327i\373"
  56      FB3AFAED 
  56      AE802F38 
  56      D0D769FB 
  57 017b 9B7C416F 		.ascii	"\233|Ao\255\277\255\276\325\027\360\006\274-\315\215"
  57      ADBFADBE 
  57      D517F006 
  57      BC2DCD8D 
ARM GAS  C:\Users\victo\AppData\Local\Temp\ccdHFS8L.s 			page 4


  58 018b 81A69AEA 		.ascii	"\201\246\232\352N2{\202]\366/\365e\250\213"
  58      4E327B82 
  58      5DF62FF5 
  58      65A88B
  59              		.text
  60              		.section	.gnu.lto_VBUS_C_CTRL_P1_Write.79010d58,"",%progbits
  61 0000 789C6591 		.ascii	"x\234e\221Oh\023A\024\306\3377\223\315F\203 ^,\271x"
  61      4F681341 
  61      14C6DF37 
  61      93CD4683 
  61      205E2CB9 
  62 0015 28A5285A 		.ascii	"(\245(Z\020=\010^Js\350\305C1\332S0\204vo\305B\260\275"
  62      103D085E 
  62      4A73E8C5 
  62      4331DA53 
  62      3084766F 
  63 002d 6612632B 		.ascii	"f\022c+\036J\024\221\2004\242U\252F\333j\217^\226\212"
  63      1E4A1491 
  63      8034A255 
  63      AA46DB6A 
  63      8F5E968A 
  64 0041 828A9122 		.ascii	"\202\212\221\"T-!\2464\202\305\213\375Ck\0166\276\267"
  64      542D21A6 
  64      3482C58B 
  64      FD436B0E 
  64      36BEB7
  65 0054 0B6270D8 		.ascii	"\013bp\330\335\231\375\366\375\276\375\336\214\246\377"
  65      DD99FDF6 
  65      FDBEFDDE 
  65      8CA6FF
  66 0063 4784EF6E 		.ascii	"G\204\357nEt\212gh\202\312\227\2112!\005\310\202@i\205"
  66      45748A67 
  66      6882CA97 
  66      89322105 
  66      C8824069 
  67 0078 34D6D4BA 		.ascii	"4\326\324\272B\336-\025\302\235\017\2141?7^\264]ik0"
  67      42DE2D15 
  67      C29D0F8C 
  67      313F375E 
  67      B45D696B 
  68 008d B6A97C1B 		.ascii	"\266\251|\033L\243\223K6K\346\246\326\307@\274\236["
  68      4CA3934B 
  68      364BE6A6 
  68      D6C740BC 
  68      9E5B
  69 009f 7CBF6B77 		.ascii	"|\277kwL\031\223u\337\314\230n4\330\363!4\0238\032\301"
  69      4C199375 
  69      DFCC986E 
  69      34D8F321 
  69      3413381A 
  70 00b4 E108B140 		.ascii	"\341\010\261@x\204\016)\336\270U\332V\372\204\007\256"
  70      78840E29 
  70      DEB855DA 
  70      56FA8407 
  70      AE
  71 00c5 DC5BBD63 		.ascii	"\334[\275c\267\337e\260\266\266\372:l\012&Wk6\017\011"
  71      B7DF65B0 
ARM GAS  C:\Users\victo\AppData\Local\Temp\ccdHFS8L.s 			page 5


  71      B6B6FA3A 
  71      6C0A2657 
  71      6B360F09 
  72 00d9 FFF85FDE 		.ascii	"\377\370_\336\037\014\254\347~\177\012\007s\034l?Jh"
  72      1F0CACE7 
  72      7E7F0A07 
  72      731C6C3F 
  72      4A68
  73 00eb F743E109 		.ascii	"\367C\341\011\202\340I\224\331\003\256i6\347\267\256"
  73      82E04994 
  73      D903AE69 
  73      36E7B7AE 
  74 00fb 5F3D8DBD 		.ascii	"_=\215\275\212\177\2544?t\200\344\243\005\011\021\024"
  74      8A7FAC34 
  74      3F7480E4 
  74      A3050911 
  74      14
  75 010c C1F68490 		.ascii	"\301\366\204\220\024\020\325\371\226=\370\306/<\353"
  75      1410D5F9 
  75      963DF8C6 
  75      2F3CEB
  76 011b 652C6C5F 		.ascii	"e,l_+\027G\305xG\311\206\334\237(\274\333\363]5T\300"
  76      2B1747C5 
  76      7847C986 
  76      DC9F28BC 
  76      DBF35D35 
  77 0131 64F32620 		.ascii	"d\363& Q\276\326?,\206<\311K\366j\372\355\374\276I\334"
  77      51BED63F 
  77      2C863CC9 
  77      4BF66AFA 
  77      EDFCBE49 
  78 0146 CEE4B87D 		.ascii	"\316\344\270}\013O\021\301\01489f1\011ZF\366\363xE\371"
  78      0B4F11C1 
  78      0C383966 
  78      31095A46 
  78      F6F37845 
  79 015b 869A3D59 		.ascii	"\206\232=Y\271\374k\254\002_\011\260\310\036\037w\313"
  79      B9FC6BAC 
  79      025F09B0 
  79      C81E1F77 
  79      CB
  80 016c 2F21963A 		.ascii	"/!\226:M\230cz\011\036\"Q\271H\230\312\330R\361\202"
  80      4D98637A 
  80      091E2251 
  80      B94898CA 
  80      D852F182 
  81 0180 0FF16531 		.ascii	"\017\361e1\2643U\373\341C\334\3233\206\270j\353\257"
  81      B43355FB 
  81      E143DCD3 
  81      3386B86A 
  81      EBAF
  82 0192 B3ED9907 		.ascii	"\263\355\231\007[\235l\311S\035\257\026S~Q\310\227\026"
  82      5B9D6CC9 
  82      531DAF16 
  82      537E51C8 
  82      9716
  83 01a4 6EAC1C14 		.ascii	"n\254\034\024\241\245\233\214k\265\366\363\234\373a"
ARM GAS  C:\Users\victo\AppData\Local\Temp\ccdHFS8L.s 			page 6


  83      A1A59B8C 
  83      6BB5F6F3 
  83      9CFB61
  84 01b3 84AAC8B8 		.ascii	"\204\252\310\270_z\245^\316\246\316'\314[\307\033y\244"
  84      5F7AA55E 
  84      CEA6CE27 
  84      CC5BC71B 
  84      79A4
  85 01c5 2BDEEB5C 		.ascii	"+\336\353\\tR\311K\316`\"6<\222\032p\342}\261\341\350"
  85      7452C94B 
  85      CE602236 
  85      3C921A70 
  85      E27DB1E1 
  86 01da C9787FCF 		.ascii	"\311x\177\317\371X\"\232\210\236;{&\321w\274k\200\254"
  86      F958229A 
  86      889E3B7B 
  86      26D177BC 
  86      6B80AC
  87 01ed D1E4D088 		.ascii	"\321\344\320\210c\015\246\372\223C\177\000\215\003\325"
  87      630DA6FA 
  87      93437F00 
  87      8D03D5
  88 01fc AB       		.ascii	"\253"
  89              		.text
  90              		.section	.gnu.lto_VBUS_C_CTRL_P1_Read.79010d58,"",%progbits
  91 0000 789C658F 		.ascii	"x\234e\217\317K\002Q\020\307\347;\273\376\010\011\242"
  91      CF4B0251 
  91      10C7E73B 
  91      BBFE0809 
  91      A2
  92 0011 53F80724 		.ascii	"S\370\007$\205\010A\347\016y\350\322A\262:\204\260\204"
  92      850841E7 
  92      0E79E8D2 
  92      41B23A84 
  92      B084
  93 0023 ED3541EA 		.ascii	"\3555A\352\354\272\251A'\021<\225\247\210\262\037t\016"
  93      ECBAA941 
  93      27113C95 
  93      A788B21F 
  93      740E
  94 0035 3A446729 		.ascii	":Dg)B0\220\330\202\014\214\"\022#\333\250\354=\267["
  94      423090D8 
  94      820C8C22 
  94      1223DBA8 
  94      EC3DB75B 
  95 0049 0FDECC9B 		.ascii	"\017\336\314\2337\037\276\337\031\205\376\037\277\270"
  95      371FBEDF 
  95      1985FE1F 
  95      BFB8
  96 0057 13200A8A 		.ascii	"\023 \012\212\014\205\300\371\013\242\264\227\001\371"
  96      0C85C0F9 
  96      0BA2B497 
  96      01F9
  97 0065 20508A91 		.ascii	" P\212\221\302#\267\030\225\223\237*\002;\206a\276\232"
  97      C223B718 
  97      95939F2A 
  97      023B8661 
ARM GAS  C:\Users\victo\AppData\Local\Temp\ccdHFS8L.s 			page 7


  97      BE9A
  98 0077 D51B5F76 		.ascii	"\325\033_v\310f\2426\023\202~\214H\035\354\"@\002le"
  98      C866A236 
  98      13827E8C 
  98      481DEC22 
  98      40026C65 
  99 008b BEAF7DEE 		.ascii	"\276\257}\356\214a\030\003\262/\032{p\013\017:\036<"
  99      8C611803 
  99      B22F1A7B 
  99      700B0F3A 
  99      1E3C
 100 009d 33BADD76 		.ascii	"3\272\335v\245\320\034f7\223\315\302Q\004U\006\027I"
 100      A5D01C66 
 100      3793CDC2 
 100      51045506 
 100      1749
 101 00af 396A8820 		.ascii	"9j\210 \235\037\230eV\3528\177\337\250\225\027\244D"
 101      9D1F9865 
 101      56EA387F 
 101      DFA89517 
 101      A444
 102 00c1 87E518D9 		.ascii	"\207\345\030\331\347\373\227\376&\333\314\0313o\250"
 102      E7FB97FE 
 102      26DBCC19 
 102      336FA8
 103 00d0 D2F0B671 		.ascii	"\322\360\266qy\345\355}\221,\213\265O\213K\330Lg`\263"
 103      79E5ED7D 
 103      912C8BB5 
 103      4F8B4BD8 
 103      4C6760B3 
 104 00e4 8232FCD8 		.ascii	"\2022\374\330\207\030\020\007(\201\352X\373\310}\251"
 104      87181007 
 104      2881EA58 
 104      FBC87DA9 
 105 00f4 8EA0E268 		.ascii	"\216\240\342h\026O\267\012}R\000\006\010\207\002\026"
 105      164FB70A 
 105      7D520006 
 105      08870216 
 106 0104 94957BF3 		.ascii	"\224\225{\3638\224*@Au\266\357\236 )\325C8\352A\246"
 106      38942A40 
 106      4175B6EF 
 106      9E2029D5 
 106      4338EA41 
 107 0119 B51E7418 		.ascii	"\265\036t\030\227\300\310\002\376\252\336*\220+\210"
 107      97C0C802 
 107      FEAADE2A 
 107      902B88
 108 0128 994643B1 		.ascii	"\231FC\261)}YO.\256\350KZ4\261\232\214\353\261H4\021"
 108      297D594F 
 108      2EAEE84B 
 108      5A34B19A 
 108      8CEBB148 
 109 013e 1E8FCD4F 		.ascii	"\036\217\315O\316E\265\260\026\236\235\231\326\"c\241"
 109      CE45B5B0 
 109      169E9D99 
 109      D62263A1 
 110 014e 38FD02BB 		.ascii	"8\375\002\273\322~4"
ARM GAS  C:\Users\victo\AppData\Local\Temp\ccdHFS8L.s 			page 8


 110      D27E34
 111              		.text
 112              		.section	.gnu.lto_VBUS_C_CTRL_P1_ReadDataReg.79010d58,"",%progbits
 113 0000 789C658F 		.ascii	"x\234e\217\277KBQ\024\307\317\367\274\347\217\220 \232"
 113      BF4B4251 
 113      14C7CFF7 
 113      BCE78F90 
 113      209A
 114 0012 C27F400A 		.ascii	"\302\177@\012\021\242\346\206\034Z\032$\253!\204G\230"
 114      11A2E686 
 114      1C5A1A24 
 114      AB218447 
 114      98
 115 0023 6B82D4EC 		.ascii	"k\202\324\354\325\314\240!D\010\202r\252\260\037FCS"
 115      D5CCA021 
 115      44088272 
 115      AAB01F46 
 115      4353
 116 0035 D010424B 		.ascii	"\320\020BKE\021\015\221\2045X\030-\211\241=\250\354"
 116      45110D91 
 116      84355818 
 116      2D89A13D 
 116      A8EC
 117 0047 5E5F5B17 		.ascii	"^_[\027\3569\367\334\363\341\373=G\243\377\307-\357"
 117      EE39F7DC 
 117      F3E1FB3D 
 117      47A3FFC7 
 117      2DEF
 118 0059 1088BC32 		.ascii	"\020\210\2742C#p\346\212(\341d@=\010\024g\304\361\312"
 118      432370E6 
 118      8A28E164 
 118      403D0814 
 118      67C4F1CA 
 119 006d 35C6E5F1 		.ascii	"5\306\345\361\317-<\333B$\337\213\367\017\256\305\036"
 119      CF2D3CDB 
 119      4224DF8B 
 119      F70FAEC5 
 119      1E
 120 007e 9389EA4C 		.ascii	"\223\211\352L\360\272\321\253t\220\207\207$XK}\337\271"
 120      F0BAD1AB 
 120      74908787 
 120      24584B7D 
 120      DFB9
 121 0090 EC292144 		.ascii	"\354)!D\227\352\313\306\016\354\322\203\016\273OE\253"
 121      97EACBC6 
 121      0EECD283 
 121      0EBB4F45 
 121      AB
 122 00a1 557FC956 		.ascii	"U\177\311V\007\330\316d\262t\224AW\301FJ\216*2(\347"
 122      07D8CE64 
 122      B2749441 
 122      57C1464A 
 122      8E2A3228 
 123 00b6 676695B5 		.ascii	"gf\225\265\022\212\215\345FaJI4Y\215\261\265\262v\321"
 123      128A8DE5 
 123      46614A49 
 123      34598DB1 
ARM GAS  C:\Users\victo\AppData\Local\Temp\ccdHFS8L.s 			page 9


 123      B5B276D1 
 124 00ca 51659359 		.ascii	"Qe\223Y$3BW\206\217\225\353\033g\373\213Ty\226??\352"
 124      24334257 
 124      868F95EB 
 124      1B67FB8B 
 124      5479963F 
 125 00e0 CC613D91 		.ascii	"\314a=\221\202\311\032v\341\306\036\344\200\330G\016"
 125      82C91A76 
 125      E1C61EE4 
 125      80D8470E 
 126 00f0 54C2C267 		.ascii	"T\302\302g\372K\267\0045Ks\365d#\333\326\204\000\241"
 126      FA4BB704 
 126      354B73F5 
 126      6423DBD6 
 126      8400A1
 127 0103 20614995 		.ascii	" aI\225\323\037\016\213\322%(\251\346\346\323\033\024"
 127      D31F0E8B 
 127      D22528A9 
 127      E6E6D31B 
 127      14
 128 0114 A53B0807 		.ascii	"\245;\010\007m(Y^\362Z\214MbT\006\376\252\366*P+\310"
 128      6D28595E 
 128      F25A8C4D 
 128      625406FE 
 128      AAF62A50 
 129 012a 99FA7CA1 		.ascii	"\231\372|\241\221\310l$6=\027\2311\202\321\371X8\022"
 129      91C86C24 
 129      363D1799 
 129      3182D1F9 
 129      583812
 130 013d 0A04A3FE 		.ascii	"\012\004\243\376\301\320\344\360D\320\360\033\376\361"
 130      C1D0E4F0 
 130      44D0F01B 
 130      FEF1
 131 014b B15123D0 		.ascii	"\261Q#\320\357\013\323/\221\"}\300"
 131      EF0BD32F 
 131      91227DC0 
 132              		.text
 133              		.section	.gnu.lto_VBUS_C_CTRL_P1_SetInterruptMode.79010d58,"",%progbits
 134 0000 789C6D91 		.ascii	"x\234m\221Oh\023Q\020\306\337\274\267\273\3314\021\212"
 134      4F681351 
 134      10C6DFBC 
 134      B7BBD934 
 134      118A
 135 0012 A7121085 		.ascii	"\247\022\020\205\022\012\212\005A\274x\221\346\340E"
 135      120A8A05 
 135      41BC7891 
 135      E6E045
 136 0021 2418F514 		.ascii	"$\030\365\024\010\322\256\222\203Y\211\361\344\241\273"
 136      08D2AE92 
 136      835989F1 
 136      E4A1BB
 137 0030 31A6201E 		.ascii	"1\246 \036B-Z,E\212J[\243mjU4\247\020\013\006\374\017"
 137      422D5A2C 
 137      458A4A5B 
 137      A36D6A55 
 137      34A7100B 
ARM GAS  C:\Users\victo\AppData\Local\Temp\ccdHFS8L.s 			page 10


 138 0047 C542C558 		.ascii	"\305B\305X\333\244Z\250`\232h\032A\343\314n=\024]\330"
 138      DBA45AA8 
 138      609A681A 
 138      41E3CC6E 
 138      3D145DD8 
 139 005b F7DEFC98 		.ascii	"\367\336\374\230\371\3367\363\004\373\367\363\340\177"
 139      F9DE37F3 
 139      04FBF7F3 
 139      E07F
 140 0069 8B33D685 		.ascii	"\2133\326\205;\010\006<\365\2121S\345\000t`\300z9\364"
 140      3B08063C 
 140      F58A3153 
 140      E5007460 
 140      C07A39F4 
 141 007d C20AAF70 		.ascii	"\302\012\257pH\345\322\203\256\216\333\206a|[\253\266"
 141      48E5D283 
 141      AE8EDB86 
 141      617C5BAB 
 141      B6
 142 008e 5D6C6B60 		.ascii	"]lk`Y\225\33320\012\035\230R~<r^\354\006\206\307\347"
 142      5995DB32 
 142      300A1D98 
 142      527E3C72 
 142      5EEC0686 
 143 00a4 8BEB55F7 		.ascii	"\213\353U\367\027\336\340\320J\341\365\271rMP\3109\205"
 143      17DEE0D0 
 143      4AE1F5B9 
 143      724D50C8 
 143      3985
 144 00b6 E999818C 		.ascii	"\351\231\201\214\303{\3230\342\271\017\031\343\000r"
 144      C37BD330 
 144      E2B90F19 
 144      E30072
 145 00c5 01632050 		.ascii	"\001c P\016\306\301\003w\300\303\0201H\203\027\263?"
 145      0EC6C103 
 145      77C0C310 
 145      31488317 
 145      B33F
 146 00d7 375646B7 		.ascii	"7VF\267\210}\226\356\242y\343\273\313\256\374\375\267"
 146      887D96EE 
 146      A279E3BB 
 146      CBAEFCFD 
 146      B7
 147 00e8 F2EE7F2A 		.ascii	"\362\356\177*\357\201\227\322\337<\035X\222\305~\253"
 147      EF8197D2 
 147      DF3C1D58 
 147      92C57EAB 
 148 00f8 F4C944ED 		.ascii	"\364\311D\355\245\313\262\264\203\302l\177aP\261,I\024"
 148      A5CBB2B4 
 148      83C26C7F 
 148      6150B12C 
 148      4914
 149 010a 7EBD9A1F 		.ascii	"~\275\232\037\342\355#(\2740\336\367\314m\024\214\304"
 149      E2ED2328 
 149      BC30DEF7 
 149      CC6D148C 
 149      C4
ARM GAS  C:\Users\victo\AppData\Local\Temp\ccdHFS8L.s 			page 11


 150 011b 42B3B9BD 		.ascii	"B\263\271\275\301%\230\260\365'Q?\003\236\215\311aI"
 150      C12598B0 
 150      F527513F 
 150      039E8DC9 
 150      6149
 151 012d 25F16BCE 		.ascii	"%\361k\316\245$p\"\2550\005\355\3664\340>(\200\033\221"
 151      A5247022 
 151      AD3005ED 
 151      F634E03E 
 151      28801B91 
 152 0141 C9AD39A3 		.ascii	"\311\2559\243\331\234\236\2752\266K\2709\032\223\005"
 152      D99C9EBD 
 152      32B64BB8 
 152      391A9305 
 153 0151 504F121D 		.ascii	"PO\022\035eZ\024Fy\016 \277*\002\305I\264\205\026\306"
 153      655A1446 
 153      790E20BF 
 153      2A02C549 
 153      B48516C6 
 154 0165 4AA847CF 		.ascii	"J\250G\317P\306\241\341.\346!\377\343R1\353\247+\352"
 154      50C6A1E1 
 154      2EE621FF 
 154      E35231EB 
 154      A72BEA
 155 0178 9CDE64AA 		.ascii	"\234\336d\252\274\374\302\032\253\343r<eX}|,\275~\253"
 155      BCFCC21A 
 155      ABE3723C 
 155      65587D7C 
 155      2CBD7EAB 
 156 018c 5AC8F258 		.ascii	"Z\310\362XX\272Vq\017\303\220\231\200\006Wa\032{x@="
 156      58BA5671 
 156      0FC39099 
 156      80065761 
 156      1A7B7840 
 157 01a1 C0431806 		.ascii	"\300C\030\0066\017\361b\337\254b\013Ju\034\034\222\237"
 157      360FF162 
 157      DFAC620B 
 157      4A751C1C 
 157      929F
 158 01b3 C919D926 		.ascii	"\311\031\331&2B$\027\326\223\253`\023\272\0279{\007"
 158      32422417 
 158      D693AB60 
 158      13BA1739 
 158      7B07
 159 01c5 DC6A14CD 		.ascii	"\334j\024\315#\264s\226\263k\033Y**\325\321\000\311"
 159      23B47396 
 159      B36B1B59 
 159      2A2AD5D1 
 159      00C9
 160 01d7 3B6CE444 		.ascii	";l\344DJi\265\344\252d\223\026K\315\2110\337\377i\033"
 160      4A69B5E4 
 160      AA649316 
 160      4BCD8930 
 160      DFFF691B 
 161 01eb B14D76CD 		.ascii	"\261Mv\315\234\274\331\360#4\214U\254\010f\356\375a"
 161      9CBCD9F0 
 161      23348C55 
ARM GAS  C:\Users\victo\AppData\Local\Temp\ccdHFS8L.s 			page 12


 161      AC0866EE 
 161      FD61
 162 01fd CAA76728 		.ascii	"\312\247g(q\240\331\340\244vv\006\017j\021-z\"\246\365"
 162      71A0D9E0 
 162      A4767606 
 162      0F6A112D 
 162      7A22A6F5 
 163 0211 8402FAB9 		.ascii	"\204\002\372\271h\267\026\364\007t\337\336\340\361\256"
 163      68B716F4 
 163      0774DFDE 
 163      E0F1AE
 164 0220 6381902F 		.ascii	"c\201\220/\344;z\344P\310\277\247\263\233\251g\364\263"
 164      E43B7AE4 
 164      50C8BFA7 
 164      B39BA967 
 164      F4B3
 165 0232 E158588F 		.ascii	"\341XX\217H\247\365\036\315\021\216\304\242\276\223"
 165      48A7F51E 
 165      CD118EC4 
 165      A2BE93
 166 0241 A7FE00AE 		.ascii	"\247\376\000\256\335\000\275"
 166      DD00BD
 167              		.text
 168              		.section	.gnu.lto_VBUS_C_CTRL_P1_ClearInterrupt.79010d58,"",%progbits
 169 0000 789C6590 		.ascii	"x\234e\220OHTQ\024\306\317w\336\374\263i!\255b6-\\\210"
 169      4F485451 
 169      14C6CF77 
 169      DEFCB369 
 169      21AD6236 
 170 0017 9142D026 		.ascii	"\221B\320&\227\315\302M\013i\262\325\3000\350[\211\011"
 170      97CDC24D 
 170      0B69B2D5 
 170      C030E85B 
 170      8909
 171 0029 E3B8CD3B 		.ascii	"\343\270\315;\323\350\240m\006#\210\312E\210h\226\177"
 171      D3E8A06D 
 171      062388CA 
 171      45886896 
 171      7F
 172 003a B6428A0C 		.ascii	"\266B\212\014\342*\212A\372\203\3114\220\222\022\210"
 172      E22A8A41 
 172      FA83C934 
 172      90921288 
 173 004a 22CCF4A8 		.ascii	"\"\314\364\250|\235\363^\213\244\013\357\335\373\276"
 173      7C9DF35E 
 173      8BA40BEF 
 173      DDFBBE
 174 0059 77BEEFFC 		.ascii	"w\276\357\374\356\261\350\377\025\223g\007D\327e\207"
 174      EEB1E8FF 
 174      15936707 
 174      44D76587 
 175 0069 45E0D25B 		.ascii	"E\340\322[\242\\\204\001=\020h\2041\202\003>f\274Y9"
 175      A25C8401 
 175      3D106884 
 175      3182033E 
 175      66BC5939 
 176 007d DD42EB8C 		.ascii	"\335B\353\2141\371\243\362\317\235\350\350E\207\211"
ARM GAS  C:\Users\victo\AppData\Local\Temp\ccdHFS8L.s 			page 13


 176      31F9A3F2 
 176      CF9DE8E8 
 176      458789
 177 008c 4E987025 		.ascii	"N\230p%\2066\315\301,ZI\012\037}\035?\204\325\016=\327"
 177      8636CDC1 
 177      2C5A490A 
 177      1F7D1D3F 
 177      84D50E3D 
 178 00a1 DD07F391 		.ascii	"\335\007\363\221\226\347b\252U\213\233Q\363\330\024"
 178      96E762AA 
 178      558B9B51 
 178      F3D814
 179 00b0 6AAE7B49 		.ascii	"j\256{I\254\230\203\365\257[\227\030\216\013\277?FC"
 179      AC9883F5 
 179      AF5B9718 
 179      8E0BBF3F 
 179      4643
 180 00c2 05634C33 		.ascii	"\005cL3^\240E\033H\362<B\002\011U\226.\254\033\327="
 180      5EA0451B 
 180      48F23C42 
 180      02095596 
 180      2EAC1BD7 
 181 00d7 397C38D7 		.ascii	"9|8\327iE\230\034\026l\2079@\3723\250\337aR2\332\225"
 181      6945981C 
 181      166C8739 
 181      40FA33A8 
 181      DF615232 
 182 00ed 975E628F 		.ascii	"\227^b\217Ywk\033\345\372D}\365\236\2065Xo\364\276\362"
 182      59776B1B 
 182      E5FA447D 
 182      F59E8635 
 182      586FF4BE 
 183 0102 AD12DA67 		.ascii	"\255\022\332g\207\255R\276d\002\332\376\313\356\273"
 183      87AD52BE 
 183      6402DAFE 
 183      CBEEBB
 184 0111 4AC4933C 		.ascii	"J\304\223<\232\317O\032{\301)<\315\025\340p\000/\021"
 184      9ACF4F1A 
 184      7BC1293C 
 184      CD15E070 
 184      002F11
 185 0124 C32B082D 		.ascii	"\303+\010-\0260\005\332F\376S\361\027\373\201\226d\212"
 185      163005DA 
 185      46FE53F1 
 185      17FB8196 
 185      648A
 186 0136 72FFC7D8 		.ascii	"r\377\307\330\006|% \242\216\343\365\263\311&\215d\003"
 186      067C2520 
 186      A28EE3F5 
 186      B3C9268D 
 186      6403
 187 0148 C2A2D83F 		.ascii	"\302\242\330?\300\363(\260TiL\265x\272\232\361]A_*O"
 187      C0F328B0 
 187      54694CB5 
 187      78BA9AF1 
 187      5D415F2A 
 188 015d 7A296718 		.ascii	"z)g\030r\353|\226bI(\304\241m\253c\233k\347\374\204"
ARM GAS  C:\Users\victo\AppData\Local\Temp\ccdHFS8L.s 			page 14


 188      72EB7C96 
 188      624928C4 
 188      A16DAB63 
 188      9B6BE7FC 
 189 0172 B02488AF 		.ascii	"\260$\210\2571]\373\016\355\033\014\023\226\245\276"
 189      315DFB0E 
 189      ED1B0C13 
 189      96A5BE
 190 0181 8ABF6061 		.ascii	"\212\277`ao:\320\251\310\214.w$\273\354\273v&\235\265"
 190      6F3AD0A9 
 190      C88C2E77 
 190      24BBECBB 
 190      76269DB5 
 191 0195 FB5289C1 		.ascii	"\373R\211\301\341L\257\235\354N\014\306\257%\357\334"
 191      E14CAF9D 
 191      EC4E0CC6 
 191      AF25EFDC 
 192 01a5 E849A4E2 		.ascii	"\350I\244\342\251\370\355[7S\335W;z\351\374@z\250\337"
 192      A9F8ED5B 
 192      3753DD57 
 192      3B7AE9FC 
 192      407AA8DF 
 193 01b9 EE4B64D3 		.ascii	"\356Kd\323\331\341\241?\2661\270\331"
 193      D9E1A13F 
 193      B631B8D9 
 194              		.text
 195              		.section	.gnu.lto_.symbol_nodes.79010d58,"",%progbits
 196 0000 789C55C7 		.ascii	"x\234U\307;\015\000 \020D\301w\037\022tbd-\240\200\240"
 196      3B0D0020 
 196      1044C177 
 196      1F127462 
 196      642DA080 
 197 0015 084D3414 		.ascii	"\010M4\024\334t\023\300\340q\004\363\200\304\332\035"
 197      DC7413C0 
 197      E07104F3 
 197      80C4DA1D 
 198 0025 3759B9CB 		.ascii	"7Y\271\313\313CQ\236\312\362\246\366\237\013\351b\031"
 198      CB43519E 
 198      CAF2A6F6 
 198      9F0BE962 
 198      19
 199 0036 56       		.ascii	"V"
 200              		.text
 201              		.section	.gnu.lto_.refs.79010d58,"",%progbits
 202 0000 789C6366 		.ascii	"x\234cf```d\200\002\000\000=\000\005"
 202      60606064 
 202      80020000 
 202      3D0005
 203              		.text
 204              		.section	.gnu.lto_.decls.79010d58,"",%progbits
 205 0000 789C8D54 		.ascii	"x\234\215T\177L[U\024\276\347\275\327v}4\260D\303Lu"
 205      7F4C5B55 
 205      14BEE7BD 
 205      D7767D34 
 205      B044C34C 
 206 0015 59890951 		.ascii	"Y\211\011QCH\030\306\370\237\211]25ni\300\351\037#i"
 206      434818C6 
ARM GAS  C:\Users\victo\AppData\Local\Temp\ccdHFS8L.s 			page 15


 206      F89F895D 
 206      32356E69 
 206      C0E91F23 
 207 002a 1A789924 		.ascii	"\032x\231$\006\226ZL\346_\027\032\205\231\271U\306\002"
 207      06965A4C 
 207      E65F171A 
 207      8599B955 
 207      C602
 208 003c 633F2019 		.ascii	"c? \031N6`NZa\035\254+e\254l\200\202:\347\320\004\346"
 208      4E36604E 
 208      5A611DAC 
 208      2B65AC6C 
 208      80823AE7 
 209 0053 866CD954 		.ascii	"\206l\331TD\022\267L}\236{\337k\373\200\267\270\233"
 209      4412B74C 
 209      7D9E7BDF 
 209      6BFB80B7 
 209      B89B
 210 0065 9CF6DDD3 		.ascii	"\234\366\335\323\373}\347;\347\273\257\"!\244\023\010"
 210      FB7DE73B 
 210      E7BBAF22 
 210      21A41308 
 211 0075 51D99208 		.ascii	"Q\331\222\010\311\301g\033\346<$\263\254\030\275\030"
 211      C9C1671B 
 211      E63C24B3 
 211      AC18BD18 
 212 0085 118C7E8C 		.ascii	"\021\214~\214(\3060\306\010Y\275z\365\363\014\337\203"
 212      28C630C6 
 212      0859BD7A 
 212      F5F30CDF 
 212      83
 213 0096 91873185 		.ascii	"\221\2071\2051\211\361\232~\006\364s+W\304\004\233k"
 213      3189F19A 
 213      7E06F473 
 213      2B57C404 
 213      9B6B
 214 00a8 C0A7B011 		.ascii	"\300\247\260\021\023,\323e\371\237\232\375&\270\350"
 214      132CD365 
 214      F99F9AFD 
 214      26B8E8
 215 00b7 23E0A226 		.ascii	"#\340\242&8\326\277]\327\232\215\341\300\210aL\350<"
 215      38D6BF5D 
 215      D79A8DE1 
 215      C088614C 
 215      E83C
 216 00c9 2E13DDC3 		.ascii	".\023\335\303&<#z\317f\375\0325\230\315\372\017\001"
 216      263C237A 
 216      CF66FD1A 
 216      3598CDFA 
 216      0F01
 217 00db C67EBEF7 		.ascii	"\306~\276\367\247\343\226\000\331\362Z\266m\275:\267"
 217      A7E39600 
 217      D9F25AB6 
 217      6DBD3AB7 
 218 00eb 24E2D621 		.ascii	"$\342\326!\013l\373\375\371\372\3725\242\000\354\371"
 218      0B6CFBFD 
 218      F9FAFA35 
ARM GAS  C:\Users\victo\AppData\Local\Temp\ccdHFS8L.s 			page 16


 218      A200ECF9 
 219 00fb 58CBF5EF 		.ascii	"X\313\365\357\344\202\223\224\322\006\032\217C\206\242"
 219      E4829394 
 219      D2061A8F 
 219      4386A2
 220 010a F6F8C01E 		.ascii	"\366\370\300\036\033bre\276\335;\326:$\362\255\312p"
 220      1B627265 
 220      BEDD3BD6 
 220      3A24F2AD 
 220      CA70
 221 011c C2B56B4D 		.ascii	"\302\265kM\367E\220\363\033(\255\243\013\215T|\202@"
 221      F74590F3 
 221      1B28ADA3 
 221      0B8D547C 
 221      8240
 222 012e 81139E75 		.ascii	"\201\023\236u\0228\005\371x\014NB\001\201.pB78I\007"
 222      123805F9 
 222      780C4E42 
 222      01812E70 
 222      42373849 
 223 0143 1658685B 		.ascii	"\026Xh[\230~\212R\011z@\206\023 \362\023\330\006\253"
 223      987E8A52 
 223      097A4086 
 223      1320F213 
 223      D806AB
 224 0156 A0170D7D 		.ascii	"\240\027\015}0\024\222$\001\223\354\314v\211\345\306"
 224      30149224 
 224      0193ECCC 
 224      7689E5C6 
 225 0166 9B0F27B2 		.ascii	"\233\017'\262\326\035\240l\005\351Z\001<\271\360\031"
 225      D61DA06C 
 225      05E95A01 
 225      3CB9F019 
 226 0176 D276222D 		.ascii	"\322v\"-\201\323\260\016??\007I#\250[\334\275\337!\026"
 226      81D3B00E 
 226      3F3F0749 
 226      23A85BDC 
 226      BDDF2116 
 227 018a F3D66E7F 		.ascii	"\363\326n\177<\037\005\327Q\332~z\241-\370\213\347\223"
 227      3C1F05D7 
 227      51DA7E7A 
 227      A12DF88B 
 227      E793
 228 019c 206DA2B3 		.ascii	" m\242\263\252\272\201\203\340\213\264\000\302\236\265"
 228      AABA8183 
 228      E08BB400 
 228      C29EB5
 229 01ab 89F6828B 		.ascii	"\211\366\202\213\265\336=\020\263\211\357s\222\256\303"
 229      B5DE3D10 
 229      B389EF73 
 229      92AEC3
 230 01ba 89B08D93 		.ascii	"\211\260\215\223\314\316\014+\361:\372\267\252\212\032"
 230      CCCE0C2B 
 230      F13AFAB7 
 230      AA8A1A
 231 01c9 43D8C010 		.ascii	"C\330\300\020N1D8\303D\327\245\017\301\250\231\265\223"
 231      4E314438 
ARM GAS  C:\Users\victo\AppData\Local\Temp\ccdHFS8L.s 			page 17


 231      C344D7A5 
 231      0FC1A899 
 231      B593
 232 01db 11FD2517 		.ascii	"\021\375%\027\275]\327<^\277wZ\022\367\001\257w\360"
 232      BD5DD73C 
 232      5EBF775A 
 232      12F701AF 
 232      77F0
 233 01ed F6CC8C43 		.ascii	"\366\314\214C\253\3272\227\251\207\010\3503\324\353"
 233      ABD73297 
 233      A98708E8 
 233      33D4EB
 234 01fc 4BD5EBE7 		.ascii	"K\325\353\347\365\316\335\330?j\023\217i\024\373\006"
 234      F5CEDDD8 
 234      3F6A138F 
 234      6914FB06 
 235 020c 8FD46671 		.ascii	"\217\324fq\212\366\361O\255\2354\256\252/q\2023\006"
 235      8AF6F14F 
 235      AD9D34AE 
 235      AA2F7182 
 235      3306
 236 021e 82332982 		.ascii	"\2023)\202('8\262\370\333\240]\214i\004)\353]\232\365"
 236      282738B2 
 236      F8DBA05D 
 236      8C690429 
 236      EB5D9AF5 
 237 0232 CD77EE45 		.ascii	"\315w\356E\326\360-\223\202\336\037\237\374\2535\033"
 237      D6F02D93 
 237      82DE1F9F 
 237      FCAB351B 
 238 0242 F265CDD4 		.ascii	"\362e\315\324E\315\324\030vx6c\252K7\225\337\017\234"
 238      45CDD418 
 238      76783663 
 238      AA4B3795 
 238      DF0F9C
 239 0255 81E51992 		.ascii	"\201\345\031\222\036\000\234\303\033\342\322o\310\000"
 239      1E009CC3 
 239      1BE2D26F 
 239      C800
 240 0263 26073189 		.ascii	"&\0071\211\205\332\222w\257\344p\367ci\367\247\277\375"
 240      85DA9277 
 240      AFE470F7 
 240      6369F7A7 
 240      BFFD
 241 0275 F1843D9D 		.ascii	"\361\204=\235;\017<yT\215E\245\207^\211!>\335x\352J"
 241      3B0F3C79 
 241      548D45A5 
 241      875E8921 
 241      3EDD78EA 
 242 028a 74D7DF4D 		.ascii	"t\327\337MJ\342\210\326\332\225\177z\232\005\375N\334"
 242      4AE288D6 
 242      DA957F7A 
 242      9A05FD4E 
 242      DC
 243 029b 982F3A48 		.ascii	"\230/:H\333k\351\277*^i\206\202\204a@\211\324\200\206"
 243      DB6BE9BF 
 243      2A5E6986 
ARM GAS  C:\Users\victo\AppData\Local\Temp\ccdHFS8L.s 			page 18


 243      82846140 
 243      89D48086 
 244 02af B53B712B 		.ascii	"\265;q+\224t\210s\032K\342\233\233\277\347h&\3754\277"
 244      94748873 
 244      1A4BE29B 
 244      9BBFE768 
 244      26FD34BF 
 245 02c3 DCA40B06 		.ascii	"\334\244\013\006\212\013)\212\021N\021=\2654\221\305"
 245      8A0B298A 
 245      114E113D 
 245      B53491C5 
 246 02d3 5F4A1723 		.ascii	"_J\027#9\3338\332b\345/%\357\251\241\261\357\216E\014"
 246      39DB38DA 
 246      62E52F25 
 246      EFA9A1B1 
 246      EF8E450C 
 247 02e7 0ACB1CC8 		.ascii	"\012\313\034\310\323\034\2309t\277\303\316\267\354\357"
 247      D31C9839 
 247      74BFC3CE 
 247      B7ECEF
 248 02f6 3887A5AE 		.ascii	"8\207\245\256\377pu\320&\356\346\307\205_\233\352\324"
 248      FF7075D0 
 248      26EEE6C7 
 248      855F9BEA 
 248      D4
 249 0307 ACB4214B 		.ascii	"\254\264!K\232!\0238\257\261\214!yFCBAj\177\205\300"
 249      9A211338 
 249      AFB18C21 
 249      79464342 
 249      416A7F85 
 250 031c 459C5992 		.ascii	"E\234Y\222\0312\216\206\344\351\206\\\302\344e\315\220"
 250      19328E86 
 250      E4E9865C 
 250      C2E465CD 
 250      90
 251 032d E881A9A4 		.ascii	"\350\201\251\244,7\260!?\032B\210\207C\017\034\272\222"
 251      2C37B021 
 251      3F1A4288 
 251      87430F1C 
 251      BA92
 252 033f D93DE10E 		.ascii	"\331=\341\016\201)\231D%\243\031%_AF\312j\342\257\315"
 252      81299944 
 252      25A31925 
 252      5F4146CA 
 252      6AE2AFCD 
 253 0353 A5CCDD6C 		.ascii	"\245\314\335l{`u|\224\026\317IS \002S\340\340\223f\337"
 253      7B60757C 
 253      9416CF49 
 253      53200253 
 253      E0E09366 
 254 0368 969ACAAA 		.ascii	"\226\232\312\252\300\213\326\315[\267\271\334\344\351"
 254      C08BD6CD 
 254      5BB7B9DC 
 254      E4E9
 255 0376 C2B2CD4A 		.ascii	"\302\262\315J\225\342\367\005\224\012oiu\215\277\\)"
 255      95E2F705 
 255      940A6F69 
ARM GAS  C:\Users\victo\AppData\Local\Temp\ccdHFS8L.s 			page 19


 255      758DBF5C 
 255      29
 256 0387 F39456BB 		.ascii	"\363\224V\273\237/+\337\025\330\265Sy\267\360m\362\344"
 256      9F2F2BDF 
 256      15D8B553 
 256      79B7F06D 
 256      F2E4
 257 0399 9B2F6F2B 		.ascii	"\233/o+\365\272\275\3567J^\367z\212\274\245J`\223\277"
 257      F5BABDEE 
 257      374A5EF7 
 257      7A8ABCA5 
 257      4A6093BF 
 258 03ad F23D654B 		.ascii	"\362=eKu\205\362\334C\361\313A\205\345\344\361\0254"
 258      7585F2DC 
 258      43F1CB41 
 258      85E5E4F1 
 258      1534
 259 03bf 6FF92B03 		.ascii	"o\371+\003\312c+\222%\212\257\302i\222\333\344\013\370"
 259      CA632B92 
 259      258AAFC2 
 259      6992DBE4 
 259      0BF8
 260 03d1 4A941D56 		.ascii	"J\224\035V\246\275\350\205\015\253\025\275Z\025P\374"
 260      A6BDE885 
 260      0DAB15BD 
 260      5A1550FC 
 261 03e1 FE9A9D01 		.ascii	"\376\232\235\001\246j\375\212\337\335\357(>\177\372"
 261      A66AFD8A 
 261      DFDDEF28 
 261      3E7FFA
 262 03f0 84C5AFEC 		.ascii	"\204\305\257\354(\336\310\251\2127\376\007\350\361\003"
 262      28DEC8A9 
 262      8A37FE07 
 262      E8F103
 263 03ff E8       		.ascii	"\350"
 264              		.text
 265              		.section	.gnu.lto_.symtab.79010d58,"",%progbits
 266 0000 56425553 		.ascii	"VBUS_C_CTRL_P1_SetDriveMode\000\000\000\000\000\000"
 266      5F435F43 
 266      54524C5F 
 266      50315F53 
 266      65744472 
 267 0021 00000000 		.ascii	"\000\000\000\000\000\000\262\000\000\000VBUS_C_CTRL"
 267      0000B200 
 267      00005642 
 267      55535F43 
 267      5F435452 
 268 0036 5F50315F 		.ascii	"_P1_Write\000\000\000\000\000\000\000\000\000\000\000"
 268      57726974 
 268      65000000 
 268      00000000 
 268      00000000 
 269 004a 00B40000 		.ascii	"\000\264\000\000\000VBUS_C_CTRL_P1_Read\000\000\000"
 269      00564255 
 269      535F435F 
 269      4354524C 
 269      5F50315F 
ARM GAS  C:\Users\victo\AppData\Local\Temp\ccdHFS8L.s 			page 20


 270 0065 00000000 		.ascii	"\000\000\000\000\000\000\000\000\000\267\000\000\000"
 270      00000000 
 270      00B70000 
 270      00
 271 0072 56425553 		.ascii	"VBUS_C_CTRL_P1_ReadDataReg\000\000\000\000\000\000\000"
 271      5F435F43 
 271      54524C5F 
 271      50315F52 
 271      65616444 
 272 0093 00000000 		.ascii	"\000\000\000\000\000\271\000\000\000VBUS_C_CTRL_P1_"
 272      00B90000 
 272      00564255 
 272      535F435F 
 272      4354524C 
 273 00ab 53657449 		.ascii	"SetInterruptMode\000\000\000\000\000\000\000\000\000"
 273      6E746572 
 273      72757074 
 273      4D6F6465 
 273      00000000 
 274 00c4 000000C3 		.ascii	"\000\000\000\303\000\000\000VBUS_C_CTRL_P1_ClearInt"
 274      00000056 
 274      4255535F 
 274      435F4354 
 274      524C5F50 
 275 00e2 65727275 		.ascii	"errupt\000\000\000\000\000\000\000\000\000\000\000\000"
 275      70740000 
 275      00000000 
 275      00000000 
 275      0000
 276 00f4 C5000000 		.ascii	"\305\000\000\000"
 277              		.text
 278              		.section	.gnu.lto_.opts,"",%progbits
 279 0000 272D666E 		.ascii	"'-fno-trapv' '-mcpu=cortex-m0' '-mthumb' '-g' '-Os'"
 279      6F2D7472 
 279      61707627 
 279      20272D6D 
 279      6370753D 
 280 0033 20272D57 		.ascii	" '-Werror' '-ffunction-sections' '-finline-function"
 280      6572726F 
 280      72272027 
 280      2D666675 
 280      6E637469 
 281 0066 73272027 		.ascii	"s' '-flto' '-ffat-lto-objects' '-fno-strict-aliasin"
 281      2D666C74 
 281      6F272027 
 281      2D666661 
 281      742D6C74 
 282 0099 672700   		.ascii	"g'\000"
 283              		.text
 284              		.cfi_sections	.debug_frame
 285              		.section	.text.VBUS_C_CTRL_P1_SetDriveMode,"ax",%progbits
 286              		.align	1
 287              		.global	VBUS_C_CTRL_P1_SetDriveMode
 288              		.code	16
 289              		.thumb_func
 290              		.type	VBUS_C_CTRL_P1_SetDriveMode, %function
 291              	VBUS_C_CTRL_P1_SetDriveMode:
ARM GAS  C:\Users\victo\AppData\Local\Temp\ccdHFS8L.s 			page 21


 292              	.LFB0:
 293              		.file 1 ".\\Generated_Source\\PSoC4\\VBUS_C_CTRL_P1.c"
   1:.\Generated_Source\PSoC4/VBUS_C_CTRL_P1.c **** /*******************************************************************************
   2:.\Generated_Source\PSoC4/VBUS_C_CTRL_P1.c **** * File Name: VBUS_C_CTRL_P1.c  
   3:.\Generated_Source\PSoC4/VBUS_C_CTRL_P1.c **** * Version 2.20
   4:.\Generated_Source\PSoC4/VBUS_C_CTRL_P1.c **** *
   5:.\Generated_Source\PSoC4/VBUS_C_CTRL_P1.c **** * Description:
   6:.\Generated_Source\PSoC4/VBUS_C_CTRL_P1.c **** *  This file contains API to enable firmware control of a Pins component.
   7:.\Generated_Source\PSoC4/VBUS_C_CTRL_P1.c **** *
   8:.\Generated_Source\PSoC4/VBUS_C_CTRL_P1.c **** ********************************************************************************
   9:.\Generated_Source\PSoC4/VBUS_C_CTRL_P1.c **** * Copyright 2008-2015, Cypress Semiconductor Corporation.  All rights reserved.
  10:.\Generated_Source\PSoC4/VBUS_C_CTRL_P1.c **** * You may use this file only in accordance with the license, terms, conditions, 
  11:.\Generated_Source\PSoC4/VBUS_C_CTRL_P1.c **** * disclaimers, and limitations in the end user license agreement accompanying 
  12:.\Generated_Source\PSoC4/VBUS_C_CTRL_P1.c **** * the software package with which this file was provided.
  13:.\Generated_Source\PSoC4/VBUS_C_CTRL_P1.c **** *******************************************************************************/
  14:.\Generated_Source\PSoC4/VBUS_C_CTRL_P1.c **** 
  15:.\Generated_Source\PSoC4/VBUS_C_CTRL_P1.c **** #include "cytypes.h"
  16:.\Generated_Source\PSoC4/VBUS_C_CTRL_P1.c **** #include "VBUS_C_CTRL_P1.h"
  17:.\Generated_Source\PSoC4/VBUS_C_CTRL_P1.c **** 
  18:.\Generated_Source\PSoC4/VBUS_C_CTRL_P1.c **** 
  19:.\Generated_Source\PSoC4/VBUS_C_CTRL_P1.c **** #if defined(VBUS_C_CTRL_P1__PC)
  20:.\Generated_Source\PSoC4/VBUS_C_CTRL_P1.c ****     #define VBUS_C_CTRL_P1_SetP4PinDriveMode(shift, mode)  \
  21:.\Generated_Source\PSoC4/VBUS_C_CTRL_P1.c ****     do { \
  22:.\Generated_Source\PSoC4/VBUS_C_CTRL_P1.c ****         VBUS_C_CTRL_P1_PC =   (VBUS_C_CTRL_P1_PC & \
  23:.\Generated_Source\PSoC4/VBUS_C_CTRL_P1.c ****                                 (uint32)(~(uint32)(VBUS_C_CTRL_P1_DRIVE_MODE_IND_MASK << \
  24:.\Generated_Source\PSoC4/VBUS_C_CTRL_P1.c ****                                 (VBUS_C_CTRL_P1_DRIVE_MODE_BITS * (shift))))) | \
  25:.\Generated_Source\PSoC4/VBUS_C_CTRL_P1.c ****                                 (uint32)((uint32)(mode) << \
  26:.\Generated_Source\PSoC4/VBUS_C_CTRL_P1.c ****                                 (VBUS_C_CTRL_P1_DRIVE_MODE_BITS * (shift))); \
  27:.\Generated_Source\PSoC4/VBUS_C_CTRL_P1.c ****     } while (0)
  28:.\Generated_Source\PSoC4/VBUS_C_CTRL_P1.c **** #else
  29:.\Generated_Source\PSoC4/VBUS_C_CTRL_P1.c ****     #if (CY_PSOC4_4200L)
  30:.\Generated_Source\PSoC4/VBUS_C_CTRL_P1.c ****         #define VBUS_C_CTRL_P1_SetP4PinDriveMode(shift, mode)  \
  31:.\Generated_Source\PSoC4/VBUS_C_CTRL_P1.c ****         do { \
  32:.\Generated_Source\PSoC4/VBUS_C_CTRL_P1.c ****             VBUS_C_CTRL_P1_USBIO_CTRL_REG = (VBUS_C_CTRL_P1_USBIO_CTRL_REG & \
  33:.\Generated_Source\PSoC4/VBUS_C_CTRL_P1.c ****                                     (uint32)(~(uint32)(VBUS_C_CTRL_P1_DRIVE_MODE_IND_MASK << \
  34:.\Generated_Source\PSoC4/VBUS_C_CTRL_P1.c ****                                     (VBUS_C_CTRL_P1_DRIVE_MODE_BITS * (shift))))) | \
  35:.\Generated_Source\PSoC4/VBUS_C_CTRL_P1.c ****                                     (uint32)((uint32)(mode) << \
  36:.\Generated_Source\PSoC4/VBUS_C_CTRL_P1.c ****                                     (VBUS_C_CTRL_P1_DRIVE_MODE_BITS * (shift))); \
  37:.\Generated_Source\PSoC4/VBUS_C_CTRL_P1.c ****         } while (0)
  38:.\Generated_Source\PSoC4/VBUS_C_CTRL_P1.c ****     #endif
  39:.\Generated_Source\PSoC4/VBUS_C_CTRL_P1.c **** #endif
  40:.\Generated_Source\PSoC4/VBUS_C_CTRL_P1.c ****   
  41:.\Generated_Source\PSoC4/VBUS_C_CTRL_P1.c **** 
  42:.\Generated_Source\PSoC4/VBUS_C_CTRL_P1.c **** #if defined(VBUS_C_CTRL_P1__PC) || (CY_PSOC4_4200L) 
  43:.\Generated_Source\PSoC4/VBUS_C_CTRL_P1.c ****     /*******************************************************************************
  44:.\Generated_Source\PSoC4/VBUS_C_CTRL_P1.c ****     * Function Name: VBUS_C_CTRL_P1_SetDriveMode
  45:.\Generated_Source\PSoC4/VBUS_C_CTRL_P1.c ****     ****************************************************************************//**
  46:.\Generated_Source\PSoC4/VBUS_C_CTRL_P1.c ****     *
  47:.\Generated_Source\PSoC4/VBUS_C_CTRL_P1.c ****     * \brief Sets the drive mode for each of the Pins component's pins.
  48:.\Generated_Source\PSoC4/VBUS_C_CTRL_P1.c ****     * 
  49:.\Generated_Source\PSoC4/VBUS_C_CTRL_P1.c ****     * <b>Note</b> This affects all pins in the Pins component instance. Use the
  50:.\Generated_Source\PSoC4/VBUS_C_CTRL_P1.c ****     * Per-Pin APIs if you wish to control individual pin's drive modes.
  51:.\Generated_Source\PSoC4/VBUS_C_CTRL_P1.c ****     *
  52:.\Generated_Source\PSoC4/VBUS_C_CTRL_P1.c ****     * <b>Note</b> USBIOs have limited drive functionality. Refer to the Drive Mode
  53:.\Generated_Source\PSoC4/VBUS_C_CTRL_P1.c ****     * parameter for more information.
  54:.\Generated_Source\PSoC4/VBUS_C_CTRL_P1.c ****     *
  55:.\Generated_Source\PSoC4/VBUS_C_CTRL_P1.c ****     * \param mode
ARM GAS  C:\Users\victo\AppData\Local\Temp\ccdHFS8L.s 			page 22


  56:.\Generated_Source\PSoC4/VBUS_C_CTRL_P1.c ****     *  Mode for the selected signals. Valid options are documented in 
  57:.\Generated_Source\PSoC4/VBUS_C_CTRL_P1.c ****     *  \ref driveMode.
  58:.\Generated_Source\PSoC4/VBUS_C_CTRL_P1.c ****     *
  59:.\Generated_Source\PSoC4/VBUS_C_CTRL_P1.c ****     * \return
  60:.\Generated_Source\PSoC4/VBUS_C_CTRL_P1.c ****     *  None
  61:.\Generated_Source\PSoC4/VBUS_C_CTRL_P1.c ****     *
  62:.\Generated_Source\PSoC4/VBUS_C_CTRL_P1.c ****     * \sideeffect
  63:.\Generated_Source\PSoC4/VBUS_C_CTRL_P1.c ****     *  If you use read-modify-write operations that are not atomic, the ISR can
  64:.\Generated_Source\PSoC4/VBUS_C_CTRL_P1.c ****     *  cause corruption of this function. An ISR that interrupts this function 
  65:.\Generated_Source\PSoC4/VBUS_C_CTRL_P1.c ****     *  and performs writes to the Pins component Drive Mode registers can cause 
  66:.\Generated_Source\PSoC4/VBUS_C_CTRL_P1.c ****     *  corrupted port data. To avoid this issue, you should either use the Per-Pin
  67:.\Generated_Source\PSoC4/VBUS_C_CTRL_P1.c ****     *  APIs (primary method) or disable interrupts around this function.
  68:.\Generated_Source\PSoC4/VBUS_C_CTRL_P1.c ****     *
  69:.\Generated_Source\PSoC4/VBUS_C_CTRL_P1.c ****     * \funcusage
  70:.\Generated_Source\PSoC4/VBUS_C_CTRL_P1.c ****     *  \snippet VBUS_C_CTRL_P1_SUT.c usage_VBUS_C_CTRL_P1_SetDriveMode
  71:.\Generated_Source\PSoC4/VBUS_C_CTRL_P1.c ****     *******************************************************************************/
  72:.\Generated_Source\PSoC4/VBUS_C_CTRL_P1.c ****     void VBUS_C_CTRL_P1_SetDriveMode(uint8 mode)
  73:.\Generated_Source\PSoC4/VBUS_C_CTRL_P1.c ****     {
 294              		.loc 1 73 0
 295              		.cfi_startproc
 296              	.LVL0:
  74:.\Generated_Source\PSoC4/VBUS_C_CTRL_P1.c **** 		VBUS_C_CTRL_P1_SetP4PinDriveMode(VBUS_C_CTRL_P1__0__SHIFT, mode);
 297              		.loc 1 74 0
 298 0000 034A     		ldr	r2, .L2
 299 0002 044B     		ldr	r3, .L2+4
 300 0004 1168     		ldr	r1, [r2]
 301 0006 4005     		lsl	r0, r0, #21
 302              	.LVL1:
 303 0008 0B40     		and	r3, r1
 304 000a 1843     		orr	r0, r3
 305 000c 1060     		str	r0, [r2]
  75:.\Generated_Source\PSoC4/VBUS_C_CTRL_P1.c ****     }
 306              		.loc 1 75 0
 307              		@ sp needed
 308 000e 7047     		bx	lr
 309              	.L3:
 310              		.align	2
 311              	.L2:
 312 0010 08010440 		.word	1074004232
 313 0014 FFFF1FFF 		.word	-14680065
 314              		.cfi_endproc
 315              	.LFE0:
 316              		.size	VBUS_C_CTRL_P1_SetDriveMode, .-VBUS_C_CTRL_P1_SetDriveMode
 317              		.section	.text.VBUS_C_CTRL_P1_Write,"ax",%progbits
 318              		.align	1
 319              		.global	VBUS_C_CTRL_P1_Write
 320              		.code	16
 321              		.thumb_func
 322              		.type	VBUS_C_CTRL_P1_Write, %function
 323              	VBUS_C_CTRL_P1_Write:
 324              	.LFB1:
  76:.\Generated_Source\PSoC4/VBUS_C_CTRL_P1.c **** #endif
  77:.\Generated_Source\PSoC4/VBUS_C_CTRL_P1.c **** 
  78:.\Generated_Source\PSoC4/VBUS_C_CTRL_P1.c **** 
  79:.\Generated_Source\PSoC4/VBUS_C_CTRL_P1.c **** /*******************************************************************************
  80:.\Generated_Source\PSoC4/VBUS_C_CTRL_P1.c **** * Function Name: VBUS_C_CTRL_P1_Write
  81:.\Generated_Source\PSoC4/VBUS_C_CTRL_P1.c **** ****************************************************************************//**
ARM GAS  C:\Users\victo\AppData\Local\Temp\ccdHFS8L.s 			page 23


  82:.\Generated_Source\PSoC4/VBUS_C_CTRL_P1.c **** *
  83:.\Generated_Source\PSoC4/VBUS_C_CTRL_P1.c **** * \brief Writes the value to the physical port (data output register), masking
  84:.\Generated_Source\PSoC4/VBUS_C_CTRL_P1.c **** *  and shifting the bits appropriately. 
  85:.\Generated_Source\PSoC4/VBUS_C_CTRL_P1.c **** *
  86:.\Generated_Source\PSoC4/VBUS_C_CTRL_P1.c **** * The data output register controls the signal applied to the physical pin in 
  87:.\Generated_Source\PSoC4/VBUS_C_CTRL_P1.c **** * conjunction with the drive mode parameter. This function avoids changing 
  88:.\Generated_Source\PSoC4/VBUS_C_CTRL_P1.c **** * other bits in the port by using the appropriate method (read-modify-write or
  89:.\Generated_Source\PSoC4/VBUS_C_CTRL_P1.c **** * bit banding).
  90:.\Generated_Source\PSoC4/VBUS_C_CTRL_P1.c **** *
  91:.\Generated_Source\PSoC4/VBUS_C_CTRL_P1.c **** * <b>Note</b> This function should not be used on a hardware digital output pin 
  92:.\Generated_Source\PSoC4/VBUS_C_CTRL_P1.c **** * as it is driven by the hardware signal attached to it.
  93:.\Generated_Source\PSoC4/VBUS_C_CTRL_P1.c **** *
  94:.\Generated_Source\PSoC4/VBUS_C_CTRL_P1.c **** * \param value
  95:.\Generated_Source\PSoC4/VBUS_C_CTRL_P1.c **** *  Value to write to the component instance.
  96:.\Generated_Source\PSoC4/VBUS_C_CTRL_P1.c **** *
  97:.\Generated_Source\PSoC4/VBUS_C_CTRL_P1.c **** * \return 
  98:.\Generated_Source\PSoC4/VBUS_C_CTRL_P1.c **** *  None 
  99:.\Generated_Source\PSoC4/VBUS_C_CTRL_P1.c **** *
 100:.\Generated_Source\PSoC4/VBUS_C_CTRL_P1.c **** * \sideeffect
 101:.\Generated_Source\PSoC4/VBUS_C_CTRL_P1.c **** *  If you use read-modify-write operations that are not atomic; the Interrupt 
 102:.\Generated_Source\PSoC4/VBUS_C_CTRL_P1.c **** *  Service Routines (ISR) can cause corruption of this function. An ISR that 
 103:.\Generated_Source\PSoC4/VBUS_C_CTRL_P1.c **** *  interrupts this function and performs writes to the Pins component data 
 104:.\Generated_Source\PSoC4/VBUS_C_CTRL_P1.c **** *  register can cause corrupted port data. To avoid this issue, you should 
 105:.\Generated_Source\PSoC4/VBUS_C_CTRL_P1.c **** *  either use the Per-Pin APIs (primary method) or disable interrupts around 
 106:.\Generated_Source\PSoC4/VBUS_C_CTRL_P1.c **** *  this function.
 107:.\Generated_Source\PSoC4/VBUS_C_CTRL_P1.c **** *
 108:.\Generated_Source\PSoC4/VBUS_C_CTRL_P1.c **** * \funcusage
 109:.\Generated_Source\PSoC4/VBUS_C_CTRL_P1.c **** *  \snippet VBUS_C_CTRL_P1_SUT.c usage_VBUS_C_CTRL_P1_Write
 110:.\Generated_Source\PSoC4/VBUS_C_CTRL_P1.c **** *******************************************************************************/
 111:.\Generated_Source\PSoC4/VBUS_C_CTRL_P1.c **** void VBUS_C_CTRL_P1_Write(uint8 value)
 112:.\Generated_Source\PSoC4/VBUS_C_CTRL_P1.c **** {
 325              		.loc 1 112 0
 326              		.cfi_startproc
 327              	.LVL2:
 113:.\Generated_Source\PSoC4/VBUS_C_CTRL_P1.c ****     uint8 drVal = (uint8)(VBUS_C_CTRL_P1_DR & (uint8)(~VBUS_C_CTRL_P1_MASK));
 328              		.loc 1 113 0
 329 0000 7F23     		mov	r3, #127
 330 0002 044A     		ldr	r2, .L5
 114:.\Generated_Source\PSoC4/VBUS_C_CTRL_P1.c ****     drVal = (drVal | ((uint8)(value << VBUS_C_CTRL_P1_SHIFT) & VBUS_C_CTRL_P1_MASK));
 331              		.loc 1 114 0
 332 0004 C001     		lsl	r0, r0, #7
 333              	.LVL3:
 113:.\Generated_Source\PSoC4/VBUS_C_CTRL_P1.c ****     uint8 drVal = (uint8)(VBUS_C_CTRL_P1_DR & (uint8)(~VBUS_C_CTRL_P1_MASK));
 334              		.loc 1 113 0
 335 0006 1168     		ldr	r1, [r2]
 115:.\Generated_Source\PSoC4/VBUS_C_CTRL_P1.c ****     VBUS_C_CTRL_P1_DR = (uint32)drVal;
 116:.\Generated_Source\PSoC4/VBUS_C_CTRL_P1.c **** }
 336              		.loc 1 116 0
 337              		@ sp needed
 113:.\Generated_Source\PSoC4/VBUS_C_CTRL_P1.c ****     drVal = (drVal | ((uint8)(value << VBUS_C_CTRL_P1_SHIFT) & VBUS_C_CTRL_P1_MASK));
 338              		.loc 1 113 0
 339 0008 0B40     		and	r3, r1
 114:.\Generated_Source\PSoC4/VBUS_C_CTRL_P1.c ****     drVal = (drVal | ((uint8)(value << VBUS_C_CTRL_P1_SHIFT) & VBUS_C_CTRL_P1_MASK));
 340              		.loc 1 114 0
 341 000a 1843     		orr	r0, r3
 115:.\Generated_Source\PSoC4/VBUS_C_CTRL_P1.c ****     VBUS_C_CTRL_P1_DR = (uint32)drVal;
 342              		.loc 1 115 0
ARM GAS  C:\Users\victo\AppData\Local\Temp\ccdHFS8L.s 			page 24


 343 000c C0B2     		uxtb	r0, r0
 344 000e 1060     		str	r0, [r2]
 345              		.loc 1 116 0
 346 0010 7047     		bx	lr
 347              	.L6:
 348 0012 C046     		.align	2
 349              	.L5:
 350 0014 00010440 		.word	1074004224
 351              		.cfi_endproc
 352              	.LFE1:
 353              		.size	VBUS_C_CTRL_P1_Write, .-VBUS_C_CTRL_P1_Write
 354              		.section	.text.VBUS_C_CTRL_P1_Read,"ax",%progbits
 355              		.align	1
 356              		.global	VBUS_C_CTRL_P1_Read
 357              		.code	16
 358              		.thumb_func
 359              		.type	VBUS_C_CTRL_P1_Read, %function
 360              	VBUS_C_CTRL_P1_Read:
 361              	.LFB2:
 117:.\Generated_Source\PSoC4/VBUS_C_CTRL_P1.c **** 
 118:.\Generated_Source\PSoC4/VBUS_C_CTRL_P1.c **** 
 119:.\Generated_Source\PSoC4/VBUS_C_CTRL_P1.c **** /*******************************************************************************
 120:.\Generated_Source\PSoC4/VBUS_C_CTRL_P1.c **** * Function Name: VBUS_C_CTRL_P1_Read
 121:.\Generated_Source\PSoC4/VBUS_C_CTRL_P1.c **** ****************************************************************************//**
 122:.\Generated_Source\PSoC4/VBUS_C_CTRL_P1.c **** *
 123:.\Generated_Source\PSoC4/VBUS_C_CTRL_P1.c **** * \brief Reads the associated physical port (pin status register) and masks 
 124:.\Generated_Source\PSoC4/VBUS_C_CTRL_P1.c **** *  the required bits according to the width and bit position of the component
 125:.\Generated_Source\PSoC4/VBUS_C_CTRL_P1.c **** *  instance. 
 126:.\Generated_Source\PSoC4/VBUS_C_CTRL_P1.c **** *
 127:.\Generated_Source\PSoC4/VBUS_C_CTRL_P1.c **** * The pin's status register returns the current logic level present on the 
 128:.\Generated_Source\PSoC4/VBUS_C_CTRL_P1.c **** * physical pin.
 129:.\Generated_Source\PSoC4/VBUS_C_CTRL_P1.c **** *
 130:.\Generated_Source\PSoC4/VBUS_C_CTRL_P1.c **** * \return 
 131:.\Generated_Source\PSoC4/VBUS_C_CTRL_P1.c **** *  The current value for the pins in the component as a right justified number.
 132:.\Generated_Source\PSoC4/VBUS_C_CTRL_P1.c **** *
 133:.\Generated_Source\PSoC4/VBUS_C_CTRL_P1.c **** * \funcusage
 134:.\Generated_Source\PSoC4/VBUS_C_CTRL_P1.c **** *  \snippet VBUS_C_CTRL_P1_SUT.c usage_VBUS_C_CTRL_P1_Read  
 135:.\Generated_Source\PSoC4/VBUS_C_CTRL_P1.c **** *******************************************************************************/
 136:.\Generated_Source\PSoC4/VBUS_C_CTRL_P1.c **** uint8 VBUS_C_CTRL_P1_Read(void)
 137:.\Generated_Source\PSoC4/VBUS_C_CTRL_P1.c **** {
 362              		.loc 1 137 0
 363              		.cfi_startproc
 138:.\Generated_Source\PSoC4/VBUS_C_CTRL_P1.c ****     return (uint8)((VBUS_C_CTRL_P1_PS & VBUS_C_CTRL_P1_MASK) >> VBUS_C_CTRL_P1_SHIFT);
 364              		.loc 1 138 0
 365 0000 024B     		ldr	r3, .L8
 139:.\Generated_Source\PSoC4/VBUS_C_CTRL_P1.c **** }
 366              		.loc 1 139 0
 367              		@ sp needed
 138:.\Generated_Source\PSoC4/VBUS_C_CTRL_P1.c ****     return (uint8)((VBUS_C_CTRL_P1_PS & VBUS_C_CTRL_P1_MASK) >> VBUS_C_CTRL_P1_SHIFT);
 368              		.loc 1 138 0
 369 0002 1868     		ldr	r0, [r3]
 370 0004 0006     		lsl	r0, r0, #24
 371 0006 C00F     		lsr	r0, r0, #31
 372              		.loc 1 139 0
 373 0008 7047     		bx	lr
 374              	.L9:
 375 000a C046     		.align	2
ARM GAS  C:\Users\victo\AppData\Local\Temp\ccdHFS8L.s 			page 25


 376              	.L8:
 377 000c 04010440 		.word	1074004228
 378              		.cfi_endproc
 379              	.LFE2:
 380              		.size	VBUS_C_CTRL_P1_Read, .-VBUS_C_CTRL_P1_Read
 381              		.section	.text.VBUS_C_CTRL_P1_ReadDataReg,"ax",%progbits
 382              		.align	1
 383              		.global	VBUS_C_CTRL_P1_ReadDataReg
 384              		.code	16
 385              		.thumb_func
 386              		.type	VBUS_C_CTRL_P1_ReadDataReg, %function
 387              	VBUS_C_CTRL_P1_ReadDataReg:
 388              	.LFB3:
 140:.\Generated_Source\PSoC4/VBUS_C_CTRL_P1.c **** 
 141:.\Generated_Source\PSoC4/VBUS_C_CTRL_P1.c **** 
 142:.\Generated_Source\PSoC4/VBUS_C_CTRL_P1.c **** /*******************************************************************************
 143:.\Generated_Source\PSoC4/VBUS_C_CTRL_P1.c **** * Function Name: VBUS_C_CTRL_P1_ReadDataReg
 144:.\Generated_Source\PSoC4/VBUS_C_CTRL_P1.c **** ****************************************************************************//**
 145:.\Generated_Source\PSoC4/VBUS_C_CTRL_P1.c **** *
 146:.\Generated_Source\PSoC4/VBUS_C_CTRL_P1.c **** * \brief Reads the associated physical port's data output register and masks 
 147:.\Generated_Source\PSoC4/VBUS_C_CTRL_P1.c **** *  the correct bits according to the width and bit position of the component 
 148:.\Generated_Source\PSoC4/VBUS_C_CTRL_P1.c **** *  instance. 
 149:.\Generated_Source\PSoC4/VBUS_C_CTRL_P1.c **** *
 150:.\Generated_Source\PSoC4/VBUS_C_CTRL_P1.c **** * The data output register controls the signal applied to the physical pin in 
 151:.\Generated_Source\PSoC4/VBUS_C_CTRL_P1.c **** * conjunction with the drive mode parameter. This is not the same as the 
 152:.\Generated_Source\PSoC4/VBUS_C_CTRL_P1.c **** * preferred VBUS_C_CTRL_P1_Read() API because the 
 153:.\Generated_Source\PSoC4/VBUS_C_CTRL_P1.c **** * VBUS_C_CTRL_P1_ReadDataReg() reads the data register instead of the status 
 154:.\Generated_Source\PSoC4/VBUS_C_CTRL_P1.c **** * register. For output pins this is a useful function to determine the value 
 155:.\Generated_Source\PSoC4/VBUS_C_CTRL_P1.c **** * just written to the pin.
 156:.\Generated_Source\PSoC4/VBUS_C_CTRL_P1.c **** *
 157:.\Generated_Source\PSoC4/VBUS_C_CTRL_P1.c **** * \return 
 158:.\Generated_Source\PSoC4/VBUS_C_CTRL_P1.c **** *  The current value of the data register masked and shifted into a right 
 159:.\Generated_Source\PSoC4/VBUS_C_CTRL_P1.c **** *  justified number for the component instance.
 160:.\Generated_Source\PSoC4/VBUS_C_CTRL_P1.c **** *
 161:.\Generated_Source\PSoC4/VBUS_C_CTRL_P1.c **** * \funcusage
 162:.\Generated_Source\PSoC4/VBUS_C_CTRL_P1.c **** *  \snippet VBUS_C_CTRL_P1_SUT.c usage_VBUS_C_CTRL_P1_ReadDataReg 
 163:.\Generated_Source\PSoC4/VBUS_C_CTRL_P1.c **** *******************************************************************************/
 164:.\Generated_Source\PSoC4/VBUS_C_CTRL_P1.c **** uint8 VBUS_C_CTRL_P1_ReadDataReg(void)
 165:.\Generated_Source\PSoC4/VBUS_C_CTRL_P1.c **** {
 389              		.loc 1 165 0
 390              		.cfi_startproc
 166:.\Generated_Source\PSoC4/VBUS_C_CTRL_P1.c ****     return (uint8)((VBUS_C_CTRL_P1_DR & VBUS_C_CTRL_P1_MASK) >> VBUS_C_CTRL_P1_SHIFT);
 391              		.loc 1 166 0
 392 0000 024B     		ldr	r3, .L11
 167:.\Generated_Source\PSoC4/VBUS_C_CTRL_P1.c **** }
 393              		.loc 1 167 0
 394              		@ sp needed
 166:.\Generated_Source\PSoC4/VBUS_C_CTRL_P1.c ****     return (uint8)((VBUS_C_CTRL_P1_DR & VBUS_C_CTRL_P1_MASK) >> VBUS_C_CTRL_P1_SHIFT);
 395              		.loc 1 166 0
 396 0002 1868     		ldr	r0, [r3]
 397 0004 0006     		lsl	r0, r0, #24
 398 0006 C00F     		lsr	r0, r0, #31
 399              		.loc 1 167 0
 400 0008 7047     		bx	lr
 401              	.L12:
 402 000a C046     		.align	2
 403              	.L11:
ARM GAS  C:\Users\victo\AppData\Local\Temp\ccdHFS8L.s 			page 26


 404 000c 00010440 		.word	1074004224
 405              		.cfi_endproc
 406              	.LFE3:
 407              		.size	VBUS_C_CTRL_P1_ReadDataReg, .-VBUS_C_CTRL_P1_ReadDataReg
 408              		.section	.text.VBUS_C_CTRL_P1_SetInterruptMode,"ax",%progbits
 409              		.align	1
 410              		.global	VBUS_C_CTRL_P1_SetInterruptMode
 411              		.code	16
 412              		.thumb_func
 413              		.type	VBUS_C_CTRL_P1_SetInterruptMode, %function
 414              	VBUS_C_CTRL_P1_SetInterruptMode:
 415              	.LFB4:
 168:.\Generated_Source\PSoC4/VBUS_C_CTRL_P1.c **** 
 169:.\Generated_Source\PSoC4/VBUS_C_CTRL_P1.c **** 
 170:.\Generated_Source\PSoC4/VBUS_C_CTRL_P1.c **** /*******************************************************************************
 171:.\Generated_Source\PSoC4/VBUS_C_CTRL_P1.c **** * Function Name: VBUS_C_CTRL_P1_SetInterruptMode
 172:.\Generated_Source\PSoC4/VBUS_C_CTRL_P1.c **** ****************************************************************************//**
 173:.\Generated_Source\PSoC4/VBUS_C_CTRL_P1.c **** *
 174:.\Generated_Source\PSoC4/VBUS_C_CTRL_P1.c **** * \brief Configures the interrupt mode for each of the Pins component's
 175:.\Generated_Source\PSoC4/VBUS_C_CTRL_P1.c **** *  pins. Alternatively you may set the interrupt mode for all the pins
 176:.\Generated_Source\PSoC4/VBUS_C_CTRL_P1.c **** *  specified in the Pins component.
 177:.\Generated_Source\PSoC4/VBUS_C_CTRL_P1.c **** *
 178:.\Generated_Source\PSoC4/VBUS_C_CTRL_P1.c **** *  <b>Note</b> The interrupt is port-wide and therefore any enabled pin
 179:.\Generated_Source\PSoC4/VBUS_C_CTRL_P1.c **** *  interrupt may trigger it.
 180:.\Generated_Source\PSoC4/VBUS_C_CTRL_P1.c **** *
 181:.\Generated_Source\PSoC4/VBUS_C_CTRL_P1.c **** * \param position
 182:.\Generated_Source\PSoC4/VBUS_C_CTRL_P1.c **** *  The pin position as listed in the Pins component. You may OR these to be 
 183:.\Generated_Source\PSoC4/VBUS_C_CTRL_P1.c **** *  able to configure the interrupt mode of multiple pins within a Pins 
 184:.\Generated_Source\PSoC4/VBUS_C_CTRL_P1.c **** *  component. Or you may use VBUS_C_CTRL_P1_INTR_ALL to configure the
 185:.\Generated_Source\PSoC4/VBUS_C_CTRL_P1.c **** *  interrupt mode of all the pins in the Pins component.       
 186:.\Generated_Source\PSoC4/VBUS_C_CTRL_P1.c **** *  - VBUS_C_CTRL_P1_0_INTR       (First pin in the list)
 187:.\Generated_Source\PSoC4/VBUS_C_CTRL_P1.c **** *  - VBUS_C_CTRL_P1_1_INTR       (Second pin in the list)
 188:.\Generated_Source\PSoC4/VBUS_C_CTRL_P1.c **** *  - ...
 189:.\Generated_Source\PSoC4/VBUS_C_CTRL_P1.c **** *  - VBUS_C_CTRL_P1_INTR_ALL     (All pins in Pins component)
 190:.\Generated_Source\PSoC4/VBUS_C_CTRL_P1.c **** *
 191:.\Generated_Source\PSoC4/VBUS_C_CTRL_P1.c **** * \param mode
 192:.\Generated_Source\PSoC4/VBUS_C_CTRL_P1.c **** *  Interrupt mode for the selected pins. Valid options are documented in
 193:.\Generated_Source\PSoC4/VBUS_C_CTRL_P1.c **** *  \ref intrMode.
 194:.\Generated_Source\PSoC4/VBUS_C_CTRL_P1.c **** *
 195:.\Generated_Source\PSoC4/VBUS_C_CTRL_P1.c **** * \return 
 196:.\Generated_Source\PSoC4/VBUS_C_CTRL_P1.c **** *  None
 197:.\Generated_Source\PSoC4/VBUS_C_CTRL_P1.c **** *  
 198:.\Generated_Source\PSoC4/VBUS_C_CTRL_P1.c **** * \sideeffect
 199:.\Generated_Source\PSoC4/VBUS_C_CTRL_P1.c **** *  It is recommended that the interrupt be disabled before calling this 
 200:.\Generated_Source\PSoC4/VBUS_C_CTRL_P1.c **** *  function to avoid unintended interrupt requests. Note that the interrupt
 201:.\Generated_Source\PSoC4/VBUS_C_CTRL_P1.c **** *  type is port wide, and therefore will trigger for any enabled pin on the 
 202:.\Generated_Source\PSoC4/VBUS_C_CTRL_P1.c **** *  port.
 203:.\Generated_Source\PSoC4/VBUS_C_CTRL_P1.c **** *
 204:.\Generated_Source\PSoC4/VBUS_C_CTRL_P1.c **** * \funcusage
 205:.\Generated_Source\PSoC4/VBUS_C_CTRL_P1.c **** *  \snippet VBUS_C_CTRL_P1_SUT.c usage_VBUS_C_CTRL_P1_SetInterruptMode
 206:.\Generated_Source\PSoC4/VBUS_C_CTRL_P1.c **** *******************************************************************************/
 207:.\Generated_Source\PSoC4/VBUS_C_CTRL_P1.c **** void VBUS_C_CTRL_P1_SetInterruptMode(uint16 position, uint16 mode)
 208:.\Generated_Source\PSoC4/VBUS_C_CTRL_P1.c **** {
 416              		.loc 1 208 0
 417              		.cfi_startproc
 418              	.LVL4:
 209:.\Generated_Source\PSoC4/VBUS_C_CTRL_P1.c ****     uint32 intrCfg;
ARM GAS  C:\Users\victo\AppData\Local\Temp\ccdHFS8L.s 			page 27


 210:.\Generated_Source\PSoC4/VBUS_C_CTRL_P1.c ****     
 211:.\Generated_Source\PSoC4/VBUS_C_CTRL_P1.c ****     intrCfg =  VBUS_C_CTRL_P1_INTCFG & (uint32)(~(uint32)position);
 419              		.loc 1 211 0
 420 0000 034A     		ldr	r2, .L14
 212:.\Generated_Source\PSoC4/VBUS_C_CTRL_P1.c ****     VBUS_C_CTRL_P1_INTCFG = intrCfg | ((uint32)position & (uint32)mode);
 213:.\Generated_Source\PSoC4/VBUS_C_CTRL_P1.c **** }
 421              		.loc 1 213 0
 422              		@ sp needed
 211:.\Generated_Source\PSoC4/VBUS_C_CTRL_P1.c ****     VBUS_C_CTRL_P1_INTCFG = intrCfg | ((uint32)position & (uint32)mode);
 423              		.loc 1 211 0
 424 0002 1368     		ldr	r3, [r2]
 425              	.LVL5:
 426 0004 8343     		bic	r3, r0
 427              	.LVL6:
 212:.\Generated_Source\PSoC4/VBUS_C_CTRL_P1.c ****     VBUS_C_CTRL_P1_INTCFG = intrCfg | ((uint32)position & (uint32)mode);
 428              		.loc 1 212 0
 429 0006 0840     		and	r0, r1
 430              	.LVL7:
 431 0008 1843     		orr	r0, r3
 432 000a 1060     		str	r0, [r2]
 433              		.loc 1 213 0
 434 000c 7047     		bx	lr
 435              	.L15:
 436 000e C046     		.align	2
 437              	.L14:
 438 0010 0C010440 		.word	1074004236
 439              		.cfi_endproc
 440              	.LFE4:
 441              		.size	VBUS_C_CTRL_P1_SetInterruptMode, .-VBUS_C_CTRL_P1_SetInterruptMode
 442              		.section	.text.VBUS_C_CTRL_P1_ClearInterrupt,"ax",%progbits
 443              		.align	1
 444              		.global	VBUS_C_CTRL_P1_ClearInterrupt
 445              		.code	16
 446              		.thumb_func
 447              		.type	VBUS_C_CTRL_P1_ClearInterrupt, %function
 448              	VBUS_C_CTRL_P1_ClearInterrupt:
 449              	.LFB5:
 214:.\Generated_Source\PSoC4/VBUS_C_CTRL_P1.c **** 
 215:.\Generated_Source\PSoC4/VBUS_C_CTRL_P1.c **** 
 216:.\Generated_Source\PSoC4/VBUS_C_CTRL_P1.c **** /*******************************************************************************
 217:.\Generated_Source\PSoC4/VBUS_C_CTRL_P1.c **** * Function Name: VBUS_C_CTRL_P1_ClearInterrupt
 218:.\Generated_Source\PSoC4/VBUS_C_CTRL_P1.c **** ****************************************************************************//**
 219:.\Generated_Source\PSoC4/VBUS_C_CTRL_P1.c **** *
 220:.\Generated_Source\PSoC4/VBUS_C_CTRL_P1.c **** * \brief Clears any active interrupts attached with the component and returns 
 221:.\Generated_Source\PSoC4/VBUS_C_CTRL_P1.c **** *  the value of the interrupt status register allowing determination of which
 222:.\Generated_Source\PSoC4/VBUS_C_CTRL_P1.c **** *  pins generated an interrupt event.
 223:.\Generated_Source\PSoC4/VBUS_C_CTRL_P1.c **** *
 224:.\Generated_Source\PSoC4/VBUS_C_CTRL_P1.c **** * \return 
 225:.\Generated_Source\PSoC4/VBUS_C_CTRL_P1.c **** *  The right-shifted current value of the interrupt status register. Each pin 
 226:.\Generated_Source\PSoC4/VBUS_C_CTRL_P1.c **** *  has one bit set if it generated an interrupt event. For example, bit 0 is 
 227:.\Generated_Source\PSoC4/VBUS_C_CTRL_P1.c **** *  for pin 0 and bit 1 is for pin 1 of the Pins component.
 228:.\Generated_Source\PSoC4/VBUS_C_CTRL_P1.c **** *  
 229:.\Generated_Source\PSoC4/VBUS_C_CTRL_P1.c **** * \sideeffect
 230:.\Generated_Source\PSoC4/VBUS_C_CTRL_P1.c **** *  Clears all bits of the physical port's interrupt status register, not just
 231:.\Generated_Source\PSoC4/VBUS_C_CTRL_P1.c **** *  those associated with the Pins component.
 232:.\Generated_Source\PSoC4/VBUS_C_CTRL_P1.c **** *
 233:.\Generated_Source\PSoC4/VBUS_C_CTRL_P1.c **** * \funcusage
ARM GAS  C:\Users\victo\AppData\Local\Temp\ccdHFS8L.s 			page 28


 234:.\Generated_Source\PSoC4/VBUS_C_CTRL_P1.c **** *  \snippet VBUS_C_CTRL_P1_SUT.c usage_VBUS_C_CTRL_P1_ClearInterrupt
 235:.\Generated_Source\PSoC4/VBUS_C_CTRL_P1.c **** *******************************************************************************/
 236:.\Generated_Source\PSoC4/VBUS_C_CTRL_P1.c **** uint8 VBUS_C_CTRL_P1_ClearInterrupt(void)
 237:.\Generated_Source\PSoC4/VBUS_C_CTRL_P1.c **** {
 450              		.loc 1 237 0
 451              		.cfi_startproc
 238:.\Generated_Source\PSoC4/VBUS_C_CTRL_P1.c **** 	uint8 maskedStatus = (uint8)(VBUS_C_CTRL_P1_INTSTAT & VBUS_C_CTRL_P1_MASK);
 452              		.loc 1 238 0
 453 0000 7F22     		mov	r2, #127
 454 0002 034B     		ldr	r3, .L17
 239:.\Generated_Source\PSoC4/VBUS_C_CTRL_P1.c **** 	VBUS_C_CTRL_P1_INTSTAT = maskedStatus;
 240:.\Generated_Source\PSoC4/VBUS_C_CTRL_P1.c ****     return maskedStatus >> VBUS_C_CTRL_P1_SHIFT;
 241:.\Generated_Source\PSoC4/VBUS_C_CTRL_P1.c **** }
 455              		.loc 1 241 0
 456              		@ sp needed
 238:.\Generated_Source\PSoC4/VBUS_C_CTRL_P1.c **** 	uint8 maskedStatus = (uint8)(VBUS_C_CTRL_P1_INTSTAT & VBUS_C_CTRL_P1_MASK);
 457              		.loc 1 238 0
 458 0004 1868     		ldr	r0, [r3]
 459 0006 9043     		bic	r0, r2
 460 0008 C0B2     		uxtb	r0, r0
 461              	.LVL8:
 239:.\Generated_Source\PSoC4/VBUS_C_CTRL_P1.c **** 	VBUS_C_CTRL_P1_INTSTAT = maskedStatus;
 462              		.loc 1 239 0
 463 000a 1860     		str	r0, [r3]
 240:.\Generated_Source\PSoC4/VBUS_C_CTRL_P1.c **** }
 464              		.loc 1 240 0
 465 000c C009     		lsr	r0, r0, #7
 466              	.LVL9:
 467              		.loc 1 241 0
 468 000e 7047     		bx	lr
 469              	.L18:
 470              		.align	2
 471              	.L17:
 472 0010 10010440 		.word	1074004240
 473              		.cfi_endproc
 474              	.LFE5:
 475              		.size	VBUS_C_CTRL_P1_ClearInterrupt, .-VBUS_C_CTRL_P1_ClearInterrupt
 476              		.text
 477              	.Letext0:
 478              		.file 2 ".\\Generated_Source\\PSoC4\\cytypes.h"
 479              		.section	.debug_info,"",%progbits
 480              	.Ldebug_info0:
 481 0000 97010000 		.4byte	0x197
 482 0004 0400     		.2byte	0x4
 483 0006 00000000 		.4byte	.Ldebug_abbrev0
 484 000a 04       		.byte	0x4
 485 000b 01       		.uleb128 0x1
 486 000c 11010000 		.4byte	.LASF27
 487 0010 01       		.byte	0x1
 488 0011 0C000000 		.4byte	.LASF28
 489 0015 D2010000 		.4byte	.LASF29
 490 0019 00000000 		.4byte	.Ldebug_ranges0+0
 491 001d 00000000 		.4byte	0
 492 0021 00000000 		.4byte	.Ldebug_line0
 493 0025 02       		.uleb128 0x2
 494 0026 01       		.byte	0x1
 495 0027 06       		.byte	0x6
ARM GAS  C:\Users\victo\AppData\Local\Temp\ccdHFS8L.s 			page 29


 496 0028 A0020000 		.4byte	.LASF0
 497 002c 02       		.uleb128 0x2
 498 002d 01       		.byte	0x1
 499 002e 08       		.byte	0x8
 500 002f 3C000000 		.4byte	.LASF1
 501 0033 02       		.uleb128 0x2
 502 0034 02       		.byte	0x2
 503 0035 05       		.byte	0x5
 504 0036 72020000 		.4byte	.LASF2
 505 003a 02       		.uleb128 0x2
 506 003b 02       		.byte	0x2
 507 003c 07       		.byte	0x7
 508 003d 82000000 		.4byte	.LASF3
 509 0041 02       		.uleb128 0x2
 510 0042 04       		.byte	0x4
 511 0043 05       		.byte	0x5
 512 0044 82020000 		.4byte	.LASF4
 513 0048 02       		.uleb128 0x2
 514 0049 04       		.byte	0x4
 515 004a 07       		.byte	0x7
 516 004b 70000000 		.4byte	.LASF5
 517 004f 02       		.uleb128 0x2
 518 0050 08       		.byte	0x8
 519 0051 05       		.byte	0x5
 520 0052 52020000 		.4byte	.LASF6
 521 0056 02       		.uleb128 0x2
 522 0057 08       		.byte	0x8
 523 0058 07       		.byte	0x7
 524 0059 FA000000 		.4byte	.LASF7
 525 005d 03       		.uleb128 0x3
 526 005e 04       		.byte	0x4
 527 005f 05       		.byte	0x5
 528 0060 696E7400 		.ascii	"int\000"
 529 0064 02       		.uleb128 0x2
 530 0065 04       		.byte	0x4
 531 0066 07       		.byte	0x7
 532 0067 ED000000 		.4byte	.LASF8
 533 006b 04       		.uleb128 0x4
 534 006c 7C020000 		.4byte	.LASF9
 535 0070 02       		.byte	0x2
 536 0071 9801     		.2byte	0x198
 537 0073 2C000000 		.4byte	0x2c
 538 0077 04       		.uleb128 0x4
 539 0078 B0000000 		.4byte	.LASF10
 540 007c 02       		.byte	0x2
 541 007d 9901     		.2byte	0x199
 542 007f 3A000000 		.4byte	0x3a
 543 0083 04       		.uleb128 0x4
 544 0084 C0000000 		.4byte	.LASF11
 545 0088 02       		.byte	0x2
 546 0089 9A01     		.2byte	0x19a
 547 008b 48000000 		.4byte	0x48
 548 008f 02       		.uleb128 0x2
 549 0090 04       		.byte	0x4
 550 0091 04       		.byte	0x4
 551 0092 36000000 		.4byte	.LASF12
 552 0096 02       		.uleb128 0x2
ARM GAS  C:\Users\victo\AppData\Local\Temp\ccdHFS8L.s 			page 30


 553 0097 08       		.byte	0x8
 554 0098 04       		.byte	0x4
 555 0099 95000000 		.4byte	.LASF13
 556 009d 02       		.uleb128 0x2
 557 009e 01       		.byte	0x1
 558 009f 08       		.byte	0x8
 559 00a0 6D020000 		.4byte	.LASF14
 560 00a4 04       		.uleb128 0x4
 561 00a5 00000000 		.4byte	.LASF15
 562 00a9 02       		.byte	0x2
 563 00aa 4402     		.2byte	0x244
 564 00ac B0000000 		.4byte	0xb0
 565 00b0 05       		.uleb128 0x5
 566 00b1 83000000 		.4byte	0x83
 567 00b5 06       		.uleb128 0x6
 568 00b6 AC020000 		.4byte	.LASF16
 569 00ba 01       		.byte	0x1
 570 00bb 48       		.byte	0x48
 571 00bc 00000000 		.4byte	.LFB0
 572 00c0 18000000 		.4byte	.LFE0-.LFB0
 573 00c4 01       		.uleb128 0x1
 574 00c5 9C       		.byte	0x9c
 575 00c6 DA000000 		.4byte	0xda
 576 00ca 07       		.uleb128 0x7
 577 00cb CD010000 		.4byte	.LASF18
 578 00cf 01       		.byte	0x1
 579 00d0 48       		.byte	0x48
 580 00d1 6B000000 		.4byte	0x6b
 581 00d5 00000000 		.4byte	.LLST0
 582 00d9 00       		.byte	0
 583 00da 06       		.uleb128 0x6
 584 00db 8B020000 		.4byte	.LASF17
 585 00df 01       		.byte	0x1
 586 00e0 6F       		.byte	0x6f
 587 00e1 00000000 		.4byte	.LFB1
 588 00e5 18000000 		.4byte	.LFE1-.LFB1
 589 00e9 01       		.uleb128 0x1
 590 00ea 9C       		.byte	0x9c
 591 00eb 0A010000 		.4byte	0x10a
 592 00ef 07       		.uleb128 0x7
 593 00f0 06000000 		.4byte	.LASF19
 594 00f4 01       		.byte	0x1
 595 00f5 6F       		.byte	0x6f
 596 00f6 6B000000 		.4byte	0x6b
 597 00fa 21000000 		.4byte	.LLST1
 598 00fe 08       		.uleb128 0x8
 599 00ff 4A000000 		.4byte	.LASF30
 600 0103 01       		.byte	0x1
 601 0104 71       		.byte	0x71
 602 0105 6B000000 		.4byte	0x6b
 603 0109 00       		.byte	0
 604 010a 09       		.uleb128 0x9
 605 010b 9C000000 		.4byte	.LASF20
 606 010f 01       		.byte	0x1
 607 0110 88       		.byte	0x88
 608 0111 6B000000 		.4byte	0x6b
 609 0115 00000000 		.4byte	.LFB2
ARM GAS  C:\Users\victo\AppData\Local\Temp\ccdHFS8L.s 			page 31


 610 0119 10000000 		.4byte	.LFE2-.LFB2
 611 011d 01       		.uleb128 0x1
 612 011e 9C       		.byte	0x9c
 613 011f 09       		.uleb128 0x9
 614 0120 37020000 		.4byte	.LASF21
 615 0124 01       		.byte	0x1
 616 0125 A4       		.byte	0xa4
 617 0126 6B000000 		.4byte	0x6b
 618 012a 00000000 		.4byte	.LFB3
 619 012e 10000000 		.4byte	.LFE3-.LFB3
 620 0132 01       		.uleb128 0x1
 621 0133 9C       		.byte	0x9c
 622 0134 06       		.uleb128 0x6
 623 0135 50000000 		.4byte	.LASF22
 624 0139 01       		.byte	0x1
 625 013a CF       		.byte	0xcf
 626 013b 00000000 		.4byte	.LFB4
 627 013f 14000000 		.4byte	.LFE4-.LFB4
 628 0143 01       		.uleb128 0x1
 629 0144 9C       		.byte	0x9c
 630 0145 75010000 		.4byte	0x175
 631 0149 07       		.uleb128 0x7
 632 014a B7000000 		.4byte	.LASF23
 633 014e 01       		.byte	0x1
 634 014f CF       		.byte	0xcf
 635 0150 77000000 		.4byte	0x77
 636 0154 42000000 		.4byte	.LLST2
 637 0158 0A       		.uleb128 0xa
 638 0159 CD010000 		.4byte	.LASF18
 639 015d 01       		.byte	0x1
 640 015e CF       		.byte	0xcf
 641 015f 77000000 		.4byte	0x77
 642 0163 01       		.uleb128 0x1
 643 0164 51       		.byte	0x51
 644 0165 0B       		.uleb128 0xb
 645 0166 E5000000 		.4byte	.LASF25
 646 016a 01       		.byte	0x1
 647 016b D1       		.byte	0xd1
 648 016c 83000000 		.4byte	0x83
 649 0170 63000000 		.4byte	.LLST3
 650 0174 00       		.byte	0
 651 0175 0C       		.uleb128 0xc
 652 0176 C7000000 		.4byte	.LASF24
 653 017a 01       		.byte	0x1
 654 017b EC       		.byte	0xec
 655 017c 6B000000 		.4byte	0x6b
 656 0180 00000000 		.4byte	.LFB5
 657 0184 14000000 		.4byte	.LFE5-.LFB5
 658 0188 01       		.uleb128 0x1
 659 0189 9C       		.byte	0x9c
 660 018a 0B       		.uleb128 0xb
 661 018b 60020000 		.4byte	.LASF26
 662 018f 01       		.byte	0x1
 663 0190 EE       		.byte	0xee
 664 0191 6B000000 		.4byte	0x6b
 665 0195 80000000 		.4byte	.LLST4
 666 0199 00       		.byte	0
ARM GAS  C:\Users\victo\AppData\Local\Temp\ccdHFS8L.s 			page 32


 667 019a 00       		.byte	0
 668              		.section	.debug_abbrev,"",%progbits
 669              	.Ldebug_abbrev0:
 670 0000 01       		.uleb128 0x1
 671 0001 11       		.uleb128 0x11
 672 0002 01       		.byte	0x1
 673 0003 25       		.uleb128 0x25
 674 0004 0E       		.uleb128 0xe
 675 0005 13       		.uleb128 0x13
 676 0006 0B       		.uleb128 0xb
 677 0007 03       		.uleb128 0x3
 678 0008 0E       		.uleb128 0xe
 679 0009 1B       		.uleb128 0x1b
 680 000a 0E       		.uleb128 0xe
 681 000b 55       		.uleb128 0x55
 682 000c 17       		.uleb128 0x17
 683 000d 11       		.uleb128 0x11
 684 000e 01       		.uleb128 0x1
 685 000f 10       		.uleb128 0x10
 686 0010 17       		.uleb128 0x17
 687 0011 00       		.byte	0
 688 0012 00       		.byte	0
 689 0013 02       		.uleb128 0x2
 690 0014 24       		.uleb128 0x24
 691 0015 00       		.byte	0
 692 0016 0B       		.uleb128 0xb
 693 0017 0B       		.uleb128 0xb
 694 0018 3E       		.uleb128 0x3e
 695 0019 0B       		.uleb128 0xb
 696 001a 03       		.uleb128 0x3
 697 001b 0E       		.uleb128 0xe
 698 001c 00       		.byte	0
 699 001d 00       		.byte	0
 700 001e 03       		.uleb128 0x3
 701 001f 24       		.uleb128 0x24
 702 0020 00       		.byte	0
 703 0021 0B       		.uleb128 0xb
 704 0022 0B       		.uleb128 0xb
 705 0023 3E       		.uleb128 0x3e
 706 0024 0B       		.uleb128 0xb
 707 0025 03       		.uleb128 0x3
 708 0026 08       		.uleb128 0x8
 709 0027 00       		.byte	0
 710 0028 00       		.byte	0
 711 0029 04       		.uleb128 0x4
 712 002a 16       		.uleb128 0x16
 713 002b 00       		.byte	0
 714 002c 03       		.uleb128 0x3
 715 002d 0E       		.uleb128 0xe
 716 002e 3A       		.uleb128 0x3a
 717 002f 0B       		.uleb128 0xb
 718 0030 3B       		.uleb128 0x3b
 719 0031 05       		.uleb128 0x5
 720 0032 49       		.uleb128 0x49
 721 0033 13       		.uleb128 0x13
 722 0034 00       		.byte	0
 723 0035 00       		.byte	0
ARM GAS  C:\Users\victo\AppData\Local\Temp\ccdHFS8L.s 			page 33


 724 0036 05       		.uleb128 0x5
 725 0037 35       		.uleb128 0x35
 726 0038 00       		.byte	0
 727 0039 49       		.uleb128 0x49
 728 003a 13       		.uleb128 0x13
 729 003b 00       		.byte	0
 730 003c 00       		.byte	0
 731 003d 06       		.uleb128 0x6
 732 003e 2E       		.uleb128 0x2e
 733 003f 01       		.byte	0x1
 734 0040 3F       		.uleb128 0x3f
 735 0041 19       		.uleb128 0x19
 736 0042 03       		.uleb128 0x3
 737 0043 0E       		.uleb128 0xe
 738 0044 3A       		.uleb128 0x3a
 739 0045 0B       		.uleb128 0xb
 740 0046 3B       		.uleb128 0x3b
 741 0047 0B       		.uleb128 0xb
 742 0048 27       		.uleb128 0x27
 743 0049 19       		.uleb128 0x19
 744 004a 11       		.uleb128 0x11
 745 004b 01       		.uleb128 0x1
 746 004c 12       		.uleb128 0x12
 747 004d 06       		.uleb128 0x6
 748 004e 40       		.uleb128 0x40
 749 004f 18       		.uleb128 0x18
 750 0050 9742     		.uleb128 0x2117
 751 0052 19       		.uleb128 0x19
 752 0053 01       		.uleb128 0x1
 753 0054 13       		.uleb128 0x13
 754 0055 00       		.byte	0
 755 0056 00       		.byte	0
 756 0057 07       		.uleb128 0x7
 757 0058 05       		.uleb128 0x5
 758 0059 00       		.byte	0
 759 005a 03       		.uleb128 0x3
 760 005b 0E       		.uleb128 0xe
 761 005c 3A       		.uleb128 0x3a
 762 005d 0B       		.uleb128 0xb
 763 005e 3B       		.uleb128 0x3b
 764 005f 0B       		.uleb128 0xb
 765 0060 49       		.uleb128 0x49
 766 0061 13       		.uleb128 0x13
 767 0062 02       		.uleb128 0x2
 768 0063 17       		.uleb128 0x17
 769 0064 00       		.byte	0
 770 0065 00       		.byte	0
 771 0066 08       		.uleb128 0x8
 772 0067 34       		.uleb128 0x34
 773 0068 00       		.byte	0
 774 0069 03       		.uleb128 0x3
 775 006a 0E       		.uleb128 0xe
 776 006b 3A       		.uleb128 0x3a
 777 006c 0B       		.uleb128 0xb
 778 006d 3B       		.uleb128 0x3b
 779 006e 0B       		.uleb128 0xb
 780 006f 49       		.uleb128 0x49
ARM GAS  C:\Users\victo\AppData\Local\Temp\ccdHFS8L.s 			page 34


 781 0070 13       		.uleb128 0x13
 782 0071 00       		.byte	0
 783 0072 00       		.byte	0
 784 0073 09       		.uleb128 0x9
 785 0074 2E       		.uleb128 0x2e
 786 0075 00       		.byte	0
 787 0076 3F       		.uleb128 0x3f
 788 0077 19       		.uleb128 0x19
 789 0078 03       		.uleb128 0x3
 790 0079 0E       		.uleb128 0xe
 791 007a 3A       		.uleb128 0x3a
 792 007b 0B       		.uleb128 0xb
 793 007c 3B       		.uleb128 0x3b
 794 007d 0B       		.uleb128 0xb
 795 007e 27       		.uleb128 0x27
 796 007f 19       		.uleb128 0x19
 797 0080 49       		.uleb128 0x49
 798 0081 13       		.uleb128 0x13
 799 0082 11       		.uleb128 0x11
 800 0083 01       		.uleb128 0x1
 801 0084 12       		.uleb128 0x12
 802 0085 06       		.uleb128 0x6
 803 0086 40       		.uleb128 0x40
 804 0087 18       		.uleb128 0x18
 805 0088 9742     		.uleb128 0x2117
 806 008a 19       		.uleb128 0x19
 807 008b 00       		.byte	0
 808 008c 00       		.byte	0
 809 008d 0A       		.uleb128 0xa
 810 008e 05       		.uleb128 0x5
 811 008f 00       		.byte	0
 812 0090 03       		.uleb128 0x3
 813 0091 0E       		.uleb128 0xe
 814 0092 3A       		.uleb128 0x3a
 815 0093 0B       		.uleb128 0xb
 816 0094 3B       		.uleb128 0x3b
 817 0095 0B       		.uleb128 0xb
 818 0096 49       		.uleb128 0x49
 819 0097 13       		.uleb128 0x13
 820 0098 02       		.uleb128 0x2
 821 0099 18       		.uleb128 0x18
 822 009a 00       		.byte	0
 823 009b 00       		.byte	0
 824 009c 0B       		.uleb128 0xb
 825 009d 34       		.uleb128 0x34
 826 009e 00       		.byte	0
 827 009f 03       		.uleb128 0x3
 828 00a0 0E       		.uleb128 0xe
 829 00a1 3A       		.uleb128 0x3a
 830 00a2 0B       		.uleb128 0xb
 831 00a3 3B       		.uleb128 0x3b
 832 00a4 0B       		.uleb128 0xb
 833 00a5 49       		.uleb128 0x49
 834 00a6 13       		.uleb128 0x13
 835 00a7 02       		.uleb128 0x2
 836 00a8 17       		.uleb128 0x17
 837 00a9 00       		.byte	0
ARM GAS  C:\Users\victo\AppData\Local\Temp\ccdHFS8L.s 			page 35


 838 00aa 00       		.byte	0
 839 00ab 0C       		.uleb128 0xc
 840 00ac 2E       		.uleb128 0x2e
 841 00ad 01       		.byte	0x1
 842 00ae 3F       		.uleb128 0x3f
 843 00af 19       		.uleb128 0x19
 844 00b0 03       		.uleb128 0x3
 845 00b1 0E       		.uleb128 0xe
 846 00b2 3A       		.uleb128 0x3a
 847 00b3 0B       		.uleb128 0xb
 848 00b4 3B       		.uleb128 0x3b
 849 00b5 0B       		.uleb128 0xb
 850 00b6 27       		.uleb128 0x27
 851 00b7 19       		.uleb128 0x19
 852 00b8 49       		.uleb128 0x49
 853 00b9 13       		.uleb128 0x13
 854 00ba 11       		.uleb128 0x11
 855 00bb 01       		.uleb128 0x1
 856 00bc 12       		.uleb128 0x12
 857 00bd 06       		.uleb128 0x6
 858 00be 40       		.uleb128 0x40
 859 00bf 18       		.uleb128 0x18
 860 00c0 9742     		.uleb128 0x2117
 861 00c2 19       		.uleb128 0x19
 862 00c3 00       		.byte	0
 863 00c4 00       		.byte	0
 864 00c5 00       		.byte	0
 865              		.section	.debug_loc,"",%progbits
 866              	.Ldebug_loc0:
 867              	.LLST0:
 868 0000 00000000 		.4byte	.LVL0
 869 0004 08000000 		.4byte	.LVL1
 870 0008 0100     		.2byte	0x1
 871 000a 50       		.byte	0x50
 872 000b 08000000 		.4byte	.LVL1
 873 000f 18000000 		.4byte	.LFE0
 874 0013 0400     		.2byte	0x4
 875 0015 F3       		.byte	0xf3
 876 0016 01       		.uleb128 0x1
 877 0017 50       		.byte	0x50
 878 0018 9F       		.byte	0x9f
 879 0019 00000000 		.4byte	0
 880 001d 00000000 		.4byte	0
 881              	.LLST1:
 882 0021 00000000 		.4byte	.LVL2
 883 0025 06000000 		.4byte	.LVL3
 884 0029 0100     		.2byte	0x1
 885 002b 50       		.byte	0x50
 886 002c 06000000 		.4byte	.LVL3
 887 0030 18000000 		.4byte	.LFE1
 888 0034 0400     		.2byte	0x4
 889 0036 F3       		.byte	0xf3
 890 0037 01       		.uleb128 0x1
 891 0038 50       		.byte	0x50
 892 0039 9F       		.byte	0x9f
 893 003a 00000000 		.4byte	0
 894 003e 00000000 		.4byte	0
ARM GAS  C:\Users\victo\AppData\Local\Temp\ccdHFS8L.s 			page 36


 895              	.LLST2:
 896 0042 00000000 		.4byte	.LVL4
 897 0046 08000000 		.4byte	.LVL7
 898 004a 0100     		.2byte	0x1
 899 004c 50       		.byte	0x50
 900 004d 08000000 		.4byte	.LVL7
 901 0051 14000000 		.4byte	.LFE4
 902 0055 0400     		.2byte	0x4
 903 0057 F3       		.byte	0xf3
 904 0058 01       		.uleb128 0x1
 905 0059 50       		.byte	0x50
 906 005a 9F       		.byte	0x9f
 907 005b 00000000 		.4byte	0
 908 005f 00000000 		.4byte	0
 909              	.LLST3:
 910 0063 04000000 		.4byte	.LVL5
 911 0067 06000000 		.4byte	.LVL6
 912 006b 0B00     		.2byte	0xb
 913 006d 70       		.byte	0x70
 914 006e 00       		.sleb128 0
 915 006f 0A       		.byte	0xa
 916 0070 FFFF     		.2byte	0xffff
 917 0072 1A       		.byte	0x1a
 918 0073 20       		.byte	0x20
 919 0074 73       		.byte	0x73
 920 0075 00       		.sleb128 0
 921 0076 1A       		.byte	0x1a
 922 0077 9F       		.byte	0x9f
 923 0078 00000000 		.4byte	0
 924 007c 00000000 		.4byte	0
 925              	.LLST4:
 926 0080 0A000000 		.4byte	.LVL8
 927 0084 0E000000 		.4byte	.LVL9
 928 0088 0100     		.2byte	0x1
 929 008a 50       		.byte	0x50
 930 008b 0E000000 		.4byte	.LVL9
 931 008f 14000000 		.4byte	.LFE5
 932 0093 0400     		.2byte	0x4
 933 0095 73       		.byte	0x73
 934 0096 00       		.sleb128 0
 935 0097 06       		.byte	0x6
 936 0098 9F       		.byte	0x9f
 937 0099 00000000 		.4byte	0
 938 009d 00000000 		.4byte	0
 939              		.section	.debug_aranges,"",%progbits
 940 0000 44000000 		.4byte	0x44
 941 0004 0200     		.2byte	0x2
 942 0006 00000000 		.4byte	.Ldebug_info0
 943 000a 04       		.byte	0x4
 944 000b 00       		.byte	0
 945 000c 0000     		.2byte	0
 946 000e 0000     		.2byte	0
 947 0010 00000000 		.4byte	.LFB0
 948 0014 18000000 		.4byte	.LFE0-.LFB0
 949 0018 00000000 		.4byte	.LFB1
 950 001c 18000000 		.4byte	.LFE1-.LFB1
 951 0020 00000000 		.4byte	.LFB2
ARM GAS  C:\Users\victo\AppData\Local\Temp\ccdHFS8L.s 			page 37


 952 0024 10000000 		.4byte	.LFE2-.LFB2
 953 0028 00000000 		.4byte	.LFB3
 954 002c 10000000 		.4byte	.LFE3-.LFB3
 955 0030 00000000 		.4byte	.LFB4
 956 0034 14000000 		.4byte	.LFE4-.LFB4
 957 0038 00000000 		.4byte	.LFB5
 958 003c 14000000 		.4byte	.LFE5-.LFB5
 959 0040 00000000 		.4byte	0
 960 0044 00000000 		.4byte	0
 961              		.section	.debug_ranges,"",%progbits
 962              	.Ldebug_ranges0:
 963 0000 00000000 		.4byte	.LFB0
 964 0004 18000000 		.4byte	.LFE0
 965 0008 00000000 		.4byte	.LFB1
 966 000c 18000000 		.4byte	.LFE1
 967 0010 00000000 		.4byte	.LFB2
 968 0014 10000000 		.4byte	.LFE2
 969 0018 00000000 		.4byte	.LFB3
 970 001c 10000000 		.4byte	.LFE3
 971 0020 00000000 		.4byte	.LFB4
 972 0024 14000000 		.4byte	.LFE4
 973 0028 00000000 		.4byte	.LFB5
 974 002c 14000000 		.4byte	.LFE5
 975 0030 00000000 		.4byte	0
 976 0034 00000000 		.4byte	0
 977              		.section	.debug_line,"",%progbits
 978              	.Ldebug_line0:
 979 0000 D0000000 		.section	.debug_str,"MS",%progbits,1
 979      02004D00 
 979      00000201 
 979      FB0E0D00 
 979      01010101 
 980              	.LASF15:
 981 0000 72656733 		.ascii	"reg32\000"
 981      3200
 982              	.LASF19:
 983 0006 76616C75 		.ascii	"value\000"
 983      6500
 984              	.LASF28:
 985 000c 2E5C4765 		.ascii	".\\Generated_Source\\PSoC4\\VBUS_C_CTRL_P1.c\000"
 985      6E657261 
 985      7465645F 
 985      536F7572 
 985      63655C50 
 986              	.LASF12:
 987 0036 666C6F61 		.ascii	"float\000"
 987      7400
 988              	.LASF1:
 989 003c 756E7369 		.ascii	"unsigned char\000"
 989      676E6564 
 989      20636861 
 989      7200
 990              	.LASF30:
 991 004a 64725661 		.ascii	"drVal\000"
 991      6C00
 992              	.LASF22:
 993 0050 56425553 		.ascii	"VBUS_C_CTRL_P1_SetInterruptMode\000"
ARM GAS  C:\Users\victo\AppData\Local\Temp\ccdHFS8L.s 			page 38


 993      5F435F43 
 993      54524C5F 
 993      50315F53 
 993      6574496E 
 994              	.LASF5:
 995 0070 6C6F6E67 		.ascii	"long unsigned int\000"
 995      20756E73 
 995      69676E65 
 995      6420696E 
 995      7400
 996              	.LASF3:
 997 0082 73686F72 		.ascii	"short unsigned int\000"
 997      7420756E 
 997      7369676E 
 997      65642069 
 997      6E7400
 998              	.LASF13:
 999 0095 646F7562 		.ascii	"double\000"
 999      6C6500
 1000              	.LASF20:
 1001 009c 56425553 		.ascii	"VBUS_C_CTRL_P1_Read\000"
 1001      5F435F43 
 1001      54524C5F 
 1001      50315F52 
 1001      65616400 
 1002              	.LASF10:
 1003 00b0 75696E74 		.ascii	"uint16\000"
 1003      313600
 1004              	.LASF23:
 1005 00b7 706F7369 		.ascii	"position\000"
 1005      74696F6E 
 1005      00
 1006              	.LASF11:
 1007 00c0 75696E74 		.ascii	"uint32\000"
 1007      333200
 1008              	.LASF24:
 1009 00c7 56425553 		.ascii	"VBUS_C_CTRL_P1_ClearInterrupt\000"
 1009      5F435F43 
 1009      54524C5F 
 1009      50315F43 
 1009      6C656172 
 1010              	.LASF25:
 1011 00e5 696E7472 		.ascii	"intrCfg\000"
 1011      43666700 
 1012              	.LASF8:
 1013 00ed 756E7369 		.ascii	"unsigned int\000"
 1013      676E6564 
 1013      20696E74 
 1013      00
 1014              	.LASF7:
 1015 00fa 6C6F6E67 		.ascii	"long long unsigned int\000"
 1015      206C6F6E 
 1015      6720756E 
 1015      7369676E 
 1015      65642069 
 1016              	.LASF27:
 1017 0111 474E5520 		.ascii	"GNU C 4.9.3 20150303 (release) [ARM/embedded-4_9-br"
ARM GAS  C:\Users\victo\AppData\Local\Temp\ccdHFS8L.s 			page 39


 1017      4320342E 
 1017      392E3320 
 1017      32303135 
 1017      30333033 
 1018 0144 616E6368 		.ascii	"anch revision 221220] -mcpu=cortex-m0 -mthumb -g -O"
 1018      20726576 
 1018      6973696F 
 1018      6E203232 
 1018      31323230 
 1019 0177 73202D66 		.ascii	"s -ffunction-sections -finline-functions -flto -ffa"
 1019      66756E63 
 1019      74696F6E 
 1019      2D736563 
 1019      74696F6E 
 1020 01aa 742D6C74 		.ascii	"t-lto-objects -fno-strict-aliasing\000"
 1020      6F2D6F62 
 1020      6A656374 
 1020      73202D66 
 1020      6E6F2D73 
 1021              	.LASF18:
 1022 01cd 6D6F6465 		.ascii	"mode\000"
 1022      00
 1023              	.LASF29:
 1024 01d2 433A5C55 		.ascii	"C:\\Users\\victo\\OneDrive\\Documents\\PSoC Creator"
 1024      73657273 
 1024      5C766963 
 1024      746F5C4F 
 1024      6E654472 
 1025 0200 5C435950 		.ascii	"\\CYPD4225-40LQXI_0805\\CYPD4225-40LQXI_notebook01."
 1025      44343232 
 1025      352D3430 
 1025      4C515849 
 1025      5F303830 
 1026 0231 63796473 		.ascii	"cydsn\000"
 1026      6E00
 1027              	.LASF21:
 1028 0237 56425553 		.ascii	"VBUS_C_CTRL_P1_ReadDataReg\000"
 1028      5F435F43 
 1028      54524C5F 
 1028      50315F52 
 1028      65616444 
 1029              	.LASF6:
 1030 0252 6C6F6E67 		.ascii	"long long int\000"
 1030      206C6F6E 
 1030      6720696E 
 1030      7400
 1031              	.LASF26:
 1032 0260 6D61736B 		.ascii	"maskedStatus\000"
 1032      65645374 
 1032      61747573 
 1032      00
 1033              	.LASF14:
 1034 026d 63686172 		.ascii	"char\000"
 1034      00
 1035              	.LASF2:
 1036 0272 73686F72 		.ascii	"short int\000"
 1036      7420696E 
ARM GAS  C:\Users\victo\AppData\Local\Temp\ccdHFS8L.s 			page 40


 1036      7400
 1037              	.LASF9:
 1038 027c 75696E74 		.ascii	"uint8\000"
 1038      3800
 1039              	.LASF4:
 1040 0282 6C6F6E67 		.ascii	"long int\000"
 1040      20696E74 
 1040      00
 1041              	.LASF17:
 1042 028b 56425553 		.ascii	"VBUS_C_CTRL_P1_Write\000"
 1042      5F435F43 
 1042      54524C5F 
 1042      50315F57 
 1042      72697465 
 1043              	.LASF0:
 1044 02a0 7369676E 		.ascii	"signed char\000"
 1044      65642063 
 1044      68617200 
 1045              	.LASF16:
 1046 02ac 56425553 		.ascii	"VBUS_C_CTRL_P1_SetDriveMode\000"
 1046      5F435F43 
 1046      54524C5F 
 1046      50315F53 
 1046      65744472 
 1047              		.comm	__gnu_lto_v1,1,1
 1048              		.ident	"GCC: (GNU Tools for ARM Embedded Processors) 4.9.3 20150303 (release) [ARM/embedded-4_9-br
