ARM GAS  C:\Users\victo\AppData\Local\Temp\ccu90s8d.s 			page 1


   1              		.cpu cortex-m0
   2              		.fpu softvfp
   3              		.eabi_attribute 20, 1
   4              		.eabi_attribute 21, 1
   5              		.eabi_attribute 23, 3
   6              		.eabi_attribute 24, 1
   7              		.eabi_attribute 25, 1
   8              		.eabi_attribute 26, 1
   9              		.eabi_attribute 30, 4
  10              		.eabi_attribute 34, 0
  11              		.eabi_attribute 18, 4
  12              		.code	16
  13              		.file	"VBUS_MON_P1.c"
  14              		.text
  15              	.Ltext0:
  16              		.section	.gnu.lto_.profile.2ad46e84,"",%progbits
  17 0000 789C6366 		.ascii	"x\234cf```a\200\000F\006%\031\000\000\324\000G"
  17      60606061 
  17      80004606 
  17      25190000 
  17      D40047
  18              		.text
  19              		.section	.gnu.lto_.jmpfuncs.2ad46e84,"",%progbits
  20 0000 789C6366 		.ascii	"x\234cf\300\016d\2404\033\003##c=#\210`b``f``abdd\256"
  20      C00E64A0 
  20      341B0323 
  20      23633D23 
  20      88606260 
  21 001d AF6705CA 		.ascii	"\257g\005\312\001\000 \267\002>"
  21      010020B7 
  21      023E
  22              		.text
  23              		.section	.gnu.lto_.inline.2ad46e84,"",%progbits
  24 0000 789C6D8C 		.ascii	"x\234m\214\321\011\2000\014\005/i\232V\020\034\301\015"
  24      D1098030 
  24      0C052F69 
  24      9A56101C 
  24      C10D
  25 0012 1CC1255D 		.ascii	"\034\301%]\240\2438\202\2438\202-JA4\037\011\\\336\273"
  25      A0A33882 
  25      A338822D 
  25      4A41341F 
  25      095CDEBB 
  26 0026 C0FF6CCF 		.ascii	"\300\377l\317uH.\202\200\346}\305\313\254\215\0139\335"
  26      75482E82 
  26      80E67DC5 
  26      CBAC8D0B 
  26      39DD
  27 0038 3874ACC7 		.ascii	"8t\254\307d\355\247D\023\324\312\334\343\341\213\214"
  27      64EDA744 
  27      13D4CADC 
  27      E3E18B8C 
  28 0048 218B3643 		.ascii	"!\2136C\365`oK]c\013E<\326\236\237K\357q\001\011\220"
  28      F5606F4B 
  28      5D630B45 
  28      3CD69E9F 
  28      4BEF7101 
ARM GAS  C:\Users\victo\AppData\Local\Temp\ccu90s8d.s 			page 2


  29 005e 0E31     		.ascii	"\0161"
  30              		.text
  31              		.section	.gnu.lto_.pureconst.2ad46e84,"",%progbits
  32 0000 789C6366 		.ascii	"x\234cf``\340e\200\0006\006)F)&)f)\026)V)\000\005\261"
  32      6060E065 
  32      80003606 
  32      29462926 
  32      29662916 
  33 001a 00C2     		.ascii	"\000\302"
  34              		.text
  35              		.section	.gnu.lto_VBUS_MON_P1_SetDriveMode.2ad46e84,"",%progbits
  36 0000 789C7D50 		.ascii	"x\234}PM+DQ\030~\237s\357\214\221|d9{&\322\224\362\003"
  36      4D2B4451 
  36      187E9F73 
  36      EF8C917C 
  36      64397B26 
  37 0018 C4C20A53 		.ascii	"\304\302\012S\023\253\251!n\3310%\326sf\314BVC\2104"
  37      13ABA921 
  37      6ED93025 
  37      D67366CC 
  37      42564388 
  38 002d 2B697C5B 		.ascii	"+i|[X`w\223\254D,\310\0246\203\231\025\323\225\231\273"
  38      58607793 
  38      AC442CC8 
  38      14368399 
  38      15D39599 
  39 0042 D0F51ED7 		.ascii	"\320\365\036\327N9\365\236\367\243\347y\336\017\215"
  39      4E39F59E 
  39      F7A3E779 
  39      DE0F8D
  40 0051 FE3E3FDB 		.ascii	"\376>?\333\022\210\202\354\241\021D\372\222(\341\023"
  40      128882EC 
  40      A11144FA 
  40      9228E113 
  41 0061 800A0814 		.ascii	"\200\012\010\024\027\210\243(J\002isg\245&\260!\245"
  41      1788A328 
  41      4A026973 
  41      67A526B0 
  41      21A5
  42 0073 7C4F1E8E 		.ascii	"|O\036\216\311\305![\020Y\302\325A\026\001\306\274\332"
  42      C9C5215B 
  42      1059C2D5 
  42      411601C6 
  42      BCDA
  43 0085 C56CADD6 		.ascii	"\305l\255\326\012\342\370k\376\356F4\255K\2314\357\367"
  43      0AE2F86B 
  43      FEEE4634 
  43      AD4B9934 
  43      EFF7
  44 0097 65276C16 		.ascii	"e'l\026\335\204\306\014\264\371\321\342'.\020\266\320"
  44      DD84C60C 
  44      B4F9D1E2 
  44      272E10B6 
  44      D0
  45 00a8 A4C0A5D4 		.ascii	"\244\300\245\324\327]\2157\305\342\015\256&\266\341"
  45      D75D8D37 
  45      C5E20DAE 
ARM GAS  C:\Users\victo\AppData\Local\Temp\ccu90s8d.s 			page 3


  45      26B6E1
  46 00b7 E5B9E8A0 		.ascii	"\345\271\350\240\321\224\216c]\\\027\232\341\023\314"
  46      D1948E63 
  46      5D5C179A 
  46      E113CC
  47 00c6 119AFA74 		.ascii	"\021\232\372t(\246G\205^\365\021\345\331\324\314\317"
  47      28A64785 
  47      5EF511E5 
  47      D9D4CCCF 
  48 00d6 9CB0D772 		.ascii	"\234\260\327r8\375\234\273]\365*\241\262P\013<\234="
  48      38FD9CBB 
  48      5DF52AA1 
  48      B2500B3C 
  48      9C3D
  49 00e8 1CD71584 		.ascii	"\034\327\025\204-\264\331TZ\352\252\355S\376\352\332"
  49      2DB4D954 
  49      5AEAAAED 
  49      53FEEADA 
  50 00f8 F7532295 		.ascii	"\367S\"\225\236X\313fu\006k\211\024O\253c\007~\354\202"
  50      9E58CB66 
  50      75066B89 
  50      144FAB63 
  50      077EEC82 
  51 010c 4F843D64 		.ascii	"O\204=d@9\314T~\3454W\321zy\333\322\025]T\034\307\251"
  51      4039CC54 
  51      7EE53457 
  51      D17A79DB 
  51      D2155D54 
  52 0123 27EC333A 		.ascii	"'\3543:\207\344c\225\013\363\224\205\256h\037\2774\227"
  52      87E46395 
  52      0BF39485 
  52      AE681FBF 
  52      3497
  53 0135 E9E1D2E9 		.ascii	"\351\341\322\351\002T\351\277\236\007\334\223)\364\210"
  53      0254E9BF 
  53      9E07DC93 
  53      29F488
  54 0144 8479742E 		.ascii	"\204yt.\024\\]:\317W\343\375x\333@0\322cL\030\223\303"
  54      145C5D3A 
  54      CF57E3FD 
  54      78DB4030 
  54      D2634C18 
  55 015a 53C66834 		.ascii	"S\306h4\034\233\236\0341\"\241p\254\273#2\3305\020\216"
  55      1C9B9E1C 
  55      3122A170 
  55      ACBB2332 
  55      D835108E 
  56 016e F6F6F745 		.ascii	"\366\366\367EC\355\301\021\322\307c\243\3067B\000\234"
  56      43EDC111 
  56      D2C763A3 
  56      C6374200 
  56      9C
  57 017f 65       		.ascii	"e"
  58              		.text
  59              		.section	.gnu.lto_VBUS_MON_P1_Write.2ad46e84,"",%progbits
  60 0000 789C6591 		.ascii	"x\234e\221OH\024Q\034\307\337\367\275\235\231e7(<\210"
  60      4F481451 
ARM GAS  C:\Users\victo\AppData\Local\Temp\ccu90s8d.s 			page 4


  60      1CC7DFF7 
  60      BD9D9965 
  60      37283C88 
  61 0014 EC210F22 		.ascii	"\354!\017\"K\021RP\247 \242\016\236*a\311\323\302\262"
  61      4B115250 
  61      A720A20E 
  61      9E2A61C9 
  61      D3C2B2
  62 0027 E8DC2461 		.ascii	"\350\334$aI\257\276\325\251\315N[\204H\241\261I\177"
  62      49AFBED5 
  62      A9CD4E5B 
  62      8448A1B1 
  62      497F
  63 0039 6CCB7F1D 		.ascii	"l\313\177\035:\0042x\350\226\261\035*E6\303\025\024"
  63      3A043278 
  63      E896B11D 
  63      2A4536C3 
  63      1514
  64 004b 3AE42ADA 		.ascii	":\344*\332\036r\373\375\346]Z|\314\314{\363\235\357"
  64      1E72FBFD 
  64      E65D5A7C 
  64      CCCC7BF3 
  64      9DEF
  65 005d E73BBFF7 		.ascii	"\347;\277\367{J\034\0351\272/I!.\320\014% \363\313B"
  65      7B4A1C1D 
  65      31BA2F49 
  65      212ED00C 
  65      2520F3CB 
  66 0072 64C312E0 		.ascii	"d\303\022\340\205\200\030\222\030\302\266\334\221\310"
  66      85801892 
  66      18C2B6DC 
  66      91C8
  67 0080 FBC5F168 		.ascii	"\373\305\361h\374\271\326\372w\365C\313\235\226\032"
  67      FCB9D6FA 
  67      77F543CB 
  67      9D961A
  68 008f 61BBD2C4 		.ascii	"a\273\322\304\340%\342d\331-\352GJ\235\206\240\365\\"
  68      E025E264 
  68      D92DEA47 
  68      4A9D86A0 
  68      F55C
  69 00a1 E9D3A1D3 		.ascii	"\351\323\241\323>\245\365\260\2778\243/\243F\231\257"
  69      3EA5F5B0 
  69      BF38A32F 
  69      A34699AF 
  70 00b1 A088C099 		.ascii	"\240\210\300\231\030N\305\004\011\002\323hgsu\254\270"
  70      184EC504 
  70      0902D368 
  70      677375AC 
  70      B8
  71 00c2 2FD5D900 		.ascii	"/\325\331\000\374\371l\343\251\323V p}{\343cT\217ko"
  71      FCF96CE3 
  71      A9D35620 
  71      707D7BE3 
  71      63548F6B 
  72 00d7 BD5E6F65 		.ascii	"\275^oe\376\365\377\274\031\004\354x\177\277Em\217\012"
  72      FEF5FFBC 
ARM GAS  C:\Users\victo\AppData\Local\Temp\ccu90s8d.s 			page 5


  72      1904EC78 
  72      7FBF456D 
  72      8F0A
  73 00e9 3B8122DA 		.ascii	";\201\"\332LQx\003\0334\2612\333\344\353z\375\335\336"
  73      4C517803 
  73      1B34B132 
  73      DBE4EB7A 
  73      FDDDDE
  74 00fc 837B1711 		.ascii	"\203{\027\021\221\364c\251\350\241B\202?Z\340\"l\026"
  74      91F463A9 
  74      E8A14282 
  74      3F5AE022 
  74      6C16
  75 010e 9C4008B3 		.ascii	"\234@\010\263A\210\012\335\334\203Mz\241Y\255bi\377"
  75      41880ADD 
  75      DC834D7A 
  75      A159AD62 
  75      69FF
  76 0120 FEF2E420 		.ascii	"\376\362\344 \007\037HnHn\364\375\312\261-Y\223!\355"
  76      071F486E 
  76      486EF4FD 
  76      CAB12D59 
  76      9321ED
  77 0133 E575884B 		.ascii	"\345u\210K\371Q\371\\\012\007RP\331\346\257Z52\201'"
  77      F951F95C 
  77      0A075250 
  77      D9E6AF5A 
  77      35328127 
  78 0147 598FB66F 		.ascii	"Y\217\266o\341-b\230\001U\216YL@\254b\370{nM\232@E\231"
  78      E12D6298 
  78      01558E59 
  78      4C40AC62 
  78      F87B6E4D 
  79 015f A48CFCB9 		.ascii	"\244\214\374\271\273\006\243\204H\244\214\255\351\302"
  79      BB06A384 
  79      48A48CAD 
  79      E9C2
  80 016d 588423D5 		.ascii	"X\204#\325!\365k\216\360\257\010\030\256\225\\\006\372"
  80      21F56B8E 
  80      F0AF0818 
  80      AE955C06 
  80      FA
  81 017e 72D24074 		.ascii	"r\322@tY\004\225\036\277\0309\316\020\210\231'\206L"
  81      5904951E 
  81      BF1839CE 
  81      10889927 
  81      864C
  82 0190 7BB6B138 		.ascii	"{\266\2618A\264\335\030\343p5\345\\y2iLa#-=,4\263\320"
  82      41B4DD18 
  82      E37035E5 
  82      5C793269 
  82      4C61232D 
  83 01a9 B097AC6F 		.ascii	"\260\227\254o5\356f\201vC\210(#\353\257t\262\237O\246"
  83      35EE6681 
  83      76438828 
  83      23EBAF74 
  83      B29F4FA6 
ARM GAS  C:\Users\victo\AppData\Local\Temp\ccu90s8d.s 			page 6


  84 01bd 42E74B8D 		.ascii	"B\347K\215\2436\306;\222\235\356-7\223\276\355\366\246"
  84      A336C63B 
  84      929DEE2D 
  84      3793BEED 
  84      F6A6
  85 01cf 12FD0399 		.ascii	"\022\375\003\231\0367\331\225\350\277z>\331}\345f\""
  85      1E37D995 
  85      E8BF7A3E 
  85      D97DE566 
  85      22
  86 01e0 75EDC6F5 		.ascii	"u\355\306\365T\327\271\216\036a\015\246\373\006\\\253"
  86      54D7B98E 
  86      1E610DA6 
  86      FB065CAB 
  87 01f0 37D39DEE 		.ascii	"7\323\235\356\373\007\237y\322\377"
  87      FB079F79 
  87      D2FF
  88              		.text
  89              		.section	.gnu.lto_VBUS_MON_P1_Read.2ad46e84,"",%progbits
  90 0000 789C654F 		.ascii	"x\234eO\317K\002A\024~\337\333M\004\017E]\302?\240E"
  90      CF4B0241 
  90      147EDFDB 
  90      4D040F45 
  90      5DC23FA0 
  91 0015 1021E82F 		.ascii	"\020!\350/\250C\247JX\352\020\202\204\3555A\352\354"
  91      A843A74A 
  91      58EA1082 
  91      84ED3541 
  91      EAEC
  92 0027 A85B4174 		.ascii	"\250[At\220.A\261\3072+\360\026t\213\316R\211P a\027"
  92      902E41B1 
  92      C7322BF0 
  92      16748BCE 
  92      52895020 
  93 003d 83ED9608 		.ascii	"\203\355\226\010\325\036\312\336h\267\006f\336\314\367"
  93      D51ECADE 
  93      68B70666 
  93      DECCF7
  94 004c DEF7630C 		.ascii	"\336\367c\014\372\277\242\262'@\024\223\012\203\300"
  94      FABFA2B2 
  94      27401493 
  94      0A83C0
  95 005b E53BA242 		.ascii	"\345;\242B\230\001}!P\236\221\307\033w\031\365\353\237"
  95      98017D21 
  95      509E91C7 
  95      1B7719F5 
  95      EB9F
  96 006d 26AC13A5 		.ascii	"&\254\023\245\212\357\305\346sd{2`\242\036\023\342Q"
  96      8AEFC5E6 
  96      73647B32 
  96      60A21E13 
  96      E251
  97 007f C4B40E2A 		.ascii	"\304\264\016*\260H\006\273\356\367S$\344*\245\306t_"
  97      B04806BB 
  97      EEF75324 
  97      E42AA5C6 
  97      745F
ARM GAS  C:\Users\victo\AppData\Local\Temp\ccu90s8d.s 			page 7


  98 0091 1A670889 		.ascii	"\032g\010\211\007\325\306oT\277\337\253\037\370S<\302"
  98      07D5C66F 
  98      54BFDFAB 
  98      1FF8533C 
  98      C2
  99 00a2 14B03806 		.ascii	"\024\2608\006\314&i%\352\310\241M_\231u5Z\270\375\330"
  99      CC266925 
  99      EAC8A14D 
  99      5F997535 
  99      5AB8FDD8 
 100 00b6 7BACAE6A 		.ascii	"{\254\256j\366'\353\004\336U\365\320\3609`\303u\313"
 100      F627EB04 
 100      DE55F5D0 
 100      F03960C3 
 100      75CB
 101 00c8 CAD45E2F 		.ascii	"\312\324^/\235\373Fx\000\221~\326\036\366\375\260\207"
 101      9DFB4678 
 101      00917ED6 
 101      1EF6FDB0 
 101      87
 102 00d9 E3828B80 		.ascii	"\343\202\213\200MT\021\3059$\033.\340\201Z(\266w;\030"
 102      4D5411C5 
 102      39241B2E 
 102      E0815A28 
 102      B6773B18 
 103 00ed 0A1AA229 		.ascii	"\012\032\242)H\351k'>\004L\301D\242qtZ\032\325\212\362"
 103      48E96B27 
 103      3E044CC1 
 103      44A27174 
 103      5A1AD58A 
 104 0102 795C0AB9 		.ascii	"y\\\012\271\215?\2069\010\011\035N\242Z\211\324\274"
 104      8D3F8639 
 104      08091D4E 
 104      A25A89D4 
 104      BC
 105 0113 B3E1E4D6 		.ascii	"\263\341\344\3266\235\365\264\235\335\312e\234T\322"
 105      369DF5B4 
 105      9DDDCA65 
 105      9C54D2
 106 0122 CECECDA4 		.ascii	"\316\316\315\244Vf\227\355\364\302\322b:9\235\310\320"
 106      566697ED 
 106      F4C2D262 
 106      3A399DC8 
 106      D0
 107 0133 2F22FC6D 		.ascii	"/\"\374m\032"
 107      1A
 108              		.text
 109              		.section	.gnu.lto_VBUS_MON_P1_ReadDataReg.2ad46e84,"",%progbits
 110 0000 789C654F 		.ascii	"x\234eO\277KBQ\024>\337y/\221\014\212Z\302\177\340!"
 110      BF4B4251 
 110      143EDF79 
 110      2F910C8A 
 110      5AC27FE0 
 111 0015 8810F517 		.ascii	"\210\020\365\027\324\320T\011RC\010\217\260\267&H\315"
 111      D4D05409 
 111      5243088F 
 111      B0B72648 
ARM GAS  C:\Users\victo\AppData\Local\Temp\ccu90s8d.s 			page 8


 111      CD
 112 0026 5EF595D4 		.ascii	"^\365\225\324$\215\205c\277\205\306h\013\347(\244!\224"
 112      248D8563 
 112      BF85C668 
 112      0BE728A4 
 112      2194
 113 0038 B045C3A0 		.ascii	"\260E\303\240!\023\2547\224\235\253m]\270\367\334\373"
 113      2113AC37 
 113      949DAB6D 
 113      5DB8F7DC 
 113      FB
 114 0049 9DF3FDB8 		.ascii	"\235\363\375\270\006\375_A\331\023 \012I\205A\340\302"
 114      06FD5F41 
 114      D913200A 
 114      498541E0 
 114      C2
 115 005a 1D51C6CF 		.ascii	"\035Q\306\317\200\276\020(\315H\343\225\333\214\333"
 115      80BE1028 
 115      CD48E395 
 115      DB8CDB
 116 0069 EB9F0758 		.ascii	"\353\237\007XGJe\337\313\325\247\300\366\244\307D\035"
 116      474A65DF 
 116      CBD5A7C0 
 116      F6A4C744 
 116      1D
 117 007a 26848308 		.ascii	"&\204\203\010i\035\234\300\"\031l\273\337\217\001\237"
 117      691D9CC0 
 117      22196CBB 
 117      DF8F019F 
 118 008a AB941AD3 		.ascii	"\253\224\032\323}i\234\302'\036t9~\243z\275\316\313"
 118      7D699CC2 
 118      271E7439 
 118      7EA37ABD 
 118      CECB
 119 009c 7E6B9A87 		.ascii	"~k\232\207\230<\026G\217\331$\255D\0159\264i\223YW\243"
 119      983C1647 
 119      8FD924AD 
 119      440D39B4 
 119      69935957 
 120 00b1 867277AF 		.ascii	"\206rw\257[Z\325\354O\326\011\362\273W\325\221\026{"
 120      5B5AD5EC 
 120      4FD609F2 
 120      BB57D591 
 120      167B
 121 00c3 6C28B7A0 		.ascii	"l(\267\240L\355\365\334\270\257\370\373\020\351g\363"
 121      4CEDF5DC 
 121      B8AFF8FB 
 121      10E967F3 
 122 00d3 CDFB182E 		.ascii	"\315\373\030.\3420\343\302c\023g\010\342\034\222\015"
 122      E230E3C2 
 122      63136708 
 122      E21C920D 
 123 00e3 1728826A 		.ascii	"\027(\202j\310\326\363\015\014\004\015\321\024$\367"
 123      C8D6F30D 
 123      0C040DD1 
 123      1424F7
 124 00f2 B5131E00 		.ascii	"\265\023\036\000\246`\"Q98\316\215jE\371<JB\256\343"
ARM GAS  C:\Users\victo\AppData\Local\Temp\ccu90s8d.s 			page 9


 124      A6602251 
 124      3938CE8D 
 124      6A45F93C 
 124      4A42AEE3 
 125 0106 8F61F643 		.ascii	"\217a\366CB\207\223\250V$>\357l8\251\265Mg\335\216%"
 125      428793A8 
 125      56243EEF 
 125      6C38A9B5 
 125      4D67DD8E 
 126 011b B7520927 		.ascii	"\267R\011'\036\215%\347f\342+\263\3131{ai\321\216NE"
 126      1E8D25E7 
 126      66E22BB3 
 126      CB317B61 
 126      69D18E4E 
 127 0130 12F40B33 		.ascii	"\022\364\0133)n\207"
 127      296E87
 128              		.text
 129              		.section	.gnu.lto_VBUS_MON_P1_SetInterruptMode.2ad46e84,"",%progbits
 130 0000 789C6D91 		.ascii	"x\234m\221Mh\023Q\020\307\337\274\267\233\3354\021\213"
 130      4D681351 
 130      10C7DFBC 
 130      B79BDD34 
 130      118B
 131 0012 A7120485 		.ascii	"\247\022\004\205\022\002\012\005\321\2037\305\036<Y"
 131      12020A05 
 131      D18337C5 
 131      1E3C59
 132 0021 03414F81 		.ascii	"\003AO\201 m\224\034\314J\214'\017\335\3244\005\361"
 132      206D941C 
 132      CC4A8C27 
 132      0FDDD434 
 132      05F1
 133 0033 106A9162 		.ascii	"\020j\221b(\032T\332\032M\243U\321\234\226(Z\020\277"
 133      281A54DA 
 133      1A4DA355 
 133      D19C9628 
 133      5A10BF
 134 0046 A0588892 		.ascii	"\240X\210\222\226\232\250\205*\306D\323\370A\234\331"
 134      969AA885 
 134      2AC644D3 
 134      F8419CD9 
 135 0056 8D87A20B 		.ascii	"\215\207\242\013\373\336\233\0373\377\367\237y\202\375"
 135      FBDE9B1F 
 135      33FFF79F 
 135      7982FD
 136 0065 FBB9F0BF 		.ascii	"\373\271\360\277\312\031\333\203;\010\006<\371\234\261"
 136      CA19DB83 
 136      3B08063C 
 136      F99CB1
 137 0074 98CA01E8 		.ascii	"\230\312\001\350\300\200\015r\030\204\025^\345\2204"
 137      C0800D72 
 137      1884155E 
 137      E59034
 138 0083 32E30ECF 		.ascii	"2\343\016\3175]\327\277|\255u\015w5\261\254\306-\031"
 138      355DD7BF 
 138      7CAD750D 
 138      7735B1AC 
ARM GAS  C:\Users\victo\AppData\Local\Temp\ccu90s8d.s 			page 10


 138      C62D19
 139 0096 98040FA6 		.ascii	"\230\004\017\246T\356\247O\213m\300\360\370ty\255\346"
 139      54EEA74F 
 139      8B6DC0F0 
 139      F87479AD 
 139      E6
 140 00a7 FCC89B1C 		.ascii	"\374\310\233\034:)\274\270P\251\013\0129\2470\363h,"
 140      3A29BCB8 
 140      50A90B0A 
 140      39A730F3 
 140      682C
 141 00b9 A7B8AFE8 		.ascii	"\247\270\257\350\372\220Q\314\351{\221\013\230\002\201"
 141      FA9051CC 
 141      E97B910B 
 141      980281
 142 00c8 72300D2E 		.ascii	"r0\015.\270\016.\206\210A\006\334\230\375\241\2712\271"
 142      B80E2E86 
 142      884106DC 
 142      98FDA1B9 
 142      32B9
 143 00da 41EC3475 		.ascii	"A\3544u\227c\227\2769\254\312\237\177+o\374\247\362"
 143      976397BE 
 143      39ACCA9F 
 143      7F2B6FFC 
 143      A7F2
 144 00ec 26B829FD 		.ascii	"&\270)\375\345\303\261w\262\330m\226>\310\326\2379L"
 144      E5C3B177 
 144      B2D86D96 
 144      3EC8D69F 
 144      394C
 145 00fe 4B5B29CC 		.ascii	"K[)\314\217\316\215\333LK\022\205\237.\024R\274;\215"
 145      8FCE8DDB 
 145      4C4B1285 
 145      9F2E1452 
 145      BC3B8D
 146 0111 C24BD323 		.ascii	"\302K\323#O\234\372\234\036_j\265\2664\271\004YK\177"
 146      4F9CFA9C 
 146      1E5F6AB5 
 146      B634B904 
 146      594B7F
 147 0124 06F573E0 		.ascii	"\006\365s\340jO\016K\252\361\337\013\016[\034'\322\011"
 147      6A4F0E4B 
 147      AAF1DF0B 
 147      0E5B1C27 
 147      D209
 148 0136 B7A0DB9A 		.ascii	"\267\240\333\232\006\334\006\033\340Fdf\223\241\267"
 148      06DC061B 
 148      E0466466 
 148      93A1B7
 149 0145 5AB3F3E7 		.ascii	"Z\263\363\347\247\266\013'Gc\262\000\352I\242\243L\213"
 149      A7B60B27 
 149      4763B200 
 149      EA49A2A3 
 149      4C8B
 150 0157 8D519E02 		.ascii	"\215Q\236\002\344WE`\263\023\355\240\205\2612\352\321"
 150      E4574560 
 150      B313EDA0 
ARM GAS  C:\Users\victo\AppData\Local\Temp\ccu90s8d.s 			page 11


 150      85B132EA 
 150      D1
 151 0168 33547068 		.ascii	"3Tph\270\213\"\024\276\237-\345\275tE\203\323\233d?"
 151      B88B2214 
 151      BE9F2DE5 
 151      BD744583 
 151      D39B643F 
 152 017c 0F6755EA 		.ascii	"\017gU\352A9\027O\352f\037\213\345\027\257,dz\274\234"
 152      4139174F 
 152      EA661F8B 
 152      E517AF2C 
 152      647ABC9C 
 153 0190 7A5CDD38 		.ascii	"z\\\3358\001\251X\034\232\\\205Y\354\341\016\365\000"
 153      01A9581C 
 153      9A5C8559 
 153      ECE10EF5 
 153      00
 154 01a1 77610258 		.ascii	"wa\002X\021\206J#\277dKPj\340\340\220\374H\254J\026"
 154      11864A23 
 154      BF644B50 
 154      6AE0E090 
 154      FC48AC4A 
 155 01b6 91112239 		.ascii	"\221\021\"9\263\226X\005\213\320\275\310\331k\340f\243"
 155      B3965805 
 155      8BD0BDC8 
 155      D96BE066 
 155      A3
 156 01c7 681EA195 		.ascii	"h\036\241\225\363>\377\266\235\245\242R\003\015\220"
 156      F33EFFB6 
 156      9DA5A252 
 156      030D90
 157 01d6 BC62213B 		.ascii	"\274b!;RJ\253'\346\333\342\035\246\232\035aa4\275\231"
 157      524AAB27 
 157      E6DBE21D 
 157      A69A1D61 
 157      6134BD99 
 158 01ea D83ABB31 		.ascii	"\330:\2731C^o\370\036\032\306*V\202\230\361\246\217"
 158      435E6FF8 
 158      1E1AC62A 
 158      568298F1 
 158      A68F
 159 01fc F2E919CA 		.ascii	"\362\351\031\312\034h68)O\217\177\1770\034\214\034\211"
 159      1C683638 
 159      294F8F7F 
 159      7F301C8C 
 159      1C89
 160 020e 0607023E 		.ascii	"\006\007\002>\355T\244?\350\367\372\264\336]\376\303"
 160      ED54A43F 
 160      E8F7FAB4 
 160      DE5DFEC3 
 161 021e FB0EF902 		.ascii	"\373\016\371\002\007\016\366\005\274;z\372\231zB;\031"
 161      070EF605 
 161      BC3B7AFA 
 161      997A423B 
 161      19
 162 022f 8A86B4B0 		.ascii	"\212\206\264\260t\\\033\010*\241p4\322{\364\330\037"
 162      745C1B08 
ARM GAS  C:\Users\victo\AppData\Local\Temp\ccu90s8d.s 			page 12


 162      2AA17034 
 162      D27BF4D8 
 162      1F
 163 0240 985BFE9D 		.ascii	"\230[\376\235"
 164              		.text
 165              		.section	.gnu.lto_VBUS_MON_P1_ClearInterrupt.2ad46e84,"",%progbits
 166 0000 789C6590 		.ascii	"x\234e\220OHTQ\024\306\317w\356\323\006\246\205\264"
 166      4F485451 
 166      14C6CF77 
 166      EED306A6 
 166      85B4
 167 0012 8AD9B470 		.ascii	"\212\331\264p1\030!\010\321\242e.ZU\302P\253\201a\320"
 167      31182108 
 167      D1A2652E 
 167      5A55C250 
 167      AB8161D0 
 168 0026 B78A1466 		.ascii	"\267\212\024f\306m\336\261W\203\272\031\014!\220Y\270"
 168      C66DDEB1 
 168      5783BA19 
 168      0C219059 
 168      B8
 169 0037 10CDBF20 		.ascii	"\020\315\277 m\202\204a\210\332\2102\004\032CL\003\032"
 169      6D828461 
 169      88DA8832 
 169      041A434C 
 169      031A
 170 0049 4D1B49B4 		.ascii	"M\033I\264\251W\351\353\234\031\027\211\027.\367\336"
 170      A957E9EB 
 170      9C191789 
 170      172EF7DE 
 171 0059 EF9EEFBB 		.ascii	"\357\236\357\273\277s\015\235\037\021\231\257@tCV\030"
 171      BF730D9D 
 171      1F1199AF 
 171      40744356 
 171      18
 172 006a 02E73789 		.ascii	"\002\3477\211\262!\006tC\240\021\306\010\276\361\001"
 172      B2210674 
 172      43A011C6 
 172      08BEF101 
 173 007a 63E3F5C9 		.ascii	"c\343\365\311\007Dg\255\035\375^\372\363)\374\364\262"
 173      074467AD 
 173      1DFD5EFA 
 173      F329FCF4 
 173      B2
 174 008b CF44874C 		.ascii	"\317D\207L\270\026A\227\346`\016Q\222\302\251\335\261"
 174      B8164197 
 174      E6600E51 
 174      92C2A9DD 
 174      B1
 175 009c 7D98ABD0 		.ascii	"}\230\253\320}#\230X\010u\316\210\251V\315\275\013\333"
 175      7D239858 
 175      0875CE88 
 175      A956CDBD 
 175      0BDB
 176 00ae 17D6AB05 		.ascii	"\027\326\253\005\301\025\261b\036\346\177\267\0161\034"
 176      C115B162 
 176      1EE67FB7 
ARM GAS  C:\Users\victo\AppData\Local\Temp\ccu90s8d.s 			page 13


 176      0E311C
 177 00bd 78C73BE1 		.ascii	"x\307;\341v\317Z\333\201\227\350\324\007$y\001\355\002"
 177      76CF5ADB 
 177      8197E8D4 
 177      07247901 
 177      ED02
 178 00cf 0955562F 		.ascii	"\011UV/\025m\020\034\356?\237\277i.0\371,\330>\263C"
 178      156D101C 
 178      EE3F9FBF 
 178      692E30F9 
 178      2CD83EB3 
 179 00e4 7AD9A667 		.ascii	"z\331\246g\242=1)\377\027f]M\005\245\306xc\375\261\346"
 179      A23D3129 
 179      FF17665D 
 179      4D05A5C6 
 179      7863FDB1 
 180 00f9 FC646DE6 		.ascii	"\374dm\346\315\321\217\011\256\263\317&\357\345\255"
 180      CDD18F09 
 180      AEB3CF26 
 180      EFE5AD
 181 0108 A32F7FDE 		.ascii	"\243/\177\336\333*\207\232R\023\344k\275\370\333\024"
 181      DB2A879A 
 181      5213E46B 
 181      BDF8DB14 
 182 0118 309DF5E0 		.ascii	"0\235\365\340\263\203ED\260\004\001\3052\012\240\012"
 182      B3834544 
 182      B00401C5 
 182      320AA00A 
 183 0128 463FE6FE 		.ascii	"F?\346\376r+\320H\246(O~={\213\226\342\210(\031\357"
 183      722BD048 
 183      A6284F7E 
 183      3D7B8B96 
 183      E2882819 
 184 013d 0BF53547 		.ascii	"\013\3655G#\005\012+\342\336F\323\242\250R\244)\325"
 184      23050A2B 
 184      E2DE46D3 
 184      A2A852A4 
 184      29D5
 185 014f DCC97ABC 		.ascii	"\334\311z\274ejkI\245\311f\310\031\204l\221\317B\254"
 185      656A6B49 
 185      A5C966C8 
 185      19846C91 
 185      CF42AC
 186 0162 0A8438A8 		.ascii	"\012\2048\250\212l\261\274u\312\341\220\266\016mY> "
 186      8A6CB1BC 
 186      75CAE190 
 186      B60E6D59 
 186      3E20
 187 0174 DA1DBFED 		.ascii	"\332\035\277\355\016\272\251d\306\035H\304\206\206S"
 187      0EBAA964 
 187      C61D48C4 
 187      868653
 188 0183 FD6EBC2F 		.ascii	"\375n\274/6\324{=\376\340\326\375X\342\316\275\273\211"
 188      36D47B3D 
 188      FEE0D6FD 
 188      58E2CEBD 
 188      BB89
ARM GAS  C:\Users\victo\AppData\Local\Temp\ccu90s8d.s 			page 14


 189 0195 BE9EEE7E 		.ascii	"\276\236\356~\272\370(\231~\350\016\3042\311\314p\372"
 189      BAF82899 
 189      7EE80EC4 
 189      32C9CC70 
 189      FA
 190 01a6 1F4057AB 		.ascii	"\037@W\253\241"
 190      A1
 191              		.text
 192              		.section	.gnu.lto_.symbol_nodes.2ad46e84,"",%progbits
 193 0000 789C55C7 		.ascii	"x\234U\307;\015\000 \020D\301w\037\022tbd-\240\200\240"
 193      3B0D0020 
 193      1044C177 
 193      1F127462 
 193      642DA080 
 194 0015 084D3414 		.ascii	"\010M4\024\334t\023\300\340q\004\363\200\304\332\035"
 194      DC7413C0 
 194      E07104F3 
 194      80C4DA1D 
 195 0025 3759B9CB 		.ascii	"7Y\271\313\313CQ\236\312\362\246\366\237\013\351b\031"
 195      CB43519E 
 195      CAF2A6F6 
 195      9F0BE962 
 195      19
 196 0036 56       		.ascii	"V"
 197              		.text
 198              		.section	.gnu.lto_.refs.2ad46e84,"",%progbits
 199 0000 789C6366 		.ascii	"x\234cf```d\200\002\000\000=\000\005"
 199      60606064 
 199      80020000 
 199      3D0005
 200              		.text
 201              		.section	.gnu.lto_.decls.2ad46e84,"",%progbits
 202 0000 789C8D54 		.ascii	"x\234\215ToL[U\024\277\347\335\266\320G\245\370\005"
 202      6F4C5B55 
 202      14BFE7DD 
 202      B6D047A5 
 202      F805
 203 0012 96668925 		.ascii	"\226f\211%&\250\011!a\030\3437\023Y2\375\260\331\214"
 203      26A80921 
 203      6118E337 
 203      135932FD 
 203      B0D98C
 204 0025 4C3F8C84 		.ascii	"L?\214\2044\360\262\221\030X\352c\311\276\335A\204\306"
 204      34F0B291 
 204      1858EA63 
 204      C9BEDD41 
 204      84C6
 205 0037 4C8284A5 		.ascii	"L\202\204\245\014\347 \201\341`\356\217\243\302\272"
 205      0CE72081 
 205      E160EE8F 
 205      A3C2BA
 206 0046 B1AEC090 		.ascii	"\261\256\300\220M\350\006\231\012\303E:'C3A\234DA\026"
 206      4DE80699 
 206      0AC3453A 
 206      27433341 
 206      9C444116 
 207 005a 9FE7DEF7 		.ascii	"\237\347\336\367\332\276\261\316p\223\323\366\236w\177"
ARM GAS  C:\Users\victo\AppData\Local\Temp\ccu90s8d.s 			page 15


 207      DABEB1CE 
 207      7093D3F6 
 207      9E777F
 208 0069 BFF3BBE7 		.ascii	"\277\363\273\347w^)!\244\003\010\321\370\262\020\362"
 208      775E2921 
 208      A40308D1 
 208      F8B210F2 
 209 0079 0FEED330 		.ascii	"\017\356\3230<$\271l\030\0270\202\030\003\030!\214\021"
 209      3C24B96C 
 209      18173082 
 209      18031821 
 209      8C11
 210 008b 8C51F2F4 		.ascii	"\214Q\362\364\342\347\254\006\376\014F.\306\024\306"
 210      E2E7AC06 
 210      FE0C462E 
 210      C614C6
 211 009a A4F11C8C 		.ascii	"\244\361\034\2143\033W\320\250c\306e\247\300\006S`\007"
 211      331B57D0 
 211      A863C665 
 211      A7C00653 
 211      6007
 212 00ac 8C9AFF87 		.ascii	"\214\232\377\207\033H\201\013m\002\027J\201\343w\267"
 212      1B48810B 
 212      6D02174A 
 212      81E377B7 
 213 00bc 1B5A3331 		.ascii	"\033Z31\034\030a\214\250\301\343N\3013\222\202gt\023"
 213      1C18618C 
 213      A8C1E34E 
 213      C1339282 
 213      677413
 214 00cf F553F5F8 		.ascii	"\365S\365\370\017\011\306\177Z\375\323\361\213\004\231"
 214      0F09C67F 
 214      5AFDD3F1 
 214      8B0499
 215 00de 7216DFB6 		.ascii	"r\026\337\266M\317\257P\334:d\211o\277\277\332\320\220"
 215      4DCFAF50 
 215      DC3A6489 
 215      6FBFBFDA 
 215      D090
 216 00f0 4E25E0BF 		.ascii	"N%\340\277;[\357}+\347\3672\306\374,\022\201$\305\341"
 216      3B5BEF7D 
 216      2BE7F732 
 216      C6FC2C12 
 216      8124C5E1 
 217 0104 EECB47D2 		.ascii	"\356\313G\322\020\223-\213m\343x\333\020\025[\215\343"
 217      10932D8B 
 217      6DE378DB 
 217      10155B8D 
 217      E3
 218 0115 A43B775A 		.ascii	"\244;wZ\326(\310y~\306j\331r3\243[\010\344\273\340\025"
 218      D628C879 
 218      7EC66AD9 
 218      7233A35B 
 218      08E4BBE0 
 219 012a 1781B390 		.ascii	"\027\201\263\220\207\307\240\027\362\011\234\006\027"
 219      87C7A017 
 219      F2099C06 
ARM GAS  C:\Users\victo\AppData\Local\Temp\ccu90s8d.s 			page 16


 219      17
 220 0137 7C012ED2 		.ascii	"|\001.\322\205\005\226\333\227g\2672f\2013 C\017Pq\002"
 220      850596DB 
 220      9767B732 
 220      66813320 
 220      430F5071 
 221 014c AFC12B18 		.ascii	"\257\301+\030E\233>\034j\262X$L\3623{-<7\0218>\234\221"
 221      459B3E1C 
 221      6AB25824 
 221      4CF2337B 
 221      2D3C3711 
 222 0164 7394F155 		.ascii	"s\224\361U\307\262$\360d\303\347H{\012i\011\234\207"
 222      C7B224F0 
 222      64C3E748 
 222      7B0A6909 
 222      9C87
 223 0176 1CFC3C07 		.ascii	"\034\374<\007\026\235`\366\346Lg:-\022W\033\274\337"
 223      169D60F6 
 223      E64C673A 
 223      2D12571B 
 223      BCDF
 224 0188 B52AB94F 		.ascii	"\265*\271O\260\216\363\313\307\353\036x>\251c-,\246"
 224      B08EF3CB 
 224      C7EB1E78 
 224      3EA9632D 
 224      2CA6
 225 019a 692F0810 		.ascii	"i/\010\020|\231\020@\370o\275\243\027\300\215\300X\347"
 225      7C991040 
 225      F86FBDA3 
 225      17C08DC0 
 225      58E7
 226 01ac FA5D4A55 		.ascii	"\372]JUA\342?ve\3559A\022\233\033Q\"\265\354\261\246"
 226      41E23F76 
 226      65ED3941 
 226      129B1B51 
 226      22B5ECB1 
 227 01c1 519DA1CF 		.ascii	"Q\235\241\317\304\320\027g\010\012\206\350\351\033\365"
 227      C4D01767 
 227      080A86E8 
 227      E91BF5
 228 01d0 60D6CCAF 		.ascii	"`\326\314\257\223\024\375\225\020\275\327\320\034\036"
 228      9314FD95 
 228      10BDD7D0 
 228      1C1E
 229 01de 1B5EB4D2 		.ascii	"\033^\264\322z\020\365z~m\354u\352\365Z\347\223\365"
 229      7A10F57A 
 229      7E6DEC75 
 229      EAF55AE7 
 229      93F5
 230 01f0 1001FDA6 		.ascii	"\020\001\375\246z\375\361z\003\242\336\343\223\201\006"
 230      7AFDF17A 
 230      03A2DEE3 
 230      938106
 231 01ff 0B0DE814 		.ascii	"\013\015\350\024m\013K?f\012\212\216\211\223\266S,\242"
 231      6D0B4B3F 
 231      660A8A8E 
 231      8993B653 
ARM GAS  C:\Users\victo\AppData\Local\Temp\ccu90s8d.s 			page 17


 231      2CA2
 232 0211 696F0882 		.ascii	"io\010\202\213&\202\213q\202\220 \370\354\321\322\240"
 232      8B26828B 
 232      71829020 
 232      F8ECD1D2 
 232      A0
 233 0222 9D9ED309 		.ascii	"\235\236\323\011\342\326\273u\353\003\017W\203\351b"
 233      E2D6BB75 
 233      EB030F57 
 233      83E962
 234 0231 CBA5A0F7 		.ascii	"\313\245\240\367\335\223\177\267eB\236\254\233\372H"
 234      DD937FB7 
 234      65429EAC 
 234      9BFA48
 235 0240 37358C37 		.ascii	"75\2147\274\2244\325m\230*\346\003{`}\231$\032\000W"
 235      BC9434D5 
 235      6D982AE6 
 235      037B607D 
 235      99241A00 
 236 0255 7042DCC6 		.ascii	"pB\334\306\204\\\306\344 &\261P\373\330o\3379\205\373"
 236      845CC6E4 
 236      2026B150 
 236      FBD86FDF 
 236      3985FB
 237 0268 E184FBB3 		.ascii	"\341\204\373\263\267\177\350\261'rWA$Oh\341\220\345"
 237      B77FE8B1 
 237      27725741 
 237      244F68E1 
 237      90E5
 238 027a 99233124 		.ascii	"\231#1$\272\033\211\217\304_\365\335\277;i\277~\265"
 238      BA1B898F 
 238      C45FF5DD 
 238      BF3B69BF 
 238      7EB5
 239 028c 68607A86 		.ascii	"h`z\206\0323q\177\241\360\030\3538\314\376\325p\244"
 239      1A33717F 
 239      A1F018EB 
 239      38CCFED5 
 239      70A4
 240 029e 390A864D 		.ascii	"9\012\206M\015\032\2167hD4\250qi\374\201\223\336\326"
 240      0D1A8E37 
 240      684434A8 
 240      7169FC81 
 240      93DED6
 241 02b1 59821F2F 		.ascii	"Y\202\037/\316\351\223\025\273\273\360\244I\327L\024"
 241      CEE99315 
 241      BBBBF0A4 
 241      49D74C14 
 242 02c1 D7E214A3 		.ascii	"\327\342\024\243\202\"tv%\232!^J7'\271\324|\275\325"
 242      82227476 
 242      259A215E 
 242      4A3727B9 
 242      D47CBDD5 
 243 02d5 265E4A71 		.ascii	"&^Jq'\177s\377C+]z\322\201\\\335\201\271O\327\272\354"
 243      277F73FF 
 243      432B5D7A 
 243      D2815CDD 
ARM GAS  C:\Users\victo\AppData\Local\Temp\ccu90s8d.s 			page 18


 243      81B94FD7 
 244 02eb 62CBFF86 		.ascii	"b\313\377\206\235<uofz0\215\256\210\343\322bK\255\226"
 244      9D3C756F 
 244      667A308D 
 244      AE88E3D2 
 244      624BAD96 
 245 02ff 91306445 		.ascii	"\2210dE7$\212\375\032O\032\222k6\244\251\216\331\337"
 245      37248AFD 
 245      1A4F1A92 
 245      6B36A4A9 
 245      8ED9DF
 246 0312 22F035F6 		.ascii	"\"\3605\366l\214\0332\201\206\344\032\206\334\300\344"
 246      6C8C1B32 
 246      8186E41A 
 246      86DCC0E4 
 247 0322 37BA21A1 		.ascii	"7\272!\241\243Sc\262\354\347M\336\034B\212\3645\255"
 247      A35363B2 
 247      ECE74DDE 
 247      1C428AF4 
 247      35AD
 248 0334 3B0C25B1 		.ascii	";\014%\261#}]\022W2\211J\256'\225\334\204\244\224\247"
 248      237D5D12 
 248      5732894A 
 248      AE2795DC 
 248      84A494A7 
 249 0348 896FA596 		.ascii	"\211o\245\2262\377s\373\272\315\361QB\274 \215\203\010"
 249      32FF73FB 
 249      BACDF151 
 249      42BC208D 
 249      8308
 250 035a 4C814374 		.ascii	"L\201Ct\232\177[k*\253\324\327m;v\355q\027\223\027\013"
 250      9A7F5B6B 
 250      2AABD4D7 
 250      6D3B76ED 
 250      71179317 
 251 036f 4A772855 		.ascii	"Jw(U\212\317\253*\025e%\3255\276r\245\324SR]\374ji\371"
 251      8ACFAB2A 
 251      156525D5 
 251      35BE72A5 
 251      D453525D 
 252 0387 21F5D001 		.ascii	"!\365\320\001\345\203\202\375d\313\273o\356))\333\371"
 252      E58382FD 
 252      64CBBB6F 
 252      EE2929DB 
 252      F9
 253 0398 CEAE324F 		.ascii	"\316\2562OaY\211\242n\367U\036TvVW(/=\023lB\024\224"
 253      615989A2 
 253      6EF7551E 
 253      54765657 
 253      282F3D13 
 254 03b0 93E7CD04 		.ascii	"\223\347\315\004\357\371*U%\313\234\331\255x+r6&\266"
 254      EFF92A55 
 254      25CB9CD9 
 254      AD782B72 
 254      3626B6
 255 03c3 7B55EF6E 		.ascii	"{U\357ne\237\215\213-|m\353\006\011oW\251\212\317Ws"
 255      659F8D8B 
ARM GAS  C:\Users\victo\AppData\Local\Temp\ccu90s8d.s 			page 19


 255      2D7C6DEB 
 255      06096F57 
 255      A98ACF57 
 256 03d8 40E5325C 		.ascii	"@\3452\\\346\207\305\357+^_\342\261\325\247\354+\332"
 256      E687C5EF 
 256      2B5E5FE2 
 256      B1D5A7EC 
 256      2BDA
 257 03ea 26488AB6 		.ascii	"&H\212\266\375\007\307-\0001"
 257      FD07C72D 
 257      0031
 258              		.text
 259              		.section	.gnu.lto_.symtab.2ad46e84,"",%progbits
 260 0000 56425553 		.ascii	"VBUS_MON_P1_SetDriveMode\000\000\000\000\000\000\000"
 260      5F4D4F4E 
 260      5F50315F 
 260      53657444 
 260      72697665 
 261 001f 00000000 		.ascii	"\000\000\000\000\000\262\000\000\000VBUS_MON_P1_Wri"
 261      00B20000 
 261      00564255 
 261      535F4D4F 
 261      4E5F5031 
 262 0037 74650000 		.ascii	"te\000\000\000\000\000\000\000\000\000\000\000\000\264"
 262      00000000 
 262      00000000 
 262      0000B4
 263 0046 00000056 		.ascii	"\000\000\000VBUS_MON_P1_Read\000\000\000\000\000\000"
 263      4255535F 
 263      4D4F4E5F 
 263      50315F52 
 263      65616400 
 264 005f 00000000 		.ascii	"\000\000\000\000\000\000\267\000\000\000VBUS_MON_P1"
 264      0000B700 
 264      00005642 
 264      55535F4D 
 264      4F4E5F50 
 265 0074 5F526561 		.ascii	"_ReadDataReg\000\000\000\000\000\000\000\000\000\000"
 265      64446174 
 265      61526567 
 265      00000000 
 265      00000000 
 266 008a 0000B900 		.ascii	"\000\000\271\000\000\000VBUS_MON_P1_SetInterruptMod"
 266      00005642 
 266      55535F4D 
 266      4F4E5F50 
 266      315F5365 
 267 00ab 65000000 		.ascii	"e\000\000\000\000\000\000\000\000\000\000\000\000\303"
 267      00000000 
 267      00000000 
 267      00C3
 268 00b9 00000056 		.ascii	"\000\000\000VBUS_MON_P1_ClearInterrupt\000\000\000\000"
 268      4255535F 
 268      4D4F4E5F 
 268      50315F43 
 268      6C656172 
 269 00da 00000000 		.ascii	"\000\000\000\000\000\000\000\000\305\000\000\000"
ARM GAS  C:\Users\victo\AppData\Local\Temp\ccu90s8d.s 			page 20


 269      00000000 
 269      C5000000 
 270              		.text
 271              		.section	.gnu.lto_.opts,"",%progbits
 272 0000 272D666E 		.ascii	"'-fno-trapv' '-mcpu=cortex-m0' '-mthumb' '-g' '-Os'"
 272      6F2D7472 
 272      61707627 
 272      20272D6D 
 272      6370753D 
 273 0033 20272D57 		.ascii	" '-Werror' '-ffunction-sections' '-finline-function"
 273      6572726F 
 273      72272027 
 273      2D666675 
 273      6E637469 
 274 0066 73272027 		.ascii	"s' '-flto' '-ffat-lto-objects' '-fno-strict-aliasin"
 274      2D666C74 
 274      6F272027 
 274      2D666661 
 274      742D6C74 
 275 0099 672700   		.ascii	"g'\000"
 276              		.text
 277              		.cfi_sections	.debug_frame
 278              		.section	.text.VBUS_MON_P1_SetDriveMode,"ax",%progbits
 279              		.align	1
 280              		.global	VBUS_MON_P1_SetDriveMode
 281              		.code	16
 282              		.thumb_func
 283              		.type	VBUS_MON_P1_SetDriveMode, %function
 284              	VBUS_MON_P1_SetDriveMode:
 285              	.LFB0:
 286              		.file 1 ".\\Generated_Source\\PSoC4\\VBUS_MON_P1.c"
   1:.\Generated_Source\PSoC4/VBUS_MON_P1.c **** /*******************************************************************************
   2:.\Generated_Source\PSoC4/VBUS_MON_P1.c **** * File Name: VBUS_MON_P1.c  
   3:.\Generated_Source\PSoC4/VBUS_MON_P1.c **** * Version 2.20
   4:.\Generated_Source\PSoC4/VBUS_MON_P1.c **** *
   5:.\Generated_Source\PSoC4/VBUS_MON_P1.c **** * Description:
   6:.\Generated_Source\PSoC4/VBUS_MON_P1.c **** *  This file contains API to enable firmware control of a Pins component.
   7:.\Generated_Source\PSoC4/VBUS_MON_P1.c **** *
   8:.\Generated_Source\PSoC4/VBUS_MON_P1.c **** ********************************************************************************
   9:.\Generated_Source\PSoC4/VBUS_MON_P1.c **** * Copyright 2008-2015, Cypress Semiconductor Corporation.  All rights reserved.
  10:.\Generated_Source\PSoC4/VBUS_MON_P1.c **** * You may use this file only in accordance with the license, terms, conditions, 
  11:.\Generated_Source\PSoC4/VBUS_MON_P1.c **** * disclaimers, and limitations in the end user license agreement accompanying 
  12:.\Generated_Source\PSoC4/VBUS_MON_P1.c **** * the software package with which this file was provided.
  13:.\Generated_Source\PSoC4/VBUS_MON_P1.c **** *******************************************************************************/
  14:.\Generated_Source\PSoC4/VBUS_MON_P1.c **** 
  15:.\Generated_Source\PSoC4/VBUS_MON_P1.c **** #include "cytypes.h"
  16:.\Generated_Source\PSoC4/VBUS_MON_P1.c **** #include "VBUS_MON_P1.h"
  17:.\Generated_Source\PSoC4/VBUS_MON_P1.c **** 
  18:.\Generated_Source\PSoC4/VBUS_MON_P1.c **** 
  19:.\Generated_Source\PSoC4/VBUS_MON_P1.c **** #if defined(VBUS_MON_P1__PC)
  20:.\Generated_Source\PSoC4/VBUS_MON_P1.c ****     #define VBUS_MON_P1_SetP4PinDriveMode(shift, mode)  \
  21:.\Generated_Source\PSoC4/VBUS_MON_P1.c ****     do { \
  22:.\Generated_Source\PSoC4/VBUS_MON_P1.c ****         VBUS_MON_P1_PC =   (VBUS_MON_P1_PC & \
  23:.\Generated_Source\PSoC4/VBUS_MON_P1.c ****                                 (uint32)(~(uint32)(VBUS_MON_P1_DRIVE_MODE_IND_MASK << \
  24:.\Generated_Source\PSoC4/VBUS_MON_P1.c ****                                 (VBUS_MON_P1_DRIVE_MODE_BITS * (shift))))) | \
  25:.\Generated_Source\PSoC4/VBUS_MON_P1.c ****                                 (uint32)((uint32)(mode) << \
  26:.\Generated_Source\PSoC4/VBUS_MON_P1.c ****                                 (VBUS_MON_P1_DRIVE_MODE_BITS * (shift))); \
ARM GAS  C:\Users\victo\AppData\Local\Temp\ccu90s8d.s 			page 21


  27:.\Generated_Source\PSoC4/VBUS_MON_P1.c ****     } while (0)
  28:.\Generated_Source\PSoC4/VBUS_MON_P1.c **** #else
  29:.\Generated_Source\PSoC4/VBUS_MON_P1.c ****     #if (CY_PSOC4_4200L)
  30:.\Generated_Source\PSoC4/VBUS_MON_P1.c ****         #define VBUS_MON_P1_SetP4PinDriveMode(shift, mode)  \
  31:.\Generated_Source\PSoC4/VBUS_MON_P1.c ****         do { \
  32:.\Generated_Source\PSoC4/VBUS_MON_P1.c ****             VBUS_MON_P1_USBIO_CTRL_REG = (VBUS_MON_P1_USBIO_CTRL_REG & \
  33:.\Generated_Source\PSoC4/VBUS_MON_P1.c ****                                     (uint32)(~(uint32)(VBUS_MON_P1_DRIVE_MODE_IND_MASK << \
  34:.\Generated_Source\PSoC4/VBUS_MON_P1.c ****                                     (VBUS_MON_P1_DRIVE_MODE_BITS * (shift))))) | \
  35:.\Generated_Source\PSoC4/VBUS_MON_P1.c ****                                     (uint32)((uint32)(mode) << \
  36:.\Generated_Source\PSoC4/VBUS_MON_P1.c ****                                     (VBUS_MON_P1_DRIVE_MODE_BITS * (shift))); \
  37:.\Generated_Source\PSoC4/VBUS_MON_P1.c ****         } while (0)
  38:.\Generated_Source\PSoC4/VBUS_MON_P1.c ****     #endif
  39:.\Generated_Source\PSoC4/VBUS_MON_P1.c **** #endif
  40:.\Generated_Source\PSoC4/VBUS_MON_P1.c ****   
  41:.\Generated_Source\PSoC4/VBUS_MON_P1.c **** 
  42:.\Generated_Source\PSoC4/VBUS_MON_P1.c **** #if defined(VBUS_MON_P1__PC) || (CY_PSOC4_4200L) 
  43:.\Generated_Source\PSoC4/VBUS_MON_P1.c ****     /*******************************************************************************
  44:.\Generated_Source\PSoC4/VBUS_MON_P1.c ****     * Function Name: VBUS_MON_P1_SetDriveMode
  45:.\Generated_Source\PSoC4/VBUS_MON_P1.c ****     ****************************************************************************//**
  46:.\Generated_Source\PSoC4/VBUS_MON_P1.c ****     *
  47:.\Generated_Source\PSoC4/VBUS_MON_P1.c ****     * \brief Sets the drive mode for each of the Pins component's pins.
  48:.\Generated_Source\PSoC4/VBUS_MON_P1.c ****     * 
  49:.\Generated_Source\PSoC4/VBUS_MON_P1.c ****     * <b>Note</b> This affects all pins in the Pins component instance. Use the
  50:.\Generated_Source\PSoC4/VBUS_MON_P1.c ****     * Per-Pin APIs if you wish to control individual pin's drive modes.
  51:.\Generated_Source\PSoC4/VBUS_MON_P1.c ****     *
  52:.\Generated_Source\PSoC4/VBUS_MON_P1.c ****     * <b>Note</b> USBIOs have limited drive functionality. Refer to the Drive Mode
  53:.\Generated_Source\PSoC4/VBUS_MON_P1.c ****     * parameter for more information.
  54:.\Generated_Source\PSoC4/VBUS_MON_P1.c ****     *
  55:.\Generated_Source\PSoC4/VBUS_MON_P1.c ****     * \param mode
  56:.\Generated_Source\PSoC4/VBUS_MON_P1.c ****     *  Mode for the selected signals. Valid options are documented in 
  57:.\Generated_Source\PSoC4/VBUS_MON_P1.c ****     *  \ref driveMode.
  58:.\Generated_Source\PSoC4/VBUS_MON_P1.c ****     *
  59:.\Generated_Source\PSoC4/VBUS_MON_P1.c ****     * \return
  60:.\Generated_Source\PSoC4/VBUS_MON_P1.c ****     *  None
  61:.\Generated_Source\PSoC4/VBUS_MON_P1.c ****     *
  62:.\Generated_Source\PSoC4/VBUS_MON_P1.c ****     * \sideeffect
  63:.\Generated_Source\PSoC4/VBUS_MON_P1.c ****     *  If you use read-modify-write operations that are not atomic, the ISR can
  64:.\Generated_Source\PSoC4/VBUS_MON_P1.c ****     *  cause corruption of this function. An ISR that interrupts this function 
  65:.\Generated_Source\PSoC4/VBUS_MON_P1.c ****     *  and performs writes to the Pins component Drive Mode registers can cause 
  66:.\Generated_Source\PSoC4/VBUS_MON_P1.c ****     *  corrupted port data. To avoid this issue, you should either use the Per-Pin
  67:.\Generated_Source\PSoC4/VBUS_MON_P1.c ****     *  APIs (primary method) or disable interrupts around this function.
  68:.\Generated_Source\PSoC4/VBUS_MON_P1.c ****     *
  69:.\Generated_Source\PSoC4/VBUS_MON_P1.c ****     * \funcusage
  70:.\Generated_Source\PSoC4/VBUS_MON_P1.c ****     *  \snippet VBUS_MON_P1_SUT.c usage_VBUS_MON_P1_SetDriveMode
  71:.\Generated_Source\PSoC4/VBUS_MON_P1.c ****     *******************************************************************************/
  72:.\Generated_Source\PSoC4/VBUS_MON_P1.c ****     void VBUS_MON_P1_SetDriveMode(uint8 mode)
  73:.\Generated_Source\PSoC4/VBUS_MON_P1.c ****     {
 287              		.loc 1 73 0
 288              		.cfi_startproc
 289              	.LVL0:
  74:.\Generated_Source\PSoC4/VBUS_MON_P1.c **** 		VBUS_MON_P1_SetP4PinDriveMode(VBUS_MON_P1__0__SHIFT, mode);
 290              		.loc 1 74 0
 291 0000 0721     		mov	r1, #7
 292 0002 034A     		ldr	r2, .L2
  75:.\Generated_Source\PSoC4/VBUS_MON_P1.c ****     }
 293              		.loc 1 75 0
 294              		@ sp needed
ARM GAS  C:\Users\victo\AppData\Local\Temp\ccu90s8d.s 			page 22


  74:.\Generated_Source\PSoC4/VBUS_MON_P1.c **** 		VBUS_MON_P1_SetP4PinDriveMode(VBUS_MON_P1__0__SHIFT, mode);
 295              		.loc 1 74 0
 296 0004 1368     		ldr	r3, [r2]
 297 0006 8B43     		bic	r3, r1
 298 0008 1843     		orr	r0, r3
 299              	.LVL1:
 300 000a 1060     		str	r0, [r2]
 301              		.loc 1 75 0
 302 000c 7047     		bx	lr
 303              	.L3:
 304 000e C046     		.align	2
 305              	.L2:
 306 0010 08020440 		.word	1074004488
 307              		.cfi_endproc
 308              	.LFE0:
 309              		.size	VBUS_MON_P1_SetDriveMode, .-VBUS_MON_P1_SetDriveMode
 310              		.section	.text.VBUS_MON_P1_Write,"ax",%progbits
 311              		.align	1
 312              		.global	VBUS_MON_P1_Write
 313              		.code	16
 314              		.thumb_func
 315              		.type	VBUS_MON_P1_Write, %function
 316              	VBUS_MON_P1_Write:
 317              	.LFB1:
  76:.\Generated_Source\PSoC4/VBUS_MON_P1.c **** #endif
  77:.\Generated_Source\PSoC4/VBUS_MON_P1.c **** 
  78:.\Generated_Source\PSoC4/VBUS_MON_P1.c **** 
  79:.\Generated_Source\PSoC4/VBUS_MON_P1.c **** /*******************************************************************************
  80:.\Generated_Source\PSoC4/VBUS_MON_P1.c **** * Function Name: VBUS_MON_P1_Write
  81:.\Generated_Source\PSoC4/VBUS_MON_P1.c **** ****************************************************************************//**
  82:.\Generated_Source\PSoC4/VBUS_MON_P1.c **** *
  83:.\Generated_Source\PSoC4/VBUS_MON_P1.c **** * \brief Writes the value to the physical port (data output register), masking
  84:.\Generated_Source\PSoC4/VBUS_MON_P1.c **** *  and shifting the bits appropriately. 
  85:.\Generated_Source\PSoC4/VBUS_MON_P1.c **** *
  86:.\Generated_Source\PSoC4/VBUS_MON_P1.c **** * The data output register controls the signal applied to the physical pin in 
  87:.\Generated_Source\PSoC4/VBUS_MON_P1.c **** * conjunction with the drive mode parameter. This function avoids changing 
  88:.\Generated_Source\PSoC4/VBUS_MON_P1.c **** * other bits in the port by using the appropriate method (read-modify-write or
  89:.\Generated_Source\PSoC4/VBUS_MON_P1.c **** * bit banding).
  90:.\Generated_Source\PSoC4/VBUS_MON_P1.c **** *
  91:.\Generated_Source\PSoC4/VBUS_MON_P1.c **** * <b>Note</b> This function should not be used on a hardware digital output pin 
  92:.\Generated_Source\PSoC4/VBUS_MON_P1.c **** * as it is driven by the hardware signal attached to it.
  93:.\Generated_Source\PSoC4/VBUS_MON_P1.c **** *
  94:.\Generated_Source\PSoC4/VBUS_MON_P1.c **** * \param value
  95:.\Generated_Source\PSoC4/VBUS_MON_P1.c **** *  Value to write to the component instance.
  96:.\Generated_Source\PSoC4/VBUS_MON_P1.c **** *
  97:.\Generated_Source\PSoC4/VBUS_MON_P1.c **** * \return 
  98:.\Generated_Source\PSoC4/VBUS_MON_P1.c **** *  None 
  99:.\Generated_Source\PSoC4/VBUS_MON_P1.c **** *
 100:.\Generated_Source\PSoC4/VBUS_MON_P1.c **** * \sideeffect
 101:.\Generated_Source\PSoC4/VBUS_MON_P1.c **** *  If you use read-modify-write operations that are not atomic; the Interrupt 
 102:.\Generated_Source\PSoC4/VBUS_MON_P1.c **** *  Service Routines (ISR) can cause corruption of this function. An ISR that 
 103:.\Generated_Source\PSoC4/VBUS_MON_P1.c **** *  interrupts this function and performs writes to the Pins component data 
 104:.\Generated_Source\PSoC4/VBUS_MON_P1.c **** *  register can cause corrupted port data. To avoid this issue, you should 
 105:.\Generated_Source\PSoC4/VBUS_MON_P1.c **** *  either use the Per-Pin APIs (primary method) or disable interrupts around 
 106:.\Generated_Source\PSoC4/VBUS_MON_P1.c **** *  this function.
 107:.\Generated_Source\PSoC4/VBUS_MON_P1.c **** *
 108:.\Generated_Source\PSoC4/VBUS_MON_P1.c **** * \funcusage
ARM GAS  C:\Users\victo\AppData\Local\Temp\ccu90s8d.s 			page 23


 109:.\Generated_Source\PSoC4/VBUS_MON_P1.c **** *  \snippet VBUS_MON_P1_SUT.c usage_VBUS_MON_P1_Write
 110:.\Generated_Source\PSoC4/VBUS_MON_P1.c **** *******************************************************************************/
 111:.\Generated_Source\PSoC4/VBUS_MON_P1.c **** void VBUS_MON_P1_Write(uint8 value)
 112:.\Generated_Source\PSoC4/VBUS_MON_P1.c **** {
 318              		.loc 1 112 0
 319              		.cfi_startproc
 320              	.LVL2:
 113:.\Generated_Source\PSoC4/VBUS_MON_P1.c ****     uint8 drVal = (uint8)(VBUS_MON_P1_DR & (uint8)(~VBUS_MON_P1_MASK));
 321              		.loc 1 113 0
 322 0000 0123     		mov	r3, #1
 323 0002 0449     		ldr	r1, .L5
 114:.\Generated_Source\PSoC4/VBUS_MON_P1.c ****     drVal = (drVal | ((uint8)(value << VBUS_MON_P1_SHIFT) & VBUS_MON_P1_MASK));
 115:.\Generated_Source\PSoC4/VBUS_MON_P1.c ****     VBUS_MON_P1_DR = (uint32)drVal;
 116:.\Generated_Source\PSoC4/VBUS_MON_P1.c **** }
 324              		.loc 1 116 0
 325              		@ sp needed
 113:.\Generated_Source\PSoC4/VBUS_MON_P1.c ****     uint8 drVal = (uint8)(VBUS_MON_P1_DR & (uint8)(~VBUS_MON_P1_MASK));
 326              		.loc 1 113 0
 327 0004 0A68     		ldr	r2, [r1]
 328 0006 9A43     		bic	r2, r3
 329 0008 D2B2     		uxtb	r2, r2
 330              	.LVL3:
 114:.\Generated_Source\PSoC4/VBUS_MON_P1.c ****     drVal = (drVal | ((uint8)(value << VBUS_MON_P1_SHIFT) & VBUS_MON_P1_MASK));
 331              		.loc 1 114 0
 332 000a 0340     		and	r3, r0
 115:.\Generated_Source\PSoC4/VBUS_MON_P1.c **** }
 333              		.loc 1 115 0
 334 000c 1343     		orr	r3, r2
 335 000e 0B60     		str	r3, [r1]
 336              		.loc 1 116 0
 337 0010 7047     		bx	lr
 338              	.L6:
 339 0012 C046     		.align	2
 340              	.L5:
 341 0014 00020440 		.word	1074004480
 342              		.cfi_endproc
 343              	.LFE1:
 344              		.size	VBUS_MON_P1_Write, .-VBUS_MON_P1_Write
 345              		.section	.text.VBUS_MON_P1_Read,"ax",%progbits
 346              		.align	1
 347              		.global	VBUS_MON_P1_Read
 348              		.code	16
 349              		.thumb_func
 350              		.type	VBUS_MON_P1_Read, %function
 351              	VBUS_MON_P1_Read:
 352              	.LFB2:
 117:.\Generated_Source\PSoC4/VBUS_MON_P1.c **** 
 118:.\Generated_Source\PSoC4/VBUS_MON_P1.c **** 
 119:.\Generated_Source\PSoC4/VBUS_MON_P1.c **** /*******************************************************************************
 120:.\Generated_Source\PSoC4/VBUS_MON_P1.c **** * Function Name: VBUS_MON_P1_Read
 121:.\Generated_Source\PSoC4/VBUS_MON_P1.c **** ****************************************************************************//**
 122:.\Generated_Source\PSoC4/VBUS_MON_P1.c **** *
 123:.\Generated_Source\PSoC4/VBUS_MON_P1.c **** * \brief Reads the associated physical port (pin status register) and masks 
 124:.\Generated_Source\PSoC4/VBUS_MON_P1.c **** *  the required bits according to the width and bit position of the component
 125:.\Generated_Source\PSoC4/VBUS_MON_P1.c **** *  instance. 
 126:.\Generated_Source\PSoC4/VBUS_MON_P1.c **** *
 127:.\Generated_Source\PSoC4/VBUS_MON_P1.c **** * The pin's status register returns the current logic level present on the 
ARM GAS  C:\Users\victo\AppData\Local\Temp\ccu90s8d.s 			page 24


 128:.\Generated_Source\PSoC4/VBUS_MON_P1.c **** * physical pin.
 129:.\Generated_Source\PSoC4/VBUS_MON_P1.c **** *
 130:.\Generated_Source\PSoC4/VBUS_MON_P1.c **** * \return 
 131:.\Generated_Source\PSoC4/VBUS_MON_P1.c **** *  The current value for the pins in the component as a right justified number.
 132:.\Generated_Source\PSoC4/VBUS_MON_P1.c **** *
 133:.\Generated_Source\PSoC4/VBUS_MON_P1.c **** * \funcusage
 134:.\Generated_Source\PSoC4/VBUS_MON_P1.c **** *  \snippet VBUS_MON_P1_SUT.c usage_VBUS_MON_P1_Read  
 135:.\Generated_Source\PSoC4/VBUS_MON_P1.c **** *******************************************************************************/
 136:.\Generated_Source\PSoC4/VBUS_MON_P1.c **** uint8 VBUS_MON_P1_Read(void)
 137:.\Generated_Source\PSoC4/VBUS_MON_P1.c **** {
 353              		.loc 1 137 0
 354              		.cfi_startproc
 138:.\Generated_Source\PSoC4/VBUS_MON_P1.c ****     return (uint8)((VBUS_MON_P1_PS & VBUS_MON_P1_MASK) >> VBUS_MON_P1_SHIFT);
 355              		.loc 1 138 0
 356 0000 024B     		ldr	r3, .L8
 139:.\Generated_Source\PSoC4/VBUS_MON_P1.c **** }
 357              		.loc 1 139 0
 358              		@ sp needed
 138:.\Generated_Source\PSoC4/VBUS_MON_P1.c ****     return (uint8)((VBUS_MON_P1_PS & VBUS_MON_P1_MASK) >> VBUS_MON_P1_SHIFT);
 359              		.loc 1 138 0
 360 0002 1868     		ldr	r0, [r3]
 361 0004 0123     		mov	r3, #1
 362 0006 1840     		and	r0, r3
 363              		.loc 1 139 0
 364 0008 7047     		bx	lr
 365              	.L9:
 366 000a C046     		.align	2
 367              	.L8:
 368 000c 04020440 		.word	1074004484
 369              		.cfi_endproc
 370              	.LFE2:
 371              		.size	VBUS_MON_P1_Read, .-VBUS_MON_P1_Read
 372              		.section	.text.VBUS_MON_P1_ReadDataReg,"ax",%progbits
 373              		.align	1
 374              		.global	VBUS_MON_P1_ReadDataReg
 375              		.code	16
 376              		.thumb_func
 377              		.type	VBUS_MON_P1_ReadDataReg, %function
 378              	VBUS_MON_P1_ReadDataReg:
 379              	.LFB3:
 140:.\Generated_Source\PSoC4/VBUS_MON_P1.c **** 
 141:.\Generated_Source\PSoC4/VBUS_MON_P1.c **** 
 142:.\Generated_Source\PSoC4/VBUS_MON_P1.c **** /*******************************************************************************
 143:.\Generated_Source\PSoC4/VBUS_MON_P1.c **** * Function Name: VBUS_MON_P1_ReadDataReg
 144:.\Generated_Source\PSoC4/VBUS_MON_P1.c **** ****************************************************************************//**
 145:.\Generated_Source\PSoC4/VBUS_MON_P1.c **** *
 146:.\Generated_Source\PSoC4/VBUS_MON_P1.c **** * \brief Reads the associated physical port's data output register and masks 
 147:.\Generated_Source\PSoC4/VBUS_MON_P1.c **** *  the correct bits according to the width and bit position of the component 
 148:.\Generated_Source\PSoC4/VBUS_MON_P1.c **** *  instance. 
 149:.\Generated_Source\PSoC4/VBUS_MON_P1.c **** *
 150:.\Generated_Source\PSoC4/VBUS_MON_P1.c **** * The data output register controls the signal applied to the physical pin in 
 151:.\Generated_Source\PSoC4/VBUS_MON_P1.c **** * conjunction with the drive mode parameter. This is not the same as the 
 152:.\Generated_Source\PSoC4/VBUS_MON_P1.c **** * preferred VBUS_MON_P1_Read() API because the 
 153:.\Generated_Source\PSoC4/VBUS_MON_P1.c **** * VBUS_MON_P1_ReadDataReg() reads the data register instead of the status 
 154:.\Generated_Source\PSoC4/VBUS_MON_P1.c **** * register. For output pins this is a useful function to determine the value 
 155:.\Generated_Source\PSoC4/VBUS_MON_P1.c **** * just written to the pin.
 156:.\Generated_Source\PSoC4/VBUS_MON_P1.c **** *
ARM GAS  C:\Users\victo\AppData\Local\Temp\ccu90s8d.s 			page 25


 157:.\Generated_Source\PSoC4/VBUS_MON_P1.c **** * \return 
 158:.\Generated_Source\PSoC4/VBUS_MON_P1.c **** *  The current value of the data register masked and shifted into a right 
 159:.\Generated_Source\PSoC4/VBUS_MON_P1.c **** *  justified number for the component instance.
 160:.\Generated_Source\PSoC4/VBUS_MON_P1.c **** *
 161:.\Generated_Source\PSoC4/VBUS_MON_P1.c **** * \funcusage
 162:.\Generated_Source\PSoC4/VBUS_MON_P1.c **** *  \snippet VBUS_MON_P1_SUT.c usage_VBUS_MON_P1_ReadDataReg 
 163:.\Generated_Source\PSoC4/VBUS_MON_P1.c **** *******************************************************************************/
 164:.\Generated_Source\PSoC4/VBUS_MON_P1.c **** uint8 VBUS_MON_P1_ReadDataReg(void)
 165:.\Generated_Source\PSoC4/VBUS_MON_P1.c **** {
 380              		.loc 1 165 0
 381              		.cfi_startproc
 166:.\Generated_Source\PSoC4/VBUS_MON_P1.c ****     return (uint8)((VBUS_MON_P1_DR & VBUS_MON_P1_MASK) >> VBUS_MON_P1_SHIFT);
 382              		.loc 1 166 0
 383 0000 024B     		ldr	r3, .L11
 167:.\Generated_Source\PSoC4/VBUS_MON_P1.c **** }
 384              		.loc 1 167 0
 385              		@ sp needed
 166:.\Generated_Source\PSoC4/VBUS_MON_P1.c ****     return (uint8)((VBUS_MON_P1_DR & VBUS_MON_P1_MASK) >> VBUS_MON_P1_SHIFT);
 386              		.loc 1 166 0
 387 0002 1868     		ldr	r0, [r3]
 388 0004 0123     		mov	r3, #1
 389 0006 1840     		and	r0, r3
 390              		.loc 1 167 0
 391 0008 7047     		bx	lr
 392              	.L12:
 393 000a C046     		.align	2
 394              	.L11:
 395 000c 00020440 		.word	1074004480
 396              		.cfi_endproc
 397              	.LFE3:
 398              		.size	VBUS_MON_P1_ReadDataReg, .-VBUS_MON_P1_ReadDataReg
 399              		.section	.text.VBUS_MON_P1_SetInterruptMode,"ax",%progbits
 400              		.align	1
 401              		.global	VBUS_MON_P1_SetInterruptMode
 402              		.code	16
 403              		.thumb_func
 404              		.type	VBUS_MON_P1_SetInterruptMode, %function
 405              	VBUS_MON_P1_SetInterruptMode:
 406              	.LFB4:
 168:.\Generated_Source\PSoC4/VBUS_MON_P1.c **** 
 169:.\Generated_Source\PSoC4/VBUS_MON_P1.c **** 
 170:.\Generated_Source\PSoC4/VBUS_MON_P1.c **** /*******************************************************************************
 171:.\Generated_Source\PSoC4/VBUS_MON_P1.c **** * Function Name: VBUS_MON_P1_SetInterruptMode
 172:.\Generated_Source\PSoC4/VBUS_MON_P1.c **** ****************************************************************************//**
 173:.\Generated_Source\PSoC4/VBUS_MON_P1.c **** *
 174:.\Generated_Source\PSoC4/VBUS_MON_P1.c **** * \brief Configures the interrupt mode for each of the Pins component's
 175:.\Generated_Source\PSoC4/VBUS_MON_P1.c **** *  pins. Alternatively you may set the interrupt mode for all the pins
 176:.\Generated_Source\PSoC4/VBUS_MON_P1.c **** *  specified in the Pins component.
 177:.\Generated_Source\PSoC4/VBUS_MON_P1.c **** *
 178:.\Generated_Source\PSoC4/VBUS_MON_P1.c **** *  <b>Note</b> The interrupt is port-wide and therefore any enabled pin
 179:.\Generated_Source\PSoC4/VBUS_MON_P1.c **** *  interrupt may trigger it.
 180:.\Generated_Source\PSoC4/VBUS_MON_P1.c **** *
 181:.\Generated_Source\PSoC4/VBUS_MON_P1.c **** * \param position
 182:.\Generated_Source\PSoC4/VBUS_MON_P1.c **** *  The pin position as listed in the Pins component. You may OR these to be 
 183:.\Generated_Source\PSoC4/VBUS_MON_P1.c **** *  able to configure the interrupt mode of multiple pins within a Pins 
 184:.\Generated_Source\PSoC4/VBUS_MON_P1.c **** *  component. Or you may use VBUS_MON_P1_INTR_ALL to configure the
 185:.\Generated_Source\PSoC4/VBUS_MON_P1.c **** *  interrupt mode of all the pins in the Pins component.       
ARM GAS  C:\Users\victo\AppData\Local\Temp\ccu90s8d.s 			page 26


 186:.\Generated_Source\PSoC4/VBUS_MON_P1.c **** *  - VBUS_MON_P1_0_INTR       (First pin in the list)
 187:.\Generated_Source\PSoC4/VBUS_MON_P1.c **** *  - VBUS_MON_P1_1_INTR       (Second pin in the list)
 188:.\Generated_Source\PSoC4/VBUS_MON_P1.c **** *  - ...
 189:.\Generated_Source\PSoC4/VBUS_MON_P1.c **** *  - VBUS_MON_P1_INTR_ALL     (All pins in Pins component)
 190:.\Generated_Source\PSoC4/VBUS_MON_P1.c **** *
 191:.\Generated_Source\PSoC4/VBUS_MON_P1.c **** * \param mode
 192:.\Generated_Source\PSoC4/VBUS_MON_P1.c **** *  Interrupt mode for the selected pins. Valid options are documented in
 193:.\Generated_Source\PSoC4/VBUS_MON_P1.c **** *  \ref intrMode.
 194:.\Generated_Source\PSoC4/VBUS_MON_P1.c **** *
 195:.\Generated_Source\PSoC4/VBUS_MON_P1.c **** * \return 
 196:.\Generated_Source\PSoC4/VBUS_MON_P1.c **** *  None
 197:.\Generated_Source\PSoC4/VBUS_MON_P1.c **** *  
 198:.\Generated_Source\PSoC4/VBUS_MON_P1.c **** * \sideeffect
 199:.\Generated_Source\PSoC4/VBUS_MON_P1.c **** *  It is recommended that the interrupt be disabled before calling this 
 200:.\Generated_Source\PSoC4/VBUS_MON_P1.c **** *  function to avoid unintended interrupt requests. Note that the interrupt
 201:.\Generated_Source\PSoC4/VBUS_MON_P1.c **** *  type is port wide, and therefore will trigger for any enabled pin on the 
 202:.\Generated_Source\PSoC4/VBUS_MON_P1.c **** *  port.
 203:.\Generated_Source\PSoC4/VBUS_MON_P1.c **** *
 204:.\Generated_Source\PSoC4/VBUS_MON_P1.c **** * \funcusage
 205:.\Generated_Source\PSoC4/VBUS_MON_P1.c **** *  \snippet VBUS_MON_P1_SUT.c usage_VBUS_MON_P1_SetInterruptMode
 206:.\Generated_Source\PSoC4/VBUS_MON_P1.c **** *******************************************************************************/
 207:.\Generated_Source\PSoC4/VBUS_MON_P1.c **** void VBUS_MON_P1_SetInterruptMode(uint16 position, uint16 mode)
 208:.\Generated_Source\PSoC4/VBUS_MON_P1.c **** {
 407              		.loc 1 208 0
 408              		.cfi_startproc
 409              	.LVL4:
 209:.\Generated_Source\PSoC4/VBUS_MON_P1.c ****     uint32 intrCfg;
 210:.\Generated_Source\PSoC4/VBUS_MON_P1.c ****     
 211:.\Generated_Source\PSoC4/VBUS_MON_P1.c ****     intrCfg =  VBUS_MON_P1_INTCFG & (uint32)(~(uint32)position);
 410              		.loc 1 211 0
 411 0000 034A     		ldr	r2, .L14
 212:.\Generated_Source\PSoC4/VBUS_MON_P1.c ****     VBUS_MON_P1_INTCFG = intrCfg | ((uint32)position & (uint32)mode);
 213:.\Generated_Source\PSoC4/VBUS_MON_P1.c **** }
 412              		.loc 1 213 0
 413              		@ sp needed
 211:.\Generated_Source\PSoC4/VBUS_MON_P1.c ****     VBUS_MON_P1_INTCFG = intrCfg | ((uint32)position & (uint32)mode);
 414              		.loc 1 211 0
 415 0002 1368     		ldr	r3, [r2]
 416              	.LVL5:
 417 0004 8343     		bic	r3, r0
 418              	.LVL6:
 212:.\Generated_Source\PSoC4/VBUS_MON_P1.c ****     VBUS_MON_P1_INTCFG = intrCfg | ((uint32)position & (uint32)mode);
 419              		.loc 1 212 0
 420 0006 0840     		and	r0, r1
 421              	.LVL7:
 422 0008 1843     		orr	r0, r3
 423 000a 1060     		str	r0, [r2]
 424              		.loc 1 213 0
 425 000c 7047     		bx	lr
 426              	.L15:
 427 000e C046     		.align	2
 428              	.L14:
 429 0010 0C020440 		.word	1074004492
 430              		.cfi_endproc
 431              	.LFE4:
 432              		.size	VBUS_MON_P1_SetInterruptMode, .-VBUS_MON_P1_SetInterruptMode
 433              		.section	.text.VBUS_MON_P1_ClearInterrupt,"ax",%progbits
ARM GAS  C:\Users\victo\AppData\Local\Temp\ccu90s8d.s 			page 27


 434              		.align	1
 435              		.global	VBUS_MON_P1_ClearInterrupt
 436              		.code	16
 437              		.thumb_func
 438              		.type	VBUS_MON_P1_ClearInterrupt, %function
 439              	VBUS_MON_P1_ClearInterrupt:
 440              	.LFB5:
 214:.\Generated_Source\PSoC4/VBUS_MON_P1.c **** 
 215:.\Generated_Source\PSoC4/VBUS_MON_P1.c **** 
 216:.\Generated_Source\PSoC4/VBUS_MON_P1.c **** /*******************************************************************************
 217:.\Generated_Source\PSoC4/VBUS_MON_P1.c **** * Function Name: VBUS_MON_P1_ClearInterrupt
 218:.\Generated_Source\PSoC4/VBUS_MON_P1.c **** ****************************************************************************//**
 219:.\Generated_Source\PSoC4/VBUS_MON_P1.c **** *
 220:.\Generated_Source\PSoC4/VBUS_MON_P1.c **** * \brief Clears any active interrupts attached with the component and returns 
 221:.\Generated_Source\PSoC4/VBUS_MON_P1.c **** *  the value of the interrupt status register allowing determination of which
 222:.\Generated_Source\PSoC4/VBUS_MON_P1.c **** *  pins generated an interrupt event.
 223:.\Generated_Source\PSoC4/VBUS_MON_P1.c **** *
 224:.\Generated_Source\PSoC4/VBUS_MON_P1.c **** * \return 
 225:.\Generated_Source\PSoC4/VBUS_MON_P1.c **** *  The right-shifted current value of the interrupt status register. Each pin 
 226:.\Generated_Source\PSoC4/VBUS_MON_P1.c **** *  has one bit set if it generated an interrupt event. For example, bit 0 is 
 227:.\Generated_Source\PSoC4/VBUS_MON_P1.c **** *  for pin 0 and bit 1 is for pin 1 of the Pins component.
 228:.\Generated_Source\PSoC4/VBUS_MON_P1.c **** *  
 229:.\Generated_Source\PSoC4/VBUS_MON_P1.c **** * \sideeffect
 230:.\Generated_Source\PSoC4/VBUS_MON_P1.c **** *  Clears all bits of the physical port's interrupt status register, not just
 231:.\Generated_Source\PSoC4/VBUS_MON_P1.c **** *  those associated with the Pins component.
 232:.\Generated_Source\PSoC4/VBUS_MON_P1.c **** *
 233:.\Generated_Source\PSoC4/VBUS_MON_P1.c **** * \funcusage
 234:.\Generated_Source\PSoC4/VBUS_MON_P1.c **** *  \snippet VBUS_MON_P1_SUT.c usage_VBUS_MON_P1_ClearInterrupt
 235:.\Generated_Source\PSoC4/VBUS_MON_P1.c **** *******************************************************************************/
 236:.\Generated_Source\PSoC4/VBUS_MON_P1.c **** uint8 VBUS_MON_P1_ClearInterrupt(void)
 237:.\Generated_Source\PSoC4/VBUS_MON_P1.c **** {
 441              		.loc 1 237 0
 442              		.cfi_startproc
 238:.\Generated_Source\PSoC4/VBUS_MON_P1.c **** 	uint8 maskedStatus = (uint8)(VBUS_MON_P1_INTSTAT & VBUS_MON_P1_MASK);
 443              		.loc 1 238 0
 444 0000 0123     		mov	r3, #1
 445 0002 024A     		ldr	r2, .L17
 239:.\Generated_Source\PSoC4/VBUS_MON_P1.c **** 	VBUS_MON_P1_INTSTAT = maskedStatus;
 240:.\Generated_Source\PSoC4/VBUS_MON_P1.c ****     return maskedStatus >> VBUS_MON_P1_SHIFT;
 241:.\Generated_Source\PSoC4/VBUS_MON_P1.c **** }
 446              		.loc 1 241 0
 447              		@ sp needed
 238:.\Generated_Source\PSoC4/VBUS_MON_P1.c **** 	uint8 maskedStatus = (uint8)(VBUS_MON_P1_INTSTAT & VBUS_MON_P1_MASK);
 448              		.loc 1 238 0
 449 0004 1068     		ldr	r0, [r2]
 450 0006 1840     		and	r0, r3
 451              	.LVL8:
 239:.\Generated_Source\PSoC4/VBUS_MON_P1.c **** 	VBUS_MON_P1_INTSTAT = maskedStatus;
 452              		.loc 1 239 0
 453 0008 1060     		str	r0, [r2]
 454              		.loc 1 241 0
 455 000a 7047     		bx	lr
 456              	.L18:
 457              		.align	2
 458              	.L17:
 459 000c 10020440 		.word	1074004496
 460              		.cfi_endproc
ARM GAS  C:\Users\victo\AppData\Local\Temp\ccu90s8d.s 			page 28


 461              	.LFE5:
 462              		.size	VBUS_MON_P1_ClearInterrupt, .-VBUS_MON_P1_ClearInterrupt
 463              		.text
 464              	.Letext0:
 465              		.file 2 ".\\Generated_Source\\PSoC4\\cytypes.h"
 466              		.section	.debug_info,"",%progbits
 467              	.Ldebug_info0:
 468 0000 9C010000 		.4byte	0x19c
 469 0004 0400     		.2byte	0x4
 470 0006 00000000 		.4byte	.Ldebug_abbrev0
 471 000a 04       		.byte	0x4
 472 000b 01       		.uleb128 0x1
 473 000c F4000000 		.4byte	.LASF28
 474 0010 01       		.byte	0x1
 475 0011 77020000 		.4byte	.LASF29
 476 0015 D0010000 		.4byte	.LASF30
 477 0019 00000000 		.4byte	.Ldebug_ranges0+0
 478 001d 00000000 		.4byte	0
 479 0021 00000000 		.4byte	.Ldebug_line0
 480 0025 02       		.uleb128 0x2
 481 0026 01       		.byte	0x1
 482 0027 06       		.byte	0x6
 483 0028 A7020000 		.4byte	.LASF0
 484 002c 02       		.uleb128 0x2
 485 002d 01       		.byte	0x1
 486 002e 08       		.byte	0x8
 487 002f 54000000 		.4byte	.LASF1
 488 0033 02       		.uleb128 0x2
 489 0034 02       		.byte	0x2
 490 0035 05       		.byte	0x5
 491 0036 67020000 		.4byte	.LASF2
 492 003a 02       		.uleb128 0x2
 493 003b 02       		.byte	0x2
 494 003c 07       		.byte	0x7
 495 003d 97000000 		.4byte	.LASF3
 496 0041 02       		.uleb128 0x2
 497 0042 04       		.byte	0x4
 498 0043 05       		.byte	0x5
 499 0044 9E020000 		.4byte	.LASF4
 500 0048 02       		.uleb128 0x2
 501 0049 04       		.byte	0x4
 502 004a 07       		.byte	0x7
 503 004b 68000000 		.4byte	.LASF5
 504 004f 02       		.uleb128 0x2
 505 0050 08       		.byte	0x8
 506 0051 05       		.byte	0x5
 507 0052 47020000 		.4byte	.LASF6
 508 0056 02       		.uleb128 0x2
 509 0057 08       		.byte	0x8
 510 0058 07       		.byte	0x7
 511 0059 DD000000 		.4byte	.LASF7
 512 005d 03       		.uleb128 0x3
 513 005e 04       		.byte	0x4
 514 005f 05       		.byte	0x5
 515 0060 696E7400 		.ascii	"int\000"
 516 0064 02       		.uleb128 0x2
 517 0065 04       		.byte	0x4
ARM GAS  C:\Users\victo\AppData\Local\Temp\ccu90s8d.s 			page 29


 518 0066 07       		.byte	0x7
 519 0067 D0000000 		.4byte	.LASF8
 520 006b 04       		.uleb128 0x4
 521 006c 71020000 		.4byte	.LASF9
 522 0070 02       		.byte	0x2
 523 0071 9801     		.2byte	0x198
 524 0073 2C000000 		.4byte	0x2c
 525 0077 04       		.uleb128 0x4
 526 0078 B1000000 		.4byte	.LASF10
 527 007c 02       		.byte	0x2
 528 007d 9901     		.2byte	0x199
 529 007f 3A000000 		.4byte	0x3a
 530 0083 04       		.uleb128 0x4
 531 0084 C1000000 		.4byte	.LASF11
 532 0088 02       		.byte	0x2
 533 0089 9A01     		.2byte	0x19a
 534 008b 48000000 		.4byte	0x48
 535 008f 02       		.uleb128 0x2
 536 0090 04       		.byte	0x4
 537 0091 04       		.byte	0x4
 538 0092 4E000000 		.4byte	.LASF12
 539 0096 02       		.uleb128 0x2
 540 0097 08       		.byte	0x8
 541 0098 04       		.byte	0x4
 542 0099 AA000000 		.4byte	.LASF13
 543 009d 02       		.uleb128 0x2
 544 009e 01       		.byte	0x1
 545 009f 08       		.byte	0x8
 546 00a0 62020000 		.4byte	.LASF14
 547 00a4 04       		.uleb128 0x4
 548 00a5 00000000 		.4byte	.LASF15
 549 00a9 02       		.byte	0x2
 550 00aa 4402     		.2byte	0x244
 551 00ac B0000000 		.4byte	0xb0
 552 00b0 05       		.uleb128 0x5
 553 00b1 83000000 		.4byte	0x83
 554 00b5 06       		.uleb128 0x6
 555 00b6 35000000 		.4byte	.LASF16
 556 00ba 01       		.byte	0x1
 557 00bb 48       		.byte	0x48
 558 00bc 00000000 		.4byte	.LFB0
 559 00c0 14000000 		.4byte	.LFE0-.LFB0
 560 00c4 01       		.uleb128 0x1
 561 00c5 9C       		.byte	0x9c
 562 00c6 DA000000 		.4byte	0xda
 563 00ca 07       		.uleb128 0x7
 564 00cb B0010000 		.4byte	.LASF18
 565 00cf 01       		.byte	0x1
 566 00d0 48       		.byte	0x48
 567 00d1 6B000000 		.4byte	0x6b
 568 00d5 00000000 		.4byte	.LLST0
 569 00d9 00       		.byte	0
 570 00da 06       		.uleb128 0x6
 571 00db 35020000 		.4byte	.LASF17
 572 00df 01       		.byte	0x1
 573 00e0 6F       		.byte	0x6f
 574 00e1 00000000 		.4byte	.LFB1
ARM GAS  C:\Users\victo\AppData\Local\Temp\ccu90s8d.s 			page 30


 575 00e5 18000000 		.4byte	.LFE1-.LFB1
 576 00e9 01       		.uleb128 0x1
 577 00ea 9C       		.byte	0x9c
 578 00eb 11010000 		.4byte	0x111
 579 00ef 08       		.uleb128 0x8
 580 00f0 1E000000 		.4byte	.LASF19
 581 00f4 01       		.byte	0x1
 582 00f5 6F       		.byte	0x6f
 583 00f6 6B000000 		.4byte	0x6b
 584 00fa 01       		.uleb128 0x1
 585 00fb 50       		.byte	0x50
 586 00fc 09       		.uleb128 0x9
 587 00fd 62000000 		.4byte	.LASF24
 588 0101 01       		.byte	0x1
 589 0102 71       		.byte	0x71
 590 0103 6B000000 		.4byte	0x6b
 591 0107 08       		.uleb128 0x8
 592 0108 70       		.byte	0x70
 593 0109 00       		.sleb128 0
 594 010a 31       		.byte	0x31
 595 010b 1A       		.byte	0x1a
 596 010c 72       		.byte	0x72
 597 010d 00       		.sleb128 0
 598 010e 21       		.byte	0x21
 599 010f 9F       		.byte	0x9f
 600 0110 00       		.byte	0
 601 0111 0A       		.uleb128 0xa
 602 0112 24000000 		.4byte	.LASF20
 603 0116 01       		.byte	0x1
 604 0117 88       		.byte	0x88
 605 0118 6B000000 		.4byte	0x6b
 606 011c 00000000 		.4byte	.LFB2
 607 0120 10000000 		.4byte	.LFE2-.LFB2
 608 0124 01       		.uleb128 0x1
 609 0125 9C       		.byte	0x9c
 610 0126 0A       		.uleb128 0xa
 611 0127 06000000 		.4byte	.LASF21
 612 012b 01       		.byte	0x1
 613 012c A4       		.byte	0xa4
 614 012d 6B000000 		.4byte	0x6b
 615 0131 00000000 		.4byte	.LFB3
 616 0135 10000000 		.4byte	.LFE3-.LFB3
 617 0139 01       		.uleb128 0x1
 618 013a 9C       		.byte	0x9c
 619 013b 06       		.uleb128 0x6
 620 013c 7A000000 		.4byte	.LASF22
 621 0140 01       		.byte	0x1
 622 0141 CF       		.byte	0xcf
 623 0142 00000000 		.4byte	.LFB4
 624 0146 14000000 		.4byte	.LFE4-.LFB4
 625 014a 01       		.uleb128 0x1
 626 014b 9C       		.byte	0x9c
 627 014c 7C010000 		.4byte	0x17c
 628 0150 07       		.uleb128 0x7
 629 0151 B8000000 		.4byte	.LASF23
 630 0155 01       		.byte	0x1
 631 0156 CF       		.byte	0xcf
ARM GAS  C:\Users\victo\AppData\Local\Temp\ccu90s8d.s 			page 31


 632 0157 77000000 		.4byte	0x77
 633 015b 21000000 		.4byte	.LLST1
 634 015f 08       		.uleb128 0x8
 635 0160 B0010000 		.4byte	.LASF18
 636 0164 01       		.byte	0x1
 637 0165 CF       		.byte	0xcf
 638 0166 77000000 		.4byte	0x77
 639 016a 01       		.uleb128 0x1
 640 016b 51       		.byte	0x51
 641 016c 0B       		.uleb128 0xb
 642 016d C8000000 		.4byte	.LASF25
 643 0171 01       		.byte	0x1
 644 0172 D1       		.byte	0xd1
 645 0173 83000000 		.4byte	0x83
 646 0177 42000000 		.4byte	.LLST2
 647 017b 00       		.byte	0
 648 017c 0C       		.uleb128 0xc
 649 017d B5010000 		.4byte	.LASF26
 650 0181 01       		.byte	0x1
 651 0182 EC       		.byte	0xec
 652 0183 6B000000 		.4byte	0x6b
 653 0187 00000000 		.4byte	.LFB5
 654 018b 10000000 		.4byte	.LFE5-.LFB5
 655 018f 01       		.uleb128 0x1
 656 0190 9C       		.byte	0x9c
 657 0191 09       		.uleb128 0x9
 658 0192 55020000 		.4byte	.LASF27
 659 0196 01       		.byte	0x1
 660 0197 EE       		.byte	0xee
 661 0198 6B000000 		.4byte	0x6b
 662 019c 01       		.uleb128 0x1
 663 019d 50       		.byte	0x50
 664 019e 00       		.byte	0
 665 019f 00       		.byte	0
 666              		.section	.debug_abbrev,"",%progbits
 667              	.Ldebug_abbrev0:
 668 0000 01       		.uleb128 0x1
 669 0001 11       		.uleb128 0x11
 670 0002 01       		.byte	0x1
 671 0003 25       		.uleb128 0x25
 672 0004 0E       		.uleb128 0xe
 673 0005 13       		.uleb128 0x13
 674 0006 0B       		.uleb128 0xb
 675 0007 03       		.uleb128 0x3
 676 0008 0E       		.uleb128 0xe
 677 0009 1B       		.uleb128 0x1b
 678 000a 0E       		.uleb128 0xe
 679 000b 55       		.uleb128 0x55
 680 000c 17       		.uleb128 0x17
 681 000d 11       		.uleb128 0x11
 682 000e 01       		.uleb128 0x1
 683 000f 10       		.uleb128 0x10
 684 0010 17       		.uleb128 0x17
 685 0011 00       		.byte	0
 686 0012 00       		.byte	0
 687 0013 02       		.uleb128 0x2
 688 0014 24       		.uleb128 0x24
ARM GAS  C:\Users\victo\AppData\Local\Temp\ccu90s8d.s 			page 32


 689 0015 00       		.byte	0
 690 0016 0B       		.uleb128 0xb
 691 0017 0B       		.uleb128 0xb
 692 0018 3E       		.uleb128 0x3e
 693 0019 0B       		.uleb128 0xb
 694 001a 03       		.uleb128 0x3
 695 001b 0E       		.uleb128 0xe
 696 001c 00       		.byte	0
 697 001d 00       		.byte	0
 698 001e 03       		.uleb128 0x3
 699 001f 24       		.uleb128 0x24
 700 0020 00       		.byte	0
 701 0021 0B       		.uleb128 0xb
 702 0022 0B       		.uleb128 0xb
 703 0023 3E       		.uleb128 0x3e
 704 0024 0B       		.uleb128 0xb
 705 0025 03       		.uleb128 0x3
 706 0026 08       		.uleb128 0x8
 707 0027 00       		.byte	0
 708 0028 00       		.byte	0
 709 0029 04       		.uleb128 0x4
 710 002a 16       		.uleb128 0x16
 711 002b 00       		.byte	0
 712 002c 03       		.uleb128 0x3
 713 002d 0E       		.uleb128 0xe
 714 002e 3A       		.uleb128 0x3a
 715 002f 0B       		.uleb128 0xb
 716 0030 3B       		.uleb128 0x3b
 717 0031 05       		.uleb128 0x5
 718 0032 49       		.uleb128 0x49
 719 0033 13       		.uleb128 0x13
 720 0034 00       		.byte	0
 721 0035 00       		.byte	0
 722 0036 05       		.uleb128 0x5
 723 0037 35       		.uleb128 0x35
 724 0038 00       		.byte	0
 725 0039 49       		.uleb128 0x49
 726 003a 13       		.uleb128 0x13
 727 003b 00       		.byte	0
 728 003c 00       		.byte	0
 729 003d 06       		.uleb128 0x6
 730 003e 2E       		.uleb128 0x2e
 731 003f 01       		.byte	0x1
 732 0040 3F       		.uleb128 0x3f
 733 0041 19       		.uleb128 0x19
 734 0042 03       		.uleb128 0x3
 735 0043 0E       		.uleb128 0xe
 736 0044 3A       		.uleb128 0x3a
 737 0045 0B       		.uleb128 0xb
 738 0046 3B       		.uleb128 0x3b
 739 0047 0B       		.uleb128 0xb
 740 0048 27       		.uleb128 0x27
 741 0049 19       		.uleb128 0x19
 742 004a 11       		.uleb128 0x11
 743 004b 01       		.uleb128 0x1
 744 004c 12       		.uleb128 0x12
 745 004d 06       		.uleb128 0x6
ARM GAS  C:\Users\victo\AppData\Local\Temp\ccu90s8d.s 			page 33


 746 004e 40       		.uleb128 0x40
 747 004f 18       		.uleb128 0x18
 748 0050 9742     		.uleb128 0x2117
 749 0052 19       		.uleb128 0x19
 750 0053 01       		.uleb128 0x1
 751 0054 13       		.uleb128 0x13
 752 0055 00       		.byte	0
 753 0056 00       		.byte	0
 754 0057 07       		.uleb128 0x7
 755 0058 05       		.uleb128 0x5
 756 0059 00       		.byte	0
 757 005a 03       		.uleb128 0x3
 758 005b 0E       		.uleb128 0xe
 759 005c 3A       		.uleb128 0x3a
 760 005d 0B       		.uleb128 0xb
 761 005e 3B       		.uleb128 0x3b
 762 005f 0B       		.uleb128 0xb
 763 0060 49       		.uleb128 0x49
 764 0061 13       		.uleb128 0x13
 765 0062 02       		.uleb128 0x2
 766 0063 17       		.uleb128 0x17
 767 0064 00       		.byte	0
 768 0065 00       		.byte	0
 769 0066 08       		.uleb128 0x8
 770 0067 05       		.uleb128 0x5
 771 0068 00       		.byte	0
 772 0069 03       		.uleb128 0x3
 773 006a 0E       		.uleb128 0xe
 774 006b 3A       		.uleb128 0x3a
 775 006c 0B       		.uleb128 0xb
 776 006d 3B       		.uleb128 0x3b
 777 006e 0B       		.uleb128 0xb
 778 006f 49       		.uleb128 0x49
 779 0070 13       		.uleb128 0x13
 780 0071 02       		.uleb128 0x2
 781 0072 18       		.uleb128 0x18
 782 0073 00       		.byte	0
 783 0074 00       		.byte	0
 784 0075 09       		.uleb128 0x9
 785 0076 34       		.uleb128 0x34
 786 0077 00       		.byte	0
 787 0078 03       		.uleb128 0x3
 788 0079 0E       		.uleb128 0xe
 789 007a 3A       		.uleb128 0x3a
 790 007b 0B       		.uleb128 0xb
 791 007c 3B       		.uleb128 0x3b
 792 007d 0B       		.uleb128 0xb
 793 007e 49       		.uleb128 0x49
 794 007f 13       		.uleb128 0x13
 795 0080 02       		.uleb128 0x2
 796 0081 18       		.uleb128 0x18
 797 0082 00       		.byte	0
 798 0083 00       		.byte	0
 799 0084 0A       		.uleb128 0xa
 800 0085 2E       		.uleb128 0x2e
 801 0086 00       		.byte	0
 802 0087 3F       		.uleb128 0x3f
ARM GAS  C:\Users\victo\AppData\Local\Temp\ccu90s8d.s 			page 34


 803 0088 19       		.uleb128 0x19
 804 0089 03       		.uleb128 0x3
 805 008a 0E       		.uleb128 0xe
 806 008b 3A       		.uleb128 0x3a
 807 008c 0B       		.uleb128 0xb
 808 008d 3B       		.uleb128 0x3b
 809 008e 0B       		.uleb128 0xb
 810 008f 27       		.uleb128 0x27
 811 0090 19       		.uleb128 0x19
 812 0091 49       		.uleb128 0x49
 813 0092 13       		.uleb128 0x13
 814 0093 11       		.uleb128 0x11
 815 0094 01       		.uleb128 0x1
 816 0095 12       		.uleb128 0x12
 817 0096 06       		.uleb128 0x6
 818 0097 40       		.uleb128 0x40
 819 0098 18       		.uleb128 0x18
 820 0099 9742     		.uleb128 0x2117
 821 009b 19       		.uleb128 0x19
 822 009c 00       		.byte	0
 823 009d 00       		.byte	0
 824 009e 0B       		.uleb128 0xb
 825 009f 34       		.uleb128 0x34
 826 00a0 00       		.byte	0
 827 00a1 03       		.uleb128 0x3
 828 00a2 0E       		.uleb128 0xe
 829 00a3 3A       		.uleb128 0x3a
 830 00a4 0B       		.uleb128 0xb
 831 00a5 3B       		.uleb128 0x3b
 832 00a6 0B       		.uleb128 0xb
 833 00a7 49       		.uleb128 0x49
 834 00a8 13       		.uleb128 0x13
 835 00a9 02       		.uleb128 0x2
 836 00aa 17       		.uleb128 0x17
 837 00ab 00       		.byte	0
 838 00ac 00       		.byte	0
 839 00ad 0C       		.uleb128 0xc
 840 00ae 2E       		.uleb128 0x2e
 841 00af 01       		.byte	0x1
 842 00b0 3F       		.uleb128 0x3f
 843 00b1 19       		.uleb128 0x19
 844 00b2 03       		.uleb128 0x3
 845 00b3 0E       		.uleb128 0xe
 846 00b4 3A       		.uleb128 0x3a
 847 00b5 0B       		.uleb128 0xb
 848 00b6 3B       		.uleb128 0x3b
 849 00b7 0B       		.uleb128 0xb
 850 00b8 27       		.uleb128 0x27
 851 00b9 19       		.uleb128 0x19
 852 00ba 49       		.uleb128 0x49
 853 00bb 13       		.uleb128 0x13
 854 00bc 11       		.uleb128 0x11
 855 00bd 01       		.uleb128 0x1
 856 00be 12       		.uleb128 0x12
 857 00bf 06       		.uleb128 0x6
 858 00c0 40       		.uleb128 0x40
 859 00c1 18       		.uleb128 0x18
ARM GAS  C:\Users\victo\AppData\Local\Temp\ccu90s8d.s 			page 35


 860 00c2 9742     		.uleb128 0x2117
 861 00c4 19       		.uleb128 0x19
 862 00c5 00       		.byte	0
 863 00c6 00       		.byte	0
 864 00c7 00       		.byte	0
 865              		.section	.debug_loc,"",%progbits
 866              	.Ldebug_loc0:
 867              	.LLST0:
 868 0000 00000000 		.4byte	.LVL0
 869 0004 0A000000 		.4byte	.LVL1
 870 0008 0100     		.2byte	0x1
 871 000a 50       		.byte	0x50
 872 000b 0A000000 		.4byte	.LVL1
 873 000f 14000000 		.4byte	.LFE0
 874 0013 0400     		.2byte	0x4
 875 0015 F3       		.byte	0xf3
 876 0016 01       		.uleb128 0x1
 877 0017 50       		.byte	0x50
 878 0018 9F       		.byte	0x9f
 879 0019 00000000 		.4byte	0
 880 001d 00000000 		.4byte	0
 881              	.LLST1:
 882 0021 00000000 		.4byte	.LVL4
 883 0025 08000000 		.4byte	.LVL7
 884 0029 0100     		.2byte	0x1
 885 002b 50       		.byte	0x50
 886 002c 08000000 		.4byte	.LVL7
 887 0030 14000000 		.4byte	.LFE4
 888 0034 0400     		.2byte	0x4
 889 0036 F3       		.byte	0xf3
 890 0037 01       		.uleb128 0x1
 891 0038 50       		.byte	0x50
 892 0039 9F       		.byte	0x9f
 893 003a 00000000 		.4byte	0
 894 003e 00000000 		.4byte	0
 895              	.LLST2:
 896 0042 04000000 		.4byte	.LVL5
 897 0046 06000000 		.4byte	.LVL6
 898 004a 0B00     		.2byte	0xb
 899 004c 70       		.byte	0x70
 900 004d 00       		.sleb128 0
 901 004e 0A       		.byte	0xa
 902 004f FFFF     		.2byte	0xffff
 903 0051 1A       		.byte	0x1a
 904 0052 20       		.byte	0x20
 905 0053 73       		.byte	0x73
 906 0054 00       		.sleb128 0
 907 0055 1A       		.byte	0x1a
 908 0056 9F       		.byte	0x9f
 909 0057 00000000 		.4byte	0
 910 005b 00000000 		.4byte	0
 911              		.section	.debug_aranges,"",%progbits
 912 0000 44000000 		.4byte	0x44
 913 0004 0200     		.2byte	0x2
 914 0006 00000000 		.4byte	.Ldebug_info0
 915 000a 04       		.byte	0x4
 916 000b 00       		.byte	0
ARM GAS  C:\Users\victo\AppData\Local\Temp\ccu90s8d.s 			page 36


 917 000c 0000     		.2byte	0
 918 000e 0000     		.2byte	0
 919 0010 00000000 		.4byte	.LFB0
 920 0014 14000000 		.4byte	.LFE0-.LFB0
 921 0018 00000000 		.4byte	.LFB1
 922 001c 18000000 		.4byte	.LFE1-.LFB1
 923 0020 00000000 		.4byte	.LFB2
 924 0024 10000000 		.4byte	.LFE2-.LFB2
 925 0028 00000000 		.4byte	.LFB3
 926 002c 10000000 		.4byte	.LFE3-.LFB3
 927 0030 00000000 		.4byte	.LFB4
 928 0034 14000000 		.4byte	.LFE4-.LFB4
 929 0038 00000000 		.4byte	.LFB5
 930 003c 10000000 		.4byte	.LFE5-.LFB5
 931 0040 00000000 		.4byte	0
 932 0044 00000000 		.4byte	0
 933              		.section	.debug_ranges,"",%progbits
 934              	.Ldebug_ranges0:
 935 0000 00000000 		.4byte	.LFB0
 936 0004 14000000 		.4byte	.LFE0
 937 0008 00000000 		.4byte	.LFB1
 938 000c 18000000 		.4byte	.LFE1
 939 0010 00000000 		.4byte	.LFB2
 940 0014 10000000 		.4byte	.LFE2
 941 0018 00000000 		.4byte	.LFB3
 942 001c 10000000 		.4byte	.LFE3
 943 0020 00000000 		.4byte	.LFB4
 944 0024 14000000 		.4byte	.LFE4
 945 0028 00000000 		.4byte	.LFB5
 946 002c 10000000 		.4byte	.LFE5
 947 0030 00000000 		.4byte	0
 948 0034 00000000 		.4byte	0
 949              		.section	.debug_line,"",%progbits
 950              	.Ldebug_line0:
 951 0000 CC000000 		.section	.debug_str,"MS",%progbits,1
 951      02004A00 
 951      00000201 
 951      FB0E0D00 
 951      01010101 
 952              	.LASF15:
 953 0000 72656733 		.ascii	"reg32\000"
 953      3200
 954              	.LASF21:
 955 0006 56425553 		.ascii	"VBUS_MON_P1_ReadDataReg\000"
 955      5F4D4F4E 
 955      5F50315F 
 955      52656164 
 955      44617461 
 956              	.LASF19:
 957 001e 76616C75 		.ascii	"value\000"
 957      6500
 958              	.LASF20:
 959 0024 56425553 		.ascii	"VBUS_MON_P1_Read\000"
 959      5F4D4F4E 
 959      5F50315F 
 959      52656164 
 959      00
ARM GAS  C:\Users\victo\AppData\Local\Temp\ccu90s8d.s 			page 37


 960              	.LASF16:
 961 0035 56425553 		.ascii	"VBUS_MON_P1_SetDriveMode\000"
 961      5F4D4F4E 
 961      5F50315F 
 961      53657444 
 961      72697665 
 962              	.LASF12:
 963 004e 666C6F61 		.ascii	"float\000"
 963      7400
 964              	.LASF1:
 965 0054 756E7369 		.ascii	"unsigned char\000"
 965      676E6564 
 965      20636861 
 965      7200
 966              	.LASF24:
 967 0062 64725661 		.ascii	"drVal\000"
 967      6C00
 968              	.LASF5:
 969 0068 6C6F6E67 		.ascii	"long unsigned int\000"
 969      20756E73 
 969      69676E65 
 969      6420696E 
 969      7400
 970              	.LASF22:
 971 007a 56425553 		.ascii	"VBUS_MON_P1_SetInterruptMode\000"
 971      5F4D4F4E 
 971      5F50315F 
 971      53657449 
 971      6E746572 
 972              	.LASF3:
 973 0097 73686F72 		.ascii	"short unsigned int\000"
 973      7420756E 
 973      7369676E 
 973      65642069 
 973      6E7400
 974              	.LASF13:
 975 00aa 646F7562 		.ascii	"double\000"
 975      6C6500
 976              	.LASF10:
 977 00b1 75696E74 		.ascii	"uint16\000"
 977      313600
 978              	.LASF23:
 979 00b8 706F7369 		.ascii	"position\000"
 979      74696F6E 
 979      00
 980              	.LASF11:
 981 00c1 75696E74 		.ascii	"uint32\000"
 981      333200
 982              	.LASF25:
 983 00c8 696E7472 		.ascii	"intrCfg\000"
 983      43666700 
 984              	.LASF8:
 985 00d0 756E7369 		.ascii	"unsigned int\000"
 985      676E6564 
 985      20696E74 
 985      00
 986              	.LASF7:
ARM GAS  C:\Users\victo\AppData\Local\Temp\ccu90s8d.s 			page 38


 987 00dd 6C6F6E67 		.ascii	"long long unsigned int\000"
 987      206C6F6E 
 987      6720756E 
 987      7369676E 
 987      65642069 
 988              	.LASF28:
 989 00f4 474E5520 		.ascii	"GNU C 4.9.3 20150303 (release) [ARM/embedded-4_9-br"
 989      4320342E 
 989      392E3320 
 989      32303135 
 989      30333033 
 990 0127 616E6368 		.ascii	"anch revision 221220] -mcpu=cortex-m0 -mthumb -g -O"
 990      20726576 
 990      6973696F 
 990      6E203232 
 990      31323230 
 991 015a 73202D66 		.ascii	"s -ffunction-sections -finline-functions -flto -ffa"
 991      66756E63 
 991      74696F6E 
 991      2D736563 
 991      74696F6E 
 992 018d 742D6C74 		.ascii	"t-lto-objects -fno-strict-aliasing\000"
 992      6F2D6F62 
 992      6A656374 
 992      73202D66 
 992      6E6F2D73 
 993              	.LASF18:
 994 01b0 6D6F6465 		.ascii	"mode\000"
 994      00
 995              	.LASF26:
 996 01b5 56425553 		.ascii	"VBUS_MON_P1_ClearInterrupt\000"
 996      5F4D4F4E 
 996      5F50315F 
 996      436C6561 
 996      72496E74 
 997              	.LASF30:
 998 01d0 433A5C55 		.ascii	"C:\\Users\\victo\\OneDrive\\Documents\\PSoC Creator"
 998      73657273 
 998      5C766963 
 998      746F5C4F 
 998      6E654472 
 999 01fe 5C435950 		.ascii	"\\CYPD4225-40LQXI_0805\\CYPD4225-40LQXI_notebook01."
 999      44343232 
 999      352D3430 
 999      4C515849 
 999      5F303830 
 1000 022f 63796473 		.ascii	"cydsn\000"
 1000      6E00
 1001              	.LASF17:
 1002 0235 56425553 		.ascii	"VBUS_MON_P1_Write\000"
 1002      5F4D4F4E 
 1002      5F50315F 
 1002      57726974 
 1002      6500
 1003              	.LASF6:
 1004 0247 6C6F6E67 		.ascii	"long long int\000"
 1004      206C6F6E 
ARM GAS  C:\Users\victo\AppData\Local\Temp\ccu90s8d.s 			page 39


 1004      6720696E 
 1004      7400
 1005              	.LASF27:
 1006 0255 6D61736B 		.ascii	"maskedStatus\000"
 1006      65645374 
 1006      61747573 
 1006      00
 1007              	.LASF14:
 1008 0262 63686172 		.ascii	"char\000"
 1008      00
 1009              	.LASF2:
 1010 0267 73686F72 		.ascii	"short int\000"
 1010      7420696E 
 1010      7400
 1011              	.LASF9:
 1012 0271 75696E74 		.ascii	"uint8\000"
 1012      3800
 1013              	.LASF29:
 1014 0277 2E5C4765 		.ascii	".\\Generated_Source\\PSoC4\\VBUS_MON_P1.c\000"
 1014      6E657261 
 1014      7465645F 
 1014      536F7572 
 1014      63655C50 
 1015              	.LASF4:
 1016 029e 6C6F6E67 		.ascii	"long int\000"
 1016      20696E74 
 1016      00
 1017              	.LASF0:
 1018 02a7 7369676E 		.ascii	"signed char\000"
 1018      65642063 
 1018      68617200 
 1019              		.comm	__gnu_lto_v1,1,1
 1020              		.ident	"GCC: (GNU Tools for ARM Embedded Processors) 4.9.3 20150303 (release) [ARM/embedded-4_9-br
