ARM GAS  C:\Users\victo\AppData\Local\Temp\ccCLdgxW.s 			page 1


   1              		.cpu cortex-m0
   2              		.fpu softvfp
   3              		.eabi_attribute 20, 1
   4              		.eabi_attribute 21, 1
   5              		.eabi_attribute 23, 3
   6              		.eabi_attribute 24, 1
   7              		.eabi_attribute 25, 1
   8              		.eabi_attribute 26, 1
   9              		.eabi_attribute 30, 4
  10              		.eabi_attribute 34, 0
  11              		.eabi_attribute 18, 4
  12              		.code	16
  13              		.file	"VBUS_OVP_TRIP_P2.c"
  14              		.text
  15              	.Ltext0:
  16              		.section	.gnu.lto_.profile.92f66b80,"",%progbits
  17 0000 789C6366 		.ascii	"x\234cf```a\200\000F\006%\031\000\000\324\000G"
  17      60606061 
  17      80004606 
  17      25190000 
  17      D40047
  18              		.text
  19              		.section	.gnu.lto_.jmpfuncs.92f66b80,"",%progbits
  20 0000 789C6366 		.ascii	"x\234cf\300\016d\2404\033\003##c=#\210`b``f``abdd\256"
  20      C00E64A0 
  20      341B0323 
  20      23633D23 
  20      88606260 
  21 001d AF6705CA 		.ascii	"\257g\005\312\001\000 \267\002>"
  21      010020B7 
  21      023E
  22              		.text
  23              		.section	.gnu.lto_.inline.92f66b80,"",%progbits
  24 0000 789C6D8C 		.ascii	"x\234m\214\321\011\2000\014\005/i\232V\020\034\301\015"
  24      D1098030 
  24      0C052F69 
  24      9A56101C 
  24      C10D
  25 0012 1CC1255D 		.ascii	"\034\301%]\240\2438\202\2438\202-JA4\037\011\\\336\273"
  25      A0A33882 
  25      A338822D 
  25      4A41341F 
  25      095CDEBB 
  26 0026 C0FF6CCF 		.ascii	"\300\377l\317uH.\202\200\346}\305\313\254\215\0139\335"
  26      75482E82 
  26      80E67DC5 
  26      CBAC8D0B 
  26      39DD
  27 0038 3874ACC7 		.ascii	"8t\254\307d\355\247D\023\324\312\334\343\341\213\214"
  27      64EDA744 
  27      13D4CADC 
  27      E3E18B8C 
  28 0048 218B3643 		.ascii	"!\2136C\365`oK]c\013E<\326\236\237K\357q\001\011\220"
  28      F5606F4B 
  28      5D630B45 
  28      3CD69E9F 
  28      4BEF7101 
ARM GAS  C:\Users\victo\AppData\Local\Temp\ccCLdgxW.s 			page 2


  29 005e 0E31     		.ascii	"\0161"
  30              		.text
  31              		.section	.gnu.lto_.pureconst.92f66b80,"",%progbits
  32 0000 789C6366 		.ascii	"x\234cf``\340e\200\0006\006)F)&)f)\026)V)\000\005\261"
  32      6060E065 
  32      80003606 
  32      29462926 
  32      29662916 
  33 001a 00C2     		.ascii	"\000\302"
  34              		.text
  35              		.section	.gnu.lto_VBUS_OVP_TRIP_P2_SetDriveMode.92f66b80,"",%progbits
  36 0000 789C7D50 		.ascii	"x\234}P=/CQ\030~\237so\253!B\214\335K$\015\011~\200"
  36      3D2F4351 
  36      187E9F73 
  36      6FAB2142 
  36      8CDD4B24 
  37 0018 308849A3 		.ascii	"0\210I\243\230\232\224\324M,4\204\271\247U\"\022I}\014"
  37      989A94D4 
  37      4D2C3484 
  37      B9A75522 
  37      12497D0C 
  38 002c 442C44AA 		.ascii	"D,D\252>\007\203\201\2411\230\2040h\322\241\226\242"
  38      3E078381 
  38      A1319884 
  38      3068D2A1 
  38      96A2
  39 003e B5D054B4 		.ascii	"\265\320T\264\035\344z\217k\2238\311{\336\217<\317\363"
  39      1DE47A8F 
  39      6B9338C9 
  39      7BDE8F3C 
  39      CFF3
  40 0050 7E68F4F7 		.ascii	"~h\364\3679\331VA\324\316\036\032A\304n\210\302\016"
  40      39D95641 
  40      D4CE1E1A 
  40      41C46E88 
  40      C20E
  41 0062 01A88040 		.ascii	"\001\250\200@!\201\020\362\242 \020K\036\254\3274\355"
  41      218110F2 
  41      A220104B 
  41      1EACD734 
  41      ED
  42 0073 4A29DF23 		.ascii	"J)\337#\247crm\270\"\210\212\302\322A\034M\214y\251"
  42      A763726D 
  42      B822888A 
  42      C2D2411C 
  42      4D8C79A9 
  43 0087 E4E3B55A 		.ascii	"\344\343\265Z+\210\343\257\345\324\275p\355H\031If\216"
  43      2B88E3AF 
  43      E5D4BD70 
  43      ED481949 
  43      668E
  44 0099 65272A2C 		.ascii	"e'*,\272\007\215\031p;\321\354$.\020\022p)p!\372\225"
  44      BA078D19 
  44      703BD1EC 
  44      242E1012 
  44      70297021 
  45 00af AAB14759 		.ascii	"\252\261GY\274\336\322\304>\354<\027\2354$\245i\026"
ARM GAS  C:\Users\victo\AppData\Local\Temp\ccCLdgxW.s 			page 3


  45      BCDED2C4 
  45      3EEC3C17 
  45      9D3424A5 
  45      6916
  46 00c1 AFEF728D 		.ascii	"\257\357r\215p\010\346\010M}:\024\323\246B\273\372\210"
  46      7008E608 
  46      4D7D3A14 
  46      D3A642BB 
  46      FA88
  47 00d3 B26C6AE6 		.ascii	"\262lj\346'N\330ki\\~.>l\330\225PI\250\005\316\347\226"
  47      274ED86B 
  47      695C7E2E 
  47      3E6CD895 
  47      5049A805 
  48 00ea 52D53951 		.ascii	"R\3259Q\021\332\302|L\352\252\355c\366\366\316\361S"
  48      11DAC27C 
  48      4CEAAAED 
  48      63F6F6CE 
  48      F153
  49 00fc 2295BE6E 		.ascii	"\"\225\276n_Lna3\034\345au\034\300\211C\360\205p\204"
  49      5F4C6E61 
  49      331CE561 
  49      751CC089 
  49      43F08570 
  50 0111 2D501AB3 		.ascii	"-P\032\263\345_5\315\022,>\277%t\305\026e\3234\353\010"
  50      E55F35CD 
  50      122C3EBF 
  50      2574C516 
  50      65D334EB 
  51 0126 C78C4E23 		.ascii	"\307\214N#\222\251\262`\266\222\320\025\355\343\227"
  51      92A9B260 
  51      B692D015 
  51      EDE397
  52 0135 66316D5C 		.ascii	"f1m\\\272\\\201*\375\323\362\204[2\2032\010'\317\256"
  52      BA5C812A 
  52      FDD3F284 
  52      5B328332 
  52      0827CFAE 
  53 0149 8442AB3B 		.ascii	"\204B\253;g\371f\274\035\357\352n\361\365\030\023\306"
  53      67F966BC 
  53      1DEFEA6E 
  53      F1F51813 
  53      C6
  54 015a D4C8B431 		.ascii	"\324\310\2641\352\367\006g\246\002\206\317\343\015v"
  54      EAF70667 
  54      A60286CF 
  54      E30D76
  55 0169 77F886BA 		.ascii	"w\370\206\272\006\275\376\276!\217\177\240\277\327\343"
  55      06BDFEBE 
  55      218F7FA0 
  55      BFD7E3
  56 0178 F7B4B504 		.ascii	"\367\264\265\004H\037\017\216\032\337\234+\234\351"
  56      481F0F8E 
  56      1ADF9C2B 
  56      9CE9
  57              		.text
  58              		.section	.gnu.lto_VBUS_OVP_TRIP_P2_Write.92f66b80,"",%progbits
ARM GAS  C:\Users\victo\AppData\Local\Temp\ccCLdgxW.s 			page 4


  59 0000 789C6591 		.ascii	"x\234e\221OH\024a\030\306\277\347\373vf\026\367Pt\222"
  59      4F481461 
  59      18C6BFE7 
  59      FB766616 
  59      F7507492 
  60 0014 45EA2022 		.ascii	"E\352 \"\201\030D]\012\"\364 \236Z\332\332\323\302\262"
  60      8118445D 
  60      0A22F420 
  60      9E5ADADA 
  60      D3C2B2
  61 0027 E8DC2461 		.ascii	"\350\334$aI\257~\253\243\033\235\326\010Y\014\253-,"
  61      49AF7EAB 
  61      A31B9DD6 
  61      08590CAB 
  61      2D2C
  62 0039 6D4BAD8E 		.ascii	"mK\255\216]\006\017]\"c;\364Gdsq\003\275\345\037\254"
  62      5D060F5D 
  62      22633BF4 
  62      47647371 
  62      03BDE51F 
  63 004e 3DE4F6BE 		.ascii	"=\344\366\276\363\021\2644\314\3147\363\314\373{\346"
  63      F311B434 
  63      CCCC37F3 
  63      CCFB7BE6 
  64 005e 79DF4F89 		.ascii	"y\337O\211\377\217(]\227\244\020\027h\205\022\220\371"
  64      FF8F285D 
  64      97A41017 
  64      68851290 
  64      F9
  65 006f 3521B261 		.ascii	"5!\262a\011\360\203\200\030\223\030\303\216\334\225"
  65      09F08380 
  65      189318C3 
  65      8EDC95
  66 007e C8FBA542 		.ascii	"\310\373\245B\244s^k\375c\357M\353dk\235\260}il\360"
  66      A4735E6B 
  66      FD63EF4D 
  66      EB646B9D 
  66      B07D696C 
  67 0093 149D54B2 		.ascii	"\024\235T\262_\322w\225:\003A\317+\345\367GN\307c\255"
  67      5FD27795 
  67      3A0341CF 
  67      2BE5F747 
  67      4EC763AD 
  68 00a7 C7FD774B 		.ascii	"\307\375wK\3722\352\344\271\000E\004\272\2428\035\025"
  68      FA32EAE4 
  68      B9004504 
  68      BAA2381D 
  68      15
  69 00b8 24082CA2 		.ascii	"$\010,\242\203\213\367fJ\207R\235\017\300\352\243\255"
  69      838BF766 
  69      4A87529D 
  69      0FC0EAA3 
  69      AD
  70 00c9 074E7B91 		.ascii	"\007N{\221\300\315\235\255\267\021]\320\336f\243q\212"
  70      C0CD9DAD 
  70      B7115DD0 
  70      DE66A371 
ARM GAS  C:\Users\victo\AppData\Local\Temp\ccCLdgxW.s 			page 5


  70      8A
  71 00da F967FFF2 		.ascii	"\371g\377\362\346 `\327\373\3759b{\024\3548Jh7\241\360"
  71      E62060D7 
  71      FBFD3962 
  71      7B14EC38 
  71      4A6837A1 
  72 00ef 1C366861 		.ascii	"\0346hae\371\204\257\033\215\327\007\323\267.\242E\322"
  72      65F984AF 
  72      1B8DD707 
  72      D3B72EA2 
  72      45D2
  73 0101 8FA5A29B 		.ascii	"\217\245\242\233\012\011\376h\201C\330,8\201\020\346"
  73      0A09FE68 
  73      8143D82C 
  73      388110E6 
  74 0111 02216A74 		.ascii	"\002!jt\361\014\276\323\013\255j\035\253\207\267\327"
  74      F10CBED3 
  74      0BAD6A1D 
  74      AB87B7D7 
  75 0121 EE8FB2F1 		.ascii	"\356\217\262\361O\311\003)\316\027<l\313\272\014\351"
  75      4FC90329 
  75      CE173C6C 
  75      CBBA0CE9 
  76 0131 A9BC0E71 		.ascii	"\251\274\016q\224o\265\017\345p \005\311\252\017s\013"
  76      946FB50F 
  76      E5702005 
  76      C9AA0F73 
  76      0B
  77 0142 6A0EF7B2 		.ascii	"j\016\367\262\036\265o\341\005\242X\002%\3072\346 \326"
  77      1EB56FE1 
  77      05A25802 
  77      25C732E6 
  77      20D6
  78 0154 31FE25B7 		.ascii	"1\376%\267!\215\241\"OR&~Mm\300(!\022\311c{\2618\323"
  78      218DA122 
  78      4F52267E 
  78      4D6DC028 
  78      2112C963 
  79 016c C296EA88 		.ascii	"\302\226\352\210\346\265B\370'\004\014g\245*\003}<i"
  79      E6B542F8 
  79      27040C67 
  79      A52A037D 
  79      3C69
  80 017e 203A2D82 		.ascii	" :-\202\312\263O&\2161\004b^\022CE\007\266)q\002k\273"
  80      CAB34F26 
  80      8E310462 
  80      5E124345 
  80      07B62971 
  81 0195 D9C6E134 		.ascii	"\331\306\3414\225\\\345o\177a#\255\336\251\266\261\320"
  81      955CE56F 
  81      7F6123AD 
  81      DEA9B6B1 
  81      D0
  82 01a6 D44BD6B7 		.ascii	"\324K\326\267\232\273yE\335\020\"*\310\372_\373\270"
  82      9ABB7945 
  82      DD10222A 
  82      C8FA5FFB 
ARM GAS  C:\Users\victo\AppData\Local\Temp\ccCLdgxW.s 			page 6


  82      B8
  83 01b7 9E77A646 		.ascii	"\236w\246F\373K\203\2431vu'\373\334\033n&}\323\035L"
  83      FB4B83A3 
  83      31767527 
  83      FBDC1B6E 
  83      267DD31D 
  84 01cc C5874732 		.ascii	"\305\207G2\003n2\026\037\356=\227L\364\\\217\247\256"
  84      036E3216 
  84      1FEE3D97 
  84      4CF45C8F 
  84      A7AE
  85 01de 2462A96B 		.ascii	"$b\251kW\373c\251\330\331\356\001a\215\246\207F\\k0"
  85      57FB63A9 
  85      D8D9EE01 
  85      618DA687 
  85      465C6B30 
  86 01f2 93480FFD 		.ascii	"\223H\017\375\001\006@\322\275"
  86      010640D2 
  86      BD
  87              		.text
  88              		.section	.gnu.lto_VBUS_OVP_TRIP_P2_Read.92f66b80,"",%progbits
  89 0000 789C654F 		.ascii	"x\234eO\275KBQ\024?\277\363\236\"8\030\265\204\177@"
  89      BD4B4251 
  89      143FBFF3 
  89      9E223818 
  89      B5847F40 
  90 0014 12C81BA2 		.ascii	"\022\310\033\242\277\240\206h\352\221\345\020\302#\354"
  90      BFA08668 
  90      EA91E510 
  90      C223EC
  91 0023 AD0952B3 		.ascii	"\255\011R\263O}\0314I\243\341\024}XA\255M\205\263$\""
  91      4F7D1934 
  91      49A3E114 
  91      7D5841AD 
  91      4D85B324 
  92 0038 1448D862 		.ascii	"\024H\330b`[b_o(;W\333\272p\357\271\367w\316\357\343"
  92      605B625F 
  92      6F283B57 
  92      DBBA70EF 
  92      B9F777CE 
  93 004e 6AF47F85 		.ascii	"j\364\177\205eO\200\310\220\012\215\300\305;\242l\200"
  93      654F80C8 
  93      900A8DC0 
  93      C53BA26C 
  93      80
  94 005f 01752150 		.ascii	"\001u!P\206\221\301\013\367\030\265\353\237&\"G\216"
  94      8691C10B 
  94      F718B5EB 
  94      9F262247 
  94      8E
  95 0070 937BCD35 		.ascii	"\223{\3155\037\203;\223\036\023\365\231\020\015cZ\351"
  95      1F833B93 
  95      1E13F599 
  95      100D635A 
  95      E9
  96 0081 E0041192 		.ascii	"\340\004\021\222\301\236\373\375\020\364\273\216\343"
  96      C19EFBFD 
ARM GAS  C:\Users\victo\AppData\Local\Temp\ccCLdgxW.s 			page 7


  96      10F4BB8E 
  96      E3
  97 008e 8CA9BE34 		.ascii	"\214\251\2764N\341\027\017\272\034\277u\006\203~m\277"
  97      4EE1170F 
  97      BA1CBF75 
  97      06837E6D 
  97      BF
  98 009f 3BC53E26 		.ascii	";\305>&\217\305\321c\326I)QG\016e\372\314\254\252\326"
  98      8FC5D163 
  98      D6492951 
  98      470E65FA 
  98      CCACAAD6 
  99 00b3 42F563EF 		.ascii	"B\365c\357\276\262\246\330\237\254\022\034\326\253o"
  99      BEB2A6D8 
  99      9FAC121C 
  99      D6AB6F
 100 00c2 BE2E7BAC 		.ascii	"\276.{\254\271\205\242\243+\257\247N\275\021\030B\244"
 100      B985A2A3 
 100      2BAFA74E 
 100      BD111842 
 100      A4
 101 00d3 9EEFA5AB 		.ascii	"\236\357\245\253\233P\031\007Y\027\036\353\250 \214"
 101      9B501907 
 101      59171EEB 
 101      A8208C
 102 00e2 3348369C 		.ascii	"3H6\234\243\014j!\327\336\355`$\250\211\246 \371\257"
 102      A30C6A21 
 102      D7DEED60 
 102      24A889A6 
 102      20F9AF
 103 00f5 427404E8 		.ascii	"Bt\004\350\202\211D\243t\234\017)E\371<.\204\334\306"
 103      828944A3 
 103      749C0F29 
 103      45F93C2E 
 103      84DCC6
 104 0108 1F431F86 		.ascii	"\037C\037\206\204\012'Q\243Fb\301\336\264\323\353[\366"
 104      840A2751 
 104      A34662C1 
 104      DEB4D3EB 
 104      5BF6
 105 011a 86154B6D 		.ascii	"\206\025Km\247\223v\302\214\245\346g\023\361\271\325"
 105      A79376C2 
 105      8CA5E667 
 105      13F1B9D5 
 106 012a 98B51437 		.ascii	"\230\265\0247\255\225\345E\3232g\214$\375\002\315\024"
 106      AD95E545 
 106      D332678C 
 106      24FD02CD 
 106      14
 107 013b 6F79     		.ascii	"oy"
 108              		.text
 109              		.section	.gnu.lto_VBUS_OVP_TRIP_P2_ReadDataReg.92f66b80,"",%progbits
 110 0000 789C654F 		.ascii	"x\234eO\277KBQ\024>\337y/\021\034\212Z\302\177@\002"
 110      BF4B4251 
 110      143EDF79 
 110      2F111C8A 
 110      5AC27F40 
ARM GAS  C:\Users\victo\AppData\Local\Temp\ccCLdgxW.s 			page 8


 111 0015 71A8FE82 		.ascii	"q\250\376\202\032\242\251G\226C\010\217\260\267&H\315"
 111      1AA2A947 
 111      9643088F 
 111      B0B72648 
 111      CD
 112 0026 5EF5A5D0 		.ascii	"^\365\245\320$MQ\0105XVBs[8G!\015\221\204\021X\330\226"
 112      244D5108 
 112      35585642 
 112      735B3847 
 112      210D9184 
 113 003e 08D61BCA 		.ascii	"\010\326\033\312\316\325\266.\334{\356\375\316\371~"
 113      CED5B62E 
 113      DC7BEEFD 
 113      CEF97E
 114 004d 5C83FEAF 		.ascii	"\\\203\376\257\240\354\011\020E\244\302 p\361\226(\343"
 114      A0EC0910 
 114      45A4C220 
 114      70F19628 
 114      E3
 115 005e 67405F08 		.ascii	"g@_\010\224f\244\361\316\035\306\315\325\317=Be\245"
 115      9466A4F1 
 115      CE1DC6CD 
 115      D5CF3D42 
 115      65A5
 116 0070 B21FB5C7 		.ascii	"\262\037\265\307\247\300\316\244\307D]&\204\203\230"
 116      A7C0CEA4 
 116      C7445D26 
 116      848398
 117 007f D23A3845 		.ascii	"\322:8E\210d\260\343~?\004|\256RjL\367\245Q\201O<\350"
 117      8864B0E3 
 117      7E3F047C 
 117      AE526A4C 
 117      F7A55181 
 118 0096 72FC5AF5 		.ascii	"r\374Z\365\373\335\267\275\366\014\2170y,\216\036\263"
 118      FBDDB7BD 
 118      F60C8F30 
 118      792C8E1E 
 118      B3
 119 00a7 495A895A 		.ascii	"IZ\211Zrh\323Wf]\215\006j\275\335^uM\263?Y'8.\357\273"
 119      7268D357 
 119      665D8D06 
 119      6ABDDD5E 
 119      754DB33F 
 120 00c1 68B3C786 		.ascii	"h\263\307\206\312\027\225\251\275\236[wu\377\000\"\375"
 120      CA1795A9 
 120      BD9E5B77 
 120      75FF0022 
 120      FD
 121 00d2 7C392A54 		.ascii	"|9*T\214\022\0163.<6q\206 \316!\331p\201\022\250\201"
 121      8C120E33 
 121      2E3C3671 
 121      8620CE21 
 121      D9708112 
 122 00e8 6CB3D0C2 		.ascii	"l\263\320\302P\320\020MAr_\371\360\0200\005\023\211"
 122      50D0104D 
 122      41725FF9 
 122      F0103005 
ARM GAS  C:\Users\victo\AppData\Local\Temp\ccCLdgxW.s 			page 9


 122      1389
 123 00fa FAC1496E 		.ascii	"\372\301InT+\312\347Q\025r\023\177\014s\020\022:\234"
 123      542BCAE7 
 123      51157213 
 123      7F0C7310 
 123      123A9C
 124 010d 440D47E2 		.ascii	"D\015G\342\013\316\246\223Z\337r6\354hr;\225p\342V4"
 124      0BCEA693 
 124      5ADF7236 
 124      EC68723B 
 124      9570E256 
 125 0122 393F1B8F 		.ascii	"9?\033\217\315\255F\355\245\230e\257,/Z\2665\035I\320"
 125      CDAD46ED 
 125      A59865AF 
 125      2C2F5AB6 
 125      351D49D0 
 126 0136 2F982F6E 		.ascii	"/\230/n\341"
 126      E1
 127              		.text
 128              		.section	.gnu.lto_VBUS_OVP_TRIP_P2_SetInterruptMode.92f66b80,"",%progbits
 129 0000 789C6D91 		.ascii	"x\234m\221_H\323Q\024\307\357\271\367\367on\221\364"
 129      5F48D351 
 129      14C7EFB9 
 129      F7F76F6E 
 129      91F4
 130 0012 247BA840 		.ascii	"${\250@\206Aa\020=\364\022D\006\321K\215V>\015F\350"
 130      86416110 
 130      3DF41244 
 130      06D14B8D 
 130      563E0D46 
 131 0027 AFD8435B 		.ascii	"\257\330C[\254\371\324\203\277\315\265E\3640LB\022\011"
 131      ACF9D483 
 131      BFCDB545 
 131      F4304C42 
 131      1209
 132 0039 91505BE9 		.ascii	"\221P[\351\312\212\332\323\217\025$D\245 \011\006\323"
 132      CA8ADAD3 
 132      8F152444 
 132      A5200906 
 132      D3
 133 004a 6CAB8402 		.ascii	"l\253\204\002\327\226sQ\254s~?_\244~\360\273\367\236"
 133      D7967351 
 133      AC737E3F 
 133      5FA47EF0 
 133      BBF79E
 134 005d 0FE77CEF 		.ascii	"\017\347|\357\367\234+\330\277\237\033\377Q\316\330"
 134      F79C2BD8 
 134      BF9F1BFF 
 134      51CED8
 135 006c 31DC4130 		.ascii	"1\334A0\340\351\267\214\3054\016@\007\006\254\227C/"
 135      E0E9B78C 
 135      C5340E40 
 135      0706AC97 
 135      432F
 136 007e ACF23287 		.ascii	"\254\3622\207\264\231\031t\266\3355\014c\355G\245\345"
 136      B4991974 
 136      B6DD350C 
ARM GAS  C:\Users\victo\AppData\Local\Temp\ccCLdgxW.s 			page 10


 136      63ED47A5 
 136      E5
 137 008f 6A4B1DCB 		.ascii	"jK\035\313*\334\226\2011h\303\224\322\263\221+b?0<\276"
 137      2ADC9681 
 137      3168C394 
 137      D2B3912B 
 137      623F303C 
 138 00a4 5ED9A8B8 		.ascii	"^\331\250\270\276\362:\207f\012o/\224\252\202B\316)"
 138      BEF23A87 
 138      660A6F2F 
 138      94AA8242 
 138      CE29
 139 00b6 CCBC1CC8 		.ascii	"\314\274\034\310\252\236Q\303\210\233KY\343\010r\001"
 139      AA9E51C3 
 139      889B4B59 
 139      E3087201 
 140 00c6 E320500E 		.ascii	"\343 P\016&\300\015\367\300\315\0201\310\200\007\263"
 140      26C00DF7 
 140      C0CD1031 
 140      C88007B3 
 141 00d6 BFD457C7 		.ascii	"\277\324W\307\266\211C\226\356J\354\316O\247]y\255O"
 141      B6894396 
 141      EE4AECCE 
 141      4FA75D79 
 141      AD4F
 142 00e8 D94385F7 		.ascii	"\331C\205\367\377S\370\000<\224=\373b\340\223,\016["
 142      FF53F800 
 142      3C943DFB 
 142      62E0932C 
 142      0E5B
 143 00fa 95CF27AB 		.ascii	"\225\317'\253o\234\226\243\335\024\346\372g\006\025"
 143      6F9C96A3 
 143      DD14E6FA 
 143      670615
 144 0109 CB9144E1 		.ascii	"\313\221D\341\367[\371!\336:\202\272\313\023\251W.c"
 144      F75BF921 
 144      DE3A82BA 
 144      CB13A957 
 144      2E63
 145 011b C6482C37 		.ascii	"\306H,7\032\273\352\\\202I[\177\012\365\263\340\336"
 145      1ABBEA5C 
 145      82495B7F 
 145      0AF5B3E0 
 145      DE
 146 012c 1C1C9694 		.ascii	"\034\034\226\224\023\177\026\234J\002\007\322\014\017"
 146      137F169C 
 146      4A0207D2 
 146      0C0F
 147 013a A1D51E06 		.ascii	"\241\325\036\006<\002\005p#2\265\3034\032\215\351\371"
 147      3C020570 
 147      2332B5C3 
 147      341A8DE9 
 147      F9
 148 014b 9BE37B85 		.ascii	"\233\343{\205\213\2431Y\000\265$\321Q\246Ea\224\247"
 148      8BA33159 
 148      00B524D1 
 148      51A64561 
ARM GAS  C:\Users\victo\AppData\Local\Temp\ccCLdgxW.s 			page 11


 148      94A7
 149 015d 02F9D510 		.ascii	"\002\371\325\020(\016\242M\2640VD=z\205\022\316\014"
 149      280EA24D 
 149      B4305644 
 149      3D7A8512 
 149      CE0C
 150 016f 77B108F9 		.ascii	"w\261\010\371\365\353\205\234\227\256\250qz\222\331"
 150      F5EB859C 
 150      97AEA871 
 150      7A92D9
 151 017e 54756E3B 		.ascii	"Tun;\365\240\336H\246\015\253\217\245\342\2739\315B"
 151      F5A0DE48 
 151      A60DAB8F 
 151      A5E2BB39 
 151      CD42
 152 0190 96C7B572 		.ascii	"\226\307\265r*\356\034\206\241X\002\352\\\203i\354\341"
 152      2AEE1C86 
 152      A15802EA 
 152      5C8369EC 
 152      E1
 153 01a1 31F5004F 		.ascii	"1\365\000O`\030\330\"\304\013\251\242b\013J5\034\034"
 153      6018D822 
 153      C40BA9A2 
 153      620B4A35 
 153      1C1C
 154 01b3 925FC979 		.ascii	"\222_\311y\331&2B$}\033\311o`\023\272\0279{\017\334"
 154      D9263242 
 154      247D1BC9 
 154      6F6013BA 
 154      17397B0F 
 155 01c8 6A14CD23 		.ascii	"j\024\315#\264s>\347\3267\2634T\252\241\001\222Wm\344"
 155      B4733EE7 
 155      D637B334 
 155      54AAA101 
 155      92576DE4 
 156 01dc 404A69D5 		.ascii	"@Ji\325\344o\311&M\226\232\003a\276\377\343Nb[\354\306"
 156      E46FC926 
 156      4D969A03 
 156      61BEFFE3 
 156      4E625BEC 
 157 01f1 4C79ABE1 		.ascii	"Ly\253\341\247h\030\253X\001b\346\207\223\224O\317P"
 157      A76818AB 
 157      580162E6 
 157      8793944F 
 157      CF50
 158 0203 E440B3C1 		.ascii	"\344@\263\301I\355k\367\037\327Cz\344\\T\357\016\370"
 158      49ED6BF7 
 158      1FD7437A 
 158      E45C54EF 
 158      0EF8
 159 0215 C23D912E 		.ascii	"\302=\221.\335\357\365\205;\016\372;\217\236\365\005"
 159      DDEFF585 
 159      3B0EFA3B 
 159      8F9EF505 
 160 0225 4E757A03 		.ascii	"Nuz\003gN\237\360\006\274\007\332\273\230v)|9\030\015"
 160      674E9FF0 
 160      06BC07DA 
ARM GAS  C:\Users\victo\AppData\Local\Temp\ccCLdgxW.s 			page 12


 160      BB987629 
 160      7C39180D 
 161 0239 8643D2C5 		.ascii	"\206C\322\305p\267\256\006C\321H\307\371\013\177\001"
 161      70B7AE06 
 161      43D148C7 
 161      F90B7F01 
 162 0249 4B91FFC4 		.ascii	"K\221\377\304"
 163              		.text
 164              		.section	.gnu.lto_VBUS_OVP_TRIP_P2_ClearInterrupt.92f66b80,"",%progbits
 165 0000 789C6590 		.ascii	"x\234e\220OH\323a\030\307\237\357\363\373\271\026\013"
 165      4F48D361 
 165      18C79FEF 
 165      F3FBB916 
 165      0B
 166 0011 0C4FB18B 		.ascii	"\014O\261\213\007\017\022\310\202\350d\267:\210\247"
 166      070F12C8 
 166      82E864B7 
 166      3A88A7
 167 0020 46AB9D06 		.ascii	"F\253\235\006c\350\357$:\320\331Q\337\331\334\260\016"
 167      63E8EF24 
 167      3AD0D951 
 167      DFD9DCB0 
 167      0E
 168 0031 8D220862 		.ascii	"\215\"\010b\007\017\341\337\222\"\002\017\302\030\242"
 168      070FE1DF 
 168      9222020F 
 168      C218A2
 169 0040 174944B0 		.ascii	"\027ID\260\220\230B\012\012!\2110\373a\355\347\363l"
 169      9098420A 
 169      0A218930 
 169      FB61EDE7 
 169      F36C
 170 0052 1E1CBDF0 		.ascii	"\036\034\275\360\362\276\357\367}\276\337\367\363\274"
 170      F2BEEFF7 
 170      7DBEDFF7 
 170      F3BC
 171 0060 16FD3F82 		.ascii	"\026\375?\2022?\203\350\256\254\260\010\234\377J\224"
 171      323F83E8 
 171      AEACB008 
 171      9CFF4A94 
 172 0070 F633A01B 		.ascii	"\3663\240\033\002\2152Fq\310\307\214\265\305\352&\332"
 172      028D3246 
 172      71C8C78C 
 172      B5C5EA26 
 172      DA
 173 0081 DF1933F6 		.ascii	"\337\0313\366\273t\366#0~\303e\242\023&t\004qSs0\205"
 173      BB74F623 
 173      307EC365 
 173      A2132674 
 173      04715373 
 174 0097 7692C2D7 		.ascii	"v\222\302\327?'\216`\335\202\356+\336\363Y\177\333\244"
 174      3F278E60 
 174      DD82EE2B 
 174      DEF3597F 
 174      DBA4
 175 00a9 9876CBB9 		.ascii	"\230v\313\271\225\200yc2\273\236\327*VL\303\272\354"
 175      95807963 
ARM GAS  C:\Users\victo\AppData\Local\Temp\ccCLdgxW.s 			page 13


 175      32BB9ED7 
 175      2A564CC3 
 175      BAEC
 176 00bb D62186E3 		.ascii	"\326!\206\343\314\277o\001_\306\030s\0353h\323\007$"
 176      CCBF6F01 
 176      5FC61873 
 176      1D3368D3 
 176      0724
 177 00cd 79163E81 		.ascii	"y\026>\201\204*\013-E\343y'G\257\246;\255+L.\013\266"
 177      842A0B2D 
 177      45E37927 
 177      47AFA63B 
 177      AD2B4C2E 
 178 00e3 CB6C935E 		.ascii	"\313l\223^6\351\231hOL\312\277\317\254\253\265\215R"
 178      36E99968 
 178      4F4CCABF 
 178      CFACABB5 
 178      8D52
 179 00f5 E5596569 		.ascii	"\345YeiDsNY\233y\361e\347\364\352\001\273l\345\263y"
 179      44734E59 
 179      9B79F165 
 179      E7F4EA01 
 179      BB6CE5B3 
 180 010a 63EBCB3B 		.ascii	"c\353\313;{\353\033\376\232T\003\311\376\372Xm.\340"
 180      7BEB1BFE 
 180      9A5403C9 
 180      FEFA586D 
 180      2EE0
 181 011c 6D3A0397 		.ascii	"m:\003\227m\314!\210y\010(\336\243\000\332\306\330\367"
 181      6DCC2188 
 181      790828DE 
 181      A300DAC6 
 181      D8F7
 182 012e DC5FAE07 		.ascii	"\334_\256\007Z\222)\312\323?\331e\324\025[D\311X-\034"
 182      5A9229CA 
 182      D33FD965 
 182      D4155B44 
 182      C9582D1C 
 183 0142 7CB23552 		.ascii	"|\2625R\240\360A\334[\250Y\024U\2124\245\234\253.=\251"
 183      A0F041DC 
 183      5BA85914 
 183      558A34A5 
 183      9CAB2E3D 
 184 0157 9B9AEA52 		.ascii	"\233\232\352R\351e-\244\001!]\344F\210\005\201\020\007"
 184      E9652DA4 
 184      01215DE4 
 184      46880581 
 184      1007
 185 0169 95912E6E 		.ascii	"\225\221.n\254_p\330\244\255C[\226\017\350\010\305\272"
 185      AC5F70D8 
 185      A4AD435B 
 185      960FE808 
 185      C5BA
 186 017b 9C016730 		.ascii	"\234\001g0\221rz\343\221\344\360`\217\023\013G\222\367"
 186      91727AE3 
 186      91E4F060 
 186      8F130B47 
ARM GAS  C:\Users\victo\AppData\Local\Temp\ccCLdgxW.s 			page 14


 186      92F7
 187 018d EFC4A2F7 		.ascii	"\357\304\242\367\036G\342\017\242\341\370\243\207\335"
 187      1E47E20F 
 187      A2E1F8A3 
 187      87DD
 188 019b E178F876 		.ascii	"\341x\370v\250\207\256\365'\206\372\234\336H*\221\032"
 188      A887AEF5 
 188      2786FA9C 
 188      DE482A91 
 188      1A
 189 01ac 1E3A072D 		.ascii	"\036:\007-\361\254\260"
 189      F1ACB0
 190              		.text
 191              		.section	.gnu.lto_.symbol_nodes.92f66b80,"",%progbits
 192 0000 789C55C7 		.ascii	"x\234U\307;\015\000 \020D\301w\037\022tbd-\240\200\240"
 192      3B0D0020 
 192      1044C177 
 192      1F127462 
 192      642DA080 
 193 0015 084D3414 		.ascii	"\010M4\024\334t\023\300\340q\004\363\200\304\332\035"
 193      DC7413C0 
 193      E07104F3 
 193      80C4DA1D 
 194 0025 3759B9CB 		.ascii	"7Y\271\313\313CQ\236\312\362\246\366\237\013\351b\031"
 194      CB43519E 
 194      CAF2A6F6 
 194      9F0BE962 
 194      19
 195 0036 56       		.ascii	"V"
 196              		.text
 197              		.section	.gnu.lto_.refs.92f66b80,"",%progbits
 198 0000 789C6366 		.ascii	"x\234cf```d\200\002\000\000=\000\005"
 198      60606064 
 198      80020000 
 198      3D0005
 199              		.text
 200              		.section	.gnu.lto_.decls.92f66b80,"",%progbits
 201 0000 789C8D54 		.ascii	"x\234\215ToL[U\024\277\347\335\266\320G\303\366Ef\310"
 201      6F4C5B55 
 201      14BFE7DD 
 201      B6D047C3 
 201      F64566C8 
 202 0014 96B53121 		.ascii	"\226\2651!\232\020\222\2011\373f\"K\346>\250\015\270"
 202      9A109281 
 202      31FB6622 
 202      4BE63EA8 
 202      0DB8
 203 0026 F961244D 		.ascii	"\371a$M\003/\223\304\300R\313\222}1w\340\\]\266\205"
 203      032F93C4 
 203      C052CB92 
 203      7D3177E0 
 203      5C5DB685 
 204 003a 11104405 		.ascii	"\021\020D\005\242\014\007llB\201\025\020\012\014\001"
 204      A20C076C 
 204      6C428115 
 204      100A0C01 
 205 004a 8101F30F 		.ascii	"\201\001\363\017n\272\014TD\235\032@\0227g|\236{\357"
ARM GAS  C:\Users\victo\AppData\Local\Temp\ccCLdgxW.s 			page 15


 205      6EBA0C54 
 205      449D1A40 
 205      1237677C 
 205      9E7BEF
 206 005d EB9FAD6F 		.ascii	"\353\237\255o\206\233\234\366\335\323\363\373\235\337"
 206      869B9CF6 
 206      DDD3F3FB 
 206      9DDF
 207 006b 3DBFFB4A 		.ascii	"=\277\373J\011!M@\210\316\227\205\220\035\370\234\204"
 207      09214D40 
 207      88CE9785 
 207      901DF89C 
 207      84
 208 007c 3937892D 		.ascii	"97\211-\033F'F\020\243\027#\2041\2121F\022\027\257\263"
 208      1B462746 
 208      10A31723 
 208      84318A31 
 208      461217AF 
 209 0091 1AF88B18 		.ascii	"\032\370\213\030.\214y\2149\343w0j\036^A\243O<.\315"
 209      2E8C798C 
 209      39E37730 
 209      6A1E5E41 
 209      A34F3C2E 
 210 00a6 041B34C1 		.ascii	"\004\0334\301\366\032=\377\017\327k\202\013m\002\027"
 210      F61A3DFF 
 210      0FD76B82 
 210      0B6D0217 
 211 00b6 32C1F1B3 		.ascii	"2\301\361\263\333\015\255\251\030\016\214A\214\031\203"
 211      DB0DADA9 
 211      180E8C41 
 211      8C1983
 212 00c5 C769C233 		.ascii	"\307i\3023j\3023\266\211\376f3^S`\352\373\273\177:~"
 212      6AC233B6 
 212      89FE6633 
 212      5E5360EA 
 212      FBBB7F3A 
 213 00da 562055DD 		.ascii	"V U\335\312\267\365\013\313\033\024\267\016U\341\333"
 213      CAB7F50B 
 213      CB1B14B7 
 213      0E55E1DB 
 214 00ea AF874E9C 		.ascii	"\257\207N\234H\246\012\360\347\217\352\226\276T3\333"
 214      48A60AF0 
 214      E78FEA96 
 214      BE5433DB 
 215 00fa 18630116 		.ascii	"\030c\001\026\016C\214\342XK\377\251$\304\244\251b{"
 215      0E438CE2 
 215      584BFFA9 
 215      24C4A4A9 
 215      627B
 216 010c 66AA7E98 		.ascii	"f\252~\230\212\255\316q\312\215\033\325\367(\250\031"
 216      8AADCE71 
 216      CA8D1BD5 
 216      F728A819 
 217 011c 01C6CAD9 		.ascii	"\001\306\312\331j\025\243\217\023\310L\207\247\322\011"
 217      6A15A38F 
 217      13C84C87 
 217      A7D209
ARM GAS  C:\Users\victo\AppData\Local\Temp\ccCLdgxW.s 			page 16


 218 012b 74400696 		.ascii	"t@\006\226A\033d\022h\207t\270\000\351\244\031\033\254"
 218      411B6412 
 218      688774B8 
 218      00E9A419 
 218      1BAC
 219 013d 36AEDEDC 		.ascii	"6\256\336\334\316\230\005.\202\012\255@E\005\036\203"
 219      CE98052E 
 219      820AAD40 
 219      45051E83 
 220 014d 77309A56 		.ascii	"w0\232V\036\037\256\264X\024L\362\232\203\026\236\233"
 220      1E1FAEB4 
 220      58144CF2 
 220      9A83169E 
 220      9B
 221 015e AE7D7F24 		.ascii	"\256}\177$e[\015\343\253\202mU\300\235\006\037#\355"
 221      655B0DE3 
 221      AB826D55 
 221      C09D061F 
 221      23ED
 222 0170 79A42570 		.ascii	"y\244%p\031\266\341\347%\260H\202\225w\272\337v\320"
 222      19B6E1E7 
 222      25B04882 
 222      9577BADF 
 222      76D0
 223 0182 1C71B4D0 		.ascii	"\034q\264\320\311\366I\273\263\2015]^m\255\370\311}"
 223      C9F649BB 
 223      B381355D 
 223      5E6DADF8 
 223      C97D
 224 0194 B68255B3 		.ascii	"\266\202U\263E]\337)@\360IT\000\341\317r\242\235\340"
 224      455DDF29 
 224      40F04954 
 224      00E1CF72 
 224      A29DE0
 225 01a7 44E07067 		.ascii	"D\340pg\270\333N\337\020$#\327o\375\222,H\026o\217j"
 225      B8DB4EDF 
 225      102423D7 
 225      6FFD922C 
 225      48166F8F 
 226 01bc E172F68F 		.ascii	"\341r\366\217\256S\311\320\025\307\320\025a\010\012"
 226      AE53C9D0 
 226      15C7D015 
 226      61080A
 227 01cb 8699F6C9 		.ascii	"\206\231\366\311\267 ^3?NLt\267\020}\320\320|i\350V"
 227      B7205E33 
 227      3F4E4C74 
 227      B7107DD0 
 227      D07C69E8 
 228 01e0 879DD680 		.ascii	"\207\235\326\200\350\267\326\377\346\202E\366\253[\216"
 228      E8B7D6FF 
 228      E68245F6 
 228      AB5B8E
 229 01ef F54304F4 		.ascii	"\365C\004\364\304\365\353\211\364\353\225\212\317T\265"
 229      C4F5EB89 
 229      F4EB958A 
 229      CF54B5
 230 01fe D868BBA4 		.ascii	"\330h\273\2448\336\360\367\270<w\323\3649\333y\026\326"
ARM GAS  C:\Users\victo\AppData\Local\Temp\ccCLdgxW.s 			page 17


 230      38DEF0F7 
 230      B83C77D3 
 230      F439DB79 
 230      16D6
 231 0210 F56705C1 		.ascii	"\365g\005\301\2258\202+\021\202\220 \370`\375\217\001"
 231      9538822B 
 231      11829020 
 231      F860FD8F 
 231      01
 232 0221 3B9D9004 		.ascii	";\235\220\004\021\353\235\322\372\332;w\203\311b\313"
 232      11EB9DD2 
 232      FADA3B77 
 232      83C962CB 
 233 0231 A5A0F72D 		.ascii	"\245\240\367-s\177\325\247B\206*M]\227\246\016\342\011"
 233      737FD5A7 
 233      42862A4D 
 233      5D97A60E 
 233      E209
 234 0243 FB62A63A 		.ascii	"\373b\246:\015S\305\375\300\031X\237$\321\001\300\247"
 234      0D53C5FD 
 234      C019589F 
 234      24D101C0 
 234      A7
 235 0254 78439CC6 		.ascii	"xC\234\306\015\351\307\344\000&\261Q\343\370o_m\021"
 235      0DE9C7E4 
 235      0026B151 
 235      E3F86F5F 
 235      6D11
 236 0266 EE0F46DD 		.ascii	"\356\017F\335\277\371\305\267\255\366hn\010D\262A\037"
 236      BFF9C5B7 
 236      ADF6686E 
 236      0844B241 
 236      1F
 237 0277 0C591E79 		.ascii	"\014Y\036y%\206\305t\303\221+q\341\327\245>\007\235"
 237      2586C574 
 237      C3912B71 
 237      E1D7A53E 
 237      079D
 238 0289 3566D379 		.ascii	"5f\323y\372\234j\334\211\037Vv\275\313\232\216\261\177"
 238      FA9C6ADC 
 238      891F5676 
 238      BDCB9A8E 
 238      B17F
 239 029b 75BCD21C 		.ascii	"u\274\322\034\005#q\003\032\211\014hT\014(4\033\370"
 239      05237103 
 239      1A890C68 
 239      540C2834 
 239      1BF8
 240 02ad D04AD724 		.ascii	"\320J\327$K\333\351\311u\311\262\370\335\312\203&]\215"
 240      4BDBE9C9 
 240      75C9B2F8 
 240      DDCA8326 
 240      5D8D
 241 02bf A3B81AA1 		.ascii	"\243\270\032\241\030\223\024\035\0333)\342\245tr\222"
 241      1893141D 
 241      1B3329E2 
 241      A5747292 
ARM GAS  C:\Users\victo\AppData\Local\Temp\ccCLdgxW.s 			page 18


 242 02cf BEAA893A 		.ascii	"\276\252\211:\233x)\305\231\002U=w\254\364\254\362\200"
 242      9B7829C5 
 242      9902553D 
 242      77ACF4AC 
 242      F280
 243 02e1 032EE9C0 		.ascii	"\003.\351\300\355\367\3565\333\305\226\377\015o\341"
 243      EDF7EE35 
 243      DBC596FF 
 243      0D6FE1
 244 02f0 A9A56F16 		.ascii	"\251\245o\026\006\222h\255(W~\257.\327S\242\206lHCf"
 244      069268AD 
 244      28577EAF 
 244      2ED753A2 
 244      866C4843 
 245 0305 705E5331 		.ascii	"p^S1C\\\361\206TV0\373\363\004>\303\231\215sC\246\321"
 245      435CF186 
 245      545630FB 
 245      F3043EC3 
 245      998D7343 
 246 031b 109761C8 		.ascii	"\020\227a\310$&?\227\206\204j\346\307U5\300\207\274"
 246      24263F97 
 246      86846AE6 
 246      C75535C0 
 246      87BC
 247 032d 398412EE 		.ascii	"9\204\022\356\252\274\3570\224,\236\352jV\270\2229T"
 247      AABCEF30 
 247      942C9EEA 
 247      6A56B892 
 247      3954
 248 033f 32115372 		.ascii	"2\021Sr\015bR\022\211g\315\245,\377\330x\337\3468\031"
 248      0D625212 
 248      8967CDA5 
 248      2CFFD878 
 248      DFE63819 
 249 0353 152F4823 		.ascii	"\025/H# \002\363\340\020\223\346\337\326\262\342\022"
 249      2002F3E0 
 249      1093E6DF 
 249      D6B2E212 
 250 0363 FF6EDBDE 		.ascii	"\377n\333\336\027\367;s\311\023Y\005{\265\022\315\347"
 250      17F73B73 
 250      C9135905 
 250      7BB512CD 
 250      E7
 251 0374 F56B459E 		.ascii	"\365kE\236\374\3222_\241V\340\316/\315}\272\240\360"
 251      FCD2325F 
 251      A156E0CE 
 251      2FCD7DBA 
 251      A0F0
 252 0386 A8FFE861 		.ascii	"\250\377\350a\355\365\254W\311\216\003\317\355\317\367"
 252      EDF5AC57 
 252      C98E03CF 
 252      EDCFF7
 253 0395 BC74C0ED 		.ascii	"\274t\300\355y9o\237\333\343\316\366\344k\376=\276\342"
 253      79396F9F 
 253      DBE3CEF6 
 253      E46BFE3D 
 253      BEE2
ARM GAS  C:\Users\victo\AppData\Local\Temp\ccCLdgxW.s 			page 19


 254 03a7 23DA0BA5 		.ascii	"#\332\013\245EZ\346#\031\036\206e\025\222\264\004\252"
 254      455AE623 
 254      191E8665 
 254      1592B404 
 254      AA
 255 03b8 577CC57E 		.ascii	"W|\305~\355\261\204t\236\346-\332n\232\335\343\365{"
 255      EDB18474 
 255      9EE62DDA 
 255      6E9ADDE3 
 255      F57B
 256 03ca F3B44336 		.ascii	"\363\264C6~\212]\317\270\314\264\355+\361k>_\331a?\327"
 256      7E8A5DCF 
 256      B8CCB4ED 
 256      2BF16B3E 
 256      5FD9613F 
 257 03df B733A122 		.ascii	"\2673\241\"\3675\315\353\213\326X}\332\241\234lA\227"
 257      F735CDEB 
 257      8BD6587D 
 257      DAA19C6C 
 257      4197
 258 03f1 93FD1F65 		.ascii	"\223\375\037eg\010g"
 258      670867
 259              		.text
 260              		.section	.gnu.lto_.symtab.92f66b80,"",%progbits
 261 0000 56425553 		.ascii	"VBUS_OVP_TRIP_P2_SetDriveMode\000\000\000\000\000\000"
 261      5F4F5650 
 261      5F545249 
 261      505F5032 
 261      5F536574 
 262 0023 00000000 		.ascii	"\000\000\000\000\000\000\262\000\000\000VBUS_OVP_TR"
 262      0000B200 
 262      00005642 
 262      55535F4F 
 262      56505F54 
 263 0038 49505F50 		.ascii	"IP_P2_Write\000\000\000\000\000\000\000\000\000\000"
 263      325F5772 
 263      69746500 
 263      00000000 
 263      00000000 
 264 004d 0000B400 		.ascii	"\000\000\264\000\000\000VBUS_OVP_TRIP_P2_Read\000\000"
 264      00005642 
 264      55535F4F 
 264      56505F54 
 264      5249505F 
 265 006a 00000000 		.ascii	"\000\000\000\000\000\000\000\000\000\000\267\000\000"
 265      00000000 
 265      0000B700 
 265      00
 266 0077 00564255 		.ascii	"\000VBUS_OVP_TRIP_P2_ReadDataReg\000\000\000\000\000"
 266      535F4F56 
 266      505F5452 
 266      49505F50 
 266      325F5265 
 267 0099 00000000 		.ascii	"\000\000\000\000\000\000\000\271\000\000\000VBUS_OV"
 267      000000B9 
 267      00000056 
 267      4255535F 
ARM GAS  C:\Users\victo\AppData\Local\Temp\ccCLdgxW.s 			page 20


 267      4F56
 268 00ab 505F5452 		.ascii	"P_TRIP_P2_SetInterruptMode\000\000\000\000\000\000\000"
 268      49505F50 
 268      325F5365 
 268      74496E74 
 268      65727275 
 269 00cc 00000000 		.ascii	"\000\000\000\000\000\303\000\000\000VBUS_OVP_TRIP_P"
 269      00C30000 
 269      00564255 
 269      535F4F56 
 269      505F5452 
 270 00e4 325F436C 		.ascii	"2_ClearInterrupt\000\000\000\000\000\000\000\000\000"
 270      65617249 
 270      6E746572 
 270      72757074 
 270      00000000 
 271 00fd 000000C5 		.ascii	"\000\000\000\305\000\000\000"
 271      000000
 272              		.text
 273              		.section	.gnu.lto_.opts,"",%progbits
 274 0000 272D666E 		.ascii	"'-fno-trapv' '-mcpu=cortex-m0' '-mthumb' '-g' '-Os'"
 274      6F2D7472 
 274      61707627 
 274      20272D6D 
 274      6370753D 
 275 0033 20272D57 		.ascii	" '-Werror' '-ffunction-sections' '-finline-function"
 275      6572726F 
 275      72272027 
 275      2D666675 
 275      6E637469 
 276 0066 73272027 		.ascii	"s' '-flto' '-ffat-lto-objects' '-fno-strict-aliasin"
 276      2D666C74 
 276      6F272027 
 276      2D666661 
 276      742D6C74 
 277 0099 672700   		.ascii	"g'\000"
 278              		.text
 279              		.cfi_sections	.debug_frame
 280              		.section	.text.VBUS_OVP_TRIP_P2_SetDriveMode,"ax",%progbits
 281              		.align	1
 282              		.global	VBUS_OVP_TRIP_P2_SetDriveMode
 283              		.code	16
 284              		.thumb_func
 285              		.type	VBUS_OVP_TRIP_P2_SetDriveMode, %function
 286              	VBUS_OVP_TRIP_P2_SetDriveMode:
 287              	.LFB0:
 288              		.file 1 ".\\Generated_Source\\PSoC4\\VBUS_OVP_TRIP_P2.c"
   1:.\Generated_Source\PSoC4/VBUS_OVP_TRIP_P2.c **** /*******************************************************************************
   2:.\Generated_Source\PSoC4/VBUS_OVP_TRIP_P2.c **** * File Name: VBUS_OVP_TRIP_P2.c  
   3:.\Generated_Source\PSoC4/VBUS_OVP_TRIP_P2.c **** * Version 2.20
   4:.\Generated_Source\PSoC4/VBUS_OVP_TRIP_P2.c **** *
   5:.\Generated_Source\PSoC4/VBUS_OVP_TRIP_P2.c **** * Description:
   6:.\Generated_Source\PSoC4/VBUS_OVP_TRIP_P2.c **** *  This file contains API to enable firmware control of a Pins component.
   7:.\Generated_Source\PSoC4/VBUS_OVP_TRIP_P2.c **** *
   8:.\Generated_Source\PSoC4/VBUS_OVP_TRIP_P2.c **** ********************************************************************************
   9:.\Generated_Source\PSoC4/VBUS_OVP_TRIP_P2.c **** * Copyright 2008-2015, Cypress Semiconductor Corporation.  All rights reserved.
  10:.\Generated_Source\PSoC4/VBUS_OVP_TRIP_P2.c **** * You may use this file only in accordance with the license, terms, conditions, 
ARM GAS  C:\Users\victo\AppData\Local\Temp\ccCLdgxW.s 			page 21


  11:.\Generated_Source\PSoC4/VBUS_OVP_TRIP_P2.c **** * disclaimers, and limitations in the end user license agreement accompanying 
  12:.\Generated_Source\PSoC4/VBUS_OVP_TRIP_P2.c **** * the software package with which this file was provided.
  13:.\Generated_Source\PSoC4/VBUS_OVP_TRIP_P2.c **** *******************************************************************************/
  14:.\Generated_Source\PSoC4/VBUS_OVP_TRIP_P2.c **** 
  15:.\Generated_Source\PSoC4/VBUS_OVP_TRIP_P2.c **** #include "cytypes.h"
  16:.\Generated_Source\PSoC4/VBUS_OVP_TRIP_P2.c **** #include "VBUS_OVP_TRIP_P2.h"
  17:.\Generated_Source\PSoC4/VBUS_OVP_TRIP_P2.c **** 
  18:.\Generated_Source\PSoC4/VBUS_OVP_TRIP_P2.c **** 
  19:.\Generated_Source\PSoC4/VBUS_OVP_TRIP_P2.c **** #if defined(VBUS_OVP_TRIP_P2__PC)
  20:.\Generated_Source\PSoC4/VBUS_OVP_TRIP_P2.c ****     #define VBUS_OVP_TRIP_P2_SetP4PinDriveMode(shift, mode)  \
  21:.\Generated_Source\PSoC4/VBUS_OVP_TRIP_P2.c ****     do { \
  22:.\Generated_Source\PSoC4/VBUS_OVP_TRIP_P2.c ****         VBUS_OVP_TRIP_P2_PC =   (VBUS_OVP_TRIP_P2_PC & \
  23:.\Generated_Source\PSoC4/VBUS_OVP_TRIP_P2.c ****                                 (uint32)(~(uint32)(VBUS_OVP_TRIP_P2_DRIVE_MODE_IND_MASK << \
  24:.\Generated_Source\PSoC4/VBUS_OVP_TRIP_P2.c ****                                 (VBUS_OVP_TRIP_P2_DRIVE_MODE_BITS * (shift))))) | \
  25:.\Generated_Source\PSoC4/VBUS_OVP_TRIP_P2.c ****                                 (uint32)((uint32)(mode) << \
  26:.\Generated_Source\PSoC4/VBUS_OVP_TRIP_P2.c ****                                 (VBUS_OVP_TRIP_P2_DRIVE_MODE_BITS * (shift))); \
  27:.\Generated_Source\PSoC4/VBUS_OVP_TRIP_P2.c ****     } while (0)
  28:.\Generated_Source\PSoC4/VBUS_OVP_TRIP_P2.c **** #else
  29:.\Generated_Source\PSoC4/VBUS_OVP_TRIP_P2.c ****     #if (CY_PSOC4_4200L)
  30:.\Generated_Source\PSoC4/VBUS_OVP_TRIP_P2.c ****         #define VBUS_OVP_TRIP_P2_SetP4PinDriveMode(shift, mode)  \
  31:.\Generated_Source\PSoC4/VBUS_OVP_TRIP_P2.c ****         do { \
  32:.\Generated_Source\PSoC4/VBUS_OVP_TRIP_P2.c ****             VBUS_OVP_TRIP_P2_USBIO_CTRL_REG = (VBUS_OVP_TRIP_P2_USBIO_CTRL_REG & \
  33:.\Generated_Source\PSoC4/VBUS_OVP_TRIP_P2.c ****                                     (uint32)(~(uint32)(VBUS_OVP_TRIP_P2_DRIVE_MODE_IND_MASK << \
  34:.\Generated_Source\PSoC4/VBUS_OVP_TRIP_P2.c ****                                     (VBUS_OVP_TRIP_P2_DRIVE_MODE_BITS * (shift))))) | \
  35:.\Generated_Source\PSoC4/VBUS_OVP_TRIP_P2.c ****                                     (uint32)((uint32)(mode) << \
  36:.\Generated_Source\PSoC4/VBUS_OVP_TRIP_P2.c ****                                     (VBUS_OVP_TRIP_P2_DRIVE_MODE_BITS * (shift))); \
  37:.\Generated_Source\PSoC4/VBUS_OVP_TRIP_P2.c ****         } while (0)
  38:.\Generated_Source\PSoC4/VBUS_OVP_TRIP_P2.c ****     #endif
  39:.\Generated_Source\PSoC4/VBUS_OVP_TRIP_P2.c **** #endif
  40:.\Generated_Source\PSoC4/VBUS_OVP_TRIP_P2.c ****   
  41:.\Generated_Source\PSoC4/VBUS_OVP_TRIP_P2.c **** 
  42:.\Generated_Source\PSoC4/VBUS_OVP_TRIP_P2.c **** #if defined(VBUS_OVP_TRIP_P2__PC) || (CY_PSOC4_4200L) 
  43:.\Generated_Source\PSoC4/VBUS_OVP_TRIP_P2.c ****     /*******************************************************************************
  44:.\Generated_Source\PSoC4/VBUS_OVP_TRIP_P2.c ****     * Function Name: VBUS_OVP_TRIP_P2_SetDriveMode
  45:.\Generated_Source\PSoC4/VBUS_OVP_TRIP_P2.c ****     ****************************************************************************//**
  46:.\Generated_Source\PSoC4/VBUS_OVP_TRIP_P2.c ****     *
  47:.\Generated_Source\PSoC4/VBUS_OVP_TRIP_P2.c ****     * \brief Sets the drive mode for each of the Pins component's pins.
  48:.\Generated_Source\PSoC4/VBUS_OVP_TRIP_P2.c ****     * 
  49:.\Generated_Source\PSoC4/VBUS_OVP_TRIP_P2.c ****     * <b>Note</b> This affects all pins in the Pins component instance. Use the
  50:.\Generated_Source\PSoC4/VBUS_OVP_TRIP_P2.c ****     * Per-Pin APIs if you wish to control individual pin's drive modes.
  51:.\Generated_Source\PSoC4/VBUS_OVP_TRIP_P2.c ****     *
  52:.\Generated_Source\PSoC4/VBUS_OVP_TRIP_P2.c ****     * <b>Note</b> USBIOs have limited drive functionality. Refer to the Drive Mode
  53:.\Generated_Source\PSoC4/VBUS_OVP_TRIP_P2.c ****     * parameter for more information.
  54:.\Generated_Source\PSoC4/VBUS_OVP_TRIP_P2.c ****     *
  55:.\Generated_Source\PSoC4/VBUS_OVP_TRIP_P2.c ****     * \param mode
  56:.\Generated_Source\PSoC4/VBUS_OVP_TRIP_P2.c ****     *  Mode for the selected signals. Valid options are documented in 
  57:.\Generated_Source\PSoC4/VBUS_OVP_TRIP_P2.c ****     *  \ref driveMode.
  58:.\Generated_Source\PSoC4/VBUS_OVP_TRIP_P2.c ****     *
  59:.\Generated_Source\PSoC4/VBUS_OVP_TRIP_P2.c ****     * \return
  60:.\Generated_Source\PSoC4/VBUS_OVP_TRIP_P2.c ****     *  None
  61:.\Generated_Source\PSoC4/VBUS_OVP_TRIP_P2.c ****     *
  62:.\Generated_Source\PSoC4/VBUS_OVP_TRIP_P2.c ****     * \sideeffect
  63:.\Generated_Source\PSoC4/VBUS_OVP_TRIP_P2.c ****     *  If you use read-modify-write operations that are not atomic, the ISR can
  64:.\Generated_Source\PSoC4/VBUS_OVP_TRIP_P2.c ****     *  cause corruption of this function. An ISR that interrupts this function 
  65:.\Generated_Source\PSoC4/VBUS_OVP_TRIP_P2.c ****     *  and performs writes to the Pins component Drive Mode registers can cause 
  66:.\Generated_Source\PSoC4/VBUS_OVP_TRIP_P2.c ****     *  corrupted port data. To avoid this issue, you should either use the Per-Pin
  67:.\Generated_Source\PSoC4/VBUS_OVP_TRIP_P2.c ****     *  APIs (primary method) or disable interrupts around this function.
ARM GAS  C:\Users\victo\AppData\Local\Temp\ccCLdgxW.s 			page 22


  68:.\Generated_Source\PSoC4/VBUS_OVP_TRIP_P2.c ****     *
  69:.\Generated_Source\PSoC4/VBUS_OVP_TRIP_P2.c ****     * \funcusage
  70:.\Generated_Source\PSoC4/VBUS_OVP_TRIP_P2.c ****     *  \snippet VBUS_OVP_TRIP_P2_SUT.c usage_VBUS_OVP_TRIP_P2_SetDriveMode
  71:.\Generated_Source\PSoC4/VBUS_OVP_TRIP_P2.c ****     *******************************************************************************/
  72:.\Generated_Source\PSoC4/VBUS_OVP_TRIP_P2.c ****     void VBUS_OVP_TRIP_P2_SetDriveMode(uint8 mode)
  73:.\Generated_Source\PSoC4/VBUS_OVP_TRIP_P2.c ****     {
 289              		.loc 1 73 0
 290              		.cfi_startproc
 291              	.LVL0:
  74:.\Generated_Source\PSoC4/VBUS_OVP_TRIP_P2.c **** 		VBUS_OVP_TRIP_P2_SetP4PinDriveMode(VBUS_OVP_TRIP_P2__0__SHIFT, mode);
 292              		.loc 1 74 0
 293 0000 0721     		mov	r1, #7
 294 0002 034A     		ldr	r2, .L2
  75:.\Generated_Source\PSoC4/VBUS_OVP_TRIP_P2.c ****     }
 295              		.loc 1 75 0
 296              		@ sp needed
  74:.\Generated_Source\PSoC4/VBUS_OVP_TRIP_P2.c **** 		VBUS_OVP_TRIP_P2_SetP4PinDriveMode(VBUS_OVP_TRIP_P2__0__SHIFT, mode);
 297              		.loc 1 74 0
 298 0004 1368     		ldr	r3, [r2]
 299 0006 8B43     		bic	r3, r1
 300 0008 1843     		orr	r0, r3
 301              	.LVL1:
 302 000a 1060     		str	r0, [r2]
 303              		.loc 1 75 0
 304 000c 7047     		bx	lr
 305              	.L3:
 306 000e C046     		.align	2
 307              	.L2:
 308 0010 08030440 		.word	1074004744
 309              		.cfi_endproc
 310              	.LFE0:
 311              		.size	VBUS_OVP_TRIP_P2_SetDriveMode, .-VBUS_OVP_TRIP_P2_SetDriveMode
 312              		.section	.text.VBUS_OVP_TRIP_P2_Write,"ax",%progbits
 313              		.align	1
 314              		.global	VBUS_OVP_TRIP_P2_Write
 315              		.code	16
 316              		.thumb_func
 317              		.type	VBUS_OVP_TRIP_P2_Write, %function
 318              	VBUS_OVP_TRIP_P2_Write:
 319              	.LFB1:
  76:.\Generated_Source\PSoC4/VBUS_OVP_TRIP_P2.c **** #endif
  77:.\Generated_Source\PSoC4/VBUS_OVP_TRIP_P2.c **** 
  78:.\Generated_Source\PSoC4/VBUS_OVP_TRIP_P2.c **** 
  79:.\Generated_Source\PSoC4/VBUS_OVP_TRIP_P2.c **** /*******************************************************************************
  80:.\Generated_Source\PSoC4/VBUS_OVP_TRIP_P2.c **** * Function Name: VBUS_OVP_TRIP_P2_Write
  81:.\Generated_Source\PSoC4/VBUS_OVP_TRIP_P2.c **** ****************************************************************************//**
  82:.\Generated_Source\PSoC4/VBUS_OVP_TRIP_P2.c **** *
  83:.\Generated_Source\PSoC4/VBUS_OVP_TRIP_P2.c **** * \brief Writes the value to the physical port (data output register), masking
  84:.\Generated_Source\PSoC4/VBUS_OVP_TRIP_P2.c **** *  and shifting the bits appropriately. 
  85:.\Generated_Source\PSoC4/VBUS_OVP_TRIP_P2.c **** *
  86:.\Generated_Source\PSoC4/VBUS_OVP_TRIP_P2.c **** * The data output register controls the signal applied to the physical pin in 
  87:.\Generated_Source\PSoC4/VBUS_OVP_TRIP_P2.c **** * conjunction with the drive mode parameter. This function avoids changing 
  88:.\Generated_Source\PSoC4/VBUS_OVP_TRIP_P2.c **** * other bits in the port by using the appropriate method (read-modify-write or
  89:.\Generated_Source\PSoC4/VBUS_OVP_TRIP_P2.c **** * bit banding).
  90:.\Generated_Source\PSoC4/VBUS_OVP_TRIP_P2.c **** *
  91:.\Generated_Source\PSoC4/VBUS_OVP_TRIP_P2.c **** * <b>Note</b> This function should not be used on a hardware digital output pin 
  92:.\Generated_Source\PSoC4/VBUS_OVP_TRIP_P2.c **** * as it is driven by the hardware signal attached to it.
ARM GAS  C:\Users\victo\AppData\Local\Temp\ccCLdgxW.s 			page 23


  93:.\Generated_Source\PSoC4/VBUS_OVP_TRIP_P2.c **** *
  94:.\Generated_Source\PSoC4/VBUS_OVP_TRIP_P2.c **** * \param value
  95:.\Generated_Source\PSoC4/VBUS_OVP_TRIP_P2.c **** *  Value to write to the component instance.
  96:.\Generated_Source\PSoC4/VBUS_OVP_TRIP_P2.c **** *
  97:.\Generated_Source\PSoC4/VBUS_OVP_TRIP_P2.c **** * \return 
  98:.\Generated_Source\PSoC4/VBUS_OVP_TRIP_P2.c **** *  None 
  99:.\Generated_Source\PSoC4/VBUS_OVP_TRIP_P2.c **** *
 100:.\Generated_Source\PSoC4/VBUS_OVP_TRIP_P2.c **** * \sideeffect
 101:.\Generated_Source\PSoC4/VBUS_OVP_TRIP_P2.c **** *  If you use read-modify-write operations that are not atomic; the Interrupt 
 102:.\Generated_Source\PSoC4/VBUS_OVP_TRIP_P2.c **** *  Service Routines (ISR) can cause corruption of this function. An ISR that 
 103:.\Generated_Source\PSoC4/VBUS_OVP_TRIP_P2.c **** *  interrupts this function and performs writes to the Pins component data 
 104:.\Generated_Source\PSoC4/VBUS_OVP_TRIP_P2.c **** *  register can cause corrupted port data. To avoid this issue, you should 
 105:.\Generated_Source\PSoC4/VBUS_OVP_TRIP_P2.c **** *  either use the Per-Pin APIs (primary method) or disable interrupts around 
 106:.\Generated_Source\PSoC4/VBUS_OVP_TRIP_P2.c **** *  this function.
 107:.\Generated_Source\PSoC4/VBUS_OVP_TRIP_P2.c **** *
 108:.\Generated_Source\PSoC4/VBUS_OVP_TRIP_P2.c **** * \funcusage
 109:.\Generated_Source\PSoC4/VBUS_OVP_TRIP_P2.c **** *  \snippet VBUS_OVP_TRIP_P2_SUT.c usage_VBUS_OVP_TRIP_P2_Write
 110:.\Generated_Source\PSoC4/VBUS_OVP_TRIP_P2.c **** *******************************************************************************/
 111:.\Generated_Source\PSoC4/VBUS_OVP_TRIP_P2.c **** void VBUS_OVP_TRIP_P2_Write(uint8 value)
 112:.\Generated_Source\PSoC4/VBUS_OVP_TRIP_P2.c **** {
 320              		.loc 1 112 0
 321              		.cfi_startproc
 322              	.LVL2:
 113:.\Generated_Source\PSoC4/VBUS_OVP_TRIP_P2.c ****     uint8 drVal = (uint8)(VBUS_OVP_TRIP_P2_DR & (uint8)(~VBUS_OVP_TRIP_P2_MASK));
 323              		.loc 1 113 0
 324 0000 0123     		mov	r3, #1
 325 0002 0449     		ldr	r1, .L5
 114:.\Generated_Source\PSoC4/VBUS_OVP_TRIP_P2.c ****     drVal = (drVal | ((uint8)(value << VBUS_OVP_TRIP_P2_SHIFT) & VBUS_OVP_TRIP_P2_MASK));
 115:.\Generated_Source\PSoC4/VBUS_OVP_TRIP_P2.c ****     VBUS_OVP_TRIP_P2_DR = (uint32)drVal;
 116:.\Generated_Source\PSoC4/VBUS_OVP_TRIP_P2.c **** }
 326              		.loc 1 116 0
 327              		@ sp needed
 113:.\Generated_Source\PSoC4/VBUS_OVP_TRIP_P2.c ****     uint8 drVal = (uint8)(VBUS_OVP_TRIP_P2_DR & (uint8)(~VBUS_OVP_TRIP_P2_MASK));
 328              		.loc 1 113 0
 329 0004 0A68     		ldr	r2, [r1]
 330 0006 9A43     		bic	r2, r3
 331 0008 D2B2     		uxtb	r2, r2
 332              	.LVL3:
 114:.\Generated_Source\PSoC4/VBUS_OVP_TRIP_P2.c ****     drVal = (drVal | ((uint8)(value << VBUS_OVP_TRIP_P2_SHIFT) & VBUS_OVP_TRIP_P2_MASK));
 333              		.loc 1 114 0
 334 000a 0340     		and	r3, r0
 115:.\Generated_Source\PSoC4/VBUS_OVP_TRIP_P2.c **** }
 335              		.loc 1 115 0
 336 000c 1343     		orr	r3, r2
 337 000e 0B60     		str	r3, [r1]
 338              		.loc 1 116 0
 339 0010 7047     		bx	lr
 340              	.L6:
 341 0012 C046     		.align	2
 342              	.L5:
 343 0014 00030440 		.word	1074004736
 344              		.cfi_endproc
 345              	.LFE1:
 346              		.size	VBUS_OVP_TRIP_P2_Write, .-VBUS_OVP_TRIP_P2_Write
 347              		.section	.text.VBUS_OVP_TRIP_P2_Read,"ax",%progbits
 348              		.align	1
 349              		.global	VBUS_OVP_TRIP_P2_Read
ARM GAS  C:\Users\victo\AppData\Local\Temp\ccCLdgxW.s 			page 24


 350              		.code	16
 351              		.thumb_func
 352              		.type	VBUS_OVP_TRIP_P2_Read, %function
 353              	VBUS_OVP_TRIP_P2_Read:
 354              	.LFB2:
 117:.\Generated_Source\PSoC4/VBUS_OVP_TRIP_P2.c **** 
 118:.\Generated_Source\PSoC4/VBUS_OVP_TRIP_P2.c **** 
 119:.\Generated_Source\PSoC4/VBUS_OVP_TRIP_P2.c **** /*******************************************************************************
 120:.\Generated_Source\PSoC4/VBUS_OVP_TRIP_P2.c **** * Function Name: VBUS_OVP_TRIP_P2_Read
 121:.\Generated_Source\PSoC4/VBUS_OVP_TRIP_P2.c **** ****************************************************************************//**
 122:.\Generated_Source\PSoC4/VBUS_OVP_TRIP_P2.c **** *
 123:.\Generated_Source\PSoC4/VBUS_OVP_TRIP_P2.c **** * \brief Reads the associated physical port (pin status register) and masks 
 124:.\Generated_Source\PSoC4/VBUS_OVP_TRIP_P2.c **** *  the required bits according to the width and bit position of the component
 125:.\Generated_Source\PSoC4/VBUS_OVP_TRIP_P2.c **** *  instance. 
 126:.\Generated_Source\PSoC4/VBUS_OVP_TRIP_P2.c **** *
 127:.\Generated_Source\PSoC4/VBUS_OVP_TRIP_P2.c **** * The pin's status register returns the current logic level present on the 
 128:.\Generated_Source\PSoC4/VBUS_OVP_TRIP_P2.c **** * physical pin.
 129:.\Generated_Source\PSoC4/VBUS_OVP_TRIP_P2.c **** *
 130:.\Generated_Source\PSoC4/VBUS_OVP_TRIP_P2.c **** * \return 
 131:.\Generated_Source\PSoC4/VBUS_OVP_TRIP_P2.c **** *  The current value for the pins in the component as a right justified number.
 132:.\Generated_Source\PSoC4/VBUS_OVP_TRIP_P2.c **** *
 133:.\Generated_Source\PSoC4/VBUS_OVP_TRIP_P2.c **** * \funcusage
 134:.\Generated_Source\PSoC4/VBUS_OVP_TRIP_P2.c **** *  \snippet VBUS_OVP_TRIP_P2_SUT.c usage_VBUS_OVP_TRIP_P2_Read  
 135:.\Generated_Source\PSoC4/VBUS_OVP_TRIP_P2.c **** *******************************************************************************/
 136:.\Generated_Source\PSoC4/VBUS_OVP_TRIP_P2.c **** uint8 VBUS_OVP_TRIP_P2_Read(void)
 137:.\Generated_Source\PSoC4/VBUS_OVP_TRIP_P2.c **** {
 355              		.loc 1 137 0
 356              		.cfi_startproc
 138:.\Generated_Source\PSoC4/VBUS_OVP_TRIP_P2.c ****     return (uint8)((VBUS_OVP_TRIP_P2_PS & VBUS_OVP_TRIP_P2_MASK) >> VBUS_OVP_TRIP_P2_SHIFT);
 357              		.loc 1 138 0
 358 0000 024B     		ldr	r3, .L8
 139:.\Generated_Source\PSoC4/VBUS_OVP_TRIP_P2.c **** }
 359              		.loc 1 139 0
 360              		@ sp needed
 138:.\Generated_Source\PSoC4/VBUS_OVP_TRIP_P2.c ****     return (uint8)((VBUS_OVP_TRIP_P2_PS & VBUS_OVP_TRIP_P2_MASK) >> VBUS_OVP_TRIP_P2_SHIFT);
 361              		.loc 1 138 0
 362 0002 1868     		ldr	r0, [r3]
 363 0004 0123     		mov	r3, #1
 364 0006 1840     		and	r0, r3
 365              		.loc 1 139 0
 366 0008 7047     		bx	lr
 367              	.L9:
 368 000a C046     		.align	2
 369              	.L8:
 370 000c 04030440 		.word	1074004740
 371              		.cfi_endproc
 372              	.LFE2:
 373              		.size	VBUS_OVP_TRIP_P2_Read, .-VBUS_OVP_TRIP_P2_Read
 374              		.section	.text.VBUS_OVP_TRIP_P2_ReadDataReg,"ax",%progbits
 375              		.align	1
 376              		.global	VBUS_OVP_TRIP_P2_ReadDataReg
 377              		.code	16
 378              		.thumb_func
 379              		.type	VBUS_OVP_TRIP_P2_ReadDataReg, %function
 380              	VBUS_OVP_TRIP_P2_ReadDataReg:
 381              	.LFB3:
 140:.\Generated_Source\PSoC4/VBUS_OVP_TRIP_P2.c **** 
ARM GAS  C:\Users\victo\AppData\Local\Temp\ccCLdgxW.s 			page 25


 141:.\Generated_Source\PSoC4/VBUS_OVP_TRIP_P2.c **** 
 142:.\Generated_Source\PSoC4/VBUS_OVP_TRIP_P2.c **** /*******************************************************************************
 143:.\Generated_Source\PSoC4/VBUS_OVP_TRIP_P2.c **** * Function Name: VBUS_OVP_TRIP_P2_ReadDataReg
 144:.\Generated_Source\PSoC4/VBUS_OVP_TRIP_P2.c **** ****************************************************************************//**
 145:.\Generated_Source\PSoC4/VBUS_OVP_TRIP_P2.c **** *
 146:.\Generated_Source\PSoC4/VBUS_OVP_TRIP_P2.c **** * \brief Reads the associated physical port's data output register and masks 
 147:.\Generated_Source\PSoC4/VBUS_OVP_TRIP_P2.c **** *  the correct bits according to the width and bit position of the component 
 148:.\Generated_Source\PSoC4/VBUS_OVP_TRIP_P2.c **** *  instance. 
 149:.\Generated_Source\PSoC4/VBUS_OVP_TRIP_P2.c **** *
 150:.\Generated_Source\PSoC4/VBUS_OVP_TRIP_P2.c **** * The data output register controls the signal applied to the physical pin in 
 151:.\Generated_Source\PSoC4/VBUS_OVP_TRIP_P2.c **** * conjunction with the drive mode parameter. This is not the same as the 
 152:.\Generated_Source\PSoC4/VBUS_OVP_TRIP_P2.c **** * preferred VBUS_OVP_TRIP_P2_Read() API because the 
 153:.\Generated_Source\PSoC4/VBUS_OVP_TRIP_P2.c **** * VBUS_OVP_TRIP_P2_ReadDataReg() reads the data register instead of the status 
 154:.\Generated_Source\PSoC4/VBUS_OVP_TRIP_P2.c **** * register. For output pins this is a useful function to determine the value 
 155:.\Generated_Source\PSoC4/VBUS_OVP_TRIP_P2.c **** * just written to the pin.
 156:.\Generated_Source\PSoC4/VBUS_OVP_TRIP_P2.c **** *
 157:.\Generated_Source\PSoC4/VBUS_OVP_TRIP_P2.c **** * \return 
 158:.\Generated_Source\PSoC4/VBUS_OVP_TRIP_P2.c **** *  The current value of the data register masked and shifted into a right 
 159:.\Generated_Source\PSoC4/VBUS_OVP_TRIP_P2.c **** *  justified number for the component instance.
 160:.\Generated_Source\PSoC4/VBUS_OVP_TRIP_P2.c **** *
 161:.\Generated_Source\PSoC4/VBUS_OVP_TRIP_P2.c **** * \funcusage
 162:.\Generated_Source\PSoC4/VBUS_OVP_TRIP_P2.c **** *  \snippet VBUS_OVP_TRIP_P2_SUT.c usage_VBUS_OVP_TRIP_P2_ReadDataReg 
 163:.\Generated_Source\PSoC4/VBUS_OVP_TRIP_P2.c **** *******************************************************************************/
 164:.\Generated_Source\PSoC4/VBUS_OVP_TRIP_P2.c **** uint8 VBUS_OVP_TRIP_P2_ReadDataReg(void)
 165:.\Generated_Source\PSoC4/VBUS_OVP_TRIP_P2.c **** {
 382              		.loc 1 165 0
 383              		.cfi_startproc
 166:.\Generated_Source\PSoC4/VBUS_OVP_TRIP_P2.c ****     return (uint8)((VBUS_OVP_TRIP_P2_DR & VBUS_OVP_TRIP_P2_MASK) >> VBUS_OVP_TRIP_P2_SHIFT);
 384              		.loc 1 166 0
 385 0000 024B     		ldr	r3, .L11
 167:.\Generated_Source\PSoC4/VBUS_OVP_TRIP_P2.c **** }
 386              		.loc 1 167 0
 387              		@ sp needed
 166:.\Generated_Source\PSoC4/VBUS_OVP_TRIP_P2.c ****     return (uint8)((VBUS_OVP_TRIP_P2_DR & VBUS_OVP_TRIP_P2_MASK) >> VBUS_OVP_TRIP_P2_SHIFT);
 388              		.loc 1 166 0
 389 0002 1868     		ldr	r0, [r3]
 390 0004 0123     		mov	r3, #1
 391 0006 1840     		and	r0, r3
 392              		.loc 1 167 0
 393 0008 7047     		bx	lr
 394              	.L12:
 395 000a C046     		.align	2
 396              	.L11:
 397 000c 00030440 		.word	1074004736
 398              		.cfi_endproc
 399              	.LFE3:
 400              		.size	VBUS_OVP_TRIP_P2_ReadDataReg, .-VBUS_OVP_TRIP_P2_ReadDataReg
 401              		.section	.text.VBUS_OVP_TRIP_P2_SetInterruptMode,"ax",%progbits
 402              		.align	1
 403              		.global	VBUS_OVP_TRIP_P2_SetInterruptMode
 404              		.code	16
 405              		.thumb_func
 406              		.type	VBUS_OVP_TRIP_P2_SetInterruptMode, %function
 407              	VBUS_OVP_TRIP_P2_SetInterruptMode:
 408              	.LFB4:
 168:.\Generated_Source\PSoC4/VBUS_OVP_TRIP_P2.c **** 
 169:.\Generated_Source\PSoC4/VBUS_OVP_TRIP_P2.c **** 
ARM GAS  C:\Users\victo\AppData\Local\Temp\ccCLdgxW.s 			page 26


 170:.\Generated_Source\PSoC4/VBUS_OVP_TRIP_P2.c **** /*******************************************************************************
 171:.\Generated_Source\PSoC4/VBUS_OVP_TRIP_P2.c **** * Function Name: VBUS_OVP_TRIP_P2_SetInterruptMode
 172:.\Generated_Source\PSoC4/VBUS_OVP_TRIP_P2.c **** ****************************************************************************//**
 173:.\Generated_Source\PSoC4/VBUS_OVP_TRIP_P2.c **** *
 174:.\Generated_Source\PSoC4/VBUS_OVP_TRIP_P2.c **** * \brief Configures the interrupt mode for each of the Pins component's
 175:.\Generated_Source\PSoC4/VBUS_OVP_TRIP_P2.c **** *  pins. Alternatively you may set the interrupt mode for all the pins
 176:.\Generated_Source\PSoC4/VBUS_OVP_TRIP_P2.c **** *  specified in the Pins component.
 177:.\Generated_Source\PSoC4/VBUS_OVP_TRIP_P2.c **** *
 178:.\Generated_Source\PSoC4/VBUS_OVP_TRIP_P2.c **** *  <b>Note</b> The interrupt is port-wide and therefore any enabled pin
 179:.\Generated_Source\PSoC4/VBUS_OVP_TRIP_P2.c **** *  interrupt may trigger it.
 180:.\Generated_Source\PSoC4/VBUS_OVP_TRIP_P2.c **** *
 181:.\Generated_Source\PSoC4/VBUS_OVP_TRIP_P2.c **** * \param position
 182:.\Generated_Source\PSoC4/VBUS_OVP_TRIP_P2.c **** *  The pin position as listed in the Pins component. You may OR these to be 
 183:.\Generated_Source\PSoC4/VBUS_OVP_TRIP_P2.c **** *  able to configure the interrupt mode of multiple pins within a Pins 
 184:.\Generated_Source\PSoC4/VBUS_OVP_TRIP_P2.c **** *  component. Or you may use VBUS_OVP_TRIP_P2_INTR_ALL to configure the
 185:.\Generated_Source\PSoC4/VBUS_OVP_TRIP_P2.c **** *  interrupt mode of all the pins in the Pins component.       
 186:.\Generated_Source\PSoC4/VBUS_OVP_TRIP_P2.c **** *  - VBUS_OVP_TRIP_P2_0_INTR       (First pin in the list)
 187:.\Generated_Source\PSoC4/VBUS_OVP_TRIP_P2.c **** *  - VBUS_OVP_TRIP_P2_1_INTR       (Second pin in the list)
 188:.\Generated_Source\PSoC4/VBUS_OVP_TRIP_P2.c **** *  - ...
 189:.\Generated_Source\PSoC4/VBUS_OVP_TRIP_P2.c **** *  - VBUS_OVP_TRIP_P2_INTR_ALL     (All pins in Pins component)
 190:.\Generated_Source\PSoC4/VBUS_OVP_TRIP_P2.c **** *
 191:.\Generated_Source\PSoC4/VBUS_OVP_TRIP_P2.c **** * \param mode
 192:.\Generated_Source\PSoC4/VBUS_OVP_TRIP_P2.c **** *  Interrupt mode for the selected pins. Valid options are documented in
 193:.\Generated_Source\PSoC4/VBUS_OVP_TRIP_P2.c **** *  \ref intrMode.
 194:.\Generated_Source\PSoC4/VBUS_OVP_TRIP_P2.c **** *
 195:.\Generated_Source\PSoC4/VBUS_OVP_TRIP_P2.c **** * \return 
 196:.\Generated_Source\PSoC4/VBUS_OVP_TRIP_P2.c **** *  None
 197:.\Generated_Source\PSoC4/VBUS_OVP_TRIP_P2.c **** *  
 198:.\Generated_Source\PSoC4/VBUS_OVP_TRIP_P2.c **** * \sideeffect
 199:.\Generated_Source\PSoC4/VBUS_OVP_TRIP_P2.c **** *  It is recommended that the interrupt be disabled before calling this 
 200:.\Generated_Source\PSoC4/VBUS_OVP_TRIP_P2.c **** *  function to avoid unintended interrupt requests. Note that the interrupt
 201:.\Generated_Source\PSoC4/VBUS_OVP_TRIP_P2.c **** *  type is port wide, and therefore will trigger for any enabled pin on the 
 202:.\Generated_Source\PSoC4/VBUS_OVP_TRIP_P2.c **** *  port.
 203:.\Generated_Source\PSoC4/VBUS_OVP_TRIP_P2.c **** *
 204:.\Generated_Source\PSoC4/VBUS_OVP_TRIP_P2.c **** * \funcusage
 205:.\Generated_Source\PSoC4/VBUS_OVP_TRIP_P2.c **** *  \snippet VBUS_OVP_TRIP_P2_SUT.c usage_VBUS_OVP_TRIP_P2_SetInterruptMode
 206:.\Generated_Source\PSoC4/VBUS_OVP_TRIP_P2.c **** *******************************************************************************/
 207:.\Generated_Source\PSoC4/VBUS_OVP_TRIP_P2.c **** void VBUS_OVP_TRIP_P2_SetInterruptMode(uint16 position, uint16 mode)
 208:.\Generated_Source\PSoC4/VBUS_OVP_TRIP_P2.c **** {
 409              		.loc 1 208 0
 410              		.cfi_startproc
 411              	.LVL4:
 209:.\Generated_Source\PSoC4/VBUS_OVP_TRIP_P2.c ****     uint32 intrCfg;
 210:.\Generated_Source\PSoC4/VBUS_OVP_TRIP_P2.c ****     
 211:.\Generated_Source\PSoC4/VBUS_OVP_TRIP_P2.c ****     intrCfg =  VBUS_OVP_TRIP_P2_INTCFG & (uint32)(~(uint32)position);
 412              		.loc 1 211 0
 413 0000 034A     		ldr	r2, .L14
 212:.\Generated_Source\PSoC4/VBUS_OVP_TRIP_P2.c ****     VBUS_OVP_TRIP_P2_INTCFG = intrCfg | ((uint32)position & (uint32)mode);
 213:.\Generated_Source\PSoC4/VBUS_OVP_TRIP_P2.c **** }
 414              		.loc 1 213 0
 415              		@ sp needed
 211:.\Generated_Source\PSoC4/VBUS_OVP_TRIP_P2.c ****     VBUS_OVP_TRIP_P2_INTCFG = intrCfg | ((uint32)position & (uint32)mode);
 416              		.loc 1 211 0
 417 0002 1368     		ldr	r3, [r2]
 418              	.LVL5:
 419 0004 8343     		bic	r3, r0
 420              	.LVL6:
ARM GAS  C:\Users\victo\AppData\Local\Temp\ccCLdgxW.s 			page 27


 212:.\Generated_Source\PSoC4/VBUS_OVP_TRIP_P2.c ****     VBUS_OVP_TRIP_P2_INTCFG = intrCfg | ((uint32)position & (uint32)mode);
 421              		.loc 1 212 0
 422 0006 0840     		and	r0, r1
 423              	.LVL7:
 424 0008 1843     		orr	r0, r3
 425 000a 1060     		str	r0, [r2]
 426              		.loc 1 213 0
 427 000c 7047     		bx	lr
 428              	.L15:
 429 000e C046     		.align	2
 430              	.L14:
 431 0010 0C030440 		.word	1074004748
 432              		.cfi_endproc
 433              	.LFE4:
 434              		.size	VBUS_OVP_TRIP_P2_SetInterruptMode, .-VBUS_OVP_TRIP_P2_SetInterruptMode
 435              		.section	.text.VBUS_OVP_TRIP_P2_ClearInterrupt,"ax",%progbits
 436              		.align	1
 437              		.global	VBUS_OVP_TRIP_P2_ClearInterrupt
 438              		.code	16
 439              		.thumb_func
 440              		.type	VBUS_OVP_TRIP_P2_ClearInterrupt, %function
 441              	VBUS_OVP_TRIP_P2_ClearInterrupt:
 442              	.LFB5:
 214:.\Generated_Source\PSoC4/VBUS_OVP_TRIP_P2.c **** 
 215:.\Generated_Source\PSoC4/VBUS_OVP_TRIP_P2.c **** 
 216:.\Generated_Source\PSoC4/VBUS_OVP_TRIP_P2.c **** /*******************************************************************************
 217:.\Generated_Source\PSoC4/VBUS_OVP_TRIP_P2.c **** * Function Name: VBUS_OVP_TRIP_P2_ClearInterrupt
 218:.\Generated_Source\PSoC4/VBUS_OVP_TRIP_P2.c **** ****************************************************************************//**
 219:.\Generated_Source\PSoC4/VBUS_OVP_TRIP_P2.c **** *
 220:.\Generated_Source\PSoC4/VBUS_OVP_TRIP_P2.c **** * \brief Clears any active interrupts attached with the component and returns 
 221:.\Generated_Source\PSoC4/VBUS_OVP_TRIP_P2.c **** *  the value of the interrupt status register allowing determination of which
 222:.\Generated_Source\PSoC4/VBUS_OVP_TRIP_P2.c **** *  pins generated an interrupt event.
 223:.\Generated_Source\PSoC4/VBUS_OVP_TRIP_P2.c **** *
 224:.\Generated_Source\PSoC4/VBUS_OVP_TRIP_P2.c **** * \return 
 225:.\Generated_Source\PSoC4/VBUS_OVP_TRIP_P2.c **** *  The right-shifted current value of the interrupt status register. Each pin 
 226:.\Generated_Source\PSoC4/VBUS_OVP_TRIP_P2.c **** *  has one bit set if it generated an interrupt event. For example, bit 0 is 
 227:.\Generated_Source\PSoC4/VBUS_OVP_TRIP_P2.c **** *  for pin 0 and bit 1 is for pin 1 of the Pins component.
 228:.\Generated_Source\PSoC4/VBUS_OVP_TRIP_P2.c **** *  
 229:.\Generated_Source\PSoC4/VBUS_OVP_TRIP_P2.c **** * \sideeffect
 230:.\Generated_Source\PSoC4/VBUS_OVP_TRIP_P2.c **** *  Clears all bits of the physical port's interrupt status register, not just
 231:.\Generated_Source\PSoC4/VBUS_OVP_TRIP_P2.c **** *  those associated with the Pins component.
 232:.\Generated_Source\PSoC4/VBUS_OVP_TRIP_P2.c **** *
 233:.\Generated_Source\PSoC4/VBUS_OVP_TRIP_P2.c **** * \funcusage
 234:.\Generated_Source\PSoC4/VBUS_OVP_TRIP_P2.c **** *  \snippet VBUS_OVP_TRIP_P2_SUT.c usage_VBUS_OVP_TRIP_P2_ClearInterrupt
 235:.\Generated_Source\PSoC4/VBUS_OVP_TRIP_P2.c **** *******************************************************************************/
 236:.\Generated_Source\PSoC4/VBUS_OVP_TRIP_P2.c **** uint8 VBUS_OVP_TRIP_P2_ClearInterrupt(void)
 237:.\Generated_Source\PSoC4/VBUS_OVP_TRIP_P2.c **** {
 443              		.loc 1 237 0
 444              		.cfi_startproc
 238:.\Generated_Source\PSoC4/VBUS_OVP_TRIP_P2.c **** 	uint8 maskedStatus = (uint8)(VBUS_OVP_TRIP_P2_INTSTAT & VBUS_OVP_TRIP_P2_MASK);
 445              		.loc 1 238 0
 446 0000 0123     		mov	r3, #1
 447 0002 024A     		ldr	r2, .L17
 239:.\Generated_Source\PSoC4/VBUS_OVP_TRIP_P2.c **** 	VBUS_OVP_TRIP_P2_INTSTAT = maskedStatus;
 240:.\Generated_Source\PSoC4/VBUS_OVP_TRIP_P2.c ****     return maskedStatus >> VBUS_OVP_TRIP_P2_SHIFT;
 241:.\Generated_Source\PSoC4/VBUS_OVP_TRIP_P2.c **** }
 448              		.loc 1 241 0
ARM GAS  C:\Users\victo\AppData\Local\Temp\ccCLdgxW.s 			page 28


 449              		@ sp needed
 238:.\Generated_Source\PSoC4/VBUS_OVP_TRIP_P2.c **** 	uint8 maskedStatus = (uint8)(VBUS_OVP_TRIP_P2_INTSTAT & VBUS_OVP_TRIP_P2_MASK);
 450              		.loc 1 238 0
 451 0004 1068     		ldr	r0, [r2]
 452 0006 1840     		and	r0, r3
 453              	.LVL8:
 239:.\Generated_Source\PSoC4/VBUS_OVP_TRIP_P2.c **** 	VBUS_OVP_TRIP_P2_INTSTAT = maskedStatus;
 454              		.loc 1 239 0
 455 0008 1060     		str	r0, [r2]
 456              		.loc 1 241 0
 457 000a 7047     		bx	lr
 458              	.L18:
 459              		.align	2
 460              	.L17:
 461 000c 10030440 		.word	1074004752
 462              		.cfi_endproc
 463              	.LFE5:
 464              		.size	VBUS_OVP_TRIP_P2_ClearInterrupt, .-VBUS_OVP_TRIP_P2_ClearInterrupt
 465              		.text
 466              	.Letext0:
 467              		.file 2 ".\\Generated_Source\\PSoC4\\cytypes.h"
 468              		.section	.debug_info,"",%progbits
 469              	.Ldebug_info0:
 470 0000 9C010000 		.4byte	0x19c
 471 0004 0400     		.2byte	0x4
 472 0006 00000000 		.4byte	.Ldebug_abbrev0
 473 000a 04       		.byte	0x4
 474 000b 01       		.uleb128 0x1
 475 000c 36010000 		.4byte	.LASF28
 476 0010 01       		.byte	0x1
 477 0011 0E020000 		.4byte	.LASF29
 478 0015 C8000000 		.4byte	.LASF30
 479 0019 00000000 		.4byte	.Ldebug_ranges0+0
 480 001d 00000000 		.4byte	0
 481 0021 00000000 		.4byte	.Ldebug_line0
 482 0025 02       		.uleb128 0x2
 483 0026 01       		.byte	0x1
 484 0027 06       		.byte	0x6
 485 0028 9A020000 		.4byte	.LASF0
 486 002c 02       		.uleb128 0x2
 487 002d 01       		.byte	0x1
 488 002e 08       		.byte	0x8
 489 002f 1F000000 		.4byte	.LASF1
 490 0033 02       		.uleb128 0x2
 491 0034 02       		.byte	0x2
 492 0035 05       		.byte	0x5
 493 0036 63020000 		.4byte	.LASF2
 494 003a 02       		.uleb128 0x2
 495 003b 02       		.byte	0x2
 496 003c 07       		.byte	0x7
 497 003d 45000000 		.4byte	.LASF3
 498 0041 02       		.uleb128 0x2
 499 0042 04       		.byte	0x4
 500 0043 05       		.byte	0x5
 501 0044 91020000 		.4byte	.LASF4
 502 0048 02       		.uleb128 0x2
 503 0049 04       		.byte	0x4
ARM GAS  C:\Users\victo\AppData\Local\Temp\ccCLdgxW.s 			page 29


 504 004a 07       		.byte	0x7
 505 004b 33000000 		.4byte	.LASF5
 506 004f 02       		.uleb128 0x2
 507 0050 08       		.byte	0x8
 508 0051 05       		.byte	0x5
 509 0052 3A020000 		.4byte	.LASF6
 510 0056 02       		.uleb128 0x2
 511 0057 08       		.byte	0x8
 512 0058 07       		.byte	0x7
 513 0059 1F010000 		.4byte	.LASF7
 514 005d 03       		.uleb128 0x3
 515 005e 04       		.byte	0x4
 516 005f 05       		.byte	0x5
 517 0060 696E7400 		.ascii	"int\000"
 518 0064 02       		.uleb128 0x2
 519 0065 04       		.byte	0x4
 520 0066 07       		.byte	0x7
 521 0067 BB000000 		.4byte	.LASF8
 522 006b 04       		.uleb128 0x4
 523 006c 6D020000 		.4byte	.LASF9
 524 0070 02       		.byte	0x2
 525 0071 9801     		.2byte	0x198
 526 0073 2C000000 		.4byte	0x2c
 527 0077 04       		.uleb128 0x4
 528 0078 9C000000 		.4byte	.LASF10
 529 007c 02       		.byte	0x2
 530 007d 9901     		.2byte	0x199
 531 007f 3A000000 		.4byte	0x3a
 532 0083 04       		.uleb128 0x4
 533 0084 AC000000 		.4byte	.LASF11
 534 0088 02       		.byte	0x2
 535 0089 9A01     		.2byte	0x19a
 536 008b 48000000 		.4byte	0x48
 537 008f 02       		.uleb128 0x2
 538 0090 04       		.byte	0x4
 539 0091 04       		.byte	0x4
 540 0092 19000000 		.4byte	.LASF12
 541 0096 02       		.uleb128 0x2
 542 0097 08       		.byte	0x8
 543 0098 04       		.byte	0x4
 544 0099 75000000 		.4byte	.LASF13
 545 009d 02       		.uleb128 0x2
 546 009e 01       		.byte	0x1
 547 009f 08       		.byte	0x8
 548 00a0 5E020000 		.4byte	.LASF14
 549 00a4 04       		.uleb128 0x4
 550 00a5 00000000 		.4byte	.LASF15
 551 00a9 02       		.byte	0x2
 552 00aa 4402     		.2byte	0x244
 553 00ac B0000000 		.4byte	0xb0
 554 00b0 05       		.uleb128 0x5
 555 00b1 83000000 		.4byte	0x83
 556 00b5 06       		.uleb128 0x6
 557 00b6 73020000 		.4byte	.LASF16
 558 00ba 01       		.byte	0x1
 559 00bb 48       		.byte	0x48
 560 00bc 00000000 		.4byte	.LFB0
ARM GAS  C:\Users\victo\AppData\Local\Temp\ccCLdgxW.s 			page 30


 561 00c0 14000000 		.4byte	.LFE0-.LFB0
 562 00c4 01       		.uleb128 0x1
 563 00c5 9C       		.byte	0x9c
 564 00c6 DA000000 		.4byte	0xda
 565 00ca 07       		.uleb128 0x7
 566 00cb F2010000 		.4byte	.LASF18
 567 00cf 01       		.byte	0x1
 568 00d0 48       		.byte	0x48
 569 00d1 6B000000 		.4byte	0x6b
 570 00d5 00000000 		.4byte	.LLST0
 571 00d9 00       		.byte	0
 572 00da 06       		.uleb128 0x6
 573 00db F7010000 		.4byte	.LASF17
 574 00df 01       		.byte	0x1
 575 00e0 6F       		.byte	0x6f
 576 00e1 00000000 		.4byte	.LFB1
 577 00e5 18000000 		.4byte	.LFE1-.LFB1
 578 00e9 01       		.uleb128 0x1
 579 00ea 9C       		.byte	0x9c
 580 00eb 11010000 		.4byte	0x111
 581 00ef 08       		.uleb128 0x8
 582 00f0 13000000 		.4byte	.LASF19
 583 00f4 01       		.byte	0x1
 584 00f5 6F       		.byte	0x6f
 585 00f6 6B000000 		.4byte	0x6b
 586 00fa 01       		.uleb128 0x1
 587 00fb 50       		.byte	0x50
 588 00fc 09       		.uleb128 0x9
 589 00fd 2D000000 		.4byte	.LASF24
 590 0101 01       		.byte	0x1
 591 0102 71       		.byte	0x71
 592 0103 6B000000 		.4byte	0x6b
 593 0107 08       		.uleb128 0x8
 594 0108 70       		.byte	0x70
 595 0109 00       		.sleb128 0
 596 010a 31       		.byte	0x31
 597 010b 1A       		.byte	0x1a
 598 010c 72       		.byte	0x72
 599 010d 00       		.sleb128 0
 600 010e 21       		.byte	0x21
 601 010f 9F       		.byte	0x9f
 602 0110 00       		.byte	0
 603 0111 0A       		.uleb128 0xa
 604 0112 48020000 		.4byte	.LASF20
 605 0116 01       		.byte	0x1
 606 0117 88       		.byte	0x88
 607 0118 6B000000 		.4byte	0x6b
 608 011c 00000000 		.4byte	.LFB2
 609 0120 10000000 		.4byte	.LFE2-.LFB2
 610 0124 01       		.uleb128 0x1
 611 0125 9C       		.byte	0x9c
 612 0126 0A       		.uleb128 0xa
 613 0127 58000000 		.4byte	.LASF21
 614 012b 01       		.byte	0x1
 615 012c A4       		.byte	0xa4
 616 012d 6B000000 		.4byte	0x6b
 617 0131 00000000 		.4byte	.LFB3
ARM GAS  C:\Users\victo\AppData\Local\Temp\ccCLdgxW.s 			page 31


 618 0135 10000000 		.4byte	.LFE3-.LFB3
 619 0139 01       		.uleb128 0x1
 620 013a 9C       		.byte	0x9c
 621 013b 06       		.uleb128 0x6
 622 013c A6020000 		.4byte	.LASF22
 623 0140 01       		.byte	0x1
 624 0141 CF       		.byte	0xcf
 625 0142 00000000 		.4byte	.LFB4
 626 0146 14000000 		.4byte	.LFE4-.LFB4
 627 014a 01       		.uleb128 0x1
 628 014b 9C       		.byte	0x9c
 629 014c 7C010000 		.4byte	0x17c
 630 0150 07       		.uleb128 0x7
 631 0151 A3000000 		.4byte	.LASF23
 632 0155 01       		.byte	0x1
 633 0156 CF       		.byte	0xcf
 634 0157 77000000 		.4byte	0x77
 635 015b 21000000 		.4byte	.LLST1
 636 015f 08       		.uleb128 0x8
 637 0160 F2010000 		.4byte	.LASF18
 638 0164 01       		.byte	0x1
 639 0165 CF       		.byte	0xcf
 640 0166 77000000 		.4byte	0x77
 641 016a 01       		.uleb128 0x1
 642 016b 51       		.byte	0x51
 643 016c 0B       		.uleb128 0xb
 644 016d B3000000 		.4byte	.LASF25
 645 0171 01       		.byte	0x1
 646 0172 D1       		.byte	0xd1
 647 0173 83000000 		.4byte	0x83
 648 0177 42000000 		.4byte	.LLST2
 649 017b 00       		.byte	0
 650 017c 0C       		.uleb128 0xc
 651 017d 7C000000 		.4byte	.LASF26
 652 0181 01       		.byte	0x1
 653 0182 EC       		.byte	0xec
 654 0183 6B000000 		.4byte	0x6b
 655 0187 00000000 		.4byte	.LFB5
 656 018b 10000000 		.4byte	.LFE5-.LFB5
 657 018f 01       		.uleb128 0x1
 658 0190 9C       		.byte	0x9c
 659 0191 09       		.uleb128 0x9
 660 0192 06000000 		.4byte	.LASF27
 661 0196 01       		.byte	0x1
 662 0197 EE       		.byte	0xee
 663 0198 6B000000 		.4byte	0x6b
 664 019c 01       		.uleb128 0x1
 665 019d 50       		.byte	0x50
 666 019e 00       		.byte	0
 667 019f 00       		.byte	0
 668              		.section	.debug_abbrev,"",%progbits
 669              	.Ldebug_abbrev0:
 670 0000 01       		.uleb128 0x1
 671 0001 11       		.uleb128 0x11
 672 0002 01       		.byte	0x1
 673 0003 25       		.uleb128 0x25
 674 0004 0E       		.uleb128 0xe
ARM GAS  C:\Users\victo\AppData\Local\Temp\ccCLdgxW.s 			page 32


 675 0005 13       		.uleb128 0x13
 676 0006 0B       		.uleb128 0xb
 677 0007 03       		.uleb128 0x3
 678 0008 0E       		.uleb128 0xe
 679 0009 1B       		.uleb128 0x1b
 680 000a 0E       		.uleb128 0xe
 681 000b 55       		.uleb128 0x55
 682 000c 17       		.uleb128 0x17
 683 000d 11       		.uleb128 0x11
 684 000e 01       		.uleb128 0x1
 685 000f 10       		.uleb128 0x10
 686 0010 17       		.uleb128 0x17
 687 0011 00       		.byte	0
 688 0012 00       		.byte	0
 689 0013 02       		.uleb128 0x2
 690 0014 24       		.uleb128 0x24
 691 0015 00       		.byte	0
 692 0016 0B       		.uleb128 0xb
 693 0017 0B       		.uleb128 0xb
 694 0018 3E       		.uleb128 0x3e
 695 0019 0B       		.uleb128 0xb
 696 001a 03       		.uleb128 0x3
 697 001b 0E       		.uleb128 0xe
 698 001c 00       		.byte	0
 699 001d 00       		.byte	0
 700 001e 03       		.uleb128 0x3
 701 001f 24       		.uleb128 0x24
 702 0020 00       		.byte	0
 703 0021 0B       		.uleb128 0xb
 704 0022 0B       		.uleb128 0xb
 705 0023 3E       		.uleb128 0x3e
 706 0024 0B       		.uleb128 0xb
 707 0025 03       		.uleb128 0x3
 708 0026 08       		.uleb128 0x8
 709 0027 00       		.byte	0
 710 0028 00       		.byte	0
 711 0029 04       		.uleb128 0x4
 712 002a 16       		.uleb128 0x16
 713 002b 00       		.byte	0
 714 002c 03       		.uleb128 0x3
 715 002d 0E       		.uleb128 0xe
 716 002e 3A       		.uleb128 0x3a
 717 002f 0B       		.uleb128 0xb
 718 0030 3B       		.uleb128 0x3b
 719 0031 05       		.uleb128 0x5
 720 0032 49       		.uleb128 0x49
 721 0033 13       		.uleb128 0x13
 722 0034 00       		.byte	0
 723 0035 00       		.byte	0
 724 0036 05       		.uleb128 0x5
 725 0037 35       		.uleb128 0x35
 726 0038 00       		.byte	0
 727 0039 49       		.uleb128 0x49
 728 003a 13       		.uleb128 0x13
 729 003b 00       		.byte	0
 730 003c 00       		.byte	0
 731 003d 06       		.uleb128 0x6
ARM GAS  C:\Users\victo\AppData\Local\Temp\ccCLdgxW.s 			page 33


 732 003e 2E       		.uleb128 0x2e
 733 003f 01       		.byte	0x1
 734 0040 3F       		.uleb128 0x3f
 735 0041 19       		.uleb128 0x19
 736 0042 03       		.uleb128 0x3
 737 0043 0E       		.uleb128 0xe
 738 0044 3A       		.uleb128 0x3a
 739 0045 0B       		.uleb128 0xb
 740 0046 3B       		.uleb128 0x3b
 741 0047 0B       		.uleb128 0xb
 742 0048 27       		.uleb128 0x27
 743 0049 19       		.uleb128 0x19
 744 004a 11       		.uleb128 0x11
 745 004b 01       		.uleb128 0x1
 746 004c 12       		.uleb128 0x12
 747 004d 06       		.uleb128 0x6
 748 004e 40       		.uleb128 0x40
 749 004f 18       		.uleb128 0x18
 750 0050 9742     		.uleb128 0x2117
 751 0052 19       		.uleb128 0x19
 752 0053 01       		.uleb128 0x1
 753 0054 13       		.uleb128 0x13
 754 0055 00       		.byte	0
 755 0056 00       		.byte	0
 756 0057 07       		.uleb128 0x7
 757 0058 05       		.uleb128 0x5
 758 0059 00       		.byte	0
 759 005a 03       		.uleb128 0x3
 760 005b 0E       		.uleb128 0xe
 761 005c 3A       		.uleb128 0x3a
 762 005d 0B       		.uleb128 0xb
 763 005e 3B       		.uleb128 0x3b
 764 005f 0B       		.uleb128 0xb
 765 0060 49       		.uleb128 0x49
 766 0061 13       		.uleb128 0x13
 767 0062 02       		.uleb128 0x2
 768 0063 17       		.uleb128 0x17
 769 0064 00       		.byte	0
 770 0065 00       		.byte	0
 771 0066 08       		.uleb128 0x8
 772 0067 05       		.uleb128 0x5
 773 0068 00       		.byte	0
 774 0069 03       		.uleb128 0x3
 775 006a 0E       		.uleb128 0xe
 776 006b 3A       		.uleb128 0x3a
 777 006c 0B       		.uleb128 0xb
 778 006d 3B       		.uleb128 0x3b
 779 006e 0B       		.uleb128 0xb
 780 006f 49       		.uleb128 0x49
 781 0070 13       		.uleb128 0x13
 782 0071 02       		.uleb128 0x2
 783 0072 18       		.uleb128 0x18
 784 0073 00       		.byte	0
 785 0074 00       		.byte	0
 786 0075 09       		.uleb128 0x9
 787 0076 34       		.uleb128 0x34
 788 0077 00       		.byte	0
ARM GAS  C:\Users\victo\AppData\Local\Temp\ccCLdgxW.s 			page 34


 789 0078 03       		.uleb128 0x3
 790 0079 0E       		.uleb128 0xe
 791 007a 3A       		.uleb128 0x3a
 792 007b 0B       		.uleb128 0xb
 793 007c 3B       		.uleb128 0x3b
 794 007d 0B       		.uleb128 0xb
 795 007e 49       		.uleb128 0x49
 796 007f 13       		.uleb128 0x13
 797 0080 02       		.uleb128 0x2
 798 0081 18       		.uleb128 0x18
 799 0082 00       		.byte	0
 800 0083 00       		.byte	0
 801 0084 0A       		.uleb128 0xa
 802 0085 2E       		.uleb128 0x2e
 803 0086 00       		.byte	0
 804 0087 3F       		.uleb128 0x3f
 805 0088 19       		.uleb128 0x19
 806 0089 03       		.uleb128 0x3
 807 008a 0E       		.uleb128 0xe
 808 008b 3A       		.uleb128 0x3a
 809 008c 0B       		.uleb128 0xb
 810 008d 3B       		.uleb128 0x3b
 811 008e 0B       		.uleb128 0xb
 812 008f 27       		.uleb128 0x27
 813 0090 19       		.uleb128 0x19
 814 0091 49       		.uleb128 0x49
 815 0092 13       		.uleb128 0x13
 816 0093 11       		.uleb128 0x11
 817 0094 01       		.uleb128 0x1
 818 0095 12       		.uleb128 0x12
 819 0096 06       		.uleb128 0x6
 820 0097 40       		.uleb128 0x40
 821 0098 18       		.uleb128 0x18
 822 0099 9742     		.uleb128 0x2117
 823 009b 19       		.uleb128 0x19
 824 009c 00       		.byte	0
 825 009d 00       		.byte	0
 826 009e 0B       		.uleb128 0xb
 827 009f 34       		.uleb128 0x34
 828 00a0 00       		.byte	0
 829 00a1 03       		.uleb128 0x3
 830 00a2 0E       		.uleb128 0xe
 831 00a3 3A       		.uleb128 0x3a
 832 00a4 0B       		.uleb128 0xb
 833 00a5 3B       		.uleb128 0x3b
 834 00a6 0B       		.uleb128 0xb
 835 00a7 49       		.uleb128 0x49
 836 00a8 13       		.uleb128 0x13
 837 00a9 02       		.uleb128 0x2
 838 00aa 17       		.uleb128 0x17
 839 00ab 00       		.byte	0
 840 00ac 00       		.byte	0
 841 00ad 0C       		.uleb128 0xc
 842 00ae 2E       		.uleb128 0x2e
 843 00af 01       		.byte	0x1
 844 00b0 3F       		.uleb128 0x3f
 845 00b1 19       		.uleb128 0x19
ARM GAS  C:\Users\victo\AppData\Local\Temp\ccCLdgxW.s 			page 35


 846 00b2 03       		.uleb128 0x3
 847 00b3 0E       		.uleb128 0xe
 848 00b4 3A       		.uleb128 0x3a
 849 00b5 0B       		.uleb128 0xb
 850 00b6 3B       		.uleb128 0x3b
 851 00b7 0B       		.uleb128 0xb
 852 00b8 27       		.uleb128 0x27
 853 00b9 19       		.uleb128 0x19
 854 00ba 49       		.uleb128 0x49
 855 00bb 13       		.uleb128 0x13
 856 00bc 11       		.uleb128 0x11
 857 00bd 01       		.uleb128 0x1
 858 00be 12       		.uleb128 0x12
 859 00bf 06       		.uleb128 0x6
 860 00c0 40       		.uleb128 0x40
 861 00c1 18       		.uleb128 0x18
 862 00c2 9742     		.uleb128 0x2117
 863 00c4 19       		.uleb128 0x19
 864 00c5 00       		.byte	0
 865 00c6 00       		.byte	0
 866 00c7 00       		.byte	0
 867              		.section	.debug_loc,"",%progbits
 868              	.Ldebug_loc0:
 869              	.LLST0:
 870 0000 00000000 		.4byte	.LVL0
 871 0004 0A000000 		.4byte	.LVL1
 872 0008 0100     		.2byte	0x1
 873 000a 50       		.byte	0x50
 874 000b 0A000000 		.4byte	.LVL1
 875 000f 14000000 		.4byte	.LFE0
 876 0013 0400     		.2byte	0x4
 877 0015 F3       		.byte	0xf3
 878 0016 01       		.uleb128 0x1
 879 0017 50       		.byte	0x50
 880 0018 9F       		.byte	0x9f
 881 0019 00000000 		.4byte	0
 882 001d 00000000 		.4byte	0
 883              	.LLST1:
 884 0021 00000000 		.4byte	.LVL4
 885 0025 08000000 		.4byte	.LVL7
 886 0029 0100     		.2byte	0x1
 887 002b 50       		.byte	0x50
 888 002c 08000000 		.4byte	.LVL7
 889 0030 14000000 		.4byte	.LFE4
 890 0034 0400     		.2byte	0x4
 891 0036 F3       		.byte	0xf3
 892 0037 01       		.uleb128 0x1
 893 0038 50       		.byte	0x50
 894 0039 9F       		.byte	0x9f
 895 003a 00000000 		.4byte	0
 896 003e 00000000 		.4byte	0
 897              	.LLST2:
 898 0042 04000000 		.4byte	.LVL5
 899 0046 06000000 		.4byte	.LVL6
 900 004a 0B00     		.2byte	0xb
 901 004c 70       		.byte	0x70
 902 004d 00       		.sleb128 0
ARM GAS  C:\Users\victo\AppData\Local\Temp\ccCLdgxW.s 			page 36


 903 004e 0A       		.byte	0xa
 904 004f FFFF     		.2byte	0xffff
 905 0051 1A       		.byte	0x1a
 906 0052 20       		.byte	0x20
 907 0053 73       		.byte	0x73
 908 0054 00       		.sleb128 0
 909 0055 1A       		.byte	0x1a
 910 0056 9F       		.byte	0x9f
 911 0057 00000000 		.4byte	0
 912 005b 00000000 		.4byte	0
 913              		.section	.debug_aranges,"",%progbits
 914 0000 44000000 		.4byte	0x44
 915 0004 0200     		.2byte	0x2
 916 0006 00000000 		.4byte	.Ldebug_info0
 917 000a 04       		.byte	0x4
 918 000b 00       		.byte	0
 919 000c 0000     		.2byte	0
 920 000e 0000     		.2byte	0
 921 0010 00000000 		.4byte	.LFB0
 922 0014 14000000 		.4byte	.LFE0-.LFB0
 923 0018 00000000 		.4byte	.LFB1
 924 001c 18000000 		.4byte	.LFE1-.LFB1
 925 0020 00000000 		.4byte	.LFB2
 926 0024 10000000 		.4byte	.LFE2-.LFB2
 927 0028 00000000 		.4byte	.LFB3
 928 002c 10000000 		.4byte	.LFE3-.LFB3
 929 0030 00000000 		.4byte	.LFB4
 930 0034 14000000 		.4byte	.LFE4-.LFB4
 931 0038 00000000 		.4byte	.LFB5
 932 003c 10000000 		.4byte	.LFE5-.LFB5
 933 0040 00000000 		.4byte	0
 934 0044 00000000 		.4byte	0
 935              		.section	.debug_ranges,"",%progbits
 936              	.Ldebug_ranges0:
 937 0000 00000000 		.4byte	.LFB0
 938 0004 14000000 		.4byte	.LFE0
 939 0008 00000000 		.4byte	.LFB1
 940 000c 18000000 		.4byte	.LFE1
 941 0010 00000000 		.4byte	.LFB2
 942 0014 10000000 		.4byte	.LFE2
 943 0018 00000000 		.4byte	.LFB3
 944 001c 10000000 		.4byte	.LFE3
 945 0020 00000000 		.4byte	.LFB4
 946 0024 14000000 		.4byte	.LFE4
 947 0028 00000000 		.4byte	.LFB5
 948 002c 10000000 		.4byte	.LFE5
 949 0030 00000000 		.4byte	0
 950 0034 00000000 		.4byte	0
 951              		.section	.debug_line,"",%progbits
 952              	.Ldebug_line0:
 953 0000 D1000000 		.section	.debug_str,"MS",%progbits,1
 953      02004F00 
 953      00000201 
 953      FB0E0D00 
 953      01010101 
 954              	.LASF15:
 955 0000 72656733 		.ascii	"reg32\000"
ARM GAS  C:\Users\victo\AppData\Local\Temp\ccCLdgxW.s 			page 37


 955      3200
 956              	.LASF27:
 957 0006 6D61736B 		.ascii	"maskedStatus\000"
 957      65645374 
 957      61747573 
 957      00
 958              	.LASF19:
 959 0013 76616C75 		.ascii	"value\000"
 959      6500
 960              	.LASF12:
 961 0019 666C6F61 		.ascii	"float\000"
 961      7400
 962              	.LASF1:
 963 001f 756E7369 		.ascii	"unsigned char\000"
 963      676E6564 
 963      20636861 
 963      7200
 964              	.LASF24:
 965 002d 64725661 		.ascii	"drVal\000"
 965      6C00
 966              	.LASF5:
 967 0033 6C6F6E67 		.ascii	"long unsigned int\000"
 967      20756E73 
 967      69676E65 
 967      6420696E 
 967      7400
 968              	.LASF3:
 969 0045 73686F72 		.ascii	"short unsigned int\000"
 969      7420756E 
 969      7369676E 
 969      65642069 
 969      6E7400
 970              	.LASF21:
 971 0058 56425553 		.ascii	"VBUS_OVP_TRIP_P2_ReadDataReg\000"
 971      5F4F5650 
 971      5F545249 
 971      505F5032 
 971      5F526561 
 972              	.LASF13:
 973 0075 646F7562 		.ascii	"double\000"
 973      6C6500
 974              	.LASF26:
 975 007c 56425553 		.ascii	"VBUS_OVP_TRIP_P2_ClearInterrupt\000"
 975      5F4F5650 
 975      5F545249 
 975      505F5032 
 975      5F436C65 
 976              	.LASF10:
 977 009c 75696E74 		.ascii	"uint16\000"
 977      313600
 978              	.LASF23:
 979 00a3 706F7369 		.ascii	"position\000"
 979      74696F6E 
 979      00
 980              	.LASF11:
 981 00ac 75696E74 		.ascii	"uint32\000"
 981      333200
ARM GAS  C:\Users\victo\AppData\Local\Temp\ccCLdgxW.s 			page 38


 982              	.LASF25:
 983 00b3 696E7472 		.ascii	"intrCfg\000"
 983      43666700 
 984              	.LASF8:
 985 00bb 756E7369 		.ascii	"unsigned int\000"
 985      676E6564 
 985      20696E74 
 985      00
 986              	.LASF30:
 987 00c8 433A5C76 		.ascii	"C:\\victor0617\\github_code\\CY4541\\CYPD4225-40LQX"
 987      6963746F 
 987      72303631 
 987      375C6769 
 987      74687562 
 988 00f7 495F3038 		.ascii	"I_0805\\CYPD4225-40LQXI_notebook01.cydsn\000"
 988      30355C43 
 988      59504434 
 988      3232352D 
 988      34304C51 
 989              	.LASF7:
 990 011f 6C6F6E67 		.ascii	"long long unsigned int\000"
 990      206C6F6E 
 990      6720756E 
 990      7369676E 
 990      65642069 
 991              	.LASF28:
 992 0136 474E5520 		.ascii	"GNU C 4.9.3 20150303 (release) [ARM/embedded-4_9-br"
 992      4320342E 
 992      392E3320 
 992      32303135 
 992      30333033 
 993 0169 616E6368 		.ascii	"anch revision 221220] -mcpu=cortex-m0 -mthumb -g -O"
 993      20726576 
 993      6973696F 
 993      6E203232 
 993      31323230 
 994 019c 73202D66 		.ascii	"s -ffunction-sections -finline-functions -flto -ffa"
 994      66756E63 
 994      74696F6E 
 994      2D736563 
 994      74696F6E 
 995 01cf 742D6C74 		.ascii	"t-lto-objects -fno-strict-aliasing\000"
 995      6F2D6F62 
 995      6A656374 
 995      73202D66 
 995      6E6F2D73 
 996              	.LASF18:
 997 01f2 6D6F6465 		.ascii	"mode\000"
 997      00
 998              	.LASF17:
 999 01f7 56425553 		.ascii	"VBUS_OVP_TRIP_P2_Write\000"
 999      5F4F5650 
 999      5F545249 
 999      505F5032 
 999      5F577269 
 1000              	.LASF29:
 1001 020e 2E5C4765 		.ascii	".\\Generated_Source\\PSoC4\\VBUS_OVP_TRIP_P2.c\000"
ARM GAS  C:\Users\victo\AppData\Local\Temp\ccCLdgxW.s 			page 39


 1001      6E657261 
 1001      7465645F 
 1001      536F7572 
 1001      63655C50 
 1002              	.LASF6:
 1003 023a 6C6F6E67 		.ascii	"long long int\000"
 1003      206C6F6E 
 1003      6720696E 
 1003      7400
 1004              	.LASF20:
 1005 0248 56425553 		.ascii	"VBUS_OVP_TRIP_P2_Read\000"
 1005      5F4F5650 
 1005      5F545249 
 1005      505F5032 
 1005      5F526561 
 1006              	.LASF14:
 1007 025e 63686172 		.ascii	"char\000"
 1007      00
 1008              	.LASF2:
 1009 0263 73686F72 		.ascii	"short int\000"
 1009      7420696E 
 1009      7400
 1010              	.LASF9:
 1011 026d 75696E74 		.ascii	"uint8\000"
 1011      3800
 1012              	.LASF16:
 1013 0273 56425553 		.ascii	"VBUS_OVP_TRIP_P2_SetDriveMode\000"
 1013      5F4F5650 
 1013      5F545249 
 1013      505F5032 
 1013      5F536574 
 1014              	.LASF4:
 1015 0291 6C6F6E67 		.ascii	"long int\000"
 1015      20696E74 
 1015      00
 1016              	.LASF0:
 1017 029a 7369676E 		.ascii	"signed char\000"
 1017      65642063 
 1017      68617200 
 1018              	.LASF22:
 1019 02a6 56425553 		.ascii	"VBUS_OVP_TRIP_P2_SetInterruptMode\000"
 1019      5F4F5650 
 1019      5F545249 
 1019      505F5032 
 1019      5F536574 
 1020              		.comm	__gnu_lto_v1,1,1
 1021              		.ident	"GCC: (GNU Tools for ARM Embedded Processors) 4.9.3 20150303 (release) [ARM/embedded-4_9-br
