ARM GAS  C:\Users\victo\AppData\Local\Temp\ccf85TOg.s 			page 1


   1              		.cpu cortex-m0
   2              		.fpu softvfp
   3              		.eabi_attribute 20, 1
   4              		.eabi_attribute 21, 1
   5              		.eabi_attribute 23, 3
   6              		.eabi_attribute 24, 1
   7              		.eabi_attribute 25, 1
   8              		.eabi_attribute 26, 1
   9              		.eabi_attribute 30, 4
  10              		.eabi_attribute 34, 0
  11              		.eabi_attribute 18, 4
  12              		.code	16
  13              		.file	"VBUS_P_CTRL_P2.c"
  14              		.text
  15              	.Ltext0:
  16              		.section	.gnu.lto_.profile.91bc7322,"",%progbits
  17 0000 789C6366 		.ascii	"x\234cf```a\200\000F\006uE\000\000\343\000Q"
  17      60606061 
  17      80004606 
  17      75450000 
  17      E30051
  18              		.text
  19              		.section	.gnu.lto_.jmpfuncs.91bc7322,"",%progbits
  20 0000 789C6366 		.ascii	"x\234cf\300\016d\2404\033\003##c=#\210`b``f``abdd\256"
  20      C00E64A0 
  20      341B0323 
  20      23633D23 
  20      88606260 
  21 001d AF6705CA 		.ascii	"\257g\005\312\001\000 \267\002>"
  21      010020B7 
  21      023E
  22              		.text
  23              		.section	.gnu.lto_.inline.91bc7322,"",%progbits
  24 0000 789C6366 		.ascii	"x\234cf\300\016f@i6\006\006\016vFF\006F\006\006f\216"
  24      C00E6640 
  24      69360606 
  24      0E764646 
  24      06460606 
  25 0016 03760C6C 		.ascii	"\003v\014l\013\344\231\030\230.\360\263\200$\031\031"
  25      0BE49918 
  25      982EF0B3 
  25      80241919 
  26 0026 3839D0E5 		.ascii	"89\320\345X\026\310\203\345\230\030\330X\031\031\230"
  26      5816C883 
  26      E59818D8 
  26      58191998 
  27 0036 D83EE841 		.ascii	"\330>\350A\304\201\200\031S\210\005d\002\023\310\004"
  27      C4818019 
  27      53880564 
  27      0213C804 
  28 0046 A0390C2C 		.ascii	"\2409\014,\2506\000\011\036\220\"V\006v6\240>\270$\010"
  28      A8360009 
  28      1E902256 
  28      067636A0 
  28      3EB82408 
  29 005a 0000BE90 		.ascii	"\000\000\276\220\017\254"
  29      0FAC
ARM GAS  C:\Users\victo\AppData\Local\Temp\ccf85TOg.s 			page 2


  30              		.text
  31              		.section	.gnu.lto_.pureconst.91bc7322,"",%progbits
  32 0000 789C6366 		.ascii	"x\234cf``\340e\200\0006\006)F)&)f)\026)V)\000\005\261"
  32      6060E065 
  32      80003606 
  32      29462926 
  32      29662916 
  33 001a 00C2     		.ascii	"\000\302"
  34              		.text
  35              		.section	.gnu.lto_VBUS_P_CTRL_P2_SetDriveMode.91bc7322,"",%progbits
  36 0000 789C7D51 		.ascii	"x\234}Q=KcA\024\275g\336\313K\304O,\323kPTp\361\007"
  36      3D4B6341 
  36      14BD67DE 
  36      CB4BC44F 
  36      2CD36B50 
  37 0018 88163616 		.ascii	"\210\0266\026\301\350V\201\254\304\007\333h@\264v\022"
  37      C1E85681 
  37      ACC407DB 
  37      6840B476 
  37      12
  38 0029 23CA5659 		.ascii	"#\312VY?\300\017\254D\374\310\252\213\026j!>,\266\022"
  38      3FC00FAC 
  38      44FCC8AA 
  38      8B166A21 
  38      3E2CB612 
  39 003d C52D3610 		.ascii	"\305-6\020\374h\242\253`\241\270\254\006\224\354\275"
  39      FC68A2AB 
  39      60A1B8AC 
  39      0694ECBD 
  40 004d 493A6107 		.ascii	"I:a\007\346\316\235\3039\347\235w\307\240\367\313\313"
  40      E6CE9DC3 
  40      39E79D77 
  40      C7A0F7CB 
  40      CB
  41 005e FB0044CD 		.ascii	"\373\000D\315|\302 \250\304\011Q\324\243\000i\0104\242"
  41      7CC220A8 
  41      C40951D4 
  41      A3006908 
  41      34A2
  42 0070 30823BF5 		.ascii	"0\202;\365\250\220p\222\263\245\276e\255\365Cl\347\263"
  42      A8907092 
  42      B3A5BE65 
  42      ADF5436C 
  42      E7B3
  43 0082 9EFE9455 		.ascii	"\236\376\224UDO\252\340\203\025\370\230\363;{\267Rn"
  43      444FAAE0 
  43      8315F898 
  43      F33B7BB7 
  43      526E
  44 0094 3482B87F 		.ascii	"4\202\270\177\373\232\372\251j\226\264\2169\347\233"
  44      FB9AFAA9 
  44      6A96B48E 
  44      39E79B
  45 00a3 BA155936 		.ascii	"\272\025Y6]\205\301\0124xQ\347%\006\010k\250\021\362"
  45      5D85C10A 
  45      347851E7 
  45      2506086B 
ARM GAS  C:\Users\victo\AppData\Local\Temp\ccf85TOg.s 			page 3


  45      A811F2
  46 00b6 63FC2D55 		.ascii	"c\374-Uj\305\331\274\252\340\211uX\234\213\266\252\035"
  46      6AC5D9BC 
  46      AAE08975 
  46      589C8BB6 
  46      AA1D
  47 00c8 9DCB3D1D 		.ascii	"\235\313=\035\237\335\326\242D\261F\031RL\210\322%\255"
  47      9FDDD6A2 
  47      44B14619 
  47      524C88D2 
  47      25AD
  48 00da 25C52D85 		.ascii	"%\305-\205(\303[\202_\363\205O#\215\243\277_~\315Y\342"
  48      28C35B82 
  48      5FF3854F 
  48      238DA3BF 
  48      5F7ECD59 
  49 00ef F6ACE42F 		.ascii	"\366\254\344/\266\24337\270UYeLL$\264)\337\276\312\234"
  49      B6A33337 
  49      B8555965 
  49      4C4C24B4 
  49      29DFBECA 
  50 0104 9E79F210 		.ascii	"\236y\362\020\311\365~\336\031w/b!\032\347\310&\222"
  50      C9F57EDE 
  50      19772F62 
  50      211AE7C8 
  50      2692
  51 0116 F0E21B78 		.ascii	"\360\342\033xN\330\300\"(\215\321\227\242\235Qp\234"
  51      4ED8C022 
  51      288DD197 
  51      A29D5170 
  51      9C
  52 0127 BAD89F2B 		.ascii	"\272\330\237+\023\271:|\315\345*\011\233\314N#v\351"
  52      13B93A7C 
  52      CDE52A09 
  52      9BCC4E23 
  52      76E9
  53 0139 2ED05CCF 		.ascii	".\320\\\317\312\024\331yQ&\020\313&\307\366\366*D\346"
  53      CA14D979 
  53      512610CB 
  53      26C7F6F6 
  53      2A44E6
  54 014c B2085B79 		.ascii	"\262\010[y\311\350\237\"\305\2357\267\030:\232\204@"
  54      C9E89F22 
  54      C59D37B7 
  54      183A9A84 
  54      40
  55 015d FF8BF59D 		.ascii	"\377\213\365\235c\261\204.\021uv\177(\241\313\213dx"
  55      63B1842E 
  55      1175767F 
  55      28A1CB8B 
  55      6478
  56 016f BA3C021E 		.ascii	"\272<\002\036H}S\260\303\036\260\007{\207\354\276P "
  56      487D53B0 
  56      C31EB007 
  56      7B87ECBE 
  56      5020
  57 0181 323C18B6 		.ascii	"2<\030\266\203\376@\244\275%\370\261\255'\020\362\207"
ARM GAS  C:\Users\victo\AppData\Local\Temp\ccf85TOg.s 			page 4


  57      83FE40A4 
  57      BD25F8B1 
  57      AD2710F2 
  57      87
  58 0192 DABBBB3A 		.ascii	"\332\273\273:C\376\017Ma2\373#}\366?\342\264\247\356"
  58      43FE0F4D 
  58      6132FB23 
  58      7DF63FE2 
  58      B4A7EE
  59              		.text
  60              		.section	.gnu.lto_VBUS_P_CTRL_P2_Write.91bc7322,"",%progbits
  61 0000 789C6552 		.ascii	"x\234eROH\024Q\034~\277\367vvF\366\022]\222\275t\020"
  61      4F481451 
  61      1C7EBFF7 
  61      767646F6 
  61      125D92BD 
  62 0016 91A23C54 		.ascii	"\221\242<T\207\240K\344\301K\207\305-OK\313\242s\010"
  62      87A04BE4 
  62      C14B87C5 
  62      2D4F4BCB 
  62      A27308
  63 0029 246149AF 		.ascii	"$aI\257\276\261M\245Cl\021a\206+\366\207\376l\251\345"
  63      BEB14DA5 
  63      436C1161 
  63      862BF687 
  63      FE6CA9E5 
  64 003d 29BA0C7B 		.ascii	")\272\014{\010:d,\201\226,\253\213+$xH]\314%j\373~\363"
  64      083A642C 
  64      81962CAB 
  64      8B2B2478 
  64      485DCC25 
  65 0055 2E2D0D33 		.ascii	".-\0153\357\315|\363}\337\373\3367\243\304\377G\024"
  65      EFCD7CF3 
  65      7DDFFBDE 
  65      37A3C4FF 
  65      4714
  66 0067 D75529C4 		.ascii	"\327U)\304Y\314\244\004\311\354\222\020\236#\211\370"
  66      59CCA404 
  66      C9EC9210 
  66      9E2389F8 
  67 0077 46901891 		.ascii	"F\220\030\2214B[rGR\326\317OF:\236j\255\177\354\276"
  67      34425B72 
  67      4752D6CF 
  67      4F463A9E 
  67      6AAD7FEC 
  68 008c 6FBDD95A 		.ascii	"o\275\331Z\207lO\032\033zF\035\240\354\345\365=\245"
  68      876C4F1A 
  68      1B7A461D 
  68      A0ECE5F5 
  68      3DA5
  69 009e 4E92C0FD 		.ascii	"N\222\300\375B\361\323\037\273\375\261\326\243\376\307"
  69      42F1D31F 
  69      BBFDB1D6 
  69      A3FEC7
  70 00ad 397D9EEA 		.ascii	"9}\236\352\360|N\012\012:\021\245cQ\001@\320\013jg\362"
  70      F07C4E0A 
  70      0A3A11A5 
ARM GAS  C:\Users\victo\AppData\Local\Temp\ccf85TOg.s 			page 5


  70      63510140 
  70      D00B6A67 
  71 00c2 EEFDFCBE 		.ascii	"\356\375\374\276T\247\003a\345\321\306\214\3356\013"
  71      54A70361 
  71      E5D1C68C 
  71      DD360B
  72 00d1 E1FAD6C6 		.ascii	"\341\372\326\306\207\210\236\324\231\365F\343(\353_"
  72      87889ED4 
  72      99F546E3 
  72      28EB5F
  73 00e0 FEAB3707 		.ascii	"\376\2537\007\004;\231\337+\221p\006\301\016Q\236\332"
  73      043B99DF 
  73      2B917006 
  73      C10E519E 
  73      DA
  74 00f1 4C287A45 		.ascii	"L(zEa\302\304\310\374a_7\032\213\265;\023\347(\"\261"
  74      61C2C4C8 
  74      FC615F37 
  74      1A8BB53B 
  74      13E72822 
  75 0106 B0541854 		.ascii	"\260T\030TH\360K\2138D\230\001\233\007'@[\230%D\025"
  75      48F04B8B 
  75      38449801 
  75      9B072740 
  75      5B982544 
  76 011b 1717B189 		.ascii	"\027\027\261\211\007\314j\225\012\373\267\226r\303\354"
  76      07CC6A95 
  76      0AFBB796 
  76      72C3EC
  77 012a FE53722B 		.ascii	"\376Sr+\225\302\203\333\316wY\227!=\221\325!\316\263"
  77      95C283DB 
  77      CE775997 
  77      213D91D5 
  77      21CEB3
  78 013d 56FD5C34 		.ascii	"V\375\\4P\020\357\335\266\367\305\236\246\207^\006\035"
  78      5010EFDD 
  78      B6F7C59E 
  78      A6875E06 
  78      1D
  79 014e 58F49AA2 		.ascii	"X\364\232\2424G\210O\3634Mb\225F\277\216\227\2441T\360"
  79      3447884F 
  79      F3344D62 
  79      9546BF8E 
  79      97A43154 
  80 0163 0472E360 		.ascii	"\004r\343`\254D\006\011\001\204\207\256\035lK\266T\277"
  80      AC440609 
  80      018487AE 
  80      1D6C4BB6 
  80      54BF
  81 0175 50DA02E4 		.ascii	"P\332\002\344\313\024h8+X,*\215-\347\256\030\025N\013"
  81      CB146838 
  81      2B582C2A 
  81      8D2DE7AE 
  81      18154E0B 
  82 0189 AAA995CD 		.ascii	"\252\251\225\315\232\012T(\355\015DM\3266x =)\256\025"
  82      9A0A5428 
  82      ED0D444D 
ARM GAS  C:\Users\victo\AppData\Local\Temp\ccf85TOg.s 			page 6


  82      D6367820 
  82      3D29AE15 
  83 019d 0312A18F 		.ascii	"\003\022\241\217\267\206T\013\033\212\023\004\260\233"
  83      B786540B 
  83      1B8A1304 
  83      B09B
  84 01ab 17733873 		.ascii	"\027s8sy\274\234K\033R\213\201\012w+G\030h\332\261\347"
  84      79BC9C4B 
  84      1B528B81 
  84      0A772B47 
  84      1868DAB1 
  85 01c0 5BCD7B5E 		.ascii	"[\315{^\304\236!\021e\362\374o\335\314\347\217X\305"
  85      C49E2111 
  85      65F2FC6F 
  85      DDCCE78F 
  85      58C5
  86 01d2 AF807A51 		.ascii	"\257\200zQ\366\361\316D\267{\315M\247\256\273\375\311"
  86      F6F1CE44 
  86      B77BCD4D 
  86      A7AEBBFD 
  86      C9
  87 01e3 F8E050BA 		.ascii	"\370\340P\272\317M\304\342\203]g\022\275\027.\307\223"
  87      CF4DC4E2 
  87      835D6712 
  87      BD172EC7 
  87      93
  88 01f4 B164D7A5 		.ascii	"\261d\327\245\236\213\311\330\251\316>a\015\247\006"
  88      9E8BC9D8 
  88      A9CE3E61 
  88      0DA706
  89 0203 865CAB3F 		.ascii	"\206\\\253?\335\233\032\370\013Q\204\343x"
  89      DD9B1AF8 
  89      0B5184E3 
  89      78
  90              		.text
  91              		.section	.gnu.lto_VBUS_P_CTRL_P2_Read.91bc7322,"",%progbits
  92 0000 789C658F 		.ascii	"x\234e\217\277K\202a\020\307\357\356}}3\\\242)\374\003"
  92      BF4B8261 
  92      10C7EFEE 
  92      7D7D335C 
  92      A229FC03 
  93 0014 92421CA2 		.ascii	"\222B\034\242\265%\207\226\006\311j\010\341%\354]\023"
  93      B5258796 
  93      06C96A08 
  93      E125EC5D 
  93      13
  94 0025 A4665FED 		.ascii	"\244f_\355\315~@ .I\341\030e\031\3165ES\203\030!$H\330"
  94      CD7E4020 
  94      2E49E118 
  94      6519CE35 
  94      45538318 
  95 003d A260D090 		.ascii	"\242`\320\220(\325\013\225\335\371\266\365\300s\367"
  95      28D50B95 
  95      DDF9B6F5 
  95      C073F7
  96 004c DC731FBE 		.ascii	"\334s\037\276\367=\005\376\037/\337\031\004\360sF\005"
  96      F73D05FE 
ARM GAS  C:\Users\victo\AppData\Local\Temp\ccf85TOg.s 			page 7


  96      1F2FDF19 
  96      04F07346 
  96      05
  97 005d 90321580 		.ascii	"\2202\025\200\244\233\020\345\001\010\011\302\004\276"
  97      A49B10E5 
  97      010809C2 
  97      04BE
  98 006b 5087B07C 		.ascii	"P\207\260|\365SE\337\211i\246\336R\325'\317\366\230"
  98      F55345DF 
  98      8969A6DE 
  98      52D527CF 
  98      F698
  99 007d 4D005D02 		.ascii	"M\000]\002\364{qBt\360\024}\300`\307\372\256y4\3134"
  99      F47B7142 
  99      74F0147D 
  99      C060C7FA 
  99      AE7934CB 
 100 0092 CD11E973 		.ascii	"\315\021\351s\343\0145\236\001\245\321\033\263\337\357"
 100      E30C359E 
 100      01A5D11B 
 100      B3DFEF
 101 00a1 96B3ED71 		.ascii	"\226\263\355q\322\010l\342\211\034T\011.\0209hr\220"
 101      D2086CE2 
 101      891C5409 
 101      2E103968 
 101      7290
 102 00b3 C92D22C9 		.ascii	"\311-\"\311J\035o\337\367\037\013+\"\361Ab\343\260\262"
 102      4A1D6FDF 
 102      F71F0B2B 
 102      22F14162 
 102      E3B0B2
 103 00c6 9753DB64 		.ascii	"\227S\333d\023Y\273\031S\225\201\317\315\373\007\367"
 103      1359BB19 
 103      539581CF 
 103      CDFB07F7 
 104 00d6 E00BA43C 		.ascii	"\340\013\244<(\226^\207\363x\234\264\320&\005\013\350"
 104      28965E87 
 104      F3789CB4 
 104      D026050B 
 104      E8
 105 00e7 C5736483 		.ascii	"\305sd\203x\201y\204:n}\246\277TGPq4\257\263w9M\004"
 105      78817984 
 105      3A6E7DA6 
 105      BF544750 
 105      7134AFB3 
 106 00ff D80B1699 		.ascii	"\330\013\026\231e\250\221\356\0159\220\312\034CG\265"
 106      65A891EE 
 106      0D3990CA 
 106      1C4347B5 
 107 010f 564F1148 		.ascii	"VO\021H\345\235/\007P\252\261\343w\030\027c\320@\374"
 107      E59D2F07 
 107      50AAB1E3 
 107      77181763 
 107      D040FC
 108 0122 AB069BA0 		.ascii	"\253\006\233\240l\300\226&\003\2219c\335\210\257n\030"
 108      6CC09626 
 108      03913963 
ARM GAS  C:\Users\victo\AppData\Local\Temp\ccf85TOg.s 			page 8


 108      DD88AF6E 
 108      18
 109 0133 6B7A38B6 		.ascii	"kz8\266\031\217\032\221P8\026\234\216,\317.\205\365"
 109      198F1A91 
 109      5038169C 
 109      8E2CCF2E 
 109      85F5
 110 0145 901E5C5C 		.ascii	"\220\036\\\\\230\327CS\201(\374\002A@|\251"
 110      98D74353 
 110      8128FC02 
 110      41407CA9 
 111              		.text
 112              		.section	.gnu.lto_VBUS_P_CTRL_P2_ReadDataReg.91bc7322,"",%progbits
 113 0000 789C658F 		.ascii	"x\234e\217\277KBQ\024\307\3179\357\371\024\\\242)\374"
 113      BF4B4251 
 113      14C7CF39 
 113      EFF9145C 
 113      A229FC
 114 0013 07A41087 		.ascii	"\007\244\020\207jm\311\241\245A\262\032Bx\204\2755A"
 114      6A6DC9A1 
 114      A541B21A 
 114      427884BD 
 114      3541
 115 0025 6AF66A66 		.ascii	"j\366jf\321\020\342\324\017\034\243_F\263M\341\324\020"
 115      D110E2D4 
 115      0F1CA35F 
 115      46B34DE1 
 115      D410
 116 0037 45384412 		.ascii	"E8D\022F\240a\320\220(\326\203\312\316\361\265u\341"
 116      46A061D0 
 116      9028D683 
 116      CACEF1B5 
 116      75E1
 117 0049 9E73CF3D 		.ascii	"\236s\317=\037\276\347{4\370\177||'\020 \300\0315@\312"
 117      1FBEE77B 
 117      34F87F7C 
 117      7C271020 
 117      C0193540 
 118 005e DD00A43C 		.ascii	"\335\000\244<\204(\017@H\022&\361\225Z\204\327\245\237"
 118      84280F40 
 118      481226F1 
 118      955A84D7 
 118      A59F
 119 0070 0AFA0F94 		.ascii	"\012\372\017\224J\277\227\037\036\275\353C6\001\264"
 119      4ABF971F 
 119      1EBDEB43 
 119      3601B4
 120 007f 0930E0C3 		.ascii	"\0110\340\303a\321\301C\364\003\203\255\314\367\275"
 120      61D1C143 
 120      F40383AD 
 120      CCF7BD
 121 008e D7C828A5 		.ascii	"\327\310(\245\006\244\317\215#4x\006\234\017^\252^\257"
 121      06A4CF8D 
 121      23347806 
 121      9C0F5EAA 
 121      5EAF
 122 00a0 FD926F8E 		.ascii	"\375\222o\216\221A`\023O\344\240Kp\201\310A\235\203"
ARM GAS  C:\Users\victo\AppData\Local\Temp\ccf85TOg.s 			page 9


 122      91416013 
 122      4FE4A04B 
 122      7081C841 
 122      9D83
 123 00b2 4C6E1049 		.ascii	"Ln\020I\326\252X\356nu\213\013\"\361Ab\343\271\274\273"
 123      D6AA58EE 
 123      6E758B0B 
 123      22F14162 
 123      E3B9BCBB 
 124 00c6 ED69924D 		.ascii	"\355i\222M\2446sJ\227\201O\365\333;\347\013\244,\275"
 124      A436734A 
 124      97814FF5 
 124      DB3BE70B 
 124      A42CBD
 125 00d9 A52AEE02 		.ascii	"\245*\356\002\356\2472h\223\206\307\350\303\023d\203"
 125      EEA73268 
 125      9386C7E8 
 125      C3136483 
 126 00e9 788A0584 		.ascii	"x\212\005\204*\256}f\277tGPs4/\362W;\206\010\260\027"
 126      2AAE7D66 
 126      BF744750 
 126      73342FF2 
 126      573B8608 
 127 00ff 2C32CB50 		.ascii	",2\313P-\333q;\220\316\034C{\367\215\216&\220\316;\237"
 127      2DDB713B 
 127      90CE1C43 
 127      7BF78D8E 
 127      2690CE3B 
 128 0114 F5A1746D 		.ascii	"\365\241tm#\3400.\306\240\206\370W\3657A\331\200-\215"
 128      23E0302E 
 128      C6A086F8 
 128      57F53741 
 128      D9802D8D 
 129 0128 04A353D6 		.ascii	"\004\243S\326\262\225X\\\261\226\314H|5\021\263\242"
 129      B295585C 
 129      B196CC48 
 129      7C3511B3 
 129      A2
 130 0139 E1483C34 		.ascii	"\341H<4\036\235\237\234\213\230a34;3m\206G\2031\370"
 130      1E9D9F9C 
 130      8B986133 
 130      343B336D 
 130      86478331 
 131 014e 053F667D 		.ascii	"\005?f}\240"
 131      A0
 132              		.text
 133              		.section	.gnu.lto_VBUS_P_CTRL_P2_SetInterruptMode.91bc7322,"",%progbits
 134 0000 789C6D91 		.ascii	"x\234m\221_H\323Q\024\307\357\271\367\367on\205\364"
 134      5F48D351 
 134      14C7EFB9 
 134      F7F76F6E 
 134      85F4
 135 0012 24832890 		.ascii	"$\203(\220!\024\371\020\321K/\341\036z\211\030\255z"
 135      2114F910 
 135      D14B2FE1 
 135      1E7A8918 
 135      AD7A
ARM GAS  C:\Users\victo\AppData\Local\Temp\ccf85TOg.s 			page 10


 136 0024 1A8CD015 		.ascii	"\032\214\320\025{h\213\265\236z\360\367[kF\3640LB\022"
 136      7B688BB5 
 136      9E7AF0F7 
 136      5B6B46F4 
 136      304C4212 
 137 0038 09A9505B 		.ascii	"\011\251P[\351\312\212\332\323\217%$H\245 \012\206\323"
 137      E9CA8ADA 
 137      D38F2524 
 137      48A5200A 
 137      86D3
 138 004a 6CAB04A3 		.ascii	"l\253\004\243t\253\271\240\3269\277\237=H\375\340w\357"
 138      74ABB9A0 
 138      D639BF9F 
 138      3D48FDE0 
 138      77EF
 139 005c 3D1FCEF9 		.ascii	"=\037\316\371\336\3579W\260\177?7\376w9cm\270\203`\300"
 139      DEEF3957 
 139      B07F3F37 
 139      FE773963 
 139      6DB88360 
 140 0071 D36F1833 		.ascii	"\323o\03034\016@\007\006\254\223C'\254\3605\016i3\323"
 140      340E4007 
 140      06AC9343 
 140      27ACF035 
 140      0E6933D3 
 141 0085 EB6CB9A7 		.ascii	"\353l\271\247\353\372\267\365r\323\225\246\032\226\225"
 141      EBFAB7F5 
 141      72D395A6 
 141      1A9695
 142 0094 B92D0383 		.ascii	"\271-\003\203\320\202)\245\347\003\227\304>`x\234\\"
 142      D08229A5 
 142      E70397C4 
 142      3E60789C 
 142      5C
 143 00a5 DE28BB3E 		.ascii	"\336(\273>\363\032\207F\012o\315\225*\202B\316)\314"
 143      F31A8746 
 143      0A6FCD95 
 143      2A8242CE 
 143      29CC
 144 00b7 8CF76455 		.ascii	"\214\367dU\317\035]O\230\013Y\3750r\001C P\016\206\301"
 144      CF1D5D4F 
 144      980B59FD 
 144      30720143 
 144      20500E86 
 145 00cc 0DF7C1CD 		.ascii	"\015\367\301\315\0201\310\200\007\263?\325V\006\267"
 145      1031C880 
 145      07B33FD5 
 145      5606B7
 146 00db 898396EE 		.ascii	"\211\203\226\356\262q\373\273\323\256\374\375\267\362"
 146      B271FBBB 
 146      D3AEFCFD 
 146      B7F2
 147 00e9 C17F2A1F 		.ascii	"\301\177*\037\202\207\322\247^\366|\220\305!\253\364"
 147      8287D2A7 
 147      5EF67C90 
 147      C521ABF4 
 148 00f9 C548E5B5 		.ascii	"\305H\345\265\323\262\264\233\302\\\367D\257bY\222("
ARM GAS  C:\Users\victo\AppData\Local\Temp\ccf85TOg.s 			page 11


 148      D3B2B49B 
 148      C25CF744 
 148      AF625992 
 148      28
 149 010a FC7233DF 		.ascii	"\374r3\337\307\233\007Pxi\270\353\225K\237\320\223K"
 149      C79B0750 
 149      7869B8EB 
 149      954B9FD0 
 149      934B
 150 011c F5FAAE1A 		.ascii	"\365\372\256\032\227`\304\326\037E\375,\2707'\207%k"
 150      9760C4D6 
 150      1F45FD2C 
 150      B8372787 
 150      256B
 151 012e C95F734E 		.ascii	"\311_sN%\211\023i\204G\320lO\003\036\203\002\270\021"
 151      25891369 
 151      8447D06C 
 151      4F031E83 
 151      02B811
 152 0141 19DD61EA 		.ascii	"\031\335a\352\365\372\330\314\215\241\275\302\305\321"
 152      F5FAD8CC 
 152      8DA1BDC2 
 152      C5D1
 153 014f 982C807A 		.ascii	"\230,\200z\222\350(\323\2420\312S\201\374j\010\024\007"
 153      92E828D3 
 153      A230CA53 
 153      81FC6A08 
 153      1407
 154 0161 D1065A18 		.ascii	"\321\006Z\030+\242\036=C\011\207\206\273\230\207\374"
 154      2BA21E3D 
 154      43098786 
 154      BB9887FC 
 155 0171 8F6B859C 		.ascii	"\217k\205\234\217\256\250rz\223\205\251\311\304v\352"
 155      8FAEA872 
 155      7A9385A9 
 155      C9C476EA 
 156 0181 41BD7E35 		.ascii	"A\275~5\255[},\026\337Nk\026\262<fg\277N\213~\3503\222"
 156      AD5B7D2C 
 156      16DF4E6B 
 156      16B23C66 
 156      67BF4E8B 
 157 0199 50E31A8C 		.ascii	"P\343\032\214a\017O\250\007x\012\375\300\346!Q\350\232"
 157      610F4FA8 
 157      07780AFD 
 157      C0E62151 
 157      E89A
 158 01ab 516C41A9 		.ascii	"QlA\251\212\203C\36235.\333DF\210\344\362Fj\025lB\367"
 158      8A8343F2 
 158      33352EDB 
 158      444688E4 
 158      F2466A15 
 159 01c2 2267B3C0 		.ascii	"\"g\263\300\255F\321<B;\347cn}3KC\245*\032 y\325F\016"
 159      AD46D13C 
 159      423BE763 
 159      6E7D334B 
 159      43A52A1A 
 160 01db A4945649 		.ascii	"\244\224VI\255J6i\260\324\034\010\363\335\357w\022\333"
ARM GAS  C:\Users\victo\AppData\Local\Temp\ccf85TOg.s 			page 12


 160      AD4A3669 
 160      B0D41C08 
 160      F3DDEF77 
 160      12DB
 161 01ed 62D730E5 		.ascii	"b\3270\345\255\206\237\241a\254b\0050\314w\307(\237"
 161      AD869FA1 
 161      61AC6205 
 161      30CC77C7 
 161      289F
 162 01ff 9EA1C881 		.ascii	"\236\241\310\201f\203\223\332\323\0328\022\212\204b"
 162      668393DA 
 162      D31A3812 
 162      8A8462
 163 020e A7E3A18E 		.ascii	"\247\343\241\216\240?z1\326\036\012\370\374Q\357\201"
 163      A03F7A31 
 163      D61E0AF8 
 163      FC51EF81 
 164 021e C0A9B693 		.ascii	"\300\251\266\223\376\240/\350=q\374h\320\267\277\265"
 164      FEA02FE8 
 164      3D71FC68 
 164      D0B7BFB5 
 165 022e 9D69E7A3 		.ascii	"\235i\347\243\027\302\361p4\"\235\213v\204\324p$\036"
 165      17C2F170 
 165      34229D8B 
 165      7684D470 
 165      241E
 166 0240 F39E39FB 		.ascii	"\363\2369\373\007r[\000\242"
 166      07725B00 
 166      A2
 167              		.text
 168              		.section	.gnu.lto_VBUS_P_CTRL_P2_ClearInterrupt.91bc7322,"",%progbits
 169 0000 789C6590 		.ascii	"x\234e\220OHTQ\024\306\317w\356\374\243\021\211V2\233"
 169      4F485451 
 169      14C6CF77 
 169      EEFCA311 
 169      8956329B 
 170 0014 162EA448 		.ascii	"\026.\244H\027\321\246\226\271h\343bh\252\325\3000\350"
 170      17D1A696 
 170      B968E362 
 170      68AAD5C0 
 170      30E8
 171 0026 5B4509E3 		.ascii	"[E\011\343\270\315;69V \303D \205\213\026\221ie\333"
 171      B8CD3B36 
 171      395620C3 
 171      4420858B 
 171      16916965 
 172 003b 0243A690 		.ascii	"\002C\246\220\026\242\210\220b1)*\325F\022c\352\221"
 172      16A28890 
 172      6231292A 
 172      D5461263 
 172      EA91
 173 004d FA3CE73D 		.ascii	"\372<\347=\027\212\027\336\273\367}\357|\337\371\335"
 173      178A17DE 
 173      BBF77DEF 
 173      7CDFF9DD 
 174 005d 63E8F84A 		.ascii	"c\350\370J\310\363\025D\027e\207!py\226\250\020c@\017"
 174      C8F31544 
ARM GAS  C:\Users\victo\AppData\Local\Temp\ccf85TOg.s 			page 13


 174      17658721 
 174      707996A8 
 174      1063400F 
 175 0071 04EA63F4 		.ascii	"\004\352c\364\341\027o1f\336\355-\240\345\271\265\375"
 175      E1176F31 
 175      66DEED2D 
 175      A0E5B9B5 
 175      FD
 176 0082 BFABFFBF 		.ascii	"\277\253\377\277\305\3575\271L\264\315\204s\011\234"
 176      C5EF35B9 
 176      4CB4CD84 
 176      73099C
 177 0091 D11CBC40 		.ascii	"\321\034\274@\013I\341\343\265\373\2330\255\320s\335"
 177      0B49E1E3 
 177      B5FB9B30 
 177      ADD073DD 
 178 00a1 7B38166B 		.ascii	"{8\026k~&\246\225Zi:n\207mq\305\363N\213\025\2430\207"
 178      7E26A695 
 178      5A693A6E 
 178      876D71C5 
 178      F34E8B15 
 179 00b8 DDBAC4B0 		.ascii	"\335\272\304\260U\334]\214G\212\326\332\223x\211fm "
 179      55DC5D8C 
 179      478AD6DA 
 179      93788966 
 179      6D20
 180 00ca C9638808 		.ascii	"\311c\210\010$T\23185e=o{\363\321\350%\023crY\260]\346"
 180      24549938 
 180      35653D6F 
 180      7BF3D1E8 
 180      25136372 
 181 00e2 10E9CFB0 		.ascii	"\020\351\317\260~GI\311h]^z\211\015f\335\3152\252\365"
 181      7E4749C9 
 181      685D5E7A 
 181      890D66DD 
 181      CD32AAF5 
 182 00f6 07F5C93B 		.ascii	"\007\365\311;\032\366\227\365F\225\331\325\241\306\237"
 182      1AF697F5 
 182      4695D9D5 
 182      A1C69F
 183 0105 ECB2290F 		.ascii	"\354\262)\017\226mH\333\177_\237\233\217\371\222O\363"
 183      966D48DB 
 183      7F5F9F9B 
 183      8FF9924F 
 183      F3
 184 0116 7177FC07 		.ascii	"qw\374\007\217\340i\241\010\227C\030G\002\257 \264x"
 184      8FE069A1 
 184      08974318 
 184      4702AF20 
 184      B478
 185 0128 8D11D032 		.ascii	"\215\021\3202\372\227J;\034\004\032\311\024\345\356"
 185      FA974A3B 
 185      1C041AC9 
 185      14E5EE
 186 0137 BF814F08 		.ascii	"\277\201O\010\224\220\210\222\361\276\362y8\242\221"
 186      94908892 
 186      F1BEF279 
ARM GAS  C:\Users\victo\AppData\Local\Temp\ccf85TOg.s 			page 14


 186      38A291
 187 0146 CAF846DC 		.ascii	"\312\370F\334_\340[\224W\2124\245V\332\233\314\005\246"
 187      5FE05B94 
 187      578A34A5 
 187      56DA9BCC 
 187      05A6
 188 0158 7020552B 		.ascii	"p U+~\310\021\204\302\024\037\205\230\020\010qh\327"
 188      7EC81184 
 188      C2141F85 
 188      98100871 
 188      68D7
 189 016a DAC0F487 		.ascii	"\332\300\364\207\023ABT\022\304\367dq\343\217\321\266"
 189      13414254 
 189      12C4F764 
 189      71E38FD1 
 189      B6
 190 017b 6119F25B 		.ascii	"a\031\362[\251\257\341\200+\352\017\007:\024\031\321"
 190      A9AFE180 
 190      2BEA0F07 
 190      3A1419D1 
 191 018b D9B6F415 		.ascii	"\331\266\364\025\347\266\223\313\346\235\256L\252\273"
 191      E7B693CB 
 191      E69DAE4C 
 191      AABB
 192 0199 37D7E9A4 		.ascii	"7\327\351\244\223\251\356\366\013\351\033\227\257\247"
 192      93A9EEF6 
 192      0BE91B97 
 192      AFA7
 193 01a7 32C94CFB 		.ascii	"2\311L\373\265\253\035\231\344\371\266Nj\270\225\355"
 193      B5AB1D99 
 193      E4F9B64E 
 193      6AB895ED 
 194 01b7 B9E974A5 		.ascii	"\271\351t\245\362\331|o\317>O0\267\360"
 194      F2D97C6F 
 194      CF3E4F30 
 194      B7F0
 195              		.text
 196              		.section	.gnu.lto_.symbol_nodes.91bc7322,"",%progbits
 197 0000 789C55C7 		.ascii	"x\234U\307;\015\000 \020D\301w\037\022tbd-\240\200\240"
 197      3B0D0020 
 197      1044C177 
 197      1F127462 
 197      642DA080 
 198 0015 084D3414 		.ascii	"\010M4\024\334t\023\300\340q\004\363\200\304\332\035"
 198      DC7413C0 
 198      E07104F3 
 198      80C4DA1D 
 199 0025 3759B9CB 		.ascii	"7Y\271\313\313CQ\236\312\362\246\366\237\013\351b\031"
 199      CB43519E 
 199      CAF2A6F6 
 199      9F0BE962 
 199      19
 200 0036 56       		.ascii	"V"
 201              		.text
 202              		.section	.gnu.lto_.refs.91bc7322,"",%progbits
 203 0000 789C6366 		.ascii	"x\234cf```d\200\002\000\000=\000\005"
 203      60606064 
ARM GAS  C:\Users\victo\AppData\Local\Temp\ccf85TOg.s 			page 15


 203      80020000 
 203      3D0005
 204              		.text
 205              		.section	.gnu.lto_.decls.91bc7322,"",%progbits
 206 0000 789C8D54 		.ascii	"x\234\215T\177L[U\024\276\347\335\266\320G\245K4\314"
 206      7F4C5B55 
 206      14BEE7DD 
 206      B6D047A5 
 206      4B34CC
 207 0013 54CD4A4C 		.ascii	"T\315JL\210\032B20\306\177\214\211,\231\0325\0158\375"
 207      881A4232 
 207      30C67F8C 
 207      892C991A 
 207      350D38FD 
 208 0027 63244D03 		.ascii	"c$M\003/\223\304\300R\213\311\374\353\216F\207\272L"
 208      2F93C4C0 
 208      528BC9FC 
 208      EB8E4687 
 208      BA4C
 209 0039 44167E4C 		.ascii	"D\026~L\007q\2701\266\261\015*\254\300\272\002\303n"
 209      0771B831 
 209      B6B10D2A 
 209      ACC0BA02 
 209      C36E
 210 004b 020A993A 		.ascii	"\002\012\231:\207?\2009\304\004\347p\220\270\005\263"
 210      873F8039 
 210      C404E770 
 210      90B805B3 
 211 005b E7B9F7BD 		.ascii	"\347\271\367\275\327>\340-\356&\247}\367\364~\337\371"
 211      D73EE02D 
 211      EE26A77D 
 211      F7F47EDF 
 211      F9
 212 006c CEF9EE2B 		.ascii	"\316\371\356+%\204\264\003!*\256;6B\334\370\234\206"
 212      2584B403 
 212      212AAE3B 
 212      3642DCF8 
 212      9C86
 213 007e 391F492D 		.ascii	"9\037I-\007F\027F\004\243\027#\2121\2141B\326\257.\375"
 213      07461746 
 213      04A31723 
 213      8A318C31 
 213      42D6AF2E 
 214 0093 3CC79FC0 		.ascii	"<\307\237\300\310\306\230\304\230\300xQ?\003\372\271"
 214      C8C698C4 
 214      98C07851 
 214      3F03FAB9 
 215 00a3 B52B6281 		.ascii	"\265+b\201\3152\341\015l\304\002\313u\331\377\247f\257"
 215      CD32E10D 
 215      6CC402CB 
 215      75D9FFA7 
 215      66AF
 216 00b5 052E7A0F 		.ascii	"\005.z\017\270\250\005\216\367\357\324\265fb\2700b\030"
 216      B8A8058E 
 216      F7EFD4B5 
 216      6662B830 
 216      6218
ARM GAS  C:\Users\victo\AppData\Local\Temp\ccf85TOg.s 			page 16


 217 00c7 E33A8FD7 		.ascii	"\343:\217\327B\367\260\005\317\210\336\263U\277f\015"
 217      42F7B005 
 217      CF88DEB3 
 217      55BF660D 
 218 00d7 56B3FE5B 		.ascii	"V\263\376[\202\321\253\267\226\\\177H\220)o\340\333"
 218      82D1ABB7 
 218      965C7F48 
 218      90296FE0 
 218      DB
 219 00e8 E6CB73CB 		.ascii	"\346\313s\313\024\267.Y\342\333\037\316\355\331\223"
 219      14B72E59 
 219      E2DB1FCE 
 219      EDD993
 220 00f7 4E25E0CF 		.ascii	"N%\340\317\207\032g\277\223s;\030c5,\036\207\024\305"
 220      871A67BF 
 220      93733B18 
 220      63352C1E 
 220      8714C5
 221 010a EEC3FD7B 		.ascii	"\356\303\375{\323\020\223%\213\355\276\321\346A*\266"
 221      D3109325 
 221      8BEDBED1 
 221      E6412AB6 
 222 011a 2AC74957 		.ascii	"*\307IW\256\324\337\246 \347\3240V\315\026\353\030}"
 222      AED4DFA6 
 222      20E7D430 
 222      56CD16EB 
 222      187D
 223 012c 9040AE07 		.ascii	"\220@\256\007\036\367\020\350\204\034<\006\035\220K"
 223      1EF710E8 
 223      841C3C06 
 223      1D904B
 224 013b E01878E0 		.ascii	"\340\030x\3408xH\033\026XlY\234z\2301\033\234\000\031"
 224      3878481B 
 224      16586C59 
 224      9C7A9831 
 224      1B9C0019 
 225 014f 8E021527 		.ascii	"\216\002\025'\260\015^A/Z\373\356`\255\315&a\222\237"
 225      B00D5E41 
 225      2F5AFBEE 
 225      60ADCD26 
 225      61929F
 226 0162 D96EE3B9 		.ascii	"\331n\343\271\261\206O\20726\356g|\205\331\006\011|"
 226      B1864F87 
 226      3236EE67 
 226      7C85D906 
 226      097C
 227 0174 59700469 		.ascii	"Yp\004i\333\221\226\300)\330\210\237'\301\246\021\334"
 227      DB9196C0 
 227      29D8889F 
 227      27C1A611 
 227      DC
 228 0185 58589977 		.ascii	"XX\231w\320\002\321Z\375\361\017o\334\347=\310ZO-\266"
 228      D002D15A 
 228      FDF10F6F 
 228      DCE73DC8 
 228      5A4F2DB6 
 229 0199 847FF77D 		.ascii	"\204\177\367}\034f\365lFU7\011\020\234N\012 \374Y\233"
ARM GAS  C:\Users\victo\AppData\Local\Temp\ccf85TOg.s 			page 17


 229      1C66F56C 
 229      46553709 
 229      109C4E0A 
 229      20FC599B 
 230 01ad 68177811 		.ascii	"h\027x\021X\335\271\264\224A\337\021$\237\364%\230M"
 230      58DDB9B4 
 230      9441DF11 
 230      249FF425 
 230      984D
 231 01bf 90CC4C0F 		.ascii	"\220\314L\017+\361j\366\257\252R\215\241\333\304\320"
 231      2BF16AF6 
 231      AFAA528D 
 231      A1DBC4D0 
 232 01cf 6D304404 		.ascii	"m0D\004\303\370\261\213\357\201Y3o'%\372K!z\273\256"
 232      C3F8B18B 
 232      EF815933 
 232      6F2725FA 
 232      4B217ABB 
 233 01e4 79DFE7D1 		.ascii	"y\337\347\321_\323\351G \352\305N\376r M\253\3278\227"
 233      5FD3E947 
 233      20EAC54E 
 233      FE72204D 
 233      ABD73897 
 234 01f8 AA8708E8 		.ascii	"\252\207\010\3501\325\3531\352\365\212zg/uL\246\323"
 234      31D5EB31 
 234      EAF58A7A 
 234      672F754C 
 234      A6D3
 235 020a 431AC5B5 		.ascii	"C\032\305\265\371X\304-(Z\307\276p\264\263\270\252>"
 235      F958C42D 
 235      285AC7BE 
 235      70B4B3B8 
 235      AA3E
 236 021c 2B08CE98 		.ascii	"+\010\316\230\010\316\030\004QA\360\331\315\277\006"
 236      08CE1804 
 236      5141F0D9 
 236      CDBF06
 237 022b 9C34A611 		.ascii	"\2344\246\021\030\326{5\353\033\026nE\322\305\226KA"
 237      18D67B35 
 237      EB1B166E 
 237      45D2C596 
 237      4B41
 238 023d EF0F4FFC 		.ascii	"\357\017O\374\323\234\0119\262f\352M\315\324\030v\330"
 238      D39C0939 
 238      B266EA4D 
 238      CDD41876 
 238      D8
 239 024e 9732D5AB 		.ascii	"\2272\325\253\233*\356\007\316\300\376\030I\016\000"
 239      9B2AEE07 
 239      CEC0FE18 
 239      490E00
 240 025d CEE20DF1 		.ascii	"\316\342\015\361\3527\244\037\223\003\230\304B-\211"
 240      EA37A41F 
 240      930398C4 
 240      422D89
 241 026c 3FBF770B 		.ascii	"?\277w\013\367cI\367\247.\375t\324\231\314\235\003\221"
 241      F76349F7 
ARM GAS  C:\Users\victo\AppData\Local\Temp\ccf85TOg.s 			page 18


 241      A72EFD74 
 241      D499CC9D 
 241      0391
 242 027e 3CA8C6A2 		.ascii	"<\250\306\242\266\273^\211A1\335\270q%V\246\022\263"
 242      B6BB5E89 
 242      4131DDB8 
 242      712556A6 
 242      12B3
 243 0290 6E3AA2B5 		.ascii	"n:\242\265v\244\277\351*\350w\342\267\371\315M\254u"
 243      76A4BFE9 
 243      2AE877E2 
 243      B7F9CD4D 
 243      AC75
 244 02a2 37BBA3E2 		.ascii	"7\273\243\342\225\346(\0302\015h\310\030\320\260\030"
 244      95E62818 
 244      320D68C8 
 244      18D0B018 
 245 02b2 50D3F570 		.ascii	"P\323\365p'\3209\215e\260a\372\031\315\243\237\347W"
 245      27D0398D 
 245      65B061FA 
 245      19CDA39F 
 245      E757
 246 02c4 7B74DEC4 		.ascii	"{t\336\304p\336`\030\021\014\321\316\345\361\014\361"
 246      70DE6018 
 246      110CD1CE 
 246      E5F10CF1 
 247 02d4 4E7A3947 		.ascii	"Nz9G_\335\205F\207x'EK5u=\013v\032\226V\031\220\255"
 247      5FDD8546 
 247      87782745 
 247      4B35753D 
 247      0B761A96 
 248 02ec 19307DE0 		.ascii	"\0310}\340v\233Sl\371\337\261\233\247f\177\274<\220"
 248      769B536C 
 248      F9DFB19B 
 248      A7667FBC 
 248      3C90
 249 02fe 46DF17C7 		.ascii	"F\337\027\307\245\353\365\325jF\322\217e\315\217q\034"
 249      A5EBF5D5 
 249      6A46D28F 
 249      65CD8F71 
 249      1C
 250 030f D768CA8F 		.ascii	"\327h\312\217l\263\037\265a\346|\236\300W8\262\004\367"
 250      6CB31FB5 
 250      61E67C9E 
 250      C05738B2 
 250      04F7
 251 0321 630CFDC8 		.ascii	"c\014\375\310\326\375\270\210\311\2575?\242\373'\023"
 251      D6FDB888 
 251      C9AF353F 
 251      A2FB2713 
 252 0331 B25CC367 		.ascii	"\262\\\303g|o\010)\336]\273\342\322\225\314\354\355"
 252      7C6F0829 
 252      DE5DBBE2 
 252      D295CCEC 
 252      ED
 253 0342 6E93B892 		.ascii	"n\223\270\222\011Tr!\245\344\033HIYO\374\255\265\224"
 253      09547221 
ARM GAS  C:\Users\victo\AppData\Local\Temp\ccf85TOg.s 			page 19


 253      A5E41B48 
 253      49594FFC 
 253      ADB594
 254 0355 B96B2D2B 		.ascii	"\271k-+\016\327\007I\361\202\324\000\021\230\004\227"
 254      0ED70749 
 254      F182D400 
 254      11980497 
 255 0365 9834FFB6 		.ascii	"\2304\377\266W\225W\204\236vl}e\233\267\220<\232W\262"
 255      57955784 
 255      9E766C7D 
 255      659BB790 
 255      3C9A57B2 
 256 0379 55A95082 		.ascii	"U\251P\202\201\220R\346/\256\254\012\226*%\276\342\312"
 256      819052E6 
 256      2FAEAC0A 
 256      962A25BE 
 256      E2CA
 257 038b C2274B4A 		.ascii	"\302'KJw\205v\355T\336\312{\203<\364\332s\333\212\375"
 257      778576ED 
 257      54DECA7B 
 257      833CF4DA 
 257      73DB8AFD 
 258 039f 3E7FE1AB 		.ascii	">\177\341\253E/\371}\371\376b%\264%X\376\266\362re\231"
 258      452FF97D 
 258      F9FE6225 
 258      B42558FE 
 258      B6F27265 
 259 03b4 F2C45DF1 		.ascii	"\362\304]\361\253Ay\245\344\20154\257\007\313C\312\375"
 259      AB4179A5 
 259      E4813534 
 259      AF07CB43 
 259      CAFD
 260 03c6 6B92454A 		.ascii	"k\222EJ\240\314c\221\333\022\010\005\212\224\035\016"
 260      A0CC6391 
 260      DB120805 
 260      8A941D0E 
 261 03d6 AE7DF353 		.ascii	"\256}\363S\233\326+z\241\"\244\004\203U;C\\\325#k~/"
 261      9BD62B7A 
 261      A122A404 
 261      83553B43 
 261      5CD5236B 
 262 03ec 7C530904 		.ascii	"|S\011\004\223'\354AeGA\276\240*\310\377\017*\026\005"
 262      9327EC41 
 262      654741BE 
 262      A02AC8FF 
 262      0F2A1605 
 263 0400 53       		.ascii	"S"
 264              		.text
 265              		.section	.gnu.lto_.symtab.91bc7322,"",%progbits
 266 0000 56425553 		.ascii	"VBUS_P_CTRL_P2_SetDriveMode\000\000\000\000\000\000"
 266      5F505F43 
 266      54524C5F 
 266      50325F53 
 266      65744472 
 267 0021 00000000 		.ascii	"\000\000\000\000\000\000\262\000\000\000VBUS_P_CTRL"
 267      0000B200 
 267      00005642 
ARM GAS  C:\Users\victo\AppData\Local\Temp\ccf85TOg.s 			page 20


 267      55535F50 
 267      5F435452 
 268 0036 5F50325F 		.ascii	"_P2_Write\000\000\000\000\000\000\000\000\000\000\000"
 268      57726974 
 268      65000000 
 268      00000000 
 268      00000000 
 269 004a 00B40000 		.ascii	"\000\264\000\000\000VBUS_P_CTRL_P2_Read\000\000\000"
 269      00564255 
 269      535F505F 
 269      4354524C 
 269      5F50325F 
 270 0065 00000000 		.ascii	"\000\000\000\000\000\000\000\000\000\267\000\000\000"
 270      00000000 
 270      00B70000 
 270      00
 271 0072 56425553 		.ascii	"VBUS_P_CTRL_P2_ReadDataReg\000\000\000\000\000\000\000"
 271      5F505F43 
 271      54524C5F 
 271      50325F52 
 271      65616444 
 272 0093 00000000 		.ascii	"\000\000\000\000\000\271\000\000\000VBUS_P_CTRL_P2_"
 272      00B90000 
 272      00564255 
 272      535F505F 
 272      4354524C 
 273 00ab 53657449 		.ascii	"SetInterruptMode\000\000\000\000\000\000\000\000\000"
 273      6E746572 
 273      72757074 
 273      4D6F6465 
 273      00000000 
 274 00c4 000000C3 		.ascii	"\000\000\000\303\000\000\000VBUS_P_CTRL_P2_ClearInt"
 274      00000056 
 274      4255535F 
 274      505F4354 
 274      524C5F50 
 275 00e2 65727275 		.ascii	"errupt\000\000\000\000\000\000\000\000\000\000\000\000"
 275      70740000 
 275      00000000 
 275      00000000 
 275      0000
 276 00f4 C5000000 		.ascii	"\305\000\000\000"
 277              		.text
 278              		.section	.gnu.lto_.opts,"",%progbits
 279 0000 272D666E 		.ascii	"'-fno-trapv' '-mcpu=cortex-m0' '-mthumb' '-g' '-Os'"
 279      6F2D7472 
 279      61707627 
 279      20272D6D 
 279      6370753D 
 280 0033 20272D57 		.ascii	" '-Werror' '-ffunction-sections' '-finline-function"
 280      6572726F 
 280      72272027 
 280      2D666675 
 280      6E637469 
 281 0066 73272027 		.ascii	"s' '-flto' '-ffat-lto-objects' '-fno-strict-aliasin"
 281      2D666C74 
 281      6F272027 
ARM GAS  C:\Users\victo\AppData\Local\Temp\ccf85TOg.s 			page 21


 281      2D666661 
 281      742D6C74 
 282 0099 672700   		.ascii	"g'\000"
 283              		.text
 284              		.cfi_sections	.debug_frame
 285              		.section	.text.VBUS_P_CTRL_P2_SetDriveMode,"ax",%progbits
 286              		.align	1
 287              		.global	VBUS_P_CTRL_P2_SetDriveMode
 288              		.code	16
 289              		.thumb_func
 290              		.type	VBUS_P_CTRL_P2_SetDriveMode, %function
 291              	VBUS_P_CTRL_P2_SetDriveMode:
 292              	.LFB0:
 293              		.file 1 ".\\Generated_Source\\PSoC4\\VBUS_P_CTRL_P2.c"
   1:.\Generated_Source\PSoC4/VBUS_P_CTRL_P2.c **** /*******************************************************************************
   2:.\Generated_Source\PSoC4/VBUS_P_CTRL_P2.c **** * File Name: VBUS_P_CTRL_P2.c  
   3:.\Generated_Source\PSoC4/VBUS_P_CTRL_P2.c **** * Version 2.20
   4:.\Generated_Source\PSoC4/VBUS_P_CTRL_P2.c **** *
   5:.\Generated_Source\PSoC4/VBUS_P_CTRL_P2.c **** * Description:
   6:.\Generated_Source\PSoC4/VBUS_P_CTRL_P2.c **** *  This file contains API to enable firmware control of a Pins component.
   7:.\Generated_Source\PSoC4/VBUS_P_CTRL_P2.c **** *
   8:.\Generated_Source\PSoC4/VBUS_P_CTRL_P2.c **** ********************************************************************************
   9:.\Generated_Source\PSoC4/VBUS_P_CTRL_P2.c **** * Copyright 2008-2015, Cypress Semiconductor Corporation.  All rights reserved.
  10:.\Generated_Source\PSoC4/VBUS_P_CTRL_P2.c **** * You may use this file only in accordance with the license, terms, conditions, 
  11:.\Generated_Source\PSoC4/VBUS_P_CTRL_P2.c **** * disclaimers, and limitations in the end user license agreement accompanying 
  12:.\Generated_Source\PSoC4/VBUS_P_CTRL_P2.c **** * the software package with which this file was provided.
  13:.\Generated_Source\PSoC4/VBUS_P_CTRL_P2.c **** *******************************************************************************/
  14:.\Generated_Source\PSoC4/VBUS_P_CTRL_P2.c **** 
  15:.\Generated_Source\PSoC4/VBUS_P_CTRL_P2.c **** #include "cytypes.h"
  16:.\Generated_Source\PSoC4/VBUS_P_CTRL_P2.c **** #include "VBUS_P_CTRL_P2.h"
  17:.\Generated_Source\PSoC4/VBUS_P_CTRL_P2.c **** 
  18:.\Generated_Source\PSoC4/VBUS_P_CTRL_P2.c **** 
  19:.\Generated_Source\PSoC4/VBUS_P_CTRL_P2.c **** #if defined(VBUS_P_CTRL_P2__PC)
  20:.\Generated_Source\PSoC4/VBUS_P_CTRL_P2.c ****     #define VBUS_P_CTRL_P2_SetP4PinDriveMode(shift, mode)  \
  21:.\Generated_Source\PSoC4/VBUS_P_CTRL_P2.c ****     do { \
  22:.\Generated_Source\PSoC4/VBUS_P_CTRL_P2.c ****         VBUS_P_CTRL_P2_PC =   (VBUS_P_CTRL_P2_PC & \
  23:.\Generated_Source\PSoC4/VBUS_P_CTRL_P2.c ****                                 (uint32)(~(uint32)(VBUS_P_CTRL_P2_DRIVE_MODE_IND_MASK << \
  24:.\Generated_Source\PSoC4/VBUS_P_CTRL_P2.c ****                                 (VBUS_P_CTRL_P2_DRIVE_MODE_BITS * (shift))))) | \
  25:.\Generated_Source\PSoC4/VBUS_P_CTRL_P2.c ****                                 (uint32)((uint32)(mode) << \
  26:.\Generated_Source\PSoC4/VBUS_P_CTRL_P2.c ****                                 (VBUS_P_CTRL_P2_DRIVE_MODE_BITS * (shift))); \
  27:.\Generated_Source\PSoC4/VBUS_P_CTRL_P2.c ****     } while (0)
  28:.\Generated_Source\PSoC4/VBUS_P_CTRL_P2.c **** #else
  29:.\Generated_Source\PSoC4/VBUS_P_CTRL_P2.c ****     #if (CY_PSOC4_4200L)
  30:.\Generated_Source\PSoC4/VBUS_P_CTRL_P2.c ****         #define VBUS_P_CTRL_P2_SetP4PinDriveMode(shift, mode)  \
  31:.\Generated_Source\PSoC4/VBUS_P_CTRL_P2.c ****         do { \
  32:.\Generated_Source\PSoC4/VBUS_P_CTRL_P2.c ****             VBUS_P_CTRL_P2_USBIO_CTRL_REG = (VBUS_P_CTRL_P2_USBIO_CTRL_REG & \
  33:.\Generated_Source\PSoC4/VBUS_P_CTRL_P2.c ****                                     (uint32)(~(uint32)(VBUS_P_CTRL_P2_DRIVE_MODE_IND_MASK << \
  34:.\Generated_Source\PSoC4/VBUS_P_CTRL_P2.c ****                                     (VBUS_P_CTRL_P2_DRIVE_MODE_BITS * (shift))))) | \
  35:.\Generated_Source\PSoC4/VBUS_P_CTRL_P2.c ****                                     (uint32)((uint32)(mode) << \
  36:.\Generated_Source\PSoC4/VBUS_P_CTRL_P2.c ****                                     (VBUS_P_CTRL_P2_DRIVE_MODE_BITS * (shift))); \
  37:.\Generated_Source\PSoC4/VBUS_P_CTRL_P2.c ****         } while (0)
  38:.\Generated_Source\PSoC4/VBUS_P_CTRL_P2.c ****     #endif
  39:.\Generated_Source\PSoC4/VBUS_P_CTRL_P2.c **** #endif
  40:.\Generated_Source\PSoC4/VBUS_P_CTRL_P2.c ****   
  41:.\Generated_Source\PSoC4/VBUS_P_CTRL_P2.c **** 
  42:.\Generated_Source\PSoC4/VBUS_P_CTRL_P2.c **** #if defined(VBUS_P_CTRL_P2__PC) || (CY_PSOC4_4200L) 
  43:.\Generated_Source\PSoC4/VBUS_P_CTRL_P2.c ****     /*******************************************************************************
ARM GAS  C:\Users\victo\AppData\Local\Temp\ccf85TOg.s 			page 22


  44:.\Generated_Source\PSoC4/VBUS_P_CTRL_P2.c ****     * Function Name: VBUS_P_CTRL_P2_SetDriveMode
  45:.\Generated_Source\PSoC4/VBUS_P_CTRL_P2.c ****     ****************************************************************************//**
  46:.\Generated_Source\PSoC4/VBUS_P_CTRL_P2.c ****     *
  47:.\Generated_Source\PSoC4/VBUS_P_CTRL_P2.c ****     * \brief Sets the drive mode for each of the Pins component's pins.
  48:.\Generated_Source\PSoC4/VBUS_P_CTRL_P2.c ****     * 
  49:.\Generated_Source\PSoC4/VBUS_P_CTRL_P2.c ****     * <b>Note</b> This affects all pins in the Pins component instance. Use the
  50:.\Generated_Source\PSoC4/VBUS_P_CTRL_P2.c ****     * Per-Pin APIs if you wish to control individual pin's drive modes.
  51:.\Generated_Source\PSoC4/VBUS_P_CTRL_P2.c ****     *
  52:.\Generated_Source\PSoC4/VBUS_P_CTRL_P2.c ****     * <b>Note</b> USBIOs have limited drive functionality. Refer to the Drive Mode
  53:.\Generated_Source\PSoC4/VBUS_P_CTRL_P2.c ****     * parameter for more information.
  54:.\Generated_Source\PSoC4/VBUS_P_CTRL_P2.c ****     *
  55:.\Generated_Source\PSoC4/VBUS_P_CTRL_P2.c ****     * \param mode
  56:.\Generated_Source\PSoC4/VBUS_P_CTRL_P2.c ****     *  Mode for the selected signals. Valid options are documented in 
  57:.\Generated_Source\PSoC4/VBUS_P_CTRL_P2.c ****     *  \ref driveMode.
  58:.\Generated_Source\PSoC4/VBUS_P_CTRL_P2.c ****     *
  59:.\Generated_Source\PSoC4/VBUS_P_CTRL_P2.c ****     * \return
  60:.\Generated_Source\PSoC4/VBUS_P_CTRL_P2.c ****     *  None
  61:.\Generated_Source\PSoC4/VBUS_P_CTRL_P2.c ****     *
  62:.\Generated_Source\PSoC4/VBUS_P_CTRL_P2.c ****     * \sideeffect
  63:.\Generated_Source\PSoC4/VBUS_P_CTRL_P2.c ****     *  If you use read-modify-write operations that are not atomic, the ISR can
  64:.\Generated_Source\PSoC4/VBUS_P_CTRL_P2.c ****     *  cause corruption of this function. An ISR that interrupts this function 
  65:.\Generated_Source\PSoC4/VBUS_P_CTRL_P2.c ****     *  and performs writes to the Pins component Drive Mode registers can cause 
  66:.\Generated_Source\PSoC4/VBUS_P_CTRL_P2.c ****     *  corrupted port data. To avoid this issue, you should either use the Per-Pin
  67:.\Generated_Source\PSoC4/VBUS_P_CTRL_P2.c ****     *  APIs (primary method) or disable interrupts around this function.
  68:.\Generated_Source\PSoC4/VBUS_P_CTRL_P2.c ****     *
  69:.\Generated_Source\PSoC4/VBUS_P_CTRL_P2.c ****     * \funcusage
  70:.\Generated_Source\PSoC4/VBUS_P_CTRL_P2.c ****     *  \snippet VBUS_P_CTRL_P2_SUT.c usage_VBUS_P_CTRL_P2_SetDriveMode
  71:.\Generated_Source\PSoC4/VBUS_P_CTRL_P2.c ****     *******************************************************************************/
  72:.\Generated_Source\PSoC4/VBUS_P_CTRL_P2.c ****     void VBUS_P_CTRL_P2_SetDriveMode(uint8 mode)
  73:.\Generated_Source\PSoC4/VBUS_P_CTRL_P2.c ****     {
 294              		.loc 1 73 0
 295              		.cfi_startproc
 296              	.LVL0:
  74:.\Generated_Source\PSoC4/VBUS_P_CTRL_P2.c **** 		VBUS_P_CTRL_P2_SetP4PinDriveMode(VBUS_P_CTRL_P2__0__SHIFT, mode);
 297              		.loc 1 74 0
 298 0000 034A     		ldr	r2, .L2
 299 0002 044B     		ldr	r3, .L2+4
 300 0004 1168     		ldr	r1, [r2]
 301 0006 8001     		lsl	r0, r0, #6
 302              	.LVL1:
 303 0008 0B40     		and	r3, r1
 304 000a 1843     		orr	r0, r3
 305 000c 1060     		str	r0, [r2]
  75:.\Generated_Source\PSoC4/VBUS_P_CTRL_P2.c ****     }
 306              		.loc 1 75 0
 307              		@ sp needed
 308 000e 7047     		bx	lr
 309              	.L3:
 310              		.align	2
 311              	.L2:
 312 0010 08040440 		.word	1074005000
 313 0014 3FFEFFFF 		.word	-449
 314              		.cfi_endproc
 315              	.LFE0:
 316              		.size	VBUS_P_CTRL_P2_SetDriveMode, .-VBUS_P_CTRL_P2_SetDriveMode
 317              		.section	.text.VBUS_P_CTRL_P2_Write,"ax",%progbits
 318              		.align	1
ARM GAS  C:\Users\victo\AppData\Local\Temp\ccf85TOg.s 			page 23


 319              		.global	VBUS_P_CTRL_P2_Write
 320              		.code	16
 321              		.thumb_func
 322              		.type	VBUS_P_CTRL_P2_Write, %function
 323              	VBUS_P_CTRL_P2_Write:
 324              	.LFB1:
  76:.\Generated_Source\PSoC4/VBUS_P_CTRL_P2.c **** #endif
  77:.\Generated_Source\PSoC4/VBUS_P_CTRL_P2.c **** 
  78:.\Generated_Source\PSoC4/VBUS_P_CTRL_P2.c **** 
  79:.\Generated_Source\PSoC4/VBUS_P_CTRL_P2.c **** /*******************************************************************************
  80:.\Generated_Source\PSoC4/VBUS_P_CTRL_P2.c **** * Function Name: VBUS_P_CTRL_P2_Write
  81:.\Generated_Source\PSoC4/VBUS_P_CTRL_P2.c **** ****************************************************************************//**
  82:.\Generated_Source\PSoC4/VBUS_P_CTRL_P2.c **** *
  83:.\Generated_Source\PSoC4/VBUS_P_CTRL_P2.c **** * \brief Writes the value to the physical port (data output register), masking
  84:.\Generated_Source\PSoC4/VBUS_P_CTRL_P2.c **** *  and shifting the bits appropriately. 
  85:.\Generated_Source\PSoC4/VBUS_P_CTRL_P2.c **** *
  86:.\Generated_Source\PSoC4/VBUS_P_CTRL_P2.c **** * The data output register controls the signal applied to the physical pin in 
  87:.\Generated_Source\PSoC4/VBUS_P_CTRL_P2.c **** * conjunction with the drive mode parameter. This function avoids changing 
  88:.\Generated_Source\PSoC4/VBUS_P_CTRL_P2.c **** * other bits in the port by using the appropriate method (read-modify-write or
  89:.\Generated_Source\PSoC4/VBUS_P_CTRL_P2.c **** * bit banding).
  90:.\Generated_Source\PSoC4/VBUS_P_CTRL_P2.c **** *
  91:.\Generated_Source\PSoC4/VBUS_P_CTRL_P2.c **** * <b>Note</b> This function should not be used on a hardware digital output pin 
  92:.\Generated_Source\PSoC4/VBUS_P_CTRL_P2.c **** * as it is driven by the hardware signal attached to it.
  93:.\Generated_Source\PSoC4/VBUS_P_CTRL_P2.c **** *
  94:.\Generated_Source\PSoC4/VBUS_P_CTRL_P2.c **** * \param value
  95:.\Generated_Source\PSoC4/VBUS_P_CTRL_P2.c **** *  Value to write to the component instance.
  96:.\Generated_Source\PSoC4/VBUS_P_CTRL_P2.c **** *
  97:.\Generated_Source\PSoC4/VBUS_P_CTRL_P2.c **** * \return 
  98:.\Generated_Source\PSoC4/VBUS_P_CTRL_P2.c **** *  None 
  99:.\Generated_Source\PSoC4/VBUS_P_CTRL_P2.c **** *
 100:.\Generated_Source\PSoC4/VBUS_P_CTRL_P2.c **** * \sideeffect
 101:.\Generated_Source\PSoC4/VBUS_P_CTRL_P2.c **** *  If you use read-modify-write operations that are not atomic; the Interrupt 
 102:.\Generated_Source\PSoC4/VBUS_P_CTRL_P2.c **** *  Service Routines (ISR) can cause corruption of this function. An ISR that 
 103:.\Generated_Source\PSoC4/VBUS_P_CTRL_P2.c **** *  interrupts this function and performs writes to the Pins component data 
 104:.\Generated_Source\PSoC4/VBUS_P_CTRL_P2.c **** *  register can cause corrupted port data. To avoid this issue, you should 
 105:.\Generated_Source\PSoC4/VBUS_P_CTRL_P2.c **** *  either use the Per-Pin APIs (primary method) or disable interrupts around 
 106:.\Generated_Source\PSoC4/VBUS_P_CTRL_P2.c **** *  this function.
 107:.\Generated_Source\PSoC4/VBUS_P_CTRL_P2.c **** *
 108:.\Generated_Source\PSoC4/VBUS_P_CTRL_P2.c **** * \funcusage
 109:.\Generated_Source\PSoC4/VBUS_P_CTRL_P2.c **** *  \snippet VBUS_P_CTRL_P2_SUT.c usage_VBUS_P_CTRL_P2_Write
 110:.\Generated_Source\PSoC4/VBUS_P_CTRL_P2.c **** *******************************************************************************/
 111:.\Generated_Source\PSoC4/VBUS_P_CTRL_P2.c **** void VBUS_P_CTRL_P2_Write(uint8 value)
 112:.\Generated_Source\PSoC4/VBUS_P_CTRL_P2.c **** {
 325              		.loc 1 112 0
 326              		.cfi_startproc
 327              	.LVL2:
 113:.\Generated_Source\PSoC4/VBUS_P_CTRL_P2.c ****     uint8 drVal = (uint8)(VBUS_P_CTRL_P2_DR & (uint8)(~VBUS_P_CTRL_P2_MASK));
 328              		.loc 1 113 0
 329 0000 0423     		mov	r3, #4
 330 0002 0449     		ldr	r1, .L5
 114:.\Generated_Source\PSoC4/VBUS_P_CTRL_P2.c ****     drVal = (drVal | ((uint8)(value << VBUS_P_CTRL_P2_SHIFT) & VBUS_P_CTRL_P2_MASK));
 331              		.loc 1 114 0
 332 0004 8000     		lsl	r0, r0, #2
 333              	.LVL3:
 113:.\Generated_Source\PSoC4/VBUS_P_CTRL_P2.c ****     uint8 drVal = (uint8)(VBUS_P_CTRL_P2_DR & (uint8)(~VBUS_P_CTRL_P2_MASK));
 334              		.loc 1 113 0
 335 0006 0A68     		ldr	r2, [r1]
ARM GAS  C:\Users\victo\AppData\Local\Temp\ccf85TOg.s 			page 24


 115:.\Generated_Source\PSoC4/VBUS_P_CTRL_P2.c ****     VBUS_P_CTRL_P2_DR = (uint32)drVal;
 116:.\Generated_Source\PSoC4/VBUS_P_CTRL_P2.c **** }
 336              		.loc 1 116 0
 337              		@ sp needed
 113:.\Generated_Source\PSoC4/VBUS_P_CTRL_P2.c ****     drVal = (drVal | ((uint8)(value << VBUS_P_CTRL_P2_SHIFT) & VBUS_P_CTRL_P2_MASK));
 338              		.loc 1 113 0
 339 0008 9A43     		bic	r2, r3
 340 000a D2B2     		uxtb	r2, r2
 114:.\Generated_Source\PSoC4/VBUS_P_CTRL_P2.c ****     drVal = (drVal | ((uint8)(value << VBUS_P_CTRL_P2_SHIFT) & VBUS_P_CTRL_P2_MASK));
 341              		.loc 1 114 0
 342 000c 0340     		and	r3, r0
 115:.\Generated_Source\PSoC4/VBUS_P_CTRL_P2.c ****     VBUS_P_CTRL_P2_DR = (uint32)drVal;
 343              		.loc 1 115 0
 344 000e 1343     		orr	r3, r2
 345 0010 0B60     		str	r3, [r1]
 346              		.loc 1 116 0
 347 0012 7047     		bx	lr
 348              	.L6:
 349              		.align	2
 350              	.L5:
 351 0014 00040440 		.word	1074004992
 352              		.cfi_endproc
 353              	.LFE1:
 354              		.size	VBUS_P_CTRL_P2_Write, .-VBUS_P_CTRL_P2_Write
 355              		.section	.text.VBUS_P_CTRL_P2_Read,"ax",%progbits
 356              		.align	1
 357              		.global	VBUS_P_CTRL_P2_Read
 358              		.code	16
 359              		.thumb_func
 360              		.type	VBUS_P_CTRL_P2_Read, %function
 361              	VBUS_P_CTRL_P2_Read:
 362              	.LFB2:
 117:.\Generated_Source\PSoC4/VBUS_P_CTRL_P2.c **** 
 118:.\Generated_Source\PSoC4/VBUS_P_CTRL_P2.c **** 
 119:.\Generated_Source\PSoC4/VBUS_P_CTRL_P2.c **** /*******************************************************************************
 120:.\Generated_Source\PSoC4/VBUS_P_CTRL_P2.c **** * Function Name: VBUS_P_CTRL_P2_Read
 121:.\Generated_Source\PSoC4/VBUS_P_CTRL_P2.c **** ****************************************************************************//**
 122:.\Generated_Source\PSoC4/VBUS_P_CTRL_P2.c **** *
 123:.\Generated_Source\PSoC4/VBUS_P_CTRL_P2.c **** * \brief Reads the associated physical port (pin status register) and masks 
 124:.\Generated_Source\PSoC4/VBUS_P_CTRL_P2.c **** *  the required bits according to the width and bit position of the component
 125:.\Generated_Source\PSoC4/VBUS_P_CTRL_P2.c **** *  instance. 
 126:.\Generated_Source\PSoC4/VBUS_P_CTRL_P2.c **** *
 127:.\Generated_Source\PSoC4/VBUS_P_CTRL_P2.c **** * The pin's status register returns the current logic level present on the 
 128:.\Generated_Source\PSoC4/VBUS_P_CTRL_P2.c **** * physical pin.
 129:.\Generated_Source\PSoC4/VBUS_P_CTRL_P2.c **** *
 130:.\Generated_Source\PSoC4/VBUS_P_CTRL_P2.c **** * \return 
 131:.\Generated_Source\PSoC4/VBUS_P_CTRL_P2.c **** *  The current value for the pins in the component as a right justified number.
 132:.\Generated_Source\PSoC4/VBUS_P_CTRL_P2.c **** *
 133:.\Generated_Source\PSoC4/VBUS_P_CTRL_P2.c **** * \funcusage
 134:.\Generated_Source\PSoC4/VBUS_P_CTRL_P2.c **** *  \snippet VBUS_P_CTRL_P2_SUT.c usage_VBUS_P_CTRL_P2_Read  
 135:.\Generated_Source\PSoC4/VBUS_P_CTRL_P2.c **** *******************************************************************************/
 136:.\Generated_Source\PSoC4/VBUS_P_CTRL_P2.c **** uint8 VBUS_P_CTRL_P2_Read(void)
 137:.\Generated_Source\PSoC4/VBUS_P_CTRL_P2.c **** {
 363              		.loc 1 137 0
 364              		.cfi_startproc
 138:.\Generated_Source\PSoC4/VBUS_P_CTRL_P2.c ****     return (uint8)((VBUS_P_CTRL_P2_PS & VBUS_P_CTRL_P2_MASK) >> VBUS_P_CTRL_P2_SHIFT);
 365              		.loc 1 138 0
ARM GAS  C:\Users\victo\AppData\Local\Temp\ccf85TOg.s 			page 25


 366 0000 024B     		ldr	r3, .L8
 139:.\Generated_Source\PSoC4/VBUS_P_CTRL_P2.c **** }
 367              		.loc 1 139 0
 368              		@ sp needed
 138:.\Generated_Source\PSoC4/VBUS_P_CTRL_P2.c ****     return (uint8)((VBUS_P_CTRL_P2_PS & VBUS_P_CTRL_P2_MASK) >> VBUS_P_CTRL_P2_SHIFT);
 369              		.loc 1 138 0
 370 0002 1868     		ldr	r0, [r3]
 371 0004 4007     		lsl	r0, r0, #29
 372 0006 C00F     		lsr	r0, r0, #31
 373              		.loc 1 139 0
 374 0008 7047     		bx	lr
 375              	.L9:
 376 000a C046     		.align	2
 377              	.L8:
 378 000c 04040440 		.word	1074004996
 379              		.cfi_endproc
 380              	.LFE2:
 381              		.size	VBUS_P_CTRL_P2_Read, .-VBUS_P_CTRL_P2_Read
 382              		.section	.text.VBUS_P_CTRL_P2_ReadDataReg,"ax",%progbits
 383              		.align	1
 384              		.global	VBUS_P_CTRL_P2_ReadDataReg
 385              		.code	16
 386              		.thumb_func
 387              		.type	VBUS_P_CTRL_P2_ReadDataReg, %function
 388              	VBUS_P_CTRL_P2_ReadDataReg:
 389              	.LFB3:
 140:.\Generated_Source\PSoC4/VBUS_P_CTRL_P2.c **** 
 141:.\Generated_Source\PSoC4/VBUS_P_CTRL_P2.c **** 
 142:.\Generated_Source\PSoC4/VBUS_P_CTRL_P2.c **** /*******************************************************************************
 143:.\Generated_Source\PSoC4/VBUS_P_CTRL_P2.c **** * Function Name: VBUS_P_CTRL_P2_ReadDataReg
 144:.\Generated_Source\PSoC4/VBUS_P_CTRL_P2.c **** ****************************************************************************//**
 145:.\Generated_Source\PSoC4/VBUS_P_CTRL_P2.c **** *
 146:.\Generated_Source\PSoC4/VBUS_P_CTRL_P2.c **** * \brief Reads the associated physical port's data output register and masks 
 147:.\Generated_Source\PSoC4/VBUS_P_CTRL_P2.c **** *  the correct bits according to the width and bit position of the component 
 148:.\Generated_Source\PSoC4/VBUS_P_CTRL_P2.c **** *  instance. 
 149:.\Generated_Source\PSoC4/VBUS_P_CTRL_P2.c **** *
 150:.\Generated_Source\PSoC4/VBUS_P_CTRL_P2.c **** * The data output register controls the signal applied to the physical pin in 
 151:.\Generated_Source\PSoC4/VBUS_P_CTRL_P2.c **** * conjunction with the drive mode parameter. This is not the same as the 
 152:.\Generated_Source\PSoC4/VBUS_P_CTRL_P2.c **** * preferred VBUS_P_CTRL_P2_Read() API because the 
 153:.\Generated_Source\PSoC4/VBUS_P_CTRL_P2.c **** * VBUS_P_CTRL_P2_ReadDataReg() reads the data register instead of the status 
 154:.\Generated_Source\PSoC4/VBUS_P_CTRL_P2.c **** * register. For output pins this is a useful function to determine the value 
 155:.\Generated_Source\PSoC4/VBUS_P_CTRL_P2.c **** * just written to the pin.
 156:.\Generated_Source\PSoC4/VBUS_P_CTRL_P2.c **** *
 157:.\Generated_Source\PSoC4/VBUS_P_CTRL_P2.c **** * \return 
 158:.\Generated_Source\PSoC4/VBUS_P_CTRL_P2.c **** *  The current value of the data register masked and shifted into a right 
 159:.\Generated_Source\PSoC4/VBUS_P_CTRL_P2.c **** *  justified number for the component instance.
 160:.\Generated_Source\PSoC4/VBUS_P_CTRL_P2.c **** *
 161:.\Generated_Source\PSoC4/VBUS_P_CTRL_P2.c **** * \funcusage
 162:.\Generated_Source\PSoC4/VBUS_P_CTRL_P2.c **** *  \snippet VBUS_P_CTRL_P2_SUT.c usage_VBUS_P_CTRL_P2_ReadDataReg 
 163:.\Generated_Source\PSoC4/VBUS_P_CTRL_P2.c **** *******************************************************************************/
 164:.\Generated_Source\PSoC4/VBUS_P_CTRL_P2.c **** uint8 VBUS_P_CTRL_P2_ReadDataReg(void)
 165:.\Generated_Source\PSoC4/VBUS_P_CTRL_P2.c **** {
 390              		.loc 1 165 0
 391              		.cfi_startproc
 166:.\Generated_Source\PSoC4/VBUS_P_CTRL_P2.c ****     return (uint8)((VBUS_P_CTRL_P2_DR & VBUS_P_CTRL_P2_MASK) >> VBUS_P_CTRL_P2_SHIFT);
 392              		.loc 1 166 0
 393 0000 024B     		ldr	r3, .L11
ARM GAS  C:\Users\victo\AppData\Local\Temp\ccf85TOg.s 			page 26


 167:.\Generated_Source\PSoC4/VBUS_P_CTRL_P2.c **** }
 394              		.loc 1 167 0
 395              		@ sp needed
 166:.\Generated_Source\PSoC4/VBUS_P_CTRL_P2.c ****     return (uint8)((VBUS_P_CTRL_P2_DR & VBUS_P_CTRL_P2_MASK) >> VBUS_P_CTRL_P2_SHIFT);
 396              		.loc 1 166 0
 397 0002 1868     		ldr	r0, [r3]
 398 0004 4007     		lsl	r0, r0, #29
 399 0006 C00F     		lsr	r0, r0, #31
 400              		.loc 1 167 0
 401 0008 7047     		bx	lr
 402              	.L12:
 403 000a C046     		.align	2
 404              	.L11:
 405 000c 00040440 		.word	1074004992
 406              		.cfi_endproc
 407              	.LFE3:
 408              		.size	VBUS_P_CTRL_P2_ReadDataReg, .-VBUS_P_CTRL_P2_ReadDataReg
 409              		.section	.text.VBUS_P_CTRL_P2_SetInterruptMode,"ax",%progbits
 410              		.align	1
 411              		.global	VBUS_P_CTRL_P2_SetInterruptMode
 412              		.code	16
 413              		.thumb_func
 414              		.type	VBUS_P_CTRL_P2_SetInterruptMode, %function
 415              	VBUS_P_CTRL_P2_SetInterruptMode:
 416              	.LFB4:
 168:.\Generated_Source\PSoC4/VBUS_P_CTRL_P2.c **** 
 169:.\Generated_Source\PSoC4/VBUS_P_CTRL_P2.c **** 
 170:.\Generated_Source\PSoC4/VBUS_P_CTRL_P2.c **** /*******************************************************************************
 171:.\Generated_Source\PSoC4/VBUS_P_CTRL_P2.c **** * Function Name: VBUS_P_CTRL_P2_SetInterruptMode
 172:.\Generated_Source\PSoC4/VBUS_P_CTRL_P2.c **** ****************************************************************************//**
 173:.\Generated_Source\PSoC4/VBUS_P_CTRL_P2.c **** *
 174:.\Generated_Source\PSoC4/VBUS_P_CTRL_P2.c **** * \brief Configures the interrupt mode for each of the Pins component's
 175:.\Generated_Source\PSoC4/VBUS_P_CTRL_P2.c **** *  pins. Alternatively you may set the interrupt mode for all the pins
 176:.\Generated_Source\PSoC4/VBUS_P_CTRL_P2.c **** *  specified in the Pins component.
 177:.\Generated_Source\PSoC4/VBUS_P_CTRL_P2.c **** *
 178:.\Generated_Source\PSoC4/VBUS_P_CTRL_P2.c **** *  <b>Note</b> The interrupt is port-wide and therefore any enabled pin
 179:.\Generated_Source\PSoC4/VBUS_P_CTRL_P2.c **** *  interrupt may trigger it.
 180:.\Generated_Source\PSoC4/VBUS_P_CTRL_P2.c **** *
 181:.\Generated_Source\PSoC4/VBUS_P_CTRL_P2.c **** * \param position
 182:.\Generated_Source\PSoC4/VBUS_P_CTRL_P2.c **** *  The pin position as listed in the Pins component. You may OR these to be 
 183:.\Generated_Source\PSoC4/VBUS_P_CTRL_P2.c **** *  able to configure the interrupt mode of multiple pins within a Pins 
 184:.\Generated_Source\PSoC4/VBUS_P_CTRL_P2.c **** *  component. Or you may use VBUS_P_CTRL_P2_INTR_ALL to configure the
 185:.\Generated_Source\PSoC4/VBUS_P_CTRL_P2.c **** *  interrupt mode of all the pins in the Pins component.       
 186:.\Generated_Source\PSoC4/VBUS_P_CTRL_P2.c **** *  - VBUS_P_CTRL_P2_0_INTR       (First pin in the list)
 187:.\Generated_Source\PSoC4/VBUS_P_CTRL_P2.c **** *  - VBUS_P_CTRL_P2_1_INTR       (Second pin in the list)
 188:.\Generated_Source\PSoC4/VBUS_P_CTRL_P2.c **** *  - ...
 189:.\Generated_Source\PSoC4/VBUS_P_CTRL_P2.c **** *  - VBUS_P_CTRL_P2_INTR_ALL     (All pins in Pins component)
 190:.\Generated_Source\PSoC4/VBUS_P_CTRL_P2.c **** *
 191:.\Generated_Source\PSoC4/VBUS_P_CTRL_P2.c **** * \param mode
 192:.\Generated_Source\PSoC4/VBUS_P_CTRL_P2.c **** *  Interrupt mode for the selected pins. Valid options are documented in
 193:.\Generated_Source\PSoC4/VBUS_P_CTRL_P2.c **** *  \ref intrMode.
 194:.\Generated_Source\PSoC4/VBUS_P_CTRL_P2.c **** *
 195:.\Generated_Source\PSoC4/VBUS_P_CTRL_P2.c **** * \return 
 196:.\Generated_Source\PSoC4/VBUS_P_CTRL_P2.c **** *  None
 197:.\Generated_Source\PSoC4/VBUS_P_CTRL_P2.c **** *  
 198:.\Generated_Source\PSoC4/VBUS_P_CTRL_P2.c **** * \sideeffect
 199:.\Generated_Source\PSoC4/VBUS_P_CTRL_P2.c **** *  It is recommended that the interrupt be disabled before calling this 
ARM GAS  C:\Users\victo\AppData\Local\Temp\ccf85TOg.s 			page 27


 200:.\Generated_Source\PSoC4/VBUS_P_CTRL_P2.c **** *  function to avoid unintended interrupt requests. Note that the interrupt
 201:.\Generated_Source\PSoC4/VBUS_P_CTRL_P2.c **** *  type is port wide, and therefore will trigger for any enabled pin on the 
 202:.\Generated_Source\PSoC4/VBUS_P_CTRL_P2.c **** *  port.
 203:.\Generated_Source\PSoC4/VBUS_P_CTRL_P2.c **** *
 204:.\Generated_Source\PSoC4/VBUS_P_CTRL_P2.c **** * \funcusage
 205:.\Generated_Source\PSoC4/VBUS_P_CTRL_P2.c **** *  \snippet VBUS_P_CTRL_P2_SUT.c usage_VBUS_P_CTRL_P2_SetInterruptMode
 206:.\Generated_Source\PSoC4/VBUS_P_CTRL_P2.c **** *******************************************************************************/
 207:.\Generated_Source\PSoC4/VBUS_P_CTRL_P2.c **** void VBUS_P_CTRL_P2_SetInterruptMode(uint16 position, uint16 mode)
 208:.\Generated_Source\PSoC4/VBUS_P_CTRL_P2.c **** {
 417              		.loc 1 208 0
 418              		.cfi_startproc
 419              	.LVL4:
 209:.\Generated_Source\PSoC4/VBUS_P_CTRL_P2.c ****     uint32 intrCfg;
 210:.\Generated_Source\PSoC4/VBUS_P_CTRL_P2.c ****     
 211:.\Generated_Source\PSoC4/VBUS_P_CTRL_P2.c ****     intrCfg =  VBUS_P_CTRL_P2_INTCFG & (uint32)(~(uint32)position);
 420              		.loc 1 211 0
 421 0000 034A     		ldr	r2, .L14
 212:.\Generated_Source\PSoC4/VBUS_P_CTRL_P2.c ****     VBUS_P_CTRL_P2_INTCFG = intrCfg | ((uint32)position & (uint32)mode);
 213:.\Generated_Source\PSoC4/VBUS_P_CTRL_P2.c **** }
 422              		.loc 1 213 0
 423              		@ sp needed
 211:.\Generated_Source\PSoC4/VBUS_P_CTRL_P2.c ****     VBUS_P_CTRL_P2_INTCFG = intrCfg | ((uint32)position & (uint32)mode);
 424              		.loc 1 211 0
 425 0002 1368     		ldr	r3, [r2]
 426              	.LVL5:
 427 0004 8343     		bic	r3, r0
 428              	.LVL6:
 212:.\Generated_Source\PSoC4/VBUS_P_CTRL_P2.c ****     VBUS_P_CTRL_P2_INTCFG = intrCfg | ((uint32)position & (uint32)mode);
 429              		.loc 1 212 0
 430 0006 0840     		and	r0, r1
 431              	.LVL7:
 432 0008 1843     		orr	r0, r3
 433 000a 1060     		str	r0, [r2]
 434              		.loc 1 213 0
 435 000c 7047     		bx	lr
 436              	.L15:
 437 000e C046     		.align	2
 438              	.L14:
 439 0010 0C040440 		.word	1074005004
 440              		.cfi_endproc
 441              	.LFE4:
 442              		.size	VBUS_P_CTRL_P2_SetInterruptMode, .-VBUS_P_CTRL_P2_SetInterruptMode
 443              		.section	.text.VBUS_P_CTRL_P2_ClearInterrupt,"ax",%progbits
 444              		.align	1
 445              		.global	VBUS_P_CTRL_P2_ClearInterrupt
 446              		.code	16
 447              		.thumb_func
 448              		.type	VBUS_P_CTRL_P2_ClearInterrupt, %function
 449              	VBUS_P_CTRL_P2_ClearInterrupt:
 450              	.LFB5:
 214:.\Generated_Source\PSoC4/VBUS_P_CTRL_P2.c **** 
 215:.\Generated_Source\PSoC4/VBUS_P_CTRL_P2.c **** 
 216:.\Generated_Source\PSoC4/VBUS_P_CTRL_P2.c **** /*******************************************************************************
 217:.\Generated_Source\PSoC4/VBUS_P_CTRL_P2.c **** * Function Name: VBUS_P_CTRL_P2_ClearInterrupt
 218:.\Generated_Source\PSoC4/VBUS_P_CTRL_P2.c **** ****************************************************************************//**
 219:.\Generated_Source\PSoC4/VBUS_P_CTRL_P2.c **** *
 220:.\Generated_Source\PSoC4/VBUS_P_CTRL_P2.c **** * \brief Clears any active interrupts attached with the component and returns 
ARM GAS  C:\Users\victo\AppData\Local\Temp\ccf85TOg.s 			page 28


 221:.\Generated_Source\PSoC4/VBUS_P_CTRL_P2.c **** *  the value of the interrupt status register allowing determination of which
 222:.\Generated_Source\PSoC4/VBUS_P_CTRL_P2.c **** *  pins generated an interrupt event.
 223:.\Generated_Source\PSoC4/VBUS_P_CTRL_P2.c **** *
 224:.\Generated_Source\PSoC4/VBUS_P_CTRL_P2.c **** * \return 
 225:.\Generated_Source\PSoC4/VBUS_P_CTRL_P2.c **** *  The right-shifted current value of the interrupt status register. Each pin 
 226:.\Generated_Source\PSoC4/VBUS_P_CTRL_P2.c **** *  has one bit set if it generated an interrupt event. For example, bit 0 is 
 227:.\Generated_Source\PSoC4/VBUS_P_CTRL_P2.c **** *  for pin 0 and bit 1 is for pin 1 of the Pins component.
 228:.\Generated_Source\PSoC4/VBUS_P_CTRL_P2.c **** *  
 229:.\Generated_Source\PSoC4/VBUS_P_CTRL_P2.c **** * \sideeffect
 230:.\Generated_Source\PSoC4/VBUS_P_CTRL_P2.c **** *  Clears all bits of the physical port's interrupt status register, not just
 231:.\Generated_Source\PSoC4/VBUS_P_CTRL_P2.c **** *  those associated with the Pins component.
 232:.\Generated_Source\PSoC4/VBUS_P_CTRL_P2.c **** *
 233:.\Generated_Source\PSoC4/VBUS_P_CTRL_P2.c **** * \funcusage
 234:.\Generated_Source\PSoC4/VBUS_P_CTRL_P2.c **** *  \snippet VBUS_P_CTRL_P2_SUT.c usage_VBUS_P_CTRL_P2_ClearInterrupt
 235:.\Generated_Source\PSoC4/VBUS_P_CTRL_P2.c **** *******************************************************************************/
 236:.\Generated_Source\PSoC4/VBUS_P_CTRL_P2.c **** uint8 VBUS_P_CTRL_P2_ClearInterrupt(void)
 237:.\Generated_Source\PSoC4/VBUS_P_CTRL_P2.c **** {
 451              		.loc 1 237 0
 452              		.cfi_startproc
 238:.\Generated_Source\PSoC4/VBUS_P_CTRL_P2.c **** 	uint8 maskedStatus = (uint8)(VBUS_P_CTRL_P2_INTSTAT & VBUS_P_CTRL_P2_MASK);
 453              		.loc 1 238 0
 454 0000 0423     		mov	r3, #4
 455 0002 034A     		ldr	r2, .L17
 239:.\Generated_Source\PSoC4/VBUS_P_CTRL_P2.c **** 	VBUS_P_CTRL_P2_INTSTAT = maskedStatus;
 240:.\Generated_Source\PSoC4/VBUS_P_CTRL_P2.c ****     return maskedStatus >> VBUS_P_CTRL_P2_SHIFT;
 241:.\Generated_Source\PSoC4/VBUS_P_CTRL_P2.c **** }
 456              		.loc 1 241 0
 457              		@ sp needed
 238:.\Generated_Source\PSoC4/VBUS_P_CTRL_P2.c **** 	uint8 maskedStatus = (uint8)(VBUS_P_CTRL_P2_INTSTAT & VBUS_P_CTRL_P2_MASK);
 458              		.loc 1 238 0
 459 0004 1068     		ldr	r0, [r2]
 460 0006 1840     		and	r0, r3
 461              	.LVL8:
 239:.\Generated_Source\PSoC4/VBUS_P_CTRL_P2.c **** 	VBUS_P_CTRL_P2_INTSTAT = maskedStatus;
 462              		.loc 1 239 0
 463 0008 1060     		str	r0, [r2]
 240:.\Generated_Source\PSoC4/VBUS_P_CTRL_P2.c **** }
 464              		.loc 1 240 0
 465 000a 8008     		lsr	r0, r0, #2
 466              	.LVL9:
 467 000c C0B2     		uxtb	r0, r0
 468              		.loc 1 241 0
 469 000e 7047     		bx	lr
 470              	.L18:
 471              		.align	2
 472              	.L17:
 473 0010 10040440 		.word	1074005008
 474              		.cfi_endproc
 475              	.LFE5:
 476              		.size	VBUS_P_CTRL_P2_ClearInterrupt, .-VBUS_P_CTRL_P2_ClearInterrupt
 477              		.text
 478              	.Letext0:
 479              		.file 2 ".\\Generated_Source\\PSoC4\\cytypes.h"
 480              		.section	.debug_info,"",%progbits
 481              	.Ldebug_info0:
 482 0000 97010000 		.4byte	0x197
 483 0004 0400     		.2byte	0x4
ARM GAS  C:\Users\victo\AppData\Local\Temp\ccf85TOg.s 			page 29


 484 0006 00000000 		.4byte	.Ldebug_abbrev0
 485 000a 04       		.byte	0x4
 486 000b 01       		.uleb128 0x1
 487 000c 0E010000 		.4byte	.LASF27
 488 0010 01       		.byte	0x1
 489 0011 8E000000 		.4byte	.LASF28
 490 0015 CF010000 		.4byte	.LASF29
 491 0019 00000000 		.4byte	.Ldebug_ranges0+0
 492 001d 00000000 		.4byte	0
 493 0021 00000000 		.4byte	.Ldebug_line0
 494 0025 02       		.uleb128 0x2
 495 0026 01       		.byte	0x1
 496 0027 06       		.byte	0x6
 497 0028 A7020000 		.4byte	.LASF0
 498 002c 02       		.uleb128 0x2
 499 002d 01       		.byte	0x1
 500 002e 08       		.byte	0x8
 501 002f 2E000000 		.4byte	.LASF1
 502 0033 02       		.uleb128 0x2
 503 0034 02       		.byte	0x2
 504 0035 05       		.byte	0x5
 505 0036 68020000 		.4byte	.LASF2
 506 003a 02       		.uleb128 0x2
 507 003b 02       		.byte	0x2
 508 003c 07       		.byte	0x7
 509 003d 54000000 		.4byte	.LASF3
 510 0041 02       		.uleb128 0x2
 511 0042 04       		.byte	0x4
 512 0043 05       		.byte	0x5
 513 0044 9E020000 		.4byte	.LASF4
 514 0048 02       		.uleb128 0x2
 515 0049 04       		.byte	0x4
 516 004a 07       		.byte	0x7
 517 004b 42000000 		.4byte	.LASF5
 518 004f 02       		.uleb128 0x2
 519 0050 08       		.byte	0x8
 520 0051 05       		.byte	0x5
 521 0052 34020000 		.4byte	.LASF6
 522 0056 02       		.uleb128 0x2
 523 0057 08       		.byte	0x8
 524 0058 07       		.byte	0x7
 525 0059 F7000000 		.4byte	.LASF7
 526 005d 03       		.uleb128 0x3
 527 005e 04       		.byte	0x4
 528 005f 05       		.byte	0x5
 529 0060 696E7400 		.ascii	"int\000"
 530 0064 02       		.uleb128 0x2
 531 0065 04       		.byte	0x4
 532 0066 07       		.byte	0x7
 533 0067 EA000000 		.4byte	.LASF8
 534 006b 04       		.uleb128 0x4
 535 006c 7A020000 		.4byte	.LASF9
 536 0070 02       		.byte	0x2
 537 0071 9801     		.2byte	0x198
 538 0073 2C000000 		.4byte	0x2c
 539 0077 04       		.uleb128 0x4
 540 0078 B8000000 		.4byte	.LASF10
ARM GAS  C:\Users\victo\AppData\Local\Temp\ccf85TOg.s 			page 30


 541 007c 02       		.byte	0x2
 542 007d 9901     		.2byte	0x199
 543 007f 3A000000 		.4byte	0x3a
 544 0083 04       		.uleb128 0x4
 545 0084 C8000000 		.4byte	.LASF11
 546 0088 02       		.byte	0x2
 547 0089 9A01     		.2byte	0x19a
 548 008b 48000000 		.4byte	0x48
 549 008f 02       		.uleb128 0x2
 550 0090 04       		.byte	0x4
 551 0091 04       		.byte	0x4
 552 0092 28000000 		.4byte	.LASF12
 553 0096 02       		.uleb128 0x2
 554 0097 08       		.byte	0x8
 555 0098 04       		.byte	0x4
 556 0099 87000000 		.4byte	.LASF13
 557 009d 02       		.uleb128 0x2
 558 009e 01       		.byte	0x1
 559 009f 08       		.byte	0x8
 560 00a0 4F020000 		.4byte	.LASF14
 561 00a4 04       		.uleb128 0x4
 562 00a5 00000000 		.4byte	.LASF15
 563 00a9 02       		.byte	0x2
 564 00aa 4402     		.2byte	0x244
 565 00ac B0000000 		.4byte	0xb0
 566 00b0 05       		.uleb128 0x5
 567 00b1 83000000 		.4byte	0x83
 568 00b5 06       		.uleb128 0x6
 569 00b6 0C000000 		.4byte	.LASF16
 570 00ba 01       		.byte	0x1
 571 00bb 48       		.byte	0x48
 572 00bc 00000000 		.4byte	.LFB0
 573 00c0 18000000 		.4byte	.LFE0-.LFB0
 574 00c4 01       		.uleb128 0x1
 575 00c5 9C       		.byte	0x9c
 576 00c6 DA000000 		.4byte	0xda
 577 00ca 07       		.uleb128 0x7
 578 00cb CA010000 		.4byte	.LASF18
 579 00cf 01       		.byte	0x1
 580 00d0 48       		.byte	0x48
 581 00d1 6B000000 		.4byte	0x6b
 582 00d5 00000000 		.4byte	.LLST0
 583 00d9 00       		.byte	0
 584 00da 06       		.uleb128 0x6
 585 00db B3020000 		.4byte	.LASF17
 586 00df 01       		.byte	0x1
 587 00e0 6F       		.byte	0x6f
 588 00e1 00000000 		.4byte	.LFB1
 589 00e5 18000000 		.4byte	.LFE1-.LFB1
 590 00e9 01       		.uleb128 0x1
 591 00ea 9C       		.byte	0x9c
 592 00eb 0A010000 		.4byte	0x10a
 593 00ef 07       		.uleb128 0x7
 594 00f0 06000000 		.4byte	.LASF19
 595 00f4 01       		.byte	0x1
 596 00f5 6F       		.byte	0x6f
 597 00f6 6B000000 		.4byte	0x6b
ARM GAS  C:\Users\victo\AppData\Local\Temp\ccf85TOg.s 			page 31


 598 00fa 21000000 		.4byte	.LLST1
 599 00fe 08       		.uleb128 0x8
 600 00ff 3C000000 		.4byte	.LASF30
 601 0103 01       		.byte	0x1
 602 0104 71       		.byte	0x71
 603 0105 6B000000 		.4byte	0x6b
 604 0109 00       		.byte	0
 605 010a 09       		.uleb128 0x9
 606 010b 54020000 		.4byte	.LASF20
 607 010f 01       		.byte	0x1
 608 0110 88       		.byte	0x88
 609 0111 6B000000 		.4byte	0x6b
 610 0115 00000000 		.4byte	.LFB2
 611 0119 10000000 		.4byte	.LFE2-.LFB2
 612 011d 01       		.uleb128 0x1
 613 011e 9C       		.byte	0x9c
 614 011f 09       		.uleb128 0x9
 615 0120 CF000000 		.4byte	.LASF21
 616 0124 01       		.byte	0x1
 617 0125 A4       		.byte	0xa4
 618 0126 6B000000 		.4byte	0x6b
 619 012a 00000000 		.4byte	.LFB3
 620 012e 10000000 		.4byte	.LFE3-.LFB3
 621 0132 01       		.uleb128 0x1
 622 0133 9C       		.byte	0x9c
 623 0134 06       		.uleb128 0x6
 624 0135 67000000 		.4byte	.LASF22
 625 0139 01       		.byte	0x1
 626 013a CF       		.byte	0xcf
 627 013b 00000000 		.4byte	.LFB4
 628 013f 14000000 		.4byte	.LFE4-.LFB4
 629 0143 01       		.uleb128 0x1
 630 0144 9C       		.byte	0x9c
 631 0145 75010000 		.4byte	0x175
 632 0149 07       		.uleb128 0x7
 633 014a BF000000 		.4byte	.LASF23
 634 014e 01       		.byte	0x1
 635 014f CF       		.byte	0xcf
 636 0150 77000000 		.4byte	0x77
 637 0154 42000000 		.4byte	.LLST2
 638 0158 0A       		.uleb128 0xa
 639 0159 CA010000 		.4byte	.LASF18
 640 015d 01       		.byte	0x1
 641 015e CF       		.byte	0xcf
 642 015f 77000000 		.4byte	0x77
 643 0163 01       		.uleb128 0x1
 644 0164 51       		.byte	0x51
 645 0165 0B       		.uleb128 0xb
 646 0166 72020000 		.4byte	.LASF25
 647 016a 01       		.byte	0x1
 648 016b D1       		.byte	0xd1
 649 016c 83000000 		.4byte	0x83
 650 0170 63000000 		.4byte	.LLST3
 651 0174 00       		.byte	0
 652 0175 0C       		.uleb128 0xc
 653 0176 80020000 		.4byte	.LASF24
 654 017a 01       		.byte	0x1
ARM GAS  C:\Users\victo\AppData\Local\Temp\ccf85TOg.s 			page 32


 655 017b EC       		.byte	0xec
 656 017c 6B000000 		.4byte	0x6b
 657 0180 00000000 		.4byte	.LFB5
 658 0184 14000000 		.4byte	.LFE5-.LFB5
 659 0188 01       		.uleb128 0x1
 660 0189 9C       		.byte	0x9c
 661 018a 0B       		.uleb128 0xb
 662 018b 42020000 		.4byte	.LASF26
 663 018f 01       		.byte	0x1
 664 0190 EE       		.byte	0xee
 665 0191 6B000000 		.4byte	0x6b
 666 0195 80000000 		.4byte	.LLST4
 667 0199 00       		.byte	0
 668 019a 00       		.byte	0
 669              		.section	.debug_abbrev,"",%progbits
 670              	.Ldebug_abbrev0:
 671 0000 01       		.uleb128 0x1
 672 0001 11       		.uleb128 0x11
 673 0002 01       		.byte	0x1
 674 0003 25       		.uleb128 0x25
 675 0004 0E       		.uleb128 0xe
 676 0005 13       		.uleb128 0x13
 677 0006 0B       		.uleb128 0xb
 678 0007 03       		.uleb128 0x3
 679 0008 0E       		.uleb128 0xe
 680 0009 1B       		.uleb128 0x1b
 681 000a 0E       		.uleb128 0xe
 682 000b 55       		.uleb128 0x55
 683 000c 17       		.uleb128 0x17
 684 000d 11       		.uleb128 0x11
 685 000e 01       		.uleb128 0x1
 686 000f 10       		.uleb128 0x10
 687 0010 17       		.uleb128 0x17
 688 0011 00       		.byte	0
 689 0012 00       		.byte	0
 690 0013 02       		.uleb128 0x2
 691 0014 24       		.uleb128 0x24
 692 0015 00       		.byte	0
 693 0016 0B       		.uleb128 0xb
 694 0017 0B       		.uleb128 0xb
 695 0018 3E       		.uleb128 0x3e
 696 0019 0B       		.uleb128 0xb
 697 001a 03       		.uleb128 0x3
 698 001b 0E       		.uleb128 0xe
 699 001c 00       		.byte	0
 700 001d 00       		.byte	0
 701 001e 03       		.uleb128 0x3
 702 001f 24       		.uleb128 0x24
 703 0020 00       		.byte	0
 704 0021 0B       		.uleb128 0xb
 705 0022 0B       		.uleb128 0xb
 706 0023 3E       		.uleb128 0x3e
 707 0024 0B       		.uleb128 0xb
 708 0025 03       		.uleb128 0x3
 709 0026 08       		.uleb128 0x8
 710 0027 00       		.byte	0
 711 0028 00       		.byte	0
ARM GAS  C:\Users\victo\AppData\Local\Temp\ccf85TOg.s 			page 33


 712 0029 04       		.uleb128 0x4
 713 002a 16       		.uleb128 0x16
 714 002b 00       		.byte	0
 715 002c 03       		.uleb128 0x3
 716 002d 0E       		.uleb128 0xe
 717 002e 3A       		.uleb128 0x3a
 718 002f 0B       		.uleb128 0xb
 719 0030 3B       		.uleb128 0x3b
 720 0031 05       		.uleb128 0x5
 721 0032 49       		.uleb128 0x49
 722 0033 13       		.uleb128 0x13
 723 0034 00       		.byte	0
 724 0035 00       		.byte	0
 725 0036 05       		.uleb128 0x5
 726 0037 35       		.uleb128 0x35
 727 0038 00       		.byte	0
 728 0039 49       		.uleb128 0x49
 729 003a 13       		.uleb128 0x13
 730 003b 00       		.byte	0
 731 003c 00       		.byte	0
 732 003d 06       		.uleb128 0x6
 733 003e 2E       		.uleb128 0x2e
 734 003f 01       		.byte	0x1
 735 0040 3F       		.uleb128 0x3f
 736 0041 19       		.uleb128 0x19
 737 0042 03       		.uleb128 0x3
 738 0043 0E       		.uleb128 0xe
 739 0044 3A       		.uleb128 0x3a
 740 0045 0B       		.uleb128 0xb
 741 0046 3B       		.uleb128 0x3b
 742 0047 0B       		.uleb128 0xb
 743 0048 27       		.uleb128 0x27
 744 0049 19       		.uleb128 0x19
 745 004a 11       		.uleb128 0x11
 746 004b 01       		.uleb128 0x1
 747 004c 12       		.uleb128 0x12
 748 004d 06       		.uleb128 0x6
 749 004e 40       		.uleb128 0x40
 750 004f 18       		.uleb128 0x18
 751 0050 9742     		.uleb128 0x2117
 752 0052 19       		.uleb128 0x19
 753 0053 01       		.uleb128 0x1
 754 0054 13       		.uleb128 0x13
 755 0055 00       		.byte	0
 756 0056 00       		.byte	0
 757 0057 07       		.uleb128 0x7
 758 0058 05       		.uleb128 0x5
 759 0059 00       		.byte	0
 760 005a 03       		.uleb128 0x3
 761 005b 0E       		.uleb128 0xe
 762 005c 3A       		.uleb128 0x3a
 763 005d 0B       		.uleb128 0xb
 764 005e 3B       		.uleb128 0x3b
 765 005f 0B       		.uleb128 0xb
 766 0060 49       		.uleb128 0x49
 767 0061 13       		.uleb128 0x13
 768 0062 02       		.uleb128 0x2
ARM GAS  C:\Users\victo\AppData\Local\Temp\ccf85TOg.s 			page 34


 769 0063 17       		.uleb128 0x17
 770 0064 00       		.byte	0
 771 0065 00       		.byte	0
 772 0066 08       		.uleb128 0x8
 773 0067 34       		.uleb128 0x34
 774 0068 00       		.byte	0
 775 0069 03       		.uleb128 0x3
 776 006a 0E       		.uleb128 0xe
 777 006b 3A       		.uleb128 0x3a
 778 006c 0B       		.uleb128 0xb
 779 006d 3B       		.uleb128 0x3b
 780 006e 0B       		.uleb128 0xb
 781 006f 49       		.uleb128 0x49
 782 0070 13       		.uleb128 0x13
 783 0071 00       		.byte	0
 784 0072 00       		.byte	0
 785 0073 09       		.uleb128 0x9
 786 0074 2E       		.uleb128 0x2e
 787 0075 00       		.byte	0
 788 0076 3F       		.uleb128 0x3f
 789 0077 19       		.uleb128 0x19
 790 0078 03       		.uleb128 0x3
 791 0079 0E       		.uleb128 0xe
 792 007a 3A       		.uleb128 0x3a
 793 007b 0B       		.uleb128 0xb
 794 007c 3B       		.uleb128 0x3b
 795 007d 0B       		.uleb128 0xb
 796 007e 27       		.uleb128 0x27
 797 007f 19       		.uleb128 0x19
 798 0080 49       		.uleb128 0x49
 799 0081 13       		.uleb128 0x13
 800 0082 11       		.uleb128 0x11
 801 0083 01       		.uleb128 0x1
 802 0084 12       		.uleb128 0x12
 803 0085 06       		.uleb128 0x6
 804 0086 40       		.uleb128 0x40
 805 0087 18       		.uleb128 0x18
 806 0088 9742     		.uleb128 0x2117
 807 008a 19       		.uleb128 0x19
 808 008b 00       		.byte	0
 809 008c 00       		.byte	0
 810 008d 0A       		.uleb128 0xa
 811 008e 05       		.uleb128 0x5
 812 008f 00       		.byte	0
 813 0090 03       		.uleb128 0x3
 814 0091 0E       		.uleb128 0xe
 815 0092 3A       		.uleb128 0x3a
 816 0093 0B       		.uleb128 0xb
 817 0094 3B       		.uleb128 0x3b
 818 0095 0B       		.uleb128 0xb
 819 0096 49       		.uleb128 0x49
 820 0097 13       		.uleb128 0x13
 821 0098 02       		.uleb128 0x2
 822 0099 18       		.uleb128 0x18
 823 009a 00       		.byte	0
 824 009b 00       		.byte	0
 825 009c 0B       		.uleb128 0xb
ARM GAS  C:\Users\victo\AppData\Local\Temp\ccf85TOg.s 			page 35


 826 009d 34       		.uleb128 0x34
 827 009e 00       		.byte	0
 828 009f 03       		.uleb128 0x3
 829 00a0 0E       		.uleb128 0xe
 830 00a1 3A       		.uleb128 0x3a
 831 00a2 0B       		.uleb128 0xb
 832 00a3 3B       		.uleb128 0x3b
 833 00a4 0B       		.uleb128 0xb
 834 00a5 49       		.uleb128 0x49
 835 00a6 13       		.uleb128 0x13
 836 00a7 02       		.uleb128 0x2
 837 00a8 17       		.uleb128 0x17
 838 00a9 00       		.byte	0
 839 00aa 00       		.byte	0
 840 00ab 0C       		.uleb128 0xc
 841 00ac 2E       		.uleb128 0x2e
 842 00ad 01       		.byte	0x1
 843 00ae 3F       		.uleb128 0x3f
 844 00af 19       		.uleb128 0x19
 845 00b0 03       		.uleb128 0x3
 846 00b1 0E       		.uleb128 0xe
 847 00b2 3A       		.uleb128 0x3a
 848 00b3 0B       		.uleb128 0xb
 849 00b4 3B       		.uleb128 0x3b
 850 00b5 0B       		.uleb128 0xb
 851 00b6 27       		.uleb128 0x27
 852 00b7 19       		.uleb128 0x19
 853 00b8 49       		.uleb128 0x49
 854 00b9 13       		.uleb128 0x13
 855 00ba 11       		.uleb128 0x11
 856 00bb 01       		.uleb128 0x1
 857 00bc 12       		.uleb128 0x12
 858 00bd 06       		.uleb128 0x6
 859 00be 40       		.uleb128 0x40
 860 00bf 18       		.uleb128 0x18
 861 00c0 9742     		.uleb128 0x2117
 862 00c2 19       		.uleb128 0x19
 863 00c3 00       		.byte	0
 864 00c4 00       		.byte	0
 865 00c5 00       		.byte	0
 866              		.section	.debug_loc,"",%progbits
 867              	.Ldebug_loc0:
 868              	.LLST0:
 869 0000 00000000 		.4byte	.LVL0
 870 0004 08000000 		.4byte	.LVL1
 871 0008 0100     		.2byte	0x1
 872 000a 50       		.byte	0x50
 873 000b 08000000 		.4byte	.LVL1
 874 000f 18000000 		.4byte	.LFE0
 875 0013 0400     		.2byte	0x4
 876 0015 F3       		.byte	0xf3
 877 0016 01       		.uleb128 0x1
 878 0017 50       		.byte	0x50
 879 0018 9F       		.byte	0x9f
 880 0019 00000000 		.4byte	0
 881 001d 00000000 		.4byte	0
 882              	.LLST1:
ARM GAS  C:\Users\victo\AppData\Local\Temp\ccf85TOg.s 			page 36


 883 0021 00000000 		.4byte	.LVL2
 884 0025 06000000 		.4byte	.LVL3
 885 0029 0100     		.2byte	0x1
 886 002b 50       		.byte	0x50
 887 002c 06000000 		.4byte	.LVL3
 888 0030 18000000 		.4byte	.LFE1
 889 0034 0400     		.2byte	0x4
 890 0036 F3       		.byte	0xf3
 891 0037 01       		.uleb128 0x1
 892 0038 50       		.byte	0x50
 893 0039 9F       		.byte	0x9f
 894 003a 00000000 		.4byte	0
 895 003e 00000000 		.4byte	0
 896              	.LLST2:
 897 0042 00000000 		.4byte	.LVL4
 898 0046 08000000 		.4byte	.LVL7
 899 004a 0100     		.2byte	0x1
 900 004c 50       		.byte	0x50
 901 004d 08000000 		.4byte	.LVL7
 902 0051 14000000 		.4byte	.LFE4
 903 0055 0400     		.2byte	0x4
 904 0057 F3       		.byte	0xf3
 905 0058 01       		.uleb128 0x1
 906 0059 50       		.byte	0x50
 907 005a 9F       		.byte	0x9f
 908 005b 00000000 		.4byte	0
 909 005f 00000000 		.4byte	0
 910              	.LLST3:
 911 0063 04000000 		.4byte	.LVL5
 912 0067 06000000 		.4byte	.LVL6
 913 006b 0B00     		.2byte	0xb
 914 006d 70       		.byte	0x70
 915 006e 00       		.sleb128 0
 916 006f 0A       		.byte	0xa
 917 0070 FFFF     		.2byte	0xffff
 918 0072 1A       		.byte	0x1a
 919 0073 20       		.byte	0x20
 920 0074 73       		.byte	0x73
 921 0075 00       		.sleb128 0
 922 0076 1A       		.byte	0x1a
 923 0077 9F       		.byte	0x9f
 924 0078 00000000 		.4byte	0
 925 007c 00000000 		.4byte	0
 926              	.LLST4:
 927 0080 08000000 		.4byte	.LVL8
 928 0084 0C000000 		.4byte	.LVL9
 929 0088 0100     		.2byte	0x1
 930 008a 50       		.byte	0x50
 931 008b 0C000000 		.4byte	.LVL9
 932 008f 14000000 		.4byte	.LFE5
 933 0093 0400     		.2byte	0x4
 934 0095 72       		.byte	0x72
 935 0096 00       		.sleb128 0
 936 0097 06       		.byte	0x6
 937 0098 9F       		.byte	0x9f
 938 0099 00000000 		.4byte	0
 939 009d 00000000 		.4byte	0
ARM GAS  C:\Users\victo\AppData\Local\Temp\ccf85TOg.s 			page 37


 940              		.section	.debug_aranges,"",%progbits
 941 0000 44000000 		.4byte	0x44
 942 0004 0200     		.2byte	0x2
 943 0006 00000000 		.4byte	.Ldebug_info0
 944 000a 04       		.byte	0x4
 945 000b 00       		.byte	0
 946 000c 0000     		.2byte	0
 947 000e 0000     		.2byte	0
 948 0010 00000000 		.4byte	.LFB0
 949 0014 18000000 		.4byte	.LFE0-.LFB0
 950 0018 00000000 		.4byte	.LFB1
 951 001c 18000000 		.4byte	.LFE1-.LFB1
 952 0020 00000000 		.4byte	.LFB2
 953 0024 10000000 		.4byte	.LFE2-.LFB2
 954 0028 00000000 		.4byte	.LFB3
 955 002c 10000000 		.4byte	.LFE3-.LFB3
 956 0030 00000000 		.4byte	.LFB4
 957 0034 14000000 		.4byte	.LFE4-.LFB4
 958 0038 00000000 		.4byte	.LFB5
 959 003c 14000000 		.4byte	.LFE5-.LFB5
 960 0040 00000000 		.4byte	0
 961 0044 00000000 		.4byte	0
 962              		.section	.debug_ranges,"",%progbits
 963              	.Ldebug_ranges0:
 964 0000 00000000 		.4byte	.LFB0
 965 0004 18000000 		.4byte	.LFE0
 966 0008 00000000 		.4byte	.LFB1
 967 000c 18000000 		.4byte	.LFE1
 968 0010 00000000 		.4byte	.LFB2
 969 0014 10000000 		.4byte	.LFE2
 970 0018 00000000 		.4byte	.LFB3
 971 001c 10000000 		.4byte	.LFE3
 972 0020 00000000 		.4byte	.LFB4
 973 0024 14000000 		.4byte	.LFE4
 974 0028 00000000 		.4byte	.LFB5
 975 002c 14000000 		.4byte	.LFE5
 976 0030 00000000 		.4byte	0
 977 0034 00000000 		.4byte	0
 978              		.section	.debug_line,"",%progbits
 979              	.Ldebug_line0:
 980 0000 D0000000 		.section	.debug_str,"MS",%progbits,1
 980      02004D00 
 980      00000201 
 980      FB0E0D00 
 980      01010101 
 981              	.LASF15:
 982 0000 72656733 		.ascii	"reg32\000"
 982      3200
 983              	.LASF19:
 984 0006 76616C75 		.ascii	"value\000"
 984      6500
 985              	.LASF16:
 986 000c 56425553 		.ascii	"VBUS_P_CTRL_P2_SetDriveMode\000"
 986      5F505F43 
 986      54524C5F 
 986      50325F53 
 986      65744472 
ARM GAS  C:\Users\victo\AppData\Local\Temp\ccf85TOg.s 			page 38


 987              	.LASF12:
 988 0028 666C6F61 		.ascii	"float\000"
 988      7400
 989              	.LASF1:
 990 002e 756E7369 		.ascii	"unsigned char\000"
 990      676E6564 
 990      20636861 
 990      7200
 991              	.LASF30:
 992 003c 64725661 		.ascii	"drVal\000"
 992      6C00
 993              	.LASF5:
 994 0042 6C6F6E67 		.ascii	"long unsigned int\000"
 994      20756E73 
 994      69676E65 
 994      6420696E 
 994      7400
 995              	.LASF3:
 996 0054 73686F72 		.ascii	"short unsigned int\000"
 996      7420756E 
 996      7369676E 
 996      65642069 
 996      6E7400
 997              	.LASF22:
 998 0067 56425553 		.ascii	"VBUS_P_CTRL_P2_SetInterruptMode\000"
 998      5F505F43 
 998      54524C5F 
 998      50325F53 
 998      6574496E 
 999              	.LASF13:
 1000 0087 646F7562 		.ascii	"double\000"
 1000      6C6500
 1001              	.LASF28:
 1002 008e 2E5C4765 		.ascii	".\\Generated_Source\\PSoC4\\VBUS_P_CTRL_P2.c\000"
 1002      6E657261 
 1002      7465645F 
 1002      536F7572 
 1002      63655C50 
 1003              	.LASF10:
 1004 00b8 75696E74 		.ascii	"uint16\000"
 1004      313600
 1005              	.LASF23:
 1006 00bf 706F7369 		.ascii	"position\000"
 1006      74696F6E 
 1006      00
 1007              	.LASF11:
 1008 00c8 75696E74 		.ascii	"uint32\000"
 1008      333200
 1009              	.LASF21:
 1010 00cf 56425553 		.ascii	"VBUS_P_CTRL_P2_ReadDataReg\000"
 1010      5F505F43 
 1010      54524C5F 
 1010      50325F52 
 1010      65616444 
 1011              	.LASF8:
 1012 00ea 756E7369 		.ascii	"unsigned int\000"
 1012      676E6564 
ARM GAS  C:\Users\victo\AppData\Local\Temp\ccf85TOg.s 			page 39


 1012      20696E74 
 1012      00
 1013              	.LASF7:
 1014 00f7 6C6F6E67 		.ascii	"long long unsigned int\000"
 1014      206C6F6E 
 1014      6720756E 
 1014      7369676E 
 1014      65642069 
 1015              	.LASF27:
 1016 010e 474E5520 		.ascii	"GNU C 4.9.3 20150303 (release) [ARM/embedded-4_9-br"
 1016      4320342E 
 1016      392E3320 
 1016      32303135 
 1016      30333033 
 1017 0141 616E6368 		.ascii	"anch revision 221220] -mcpu=cortex-m0 -mthumb -g -O"
 1017      20726576 
 1017      6973696F 
 1017      6E203232 
 1017      31323230 
 1018 0174 73202D66 		.ascii	"s -ffunction-sections -finline-functions -flto -ffa"
 1018      66756E63 
 1018      74696F6E 
 1018      2D736563 
 1018      74696F6E 
 1019 01a7 742D6C74 		.ascii	"t-lto-objects -fno-strict-aliasing\000"
 1019      6F2D6F62 
 1019      6A656374 
 1019      73202D66 
 1019      6E6F2D73 
 1020              	.LASF18:
 1021 01ca 6D6F6465 		.ascii	"mode\000"
 1021      00
 1022              	.LASF29:
 1023 01cf 433A5C55 		.ascii	"C:\\Users\\victo\\OneDrive\\Documents\\PSoC Creator"
 1023      73657273 
 1023      5C766963 
 1023      746F5C4F 
 1023      6E654472 
 1024 01fd 5C435950 		.ascii	"\\CYPD4225-40LQXI_0805\\CYPD4225-40LQXI_notebook01."
 1024      44343232 
 1024      352D3430 
 1024      4C515849 
 1024      5F303830 
 1025 022e 63796473 		.ascii	"cydsn\000"
 1025      6E00
 1026              	.LASF6:
 1027 0234 6C6F6E67 		.ascii	"long long int\000"
 1027      206C6F6E 
 1027      6720696E 
 1027      7400
 1028              	.LASF26:
 1029 0242 6D61736B 		.ascii	"maskedStatus\000"
 1029      65645374 
 1029      61747573 
 1029      00
 1030              	.LASF14:
 1031 024f 63686172 		.ascii	"char\000"
ARM GAS  C:\Users\victo\AppData\Local\Temp\ccf85TOg.s 			page 40


 1031      00
 1032              	.LASF20:
 1033 0254 56425553 		.ascii	"VBUS_P_CTRL_P2_Read\000"
 1033      5F505F43 
 1033      54524C5F 
 1033      50325F52 
 1033      65616400 
 1034              	.LASF2:
 1035 0268 73686F72 		.ascii	"short int\000"
 1035      7420696E 
 1035      7400
 1036              	.LASF25:
 1037 0272 696E7472 		.ascii	"intrCfg\000"
 1037      43666700 
 1038              	.LASF9:
 1039 027a 75696E74 		.ascii	"uint8\000"
 1039      3800
 1040              	.LASF24:
 1041 0280 56425553 		.ascii	"VBUS_P_CTRL_P2_ClearInterrupt\000"
 1041      5F505F43 
 1041      54524C5F 
 1041      50325F43 
 1041      6C656172 
 1042              	.LASF4:
 1043 029e 6C6F6E67 		.ascii	"long int\000"
 1043      20696E74 
 1043      00
 1044              	.LASF0:
 1045 02a7 7369676E 		.ascii	"signed char\000"
 1045      65642063 
 1045      68617200 
 1046              	.LASF17:
 1047 02b3 56425553 		.ascii	"VBUS_P_CTRL_P2_Write\000"
 1047      5F505F43 
 1047      54524C5F 
 1047      50325F57 
 1047      72697465 
 1048              		.comm	__gnu_lto_v1,1,1
 1049              		.ident	"GCC: (GNU Tools for ARM Embedded Processors) 4.9.3 20150303 (release) [ARM/embedded-4_9-br
