ARM GAS  C:\Users\victo\AppData\Local\Temp\ccnFWuJb.s 			page 1


   1              		.cpu cortex-m0
   2              		.fpu softvfp
   3              		.eabi_attribute 20, 1
   4              		.eabi_attribute 21, 1
   5              		.eabi_attribute 23, 3
   6              		.eabi_attribute 24, 1
   7              		.eabi_attribute 25, 1
   8              		.eabi_attribute 26, 1
   9              		.eabi_attribute 30, 4
  10              		.eabi_attribute 34, 0
  11              		.eabi_attribute 18, 4
  12              		.code	16
  13              		.file	"VBUS_OVP_TRIP_P2_PM.c"
  14              		.text
  15              	.Ltext0:
  16              		.section	.gnu.lto_.profile.91bc98b4,"",%progbits
  17 0000 789C6366 		.ascii	"x\234cf```a\200\000F\006\0166\000\000\212\000\027"
  17      60606061 
  17      80004606 
  17      0E360000 
  17      8A0017
  18              		.text
  19              		.section	.gnu.lto_.jmpfuncs.91bc98b4,"",%progbits
  20 0000 789C6366 		.ascii	"x\234cf\300\0168\2404\023\024\003\000\0018\000\020"
  20      C00E38A0 
  20      34131403 
  20      00013800 
  20      10
  21              		.text
  22              		.section	.gnu.lto_.inline.91bc98b4,"",%progbits
  23 0000 789C6366 		.ascii	"x\234cf\300\0164\2404\023\003\003+\013#\003\023\313"
  23      C00E34A0 
  23      34130303 
  23      2B0B2303 
  23      13CB
  24 0012 027906B6 		.ascii	"\002y\006\266\005\362L\0201\014!\006\000G\026\003\\"
  24      05F24C10 
  24      310C2106 
  24      00471603 
  24      5C
  25              		.text
  26              		.section	.gnu.lto_.pureconst.91bc98b4,"",%progbits
  27 0000 789C6366 		.ascii	"x\234cf```e\200\000&\006)&)\000\000\373\000A"
  27      60606065 
  27      80002606 
  27      29262900 
  27      00FB0041 
  28              		.text
  29              		.section	.gnu.lto_VBUS_OVP_TRIP_P2_Sleep.91bc98b4,"",%progbits
  30 0000 789C654F 		.ascii	"x\234eO\315+DQ\024?\277\363\336L\223\331\310\322?0\033"
  30      CD2B4451 
  30      143FBFF3 
  30      DE4C93D9 
  30      C8D23F30 
  31 0015 1F91B505 		.ascii	"\037\221\265\005\013,\344e\260\232z\211\267%\023\313"
  31      0B2CE465 
  31      B09A7A89 
ARM GAS  C:\Users\victo\AppData\Local\Temp\ccnFWuJb.s 			page 2


  31      B72513CB 
  32 0025 69EED323 		.ascii	"i\356\323#)LV\312\307B\311\3070JY\261xl\025\311bj\026"
  32      294C56CA 
  32      C742C9C7 
  32      304A59B1 
  32      786C15C9 
  33 003c A44661E5 		.ascii	"\244Fa\345\243\350\231\006\347\316l\224[\267s\3179\277"
  33      A3E89906 
  33      E7CE6C94 
  33      5BB773CF 
  33      39BF
  34 004e FBFB30E8 		.ascii	"\373\3730\350\377\251\227\333\016\242\026\2510\010\234"
  34      FFA997DB 
  34      0EA216A9 
  34      30089C
  35 005d B9247223 		.ascii	"\271$r#\014\350\007\201\322\2144\236\370\225\221\361"
  35      0CE80781 
  35      D28C349E 
  35      F89591F1 
  36 006d B32BD1D8 		.ascii	"\263+\321\330\226R\352\345\374\302\265|\004L\364\316"
  36      9652EAE5 
  36      FCC2B57C 
  36      044CF4CE 
  37 007d 551E6C23 		.ascii	"U\036l#F\002z\365\312\371h\330\023Pmu\207\035\204\205"
  37      46027AF5 
  37      CAF968D8 
  37      13506D75 
  37      871D8485 
  38 0091 9F0EEB7C 		.ascii	"\237\016\353|\365\363\363\236;\373\202\311\024\260\314"
  38      F5F3F39E 
  38      3BFB82C9 
  38      14B0CC
  39 00a0 8AB2D72A 		.ascii	"\212\262\327*\017\314\272\032\005\234\177\314\177\037"
  39      0FCCBA1A 
  39      059C7FCC 
  39      7F1F
  40 00ae 47F5974F 		.ascii	"G\365\227O\326\222'3\013\371\232G\016\230\347f3\312"
  40      D6922733 
  40      0BF99A47 
  40      0E98E766 
  40      33CA
  41 00c0 D40277C5 		.ascii	"\324\002w\305\253\353HeD\272}\336<\235X\307\252\353"
  41      ABEB4865 
  41      44BA7DDE 
  41      3C9D58C7 
  41      AAEB
  42 00d2 891B03BB 		.ascii	"\211\033\003\273\250\307\036$\023\262X\007\0250\275"
  42      A8C71E24 
  42      13B25807 
  42      1530BD
  43 00e1 7CDFA0E9 		.ascii	"|\337\240\351\004\271q\263\230\343TI\315\251H\300fY"
  43      04B971B3 
  43      98E35449 
  43      CDA948C0 
  43      6659
  44 00f3 7BFB4B67 		.ascii	"{\373KgV\332\035\327[\203\346S\032\025\302>R8\320\204"
  44      56DA1DD7 
ARM GAS  C:\Users\victo\AppData\Local\Temp\ccnFWuJb.s 			page 3


  44      5B83E653 
  44      1A15C23E 
  44      5238D084 
  45 0107 B2FBDE5F 		.ascii	"\262\373\336_:\0127f%\232\337\035p\0309\001\276U\342"
  45      3A0A3766 
  45      259ADF1D 
  45      70183901 
  45      BE55E2
  46 011a E3108D62 		.ascii	"\343\020\215b\230n\341\372\245\220\326\323\323\242d"
  46      986EE1FA 
  46      A590D6D3 
  46      D3A264
  47 0129 94588268 		.ascii	"\224X\202hnJt9cNrx\322\031\265\343\343S\311\021'a\305"
  47      6E4A7439 
  47      634E7278 
  47      D219B5E3 
  47      E353C911 
  48 0140 C73BDB12 		.ascii	"\307;\333\022C\035\203q\273o\310\262\007\372{,\333j"
  48      431D8371 
  48      BB6FC8B2 
  48      07FA7B2C 
  48      DB6A
  49 0152 B5ADDEA6 		.ascii	"\265\255\336\246\021\372\005\262\003\203\246"
  49      11FA05B2 
  49      0383A6
  50              		.text
  51              		.section	.gnu.lto_VBUS_OVP_TRIP_P2_Wakeup.91bc98b4,"",%progbits
  52 0000 789C6366 		.ascii	"x\234cf\300\004R@l\315\310\300`\010\244\031\231\031"
  52      C0045240 
  52      6CCDC8C0 
  52      6008A419 
  52      9919
  53 0012 1899269C 		.ascii	"\030\231&\234c`h\344`bd\0041\030\030\031\352\231\030"
  53      636068E4 
  53      60626404 
  53      31181819 
  53      EA9918
  54 0025 EB195F32 		.ascii	"\353\031_2}db\234p`\365\014n\365\245\015\015\015\037"
  54      7D64629C 
  54      7060F50C 
  54      6EF5A50D 
  54      0D0D1F
  55 0038 9AB64AB4 		.ascii	"\232\266J\264J\374db`\370\314\0041\206q9\243:\003P\315"
  55      4AFC6462 
  55      60F8CC04 
  55      31867139 
  55      A33A0350 
  56 004d C796BFD7 		.ascii	"\307\226\277\327\271\331Z\200j\004 r\214+\030\331\200"
  56      B9D95A80 
  56      6A042072 
  56      8C2B18D9 
  56      80
  57 005e C633AC17 		.ascii	"\3063\254\027:\320\360\377\377\347+\023_\3503\26201"
  57      3AD0F0FF 
  57      FFE72B13 
  57      5FE833B2 
  57      3031
ARM GAS  C:\Users\victo\AppData\Local\Temp\ccnFWuJb.s 			page 4


  58 0070 FC64020A 		.ascii	"\374d\002\012>\001*\000\331\362\224\211\011D3\337bl"
  58      3E012A00 
  58      D9F29489 
  58      094433DF 
  58      626C
  59 0082 DAF6F1EA 		.ascii	"\332\366\361\352C^\220\236\357L +\347]\356[\307T\373"
  59      435E909E 
  59      EF4C202B 
  59      E75DEE5B 
  59      C754FB
  60 0095 BBA1A381 		.ascii	"\273\241\243\201\343'\023\323_\220\201@\321\373O\316"
  60      E32713D3 
  60      5F908140 
  60      D1FB4FCE 
  61 00a5 5FE478C1 		.ascii	"_\344x\301\004\024\001sW4\266\314a\234\3138\273\261"
  61      04140173 
  61      5734B6CC 
  61      619CCB38 
  61      BBB1
  62 00b7 01A48A99 		.ascii	"\001\244\212\231q%c-\343*F)\260\334\2775\375\233\330"
  62      7125632D 
  62      E32A4629 
  62      B0DCBF35 
  62      FD9BD8
  63 00ca 74B57F32 		.ascii	"t\265\1772\2610\256\006\252\371\004v.\343\032F]\206"
  63      B130AE06 
  63      AAF90476 
  63      2EE31A46 
  63      5D86
  64 00dc 5B8C8726 		.ascii	"[\214\207&=\224\003Y\005T\266\273\265\367:\027\310D"
  64      3D940359 
  64      0554B6BB 
  64      B5F73A17 
  64      C844
  65 00ee D68EB609 		.ascii	"\326\216\266\011\015,(\226\260\202\015z\265hO!\310\216"
  65      0D2C2896 
  65      B0820D7A 
  65      B5684F21 
  65      C88E
  66 0100 96C60392 		.ascii	"\226\306\003\222?\231\330\030\3272J1\256\003Y\302\270"
  66      3F99D818 
  66      D7324A31 
  66      AE0359C2 
  66      B8
  67 0111 1E682ED0 		.ascii	"\036h.\320\265\014\367\030\033\017\374w\003\031\010"
  67      B50CF718 
  67      1B0FFC77 
  67      031908
  68 0120 B2E309D0 		.ascii	"\262\343\011\320\203@?\001\355\323\327\213qO\315K-J"
  68      83403F01 
  68      EDD3D78B 
  68      714FCD4B 
  68      2D4A
  69 0132 2C494D89 		.ascii	",IM\211\017\316/-JN\215\011\010\316w6\211\011s\012\015"
  69      0FCE2F2D 
  69      4A4E8D09 
  69      08CE7736 
ARM GAS  C:\Users\victo\AppData\Local\Temp\ccnFWuJb.s 			page 5


  69      8909730A 
  70 0147 8EF70F0B 		.ascii	"\216\367\017\013\210\017\011\362\014\210\0170\212\017"
  70      880F09F2 
  70      0C880F30 
  70      8A0F
  71 0155 F0D54B66 		.ascii	"\360\325Kf\000\000\001\310\2018"
  71      000001C8 
  71      8138
  72              		.text
  73              		.section	.gnu.lto_.symbol_nodes.91bc98b4,"",%progbits
  74 0000 789C6366 		.ascii	"x\234cf``\320d\200\002&\306z\006\206\011\347\030\030"
  74      6060D064 
  74      800226C6 
  74      7A068609 
  74      E71818
  75 0013 EAEB19E6 		.ascii	"\352\353\031\346-\340``e`X\300T\317\314\304T\317\210"
  75      2DE06060 
  75      656058C0 
  75      54CFCCC4 
  75      54CF88
  76 0026 2CCC0000 		.ascii	",\314\000\000\310\"\011\240"
  76      C82209A0 
  77              		.text
  78              		.section	.gnu.lto_.refs.91bc98b4,"",%progbits
  79 0000 789C6366 		.ascii	"x\234cf``\340f\200\000F\006FF&F& \311\000\000\001l\000"
  79      6060E066 
  79      80004606 
  79      46462646 
  79      2620C900 
  80 0018 19       		.ascii	"\031"
  81              		.text
  82              		.section	.gnu.lto_.decls.91bc98b4,"",%progbits
  83 0000 789C8D53 		.ascii	"x\234\215S]HTA\024\236s\357\376y\3354\0204|\010[A\""
  83      5D485441 
  83      149E73EF 
  83      FE79DD34 
  83      10347C08 
  84 0017 C4C0C2D7 		.ascii	"\304\300\302\327,\037\372\243\272\270Z\017\011\233m"
  84      2C1FFAA3 
  84      BAB85A0F 
  84      099B6D
  85 0026 978A2217 		.ascii	"\227\212\"\027u\037|\2334k\215\036\264\262\354\007\333"
  85      751F7C9B 
  85      346B8D1E 
  85      B4B2EC07 
  85      DB
  86 0037 D0CC4C37 		.ascii	"\320\314L7[\313\3242\267Vk7-(\014\215\240\354\017\202"
  86      5BCBD432 
  86      B7566B37 
  86      2D280C8D 
  86      A0EC0F82 
  87 004b FEB694CA 		.ascii	"\376\266\224\312|\2603sw\335\255\325h\340\334\2313\363"
  87      7CB03373 
  87      77DDADD5 
  87      68E0DC99 
  87      33F3
  88 005d 7DDF3973 		.ascii	"}\3379s\346\\\221\020\342A\233\306Q\247!$\021\010\021"
ARM GAS  C:\Users\victo\AppData\Local\Temp\ccnFWuJb.s 			page 6


  88      E65C9110 
  88      E2419BC6 
  88      51A72124 
  88      110811
  89 0070 D1974978 		.ascii	"\321\227Ix\010h\255h.4<&\367\310\237\203\235\351\203"
  89      0868AD68 
  89      2E343C26 
  89      F7C89F83 
  89      9DE983
  90 0083 9C456883 		.ascii	"\234Eh\203h\017\320\206\320\274h]A\236'8\267\316\241"
  90      680FD086 
  90      D0BC685D 
  90      419E2738 
  90      B7CEA1
  91 0096 E3FA4B27 		.ascii	"\343\372K'\222\037\322\214\324\231+\237\257\002\014"
  91      921FD28C 
  91      D4992B9F 
  91      AF020C
  92 00a5 BEFE396E 		.ascii	"\276\3769n|/@\2344\237\271\247G\336M\210\350\032%\201"
  92      7C2F409C 
  92      349FB9A7 
  92      47DE4D88 
  92      E81A2581 
  93 00b9 B99D93DF 		.ascii	"\271\235\223\337\257\350\222j)\033\025t\276\000r\"\\"
  93      AFE8926A 
  93      291B1574 
  93      BE007222 
  93      5C
  94 00ca 84646886 		.ascii	"\204dh\206dT\274\004I\370\335\252Q\225\236\177\033\276"
  94      6454BC04 
  94      49F8DDAA 
  94      51959E7F 
  94      1BBE
  95 00dc A1150560 		.ascii	"\241\025\005`\353\206\272W\303Rz\013\262\034\324\343"
  95      EB86BA57 
  95      C3527A0B 
  95      B21CD4E3 
  96 00ec 13C3E17A 		.ascii	"\023\303\341z\277\275i\027S\352\251\263=\340\353zf\244"
  96      BFBD6917 
  96      53EAA9B3 
  96      3DE0EB7A 
  96      66A4
  97 00fe CDD4333D 		.ascii	"\315\3243=\275\202KA\013\210p\031\322\031\222\2559\005"
  97      BD824B41 
  97      0B887019 
  97      D21992AD 
  97      3905
  98 0110 5A210569 		.ascii	"Z!\005i\277>\377\270\240\025e\256]Yq\362\224\216K8\233"
  98      BF3EFFB8 
  98      A01565AE 
  98      5D5971F2 
  98      948E4B38 
  99 0125 1B74AA00 		.ascii	"\033t\252\000\347\267E\360\333B|\027\347\267\367]\256"
  99      E7B745F0 
  99      DB427C17 
  99      E7B7F75D 
  99      AE
ARM GAS  C:\Users\victo\AppData\Local\Temp\ccnFWuJb.s 			page 7


 100 0136 8AE1B7DC 		.ascii	"\212\341\267\334\306$~T\006\252$~K#s\353\003\216\261"
 100      C6247E54 
 100      06AA247E 
 100      4B2373EB 
 100      038EB1
 101 0149 79E22EAE 		.ascii	"y\342.\256\336\355\232x\030\313\221)\314\3559\352\253"
 101      DEED9A78 
 101      18CB9129 
 101      CCED39EA 
 101      AB
 102 015a D371A486 		.ascii	"\323q\244\206\271\257FGn\351\305C\300\241\373\233n\036"
 102      B9AF4647 
 102      6EE9C543 
 102      C0A1FB9B 
 102      6E1E
 103 016c D1E3D922 		.ascii	"\321\343\331\"\211_\355\345\231\311\306\030\356\262"
 103      895FEDE5 
 103      99C9C618 
 103      EEB2
 104 017a 1689C72D 		.ascii	"\026\211\307-\341\323\361\362\351XH\223\032\261\020"
 104      E1D3F1F2 
 104      E9584893 
 104      1AB110
 105 0189 81FA01D7 		.ascii	"\201\372\001\327\372\012\232\015] \301\265\231T9\233"
 105      FA0A9A0D 
 105      5D20C1B5 
 105      9954399B 
 106 0199 0D07A5E5 		.ascii	"\015\007\245\345\264\272\202\306\254!\340\306\022w`"
 106      B4BA82C6 
 106      AC21E0C6 
 106      127760
 107 01a8 89E106A4 		.ascii	"\211\341\006\244!\200C\341:nv\342&\206j\251\031\350"
 107      218043E1 
 107      3A6E76E2 
 107      26866AA9 
 107      19E8
 108 01ba D58A6E35 		.ascii	"\325\212n5\215//\350:\261G]\177\037\372Z\005\242Wu\032"
 108      8D2F2FE8 
 108      3AB1475D 
 108      7F1FFA5A 
 108      05A25775 
 109 01cf 6B4FB46A 		.ascii	"kO\264jy\356\006t\265\276\216K~\003\230\022L\2464'\306"
 109      79EE0674 
 109      B5BE8E4B 
 109      7E039812 
 109      4CA63427 
 110 01e4 0A9CBD78 		.ascii	"\012\234\275x,\356\024u\336\005\236\321M\314\3506$\204"
 110      2CEE1475 
 110      DE059ED1 
 110      4DCCE836 
 110      2484
 111 01f6 43DFE24F 		.ascii	"C\337\342O\274\004?\244\206=\1775\245\331\032\002W\360"
 111      BC043FA4 
 111      863D7F35 
 111      A5D91A02 
 111      57F0
 112 0208 BC9D1F31 		.ascii	"\274\235\03714&\006w0G\017\230\240\017\255\027L\374"
ARM GAS  C:\Users\victo\AppData\Local\Temp\ccnFWuJb.s 			page 8


 112      34260677 
 112      30470F98 
 112      A00FAD17 
 112      4CFC
 113 021a 322C8073 		.ascii	"2,\200s\310M\263\017\210\\\275\347o\365\305L\301\315"
 113      C84DB30F 
 113      885CBDE7 
 113      6FF5C54C 
 113      C1CD
 114 022c 7454EC60 		.ascii	"tT\354`\030\333=+\226'\302\3528\346\3174\260s\022z\353"
 114      18DB3D2B 
 114      9627C2EA 
 114      38E6CF34 
 114      B073127A 
 115 0241 506F09EE 		.ascii	"Po\011\356\376\372\252xHK\340\250G:\000/\252\\\015W"
 115      FEFAAA78 
 115      484BE0A8 
 115      473A002F 
 115      AA5C0D57 
 116 0255 9A91F898 		.ascii	"\232\221\370\230\355>p\027\257\361\257+aAO\016w7\351"
 116      ED3E7017 
 116      AFF1AF2B 
 116      61414F0E 
 116      7737E9
 117 0268 C549B5BA 		.ascii	"\305I\265\272cmO\274\361Y\327\250\303\271\200\007bx"
 117      636D4FBC 
 117      F159D7A8 
 117      C3B98007 
 117      6278
 118 027a F6447DC1 		.ascii	"\366D}\301\271W\235\031\264\355\370\323C\232\324\363"
 118      B9579D19 
 118      B4EDF8D3 
 118      439AD4F3 
 119 028a 943A03BE 		.ascii	"\224:\003\276\3211a?u\226S\312\272\226\023\373\325\014"
 119      D131613F 
 119      759653CA 
 119      BA9613FB 
 119      D50C
 120 029c 232ADBCF 		.ascii	"#*\333\317\232\027\006 \213\300=HE\001\307\321\316\017"
 120      9A170620 
 120      8BC03D48 
 120      4501C7D1 
 120      CE0F
 121 02ae 5AB146FD 		.ascii	"Z\261F\375\267\272k\037\337\227$\007\373!\377\257]\004"
 121      B7BA6B1F 
 121      DF972407 
 121      FB21FFAF 
 121      5D04
 122 02c0 4F47F594 		.ascii	"OG\365\224q\246\015+\337\030\375\224\032\340\001\326"
 122      71A60D2B 
 122      DF18FD94 
 122      1AE001D6 
 123 02d0 FA7EB83A 		.ascii	"\372~\270:>\0107b\264\262\177\366F|\367\366\334\224"
 123      3E083762 
 123      B4B27FF6 
 123      467CF7F6 
 123      DC94
ARM GAS  C:\Users\victo\AppData\Local\Temp\ccnFWuJb.s 			page 9


 124 02e2 CE7878A6 		.ascii	"\316xx\246u\271h\210D`\020\214\374'\304\031\301\343"
 124      75B96888 
 124      4460108C 
 124      FC27C419 
 124      C1E3
 125 02f4 073FFAE3 		.ascii	"\007?\372\343\"\301\336\210W&0\024\004\2639q\363\252"
 125      22C1DE88 
 125      57263014 
 125      04B33971 
 125      F3AA
 126 0306 7CB365D3 		.ascii	"|\263e\323f\331\222\227\273V\266\310\231\026\363^E\261"
 126      66D99297 
 126      BB56B6C8 
 126      9916F35E 
 126      45B1
 127 0318 E9566FCC 		.ascii	"\351Vo\314O\311!K3\012V+\373\224\342\302Re\207\305\\"
 127      4FC9214B 
 127      330A562B 
 127      FB94E2C2 
 127      526587C5 
 128 032d 642FB62A 		.ascii	"d/\266*\005\262\271(gyA\024M\336\220a%IQ\333[\012\367"
 128      05B2B928 
 128      67794114 
 128      4DDE9061 
 128      254951DB 
 129 0344 2876DBC2 		.ascii	"(v\333\302\250\375U+s\326\347\313\026s^n~N\236\316\276"
 129      A8FD552B 
 129      73D6E7CB 
 129      16735E6E 
 129      7E4E9ECE 
 130 0359 7B5FE9B2 		.ascii	"{_\351\262\314\3249\243Y\313J\313lJI\306.\242\267Y\315"
 130      CCD439A3 
 130      59CB4ACB 
 130      6C4A49C6 
 130      2EA2B759 
 131 036e A5083094 		.ascii	"\245\0100\224\354.R\027\366\222\355|\221\376\337\271"
 131      EC2E5217 
 131      F692ED7C 
 131      91FEDFB9 
 132 037e A24C74A2 		.ascii	"\242Lt\242\333\013\255{\3546m\261\262sY\346o\271\361"
 132      DB0BAD7B 
 132      EC366DB1 
 132      B27359E6 
 132      6FB9F1
 133 0391 C922     		.ascii	"\311\""
 134              		.text
 135              		.section	.gnu.lto_.symtab.91bc98b4,"",%progbits
 136 0000 56425553 		.ascii	"VBUS_OVP_TRIP_P2_Sleep\000\000\000\000\000\000\000\000"
 136      5F4F5650 
 136      5F545249 
 136      505F5032 
 136      5F536C65 
 137 001e 00000000 		.ascii	"\000\000\000\000\254\000\000\000VBUS_OVP_TRIP_P2_Wa"
 137      AC000000 
 137      56425553 
 137      5F4F5650 
 137      5F545249 
ARM GAS  C:\Users\victo\AppData\Local\Temp\ccnFWuJb.s 			page 10


 138 0039 6B657570 		.ascii	"keup\000\000\000\000\000\000\000\000\000\000\000\000"
 138      00000000 
 138      00000000 
 138      00000000 
 139 0049 AE000000 		.ascii	"\256\000\000\000"
 140              		.text
 141              		.section	.gnu.lto_.opts,"",%progbits
 142 0000 272D666E 		.ascii	"'-fno-trapv' '-mcpu=cortex-m0' '-mthumb' '-g' '-Os'"
 142      6F2D7472 
 142      61707627 
 142      20272D6D 
 142      6370753D 
 143 0033 20272D57 		.ascii	" '-Werror' '-ffunction-sections' '-finline-function"
 143      6572726F 
 143      72272027 
 143      2D666675 
 143      6E637469 
 144 0066 73272027 		.ascii	"s' '-flto' '-ffat-lto-objects' '-fno-strict-aliasin"
 144      2D666C74 
 144      6F272027 
 144      2D666661 
 144      742D6C74 
 145 0099 672700   		.ascii	"g'\000"
 146              		.text
 147              		.cfi_sections	.debug_frame
 148              		.section	.text.VBUS_OVP_TRIP_P2_Sleep,"ax",%progbits
 149              		.align	1
 150              		.global	VBUS_OVP_TRIP_P2_Sleep
 151              		.code	16
 152              		.thumb_func
 153              		.type	VBUS_OVP_TRIP_P2_Sleep, %function
 154              	VBUS_OVP_TRIP_P2_Sleep:
 155              	.LFB0:
 156              		.file 1 ".\\Generated_Source\\PSoC4\\VBUS_OVP_TRIP_P2_PM.c"
   1:.\Generated_Source\PSoC4/VBUS_OVP_TRIP_P2_PM.c **** /*******************************************************************************
   2:.\Generated_Source\PSoC4/VBUS_OVP_TRIP_P2_PM.c **** * File Name: VBUS_OVP_TRIP_P2.c  
   3:.\Generated_Source\PSoC4/VBUS_OVP_TRIP_P2_PM.c **** * Version 2.20
   4:.\Generated_Source\PSoC4/VBUS_OVP_TRIP_P2_PM.c **** *
   5:.\Generated_Source\PSoC4/VBUS_OVP_TRIP_P2_PM.c **** * Description:
   6:.\Generated_Source\PSoC4/VBUS_OVP_TRIP_P2_PM.c **** *  This file contains APIs to set up the Pins component for low power modes.
   7:.\Generated_Source\PSoC4/VBUS_OVP_TRIP_P2_PM.c **** *
   8:.\Generated_Source\PSoC4/VBUS_OVP_TRIP_P2_PM.c **** * Note:
   9:.\Generated_Source\PSoC4/VBUS_OVP_TRIP_P2_PM.c **** *
  10:.\Generated_Source\PSoC4/VBUS_OVP_TRIP_P2_PM.c **** ********************************************************************************
  11:.\Generated_Source\PSoC4/VBUS_OVP_TRIP_P2_PM.c **** * Copyright 2015, Cypress Semiconductor Corporation.  All rights reserved.
  12:.\Generated_Source\PSoC4/VBUS_OVP_TRIP_P2_PM.c **** * You may use this file only in accordance with the license, terms, conditions, 
  13:.\Generated_Source\PSoC4/VBUS_OVP_TRIP_P2_PM.c **** * disclaimers, and limitations in the end user license agreement accompanying 
  14:.\Generated_Source\PSoC4/VBUS_OVP_TRIP_P2_PM.c **** * the software package with which this file was provided.
  15:.\Generated_Source\PSoC4/VBUS_OVP_TRIP_P2_PM.c **** *******************************************************************************/
  16:.\Generated_Source\PSoC4/VBUS_OVP_TRIP_P2_PM.c **** 
  17:.\Generated_Source\PSoC4/VBUS_OVP_TRIP_P2_PM.c **** #include "cytypes.h"
  18:.\Generated_Source\PSoC4/VBUS_OVP_TRIP_P2_PM.c **** #include "VBUS_OVP_TRIP_P2.h"
  19:.\Generated_Source\PSoC4/VBUS_OVP_TRIP_P2_PM.c **** 
  20:.\Generated_Source\PSoC4/VBUS_OVP_TRIP_P2_PM.c **** static VBUS_OVP_TRIP_P2_BACKUP_STRUCT  VBUS_OVP_TRIP_P2_backup = {0u, 0u, 0u};
  21:.\Generated_Source\PSoC4/VBUS_OVP_TRIP_P2_PM.c **** 
  22:.\Generated_Source\PSoC4/VBUS_OVP_TRIP_P2_PM.c **** 
  23:.\Generated_Source\PSoC4/VBUS_OVP_TRIP_P2_PM.c **** /*******************************************************************************
ARM GAS  C:\Users\victo\AppData\Local\Temp\ccnFWuJb.s 			page 11


  24:.\Generated_Source\PSoC4/VBUS_OVP_TRIP_P2_PM.c **** * Function Name: VBUS_OVP_TRIP_P2_Sleep
  25:.\Generated_Source\PSoC4/VBUS_OVP_TRIP_P2_PM.c **** ****************************************************************************//**
  26:.\Generated_Source\PSoC4/VBUS_OVP_TRIP_P2_PM.c **** *
  27:.\Generated_Source\PSoC4/VBUS_OVP_TRIP_P2_PM.c **** * \brief Stores the pin configuration and prepares the pin for entering chip 
  28:.\Generated_Source\PSoC4/VBUS_OVP_TRIP_P2_PM.c **** *  deep-sleep/hibernate modes. This function must be called for SIO and USBIO
  29:.\Generated_Source\PSoC4/VBUS_OVP_TRIP_P2_PM.c **** *  pins. It is not essential if using GPIO or GPIO_OVT pins.
  30:.\Generated_Source\PSoC4/VBUS_OVP_TRIP_P2_PM.c **** *
  31:.\Generated_Source\PSoC4/VBUS_OVP_TRIP_P2_PM.c **** * <b>Note</b> This function is available in PSoC 4 only.
  32:.\Generated_Source\PSoC4/VBUS_OVP_TRIP_P2_PM.c **** *
  33:.\Generated_Source\PSoC4/VBUS_OVP_TRIP_P2_PM.c **** * \return 
  34:.\Generated_Source\PSoC4/VBUS_OVP_TRIP_P2_PM.c **** *  None 
  35:.\Generated_Source\PSoC4/VBUS_OVP_TRIP_P2_PM.c **** *  
  36:.\Generated_Source\PSoC4/VBUS_OVP_TRIP_P2_PM.c **** * \sideeffect
  37:.\Generated_Source\PSoC4/VBUS_OVP_TRIP_P2_PM.c **** *  For SIO pins, this function configures the pin input threshold to CMOS and
  38:.\Generated_Source\PSoC4/VBUS_OVP_TRIP_P2_PM.c **** *  drive level to Vddio. This is needed for SIO pins when in device 
  39:.\Generated_Source\PSoC4/VBUS_OVP_TRIP_P2_PM.c **** *  deep-sleep/hibernate modes.
  40:.\Generated_Source\PSoC4/VBUS_OVP_TRIP_P2_PM.c **** *
  41:.\Generated_Source\PSoC4/VBUS_OVP_TRIP_P2_PM.c **** * \funcusage
  42:.\Generated_Source\PSoC4/VBUS_OVP_TRIP_P2_PM.c **** *  \snippet VBUS_OVP_TRIP_P2_SUT.c usage_VBUS_OVP_TRIP_P2_Sleep_Wakeup
  43:.\Generated_Source\PSoC4/VBUS_OVP_TRIP_P2_PM.c **** *******************************************************************************/
  44:.\Generated_Source\PSoC4/VBUS_OVP_TRIP_P2_PM.c **** void VBUS_OVP_TRIP_P2_Sleep(void)
  45:.\Generated_Source\PSoC4/VBUS_OVP_TRIP_P2_PM.c **** {
 157              		.loc 1 45 0
 158              		.cfi_startproc
  46:.\Generated_Source\PSoC4/VBUS_OVP_TRIP_P2_PM.c ****     #if defined(VBUS_OVP_TRIP_P2__PC)
  47:.\Generated_Source\PSoC4/VBUS_OVP_TRIP_P2_PM.c ****         VBUS_OVP_TRIP_P2_backup.pcState = VBUS_OVP_TRIP_P2_PC;
 159              		.loc 1 47 0
 160 0000 024B     		ldr	r3, .L2
  48:.\Generated_Source\PSoC4/VBUS_OVP_TRIP_P2_PM.c ****     #else
  49:.\Generated_Source\PSoC4/VBUS_OVP_TRIP_P2_PM.c ****         #if (CY_PSOC4_4200L)
  50:.\Generated_Source\PSoC4/VBUS_OVP_TRIP_P2_PM.c ****             /* Save the regulator state and put the PHY into suspend mode */
  51:.\Generated_Source\PSoC4/VBUS_OVP_TRIP_P2_PM.c ****             VBUS_OVP_TRIP_P2_backup.usbState = VBUS_OVP_TRIP_P2_CR1_REG;
  52:.\Generated_Source\PSoC4/VBUS_OVP_TRIP_P2_PM.c ****             VBUS_OVP_TRIP_P2_USB_POWER_REG |= VBUS_OVP_TRIP_P2_USBIO_ENTER_SLEEP;
  53:.\Generated_Source\PSoC4/VBUS_OVP_TRIP_P2_PM.c ****             VBUS_OVP_TRIP_P2_CR1_REG &= VBUS_OVP_TRIP_P2_USBIO_CR1_OFF;
  54:.\Generated_Source\PSoC4/VBUS_OVP_TRIP_P2_PM.c ****         #endif
  55:.\Generated_Source\PSoC4/VBUS_OVP_TRIP_P2_PM.c ****     #endif
  56:.\Generated_Source\PSoC4/VBUS_OVP_TRIP_P2_PM.c ****     #if defined(CYIPBLOCK_m0s8ioss_VERSION) && defined(VBUS_OVP_TRIP_P2__SIO)
  57:.\Generated_Source\PSoC4/VBUS_OVP_TRIP_P2_PM.c ****         VBUS_OVP_TRIP_P2_backup.sioState = VBUS_OVP_TRIP_P2_SIO_REG;
  58:.\Generated_Source\PSoC4/VBUS_OVP_TRIP_P2_PM.c ****         /* SIO requires unregulated output buffer and single ended input buffer */
  59:.\Generated_Source\PSoC4/VBUS_OVP_TRIP_P2_PM.c ****         VBUS_OVP_TRIP_P2_SIO_REG &= (uint32)(~VBUS_OVP_TRIP_P2_SIO_LPM_MASK);
  60:.\Generated_Source\PSoC4/VBUS_OVP_TRIP_P2_PM.c ****     #endif  
  61:.\Generated_Source\PSoC4/VBUS_OVP_TRIP_P2_PM.c **** }
 161              		.loc 1 61 0
 162              		@ sp needed
  47:.\Generated_Source\PSoC4/VBUS_OVP_TRIP_P2_PM.c ****     #else
 163              		.loc 1 47 0
 164 0002 1A68     		ldr	r2, [r3]
 165 0004 024B     		ldr	r3, .L2+4
 166 0006 1A60     		str	r2, [r3]
 167              		.loc 1 61 0
 168 0008 7047     		bx	lr
 169              	.L3:
 170 000a C046     		.align	2
 171              	.L2:
 172 000c 08030440 		.word	1074004744
 173 0010 00000000 		.word	.LANCHOR0
 174              		.cfi_endproc
ARM GAS  C:\Users\victo\AppData\Local\Temp\ccnFWuJb.s 			page 12


 175              	.LFE0:
 176              		.size	VBUS_OVP_TRIP_P2_Sleep, .-VBUS_OVP_TRIP_P2_Sleep
 177              		.section	.text.VBUS_OVP_TRIP_P2_Wakeup,"ax",%progbits
 178              		.align	1
 179              		.global	VBUS_OVP_TRIP_P2_Wakeup
 180              		.code	16
 181              		.thumb_func
 182              		.type	VBUS_OVP_TRIP_P2_Wakeup, %function
 183              	VBUS_OVP_TRIP_P2_Wakeup:
 184              	.LFB1:
  62:.\Generated_Source\PSoC4/VBUS_OVP_TRIP_P2_PM.c **** 
  63:.\Generated_Source\PSoC4/VBUS_OVP_TRIP_P2_PM.c **** 
  64:.\Generated_Source\PSoC4/VBUS_OVP_TRIP_P2_PM.c **** /*******************************************************************************
  65:.\Generated_Source\PSoC4/VBUS_OVP_TRIP_P2_PM.c **** * Function Name: VBUS_OVP_TRIP_P2_Wakeup
  66:.\Generated_Source\PSoC4/VBUS_OVP_TRIP_P2_PM.c **** ****************************************************************************//**
  67:.\Generated_Source\PSoC4/VBUS_OVP_TRIP_P2_PM.c **** *
  68:.\Generated_Source\PSoC4/VBUS_OVP_TRIP_P2_PM.c **** * \brief Restores the pin configuration that was saved during Pin_Sleep().
  69:.\Generated_Source\PSoC4/VBUS_OVP_TRIP_P2_PM.c **** *
  70:.\Generated_Source\PSoC4/VBUS_OVP_TRIP_P2_PM.c **** * For USBIO pins, the wakeup is only triggered for falling edge interrupts.
  71:.\Generated_Source\PSoC4/VBUS_OVP_TRIP_P2_PM.c **** *
  72:.\Generated_Source\PSoC4/VBUS_OVP_TRIP_P2_PM.c **** * <b>Note</b> This function is available in PSoC 4 only.
  73:.\Generated_Source\PSoC4/VBUS_OVP_TRIP_P2_PM.c **** *
  74:.\Generated_Source\PSoC4/VBUS_OVP_TRIP_P2_PM.c **** * \return 
  75:.\Generated_Source\PSoC4/VBUS_OVP_TRIP_P2_PM.c **** *  None
  76:.\Generated_Source\PSoC4/VBUS_OVP_TRIP_P2_PM.c **** *  
  77:.\Generated_Source\PSoC4/VBUS_OVP_TRIP_P2_PM.c **** * \funcusage
  78:.\Generated_Source\PSoC4/VBUS_OVP_TRIP_P2_PM.c **** *  Refer to VBUS_OVP_TRIP_P2_Sleep() for an example usage.
  79:.\Generated_Source\PSoC4/VBUS_OVP_TRIP_P2_PM.c **** *******************************************************************************/
  80:.\Generated_Source\PSoC4/VBUS_OVP_TRIP_P2_PM.c **** void VBUS_OVP_TRIP_P2_Wakeup(void)
  81:.\Generated_Source\PSoC4/VBUS_OVP_TRIP_P2_PM.c **** {
 185              		.loc 1 81 0
 186              		.cfi_startproc
  82:.\Generated_Source\PSoC4/VBUS_OVP_TRIP_P2_PM.c ****     #if defined(VBUS_OVP_TRIP_P2__PC)
  83:.\Generated_Source\PSoC4/VBUS_OVP_TRIP_P2_PM.c ****         VBUS_OVP_TRIP_P2_PC = VBUS_OVP_TRIP_P2_backup.pcState;
 187              		.loc 1 83 0
 188 0000 024B     		ldr	r3, .L5
  84:.\Generated_Source\PSoC4/VBUS_OVP_TRIP_P2_PM.c ****     #else
  85:.\Generated_Source\PSoC4/VBUS_OVP_TRIP_P2_PM.c ****         #if (CY_PSOC4_4200L)
  86:.\Generated_Source\PSoC4/VBUS_OVP_TRIP_P2_PM.c ****             /* Restore the regulator state and come out of suspend mode */
  87:.\Generated_Source\PSoC4/VBUS_OVP_TRIP_P2_PM.c ****             VBUS_OVP_TRIP_P2_USB_POWER_REG &= VBUS_OVP_TRIP_P2_USBIO_EXIT_SLEEP_PH1;
  88:.\Generated_Source\PSoC4/VBUS_OVP_TRIP_P2_PM.c ****             VBUS_OVP_TRIP_P2_CR1_REG = VBUS_OVP_TRIP_P2_backup.usbState;
  89:.\Generated_Source\PSoC4/VBUS_OVP_TRIP_P2_PM.c ****             VBUS_OVP_TRIP_P2_USB_POWER_REG &= VBUS_OVP_TRIP_P2_USBIO_EXIT_SLEEP_PH2;
  90:.\Generated_Source\PSoC4/VBUS_OVP_TRIP_P2_PM.c ****         #endif
  91:.\Generated_Source\PSoC4/VBUS_OVP_TRIP_P2_PM.c ****     #endif
  92:.\Generated_Source\PSoC4/VBUS_OVP_TRIP_P2_PM.c ****     #if defined(CYIPBLOCK_m0s8ioss_VERSION) && defined(VBUS_OVP_TRIP_P2__SIO)
  93:.\Generated_Source\PSoC4/VBUS_OVP_TRIP_P2_PM.c ****         VBUS_OVP_TRIP_P2_SIO_REG = VBUS_OVP_TRIP_P2_backup.sioState;
  94:.\Generated_Source\PSoC4/VBUS_OVP_TRIP_P2_PM.c ****     #endif
  95:.\Generated_Source\PSoC4/VBUS_OVP_TRIP_P2_PM.c **** }
 189              		.loc 1 95 0
 190              		@ sp needed
  83:.\Generated_Source\PSoC4/VBUS_OVP_TRIP_P2_PM.c ****     #else
 191              		.loc 1 83 0
 192 0002 1A68     		ldr	r2, [r3]
 193 0004 024B     		ldr	r3, .L5+4
 194 0006 1A60     		str	r2, [r3]
 195              		.loc 1 95 0
 196 0008 7047     		bx	lr
ARM GAS  C:\Users\victo\AppData\Local\Temp\ccnFWuJb.s 			page 13


 197              	.L6:
 198 000a C046     		.align	2
 199              	.L5:
 200 000c 00000000 		.word	.LANCHOR0
 201 0010 08030440 		.word	1074004744
 202              		.cfi_endproc
 203              	.LFE1:
 204              		.size	VBUS_OVP_TRIP_P2_Wakeup, .-VBUS_OVP_TRIP_P2_Wakeup
 205              		.bss
 206              		.align	2
 207              		.set	.LANCHOR0,. + 0
 208              		.type	VBUS_OVP_TRIP_P2_backup, %object
 209              		.size	VBUS_OVP_TRIP_P2_backup, 12
 210              	VBUS_OVP_TRIP_P2_backup:
 211 0000 00000000 		.space	12
 211      00000000 
 211      00000000 
 212              		.text
 213              	.Letext0:
 214              		.file 2 ".\\Generated_Source\\PSoC4\\cytypes.h"
 215              		.file 3 ".\\Generated_Source\\PSoC4\\VBUS_OVP_TRIP_P2.h"
 216              		.section	.debug_info,"",%progbits
 217              	.Ldebug_info0:
 218 0000 05010000 		.4byte	0x105
 219 0004 0400     		.2byte	0x4
 220 0006 00000000 		.4byte	.Ldebug_abbrev0
 221 000a 04       		.byte	0x4
 222 000b 01       		.uleb128 0x1
 223 000c C1000000 		.4byte	.LASF20
 224 0010 01       		.byte	0x1
 225 0011 44020000 		.4byte	.LASF21
 226 0015 9C010000 		.4byte	.LASF22
 227 0019 00000000 		.4byte	.Ldebug_ranges0+0
 228 001d 00000000 		.4byte	0
 229 0021 00000000 		.4byte	.Ldebug_line0
 230 0025 02       		.uleb128 0x2
 231 0026 01       		.byte	0x1
 232 0027 06       		.byte	0x6
 233 0028 38020000 		.4byte	.LASF0
 234 002c 02       		.uleb128 0x2
 235 002d 01       		.byte	0x1
 236 002e 08       		.byte	0x8
 237 002f 44000000 		.4byte	.LASF1
 238 0033 02       		.uleb128 0x2
 239 0034 02       		.byte	0x2
 240 0035 05       		.byte	0x5
 241 0036 1D020000 		.4byte	.LASF2
 242 003a 02       		.uleb128 0x2
 243 003b 02       		.byte	0x2
 244 003c 07       		.byte	0x7
 245 003d 64000000 		.4byte	.LASF3
 246 0041 02       		.uleb128 0x2
 247 0042 04       		.byte	0x4
 248 0043 05       		.byte	0x5
 249 0044 2F020000 		.4byte	.LASF4
 250 0048 02       		.uleb128 0x2
 251 0049 04       		.byte	0x4
ARM GAS  C:\Users\victo\AppData\Local\Temp\ccnFWuJb.s 			page 14


 252 004a 07       		.byte	0x7
 253 004b 52000000 		.4byte	.LASF5
 254 004f 02       		.uleb128 0x2
 255 0050 08       		.byte	0x8
 256 0051 05       		.byte	0x5
 257 0052 0A020000 		.4byte	.LASF6
 258 0056 02       		.uleb128 0x2
 259 0057 08       		.byte	0x8
 260 0058 07       		.byte	0x7
 261 0059 AA000000 		.4byte	.LASF7
 262 005d 03       		.uleb128 0x3
 263 005e 04       		.byte	0x4
 264 005f 05       		.byte	0x5
 265 0060 696E7400 		.ascii	"int\000"
 266 0064 02       		.uleb128 0x2
 267 0065 04       		.byte	0x4
 268 0066 07       		.byte	0x7
 269 0067 9D000000 		.4byte	.LASF8
 270 006b 04       		.uleb128 0x4
 271 006c 96000000 		.4byte	.LASF12
 272 0070 02       		.byte	0x2
 273 0071 9A01     		.2byte	0x19a
 274 0073 48000000 		.4byte	0x48
 275 0077 02       		.uleb128 0x2
 276 0078 04       		.byte	0x4
 277 0079 04       		.byte	0x4
 278 007a 3E000000 		.4byte	.LASF9
 279 007e 02       		.uleb128 0x2
 280 007f 08       		.byte	0x8
 281 0080 04       		.byte	0x4
 282 0081 77000000 		.4byte	.LASF10
 283 0085 02       		.uleb128 0x2
 284 0086 01       		.byte	0x1
 285 0087 08       		.byte	0x8
 286 0088 18020000 		.4byte	.LASF11
 287 008c 04       		.uleb128 0x4
 288 008d 00000000 		.4byte	.LASF13
 289 0091 02       		.byte	0x2
 290 0092 4402     		.2byte	0x244
 291 0094 98000000 		.4byte	0x98
 292 0098 05       		.uleb128 0x5
 293 0099 6B000000 		.4byte	0x6b
 294 009d 06       		.uleb128 0x6
 295 009e 0C       		.byte	0xc
 296 009f 03       		.byte	0x3
 297 00a0 21       		.byte	0x21
 298 00a1 CA000000 		.4byte	0xca
 299 00a5 07       		.uleb128 0x7
 300 00a6 27020000 		.4byte	.LASF14
 301 00aa 03       		.byte	0x3
 302 00ab 23       		.byte	0x23
 303 00ac 6B000000 		.4byte	0x6b
 304 00b0 00       		.byte	0
 305 00b1 07       		.uleb128 0x7
 306 00b2 01020000 		.4byte	.LASF15
 307 00b6 03       		.byte	0x3
 308 00b7 24       		.byte	0x24
ARM GAS  C:\Users\victo\AppData\Local\Temp\ccnFWuJb.s 			page 15


 309 00b8 6B000000 		.4byte	0x6b
 310 00bc 04       		.byte	0x4
 311 00bd 07       		.uleb128 0x7
 312 00be 06000000 		.4byte	.LASF16
 313 00c2 03       		.byte	0x3
 314 00c3 25       		.byte	0x25
 315 00c4 6B000000 		.4byte	0x6b
 316 00c8 08       		.byte	0x8
 317 00c9 00       		.byte	0
 318 00ca 08       		.uleb128 0x8
 319 00cb 7D010000 		.4byte	.LASF17
 320 00cf 03       		.byte	0x3
 321 00d0 26       		.byte	0x26
 322 00d1 9D000000 		.4byte	0x9d
 323 00d5 09       		.uleb128 0x9
 324 00d6 0F000000 		.4byte	.LASF18
 325 00da 01       		.byte	0x1
 326 00db 2C       		.byte	0x2c
 327 00dc 00000000 		.4byte	.LFB0
 328 00e0 14000000 		.4byte	.LFE0-.LFB0
 329 00e4 01       		.uleb128 0x1
 330 00e5 9C       		.byte	0x9c
 331 00e6 09       		.uleb128 0x9
 332 00e7 7E000000 		.4byte	.LASF19
 333 00eb 01       		.byte	0x1
 334 00ec 50       		.byte	0x50
 335 00ed 00000000 		.4byte	.LFB1
 336 00f1 14000000 		.4byte	.LFE1-.LFB1
 337 00f5 01       		.uleb128 0x1
 338 00f6 9C       		.byte	0x9c
 339 00f7 0A       		.uleb128 0xa
 340 00f8 26000000 		.4byte	.LASF23
 341 00fc 01       		.byte	0x1
 342 00fd 14       		.byte	0x14
 343 00fe CA000000 		.4byte	0xca
 344 0102 05       		.uleb128 0x5
 345 0103 03       		.byte	0x3
 346 0104 00000000 		.4byte	VBUS_OVP_TRIP_P2_backup
 347 0108 00       		.byte	0
 348              		.section	.debug_abbrev,"",%progbits
 349              	.Ldebug_abbrev0:
 350 0000 01       		.uleb128 0x1
 351 0001 11       		.uleb128 0x11
 352 0002 01       		.byte	0x1
 353 0003 25       		.uleb128 0x25
 354 0004 0E       		.uleb128 0xe
 355 0005 13       		.uleb128 0x13
 356 0006 0B       		.uleb128 0xb
 357 0007 03       		.uleb128 0x3
 358 0008 0E       		.uleb128 0xe
 359 0009 1B       		.uleb128 0x1b
 360 000a 0E       		.uleb128 0xe
 361 000b 55       		.uleb128 0x55
 362 000c 17       		.uleb128 0x17
 363 000d 11       		.uleb128 0x11
 364 000e 01       		.uleb128 0x1
 365 000f 10       		.uleb128 0x10
ARM GAS  C:\Users\victo\AppData\Local\Temp\ccnFWuJb.s 			page 16


 366 0010 17       		.uleb128 0x17
 367 0011 00       		.byte	0
 368 0012 00       		.byte	0
 369 0013 02       		.uleb128 0x2
 370 0014 24       		.uleb128 0x24
 371 0015 00       		.byte	0
 372 0016 0B       		.uleb128 0xb
 373 0017 0B       		.uleb128 0xb
 374 0018 3E       		.uleb128 0x3e
 375 0019 0B       		.uleb128 0xb
 376 001a 03       		.uleb128 0x3
 377 001b 0E       		.uleb128 0xe
 378 001c 00       		.byte	0
 379 001d 00       		.byte	0
 380 001e 03       		.uleb128 0x3
 381 001f 24       		.uleb128 0x24
 382 0020 00       		.byte	0
 383 0021 0B       		.uleb128 0xb
 384 0022 0B       		.uleb128 0xb
 385 0023 3E       		.uleb128 0x3e
 386 0024 0B       		.uleb128 0xb
 387 0025 03       		.uleb128 0x3
 388 0026 08       		.uleb128 0x8
 389 0027 00       		.byte	0
 390 0028 00       		.byte	0
 391 0029 04       		.uleb128 0x4
 392 002a 16       		.uleb128 0x16
 393 002b 00       		.byte	0
 394 002c 03       		.uleb128 0x3
 395 002d 0E       		.uleb128 0xe
 396 002e 3A       		.uleb128 0x3a
 397 002f 0B       		.uleb128 0xb
 398 0030 3B       		.uleb128 0x3b
 399 0031 05       		.uleb128 0x5
 400 0032 49       		.uleb128 0x49
 401 0033 13       		.uleb128 0x13
 402 0034 00       		.byte	0
 403 0035 00       		.byte	0
 404 0036 05       		.uleb128 0x5
 405 0037 35       		.uleb128 0x35
 406 0038 00       		.byte	0
 407 0039 49       		.uleb128 0x49
 408 003a 13       		.uleb128 0x13
 409 003b 00       		.byte	0
 410 003c 00       		.byte	0
 411 003d 06       		.uleb128 0x6
 412 003e 13       		.uleb128 0x13
 413 003f 01       		.byte	0x1
 414 0040 0B       		.uleb128 0xb
 415 0041 0B       		.uleb128 0xb
 416 0042 3A       		.uleb128 0x3a
 417 0043 0B       		.uleb128 0xb
 418 0044 3B       		.uleb128 0x3b
 419 0045 0B       		.uleb128 0xb
 420 0046 01       		.uleb128 0x1
 421 0047 13       		.uleb128 0x13
 422 0048 00       		.byte	0
ARM GAS  C:\Users\victo\AppData\Local\Temp\ccnFWuJb.s 			page 17


 423 0049 00       		.byte	0
 424 004a 07       		.uleb128 0x7
 425 004b 0D       		.uleb128 0xd
 426 004c 00       		.byte	0
 427 004d 03       		.uleb128 0x3
 428 004e 0E       		.uleb128 0xe
 429 004f 3A       		.uleb128 0x3a
 430 0050 0B       		.uleb128 0xb
 431 0051 3B       		.uleb128 0x3b
 432 0052 0B       		.uleb128 0xb
 433 0053 49       		.uleb128 0x49
 434 0054 13       		.uleb128 0x13
 435 0055 38       		.uleb128 0x38
 436 0056 0B       		.uleb128 0xb
 437 0057 00       		.byte	0
 438 0058 00       		.byte	0
 439 0059 08       		.uleb128 0x8
 440 005a 16       		.uleb128 0x16
 441 005b 00       		.byte	0
 442 005c 03       		.uleb128 0x3
 443 005d 0E       		.uleb128 0xe
 444 005e 3A       		.uleb128 0x3a
 445 005f 0B       		.uleb128 0xb
 446 0060 3B       		.uleb128 0x3b
 447 0061 0B       		.uleb128 0xb
 448 0062 49       		.uleb128 0x49
 449 0063 13       		.uleb128 0x13
 450 0064 00       		.byte	0
 451 0065 00       		.byte	0
 452 0066 09       		.uleb128 0x9
 453 0067 2E       		.uleb128 0x2e
 454 0068 00       		.byte	0
 455 0069 3F       		.uleb128 0x3f
 456 006a 19       		.uleb128 0x19
 457 006b 03       		.uleb128 0x3
 458 006c 0E       		.uleb128 0xe
 459 006d 3A       		.uleb128 0x3a
 460 006e 0B       		.uleb128 0xb
 461 006f 3B       		.uleb128 0x3b
 462 0070 0B       		.uleb128 0xb
 463 0071 27       		.uleb128 0x27
 464 0072 19       		.uleb128 0x19
 465 0073 11       		.uleb128 0x11
 466 0074 01       		.uleb128 0x1
 467 0075 12       		.uleb128 0x12
 468 0076 06       		.uleb128 0x6
 469 0077 40       		.uleb128 0x40
 470 0078 18       		.uleb128 0x18
 471 0079 9742     		.uleb128 0x2117
 472 007b 19       		.uleb128 0x19
 473 007c 00       		.byte	0
 474 007d 00       		.byte	0
 475 007e 0A       		.uleb128 0xa
 476 007f 34       		.uleb128 0x34
 477 0080 00       		.byte	0
 478 0081 03       		.uleb128 0x3
 479 0082 0E       		.uleb128 0xe
ARM GAS  C:\Users\victo\AppData\Local\Temp\ccnFWuJb.s 			page 18


 480 0083 3A       		.uleb128 0x3a
 481 0084 0B       		.uleb128 0xb
 482 0085 3B       		.uleb128 0x3b
 483 0086 0B       		.uleb128 0xb
 484 0087 49       		.uleb128 0x49
 485 0088 13       		.uleb128 0x13
 486 0089 02       		.uleb128 0x2
 487 008a 18       		.uleb128 0x18
 488 008b 00       		.byte	0
 489 008c 00       		.byte	0
 490 008d 00       		.byte	0
 491              		.section	.debug_aranges,"",%progbits
 492 0000 24000000 		.4byte	0x24
 493 0004 0200     		.2byte	0x2
 494 0006 00000000 		.4byte	.Ldebug_info0
 495 000a 04       		.byte	0x4
 496 000b 00       		.byte	0
 497 000c 0000     		.2byte	0
 498 000e 0000     		.2byte	0
 499 0010 00000000 		.4byte	.LFB0
 500 0014 14000000 		.4byte	.LFE0-.LFB0
 501 0018 00000000 		.4byte	.LFB1
 502 001c 14000000 		.4byte	.LFE1-.LFB1
 503 0020 00000000 		.4byte	0
 504 0024 00000000 		.4byte	0
 505              		.section	.debug_ranges,"",%progbits
 506              	.Ldebug_ranges0:
 507 0000 00000000 		.4byte	.LFB0
 508 0004 14000000 		.4byte	.LFE0
 509 0008 00000000 		.4byte	.LFB1
 510 000c 14000000 		.4byte	.LFE1
 511 0010 00000000 		.4byte	0
 512 0014 00000000 		.4byte	0
 513              		.section	.debug_line,"",%progbits
 514              	.Ldebug_line0:
 515 0000 A1000000 		.section	.debug_str,"MS",%progbits,1
 515      02006800 
 515      00000201 
 515      FB0E0D00 
 515      01010101 
 516              	.LASF13:
 517 0000 72656733 		.ascii	"reg32\000"
 517      3200
 518              	.LASF16:
 519 0006 75736253 		.ascii	"usbState\000"
 519      74617465 
 519      00
 520              	.LASF18:
 521 000f 56425553 		.ascii	"VBUS_OVP_TRIP_P2_Sleep\000"
 521      5F4F5650 
 521      5F545249 
 521      505F5032 
 521      5F536C65 
 522              	.LASF23:
 523 0026 56425553 		.ascii	"VBUS_OVP_TRIP_P2_backup\000"
 523      5F4F5650 
 523      5F545249 
ARM GAS  C:\Users\victo\AppData\Local\Temp\ccnFWuJb.s 			page 19


 523      505F5032 
 523      5F626163 
 524              	.LASF9:
 525 003e 666C6F61 		.ascii	"float\000"
 525      7400
 526              	.LASF1:
 527 0044 756E7369 		.ascii	"unsigned char\000"
 527      676E6564 
 527      20636861 
 527      7200
 528              	.LASF5:
 529 0052 6C6F6E67 		.ascii	"long unsigned int\000"
 529      20756E73 
 529      69676E65 
 529      6420696E 
 529      7400
 530              	.LASF3:
 531 0064 73686F72 		.ascii	"short unsigned int\000"
 531      7420756E 
 531      7369676E 
 531      65642069 
 531      6E7400
 532              	.LASF10:
 533 0077 646F7562 		.ascii	"double\000"
 533      6C6500
 534              	.LASF19:
 535 007e 56425553 		.ascii	"VBUS_OVP_TRIP_P2_Wakeup\000"
 535      5F4F5650 
 535      5F545249 
 535      505F5032 
 535      5F57616B 
 536              	.LASF12:
 537 0096 75696E74 		.ascii	"uint32\000"
 537      333200
 538              	.LASF8:
 539 009d 756E7369 		.ascii	"unsigned int\000"
 539      676E6564 
 539      20696E74 
 539      00
 540              	.LASF7:
 541 00aa 6C6F6E67 		.ascii	"long long unsigned int\000"
 541      206C6F6E 
 541      6720756E 
 541      7369676E 
 541      65642069 
 542              	.LASF20:
 543 00c1 474E5520 		.ascii	"GNU C 4.9.3 20150303 (release) [ARM/embedded-4_9-br"
 543      4320342E 
 543      392E3320 
 543      32303135 
 543      30333033 
 544 00f4 616E6368 		.ascii	"anch revision 221220] -mcpu=cortex-m0 -mthumb -g -O"
 544      20726576 
 544      6973696F 
 544      6E203232 
 544      31323230 
 545 0127 73202D66 		.ascii	"s -ffunction-sections -finline-functions -flto -ffa"
ARM GAS  C:\Users\victo\AppData\Local\Temp\ccnFWuJb.s 			page 20


 545      66756E63 
 545      74696F6E 
 545      2D736563 
 545      74696F6E 
 546 015a 742D6C74 		.ascii	"t-lto-objects -fno-strict-aliasing\000"
 546      6F2D6F62 
 546      6A656374 
 546      73202D66 
 546      6E6F2D73 
 547              	.LASF17:
 548 017d 56425553 		.ascii	"VBUS_OVP_TRIP_P2_BACKUP_STRUCT\000"
 548      5F4F5650 
 548      5F545249 
 548      505F5032 
 548      5F424143 
 549              	.LASF22:
 550 019c 433A5C55 		.ascii	"C:\\Users\\victo\\OneDrive\\Documents\\PSoC Creator"
 550      73657273 
 550      5C766963 
 550      746F5C4F 
 550      6E654472 
 551 01ca 5C435950 		.ascii	"\\CYPD4225-40LQXI_0805\\CYPD4225-40LQXI_notebook01."
 551      44343232 
 551      352D3430 
 551      4C515849 
 551      5F303830 
 552 01fb 63796473 		.ascii	"cydsn\000"
 552      6E00
 553              	.LASF15:
 554 0201 73696F53 		.ascii	"sioState\000"
 554      74617465 
 554      00
 555              	.LASF6:
 556 020a 6C6F6E67 		.ascii	"long long int\000"
 556      206C6F6E 
 556      6720696E 
 556      7400
 557              	.LASF11:
 558 0218 63686172 		.ascii	"char\000"
 558      00
 559              	.LASF2:
 560 021d 73686F72 		.ascii	"short int\000"
 560      7420696E 
 560      7400
 561              	.LASF14:
 562 0227 70635374 		.ascii	"pcState\000"
 562      61746500 
 563              	.LASF4:
 564 022f 6C6F6E67 		.ascii	"long int\000"
 564      20696E74 
 564      00
 565              	.LASF0:
 566 0238 7369676E 		.ascii	"signed char\000"
 566      65642063 
 566      68617200 
 567              	.LASF21:
 568 0244 2E5C4765 		.ascii	".\\Generated_Source\\PSoC4\\VBUS_OVP_TRIP_P2_PM.c\000"
ARM GAS  C:\Users\victo\AppData\Local\Temp\ccnFWuJb.s 			page 21


 568      6E657261 
 568      7465645F 
 568      536F7572 
 568      63655C50 
 569              		.comm	__gnu_lto_v1,1,1
 570              		.ident	"GCC: (GNU Tools for ARM Embedded Processors) 4.9.3 20150303 (release) [ARM/embedded-4_9-br
