ARM GAS  C:\Users\victo\AppData\Local\Temp\ccQwwnWn.s 			page 1


   1              		.cpu cortex-m0
   2              		.fpu softvfp
   3              		.eabi_attribute 20, 1
   4              		.eabi_attribute 21, 1
   5              		.eabi_attribute 23, 3
   6              		.eabi_attribute 24, 1
   7              		.eabi_attribute 25, 1
   8              		.eabi_attribute 26, 1
   9              		.eabi_attribute 30, 4
  10              		.eabi_attribute 34, 0
  11              		.eabi_attribute 18, 4
  12              		.code	16
  13              		.file	"VCONN_MON_P2.c"
  14              		.text
  15              	.Ltext0:
  16              		.section	.gnu.lto_.profile.91bc82dc,"",%progbits
  17 0000 789C6366 		.ascii	"x\234cf```a\200\000F\0065\005\000\000\340\000O"
  17      60606061 
  17      80004606 
  17      35050000 
  17      E0004F
  18              		.text
  19              		.section	.gnu.lto_.jmpfuncs.91bc82dc,"",%progbits
  20 0000 789C6366 		.ascii	"x\234cf\300\016d\2404\033\003##c=#\210`b``f``abdd\256"
  20      C00E64A0 
  20      341B0323 
  20      23633D23 
  20      88606260 
  21 001d AF6705CA 		.ascii	"\257g\005\312\001\000 \267\002>"
  21      010020B7 
  21      023E
  22              		.text
  23              		.section	.gnu.lto_.inline.91bc82dc,"",%progbits
  24 0000 789C6366 		.ascii	"x\234cf\300\016f@i6\006\006\016vFF\006F\006\006f\216"
  24      C00E6640 
  24      69360606 
  24      0E764646 
  24      06460606 
  25 0016 03760C6C 		.ascii	"\003v\014l\013\344\231\030\230.\360\263\200$\031\361"
  25      0BE49918 
  25      982EF0B3 
  25      802419F1 
  26 0026 C83131B0 		.ascii	"\31011\260\261220\261}\320\203\210\003\0013\246\020"
  26      B1323230 
  26      B17DD083 
  26      88030133 
  26      A610
  27 0038 0B032707 		.ascii	"\013\003'\007#\023\310\004\2409\014,\250\246\000\011"
  27      2313C804 
  27      A0390C2C 
  27      A8A60009 
  28 0048 1E902256 		.ascii	"\036\220\"V\006v6\240>\270$\010\000\000\311\241\017"
  28      067636A0 
  28      3EB82408 
  28      0000C9A1 
  28      0F
  29 0059 C8       		.ascii	"\310"
ARM GAS  C:\Users\victo\AppData\Local\Temp\ccQwwnWn.s 			page 2


  30              		.text
  31              		.section	.gnu.lto_.pureconst.91bc82dc,"",%progbits
  32 0000 789C6366 		.ascii	"x\234cf``\340e\200\0006\006)F)&)f)\026)V)\000\005\261"
  32      6060E065 
  32      80003606 
  32      29462926 
  32      29662916 
  33 001a 00C2     		.ascii	"\000\302"
  34              		.text
  35              		.section	.gnu.lto_VCONN_MON_P2_SetDriveMode.91bc82dc,"",%progbits
  36 0000 789C7D51 		.ascii	"x\234}QMk\023Q\024\275\347\315d\322\332JEp\223}\032"
  36      4D6B1351 
  36      14BDE7CD 
  36      64D2DA4A 
  36      4570937D 
  37 0015 A59282F8 		.ascii	"\245\222\202\370\003\204,\\\231\026\012\256\002Q\222"
  37      03842C5C 
  37      99160AAE 
  37      025192
  38 0024 01373518 		.ascii	"\00175\030t\235\227\017\265\024\204(.\014\241\010\212"
  38      749D970F 
  38      B5148428 
  38      2E0CA108 
  38      8A
  39 0035 548DB681 		.ascii	"T\215\266\201.\272\210`\210\320\225(ua \224\270Ii\322"
  39      2EBA8860 
  39      88D09528 
  39      75612094 
  39      B84969D2 
  40 0049 4D0D1193 		.ascii	"M\015\021\223Y\204\361\336$;\241\017\336}\367\035\316"
  40      5984F1DE 
  40      243BA10F 
  40      DE7DF71D 
  40      CE
  41 005a 3973E63E 		.ascii	"9s\346>\203\376_>\336\025\020-\362\011\203\240\362\337"
  41      83FE5F3E 
  41      DE15102D 
  41      F20983A0 
  41      F2DF
  42 006c 88D2530A 		.ascii	"\210\322S\012\220\206@)\205\024:\252\253\220\257\226"
  42      90864029 
  42      85143AAA 
  42      AB90AF96 
  43 007c 5ECC04DE 		.ascii	"^\314\004\336h\255\177gv\356\350\347\267\034E\324Sc"
  43      68AD7F67 
  43      76EEE8E7 
  43      B71C45D4 
  43      5363
  44 008e 1F6C22C0 		.ascii	"\037l\"\300\234#\247\263y\326X\000q?|Z\377\241\374\257"
  44      9C23A7B3 
  44      79D65800 
  44      713F7C5A 
  44      FFA1FCAF 
  45 00a2 B5CE541B 		.ascii	"\265\316T\033[\372\032\0346}\013\203\025\270\354\303"
  45      5BFA1A1C 
  45      367D0B83 
  45      15B8ECC3 
ARM GAS  C:\Users\victo\AppData\Local\Temp\ccQwwnWn.s 			page 3


  46 00b2 251F3140 		.ascii	"%\0371@x\007\277\220\273\271a}\306\312\261\371\271\261"
  46      7807BF90 
  46      BBB9617D 
  46      C6CAB1F9 
  46      B9B1
  47 00c4 27DEC3E2 		.ascii	"'\336\303\342\\\264}\276\252]\267\367u\277=\217i\305"
  47      5CB47DBE 
  47      AA5DB7F7 
  47      75BF3D8F 
  47      69C5
  48 00d6 1A654831 		.ascii	"\032eH1!J\217\264\226\024\257\024\242\026o\011~\310"
  48      214A8FB4 
  48      9614AF14 
  48      A2166F09 
  48      7EC8
  49 00e8 173E8D06 		.ascii	"\027>\215\006j\177\327\177\026,q\353+\371\213\312\303"
  49      6A7FD77F 
  49      162C71EB 
  49      2BF98BCA 
  49      C3
  50 00f9 27F5336D 		.ascii	"'\3653m\345(c\355Q^\233\362\355_\255\357\373S#\210\344"
  50      E52863ED 
  50      515E9BF2 
  50      ED5FADEF 
  50      FB532388 
  51 010e 7AFCEAD3 		.ascii	"z\374\352\323\275\015\024\3239Nl\242\004\037>\200\307"
  51      BD0D14D3 
  51      394E6CA2 
  51      041F3E80 
  51      C7
  52 011f 848FD800 		.ascii	"\204\217\330\0005\220\035L\334\214\261\341\227\307\345"
  52      35901D4C 
  52      DC8CB1E1 
  52      97C7E5
  53 012e E2ACA895 		.ascii	"\342\254\250\225\353\272\2039\302\026\263\033\3104\275"
  53      EBBA8339 
  53      C216B31B 
  53      C834BD
  54 013d 639AA7AF 		.ascii	"c\232\247\257L\221\035Ld\002\261\354s\341\344\345H\346"
  54      4C911D4C 
  54      6402B1EC 
  54      73E1E4E5 
  54      48E6
  55 014f B940D81E 		.ascii	"\271@\330\036I\262\177&\024\357\310\334b\250\366\014"
  55      49B27F26 
  55      14EFC8DC 
  55      62A8F60C 
  56 015f 029D92AA 		.ascii	"\002\235\222\252\314\251XAM\244\253\273{J\330\362\036"
  56      CCA95841 
  56      4DA4ABBB 
  56      7B4AD8F2 
  56      1E
  57 0170 2D9E2D0F 		.ascii	"-\236-\017\200\307q1\030\271n\337\265\223\267\357\333"
  57      80C77131 
  57      18B96EDF 
  57      B593B7EF 
  57      DB
ARM GAS  C:\Users\victo\AppData\Local\Temp\ccQwwnWn.s 			page 4


  58 0181 F1E84AE2 		.ascii	"\361\350J\342A2fG\226W\022\241\253\221\233\241\245p"
  58      41326647 
  58      965712A1 
  58      AB919BA1 
  58      A570
  59 0193 387A6329 		.ascii	"8zc)\034]\276\022\214\221\271\232\210\333\377\000\300"
  59      1C5DBE12 
  59      8C91B99A 
  59      88DBFF00 
  59      C0
  60 01a4 57A770   		.ascii	"W\247p"
  61              		.text
  62              		.section	.gnu.lto_VCONN_MON_P2_Write.91bc82dc,"",%progbits
  63 0000 789C6591 		.ascii	"x\234e\221Oh\023A\024\306\3377\223\315\006s\021\017"
  63      4F681341 
  63      14C6DF37 
  63      93CD0673 
  63      110F
  64 0012 5272F150 		.ascii	"Rr\361PJ\025\245\240\210\027/\205\036zjZ(\364\024\014"
  64      4A15A5A0 
  64      88172F85 
  64      1E7A6A5A 
  64      28F4140C 
  65 0026 A1DD5BB1 		.ascii	"\241\335[\261\020l\257\231\3245\021OQ\244\004\244\325"
  65      106CAF99 
  65      D435114F 
  65      51A404A4 
  65      D5
  66 0037 5A8AD568 		.ascii	"Z\212\325h[\365\350\301\245\2027#E\250ZBLh\004\213\027"
  66      5BF5E8C1 
  66      A5823723 
  66      45A85A42 
  66      4C68048B 
  67 004c FB87D61C 		.ascii	"\373\207\326\034l|o\027\305\340\260\2633\373\355\373"
  67      6C7C6F17 
  67      C5E0B0B3 
  67      33FBEDFB 
  68 005c 7DF3DE1B 		.ascii	"}\363\336\033M\377\217\030\317^Et\211Wh\202*\224\211"
  68      4DFF8F18 
  68      CF5E4574 
  68      89576882 
  68      2A9489
  69 006f B21105C8 		.ascii	"\262\021\005\310\206@\031\205\014\266\325\216B\301+"
  69      86401985 
  69      0CB6D58E 
  69      42C12B
  70 007e 15A3DD8B 		.ascii	"\025\243\335\213\306\230\037\273\257:nt4\031\333S\201"
  70      C6981FBB 
  70      AF3A6E74 
  70      3419DB53 
  70      81
  71 008f 0D1EA19B 		.ascii	"\015\036\241\233C\366J\346\256\326gA\274_]\177wdw-\030"
  71      43F64AE6 
  71      AED66741 
  71      BC5F5D7F 
  71      7764772D 
  72 00a4 33EDBD5E 		.ascii	"3\355\275^6\275h\262\347\0224\0238\027\303\231\030\261"
ARM GAS  C:\Users\victo\AppData\Local\Temp\ccQwwnWn.s 			page 5


  72      36BD68B2 
  72      E7123413 
  72      3817C399 
  72      18B1
  73 00b6 40788C2E 		.ascii	"@x\214.\011\336\235)\035(}\336\007\353\017\267\356\333"
  73      09DE9D29 
  73      1D287DDE 
  73      07EB0FB7 
  73      EEDB
  74 00c8 9DF30CD6 		.ascii	"\235\363\014\326\266\267\336FM\321\270\265V\353\224"
  74      B6B7DE46 
  74      4DD1B8B5 
  74      56EB94
  75 00d7 F04FFEE5 		.ascii	"\360O\376\345\203\301\300\216\373\353c4\354rb\307QB"
  75      83C1C08E 
  75      FBEB6334 
  75      EC7262C7 
  75      5142
  76 00e9 6790149E 		.ascii	"g\220\024\236\"\014^DY9\341\231V\353\345\376\355\233"
  76      220C5E44 
  76      5939E199 
  76      56EBE5FE 
  76      ED9B
  77 00fb 97714CF1 		.ascii	"\227qL\361\301J\363K\207H~Z\220$\302\"\330\276\020\221"
  77      C14AF34B 
  77      87487E5A 
  77      9024C222 
  77      D8BE1091 
  78 010f 00A2064F 		.ascii	"\000\242\006O\351\301W\376\340Uob\355\340VynJ\214\017"
  78      E9C157FE 
  78      E0556F62 
  78      EDE05679 
  78      6E4A8C0F 
  79 0123 9534647E 		.ascii	"\2254d~\261\350\342\233j\252\220\311\025LHR\371\322"
  79      B1E8E29B 
  79      6AAA90C9 
  79      154C4852 
  79      F9D2
  80 0135 78BF1EF1 		.ascii	"x\277\036\361%?\263\372\203\374\222\236\305\275\254"
  80      253FB3FA 
  80      83FC929E 
  80      C5BDAC
  81 0144 CBE55B78 		.ascii	"\313\345[x\206\030\226\301\231c\005\263\240ML\177\312"
  81      861896C1 
  81      996305B3 
  81      A04D4C7F 
  81      CA
  82 0155 575460A8 		.ascii	"WT`\250\331\223\225\353?s\025\004J\210E\366\370pT~\343"
  82      D99395EB 
  82      3F731504 
  82      4A8845F6 
  82      F870547E 
  83 016a 9FA23384 		.ascii	"\237\2423\204U\2467\340#\222*\007\011S\311m\314]\011"
  83      55A637E0 
  83      23922A07 
  83      0953C96D 
  83      CC5D09
ARM GAS  C:\Users\victo\AppData\Local\Temp\ccQwwnWn.s 			page 6


  84 017d 207E2C86 		.ascii	" ~,\206\016\027j\337\003\210kz\316\020G\355\377u\266"
  84      0E176ADF 
  84      03886B7A 
  84      CE1047ED 
  84      FF75B6
  85 0190 7DF370BB 		.ascii	"}\363p\273\223-\371T\363\325?N\221@Z\273S?)B[5Y\317"
  85      932DF954 
  85      F3D53F4E 
  85      91405ABB 
  85      533F2942 
  86 01a8 6AAFE705 		.ascii	"j\257\347\005\327\303\010U\221\365>\367K\274\334M\203"
  86      D7C30855 
  86      91F53EF7 
  86      4BBCDC4D 
  86      83
  87 01b9 6F985BC7 		.ascii	"o\230[\307\215<\335\223\350w\256:\351\3245g,9<1\231"
  87      8D3CDD93 
  87      E877AE3A 
  87      E9D43567 
  87      2C393C31 
  88 01ce 1E751243 		.ascii	"\036u\022C\303\023}\027\023#}\203\361xr`0\236\034\272"
  88      C3137D17 
  88      13237D83 
  88      F1787260 
  88      309E1CBA 
  89 01e2 D0334AD6 		.ascii	"\3203J\326Tj|\322\261\306\322#\251\361\337\367u\324"
  89      546A7CD2 
  89      B1C6D223 
  89      A9F1DFF7 
  89      75D4
  90 01f4 1F       		.ascii	"\037"
  91              		.text
  92              		.section	.gnu.lto_VCONN_MON_P2_Read.91bc82dc,"",%progbits
  93 0000 789C658F 		.ascii	"x\234e\217\277KBQ\024\307\317\367\274\347\217p(\232"
  93      BF4B4251 
  93      14C7CFF7 
  93      BCE78F70 
  93      289A
  94 0012 C23F202B 		.ascii	"\302? +\304!\232[\034\232RAh\010A\302\336\232 5{\265"
  94      C4219A5B 
  94      1C9A5241 
  94      680841C2 
  94      DE9A2035 
  95 0028 97419308 		.ascii	"\227A\223\010-\225\223D\331\017j\015\202\302Y\2220\012"
  95      2D959344 
  95      D90F6A0D 
  95      82C25992 
  95      300A
  96 003a 24ACC1C0 		.ascii	"$\254\301\300\250!\261\2627\224\335\253m]\270\347\334"
  96      A821B1B2 
  96      3794DDAB 
  96      6D5DB8E7 
  96      DC
  97 004b 73CF87EF 		.ascii	"s\317\207\357\367\034\215\376\037\267\274\323 \232\220"
  97      F71C8DFE 
  97      1FB7BCD3 
  97      209A90
ARM GAS  C:\Users\victo\AppData\Local\Temp\ccQwwnWn.s 			page 7


  98 005a 191A81B3 		.ascii	"\031\032\201\263WD)'\003\352A\240$#\211gn1\312g?Uxv"
  98      57442927 
  98      03EA41A0 
  98      24238967 
  98      6E31CA67 
  99 0072 8548BFA5 		.ascii	"\205H\277\245\253\367\256\265\021\213\211\332L\360\272"
  99      ABF7AEB5 
  99      118B89DA 
  99      4CF0BA
 100 0081 31AE74B0 		.ascii	"1\256t\260\007\017I\260e~\337\271\354\246\020bH\365"
 100      070F49B0 
 100      657EDFB9 
 100      ECA61062 
 100      48F5
 101 0093 65631F76 		.ascii	"ec\037v\351A'\303\227\242\333m\227s\315Q\2663Y,\035"
 101      E94127C3 
 101      97A2DB6D 
 101      9773CD51 
 101      B633592C 
 102 00a8 65D055B0 		.ascii	"e\320U\260\221\222\243\206\014\312\371\211Ye\255\206"
 102      9192A386 
 102      0CCAF989 
 102      5965AD86 
 103 00b8 D2E7C66D 		.ascii	"\322\347\306mq^ItX\215Q\250\224\336mM\266\230\315LV"
 103      715E4974 
 103      588D51A8 
 103      94DE6D4D 
 103      B698CD4C 
 104 00cd E8CAF0A1 		.ascii	"\350\312\360\241Q\271v\366\276H\225\037[\247\027\203"
 104      51B976F6 
 104      BE48951F 
 104      5BA71783 
 105 00dd 796CA74C 		.ascii	"yl\247LX\254\241\0107\016 \007\304!\362\240\032V\277"
 105      58ACA108 
 105      370E2007 
 105      C421F2A0 
 105      1A56BF
 106 00f0 32AF7A5F 		.ascii	"2\257z_P\353kn\236\357\344\006\224\000\004\010G\022"
 106      50EB6B6E 
 106      9EEFE406 
 106      94000408 
 106      4712
 107 0102 96543D73 		.ascii	"\226T=s\343\350S\272\004%\325)<\276@Q\272\203p\334\203"
 107      E3E853BA 
 107      0425D529 
 107      3CBE4051 
 107      BA8370DC 
 108 0117 D2F5756F 		.ascii	"\322\365uo\237\261I\214\352\300_\325[\005j\0059\323"
 108      9FB1498C 
 108      EAC05FD5 
 108      5B056A05 
 108      39D3
 109 0129 982F3263 		.ascii	"\230/2c,\031\211\205ec1\032\216\257$bF$\024\216\373"
 109      2C198985 
 109      6563311A 
 109      8EAF2462 
 109      4624148E 
ARM GAS  C:\Users\victo\AppData\Local\Temp\ccQwwnWn.s 			page 8


 110 013e A72273FE 		.ascii	"\247\"s\376` \020\235\015\006\242\241I_\214~\001b\""
 110      6020109D 
 110      0D06A2A1 
 110      495F8C7E 
 110      016222
 111 0151 7D02     		.ascii	"}\002"
 112              		.text
 113              		.section	.gnu.lto_VCONN_MON_P2_ReadDataReg.91bc82dc,"",%progbits
 114 0000 789C658F 		.ascii	"x\234e\217\277KBQ\024\307\317\367\274\347\217p\211\246"
 114      BF4B4251 
 114      14C7CFF7 
 114      BCE78F70 
 114      89A6
 115 0012 F01FB042 		.ascii	"\360\037\260B\034\252\271\305\241)\015\204\206\020$"
 115      1CAAB9C5 
 115      A1290D84 
 115      861024
 116 0021 ECAD0952 		.ascii	"\354\255\011R\263W{)4\211\020\004%\024!Y\031\315AC8"
 116      B3577B29 
 116      34891004 
 116      25142159 
 116      19CD4143 
 117 0036 47110591 		.ascii	"G\021\005\221\204\025X\0305$\202\366\206\262{}m]\270"
 117      84155818 
 117      352482F6 
 117      86B27B7D 
 117      6D5DB8
 118 0049 E7DC73CF 		.ascii	"\347\334s\317\207\357\367\034\215\376\037\257\274S "
 118      87EFF71C 
 118      8DFE1FAF 
 118      BC5320
 119 0058 1A93191A 		.ascii	"\032\223\031\032\201\363\227Di7\003\352A\240\024#\205"
 119      81F39744 
 119      693703EA 
 119      41A01423 
 119      85
 120 0069 376E312E 		.ascii	"7n1.N\177n\340+\011\221\371\254\336?x\326\206-&j3\301"
 120      4E7F6EE0 
 120      2B0991F9 
 120      ACDE3F78 
 120      D6862D26 
 121 0080 EFC5A8D2 		.ascii	"\357\305\250\322\301>|$\301\226\371}\347q\232B\210A"
 121      C13E7C24 
 121      C196F97D 
 121      E7719A42 
 121      8841
 122 0092 D5978D32 		.ascii	"\325\227\2152\234\322\203N\206\316E\257\327~-4'\330"
 122      9CD2834E 
 122      86CE45AF 
 122      D77E2D34 
 122      27D8
 123 00a4 C964B174 		.ascii	"\311d\261t\224AW\301AJ\216\0322(\347\027f\225\265\032"
 123      944157C1 
 123      414A8E1A 
 123      3228E717 
 123      6695B51A 
 124 00b8 AA9DF54E 		.ascii	"\252\235\365Ne^ItY\215\261[\3324\321d\213Yd\363BW\206"
ARM GAS  C:\Users\victo\AppData\Local\Temp\ccQwwnWn.s 			page 9


 124      655E4974 
 124      598DB15B 
 124      DA34D164 
 124      8B5964F3 
 125 00cf 8F8DAB6B 		.ascii	"\217\215\253kw\377\213T\371\274\223+kEl\245MX\254\341"
 125      77FF8B54 
 125      F9BC932B 
 125      6B456CA5 
 125      4D58ACE1 
 126 00e3 005E1C42 		.ascii	"\000^\034B\016\210#\024A5\254~e?t[P\26357\316\266\013"
 126      0E882314 
 126      4135AC7E 
 126      653F745B 
 126      50B33537 
 127 00fa 034A0002 		.ascii	"\003J\000\002\204\212\204%U\317\336\272lJ\227\240\244"
 127      848A8425 
 127      55CFDEBA 
 127      6C4A97A0 
 127      A4
 128 010b BA7B4FEF 		.ascii	"\272{O\357}g\335E8\356C\231z\316o3\016\211Q\035\370"
 128      7D67DD45 
 128      38EE4399 
 128      7ACE6F33 
 128      0E89511D 
 129 0120 ABFAAB40 		.ascii	"\253\372\253@\255 g\032\011D\247\215%#\271\260l,\306"
 129      AD20671A 
 129      0944A78D 
 129      2523B9B0 
 129      6C2CC6
 130 0133 22899564 		.ascii	"\"\211\225d\334\210\316F\022\301\311\350\\0\034\012"
 130      DC88CE46 
 130      12C1C9E8 
 130      5C301C0A 
 131 0143 C566C2A1 		.ascii	"\305f\302\241\330\354x N\277\033.|j"
 131      D8EC7820 
 131      4EBF1B2E 
 131      7C6A
 132              		.text
 133              		.section	.gnu.lto_VCONN_MON_P2_SetInterruptMode.91bc82dc,"",%progbits
 134 0000 789C6D91 		.ascii	"x\234m\221Ah\023Q\020\206\337\274\267\273\3314\021\213"
 134      41681351 
 134      1086DFBC 
 134      B7BBD934 
 134      118B
 135 0012 A7120485 		.ascii	"\247\022\004\205\022*\024z\220^\274\025r\350\3114P\360"
 135      122A147A 
 135      905EBC15 
 135      72E8C934 
 135      50F0
 136 0024 1408D2AE 		.ascii	"\024\010\322\256\222\203Y\211\361\344\241\233\030\023"
 136      92835989 
 136      F1E4A19B 
 136      1813
 137 0032 901E422D 		.ascii	"\220\036B-R,E\212J[\243m\264*\232\323\022\013\026Dm"
 137      522C458A 
 137      4A5BA36D 
 137      B42A9AD3 
ARM GAS  C:\Users\victo\AppData\Local\Temp\ccQwwnWn.s 			page 10


 137      120B1644 
 138 0047 412CB412 		.ascii	"A,\264\022kM\324\202Bc\242iD\2113\273\361Pta\337{\363"
 138      6B4DD482 
 138      4263A269 
 138      448933BB 
 138      F1507461 
 139 005e 31F3BF7F 		.ascii	"1\363\277\177\346\011\366\357\347\301\377&g\254\017"
 139      E609F6EF 
 139      E7C1FF26 
 139      67AC0F
 140 006d 77100C78 		.ascii	"w\020\014x\346%cq\225\003\320\201\001\033\3410\002\333"
 140      E6256371 
 140      9503D081 
 140      011BE130 
 140      02DB
 141 007f BCC22163 		.ascii	"\274\302!cf'\\]\267\014\303\330\371V\355\270\324\321"
 141      66275C5D 
 141      B70CC3D8 
 141      F956EDB8 
 141      D4D1
 142 0091 C0B22AB7 		.ascii	"\300\262*\267e`\006\2720\245\374x\372\202\350\006\206"
 142      656006BA 
 142      30A5FC78 
 142      FA82E806 
 142      86
 143 00a2 C7E75BBB 		.ascii	"\307\347[\273U\367g\336\340\320N\341\265\265rMP\310"
 143      55F767DE 
 143      E0D04EE1 
 143      B5B5724D 
 143      50C8
 144 00b4 3985D9A5 		.ascii	"9\205\331\245\361\234\303{\3030\022\346F\316\350C.`"
 144      F19CC37B 
 144      C33012E6 
 144      46CEE843 
 144      2E60
 145 00c6 1604CAC1 		.ascii	"\026\004\312\301\034x\3406x\030\"\006Y\360b\366\247"
 145      1C78E036 
 145      78182206 
 145      59F062F6 
 145      A7
 146 00d7 C6F6CC3E 		.ascii	"\306\366\314>\321k\351n\305\257\177w\331\225\277\376"
 146      D16BE96E 
 146      C5AF7F77 
 146      D995BFFE 
 147 00e7 56DEF94F 		.ascii	"V\336\371O\345]\360R\372\312\323\361\017\2628f\225>"
 147      E55DF052 
 147      FACAD3F1 
 147      0FB23866 
 147      953E
 148 00f9 99AFBD70 		.ascii	"\231\257\275pY\226\016S\230\037[\236P,K\022\205_\257"
 148      59960E53 
 148      981F5B9E 
 148      502C4B12 
 148      855FAF
 149 010c 162679E7 		.ascii	"\026&y\3474\012o\316\245\237\271\215e#\271\331l\036"
 149      340A6FCE 
 149      A59FB98D 
ARM GAS  C:\Users\victo\AppData\Local\Temp\ccQwwnWn.s 			page 11


 149      6523B9D9 
 149      6C1E
 150 011e 6A7009E6 		.ascii	"jp\011\346m\375\005\324\317\201\24759,\251$\177\257"
 150      6DFD05D4 
 150      CF81A735 
 150      392CA924 
 150      7FAF
 151 0130 B994244E 		.ascii	"\271\224$N\244\035\356A\247=\015\270\017\012\340Fd\341"
 151      A41DEE41 
 151      A73D0DB8 
 151      0F0AE046 
 151      64E1
 152 0142 8069349B 		.ascii	"\200i4\233\213\257\257\314v\0137Gc\262\000\352I\242"
 152      8BAFAFCC 
 152      760B3747 
 152      63B200EA 
 152      49A2
 153 0154 A34C8BC2 		.ascii	"\243L\213\302(\317\001\344WE\2408\211\266\321\302X\011"
 153      28CF01E4 
 153      5745A038 
 153      89B6D1C2 
 153      5809
 154 0166 F5E819CA 		.ascii	"\365\350\031\31284\334\305:\024~\\.\346\003tE\235\323"
 154      3834DCC5 
 154      3A147E5C 
 154      2EE60374 
 154      459DD3
 155 0179 9BACA46B 		.ascii	"\233\254\244k\253\373\251\007\307h*cX}\274+\275ZU-d"
 155      ABFBA907 
 155      C7682A63 
 155      587DBC2B 
 155      BD5A552D 
 156 018e 79DCA9A4 		.ascii	"y\334\251\244\023\256)\230\214'\241\301UX\304\036\036"
 156      13AE2998 
 156      8C27A1C1 
 156      5558C41E 
 156      1E
 157 019f 500FF010 		.ascii	"P\017\360\020\246\200\255C\242\230^RlA\251\216\203C"
 157      A680AD43 
 157      A2985E52 
 157      6C41A98E 
 157      8343
 158 01b1 F2335593 		.ascii	"\3623U\223l\"#Drq7\365\005lB\367\"go\200[\215\242y\204"
 158      6C222344 
 158      727137F5 
 158      056C42F7 
 158      22676F80 
 159 01ca 76CEC77C 		.ascii	"v\316\307|\261\225\245\242R\035\015\220\274\303FN\244"
 159      B195A5A2 
 159      521D0D90 
 159      BCC3464E 
 159      A4
 160 01db 94564BBD 		.ascii	"\224VK\275m\211\267YjN\204\205\261\367\007\211\355\261"
 160      6D89B759 
 160      6A4E8485 
 160      B1F70789 
 160      EDB1
ARM GAS  C:\Users\victo\AppData\Local\Temp\ccQwwnWn.s 			page 12


 161 01ed 1B37E5BD 		.ascii	"\0337\345\275\206\037\241a\254bE\210\233\033~\312\247"
 161      861FA161 
 161      AC624588 
 161      9B1B7ECA 
 161      A7
 162 01fe 672871A0 		.ascii	"g(q\240\331\340\244\216\364\004\373\265\210\026=\031"
 162      D9E0A48E 
 162      F404FBB5 
 162      88163D19 
 163 020e D3864383 		.ascii	"\323\206C\203\372\371\350\220\026\014\014\352\276\336"
 163      FAF9E890 
 163      160C0CEA 
 163      BEDE
 164 021c E009DF80 		.ascii	"\340\011\337\200\337\037:>\340\017\005\216\366\0141"
 164      DF1F3A3E 
 164      E00F058E 
 164      F60C31
 165 022b F5AC7E2E 		.ascii	"\365\254~.\034\013\353\021\351\214>\2549\302\221X\324"
 165      1C0BEB11 
 165      E98C3EAC 
 165      39C29158 
 165      D4
 166 023c 77EAF41F 		.ascii	"w\352\364\037\370?\377B"
 166      F83FFF42 
 167              		.text
 168              		.section	.gnu.lto_VCONN_MON_P2_ClearInterrupt.91bc82dc,"",%progbits
 169 0000 789C6590 		.ascii	"x\234e\220AHTQ\024\206\317\177\336\21439B\321Jf\323"
 169      41485451 
 169      1486CF7F 
 169      DE8C3339 
 169      42D14A66 
 170 0015 C2858AE2 		.ascii	"\302\205\212\342B\202\240\255\213V\215\302\200\253\241"
 170      4282A0AD 
 170      8B568DC2 
 170      80ABA1
 171 0024 61D0B78A 		.ascii	"a\320\267\212\022t\334\352\035\233f\250\026\015F \250"
 171      1274DCEA 
 171      1D9B66A8 
 171      160D4620 
 171      A8
 172 0035 0B11C9D4 		.ascii	"\013\021\311\324\2626\201\220!C\270\022E\004\013\221"
 172      B2368190 
 172      2143B812 
 172      45040B91 
 173 0045 712083A2 		.ascii	"q \203\242\220D\230\351\221\316\363\234\367Z$]x\357"
 173      904498E9 
 173      91CEF39C 
 173      F75A245D 
 173      78EF
 174 0057 DEF7BFF3 		.ascii	"\336\367\277\363\377\347\273\307\242\377WT\236}\020"
 174      FFE7BBC7 
 174      A2FF5754 
 174      9E7D10
 175 0066 DD901D16 		.ascii	"\335\220\035\026\201\013\233D\2310\003z \320(c\024\337"
 175      810B9B44 
 175      9930037A 
 175      20D02863 
ARM GAS  C:\Users\victo\AppData\Local\Temp\ccQwwnWn.s 			page 13


 175      14DF
 176 0078 F998B1B1 		.ascii	"\371\230\261\261R\333A\363\2341c\277\212\177\366#\017"
 176      52DB41F3 
 176      9C3163BF 
 176      8A7FF623 
 176      0F
 177 0089 1B1D263A 		.ascii	"\033\035&:aB{\024\255\232\203\027h&)|\376\345\321\021"
 177      61427B14 
 177      AD9A8317 
 177      6826297C 
 177      FEE5D111 
 178 009d AC36E8B9 		.ascii	"\2546\350\271\342>Y\0107\315\210\251\\\312\257G\314"
 178      E23E5908 
 178      37CD88A9 
 178      5CCAAF47 
 178      CC
 179 00ae 84C9965D 		.ascii	"\204\311\226]\367\232X1\017\353_\267.1\034g\317>E\352"
 179      F79A5831 
 179      0FEB5FB7 
 179      2E311C67 
 179      CF3E45EA 
 180 00c2 B2C6982B 		.ascii	"\262\306\230+x\211&m \311\013\250\023H\250\262|u\315"
 180      7889266D 
 180      20C90BA8 
 180      1348A8B2 
 180      7C75CD
 181 00d5 B8EEC9D1 		.ascii	"\270\356\311\321\263\371\233V\230\311a\301v\230\003"
 181      B3F99B56 
 181      98C961C1 
 181      769803
 182 00e4 A43F83FA 		.ascii	"\244?\203\372\035\"%\243Cy\351%\2762\353n\355\241Xy"
 182      1D2225A3 
 182      4379E925 
 182      BE32EB6E 
 182      EDA15879 
 183 00f8 5C591DD1 		.ascii	"\\Y\035\321\260*\353\215\236\276;\250^\372\306\016["
 183      B02AEB8D 
 183      9EBE3BA8 
 183      5EFAC60E 
 183      5B
 184 0109 855CC104 		.ascii	"\205\\\301\004\264\375\301\341\326v\330\223<\232\334"
 184      B4FDC1E1 
 184      D676D893 
 184      3C9ADC
 185 0118 CFB7B5CB 		.ascii	"\317\267\265\313\323\230\314d\341p\000\213\210b\011"
 185      D398CC64 
 185      E170008B 
 185      886209
 186 0127 428B5798 		.ascii	"B\213W\230\006\355a\354s\376\224\375@K2Ey\360;\367\021"
 186      06ED61EC 
 186      73FE94FD 
 186      404B3245 
 186      79F03BF7 
 187 013c BE121051 		.ascii	"\276\022\020Q\307\361~j\334\353\302\006\204\327b\337"
 187      C7F17E6A 
 187      DCEBC206 
 187      84D762DF 
ARM GAS  C:\Users\victo\AppData\Local\Temp\ccQwwnWn.s 			page 14


 188 014c 85E75160 		.ascii	"\205\347Q`\251\322\230R\276\266z\307w\005}\2518\356"
 188      A9D29852 
 188      BEB67AC7 
 188      77057DA9 
 188      38EE
 189 015e A55C60C8 		.ascii	"\245\\`\310\254\361E\212e\241\020\207\266-\345\326?"
 189      ACF1458A 
 189      65A11087 
 189      B62DE5D6 
 189      3F
 190 016f D4FB0921 		.ascii	"\324\373\011!I\020_u\266\374\003\3327\030\"\274\221"
 190      49105F75 
 190      B6FC03DA 
 190      371822BC 
 190      91
 191 0180 FA12FE82 		.ascii	"\372\022\376\202\205\274\351@\247\"3j\351H\334\262\357"
 191      85BCE940 
 191      A722336A 
 191      E948DCB2 
 191      EF
 192 0191 DB83A9B4 		.ascii	"\333\203\251\264\335\237\214\017\014\017\366\331\211"
 192      DD9F8C0F 
 192      0C0FF6D9 
 192      89
 193 019e 9EF840D7 		.ascii	"\236\370@\327\365DoWw,\226\274\335\035K\366tv\364Q\303"
 193      F5446F57 
 193      772C96BC 
 193      DD1D4BF6 
 193      7476F451 
 194 01b3 BDD4D05D 		.ascii	"\275\324\320]\273?\236N\245\207\207\316\001\243\221"
 194      BB3F9E4E 
 194      A58787CE 
 194      01A391
 195 01c2 B78F     		.ascii	"\267\217"
 196              		.text
 197              		.section	.gnu.lto_.symbol_nodes.91bc82dc,"",%progbits
 198 0000 789C55C7 		.ascii	"x\234U\307;\015\000 \020D\301w\037\022tbd-\240\200\240"
 198      3B0D0020 
 198      1044C177 
 198      1F127462 
 198      642DA080 
 199 0015 084D3414 		.ascii	"\010M4\024\334t\023\300\340q\004\363\200\304\332\035"
 199      DC7413C0 
 199      E07104F3 
 199      80C4DA1D 
 200 0025 3759B9CB 		.ascii	"7Y\271\313\313CQ\236\312\362\246\366\237\013\351b\031"
 200      CB43519E 
 200      CAF2A6F6 
 200      9F0BE962 
 200      19
 201 0036 56       		.ascii	"V"
 202              		.text
 203              		.section	.gnu.lto_.refs.91bc82dc,"",%progbits
 204 0000 789C6366 		.ascii	"x\234cf```d\200\002\000\000=\000\005"
 204      60606064 
 204      80020000 
 204      3D0005
ARM GAS  C:\Users\victo\AppData\Local\Temp\ccQwwnWn.s 			page 15


 205              		.text
 206              		.section	.gnu.lto_.decls.91bc82dc,"",%progbits
 207 0000 789C8D54 		.ascii	"x\234\215T]L\024W\024\276g\356\376\270\303\006\264\017"
 207      5D4C1457 
 207      14BE67EE 
 207      FEB8C306 
 207      B40F
 208 0012 68699B2E 		.ascii	"hi\233.iB4!$B\323\370\326\007L\264M\304\215\244\355"
 208      69423421 
 208      2442D3F8 
 208      D6074CB4 
 208      4DC48DA4 
 209 0027 83246403 		.ascii	"\203$d\003\023%i\300l\027\023\337.P\353\332\230\006"
 209      132569C0 
 209      6C1713DF 
 209      2E50EBDA 
 209      9806
 210 0039 29168A55 		.ascii	")\026\212UH\212\026\377-l\301\005\304\005\244\250\260"
 210      488A16FF 
 210      2D6CC105 
 210      C405A4A8 
 210      B0
 211 004a 2DA43F14 		.ascii	"-\244?\0245\001\265\240\211U\267\224F\221\226\351\271"
 211      3501B5A0 
 211      8955B794 
 211      469196E9 
 211      B9
 212 005b 77667667 		.ascii	"wfvgeL\275\311\331\235{\346~\337\371\356\371\316.%\204"
 212      654CBDC9 
 212      D99D7BE6 
 212      7EDFF9EE 
 212      F9CE2E25 
 213 0070 B401212A 		.ascii	"\264\001!*\256%\033!\200\317N\314yIb90\3321B\030]\030"
 213      AE251B21 
 213      80CF4ECC 
 213      79496239 
 213      30DA3142 
 214 0087 618C418C 		.ascii	"a\214A\214!\262|\265\353\3479\376\014F&\3068\306\030"
 214      21B27CB5 
 214      EBE739FE 
 214      0C4626C6 
 214      38C618
 215 009a C6BBFA19 		.ascii	"\306\273\372\031\320\317=\273B\026\330t\023\336\300"
 215      D0CF3DBB 
 215      4216D874 
 215      13DEC0
 216 00a9 862CB05C 		.ascii	"\206,\260\\\227\375\177jvY\340\302/\200\013[\340\370"
 216      97FD7F6A 
 216      7659E0C2 
 216      2F800B5B 
 216      E0F8
 217 00bb FD5DBAD6 		.ascii	"\375]\272\326T\0147F\037FT\347\361X\350\036\264\340"
 217      540C3746 
 217      1F4654E7 
 217      F158E81E 
 217      B4E0
 218 00cd 19D2EF6C 		.ascii	"\031\322\357lu_\263\006\253^\377)\301\310\355'\177\271"
ARM GAS  C:\Users\victo\AppData\Local\Temp\ccQwwnWn.s 			page 16


 218      755FB306 
 218      AB5EFF29 
 218      C1C8ED27 
 218      7FB9
 219 00df EF49902A 		.ascii	"\357I\220*\257\344\333\246\211\231y\212[\267,\361\355"
 219      AFE4DBA6 
 219      8999798A 
 219      5BB72CF1 
 219      ED
 220 00f0 AF97F6ED 		.ascii	"\257\227\366\355[A%\340\317_7\336\372Y\316>\311\030"
 220      5B4125E0 
 220      CF5F37DE 
 220      FA59CE3E 
 220      C918
 221 0102 0BB24804 		.ascii	"\013\262H\004\022\024U\307{\0168\021\223.\213\355g#"
 221      121455C7 
 221      7B0E3811 
 221      932E8BED 
 221      6723
 222 0114 4DFD546C 		.ascii	"M\375TlU\216\223&'\353\027(\310YA\306\252Y\254\216\321"
 222      558E9326 
 222      27EB1728 
 222      C85941C6 
 222      AA59AC8E 
 223 0129 3504B233 		.ascii	"5\004\2623`]\006\201\263\220\205\307\340$d\0238\005"
 223      605D0681 
 223      B39085C7 
 223      E0246413 
 223      3805
 224 013b 19701A32 		.ascii	"\031p\0322H+\026\2105\307\256\277\312\230\015\316\200"
 224      482B1688 
 224      35C7AEBF 
 224      CA980DCE 
 224      80
 225 014c 0C27808A 		.ascii	"\014'\200\212\023x\015^A/Z\273\267\277\326f\2230\311"
 225      13780D5E 
 225      412F5ABB 
 225      B7BFD666 
 225      9330C9
 226 015f CF6CB7F1 		.ascii	"\317l\267\361\334h\303W\003)\253\0171\276j\330J\011"
 226      DC68C357 
 226      0329AB0F 
 226      31BE6AD8 
 226      4A09
 227 0171 BCE9F00D 		.ascii	"\274\351\360\015\322\266!-\201\363\260\032?\317\201"
 227      D2B6212D 
 227      81F3B01A 
 227      3FCF81
 228 0180 4D23383D 		.ascii	"M#8=~\347\234L\363\304\325\246f\2165\244z\216\262\226"
 228      7EE79C4C 
 228      F3C4D5A6 
 228      668E35A4 
 228      7A8EB296 
 229 0194 F3B12335 		.ascii	"\363\261#5\263\336\2035\254\236M\253\352\353\002\004"
 229      B3DE8335 
 229      AC9E4DAB 
 229      EAEB0204 
ARM GAS  C:\Users\victo\AppData\Local\Temp\ccQwwnWn.s 			page 17


 230 01a4 DFC60510 		.ascii	"\337\306\005\020\376\254u\264\035<\010|\320\333\314"
 230      FEAC75B4 
 230      1D3C087C 
 230      D0DBCC
 231 01b3 5C74B720 		.ascii	"\\t\267 \351\232\273\361\210\012\222\351\251A%R\315"
 231      E99ABBF1 
 231      880A92E9 
 231      A9412552 
 231      CD
 232 01c4 FE5155AA 		.ascii	"\376QU\2521t\230\030:\014\206\220`\210\236\272\372\011"
 232      31749818 
 232      3A0C8690 
 232      60889EBA 
 232      FA09
 233 01d6 9835F3EB 		.ascii	"\2305\363\353$D\177'Do\3275\337Zb\015N\272\037D\275"
 233      24447F27 
 233      446FD735 
 233      DF5A620D 
 233      4EBA1F44 
 234 01eb D8C37B1F 		.ascii	"\330\303{\037\333\265z\2153\211z\210\200NS\275N\243"
 234      DBB57A8D 
 234      33897A88 
 234      804E53BD 
 234      4EA3
 235 01fd 5E97A857 		.ascii	"^\227\250W?\2730%\323\303\032\305\376\331\320\2434A"
 235      3FBB3025 
 235      D3C31AC5 
 235      FED9D0A3 
 235      3441
 236 020f D1327ACC 		.ascii	"\3212z\314\321\306\"\252\372\266 \270`\"\270`\020\204"
 236      D1C622AA 
 236      FAB620B8 
 236      6022B860 
 236      1084
 237 0221 05C191B9 		.ascii	"\005\301\221\271\207\275.\032\322\010\014\353=\232\365"
 237      87BD2E1A 
 237      D2080CEB 
 237      3D9AF5
 238 0230 0DF79F84 		.ascii	"\015\367\237\204V\210-\227\202\336\037\037{\334\224"
 238      56882D97 
 238      82DE1F1F 
 238      7BDC94
 239 023f 0A59B266 		.ascii	"\012Y\262f\352\234fj\037\336\260;a\252G7U\314\007\366"
 239      EA9C666A 
 239      1FDEB03B 
 239      61AA4737 
 239      55CC07F6 
 240 0253 C0BE96C4 		.ascii	"\300\276\226\304\033\000\027qB<\372\204\364`\262\027"
 240      1B001771 
 240      423CFA84 
 240      F460B217 
 241 0263 9358A879 		.ascii	"\223X\250y\370\217_\322\204\373}q\367\257\377t\343\204"
 241      F88F5FD2 
 241      84FB7D71 
 241      F7AFFF74 
 241      E384
 242 0275 2B9EBB04 		.ascii	"+\236\273\004\"yT\355\013\333\236;\022\375\242\273\021"
ARM GAS  C:\Users\victo\AppData\Local\Temp\ccQwwnWn.s 			page 18


 242      227954ED 
 242      0BDB9E3B 
 242      12FDA2BB 
 242      11
 243 0286 6324FEDD 		.ascii	"c$\376\335\033\354\226h\217v\265\233m\314\251\217\304"
 243      1BEC9668 
 243      8F76B59B 
 243      6DCCA98F 
 243      C4
 244 0297 9DBBEBBF 		.ascii	"\235\273\353\277d-UlI\305\211\346 \0300\365g\300\350"
 244      642D556C 
 244      49C589E6 
 244      201830F5 
 244      67C0E8
 245 02aa CFA0E8CF 		.ascii	"\317\240\350\317\027O\253\242@'5\222\360\347\023#\372"
 245      174FABA2 
 245      40273592 
 245      F0E71323 
 245      FA
 246 02bb 4CDCBC9B 		.ascii	"L\334\274\233\354\321e\023\305e\203bHP\204\317\316G"
 246      ECD16513 
 246      C5658362 
 246      485084CF 
 246      CE47
 247 02cd 53C46FD2 		.ascii	"S\304o\322\303I\272\353\2564:\304oR\\)X\327y\337N\377"
 247      C349BAEB 
 247      AE343AC4 
 247      6F525C29 
 247      58D779DF 
 248 02e3 4E362053 		.ascii	"N6 S3`\352\360B\253Kl\371\337q\232\230\231\337&z\235"
 248      3360EAF0 
 248      42AB4B6C 
 248      F9DF719A 
 248      9899DF26 
 249 02f9 74511C97 		.ascii	"tQ\034\227\036\324W\253)q?\3465?\242\330\256\221\204"
 249      1ED457AB 
 249      29713FE6 
 249      353FA2D8 
 249      AE9184
 250 030c 1F99663F 		.ascii	"\037\231f?jk\230k3\201\357\261e\303\334\217Q\364#S\367"
 250      6A6B986B 
 250      3381EFB1 
 250      65C3DC8F 
 250      51F42353 
 251 0321 E32A26AF 		.ascii	"\343*&\257i~\204\017\215\017\313r\220\367\370\305\020"
 251      697E840F 
 251      8D0FCB72 
 251      90F7F8C5 
 251      10
 252 0332 52A4A376 		.ascii	"R\244\243v\321\255+\231>\320\321*q%c\250\344JB\311\017"
 252      D1AD2B99 
 252      3ED0D12A 
 252      712563A8 
 252      E44A42C9 
 253 0347 9090B29C 		.ascii	"\220\220\262\234\370Gk)3\2777/:\334\237\306\305\013"
 253      F8476B29 
 253      33BF372F 
ARM GAS  C:\Users\victo\AppData\Local\Temp\ccQwwnWn.s 			page 19


 253      3ADC9FC6 
 253      C50B
 254 0359 52034460 		.ascii	"R\003D`\034\334\242\323\374\333^YV\036\330\340\330T"
 254      1CDCA2D3 
 254      FCDB5E59 
 254      561ED8E0 
 254      D854
 255 036b F09E279F 		.ascii	"\360\236'\237\274\221S\264I)W\374\276\200RZ\\XQ\351"
 255      BC9153B4 
 255      492957FC 
 255      BE80525A 
 255      5C5851E9 
 256 037f 2F518ABC 		.ascii	"/Q\212\274\205\025\371o\026\225\354\011\354\331\245"
 256      8515F96F 
 256      1695EC09 
 256      ECD9A5
 257 038e 7C94B393 		.ascii	"|\224\263\223\274\374~\376\326\202\202\342-[\013\212"
 257      BCFC7EFE 
 257      D68282E2 
 257      2D5B0B8A 
 258 039e BDB9C585 		.ascii	"\275\271\305\205J`\243\277l\267\262\245\242TY\373\\"
 258      4A60A3BF 
 258      6CB7B2A5 
 258      A25459FB 
 258      5C
 259 03af B4199253 		.ascii	"\264\031\222SB^J\242\370\300_\026PV%\245\266)\276\322"
 259      425E4AA2 
 259      F8C05F16 
 259      505625A5 
 259      B629BED2 
 260 03c3 35CB321B 		.ascii	"5\3132\033}\001\3376e\207\203+^\377\326k\317\352x\247"
 260      7D01DF36 
 260      6587832B 
 260      5EFFD66B 
 260      CFEA78A7 
 261 03d7 3CA0F8FD 		.ascii	"<\240\370\375\225\273\002\\\313+Io\363?T|\376\370{\273"
 261      95BB025C 
 261      CB2B496F 
 261      F33F547C 
 261      FEF87BBB 
 262 03eb 5FD99197 		.ascii	"_\331\221\227+h\362r\377\003M\371\000\317"
 262      2B68F272 
 262      FF034DF9 
 262      00CF
 263              		.text
 264              		.section	.gnu.lto_.symtab.91bc82dc,"",%progbits
 265 0000 56434F4E 		.ascii	"VCONN_MON_P2_SetDriveMode\000\000\000\000\000\000\000"
 265      4E5F4D4F 
 265      4E5F5032 
 265      5F536574 
 265      44726976 
 266 0020 00000000 		.ascii	"\000\000\000\000\000\262\000\000\000VCONN_MON_P2_Wr"
 266      00B20000 
 266      0056434F 
 266      4E4E5F4D 
 266      4F4E5F50 
 267 0038 69746500 		.ascii	"ite\000\000\000\000\000\000\000\000\000\000\000\000"
ARM GAS  C:\Users\victo\AppData\Local\Temp\ccQwwnWn.s 			page 20


 267      00000000 
 267      00000000 
 267      000000
 268 0047 B4000000 		.ascii	"\264\000\000\000VCONN_MON_P2_Read\000\000\000\000\000"
 268      56434F4E 
 268      4E5F4D4F 
 268      4E5F5032 
 268      5F526561 
 269 0061 00000000 		.ascii	"\000\000\000\000\000\000\000\267\000\000\000VCONN_M"
 269      000000B7 
 269      00000056 
 269      434F4E4E 
 269      5F4D
 270 0073 4F4E5F50 		.ascii	"ON_P2_ReadDataReg\000\000\000\000\000\000\000\000\000"
 270      325F5265 
 270      61644461 
 270      74615265 
 270      67000000 
 271 008d 000000B9 		.ascii	"\000\000\000\271\000\000\000VCONN_MON_P2_SetInterru"
 271      00000056 
 271      434F4E4E 
 271      5F4D4F4E 
 271      5F50325F 
 272 00ab 70744D6F 		.ascii	"ptMode\000\000\000\000\000\000\000\000\000\000\000\000"
 272      64650000 
 272      00000000 
 272      00000000 
 272      0000
 273 00bd C3000000 		.ascii	"\303\000\000\000VCONN_MON_P2_ClearInterrupt\000\000"
 273      56434F4E 
 273      4E5F4D4F 
 273      4E5F5032 
 273      5F436C65 
 274 00de 00000000 		.ascii	"\000\000\000\000\000\000\000\000\000\000\305\000\000"
 274      00000000 
 274      0000C500 
 274      00
 275 00eb 00       		.ascii	"\000"
 276              		.text
 277              		.section	.gnu.lto_.opts,"",%progbits
 278 0000 272D666E 		.ascii	"'-fno-trapv' '-mcpu=cortex-m0' '-mthumb' '-g' '-Os'"
 278      6F2D7472 
 278      61707627 
 278      20272D6D 
 278      6370753D 
 279 0033 20272D57 		.ascii	" '-Werror' '-ffunction-sections' '-finline-function"
 279      6572726F 
 279      72272027 
 279      2D666675 
 279      6E637469 
 280 0066 73272027 		.ascii	"s' '-flto' '-ffat-lto-objects' '-fno-strict-aliasin"
 280      2D666C74 
 280      6F272027 
 280      2D666661 
 280      742D6C74 
 281 0099 672700   		.ascii	"g'\000"
 282              		.text
ARM GAS  C:\Users\victo\AppData\Local\Temp\ccQwwnWn.s 			page 21


 283              		.cfi_sections	.debug_frame
 284              		.section	.text.VCONN_MON_P2_SetDriveMode,"ax",%progbits
 285              		.align	1
 286              		.global	VCONN_MON_P2_SetDriveMode
 287              		.code	16
 288              		.thumb_func
 289              		.type	VCONN_MON_P2_SetDriveMode, %function
 290              	VCONN_MON_P2_SetDriveMode:
 291              	.LFB0:
 292              		.file 1 ".\\Generated_Source\\PSoC4\\VCONN_MON_P2.c"
   1:.\Generated_Source\PSoC4/VCONN_MON_P2.c **** /*******************************************************************************
   2:.\Generated_Source\PSoC4/VCONN_MON_P2.c **** * File Name: VCONN_MON_P2.c  
   3:.\Generated_Source\PSoC4/VCONN_MON_P2.c **** * Version 2.20
   4:.\Generated_Source\PSoC4/VCONN_MON_P2.c **** *
   5:.\Generated_Source\PSoC4/VCONN_MON_P2.c **** * Description:
   6:.\Generated_Source\PSoC4/VCONN_MON_P2.c **** *  This file contains API to enable firmware control of a Pins component.
   7:.\Generated_Source\PSoC4/VCONN_MON_P2.c **** *
   8:.\Generated_Source\PSoC4/VCONN_MON_P2.c **** ********************************************************************************
   9:.\Generated_Source\PSoC4/VCONN_MON_P2.c **** * Copyright 2008-2015, Cypress Semiconductor Corporation.  All rights reserved.
  10:.\Generated_Source\PSoC4/VCONN_MON_P2.c **** * You may use this file only in accordance with the license, terms, conditions, 
  11:.\Generated_Source\PSoC4/VCONN_MON_P2.c **** * disclaimers, and limitations in the end user license agreement accompanying 
  12:.\Generated_Source\PSoC4/VCONN_MON_P2.c **** * the software package with which this file was provided.
  13:.\Generated_Source\PSoC4/VCONN_MON_P2.c **** *******************************************************************************/
  14:.\Generated_Source\PSoC4/VCONN_MON_P2.c **** 
  15:.\Generated_Source\PSoC4/VCONN_MON_P2.c **** #include "cytypes.h"
  16:.\Generated_Source\PSoC4/VCONN_MON_P2.c **** #include "VCONN_MON_P2.h"
  17:.\Generated_Source\PSoC4/VCONN_MON_P2.c **** 
  18:.\Generated_Source\PSoC4/VCONN_MON_P2.c **** 
  19:.\Generated_Source\PSoC4/VCONN_MON_P2.c **** #if defined(VCONN_MON_P2__PC)
  20:.\Generated_Source\PSoC4/VCONN_MON_P2.c ****     #define VCONN_MON_P2_SetP4PinDriveMode(shift, mode)  \
  21:.\Generated_Source\PSoC4/VCONN_MON_P2.c ****     do { \
  22:.\Generated_Source\PSoC4/VCONN_MON_P2.c ****         VCONN_MON_P2_PC =   (VCONN_MON_P2_PC & \
  23:.\Generated_Source\PSoC4/VCONN_MON_P2.c ****                                 (uint32)(~(uint32)(VCONN_MON_P2_DRIVE_MODE_IND_MASK << \
  24:.\Generated_Source\PSoC4/VCONN_MON_P2.c ****                                 (VCONN_MON_P2_DRIVE_MODE_BITS * (shift))))) | \
  25:.\Generated_Source\PSoC4/VCONN_MON_P2.c ****                                 (uint32)((uint32)(mode) << \
  26:.\Generated_Source\PSoC4/VCONN_MON_P2.c ****                                 (VCONN_MON_P2_DRIVE_MODE_BITS * (shift))); \
  27:.\Generated_Source\PSoC4/VCONN_MON_P2.c ****     } while (0)
  28:.\Generated_Source\PSoC4/VCONN_MON_P2.c **** #else
  29:.\Generated_Source\PSoC4/VCONN_MON_P2.c ****     #if (CY_PSOC4_4200L)
  30:.\Generated_Source\PSoC4/VCONN_MON_P2.c ****         #define VCONN_MON_P2_SetP4PinDriveMode(shift, mode)  \
  31:.\Generated_Source\PSoC4/VCONN_MON_P2.c ****         do { \
  32:.\Generated_Source\PSoC4/VCONN_MON_P2.c ****             VCONN_MON_P2_USBIO_CTRL_REG = (VCONN_MON_P2_USBIO_CTRL_REG & \
  33:.\Generated_Source\PSoC4/VCONN_MON_P2.c ****                                     (uint32)(~(uint32)(VCONN_MON_P2_DRIVE_MODE_IND_MASK << \
  34:.\Generated_Source\PSoC4/VCONN_MON_P2.c ****                                     (VCONN_MON_P2_DRIVE_MODE_BITS * (shift))))) | \
  35:.\Generated_Source\PSoC4/VCONN_MON_P2.c ****                                     (uint32)((uint32)(mode) << \
  36:.\Generated_Source\PSoC4/VCONN_MON_P2.c ****                                     (VCONN_MON_P2_DRIVE_MODE_BITS * (shift))); \
  37:.\Generated_Source\PSoC4/VCONN_MON_P2.c ****         } while (0)
  38:.\Generated_Source\PSoC4/VCONN_MON_P2.c ****     #endif
  39:.\Generated_Source\PSoC4/VCONN_MON_P2.c **** #endif
  40:.\Generated_Source\PSoC4/VCONN_MON_P2.c ****   
  41:.\Generated_Source\PSoC4/VCONN_MON_P2.c **** 
  42:.\Generated_Source\PSoC4/VCONN_MON_P2.c **** #if defined(VCONN_MON_P2__PC) || (CY_PSOC4_4200L) 
  43:.\Generated_Source\PSoC4/VCONN_MON_P2.c ****     /*******************************************************************************
  44:.\Generated_Source\PSoC4/VCONN_MON_P2.c ****     * Function Name: VCONN_MON_P2_SetDriveMode
  45:.\Generated_Source\PSoC4/VCONN_MON_P2.c ****     ****************************************************************************//**
  46:.\Generated_Source\PSoC4/VCONN_MON_P2.c ****     *
  47:.\Generated_Source\PSoC4/VCONN_MON_P2.c ****     * \brief Sets the drive mode for each of the Pins component's pins.
ARM GAS  C:\Users\victo\AppData\Local\Temp\ccQwwnWn.s 			page 22


  48:.\Generated_Source\PSoC4/VCONN_MON_P2.c ****     * 
  49:.\Generated_Source\PSoC4/VCONN_MON_P2.c ****     * <b>Note</b> This affects all pins in the Pins component instance. Use the
  50:.\Generated_Source\PSoC4/VCONN_MON_P2.c ****     * Per-Pin APIs if you wish to control individual pin's drive modes.
  51:.\Generated_Source\PSoC4/VCONN_MON_P2.c ****     *
  52:.\Generated_Source\PSoC4/VCONN_MON_P2.c ****     * <b>Note</b> USBIOs have limited drive functionality. Refer to the Drive Mode
  53:.\Generated_Source\PSoC4/VCONN_MON_P2.c ****     * parameter for more information.
  54:.\Generated_Source\PSoC4/VCONN_MON_P2.c ****     *
  55:.\Generated_Source\PSoC4/VCONN_MON_P2.c ****     * \param mode
  56:.\Generated_Source\PSoC4/VCONN_MON_P2.c ****     *  Mode for the selected signals. Valid options are documented in 
  57:.\Generated_Source\PSoC4/VCONN_MON_P2.c ****     *  \ref driveMode.
  58:.\Generated_Source\PSoC4/VCONN_MON_P2.c ****     *
  59:.\Generated_Source\PSoC4/VCONN_MON_P2.c ****     * \return
  60:.\Generated_Source\PSoC4/VCONN_MON_P2.c ****     *  None
  61:.\Generated_Source\PSoC4/VCONN_MON_P2.c ****     *
  62:.\Generated_Source\PSoC4/VCONN_MON_P2.c ****     * \sideeffect
  63:.\Generated_Source\PSoC4/VCONN_MON_P2.c ****     *  If you use read-modify-write operations that are not atomic, the ISR can
  64:.\Generated_Source\PSoC4/VCONN_MON_P2.c ****     *  cause corruption of this function. An ISR that interrupts this function 
  65:.\Generated_Source\PSoC4/VCONN_MON_P2.c ****     *  and performs writes to the Pins component Drive Mode registers can cause 
  66:.\Generated_Source\PSoC4/VCONN_MON_P2.c ****     *  corrupted port data. To avoid this issue, you should either use the Per-Pin
  67:.\Generated_Source\PSoC4/VCONN_MON_P2.c ****     *  APIs (primary method) or disable interrupts around this function.
  68:.\Generated_Source\PSoC4/VCONN_MON_P2.c ****     *
  69:.\Generated_Source\PSoC4/VCONN_MON_P2.c ****     * \funcusage
  70:.\Generated_Source\PSoC4/VCONN_MON_P2.c ****     *  \snippet VCONN_MON_P2_SUT.c usage_VCONN_MON_P2_SetDriveMode
  71:.\Generated_Source\PSoC4/VCONN_MON_P2.c ****     *******************************************************************************/
  72:.\Generated_Source\PSoC4/VCONN_MON_P2.c ****     void VCONN_MON_P2_SetDriveMode(uint8 mode)
  73:.\Generated_Source\PSoC4/VCONN_MON_P2.c ****     {
 293              		.loc 1 73 0
 294              		.cfi_startproc
 295              	.LVL0:
  74:.\Generated_Source\PSoC4/VCONN_MON_P2.c **** 		VCONN_MON_P2_SetP4PinDriveMode(VCONN_MON_P2__0__SHIFT, mode);
 296              		.loc 1 74 0
 297 0000 034A     		ldr	r2, .L2
 298 0002 044B     		ldr	r3, .L2+4
 299 0004 1168     		ldr	r1, [r2]
 300 0006 4005     		lsl	r0, r0, #21
 301              	.LVL1:
 302 0008 0B40     		and	r3, r1
 303 000a 1843     		orr	r0, r3
 304 000c 1060     		str	r0, [r2]
  75:.\Generated_Source\PSoC4/VCONN_MON_P2.c ****     }
 305              		.loc 1 75 0
 306              		@ sp needed
 307 000e 7047     		bx	lr
 308              	.L3:
 309              		.align	2
 310              	.L2:
 311 0010 08030440 		.word	1074004744
 312 0014 FFFF1FFF 		.word	-14680065
 313              		.cfi_endproc
 314              	.LFE0:
 315              		.size	VCONN_MON_P2_SetDriveMode, .-VCONN_MON_P2_SetDriveMode
 316              		.section	.text.VCONN_MON_P2_Write,"ax",%progbits
 317              		.align	1
 318              		.global	VCONN_MON_P2_Write
 319              		.code	16
 320              		.thumb_func
 321              		.type	VCONN_MON_P2_Write, %function
ARM GAS  C:\Users\victo\AppData\Local\Temp\ccQwwnWn.s 			page 23


 322              	VCONN_MON_P2_Write:
 323              	.LFB1:
  76:.\Generated_Source\PSoC4/VCONN_MON_P2.c **** #endif
  77:.\Generated_Source\PSoC4/VCONN_MON_P2.c **** 
  78:.\Generated_Source\PSoC4/VCONN_MON_P2.c **** 
  79:.\Generated_Source\PSoC4/VCONN_MON_P2.c **** /*******************************************************************************
  80:.\Generated_Source\PSoC4/VCONN_MON_P2.c **** * Function Name: VCONN_MON_P2_Write
  81:.\Generated_Source\PSoC4/VCONN_MON_P2.c **** ****************************************************************************//**
  82:.\Generated_Source\PSoC4/VCONN_MON_P2.c **** *
  83:.\Generated_Source\PSoC4/VCONN_MON_P2.c **** * \brief Writes the value to the physical port (data output register), masking
  84:.\Generated_Source\PSoC4/VCONN_MON_P2.c **** *  and shifting the bits appropriately. 
  85:.\Generated_Source\PSoC4/VCONN_MON_P2.c **** *
  86:.\Generated_Source\PSoC4/VCONN_MON_P2.c **** * The data output register controls the signal applied to the physical pin in 
  87:.\Generated_Source\PSoC4/VCONN_MON_P2.c **** * conjunction with the drive mode parameter. This function avoids changing 
  88:.\Generated_Source\PSoC4/VCONN_MON_P2.c **** * other bits in the port by using the appropriate method (read-modify-write or
  89:.\Generated_Source\PSoC4/VCONN_MON_P2.c **** * bit banding).
  90:.\Generated_Source\PSoC4/VCONN_MON_P2.c **** *
  91:.\Generated_Source\PSoC4/VCONN_MON_P2.c **** * <b>Note</b> This function should not be used on a hardware digital output pin 
  92:.\Generated_Source\PSoC4/VCONN_MON_P2.c **** * as it is driven by the hardware signal attached to it.
  93:.\Generated_Source\PSoC4/VCONN_MON_P2.c **** *
  94:.\Generated_Source\PSoC4/VCONN_MON_P2.c **** * \param value
  95:.\Generated_Source\PSoC4/VCONN_MON_P2.c **** *  Value to write to the component instance.
  96:.\Generated_Source\PSoC4/VCONN_MON_P2.c **** *
  97:.\Generated_Source\PSoC4/VCONN_MON_P2.c **** * \return 
  98:.\Generated_Source\PSoC4/VCONN_MON_P2.c **** *  None 
  99:.\Generated_Source\PSoC4/VCONN_MON_P2.c **** *
 100:.\Generated_Source\PSoC4/VCONN_MON_P2.c **** * \sideeffect
 101:.\Generated_Source\PSoC4/VCONN_MON_P2.c **** *  If you use read-modify-write operations that are not atomic; the Interrupt 
 102:.\Generated_Source\PSoC4/VCONN_MON_P2.c **** *  Service Routines (ISR) can cause corruption of this function. An ISR that 
 103:.\Generated_Source\PSoC4/VCONN_MON_P2.c **** *  interrupts this function and performs writes to the Pins component data 
 104:.\Generated_Source\PSoC4/VCONN_MON_P2.c **** *  register can cause corrupted port data. To avoid this issue, you should 
 105:.\Generated_Source\PSoC4/VCONN_MON_P2.c **** *  either use the Per-Pin APIs (primary method) or disable interrupts around 
 106:.\Generated_Source\PSoC4/VCONN_MON_P2.c **** *  this function.
 107:.\Generated_Source\PSoC4/VCONN_MON_P2.c **** *
 108:.\Generated_Source\PSoC4/VCONN_MON_P2.c **** * \funcusage
 109:.\Generated_Source\PSoC4/VCONN_MON_P2.c **** *  \snippet VCONN_MON_P2_SUT.c usage_VCONN_MON_P2_Write
 110:.\Generated_Source\PSoC4/VCONN_MON_P2.c **** *******************************************************************************/
 111:.\Generated_Source\PSoC4/VCONN_MON_P2.c **** void VCONN_MON_P2_Write(uint8 value)
 112:.\Generated_Source\PSoC4/VCONN_MON_P2.c **** {
 324              		.loc 1 112 0
 325              		.cfi_startproc
 326              	.LVL2:
 113:.\Generated_Source\PSoC4/VCONN_MON_P2.c ****     uint8 drVal = (uint8)(VCONN_MON_P2_DR & (uint8)(~VCONN_MON_P2_MASK));
 327              		.loc 1 113 0
 328 0000 7F23     		mov	r3, #127
 329 0002 044A     		ldr	r2, .L5
 114:.\Generated_Source\PSoC4/VCONN_MON_P2.c ****     drVal = (drVal | ((uint8)(value << VCONN_MON_P2_SHIFT) & VCONN_MON_P2_MASK));
 330              		.loc 1 114 0
 331 0004 C001     		lsl	r0, r0, #7
 332              	.LVL3:
 113:.\Generated_Source\PSoC4/VCONN_MON_P2.c ****     uint8 drVal = (uint8)(VCONN_MON_P2_DR & (uint8)(~VCONN_MON_P2_MASK));
 333              		.loc 1 113 0
 334 0006 1168     		ldr	r1, [r2]
 115:.\Generated_Source\PSoC4/VCONN_MON_P2.c ****     VCONN_MON_P2_DR = (uint32)drVal;
 116:.\Generated_Source\PSoC4/VCONN_MON_P2.c **** }
 335              		.loc 1 116 0
 336              		@ sp needed
ARM GAS  C:\Users\victo\AppData\Local\Temp\ccQwwnWn.s 			page 24


 113:.\Generated_Source\PSoC4/VCONN_MON_P2.c ****     drVal = (drVal | ((uint8)(value << VCONN_MON_P2_SHIFT) & VCONN_MON_P2_MASK));
 337              		.loc 1 113 0
 338 0008 0B40     		and	r3, r1
 114:.\Generated_Source\PSoC4/VCONN_MON_P2.c ****     drVal = (drVal | ((uint8)(value << VCONN_MON_P2_SHIFT) & VCONN_MON_P2_MASK));
 339              		.loc 1 114 0
 340 000a 1843     		orr	r0, r3
 115:.\Generated_Source\PSoC4/VCONN_MON_P2.c ****     VCONN_MON_P2_DR = (uint32)drVal;
 341              		.loc 1 115 0
 342 000c C0B2     		uxtb	r0, r0
 343 000e 1060     		str	r0, [r2]
 344              		.loc 1 116 0
 345 0010 7047     		bx	lr
 346              	.L6:
 347 0012 C046     		.align	2
 348              	.L5:
 349 0014 00030440 		.word	1074004736
 350              		.cfi_endproc
 351              	.LFE1:
 352              		.size	VCONN_MON_P2_Write, .-VCONN_MON_P2_Write
 353              		.section	.text.VCONN_MON_P2_Read,"ax",%progbits
 354              		.align	1
 355              		.global	VCONN_MON_P2_Read
 356              		.code	16
 357              		.thumb_func
 358              		.type	VCONN_MON_P2_Read, %function
 359              	VCONN_MON_P2_Read:
 360              	.LFB2:
 117:.\Generated_Source\PSoC4/VCONN_MON_P2.c **** 
 118:.\Generated_Source\PSoC4/VCONN_MON_P2.c **** 
 119:.\Generated_Source\PSoC4/VCONN_MON_P2.c **** /*******************************************************************************
 120:.\Generated_Source\PSoC4/VCONN_MON_P2.c **** * Function Name: VCONN_MON_P2_Read
 121:.\Generated_Source\PSoC4/VCONN_MON_P2.c **** ****************************************************************************//**
 122:.\Generated_Source\PSoC4/VCONN_MON_P2.c **** *
 123:.\Generated_Source\PSoC4/VCONN_MON_P2.c **** * \brief Reads the associated physical port (pin status register) and masks 
 124:.\Generated_Source\PSoC4/VCONN_MON_P2.c **** *  the required bits according to the width and bit position of the component
 125:.\Generated_Source\PSoC4/VCONN_MON_P2.c **** *  instance. 
 126:.\Generated_Source\PSoC4/VCONN_MON_P2.c **** *
 127:.\Generated_Source\PSoC4/VCONN_MON_P2.c **** * The pin's status register returns the current logic level present on the 
 128:.\Generated_Source\PSoC4/VCONN_MON_P2.c **** * physical pin.
 129:.\Generated_Source\PSoC4/VCONN_MON_P2.c **** *
 130:.\Generated_Source\PSoC4/VCONN_MON_P2.c **** * \return 
 131:.\Generated_Source\PSoC4/VCONN_MON_P2.c **** *  The current value for the pins in the component as a right justified number.
 132:.\Generated_Source\PSoC4/VCONN_MON_P2.c **** *
 133:.\Generated_Source\PSoC4/VCONN_MON_P2.c **** * \funcusage
 134:.\Generated_Source\PSoC4/VCONN_MON_P2.c **** *  \snippet VCONN_MON_P2_SUT.c usage_VCONN_MON_P2_Read  
 135:.\Generated_Source\PSoC4/VCONN_MON_P2.c **** *******************************************************************************/
 136:.\Generated_Source\PSoC4/VCONN_MON_P2.c **** uint8 VCONN_MON_P2_Read(void)
 137:.\Generated_Source\PSoC4/VCONN_MON_P2.c **** {
 361              		.loc 1 137 0
 362              		.cfi_startproc
 138:.\Generated_Source\PSoC4/VCONN_MON_P2.c ****     return (uint8)((VCONN_MON_P2_PS & VCONN_MON_P2_MASK) >> VCONN_MON_P2_SHIFT);
 363              		.loc 1 138 0
 364 0000 024B     		ldr	r3, .L8
 139:.\Generated_Source\PSoC4/VCONN_MON_P2.c **** }
 365              		.loc 1 139 0
 366              		@ sp needed
 138:.\Generated_Source\PSoC4/VCONN_MON_P2.c ****     return (uint8)((VCONN_MON_P2_PS & VCONN_MON_P2_MASK) >> VCONN_MON_P2_SHIFT);
ARM GAS  C:\Users\victo\AppData\Local\Temp\ccQwwnWn.s 			page 25


 367              		.loc 1 138 0
 368 0002 1868     		ldr	r0, [r3]
 369 0004 0006     		lsl	r0, r0, #24
 370 0006 C00F     		lsr	r0, r0, #31
 371              		.loc 1 139 0
 372 0008 7047     		bx	lr
 373              	.L9:
 374 000a C046     		.align	2
 375              	.L8:
 376 000c 04030440 		.word	1074004740
 377              		.cfi_endproc
 378              	.LFE2:
 379              		.size	VCONN_MON_P2_Read, .-VCONN_MON_P2_Read
 380              		.section	.text.VCONN_MON_P2_ReadDataReg,"ax",%progbits
 381              		.align	1
 382              		.global	VCONN_MON_P2_ReadDataReg
 383              		.code	16
 384              		.thumb_func
 385              		.type	VCONN_MON_P2_ReadDataReg, %function
 386              	VCONN_MON_P2_ReadDataReg:
 387              	.LFB3:
 140:.\Generated_Source\PSoC4/VCONN_MON_P2.c **** 
 141:.\Generated_Source\PSoC4/VCONN_MON_P2.c **** 
 142:.\Generated_Source\PSoC4/VCONN_MON_P2.c **** /*******************************************************************************
 143:.\Generated_Source\PSoC4/VCONN_MON_P2.c **** * Function Name: VCONN_MON_P2_ReadDataReg
 144:.\Generated_Source\PSoC4/VCONN_MON_P2.c **** ****************************************************************************//**
 145:.\Generated_Source\PSoC4/VCONN_MON_P2.c **** *
 146:.\Generated_Source\PSoC4/VCONN_MON_P2.c **** * \brief Reads the associated physical port's data output register and masks 
 147:.\Generated_Source\PSoC4/VCONN_MON_P2.c **** *  the correct bits according to the width and bit position of the component 
 148:.\Generated_Source\PSoC4/VCONN_MON_P2.c **** *  instance. 
 149:.\Generated_Source\PSoC4/VCONN_MON_P2.c **** *
 150:.\Generated_Source\PSoC4/VCONN_MON_P2.c **** * The data output register controls the signal applied to the physical pin in 
 151:.\Generated_Source\PSoC4/VCONN_MON_P2.c **** * conjunction with the drive mode parameter. This is not the same as the 
 152:.\Generated_Source\PSoC4/VCONN_MON_P2.c **** * preferred VCONN_MON_P2_Read() API because the 
 153:.\Generated_Source\PSoC4/VCONN_MON_P2.c **** * VCONN_MON_P2_ReadDataReg() reads the data register instead of the status 
 154:.\Generated_Source\PSoC4/VCONN_MON_P2.c **** * register. For output pins this is a useful function to determine the value 
 155:.\Generated_Source\PSoC4/VCONN_MON_P2.c **** * just written to the pin.
 156:.\Generated_Source\PSoC4/VCONN_MON_P2.c **** *
 157:.\Generated_Source\PSoC4/VCONN_MON_P2.c **** * \return 
 158:.\Generated_Source\PSoC4/VCONN_MON_P2.c **** *  The current value of the data register masked and shifted into a right 
 159:.\Generated_Source\PSoC4/VCONN_MON_P2.c **** *  justified number for the component instance.
 160:.\Generated_Source\PSoC4/VCONN_MON_P2.c **** *
 161:.\Generated_Source\PSoC4/VCONN_MON_P2.c **** * \funcusage
 162:.\Generated_Source\PSoC4/VCONN_MON_P2.c **** *  \snippet VCONN_MON_P2_SUT.c usage_VCONN_MON_P2_ReadDataReg 
 163:.\Generated_Source\PSoC4/VCONN_MON_P2.c **** *******************************************************************************/
 164:.\Generated_Source\PSoC4/VCONN_MON_P2.c **** uint8 VCONN_MON_P2_ReadDataReg(void)
 165:.\Generated_Source\PSoC4/VCONN_MON_P2.c **** {
 388              		.loc 1 165 0
 389              		.cfi_startproc
 166:.\Generated_Source\PSoC4/VCONN_MON_P2.c ****     return (uint8)((VCONN_MON_P2_DR & VCONN_MON_P2_MASK) >> VCONN_MON_P2_SHIFT);
 390              		.loc 1 166 0
 391 0000 024B     		ldr	r3, .L11
 167:.\Generated_Source\PSoC4/VCONN_MON_P2.c **** }
 392              		.loc 1 167 0
 393              		@ sp needed
 166:.\Generated_Source\PSoC4/VCONN_MON_P2.c ****     return (uint8)((VCONN_MON_P2_DR & VCONN_MON_P2_MASK) >> VCONN_MON_P2_SHIFT);
 394              		.loc 1 166 0
ARM GAS  C:\Users\victo\AppData\Local\Temp\ccQwwnWn.s 			page 26


 395 0002 1868     		ldr	r0, [r3]
 396 0004 0006     		lsl	r0, r0, #24
 397 0006 C00F     		lsr	r0, r0, #31
 398              		.loc 1 167 0
 399 0008 7047     		bx	lr
 400              	.L12:
 401 000a C046     		.align	2
 402              	.L11:
 403 000c 00030440 		.word	1074004736
 404              		.cfi_endproc
 405              	.LFE3:
 406              		.size	VCONN_MON_P2_ReadDataReg, .-VCONN_MON_P2_ReadDataReg
 407              		.section	.text.VCONN_MON_P2_SetInterruptMode,"ax",%progbits
 408              		.align	1
 409              		.global	VCONN_MON_P2_SetInterruptMode
 410              		.code	16
 411              		.thumb_func
 412              		.type	VCONN_MON_P2_SetInterruptMode, %function
 413              	VCONN_MON_P2_SetInterruptMode:
 414              	.LFB4:
 168:.\Generated_Source\PSoC4/VCONN_MON_P2.c **** 
 169:.\Generated_Source\PSoC4/VCONN_MON_P2.c **** 
 170:.\Generated_Source\PSoC4/VCONN_MON_P2.c **** /*******************************************************************************
 171:.\Generated_Source\PSoC4/VCONN_MON_P2.c **** * Function Name: VCONN_MON_P2_SetInterruptMode
 172:.\Generated_Source\PSoC4/VCONN_MON_P2.c **** ****************************************************************************//**
 173:.\Generated_Source\PSoC4/VCONN_MON_P2.c **** *
 174:.\Generated_Source\PSoC4/VCONN_MON_P2.c **** * \brief Configures the interrupt mode for each of the Pins component's
 175:.\Generated_Source\PSoC4/VCONN_MON_P2.c **** *  pins. Alternatively you may set the interrupt mode for all the pins
 176:.\Generated_Source\PSoC4/VCONN_MON_P2.c **** *  specified in the Pins component.
 177:.\Generated_Source\PSoC4/VCONN_MON_P2.c **** *
 178:.\Generated_Source\PSoC4/VCONN_MON_P2.c **** *  <b>Note</b> The interrupt is port-wide and therefore any enabled pin
 179:.\Generated_Source\PSoC4/VCONN_MON_P2.c **** *  interrupt may trigger it.
 180:.\Generated_Source\PSoC4/VCONN_MON_P2.c **** *
 181:.\Generated_Source\PSoC4/VCONN_MON_P2.c **** * \param position
 182:.\Generated_Source\PSoC4/VCONN_MON_P2.c **** *  The pin position as listed in the Pins component. You may OR these to be 
 183:.\Generated_Source\PSoC4/VCONN_MON_P2.c **** *  able to configure the interrupt mode of multiple pins within a Pins 
 184:.\Generated_Source\PSoC4/VCONN_MON_P2.c **** *  component. Or you may use VCONN_MON_P2_INTR_ALL to configure the
 185:.\Generated_Source\PSoC4/VCONN_MON_P2.c **** *  interrupt mode of all the pins in the Pins component.       
 186:.\Generated_Source\PSoC4/VCONN_MON_P2.c **** *  - VCONN_MON_P2_0_INTR       (First pin in the list)
 187:.\Generated_Source\PSoC4/VCONN_MON_P2.c **** *  - VCONN_MON_P2_1_INTR       (Second pin in the list)
 188:.\Generated_Source\PSoC4/VCONN_MON_P2.c **** *  - ...
 189:.\Generated_Source\PSoC4/VCONN_MON_P2.c **** *  - VCONN_MON_P2_INTR_ALL     (All pins in Pins component)
 190:.\Generated_Source\PSoC4/VCONN_MON_P2.c **** *
 191:.\Generated_Source\PSoC4/VCONN_MON_P2.c **** * \param mode
 192:.\Generated_Source\PSoC4/VCONN_MON_P2.c **** *  Interrupt mode for the selected pins. Valid options are documented in
 193:.\Generated_Source\PSoC4/VCONN_MON_P2.c **** *  \ref intrMode.
 194:.\Generated_Source\PSoC4/VCONN_MON_P2.c **** *
 195:.\Generated_Source\PSoC4/VCONN_MON_P2.c **** * \return 
 196:.\Generated_Source\PSoC4/VCONN_MON_P2.c **** *  None
 197:.\Generated_Source\PSoC4/VCONN_MON_P2.c **** *  
 198:.\Generated_Source\PSoC4/VCONN_MON_P2.c **** * \sideeffect
 199:.\Generated_Source\PSoC4/VCONN_MON_P2.c **** *  It is recommended that the interrupt be disabled before calling this 
 200:.\Generated_Source\PSoC4/VCONN_MON_P2.c **** *  function to avoid unintended interrupt requests. Note that the interrupt
 201:.\Generated_Source\PSoC4/VCONN_MON_P2.c **** *  type is port wide, and therefore will trigger for any enabled pin on the 
 202:.\Generated_Source\PSoC4/VCONN_MON_P2.c **** *  port.
 203:.\Generated_Source\PSoC4/VCONN_MON_P2.c **** *
 204:.\Generated_Source\PSoC4/VCONN_MON_P2.c **** * \funcusage
ARM GAS  C:\Users\victo\AppData\Local\Temp\ccQwwnWn.s 			page 27


 205:.\Generated_Source\PSoC4/VCONN_MON_P2.c **** *  \snippet VCONN_MON_P2_SUT.c usage_VCONN_MON_P2_SetInterruptMode
 206:.\Generated_Source\PSoC4/VCONN_MON_P2.c **** *******************************************************************************/
 207:.\Generated_Source\PSoC4/VCONN_MON_P2.c **** void VCONN_MON_P2_SetInterruptMode(uint16 position, uint16 mode)
 208:.\Generated_Source\PSoC4/VCONN_MON_P2.c **** {
 415              		.loc 1 208 0
 416              		.cfi_startproc
 417              	.LVL4:
 209:.\Generated_Source\PSoC4/VCONN_MON_P2.c ****     uint32 intrCfg;
 210:.\Generated_Source\PSoC4/VCONN_MON_P2.c ****     
 211:.\Generated_Source\PSoC4/VCONN_MON_P2.c ****     intrCfg =  VCONN_MON_P2_INTCFG & (uint32)(~(uint32)position);
 418              		.loc 1 211 0
 419 0000 034A     		ldr	r2, .L14
 212:.\Generated_Source\PSoC4/VCONN_MON_P2.c ****     VCONN_MON_P2_INTCFG = intrCfg | ((uint32)position & (uint32)mode);
 213:.\Generated_Source\PSoC4/VCONN_MON_P2.c **** }
 420              		.loc 1 213 0
 421              		@ sp needed
 211:.\Generated_Source\PSoC4/VCONN_MON_P2.c ****     VCONN_MON_P2_INTCFG = intrCfg | ((uint32)position & (uint32)mode);
 422              		.loc 1 211 0
 423 0002 1368     		ldr	r3, [r2]
 424              	.LVL5:
 425 0004 8343     		bic	r3, r0
 426              	.LVL6:
 212:.\Generated_Source\PSoC4/VCONN_MON_P2.c ****     VCONN_MON_P2_INTCFG = intrCfg | ((uint32)position & (uint32)mode);
 427              		.loc 1 212 0
 428 0006 0840     		and	r0, r1
 429              	.LVL7:
 430 0008 1843     		orr	r0, r3
 431 000a 1060     		str	r0, [r2]
 432              		.loc 1 213 0
 433 000c 7047     		bx	lr
 434              	.L15:
 435 000e C046     		.align	2
 436              	.L14:
 437 0010 0C030440 		.word	1074004748
 438              		.cfi_endproc
 439              	.LFE4:
 440              		.size	VCONN_MON_P2_SetInterruptMode, .-VCONN_MON_P2_SetInterruptMode
 441              		.section	.text.VCONN_MON_P2_ClearInterrupt,"ax",%progbits
 442              		.align	1
 443              		.global	VCONN_MON_P2_ClearInterrupt
 444              		.code	16
 445              		.thumb_func
 446              		.type	VCONN_MON_P2_ClearInterrupt, %function
 447              	VCONN_MON_P2_ClearInterrupt:
 448              	.LFB5:
 214:.\Generated_Source\PSoC4/VCONN_MON_P2.c **** 
 215:.\Generated_Source\PSoC4/VCONN_MON_P2.c **** 
 216:.\Generated_Source\PSoC4/VCONN_MON_P2.c **** /*******************************************************************************
 217:.\Generated_Source\PSoC4/VCONN_MON_P2.c **** * Function Name: VCONN_MON_P2_ClearInterrupt
 218:.\Generated_Source\PSoC4/VCONN_MON_P2.c **** ****************************************************************************//**
 219:.\Generated_Source\PSoC4/VCONN_MON_P2.c **** *
 220:.\Generated_Source\PSoC4/VCONN_MON_P2.c **** * \brief Clears any active interrupts attached with the component and returns 
 221:.\Generated_Source\PSoC4/VCONN_MON_P2.c **** *  the value of the interrupt status register allowing determination of which
 222:.\Generated_Source\PSoC4/VCONN_MON_P2.c **** *  pins generated an interrupt event.
 223:.\Generated_Source\PSoC4/VCONN_MON_P2.c **** *
 224:.\Generated_Source\PSoC4/VCONN_MON_P2.c **** * \return 
 225:.\Generated_Source\PSoC4/VCONN_MON_P2.c **** *  The right-shifted current value of the interrupt status register. Each pin 
ARM GAS  C:\Users\victo\AppData\Local\Temp\ccQwwnWn.s 			page 28


 226:.\Generated_Source\PSoC4/VCONN_MON_P2.c **** *  has one bit set if it generated an interrupt event. For example, bit 0 is 
 227:.\Generated_Source\PSoC4/VCONN_MON_P2.c **** *  for pin 0 and bit 1 is for pin 1 of the Pins component.
 228:.\Generated_Source\PSoC4/VCONN_MON_P2.c **** *  
 229:.\Generated_Source\PSoC4/VCONN_MON_P2.c **** * \sideeffect
 230:.\Generated_Source\PSoC4/VCONN_MON_P2.c **** *  Clears all bits of the physical port's interrupt status register, not just
 231:.\Generated_Source\PSoC4/VCONN_MON_P2.c **** *  those associated with the Pins component.
 232:.\Generated_Source\PSoC4/VCONN_MON_P2.c **** *
 233:.\Generated_Source\PSoC4/VCONN_MON_P2.c **** * \funcusage
 234:.\Generated_Source\PSoC4/VCONN_MON_P2.c **** *  \snippet VCONN_MON_P2_SUT.c usage_VCONN_MON_P2_ClearInterrupt
 235:.\Generated_Source\PSoC4/VCONN_MON_P2.c **** *******************************************************************************/
 236:.\Generated_Source\PSoC4/VCONN_MON_P2.c **** uint8 VCONN_MON_P2_ClearInterrupt(void)
 237:.\Generated_Source\PSoC4/VCONN_MON_P2.c **** {
 449              		.loc 1 237 0
 450              		.cfi_startproc
 238:.\Generated_Source\PSoC4/VCONN_MON_P2.c **** 	uint8 maskedStatus = (uint8)(VCONN_MON_P2_INTSTAT & VCONN_MON_P2_MASK);
 451              		.loc 1 238 0
 452 0000 7F22     		mov	r2, #127
 453 0002 034B     		ldr	r3, .L17
 239:.\Generated_Source\PSoC4/VCONN_MON_P2.c **** 	VCONN_MON_P2_INTSTAT = maskedStatus;
 240:.\Generated_Source\PSoC4/VCONN_MON_P2.c ****     return maskedStatus >> VCONN_MON_P2_SHIFT;
 241:.\Generated_Source\PSoC4/VCONN_MON_P2.c **** }
 454              		.loc 1 241 0
 455              		@ sp needed
 238:.\Generated_Source\PSoC4/VCONN_MON_P2.c **** 	uint8 maskedStatus = (uint8)(VCONN_MON_P2_INTSTAT & VCONN_MON_P2_MASK);
 456              		.loc 1 238 0
 457 0004 1868     		ldr	r0, [r3]
 458 0006 9043     		bic	r0, r2
 459 0008 C0B2     		uxtb	r0, r0
 460              	.LVL8:
 239:.\Generated_Source\PSoC4/VCONN_MON_P2.c **** 	VCONN_MON_P2_INTSTAT = maskedStatus;
 461              		.loc 1 239 0
 462 000a 1860     		str	r0, [r3]
 240:.\Generated_Source\PSoC4/VCONN_MON_P2.c **** }
 463              		.loc 1 240 0
 464 000c C009     		lsr	r0, r0, #7
 465              	.LVL9:
 466              		.loc 1 241 0
 467 000e 7047     		bx	lr
 468              	.L18:
 469              		.align	2
 470              	.L17:
 471 0010 10030440 		.word	1074004752
 472              		.cfi_endproc
 473              	.LFE5:
 474              		.size	VCONN_MON_P2_ClearInterrupt, .-VCONN_MON_P2_ClearInterrupt
 475              		.text
 476              	.Letext0:
 477              		.file 2 ".\\Generated_Source\\PSoC4\\cytypes.h"
 478              		.section	.debug_info,"",%progbits
 479              	.Ldebug_info0:
 480 0000 97010000 		.4byte	0x197
 481 0004 0400     		.2byte	0x4
 482 0006 00000000 		.4byte	.Ldebug_abbrev0
 483 000a 04       		.byte	0x4
 484 000b 01       		.uleb128 0x1
 485 000c 09010000 		.4byte	.LASF27
 486 0010 01       		.byte	0x1
ARM GAS  C:\Users\victo\AppData\Local\Temp\ccQwwnWn.s 			page 29


 487 0011 72000000 		.4byte	.LASF28
 488 0015 E4010000 		.4byte	.LASF29
 489 0019 00000000 		.4byte	.Ldebug_ranges0+0
 490 001d 00000000 		.4byte	0
 491 0021 00000000 		.4byte	.Ldebug_line0
 492 0025 02       		.uleb128 0x2
 493 0026 01       		.byte	0x1
 494 0027 06       		.byte	0x6
 495 0028 AE020000 		.4byte	.LASF0
 496 002c 02       		.uleb128 0x2
 497 002d 01       		.byte	0x1
 498 002e 08       		.byte	0x8
 499 002f 42000000 		.4byte	.LASF1
 500 0033 02       		.uleb128 0x2
 501 0034 02       		.byte	0x2
 502 0035 05       		.byte	0x5
 503 0036 82020000 		.4byte	.LASF2
 504 003a 02       		.uleb128 0x2
 505 003b 02       		.byte	0x2
 506 003c 07       		.byte	0x7
 507 003d AC000000 		.4byte	.LASF3
 508 0041 02       		.uleb128 0x2
 509 0042 04       		.byte	0x4
 510 0043 05       		.byte	0x5
 511 0044 A5020000 		.4byte	.LASF4
 512 0048 02       		.uleb128 0x2
 513 0049 04       		.byte	0x4
 514 004a 07       		.byte	0x7
 515 004b 9A000000 		.4byte	.LASF5
 516 004f 02       		.uleb128 0x2
 517 0050 08       		.byte	0x8
 518 0051 05       		.byte	0x5
 519 0052 49020000 		.4byte	.LASF6
 520 0056 02       		.uleb128 0x2
 521 0057 08       		.byte	0x8
 522 0058 07       		.byte	0x7
 523 0059 F2000000 		.4byte	.LASF7
 524 005d 03       		.uleb128 0x3
 525 005e 04       		.byte	0x4
 526 005f 05       		.byte	0x5
 527 0060 696E7400 		.ascii	"int\000"
 528 0064 02       		.uleb128 0x2
 529 0065 04       		.byte	0x4
 530 0066 07       		.byte	0x7
 531 0067 E5000000 		.4byte	.LASF8
 532 006b 04       		.uleb128 0x4
 533 006c 8C020000 		.4byte	.LASF9
 534 0070 02       		.byte	0x2
 535 0071 9801     		.2byte	0x198
 536 0073 2C000000 		.4byte	0x2c
 537 0077 04       		.uleb128 0x4
 538 0078 C6000000 		.4byte	.LASF10
 539 007c 02       		.byte	0x2
 540 007d 9901     		.2byte	0x199
 541 007f 3A000000 		.4byte	0x3a
 542 0083 04       		.uleb128 0x4
 543 0084 D6000000 		.4byte	.LASF11
ARM GAS  C:\Users\victo\AppData\Local\Temp\ccQwwnWn.s 			page 30


 544 0088 02       		.byte	0x2
 545 0089 9A01     		.2byte	0x19a
 546 008b 48000000 		.4byte	0x48
 547 008f 02       		.uleb128 0x2
 548 0090 04       		.byte	0x4
 549 0091 04       		.byte	0x4
 550 0092 3C000000 		.4byte	.LASF12
 551 0096 02       		.uleb128 0x2
 552 0097 08       		.byte	0x8
 553 0098 04       		.byte	0x4
 554 0099 BF000000 		.4byte	.LASF13
 555 009d 02       		.uleb128 0x2
 556 009e 01       		.byte	0x1
 557 009f 08       		.byte	0x8
 558 00a0 7D020000 		.4byte	.LASF14
 559 00a4 04       		.uleb128 0x4
 560 00a5 12000000 		.4byte	.LASF15
 561 00a9 02       		.byte	0x2
 562 00aa 4402     		.2byte	0x244
 563 00ac B0000000 		.4byte	0xb0
 564 00b0 05       		.uleb128 0x5
 565 00b1 83000000 		.4byte	0x83
 566 00b5 06       		.uleb128 0x6
 567 00b6 CA010000 		.4byte	.LASF16
 568 00ba 01       		.byte	0x1
 569 00bb 48       		.byte	0x48
 570 00bc 00000000 		.4byte	.LFB0
 571 00c0 18000000 		.4byte	.LFE0-.LFB0
 572 00c4 01       		.uleb128 0x1
 573 00c5 9C       		.byte	0x9c
 574 00c6 DA000000 		.4byte	0xda
 575 00ca 07       		.uleb128 0x7
 576 00cb C5010000 		.4byte	.LASF18
 577 00cf 01       		.byte	0x1
 578 00d0 48       		.byte	0x48
 579 00d1 6B000000 		.4byte	0x6b
 580 00d5 00000000 		.4byte	.LLST0
 581 00d9 00       		.byte	0
 582 00da 06       		.uleb128 0x6
 583 00db 92020000 		.4byte	.LASF17
 584 00df 01       		.byte	0x1
 585 00e0 6F       		.byte	0x6f
 586 00e1 00000000 		.4byte	.LFB1
 587 00e5 18000000 		.4byte	.LFE1-.LFB1
 588 00e9 01       		.uleb128 0x1
 589 00ea 9C       		.byte	0x9c
 590 00eb 0A010000 		.4byte	0x10a
 591 00ef 07       		.uleb128 0x7
 592 00f0 18000000 		.4byte	.LASF19
 593 00f4 01       		.byte	0x1
 594 00f5 6F       		.byte	0x6f
 595 00f6 6B000000 		.4byte	0x6b
 596 00fa 21000000 		.4byte	.LLST1
 597 00fe 08       		.uleb128 0x8
 598 00ff 6C000000 		.4byte	.LASF30
 599 0103 01       		.byte	0x1
 600 0104 71       		.byte	0x71
ARM GAS  C:\Users\victo\AppData\Local\Temp\ccQwwnWn.s 			page 31


 601 0105 6B000000 		.4byte	0x6b
 602 0109 00       		.byte	0
 603 010a 09       		.uleb128 0x9
 604 010b 00000000 		.4byte	.LASF20
 605 010f 01       		.byte	0x1
 606 0110 88       		.byte	0x88
 607 0111 6B000000 		.4byte	0x6b
 608 0115 00000000 		.4byte	.LFB2
 609 0119 10000000 		.4byte	.LFE2-.LFB2
 610 011d 01       		.uleb128 0x1
 611 011e 9C       		.byte	0x9c
 612 011f 09       		.uleb128 0x9
 613 0120 57020000 		.4byte	.LASF21
 614 0124 01       		.byte	0x1
 615 0125 A4       		.byte	0xa4
 616 0126 6B000000 		.4byte	0x6b
 617 012a 00000000 		.4byte	.LFB3
 618 012e 10000000 		.4byte	.LFE3-.LFB3
 619 0132 01       		.uleb128 0x1
 620 0133 9C       		.byte	0x9c
 621 0134 06       		.uleb128 0x6
 622 0135 1E000000 		.4byte	.LASF22
 623 0139 01       		.byte	0x1
 624 013a CF       		.byte	0xcf
 625 013b 00000000 		.4byte	.LFB4
 626 013f 14000000 		.4byte	.LFE4-.LFB4
 627 0143 01       		.uleb128 0x1
 628 0144 9C       		.byte	0x9c
 629 0145 75010000 		.4byte	0x175
 630 0149 07       		.uleb128 0x7
 631 014a CD000000 		.4byte	.LASF23
 632 014e 01       		.byte	0x1
 633 014f CF       		.byte	0xcf
 634 0150 77000000 		.4byte	0x77
 635 0154 42000000 		.4byte	.LLST2
 636 0158 0A       		.uleb128 0xa
 637 0159 C5010000 		.4byte	.LASF18
 638 015d 01       		.byte	0x1
 639 015e CF       		.byte	0xcf
 640 015f 77000000 		.4byte	0x77
 641 0163 01       		.uleb128 0x1
 642 0164 51       		.byte	0x51
 643 0165 0B       		.uleb128 0xb
 644 0166 DD000000 		.4byte	.LASF25
 645 016a 01       		.byte	0x1
 646 016b D1       		.byte	0xd1
 647 016c 83000000 		.4byte	0x83
 648 0170 63000000 		.4byte	.LLST3
 649 0174 00       		.byte	0
 650 0175 0C       		.uleb128 0xc
 651 0176 50000000 		.4byte	.LASF24
 652 017a 01       		.byte	0x1
 653 017b EC       		.byte	0xec
 654 017c 6B000000 		.4byte	0x6b
 655 0180 00000000 		.4byte	.LFB5
 656 0184 14000000 		.4byte	.LFE5-.LFB5
 657 0188 01       		.uleb128 0x1
ARM GAS  C:\Users\victo\AppData\Local\Temp\ccQwwnWn.s 			page 32


 658 0189 9C       		.byte	0x9c
 659 018a 0B       		.uleb128 0xb
 660 018b 70020000 		.4byte	.LASF26
 661 018f 01       		.byte	0x1
 662 0190 EE       		.byte	0xee
 663 0191 6B000000 		.4byte	0x6b
 664 0195 80000000 		.4byte	.LLST4
 665 0199 00       		.byte	0
 666 019a 00       		.byte	0
 667              		.section	.debug_abbrev,"",%progbits
 668              	.Ldebug_abbrev0:
 669 0000 01       		.uleb128 0x1
 670 0001 11       		.uleb128 0x11
 671 0002 01       		.byte	0x1
 672 0003 25       		.uleb128 0x25
 673 0004 0E       		.uleb128 0xe
 674 0005 13       		.uleb128 0x13
 675 0006 0B       		.uleb128 0xb
 676 0007 03       		.uleb128 0x3
 677 0008 0E       		.uleb128 0xe
 678 0009 1B       		.uleb128 0x1b
 679 000a 0E       		.uleb128 0xe
 680 000b 55       		.uleb128 0x55
 681 000c 17       		.uleb128 0x17
 682 000d 11       		.uleb128 0x11
 683 000e 01       		.uleb128 0x1
 684 000f 10       		.uleb128 0x10
 685 0010 17       		.uleb128 0x17
 686 0011 00       		.byte	0
 687 0012 00       		.byte	0
 688 0013 02       		.uleb128 0x2
 689 0014 24       		.uleb128 0x24
 690 0015 00       		.byte	0
 691 0016 0B       		.uleb128 0xb
 692 0017 0B       		.uleb128 0xb
 693 0018 3E       		.uleb128 0x3e
 694 0019 0B       		.uleb128 0xb
 695 001a 03       		.uleb128 0x3
 696 001b 0E       		.uleb128 0xe
 697 001c 00       		.byte	0
 698 001d 00       		.byte	0
 699 001e 03       		.uleb128 0x3
 700 001f 24       		.uleb128 0x24
 701 0020 00       		.byte	0
 702 0021 0B       		.uleb128 0xb
 703 0022 0B       		.uleb128 0xb
 704 0023 3E       		.uleb128 0x3e
 705 0024 0B       		.uleb128 0xb
 706 0025 03       		.uleb128 0x3
 707 0026 08       		.uleb128 0x8
 708 0027 00       		.byte	0
 709 0028 00       		.byte	0
 710 0029 04       		.uleb128 0x4
 711 002a 16       		.uleb128 0x16
 712 002b 00       		.byte	0
 713 002c 03       		.uleb128 0x3
 714 002d 0E       		.uleb128 0xe
ARM GAS  C:\Users\victo\AppData\Local\Temp\ccQwwnWn.s 			page 33


 715 002e 3A       		.uleb128 0x3a
 716 002f 0B       		.uleb128 0xb
 717 0030 3B       		.uleb128 0x3b
 718 0031 05       		.uleb128 0x5
 719 0032 49       		.uleb128 0x49
 720 0033 13       		.uleb128 0x13
 721 0034 00       		.byte	0
 722 0035 00       		.byte	0
 723 0036 05       		.uleb128 0x5
 724 0037 35       		.uleb128 0x35
 725 0038 00       		.byte	0
 726 0039 49       		.uleb128 0x49
 727 003a 13       		.uleb128 0x13
 728 003b 00       		.byte	0
 729 003c 00       		.byte	0
 730 003d 06       		.uleb128 0x6
 731 003e 2E       		.uleb128 0x2e
 732 003f 01       		.byte	0x1
 733 0040 3F       		.uleb128 0x3f
 734 0041 19       		.uleb128 0x19
 735 0042 03       		.uleb128 0x3
 736 0043 0E       		.uleb128 0xe
 737 0044 3A       		.uleb128 0x3a
 738 0045 0B       		.uleb128 0xb
 739 0046 3B       		.uleb128 0x3b
 740 0047 0B       		.uleb128 0xb
 741 0048 27       		.uleb128 0x27
 742 0049 19       		.uleb128 0x19
 743 004a 11       		.uleb128 0x11
 744 004b 01       		.uleb128 0x1
 745 004c 12       		.uleb128 0x12
 746 004d 06       		.uleb128 0x6
 747 004e 40       		.uleb128 0x40
 748 004f 18       		.uleb128 0x18
 749 0050 9742     		.uleb128 0x2117
 750 0052 19       		.uleb128 0x19
 751 0053 01       		.uleb128 0x1
 752 0054 13       		.uleb128 0x13
 753 0055 00       		.byte	0
 754 0056 00       		.byte	0
 755 0057 07       		.uleb128 0x7
 756 0058 05       		.uleb128 0x5
 757 0059 00       		.byte	0
 758 005a 03       		.uleb128 0x3
 759 005b 0E       		.uleb128 0xe
 760 005c 3A       		.uleb128 0x3a
 761 005d 0B       		.uleb128 0xb
 762 005e 3B       		.uleb128 0x3b
 763 005f 0B       		.uleb128 0xb
 764 0060 49       		.uleb128 0x49
 765 0061 13       		.uleb128 0x13
 766 0062 02       		.uleb128 0x2
 767 0063 17       		.uleb128 0x17
 768 0064 00       		.byte	0
 769 0065 00       		.byte	0
 770 0066 08       		.uleb128 0x8
 771 0067 34       		.uleb128 0x34
ARM GAS  C:\Users\victo\AppData\Local\Temp\ccQwwnWn.s 			page 34


 772 0068 00       		.byte	0
 773 0069 03       		.uleb128 0x3
 774 006a 0E       		.uleb128 0xe
 775 006b 3A       		.uleb128 0x3a
 776 006c 0B       		.uleb128 0xb
 777 006d 3B       		.uleb128 0x3b
 778 006e 0B       		.uleb128 0xb
 779 006f 49       		.uleb128 0x49
 780 0070 13       		.uleb128 0x13
 781 0071 00       		.byte	0
 782 0072 00       		.byte	0
 783 0073 09       		.uleb128 0x9
 784 0074 2E       		.uleb128 0x2e
 785 0075 00       		.byte	0
 786 0076 3F       		.uleb128 0x3f
 787 0077 19       		.uleb128 0x19
 788 0078 03       		.uleb128 0x3
 789 0079 0E       		.uleb128 0xe
 790 007a 3A       		.uleb128 0x3a
 791 007b 0B       		.uleb128 0xb
 792 007c 3B       		.uleb128 0x3b
 793 007d 0B       		.uleb128 0xb
 794 007e 27       		.uleb128 0x27
 795 007f 19       		.uleb128 0x19
 796 0080 49       		.uleb128 0x49
 797 0081 13       		.uleb128 0x13
 798 0082 11       		.uleb128 0x11
 799 0083 01       		.uleb128 0x1
 800 0084 12       		.uleb128 0x12
 801 0085 06       		.uleb128 0x6
 802 0086 40       		.uleb128 0x40
 803 0087 18       		.uleb128 0x18
 804 0088 9742     		.uleb128 0x2117
 805 008a 19       		.uleb128 0x19
 806 008b 00       		.byte	0
 807 008c 00       		.byte	0
 808 008d 0A       		.uleb128 0xa
 809 008e 05       		.uleb128 0x5
 810 008f 00       		.byte	0
 811 0090 03       		.uleb128 0x3
 812 0091 0E       		.uleb128 0xe
 813 0092 3A       		.uleb128 0x3a
 814 0093 0B       		.uleb128 0xb
 815 0094 3B       		.uleb128 0x3b
 816 0095 0B       		.uleb128 0xb
 817 0096 49       		.uleb128 0x49
 818 0097 13       		.uleb128 0x13
 819 0098 02       		.uleb128 0x2
 820 0099 18       		.uleb128 0x18
 821 009a 00       		.byte	0
 822 009b 00       		.byte	0
 823 009c 0B       		.uleb128 0xb
 824 009d 34       		.uleb128 0x34
 825 009e 00       		.byte	0
 826 009f 03       		.uleb128 0x3
 827 00a0 0E       		.uleb128 0xe
 828 00a1 3A       		.uleb128 0x3a
ARM GAS  C:\Users\victo\AppData\Local\Temp\ccQwwnWn.s 			page 35


 829 00a2 0B       		.uleb128 0xb
 830 00a3 3B       		.uleb128 0x3b
 831 00a4 0B       		.uleb128 0xb
 832 00a5 49       		.uleb128 0x49
 833 00a6 13       		.uleb128 0x13
 834 00a7 02       		.uleb128 0x2
 835 00a8 17       		.uleb128 0x17
 836 00a9 00       		.byte	0
 837 00aa 00       		.byte	0
 838 00ab 0C       		.uleb128 0xc
 839 00ac 2E       		.uleb128 0x2e
 840 00ad 01       		.byte	0x1
 841 00ae 3F       		.uleb128 0x3f
 842 00af 19       		.uleb128 0x19
 843 00b0 03       		.uleb128 0x3
 844 00b1 0E       		.uleb128 0xe
 845 00b2 3A       		.uleb128 0x3a
 846 00b3 0B       		.uleb128 0xb
 847 00b4 3B       		.uleb128 0x3b
 848 00b5 0B       		.uleb128 0xb
 849 00b6 27       		.uleb128 0x27
 850 00b7 19       		.uleb128 0x19
 851 00b8 49       		.uleb128 0x49
 852 00b9 13       		.uleb128 0x13
 853 00ba 11       		.uleb128 0x11
 854 00bb 01       		.uleb128 0x1
 855 00bc 12       		.uleb128 0x12
 856 00bd 06       		.uleb128 0x6
 857 00be 40       		.uleb128 0x40
 858 00bf 18       		.uleb128 0x18
 859 00c0 9742     		.uleb128 0x2117
 860 00c2 19       		.uleb128 0x19
 861 00c3 00       		.byte	0
 862 00c4 00       		.byte	0
 863 00c5 00       		.byte	0
 864              		.section	.debug_loc,"",%progbits
 865              	.Ldebug_loc0:
 866              	.LLST0:
 867 0000 00000000 		.4byte	.LVL0
 868 0004 08000000 		.4byte	.LVL1
 869 0008 0100     		.2byte	0x1
 870 000a 50       		.byte	0x50
 871 000b 08000000 		.4byte	.LVL1
 872 000f 18000000 		.4byte	.LFE0
 873 0013 0400     		.2byte	0x4
 874 0015 F3       		.byte	0xf3
 875 0016 01       		.uleb128 0x1
 876 0017 50       		.byte	0x50
 877 0018 9F       		.byte	0x9f
 878 0019 00000000 		.4byte	0
 879 001d 00000000 		.4byte	0
 880              	.LLST1:
 881 0021 00000000 		.4byte	.LVL2
 882 0025 06000000 		.4byte	.LVL3
 883 0029 0100     		.2byte	0x1
 884 002b 50       		.byte	0x50
 885 002c 06000000 		.4byte	.LVL3
ARM GAS  C:\Users\victo\AppData\Local\Temp\ccQwwnWn.s 			page 36


 886 0030 18000000 		.4byte	.LFE1
 887 0034 0400     		.2byte	0x4
 888 0036 F3       		.byte	0xf3
 889 0037 01       		.uleb128 0x1
 890 0038 50       		.byte	0x50
 891 0039 9F       		.byte	0x9f
 892 003a 00000000 		.4byte	0
 893 003e 00000000 		.4byte	0
 894              	.LLST2:
 895 0042 00000000 		.4byte	.LVL4
 896 0046 08000000 		.4byte	.LVL7
 897 004a 0100     		.2byte	0x1
 898 004c 50       		.byte	0x50
 899 004d 08000000 		.4byte	.LVL7
 900 0051 14000000 		.4byte	.LFE4
 901 0055 0400     		.2byte	0x4
 902 0057 F3       		.byte	0xf3
 903 0058 01       		.uleb128 0x1
 904 0059 50       		.byte	0x50
 905 005a 9F       		.byte	0x9f
 906 005b 00000000 		.4byte	0
 907 005f 00000000 		.4byte	0
 908              	.LLST3:
 909 0063 04000000 		.4byte	.LVL5
 910 0067 06000000 		.4byte	.LVL6
 911 006b 0B00     		.2byte	0xb
 912 006d 70       		.byte	0x70
 913 006e 00       		.sleb128 0
 914 006f 0A       		.byte	0xa
 915 0070 FFFF     		.2byte	0xffff
 916 0072 1A       		.byte	0x1a
 917 0073 20       		.byte	0x20
 918 0074 73       		.byte	0x73
 919 0075 00       		.sleb128 0
 920 0076 1A       		.byte	0x1a
 921 0077 9F       		.byte	0x9f
 922 0078 00000000 		.4byte	0
 923 007c 00000000 		.4byte	0
 924              	.LLST4:
 925 0080 0A000000 		.4byte	.LVL8
 926 0084 0E000000 		.4byte	.LVL9
 927 0088 0100     		.2byte	0x1
 928 008a 50       		.byte	0x50
 929 008b 0E000000 		.4byte	.LVL9
 930 008f 14000000 		.4byte	.LFE5
 931 0093 0400     		.2byte	0x4
 932 0095 73       		.byte	0x73
 933 0096 00       		.sleb128 0
 934 0097 06       		.byte	0x6
 935 0098 9F       		.byte	0x9f
 936 0099 00000000 		.4byte	0
 937 009d 00000000 		.4byte	0
 938              		.section	.debug_aranges,"",%progbits
 939 0000 44000000 		.4byte	0x44
 940 0004 0200     		.2byte	0x2
 941 0006 00000000 		.4byte	.Ldebug_info0
 942 000a 04       		.byte	0x4
ARM GAS  C:\Users\victo\AppData\Local\Temp\ccQwwnWn.s 			page 37


 943 000b 00       		.byte	0
 944 000c 0000     		.2byte	0
 945 000e 0000     		.2byte	0
 946 0010 00000000 		.4byte	.LFB0
 947 0014 18000000 		.4byte	.LFE0-.LFB0
 948 0018 00000000 		.4byte	.LFB1
 949 001c 18000000 		.4byte	.LFE1-.LFB1
 950 0020 00000000 		.4byte	.LFB2
 951 0024 10000000 		.4byte	.LFE2-.LFB2
 952 0028 00000000 		.4byte	.LFB3
 953 002c 10000000 		.4byte	.LFE3-.LFB3
 954 0030 00000000 		.4byte	.LFB4
 955 0034 14000000 		.4byte	.LFE4-.LFB4
 956 0038 00000000 		.4byte	.LFB5
 957 003c 14000000 		.4byte	.LFE5-.LFB5
 958 0040 00000000 		.4byte	0
 959 0044 00000000 		.4byte	0
 960              		.section	.debug_ranges,"",%progbits
 961              	.Ldebug_ranges0:
 962 0000 00000000 		.4byte	.LFB0
 963 0004 18000000 		.4byte	.LFE0
 964 0008 00000000 		.4byte	.LFB1
 965 000c 18000000 		.4byte	.LFE1
 966 0010 00000000 		.4byte	.LFB2
 967 0014 10000000 		.4byte	.LFE2
 968 0018 00000000 		.4byte	.LFB3
 969 001c 10000000 		.4byte	.LFE3
 970 0020 00000000 		.4byte	.LFB4
 971 0024 14000000 		.4byte	.LFE4
 972 0028 00000000 		.4byte	.LFB5
 973 002c 14000000 		.4byte	.LFE5
 974 0030 00000000 		.4byte	0
 975 0034 00000000 		.4byte	0
 976              		.section	.debug_line,"",%progbits
 977              	.Ldebug_line0:
 978 0000 CE000000 		.section	.debug_str,"MS",%progbits,1
 978      02004B00 
 978      00000201 
 978      FB0E0D00 
 978      01010101 
 979              	.LASF20:
 980 0000 56434F4E 		.ascii	"VCONN_MON_P2_Read\000"
 980      4E5F4D4F 
 980      4E5F5032 
 980      5F526561 
 980      6400
 981              	.LASF15:
 982 0012 72656733 		.ascii	"reg32\000"
 982      3200
 983              	.LASF19:
 984 0018 76616C75 		.ascii	"value\000"
 984      6500
 985              	.LASF22:
 986 001e 56434F4E 		.ascii	"VCONN_MON_P2_SetInterruptMode\000"
 986      4E5F4D4F 
 986      4E5F5032 
 986      5F536574 
ARM GAS  C:\Users\victo\AppData\Local\Temp\ccQwwnWn.s 			page 38


 986      496E7465 
 987              	.LASF12:
 988 003c 666C6F61 		.ascii	"float\000"
 988      7400
 989              	.LASF1:
 990 0042 756E7369 		.ascii	"unsigned char\000"
 990      676E6564 
 990      20636861 
 990      7200
 991              	.LASF24:
 992 0050 56434F4E 		.ascii	"VCONN_MON_P2_ClearInterrupt\000"
 992      4E5F4D4F 
 992      4E5F5032 
 992      5F436C65 
 992      6172496E 
 993              	.LASF30:
 994 006c 64725661 		.ascii	"drVal\000"
 994      6C00
 995              	.LASF28:
 996 0072 2E5C4765 		.ascii	".\\Generated_Source\\PSoC4\\VCONN_MON_P2.c\000"
 996      6E657261 
 996      7465645F 
 996      536F7572 
 996      63655C50 
 997              	.LASF5:
 998 009a 6C6F6E67 		.ascii	"long unsigned int\000"
 998      20756E73 
 998      69676E65 
 998      6420696E 
 998      7400
 999              	.LASF3:
 1000 00ac 73686F72 		.ascii	"short unsigned int\000"
 1000      7420756E 
 1000      7369676E 
 1000      65642069 
 1000      6E7400
 1001              	.LASF13:
 1002 00bf 646F7562 		.ascii	"double\000"
 1002      6C6500
 1003              	.LASF10:
 1004 00c6 75696E74 		.ascii	"uint16\000"
 1004      313600
 1005              	.LASF23:
 1006 00cd 706F7369 		.ascii	"position\000"
 1006      74696F6E 
 1006      00
 1007              	.LASF11:
 1008 00d6 75696E74 		.ascii	"uint32\000"
 1008      333200
 1009              	.LASF25:
 1010 00dd 696E7472 		.ascii	"intrCfg\000"
 1010      43666700 
 1011              	.LASF8:
 1012 00e5 756E7369 		.ascii	"unsigned int\000"
 1012      676E6564 
 1012      20696E74 
 1012      00
ARM GAS  C:\Users\victo\AppData\Local\Temp\ccQwwnWn.s 			page 39


 1013              	.LASF7:
 1014 00f2 6C6F6E67 		.ascii	"long long unsigned int\000"
 1014      206C6F6E 
 1014      6720756E 
 1014      7369676E 
 1014      65642069 
 1015              	.LASF27:
 1016 0109 474E5520 		.ascii	"GNU C 4.9.3 20150303 (release) [ARM/embedded-4_9-br"
 1016      4320342E 
 1016      392E3320 
 1016      32303135 
 1016      30333033 
 1017 013c 616E6368 		.ascii	"anch revision 221220] -mcpu=cortex-m0 -mthumb -g -O"
 1017      20726576 
 1017      6973696F 
 1017      6E203232 
 1017      31323230 
 1018 016f 73202D66 		.ascii	"s -ffunction-sections -finline-functions -flto -ffa"
 1018      66756E63 
 1018      74696F6E 
 1018      2D736563 
 1018      74696F6E 
 1019 01a2 742D6C74 		.ascii	"t-lto-objects -fno-strict-aliasing\000"
 1019      6F2D6F62 
 1019      6A656374 
 1019      73202D66 
 1019      6E6F2D73 
 1020              	.LASF18:
 1021 01c5 6D6F6465 		.ascii	"mode\000"
 1021      00
 1022              	.LASF16:
 1023 01ca 56434F4E 		.ascii	"VCONN_MON_P2_SetDriveMode\000"
 1023      4E5F4D4F 
 1023      4E5F5032 
 1023      5F536574 
 1023      44726976 
 1024              	.LASF29:
 1025 01e4 433A5C55 		.ascii	"C:\\Users\\victo\\OneDrive\\Documents\\PSoC Creator"
 1025      73657273 
 1025      5C766963 
 1025      746F5C4F 
 1025      6E654472 
 1026 0212 5C435950 		.ascii	"\\CYPD4225-40LQXI_0805\\CYPD4225-40LQXI_notebook01."
 1026      44343232 
 1026      352D3430 
 1026      4C515849 
 1026      5F303830 
 1027 0243 63796473 		.ascii	"cydsn\000"
 1027      6E00
 1028              	.LASF6:
 1029 0249 6C6F6E67 		.ascii	"long long int\000"
 1029      206C6F6E 
 1029      6720696E 
 1029      7400
 1030              	.LASF21:
 1031 0257 56434F4E 		.ascii	"VCONN_MON_P2_ReadDataReg\000"
 1031      4E5F4D4F 
ARM GAS  C:\Users\victo\AppData\Local\Temp\ccQwwnWn.s 			page 40


 1031      4E5F5032 
 1031      5F526561 
 1031      64446174 
 1032              	.LASF26:
 1033 0270 6D61736B 		.ascii	"maskedStatus\000"
 1033      65645374 
 1033      61747573 
 1033      00
 1034              	.LASF14:
 1035 027d 63686172 		.ascii	"char\000"
 1035      00
 1036              	.LASF2:
 1037 0282 73686F72 		.ascii	"short int\000"
 1037      7420696E 
 1037      7400
 1038              	.LASF9:
 1039 028c 75696E74 		.ascii	"uint8\000"
 1039      3800
 1040              	.LASF17:
 1041 0292 56434F4E 		.ascii	"VCONN_MON_P2_Write\000"
 1041      4E5F4D4F 
 1041      4E5F5032 
 1041      5F577269 
 1041      746500
 1042              	.LASF4:
 1043 02a5 6C6F6E67 		.ascii	"long int\000"
 1043      20696E74 
 1043      00
 1044              	.LASF0:
 1045 02ae 7369676E 		.ascii	"signed char\000"
 1045      65642063 
 1045      68617200 
 1046              		.comm	__gnu_lto_v1,1,1
 1047              		.ident	"GCC: (GNU Tools for ARM Embedded Processors) 4.9.3 20150303 (release) [ARM/embedded-4_9-br
