ARM GAS  C:\Users\victo\AppData\Local\Temp\ccrCpLoV.s 			page 1


   1              		.cpu cortex-m0
   2              		.fpu softvfp
   3              		.eabi_attribute 20, 1
   4              		.eabi_attribute 21, 1
   5              		.eabi_attribute 23, 3
   6              		.eabi_attribute 24, 1
   7              		.eabi_attribute 25, 1
   8              		.eabi_attribute 26, 1
   9              		.eabi_attribute 30, 4
  10              		.eabi_attribute 34, 0
  11              		.eabi_attribute 18, 4
  12              		.code	16
  13              		.file	"VCONN_MON_P1.c"
  14              		.text
  15              	.Ltext0:
  16              		.section	.gnu.lto_.profile.92f645fd,"",%progbits
  17 0000 789C6366 		.ascii	"x\234cf```a\200\000F\006uE\000\000\343\000Q"
  17      60606061 
  17      80004606 
  17      75450000 
  17      E30051
  18              		.text
  19              		.section	.gnu.lto_.jmpfuncs.92f645fd,"",%progbits
  20 0000 789C6366 		.ascii	"x\234cf\300\016d\2404\033\003##c=#\210`b``f``abdd\256"
  20      C00E64A0 
  20      341B0323 
  20      23633D23 
  20      88606260 
  21 001d AF6705CA 		.ascii	"\257g\005\312\001\000 \267\002>"
  21      010020B7 
  21      023E
  22              		.text
  23              		.section	.gnu.lto_.inline.92f645fd,"",%progbits
  24 0000 789C6366 		.ascii	"x\234cf\300\016f@i6\006\006\016vFF\006F\006\006f\216"
  24      C00E6640 
  24      69360606 
  24      0E764646 
  24      06460606 
  25 0016 03760C6C 		.ascii	"\003v\014l\013\344\231\030\230.\360\263\200$\031\031"
  25      0BE49918 
  25      982EF0B3 
  25      80241919 
  26 0026 3839D0E5 		.ascii	"89\320\345X\026\310\203\345\230\030\330X\031\031\230"
  26      5816C883 
  26      E59818D8 
  26      58191998 
  27 0036 D83EE841 		.ascii	"\330>\350A\304\201\200\031S\210\005d\002\023\310\004"
  27      C4818019 
  27      53880564 
  27      0213C804 
  28 0046 A0390C2C 		.ascii	"\2409\014,\2506\000\011\036\220\"V\006v6\240>\270$\010"
  28      A8360009 
  28      1E902256 
  28      067636A0 
  28      3EB82408 
  29 005a 0000BE90 		.ascii	"\000\000\276\220\017\254"
  29      0FAC
ARM GAS  C:\Users\victo\AppData\Local\Temp\ccrCpLoV.s 			page 2


  30              		.text
  31              		.section	.gnu.lto_.pureconst.92f645fd,"",%progbits
  32 0000 789C6366 		.ascii	"x\234cf``\340e\200\0006\006)F)&)f)\026)V)\000\005\261"
  32      6060E065 
  32      80003606 
  32      29462926 
  32      29662916 
  33 001a 00C2     		.ascii	"\000\302"
  34              		.text
  35              		.section	.gnu.lto_VCONN_MON_P1_SetDriveMode.92f645fd,"",%progbits
  36 0000 789C7D51 		.ascii	"x\234}Q\277kSQ\030\375\316}//\215\251mq\314\036c\251"
  36      BF6B5351 
  36      18FDCE7D 
  36      2F2F8DA9 
  36      6D71CC1E 
  37 0016 4404FF80 		.ascii	"D\004\377\200B\007'\223@\300)\020%y\340b\003\241\235"
  37      42072793 
  37      40C02910 
  37      2579E062 
  37      03A19D
  38 0029 73F34369 		.ascii	"s\363Ci\235\242\024QJp\020\251\032m\005\007u(<Jq*\225"
  38      9DA21451 
  38      4A7010A9 
  38      1A6D0507 
  38      75283C4A 
  39 0040 B66821B4 		.ascii	"\266h!\264qI1\331\022\"\306\014i\372}I\266B/\334\357"
  39      714931D9 
  39      1222C60C 
  39      69FA7D49 
  39      B6422FDC 
  40 0055 7EF770CE 		.ascii	"~\367p\316y\347}\327\240\363\313\307{\023D7\370\204"
  40      79E77DD7 
  40      A0F3CBC7 
  40      7B134437 
  40      F884
  41 0067 4150C55D 		.ascii	"AP\305]\242\354\230\002\244!PF!\203\206j)\024\235\362"
  41      A2EC9802 
  41      A4215046 
  41      2183866A 
  41      29149DF2 
  42 007b 0B6FE08D 		.ascii	"\013o\340\215\326\272\231\373\374@\257\334\353*\242"
  42      D6BA99FB 
  42      FC40AFDC 
  42      EB2AA2
  43 008a B61AFA60 		.ascii	"\266\032\372`\015\001\346\374\3516\326.\0333 \356{O"
  43      0D01E6FC 
  43      E936D62E 
  43      1B3320EE 
  43      7B4F
  44 009c 0FF795FF 		.ascii	"\017\367\225\377\265\3269\247\262\256g\321e\323\267"
  44      B5D639A7 
  44      B2AE67D1 
  44      65D3B7
  45 00ab 305881EB 		.ascii	"0X\201\353>L\373\210\001\302;\370\205\334*\364\016\275"
  45      3E4CFB88 
  45      01C23BF8 
  45      85DC2AF4 
ARM GAS  C:\Users\victo\AppData\Local\Temp\ccrCpLoV.s 			page 3


  45      0EBD
  46 00bd 5681CDA7 		.ascii	"V\201\315\247\206\236x\017\213s\321\306\025G\367\373"
  46      869E780F 
  46      8B73D1C6 
  46      1547F7FB 
  47 00cd ED9DBDFA 		.ascii	"\355\235\275\372Ux\024k\224!\305\204(]\322ZR\334R\210"
  47      5578146B 
  47      9421C584 
  47      285DD25A 
  47      52DC5288 
  48 00e1 6ABC25F8 		.ascii	"j\274%\370\011_\3704*\330\372\367\344\327KK\334:J\376"
  48      095FF834 
  48      2AD8FAF7 
  48      E4D74B4B 
  48      DC3A4AFE 
  49 00f5 E278FBF8 		.ascii	"\342x\373\370\353D]u\225\261T(jS\276\375\273\366col"
  49      EB445D75 
  49      95B15428 
  49      6A53BEFD 
  49      BBF6636F 
  50 010a 00915CBF 		.ascii	"\000\221\\\277\265\237;\236\022V\263\005\216l\242\014"
  50      B59F3B9E 
  50      1256B305 
  50      8E6CA20C 
  51 011a 1F3E80E7 		.ascii	"\037>\200\347\204\217(\201*\310\377\037\331\031C\307"
  51      848F2881 
  51      2AC8FF1F 
  51      D91943C7 
  52 012a C73F0FAA 		.ascii	"\307?\017\252\003G\325\177u\332\237$\2543\273\202\\"
  52      0347D57F 
  52      75DA9F24 
  52      AC33BB82 
  52      5C
  53 013b D53DA4B9 		.ascii	"\325=\244\271:\312\024\331\321H&\020\313:\217\232\313"
  53      3ACA14D9 
  53      D1482610 
  53      CB3A8F9A 
  53      CB
  54 014c 9744E61A 		.ascii	"\227D\346\032'l\014$\371\277#\212{`n1\264\365\014\002"
  54      276C0C24 
  54      F9BF238A 
  54      7B606E31 
  54      B4F50C02 
  55 0160 5D14EB13 		.ascii	"]\024\353\023\307b\011U\221u\276|WB\227\027\251\361"
  55      C7620955 
  55      9175BE7C 
  55      57429717 
  55      A9F1
  56 0172 7479043C 		.ascii	"ty\004<\220k\301\330m{\336N\337_\260\223\361hj1\235"
  56      906BC1D8 
  56      6D7BDE4E 
  56      DF5FB093 
  56      F1686A31 
  57 0187 B0639168 		.ascii	"\260c\221hj\356V\354\356\\8\024\212\337\011\207\342"
  57      6AEE56EC 
  57      EE5C3814 
  57      8ADF0987 
ARM GAS  C:\Users\victo\AppData\Local\Temp\ccrCpLoV.s 			page 4


  57      E2
  58 0198 919BC104 		.ascii	"\221\233\301\004\231\017SI\373\014\334\374\250\314"
  58      990F5349 
  58      FB0CDCFC 
  58      A8CC
  59              		.text
  60              		.section	.gnu.lto_VCONN_MON_P1_Write.92f645fd,"",%progbits
  61 0000 789C6552 		.ascii	"x\234eRMHTQ\030\275\347\336y?\323\264\220\026\"\263"
  61      4D485451 
  61      18BDE7DE 
  61      793FD3B4 
  61      901622B3 
  62 0014 69216251 		.ascii	"i!bQ\010B\264i\023\270p\325(\010\256\206\206A\337\""
  62      0842B469 
  62      13B870D5 
  62      2808AE86 
  62      8641DF22 
  63 0028 908421DD 		.ascii	"\220\204!\335z\307\236\216\265\032%b@T*\372\235R\313"
  63      7AC79E8E 
  63      B51A2562 
  63      40542AFA 
  63      9D52CB
  64 003b 45508B1E 		.ascii	"EP\213\036.\242M\212\033M\231&\305\021\022\202r\024"
  64      2EA24D8A 
  64      1B4D9926 
  64      C5111282 
  64      7214
  65 004d 6B821CBF 		.ascii	"k\202\034\277\357=\202\206\036\357\376\274\363\3169"
  65      EF3D8286 
  65      1EEFFEBC 
  65      F3CE39
  66 005c F77CDF7B 		.ascii	"\367|\337{J\374\177Ei\\\223B\\\244\025J@f\227\204H\333"
  66      4AFC7F45 
  66      695C9342 
  66      5CA4154A 
  66      40669784 
  67 0072 12E08D80 		.ascii	"\022\340\215\200\030\222\030\302\256\334\223\310z\371"
  67      189218C2 
  67      AEDC93C8 
  67      7AF9
  68 0080 5CA4F9A1 		.ascii	"\\\244\371\241\326\372G\371m\303HC\205d\3732\260\301"
  68      D6FA47F9 
  68      6DC34843 
  68      8564FB32 
  68      B0C1
  69 0092 63341365 		.ascii	"c4\023e?\257\357(u\016\202\366\363+\037\217\254\246"
  69      3FAFEF28 
  69      750E82F6 
  69      F32B1F8F 
  69      ACA6
  70 00a4 075A0F7B 		.ascii	"\007Z\017{\357f\365eT\310\363\011\024)p>\212\263QA\200"
  70      EF66F565 
  70      54C8F309 
  70      1429703E 
  70      8AB35141 
  71 00b9 C0533431 		.ascii	"\300S41\271|7\177(U\253/\334\272\277=c5\336#\341\346"
  71      B97C377F 
ARM GAS  C:\Users\victo\AppData\Local\Temp\ccrCpLoV.s 			page 5


  71      2855AB2F 
  71      DCBABF3D 
  71      6335DE23 
  72 00cf EEF6FB88 		.ascii	"\356\366\373\210\316iw\263Z=\315\372g\377\352\203\213"
  72      CE6977B3 
  72      5A3DCDFA 
  72      67FFEA83 
  72      8B
  73 00e0 047BEE9F 		.ascii	"\004{\356\237\265\210\351R\260:\344\321\030\204\302"
  73      B588E952 
  73      B03AE4D1 
  73      1884C2
  74 00ef 7398A085 		.ascii	"s\230\240\205\221\271S\236\256V\027\016\306\307.!\""
  74      91B9539E 
  74      AE56170E 
  74      C6C72E21 
  74      22
  75 0100 E960A968 		.ascii	"\351`\251hR!\301/\015p\010\223\001\213'\333G\303\314"
  75      5221C12F 
  75      0D700893 
  75      018B27DB 
  75      47C3CC
  76 0113 12A24483 		.ascii	"\022\242D\203\033\261C\017\264\252\015,\036\336^\232"
  76      1BB1430F 
  76      B4AA0D2C 
  76      1EDE5E9A 
  77 0123 1E64F79F 		.ascii	"\036d\367\237\222\273\222\271\365z\375\344WY\221!\355"
  77      92BB92B9 
  77      F57AFDE4 
  77      57599121 
  77      ED
  78 0134 667588F3 		.ascii	"fu\210\363|)-\257\330>\344\307\333\371V)\237\230\302"
  78      7C292DAF 
  78      D83EE4C7 
  78      DBF95629 
  78      9F98C2
  79 0147 64DAA51E 		.ascii	"d\332\245\036\030x\201(fA\3611\207)\210\015\014\177"
  79      18788128 
  79      6641F131 
  79      8729880D 
  79      0C7F
  80 0159 CA146460 		.ascii	"\312\024d`\250\310\223\220\233\277F\013\010\220\020"
  80      A8C89390 
  80      9BBF460B 
  80      089010
  81 0168 81E4E1AE 		.ascii	"\201\344\341\256\215-[l\251\276S\323\346I\276\012_\303"
  81      8D2D5B6C 
  81      A9BE53D3 
  81      E649BE0A 
  81      5FC3
  82 017a 5989C5A2 		.ascii	"Y\211\305\242\302\350\352\364\325@E\267A\2527\023\037"
  82      C2E8EAF4 
  82      D54045B7 
  82      41AA3713 
  82      1F
  83 018b 72A6AFA2 		.ascii	"r\246\257\242R_\222\250\306\332\"\036\221\036}\036\371"
  83      525F92A8 
ARM GAS  C:\Users\victo\AppData\Local\Temp\ccrCpLoV.s 			page 6


  83      C6DA221E 
  83      911E7D1E 
  83      F9
  84 019c 1D6612EA 		.ascii	"\035f\022\352\004^\005\244\0033\240\330~\000\253\366"
  84      045E05A4 
  84      0333A0D8 
  84      7E00ABF6 
  85 01ac 309B3317 		.ascii	"0\2333\0273\305\277\207\205\003hqb\253\236\201\232\212"
  85      33C5BF87 
  85      85036871 
  85      62AB9E81 
  85      9A8A
  86 01be D39E515B 		.ascii	"\323\236Q[\363\002\325L\022QD\332[og>\177\304\022\375"
  86      F302D54C 
  86      125144DA 
  86      5B6F673E 
  86      7FC412FD 
  87 01d2 0AD45E6A 		.ascii	"\012\324^j\366\231\226x\273s\335I%o8\275\211\256\376"
  87      F6999678 
  87      BB73DD49 
  87      256F38BD 
  87      89AEFE
  88 01e5 81548F13 		.ascii	"\201T\217\023\357\354\352o\273\020\357n\353\210\305"
  88      EFECEA6F 
  88      BB10EF6E 
  88      EB88C5
  89 01f4 12573A62 		.ascii	"\022W:b\211\316\326\226\036a\014&\373\006\034\2437\325"
  89      89CED696 
  89      1E610C26 
  89      FB061CA3 
  89      37D5
  90 0206 9DEC3B06 		.ascii	"\235\354;\006%\234\342\245"
  90      259CE2A5 
  91              		.text
  92              		.section	.gnu.lto_VCONN_MON_P1_Read.92f645fd,"",%progbits
  93 0000 789C658F 		.ascii	"x\234e\217\277KBQ\024\307\317\367\274\247\0116HS\370"
  93      BF4B4251 
  93      14C7CFF7 
  93      BCA70936 
  93      4853F8
  94 0013 07648508 		.ascii	"\007d\205\010Ak\223CS\032\010\015!H\330[\023\244f\237"
  94      416B9343 
  94      531A080D 
  94      2148D85B 
  94      13A4669F 
  95 0027 F6328806 		.ascii	"\3662\210\006q)\010\307(\373\201[PS4\005I?0\012$\014"
  95      712908C7 
  95      28FB815B 
  95      50533405 
  95      493F300A 
  96 003d C2C0A021 		.ascii	"\302\300\240!\021\3127\224\235\353k\353\302=\347\236"
  96      11CA3794 
  96      9DEB6BEB 
  96      C23DE79E 
  97 004d 7B3E7CBF 		.ascii	"{>|\277\347h\364\377\370\345N\201h\\24\002\027\256\211"
  97      E768F4FF 
  97      F8E54E81 
ARM GAS  C:\Users\victo\AppData\Local\Temp\ccrCpLoV.s 			page 7


  97      685C3234 
  97      0217AE89 
  98 0061 B21E06D4 		.ascii	"\262\036\006\324\203@\031F\006o\334fTO\177j\010\354"
  98      83401946 
  98      066FDC66 
  98      544F7F6A 
  98      08EC
  99 0073 9A66EE23 		.ascii	"\232f\356#W{\362\256\015\333L\324aB\320\2171\245\203"
  99      577BF2AE 
  99      0DDB4CD4 
  99      6142D08F 
  99      31A583
 100 0086 3D0448C0 		.ascii	"=\004H\300\266\365\375\350u[\246i\372T_\032\373p\213"
 100      B6F5FDE8 
 100      755BA669 
 100      FA545F1A 
 100      FB708B
 101 0099 075586CE 		.ascii	"\007U\206\316\315^\257S-\266F\330\315d\2638J\320Up\221"
 101      CD5EAF53 
 101      2DB646D8 
 101      CD64B338 
 101      4AD05570 
 102 00ae 92A3A604 		.ascii	"\222\243\246\004\345\374\312\254\262V\307\305\347\306"
 102      E5FCCAAC 
 102      B256C7C5 
 102      E7C6
 103 00bc 43795E49 		.ascii	"Cy^I|\261\032\243tR\336\322Zl3[V\301\324\225\341s\363"
 103      7CB11AA3 
 103      7452DED2 
 103      5A6C335B 
 103      56C1D495 
 104 00d3 E6CED3FF 		.ascii	"\346\316\323\377\"UVn7[\236\022v\262\026l\326P\206\037"
 104      2255566E 
 104      375B9E12 
 104      76B2166C 
 104      D650861F 
 105 00e7 07900171 		.ascii	"\007\220\001q\210\022\250\216\325n\376]w\0045G\363\352"
 105      8812A88E 
 105      D56EFE5D 
 105      77043547 
 105      F3EA
 106 00f9 A5DB1954 		.ascii	"\245\333\031T\002\360\021\216\204\025\250\221\277\037"
 106      02F0118E 
 106      8415A891 
 106      BF1F
 107 0107 70205D38 		.ascii	"p ]8\201\316\212\227\333n\005\351:\341\270\017\345\032"
 107      81CE8A97 
 107      DB6E05E9 
 107      3AE1B80F 
 107      E51A
 108 0119 EB418771 		.ascii	"\353A\207q\011F\015\340\257\352o\002\265\201\2144\032"
 108      09460DE0 
 108      AFEA6F02 
 108      B5818C34 
 108      1A
 109 012a 8A4F1B4B 		.ascii	"\212O\033KFza\331XL\304R+\351\244\021\237\215\245\302"
 109      467A61D9 
ARM GAS  C:\Users\victo\AppData\Local\Temp\ccrCpLoV.s 			page 8


 109      584CC452 
 109      2BE9A411 
 109      9F8DA5C2 
 110 013e 93F1B970 		.ascii	"\223\361\271p4\022I\314D#\211\331\211P\222~\001\222"
 110      341249CC 
 110      442389D9 
 110      8950927E 
 110      0192
 111 0150 B37C49   		.ascii	"\263|I"
 112              		.text
 113              		.section	.gnu.lto_VCONN_MON_P1_ReadDataReg.92f645fd,"",%progbits
 114 0000 789C658F 		.ascii	"x\234e\217\277KBQ\024\307\317\367\274\347K\262A\232"
 114      BF4B4251 
 114      14C7CFF7 
 114      BCE74BB2 
 114      419A
 115 0012 C27FC00A 		.ascii	"\302\177\300\012\021\242\326&\207\246L\020\032B\220"
 115      11A2D626 
 115      87A64C10 
 115      1A4290
 116 0021 B0B72648 		.ascii	"\260\267&H\315>\355\245\324$NA8F\277\214\306\250)\234"
 116      CD3EEDA5 
 116      D4244E41 
 116      3846BF8C 
 116      C6A8299C 
 117 0035 82A28882 		.ascii	"\202\242\210\202P\302 4\014\0342\301|C\331\275\357\265"
 117      50C22034 
 117      0C1C32C1 
 117      7C43D9BD 
 117      EFB5
 118 0047 75E19E73 		.ascii	"u\341\236s\317=\037\276\337s\024\372\177|\342\316\202"
 118      CF3D1FBE 
 118      DF7314FA 
 118      7F7CE2CE 
 118      82
 119 0058 68526428 		.ascii	"hRd(\004.\334\022e\334\014\310\007\201\322\2144\336"
 119      042EDC12 
 119      65DC0CC8 
 119      0781D28C 
 119      34DE
 120 006a B9C3B839 		.ascii	"\271\303\2709\377y\200\177\3170\262\037\225\352\263"
 120      FF79807F 
 120      CF30B21F 
 120      95EAB3
 121 0079 6773CC62 		.ascii	"gs\314b\242.\023\002>LH\035\354\303O\002\354\230\337"
 121      A22E1302 
 121      3E4C481D 
 121      ECC34F02 
 121      EC98DF
 122 008c 4F1ECD34 		.ascii	"O\036\3154\014\303+\373\242q\000Mx\320\351\350\2451"
 122      0CC32BFB 
 122      A271004D 
 122      78D0E9E8 
 122      A531
 123 009e 1874DF8A 		.ascii	"\030t\337\212\255i\326\230,\026\216\"\2502\270H\312"
 123      AD69D698 
 123      2C168E22 
ARM GAS  C:\Users\victo\AppData\Local\Temp\ccrCpLoV.s 			page 9


 123      A832B848 
 123      CA
 124 00af 514304E9 		.ascii	"QC\004\351\334d\226Y\251\241\322\333\356\225\227\244"
 124      DC649659 
 124      A9A1D2DB 
 124      EE9597A4 
 125 00bf C417CB31 		.ascii	"\304\027\3131\362[g\325\221\026[\314\206Y0Ti\370\322"
 125      F25B67D5 
 125      91165BCC 
 125      86593054 
 125      69F8D2
 126 00d2 B8BB77DB 		.ascii	"\270\273w\333_$\313f\333\372\034.a7c\302b\005\207\360"
 126      5F24CB66 
 126      DBFA1C2E 
 126      613763C2 
 126      620587F0 
 127 00e6 E1086240 		.ascii	"\341\010b@\034\243\004\252a\243\237k\253\216\240\342"
 127      1CA304AA 
 127      61A39F6B 
 127      AB8EA0E2 
 128 00f6 685EBFF6 		.ascii	"h^\277\366\273\266&\274\204\262`\005T\317=\0169\220"
 128      BBB626BC 
 128      84B26005 
 128      54CF3D0E 
 128      3990
 129 0108 2A38015D 		.ascii	"*8\001]\024\257v4\011\251*\341\304\206\262\365|\300"
 129      14AF7634 
 129      09A92AE1 
 129      C486B2F5 
 129      7CC0
 130 011a 615C02A3 		.ascii	"a\\\002\243:\360W\331\233@n F\032\017\306\346\364U="
 130      3AF057D9 
 130      9B406E20 
 130      461A0FC6 
 130      E6F4553D 
 131 012e B5BCA6AF 		.ascii	"\265\274\246\257\304\243\311\365TB\217E\242\311\320"
 131      C4A3C9F5 
 131      54428F45 
 131      A2C9D0
 132 013d 4C6C31B4 		.ascii	"Ll1\264\020\016\307\347\027\302\361\310T0A\277\333/"
 132      100EC7E7 
 132      17C2F1C8 
 132      543041BF 
 132      DB2F
 133 014f 7DB6     		.ascii	"}\266"
 134              		.text
 135              		.section	.gnu.lto_VCONN_MON_P1_SetInterruptMode.92f645fd,"",%progbits
 136 0000 789C6D91 		.ascii	"x\234m\221MhSA\020\307wv\337W\232\210\305S\011\202B"
 136      4D685341 
 136      10C77776 
 136      DF579A88 
 136      C5530982 
 137 0015 09150A05 		.ascii	"\011\025\012\005\241\027o\205\034<\231\006\012\236\002"
 137      A1176F85 
 137      1C3C9906 
 137      0A9E02
 138 0024 41DA2839 		.ascii	"A\332(9\230'1\236<\364\245\246)\210\207P\213\024C\321"
ARM GAS  C:\Users\victo\AppData\Local\Temp\ccrCpLoV.s 			page 10


 138      9827319E 
 138      3CF4A5A6 
 138      29888750 
 138      8B1443D1 
 139 0038 A2D2D668 		.ascii	"\242\322\326h\032\255\212\346\364\210E\013\342\027\210"
 139      1AAD8AE6 
 139      F488450B 
 139      E21788
 140 0047 8556626D 		.ascii	"\205Vbm\023\265\240bL4\215(q\346\275x(\372\340\355\356"
 140      13B5A062 
 140      4C348D28 
 140      71E6BD78 
 140      28FAE0ED 
 141 005c FC98F9EF 		.ascii	"\374\230\371\357\177f\005\373\367s\343\177\2253\326"
 141      7F6605FB 
 141      F773E37F 
 141      9533D6
 142 006b 873B0806 		.ascii	"\207;\010\006<\365\214\261\270\306\001\350\300\200\015"
 142      3CF58CB1 
 142      B8C601E8 
 142      C0800D
 143 007a 7318864D 		.ascii	"s\030\206M^\341\22023\223\316\256k\206a|\375V\355\030"
 143      5EE19032 
 143      3393CEAE 
 143      6B86617C 
 143      FD56ED18 
 144 008e ED686059 		.ascii	"\355h`Y\225\33320\003]\230R\276?}Zt\003\303\343\223"
 144      95DB3230 
 144      035D9852 
 144      BE3F7D5A 
 144      7403C3E3 
 145 00a3 F5ADAAEB 		.ascii	"\365\255\252\353#oph\247\360\342r\271&(\344\234\302"
 145      236F7068 
 145      A7F0E272 
 145      B92628E4 
 145      9CC2
 146 00b5 CCE2444E 		.ascii	"\314\342DN\365\\1\214\021s5g\364!\0270\013\002\345`"
 146      F55C318C 
 146      11733567 
 146      F4211730 
 146      0B02E560 
 147 00c9 0EDC701D 		.ascii	"\016\334p\035\334\014\021\203\014x0\373Ccsf\207\350"
 147      DC0C1183 
 147      0C7830FB 
 147      43637366 
 147      87E8
 148 00db B574D7E3 		.ascii	"\265t\327\343\227\276;\355\312_\177+o\374\247\362&x"
 148      97BE3BED 
 148      CA5F7F2B 
 148      6FFCA7F2 
 148      2678
 149 00ed 28FDC5C3 		.ascii	"(\375\305\303\211\015Y\034\260J\037dkO\235\226\245\275"
 149      890D591C 
 149      B04A1F64 
 149      6B4F9D96 
 149      A5BD
 150 00ff 14E6C797 		.ascii	"\024\346\307\227&\025\313\222D\341\347\013\2054\357"
ARM GAS  C:\Users\victo\AppData\Local\Temp\ccrCpLoV.s 			page 11


 150      2615CB92 
 150      44E1E70B 
 150      8534EF
 151 010e 9C46E1B5 		.ascii	"\234F\341\265\271\261\307.c\311H\2545\233{\032\\\202"
 151      B9B1C72E 
 151      63C948AC 
 151      359B7B1A 
 151      5C82
 152 0120 ACAD3F8F 		.ascii	"\254\255?\217\3729p\267&\207%\225\304\357e\247\222\300"
 152      FA3970B7 
 152      26872595 
 152      C4EF65A7 
 152      92C0
 153 0132 89B4C32D 		.ascii	"\211\264\303-\350\264\247\001\267A\001\334\210\314\357"
 153      E8B4A701 
 153      B74101DC 
 153      88CCEF
 154 0141 328D6673 		.ascii	"2\215fs\341\325\371\331n\341\342hL\026@=It\224iQ\030"
 154      E1D5F9D9 
 154      6EE1E268 
 154      4C16403D 
 154      49749469 
 155 0157 E5A9407E 		.ascii	"\345\251@~5\004\212\203h\033-\214\225P\217\236\241\214"
 155      35048A83 
 155      681B2D8C 
 155      95508F9E 
 155      A18C
 156 0169 43C35DAC 		.ascii	"C\303]\254@\341\307\331b\336OW\3249\275I\366\313hV\243"
 156      40E1C7D9 
 156      62DE4F57 
 156      D439BD49 
 156      F6CB6856 
 157 017e 1ED47389 		.ascii	"\036\324s\211\224a\365\361\266\364\374\245\215,\217"
 157      9461F5F1 
 157      B6F4FCA5 
 157      8D2C8F
 158 018d 97D38F2A 		.ascii	"\227\323\217*;\247 \035O@\203k\260\200=\334\241\036"
 158      3BA7201D 
 158      4F40836B 
 158      B0803DDC 
 158      A11E
 159 019f E02E4C01 		.ascii	"\340.L\001[\201\221\342\330\242b\013Ju\034\034\222\237"
 159      5B8191E2 
 159      D8A2620B 
 159      4A751C1C 
 159      929F
 160 01b1 C99A6413 		.ascii	"\311\232d\023\031!\2223[\311O`\023\272\0279{\015\334"
 160      19219233 
 160      5BC94F60 
 160      13BA1739 
 160      7B0DDC
 161 01c4 6A14CD23 		.ascii	"j\024\315#\264s\336\347\213\255,\015\225\352h\200\344"
 161      B473DEE7 
 161      8BAD2C0D 
 161      95EA6880 
 161      E4
 162 01d5 551B3990 		.ascii	"U\0339\220RZ-\371\246%\336f\2519\020\026\306\337\355"
ARM GAS  C:\Users\victo\AppData\Local\Temp\ccrCpLoV.s 			page 12


 162      525A2DF9 
 162      A625DE66 
 162      A9391016 
 162      C6DFED
 163 01e8 26B6CD6E 		.ascii	"&\266\315n\334\224\267\033\276\207\206\261\212\025!"
 163      DC94B71B 
 163      BE8786B1 
 163      8A1521
 164 01f7 6EAEFA28 		.ascii	"n\256\372(\237\236\241\304\201f\203\223\332\327\023"
 164      9F9EA1C4 
 164      81668393 
 164      DAD713
 165 0206 38188A84 		.ascii	"8\030\212\204\242Gb\241\241\340\200~*:\030\012\370\007"
 165      A24762A1 
 165      A1E0807E 
 165      2A3A180A 
 165      F807
 166 0218 746F6FE0 		.ascii	"too\340\260\267\337\347\013\036\352\367\005\375\373"
 166      B0B7DFE7 
 166      0B1EEAF7 
 166      05FDFB
 167 0227 7B069976 		.ascii	"{\006\231vB?\031\216\205\365\210t\\\037\012\251\341"
 167      423F198E 
 167      85F58874 
 167      5C1F0AA9 
 167      E1
 168 0238 482CEA3D 		.ascii	"H,\352=z\354\017\232\237\377\003"
 168      7AEC0F9A 
 168      9FFF03
 169              		.text
 170              		.section	.gnu.lto_VCONN_MON_P1_ClearInterrupt.92f645fd,"",%progbits
 171 0000 789C6590 		.ascii	"x\234e\220OHTQ\024\306\317w\356\374\243q!\256b6-\\X"
 171      4F485451 
 171      14C6CF77 
 171      EEFCA371 
 171      21AE6236 
 172 0017 14422004 		.ascii	"\024B \004n]\264j\024\006\\\015\015\203\276U\224\240"
 172      6E5DB46A 
 172      14065C0D 
 172      0D83BE55 
 172      94A0
 173 0029 E336EFE8 		.ascii	"\3436\357\350\313\241\334\014\212 \204\213\026\241\331"
 173      CBA1DC0C 
 173      8A20848B 
 173      16A1D9
 174 0038 1FDB1619 		.ascii	"\037\333\026\031\303\020\022\024E\004\025\026\243\250"
 174      C3101214 
 174      45041516 
 174      A3A8
 175 0046 916D2419 		.ascii	"\221m$\031\233|e\276\316y\257\205\342\205\367\356}\337"
 175      9B7C65BE 
 175      CE79AF85 
 175      E285F7EE 
 175      7DDF
 176 0058 3BDFEF7C 		.ascii	";\337\357|\367\030:\276R\362|\006\321\005\331a\010\\"
 176      F7183ABE 
 176      52F27C06 
ARM GAS  C:\Users\victo\AppData\Local\Temp\ccrCpLoV.s 			page 13


 176      D105D961 
 176      085C
 177 006a 7E43544C 		.ascii	"~CTL0\240\007\002\2150F\360\235w\030\257\237\034\274"
 177      30A00702 
 177      8D3046F0 
 177      9D7718AF 
 177      9F1CBC
 178 007d 47DB5D6B 		.ascii	"G\333]kG\177T\377|I\3368\3511Q\235\011\347R8\243\034"
 178      477F54FF 
 178      7C49DE38 
 178      E931519D 
 178      09E75238 
 179 0093 CCA18DA4 		.ascii	"\314\241\215\244pz\343\3466\314Y\350\271\341O,$Z\357"
 179      707AE3E6 
 179      36CC59E8 
 179      B9E14F2C 
 179      245AEF
 180 00a6 8869AD56 		.ascii	"\210i\255VZN\332\031\353\256\371\376)\261b\036\346\260"
 180      5A4EDA19 
 180      EBAEF9FE 
 180      29B1621E 
 180      E6B0
 181 00b8 5B971876 		.ascii	"[\227\030v\334\277\037\2231\327Z\333\214{h\325\006B"
 181      DCBF1F93 
 181      31D75ADB 
 181      8C7B68D5 
 181      0642
 182 00ca 5E404C42 		.ascii	"^@LBB\225\305\226\212\365\375\372\366\324|\247I0y,\261"
 182      4295C596 
 182      8AF5FDFA 
 182      F6D47CA7 
 182      4930792C 
 183 00df 3DE608E9 		.ascii	"=\346\010\351\317\250~\307I\223\321\246\274\364\022"
 183      CFA87EC7 
 183      4993D1A6 
 183      BCF412
 184 00ee 5F997537 		.ascii	"_\231u7+\2506n5\226\256+\354\027\353\215\236\355\376"
 184      2BA8366E 
 184      3596AE2B 
 184      EC17EB8D 
 184      9EEDFE
 185 0101 9CE02DF6 		.ascii	"\234\340-\366\330\224\335\262\215h\373\325\315\267\357"
 185      D894DDB2 
 185      8D68FBD5 
 185      CDB7EF
 186 0110 128114A4 		.ascii	"\022\201\024\244\371\266U\371mfq\273\350\302\343\010"
 186      F9B655F9 
 186      6D6671BB 
 186      E8C2E308 
 187 0120 EE238507 		.ascii	"\356#\205\007\220\264x\210Y\320\012F?\225\3669\004\032"
 187      90B47888 
 187      59D00A46 
 187      3F95F639 
 187      041A
 188 0132 618A32B6 		.ascii	"a\2122\2667\376\002\241\022\021Q\030\257\326\367\352"
 188      37FE02A1 
 188      12115118 
ARM GAS  C:\Users\victo\AppData\Local\Temp\ccrCpLoV.s 			page 14


 188      AFD6F7EA 
 189 0142 4D8AE466 		.ascii	"M\212\344f\302#q\177@`\321\274R\244\224Z\351`\351rh"
 189      C223717F 
 189      4060D1BC 
 189      52A4945A 
 189      E960E972 
 190 0157 8A865275 		.ascii	"\212\206Ru2\200\034\211P\254\360\321\020\213\022B\034"
 190      32801C89 
 190      50ACF0D1 
 190      108B1242 
 190      1C
 191 0168 DAB536BE 		.ascii	"\332\2656\276\374\374DH\210\013A|O'_\316\304\264mTF"
 191      FCFC4448 
 191      880B417C 
 191      4F275FCE 
 191      C4B46D54 
 192 017d F358EA6B 		.ascii	"\363X\352k\370\237+\036\014\007:\024\031\321\351\366"
 192      F89F2B1E 
 192      0C073A14 
 192      19D1E9F6 
 193 018d EC45E79A 		.ascii	"\354E\347\2323\230/8\375\271\314\300\360`\237\223\355"
 193      33982F38 
 193      FDB9CCC0 
 193      F0609F93 
 193      ED
 194 019e C90C7475 		.ascii	"\311\014tud{\273\272\323\351\334\245\356t\256\347|{"
 194      647BBBBA 
 194      D3E9DCA5 
 194      EE74AEE7 
 194      7C7B
 195 01b0 1F355DCD 		.ascii	"\0375]\315\017]q\3723\205|ax\350\037$\012\270E"
 195      0F5D71FA 
 195      33857C61 
 195      78E81F24 
 195      0AB845
 196              		.text
 197              		.section	.gnu.lto_.symbol_nodes.92f645fd,"",%progbits
 198 0000 789C55C7 		.ascii	"x\234U\307;\015\000 \020D\301w\037\022tbd-\240\200\240"
 198      3B0D0020 
 198      1044C177 
 198      1F127462 
 198      642DA080 
 199 0015 084D3414 		.ascii	"\010M4\024\334t\023\300\340q\004\363\200\304\332\035"
 199      DC7413C0 
 199      E07104F3 
 199      80C4DA1D 
 200 0025 3759B9CB 		.ascii	"7Y\271\313\313CQ\236\312\362\246\366\237\013\351b\031"
 200      CB43519E 
 200      CAF2A6F6 
 200      9F0BE962 
 200      19
 201 0036 56       		.ascii	"V"
 202              		.text
 203              		.section	.gnu.lto_.refs.92f645fd,"",%progbits
 204 0000 789C6366 		.ascii	"x\234cf```d\200\002\000\000=\000\005"
 204      60606064 
 204      80020000 
ARM GAS  C:\Users\victo\AppData\Local\Temp\ccrCpLoV.s 			page 15


 204      3D0005
 205              		.text
 206              		.section	.gnu.lto_.decls.92f645fd,"",%progbits
 207 0000 789C8D54 		.ascii	"x\234\215TmL[U\030>\357=mYK\205\271\037l\242\306\022"
 207      6D4C5B55 
 207      183EEF3D 
 207      6D594B85 
 207      B91F6CA2 
 208 0016 13B22584 		.ascii	"\023\262%\204\204a\214\377\374\301\222\251\311X3\242"
 208      84618CFF 
 208      FCC192A9 
 208      C95833A2 
 209 0026 FE180969 		.ascii	"\376\030\011i\340f\222,\260\324\262d\377\316 nh\026"
 209      E066922C 
 209      B0D4B264 
 209      FFCE206E 
 209      6816
 210 0038 D31108C8 		.ascii	"\323\021\010\310`\220\210\310\300}H;\240\003\241|\311"
 210      609088C8 
 210      C07D483B 
 210      A003A17C 
 210      C9
 211 0049 58E984EC 		.ascii	"X\351\204\354\223\315d\240\002S\324\324\211\272\005"
 211      93CD64A0 
 211      0253D4D4 
 211      89BA05
 212 0058 B3EB7BCE 		.ascii	"\263\353{\316\275\267\275\035wq'y\333{\336{\236\347"
 212      BDB7BD1D 
 212      77712779 
 212      DB7BDE7B 
 212      9EE7
 213 006a 7DDEF739 		.ascii	"}\336\3679-%\204t\001!\012_\026B\000\237S0\347&\211"
 213      2D258474 
 213      01210A5F 
 213      1642009F 
 213      5330E726 
 214 007f 65C3E8C5 		.ascii	"e\303\350\305\010b\364c\2040\3061&\311\306\325\253\235"
 214      0862F463 
 214      8430C631 
 214      26C9C6D5 
 214      AB9D
 215 0091 E7F8B318 		.ascii	"\347\370\263\030Y\030s\030\263\030\357hg@;\367\344\012"
 215      59187318 
 215      B318EF68 
 215      67403BF7 
 215      E40A
 216 00a3 9A60330C 		.ascii	"\232`3\014x\035\0334\301r]\326\377\251\331o\202\013"
 216      781D1B34 
 216      C1725DD6 
 216      FFA9D96F 
 216      820B
 217 00b5 3D032E64 		.ascii	"=\003.d\202\343\375\3335\255i\030N\214a\214\250\306"
 217      82E3FDDB 
 217      35AD6918 
 217      4E8C618C 
 217      A8C6
 218 00c7 E332D13D 		.ascii	"\3432\321=n\3023\251\365l\326\257Q\203\331\254\377\220"
ARM GAS  C:\Users\victo\AppData\Local\Temp\ccrCpLoV.s 			page 16


 218      6EC233A9 
 218      F56CD6AF 
 218      5183D9AC 
 218      FF90
 219 00d9 20F2C3C3 		.ascii	" \362\303\303?\235\367%Hsl\346\333\346[Kk\024\267N\207"
 219      3F9DF725 
 219      48736CE6 
 219      DBE65B4B 
 219      6B14B74E 
 220 00ee C4B73747 		.ascii	"\304\2677G\216\037\337D%\340\317\2377-^w\344t3\306j"
 220      8E1FDF44 
 220      25E0CF9F 
 220      372D5E77 
 220      E47433C6 
 221 0103 59380C09 		.ascii	"Y8\014\011\212\243\235\203'R\020\223\341\020\333O#\315"
 221      8AA39D83 
 221      27521093 
 221      E110DB4F 
 221      23CD
 222 0115 A3546C15 		.ascii	"\243Tl\025\216\223\346\347\353\037Qpd\3272V\315bu\214"
 222      8E93E6E7 
 222      EB1F5170 
 222      64D73256 
 222      CD62758C 
 223 0129 6E239093 		.ascii	"n#\220\223\011;2\011\234\203l<\006\335\220C\240\007"
 223      093B3209 
 223      9C836C3C 
 223      06DD9043 
 223      A007
 224 013b 32E12BC8 		.ascii	"2\341+\310$\035X \326\026\273\363\022c\0268\013\016"
 224      241D5820 
 224      D616BBF3 
 224      12631638 
 224      0B0E
 225 014d 3803549C 		.ascii	"8\003T\234\3006x\005\255\250\377\243Q\277\305\"a\222"
 225      C0367805 
 225      ADA8FFA3 
 225      51BFC522 
 225      6192
 226 015f 9FD96FE1 		.ascii	"\237\331o\341\271\231\306\226\261\324\255\015\214\257"
 226      B999C696 
 226      B1D4AD0D 
 226      8CAF
 227 016d 1AB65902 		.ascii	"\032\266Y\002w\006|\211\264]HK\340\002l\305\317\363"
 227      77067C89 
 227      B45D484B 
 227      E0026CC5 
 227      CFF3
 228 017f 605109A6 		.ascii	"`Q\011\246\357./?G\363Ek\347[\177\236\240\256\323\254"
 228      EF2E2F3F 
 228      47F3456B 
 228      E75B7F9E 
 228      A0AED3AC 
 229 0193 FD42ACB5 		.ascii	"\375B\254\265f\331}\262\206\325\263\005EyE\200\340\353"
 229      66D97DB2 
 229      86D5B305 
 229      45794580 
ARM GAS  C:\Users\victo\AppData\Local\Temp\ccrCpLoV.s 			page 17


 229      E0EB
 230 01a5 B800C29F 		.ascii	"\270\000\302\237\325\211\366\202\013\201\235\027o\373"
 230      D589F682 
 230      0B819D17 
 230      6FFB
 231 01b3 9DF4B020 		.ascii	"\235\364\260 \371\373qKC\212 Y\2707.\207\253\331\277"
 231      F9FB714B 
 231      438A2059 
 231      B8372E87 
 231      ABD9BF
 232 01c6 8A425586 		.ascii	"\212BU\206\200\201!\2403\004\005C\264g\372\030\0305"
 232      808121A0 
 232      33040543 
 232      B467FA18 
 232      1835
 233 01d8 F37612A2 		.ascii	"\363v\022\242/\012\321\3735\315\325\335\213#\351\364"
 233      2F0AD1FB 
 233      35CDD5DD 
 233      8B23E9F4 
 234 01e8 6310F5BA 		.ascii	"c\020\365\272\216-\334\224\324zMK\211z\210\200>C\275"
 234      8E2DDC94 
 234      D47A4D4B 
 234      897A8880 
 234      3E43BD
 235 01fb 3EBD5EBF 		.ascii	">\275^\277\250\027R\246W\355\364\224J\021\275\312\256"
 235      A81752A6 
 235      57EDF494 
 235      4A11BDCA 
 235      AE
 236 020c D80545FB 		.ascii	"\330\005E\373\314\027\266.\026V\2247\005\301\200\201"
 236      CC17B62E 
 236      16569437 
 236      05C18081 
 237 021c 60402708 		.ascii	"`@'\010\011\202\326\007\277\017\331iP%\320\255w\251"
 237      0982D607 
 237      BF0FD969 
 237      5025D0AD 
 237      77A9
 238 022e D637AE3E 		.ascii	"\3267\256>\014n\022[.\005\275\357\234\375\2479\015\262"
 238      0C6E125B 
 238      2E05BDEF 
 238      9CFDA739 
 238      0DB2
 239 0240 1DAAA90F 		.ascii	"\035\252\251\017TS\207\261\303K\011S]\232\251\342~\340"
 239      545387B1 
 239      C34B0953 
 239      5D9AA9E2 
 239      7EE0
 240 0252 0CACDB49 		.ascii	"\014\254\333I|\000\360\015\336\020\227vC\00619\204I"
 240      7C00F00D 
 240      DE109776 
 240      43063139 
 240      8449
 241 0264 2CD436F5 		.ascii	",\3246\365\353\215t\341\376p\334\375;\327\356\236\261"
 241      EB8D74E1 
 241      FE70DCFD 
 241      3BD7EE9E 
ARM GAS  C:\Users\victo\AppData\Local\Temp\ccrCpLoV.s 			page 18


 241      B1
 242 0275 C7732320 		.ascii	"\307s# \222\247\225\341\220\345\251WbTL7\254_\211\310"
 242      92A795E1 
 242      90E5A957 
 242      62544C37 
 242      AC5F89C8 
 243 0289 C9960989 		.ascii	"\311\226\011\211\016\252\255\335\017\364\374\222\252"
 243      0EAAADDD 
 243      0FF4FC92 
 243      AA
 244 0296 DD891F57 		.ascii	"\335\211\037W\362>c\355G\331c\005\2574G\301\230a@c\372"
 244      F23E63ED 
 244      47D96305 
 244      AF3447C1 
 244      98614063 
 245 02ab 80C6C580 		.ascii	"\200\306\305\200Fc\221k\224\316\253,7\032\007V\264K"
 245      4663916B 
 245      94CEAB2C 
 245      371A0756 
 245      B44B
 246 02bd F1FD4AB2 		.ascii	"\361\375J\262I\023\006\212\011\235bR5\351\334Z4U\374"
 246      4913068A 
 246      099D6252 
 246      35E9DC5A 
 246      3455FC
 247 02d0 285D9CE4 		.ascii	"(]\234\344R\335\345&\233\370Q\212\236j\353\372V\255"
 247      52DDE526 
 247      9BF8518A 
 247      9E6AEBFA 
 247      56AD
 248 02e2 F4AF6407 		.ascii	"\364\257d\007\262T\007\356\235z\324a\027[\376w\234\316"
 248      B25407EE 
 248      9D7AD461 
 248      175BFE77 
 248      9CCE
 249 02f4 538BB76F 		.ascii	"S\213\267o\015\245\320uq\\\372\255\276ZI\215\033\262"
 249      0DA5D075 
 249      715CFAAD 
 249      BE5A498D 
 249      1BB2
 250 0306 A61A12C5 		.ascii	"\246\032\022\305yE\022\206d\031\015\361\3270\373[\004"
 250      79451286 
 250      64190DF1 
 250      D730FB5B 
 250      04
 251 0317 BEC5994D 		.ascii	"\276\305\231MqCf\320\220,\315\220iL^Q\015\0115\314M"
 251      714366D0 
 251      902CCD90 
 251      694C5E51 
 251      0D0935CC 
 252 032c 391CB57C 		.ascii	"9\034\265|\310\317\206\220\302\001\377\272SS\262p\""
 252      C8CF8690 
 252      C201FFBA 
 252      5353B270 
 252      22
 253 033d D0217125 		.ascii	"\320!q%\263\250\344rB\311UHH\331H\374\235\271\224\245"
 253      B3A8E472 
ARM GAS  C:\Users\victo\AppData\Local\Temp\ccrCpLoV.s 			page 19


 253      42C95548 
 253      48D948FC 
 253      9DB994A5 
 254 0351 9FDAD66D 		.ascii	"\237\332\326m\316O\342\342\005\251\016\"0\007N1i\376"
 254      CE4FE2E2 
 254      05A90E22 
 254      30074E31 
 254      69FE
 255 0363 6DAD2AAF 		.ascii	"m\255*\257\360\275a\333]\370\256\253\200\274\232[\274"
 255      F0BD61DB 
 255      5DF8AEAB 
 255      80BC9A5B 
 255      BC
 256 0374 5BAE90BD 		.ascii	"[\256\220\275\036\237\\VRTY\345-\225\213\335E\225\005"
 256      1E9F5C56 
 256      525459E5 
 256      2D958BDD 
 256      459505
 257 0387 AF15971E 		.ascii	"\257\025\227\036\361\0359$\177\230\373\001y\341\275"
 257      F11D3924 
 257      7F98FB01 
 257      79E1BD
 258 0396 82BD8585 		.ascii	"\202\275\205\205%{\366\026\226\270\363J\212d\337.o\371"
 258      257BF616 
 258      96B8F34A 
 258      8A64DF2E 
 258      6FF9
 259 03a8 61794F65 		.ascii	"ayOe\231\274\375\251h#$\267\224lI\242x\337[\356\223"
 259      99BCFDA9 
 259      682324B7 
 259      946C49A2 
 259      78DF5BEE 
 260 03bd 9F4F4AED 		.ascii	"\237OJ\355\223=e\3336dvy|\236}\362\001\033W\234\367"
 260      933D65DB 
 260      36647679 
 260      7C9E7DF2 
 260      011B579C 
 261 03d2 FACB4FEA 		.ascii	"\372\313O\352x\273\302'{\275U\207|\\\313\213Io\013\016"
 261      78BBC227 
 261      7BBD5587 
 261      7C5CCB8B 
 261      496F0B0E 
 262 03e6 CA1E6FFC 		.ascii	"\312\036o\374\275\325+\037\310\337)h\362w\376\007\305"
 262      BDD52B1F 
 262      C8DF2968 
 262      F277FE07 
 262      C5
 263 03f7 0F01E6   		.ascii	"\017\001\346"
 264              		.text
 265              		.section	.gnu.lto_.symtab.92f645fd,"",%progbits
 266 0000 56434F4E 		.ascii	"VCONN_MON_P1_SetDriveMode\000\000\000\000\000\000\000"
 266      4E5F4D4F 
 266      4E5F5031 
 266      5F536574 
 266      44726976 
 267 0020 00000000 		.ascii	"\000\000\000\000\000\262\000\000\000VCONN_MON_P1_Wr"
 267      00B20000 
ARM GAS  C:\Users\victo\AppData\Local\Temp\ccrCpLoV.s 			page 20


 267      0056434F 
 267      4E4E5F4D 
 267      4F4E5F50 
 268 0038 69746500 		.ascii	"ite\000\000\000\000\000\000\000\000\000\000\000\000"
 268      00000000 
 268      00000000 
 268      000000
 269 0047 B4000000 		.ascii	"\264\000\000\000VCONN_MON_P1_Read\000\000\000\000\000"
 269      56434F4E 
 269      4E5F4D4F 
 269      4E5F5031 
 269      5F526561 
 270 0061 00000000 		.ascii	"\000\000\000\000\000\000\000\267\000\000\000VCONN_M"
 270      000000B7 
 270      00000056 
 270      434F4E4E 
 270      5F4D
 271 0073 4F4E5F50 		.ascii	"ON_P1_ReadDataReg\000\000\000\000\000\000\000\000\000"
 271      315F5265 
 271      61644461 
 271      74615265 
 271      67000000 
 272 008d 000000B9 		.ascii	"\000\000\000\271\000\000\000VCONN_MON_P1_SetInterru"
 272      00000056 
 272      434F4E4E 
 272      5F4D4F4E 
 272      5F50315F 
 273 00ab 70744D6F 		.ascii	"ptMode\000\000\000\000\000\000\000\000\000\000\000\000"
 273      64650000 
 273      00000000 
 273      00000000 
 273      0000
 274 00bd C3000000 		.ascii	"\303\000\000\000VCONN_MON_P1_ClearInterrupt\000\000"
 274      56434F4E 
 274      4E5F4D4F 
 274      4E5F5031 
 274      5F436C65 
 275 00de 00000000 		.ascii	"\000\000\000\000\000\000\000\000\000\000\305\000\000"
 275      00000000 
 275      0000C500 
 275      00
 276 00eb 00       		.ascii	"\000"
 277              		.text
 278              		.section	.gnu.lto_.opts,"",%progbits
 279 0000 272D666E 		.ascii	"'-fno-trapv' '-mcpu=cortex-m0' '-mthumb' '-g' '-Os'"
 279      6F2D7472 
 279      61707627 
 279      20272D6D 
 279      6370753D 
 280 0033 20272D57 		.ascii	" '-Werror' '-ffunction-sections' '-finline-function"
 280      6572726F 
 280      72272027 
 280      2D666675 
 280      6E637469 
 281 0066 73272027 		.ascii	"s' '-flto' '-ffat-lto-objects' '-fno-strict-aliasin"
 281      2D666C74 
 281      6F272027 
ARM GAS  C:\Users\victo\AppData\Local\Temp\ccrCpLoV.s 			page 21


 281      2D666661 
 281      742D6C74 
 282 0099 672700   		.ascii	"g'\000"
 283              		.text
 284              		.cfi_sections	.debug_frame
 285              		.section	.text.VCONN_MON_P1_SetDriveMode,"ax",%progbits
 286              		.align	1
 287              		.global	VCONN_MON_P1_SetDriveMode
 288              		.code	16
 289              		.thumb_func
 290              		.type	VCONN_MON_P1_SetDriveMode, %function
 291              	VCONN_MON_P1_SetDriveMode:
 292              	.LFB0:
 293              		.file 1 ".\\Generated_Source\\PSoC4\\VCONN_MON_P1.c"
   1:.\Generated_Source\PSoC4/VCONN_MON_P1.c **** /*******************************************************************************
   2:.\Generated_Source\PSoC4/VCONN_MON_P1.c **** * File Name: VCONN_MON_P1.c  
   3:.\Generated_Source\PSoC4/VCONN_MON_P1.c **** * Version 2.20
   4:.\Generated_Source\PSoC4/VCONN_MON_P1.c **** *
   5:.\Generated_Source\PSoC4/VCONN_MON_P1.c **** * Description:
   6:.\Generated_Source\PSoC4/VCONN_MON_P1.c **** *  This file contains API to enable firmware control of a Pins component.
   7:.\Generated_Source\PSoC4/VCONN_MON_P1.c **** *
   8:.\Generated_Source\PSoC4/VCONN_MON_P1.c **** ********************************************************************************
   9:.\Generated_Source\PSoC4/VCONN_MON_P1.c **** * Copyright 2008-2015, Cypress Semiconductor Corporation.  All rights reserved.
  10:.\Generated_Source\PSoC4/VCONN_MON_P1.c **** * You may use this file only in accordance with the license, terms, conditions, 
  11:.\Generated_Source\PSoC4/VCONN_MON_P1.c **** * disclaimers, and limitations in the end user license agreement accompanying 
  12:.\Generated_Source\PSoC4/VCONN_MON_P1.c **** * the software package with which this file was provided.
  13:.\Generated_Source\PSoC4/VCONN_MON_P1.c **** *******************************************************************************/
  14:.\Generated_Source\PSoC4/VCONN_MON_P1.c **** 
  15:.\Generated_Source\PSoC4/VCONN_MON_P1.c **** #include "cytypes.h"
  16:.\Generated_Source\PSoC4/VCONN_MON_P1.c **** #include "VCONN_MON_P1.h"
  17:.\Generated_Source\PSoC4/VCONN_MON_P1.c **** 
  18:.\Generated_Source\PSoC4/VCONN_MON_P1.c **** 
  19:.\Generated_Source\PSoC4/VCONN_MON_P1.c **** #if defined(VCONN_MON_P1__PC)
  20:.\Generated_Source\PSoC4/VCONN_MON_P1.c ****     #define VCONN_MON_P1_SetP4PinDriveMode(shift, mode)  \
  21:.\Generated_Source\PSoC4/VCONN_MON_P1.c ****     do { \
  22:.\Generated_Source\PSoC4/VCONN_MON_P1.c ****         VCONN_MON_P1_PC =   (VCONN_MON_P1_PC & \
  23:.\Generated_Source\PSoC4/VCONN_MON_P1.c ****                                 (uint32)(~(uint32)(VCONN_MON_P1_DRIVE_MODE_IND_MASK << \
  24:.\Generated_Source\PSoC4/VCONN_MON_P1.c ****                                 (VCONN_MON_P1_DRIVE_MODE_BITS * (shift))))) | \
  25:.\Generated_Source\PSoC4/VCONN_MON_P1.c ****                                 (uint32)((uint32)(mode) << \
  26:.\Generated_Source\PSoC4/VCONN_MON_P1.c ****                                 (VCONN_MON_P1_DRIVE_MODE_BITS * (shift))); \
  27:.\Generated_Source\PSoC4/VCONN_MON_P1.c ****     } while (0)
  28:.\Generated_Source\PSoC4/VCONN_MON_P1.c **** #else
  29:.\Generated_Source\PSoC4/VCONN_MON_P1.c ****     #if (CY_PSOC4_4200L)
  30:.\Generated_Source\PSoC4/VCONN_MON_P1.c ****         #define VCONN_MON_P1_SetP4PinDriveMode(shift, mode)  \
  31:.\Generated_Source\PSoC4/VCONN_MON_P1.c ****         do { \
  32:.\Generated_Source\PSoC4/VCONN_MON_P1.c ****             VCONN_MON_P1_USBIO_CTRL_REG = (VCONN_MON_P1_USBIO_CTRL_REG & \
  33:.\Generated_Source\PSoC4/VCONN_MON_P1.c ****                                     (uint32)(~(uint32)(VCONN_MON_P1_DRIVE_MODE_IND_MASK << \
  34:.\Generated_Source\PSoC4/VCONN_MON_P1.c ****                                     (VCONN_MON_P1_DRIVE_MODE_BITS * (shift))))) | \
  35:.\Generated_Source\PSoC4/VCONN_MON_P1.c ****                                     (uint32)((uint32)(mode) << \
  36:.\Generated_Source\PSoC4/VCONN_MON_P1.c ****                                     (VCONN_MON_P1_DRIVE_MODE_BITS * (shift))); \
  37:.\Generated_Source\PSoC4/VCONN_MON_P1.c ****         } while (0)
  38:.\Generated_Source\PSoC4/VCONN_MON_P1.c ****     #endif
  39:.\Generated_Source\PSoC4/VCONN_MON_P1.c **** #endif
  40:.\Generated_Source\PSoC4/VCONN_MON_P1.c ****   
  41:.\Generated_Source\PSoC4/VCONN_MON_P1.c **** 
  42:.\Generated_Source\PSoC4/VCONN_MON_P1.c **** #if defined(VCONN_MON_P1__PC) || (CY_PSOC4_4200L) 
  43:.\Generated_Source\PSoC4/VCONN_MON_P1.c ****     /*******************************************************************************
ARM GAS  C:\Users\victo\AppData\Local\Temp\ccrCpLoV.s 			page 22


  44:.\Generated_Source\PSoC4/VCONN_MON_P1.c ****     * Function Name: VCONN_MON_P1_SetDriveMode
  45:.\Generated_Source\PSoC4/VCONN_MON_P1.c ****     ****************************************************************************//**
  46:.\Generated_Source\PSoC4/VCONN_MON_P1.c ****     *
  47:.\Generated_Source\PSoC4/VCONN_MON_P1.c ****     * \brief Sets the drive mode for each of the Pins component's pins.
  48:.\Generated_Source\PSoC4/VCONN_MON_P1.c ****     * 
  49:.\Generated_Source\PSoC4/VCONN_MON_P1.c ****     * <b>Note</b> This affects all pins in the Pins component instance. Use the
  50:.\Generated_Source\PSoC4/VCONN_MON_P1.c ****     * Per-Pin APIs if you wish to control individual pin's drive modes.
  51:.\Generated_Source\PSoC4/VCONN_MON_P1.c ****     *
  52:.\Generated_Source\PSoC4/VCONN_MON_P1.c ****     * <b>Note</b> USBIOs have limited drive functionality. Refer to the Drive Mode
  53:.\Generated_Source\PSoC4/VCONN_MON_P1.c ****     * parameter for more information.
  54:.\Generated_Source\PSoC4/VCONN_MON_P1.c ****     *
  55:.\Generated_Source\PSoC4/VCONN_MON_P1.c ****     * \param mode
  56:.\Generated_Source\PSoC4/VCONN_MON_P1.c ****     *  Mode for the selected signals. Valid options are documented in 
  57:.\Generated_Source\PSoC4/VCONN_MON_P1.c ****     *  \ref driveMode.
  58:.\Generated_Source\PSoC4/VCONN_MON_P1.c ****     *
  59:.\Generated_Source\PSoC4/VCONN_MON_P1.c ****     * \return
  60:.\Generated_Source\PSoC4/VCONN_MON_P1.c ****     *  None
  61:.\Generated_Source\PSoC4/VCONN_MON_P1.c ****     *
  62:.\Generated_Source\PSoC4/VCONN_MON_P1.c ****     * \sideeffect
  63:.\Generated_Source\PSoC4/VCONN_MON_P1.c ****     *  If you use read-modify-write operations that are not atomic, the ISR can
  64:.\Generated_Source\PSoC4/VCONN_MON_P1.c ****     *  cause corruption of this function. An ISR that interrupts this function 
  65:.\Generated_Source\PSoC4/VCONN_MON_P1.c ****     *  and performs writes to the Pins component Drive Mode registers can cause 
  66:.\Generated_Source\PSoC4/VCONN_MON_P1.c ****     *  corrupted port data. To avoid this issue, you should either use the Per-Pin
  67:.\Generated_Source\PSoC4/VCONN_MON_P1.c ****     *  APIs (primary method) or disable interrupts around this function.
  68:.\Generated_Source\PSoC4/VCONN_MON_P1.c ****     *
  69:.\Generated_Source\PSoC4/VCONN_MON_P1.c ****     * \funcusage
  70:.\Generated_Source\PSoC4/VCONN_MON_P1.c ****     *  \snippet VCONN_MON_P1_SUT.c usage_VCONN_MON_P1_SetDriveMode
  71:.\Generated_Source\PSoC4/VCONN_MON_P1.c ****     *******************************************************************************/
  72:.\Generated_Source\PSoC4/VCONN_MON_P1.c ****     void VCONN_MON_P1_SetDriveMode(uint8 mode)
  73:.\Generated_Source\PSoC4/VCONN_MON_P1.c ****     {
 294              		.loc 1 73 0
 295              		.cfi_startproc
 296              	.LVL0:
  74:.\Generated_Source\PSoC4/VCONN_MON_P1.c **** 		VCONN_MON_P1_SetP4PinDriveMode(VCONN_MON_P1__0__SHIFT, mode);
 297              		.loc 1 74 0
 298 0000 034A     		ldr	r2, .L2
 299 0002 044B     		ldr	r3, .L2+4
 300 0004 1168     		ldr	r1, [r2]
 301 0006 0003     		lsl	r0, r0, #12
 302              	.LVL1:
 303 0008 0B40     		and	r3, r1
 304 000a 1843     		orr	r0, r3
 305 000c 1060     		str	r0, [r2]
  75:.\Generated_Source\PSoC4/VCONN_MON_P1.c ****     }
 306              		.loc 1 75 0
 307              		@ sp needed
 308 000e 7047     		bx	lr
 309              	.L3:
 310              		.align	2
 311              	.L2:
 312 0010 08020440 		.word	1074004488
 313 0014 FF8FFFFF 		.word	-28673
 314              		.cfi_endproc
 315              	.LFE0:
 316              		.size	VCONN_MON_P1_SetDriveMode, .-VCONN_MON_P1_SetDriveMode
 317              		.section	.text.VCONN_MON_P1_Write,"ax",%progbits
 318              		.align	1
ARM GAS  C:\Users\victo\AppData\Local\Temp\ccrCpLoV.s 			page 23


 319              		.global	VCONN_MON_P1_Write
 320              		.code	16
 321              		.thumb_func
 322              		.type	VCONN_MON_P1_Write, %function
 323              	VCONN_MON_P1_Write:
 324              	.LFB1:
  76:.\Generated_Source\PSoC4/VCONN_MON_P1.c **** #endif
  77:.\Generated_Source\PSoC4/VCONN_MON_P1.c **** 
  78:.\Generated_Source\PSoC4/VCONN_MON_P1.c **** 
  79:.\Generated_Source\PSoC4/VCONN_MON_P1.c **** /*******************************************************************************
  80:.\Generated_Source\PSoC4/VCONN_MON_P1.c **** * Function Name: VCONN_MON_P1_Write
  81:.\Generated_Source\PSoC4/VCONN_MON_P1.c **** ****************************************************************************//**
  82:.\Generated_Source\PSoC4/VCONN_MON_P1.c **** *
  83:.\Generated_Source\PSoC4/VCONN_MON_P1.c **** * \brief Writes the value to the physical port (data output register), masking
  84:.\Generated_Source\PSoC4/VCONN_MON_P1.c **** *  and shifting the bits appropriately. 
  85:.\Generated_Source\PSoC4/VCONN_MON_P1.c **** *
  86:.\Generated_Source\PSoC4/VCONN_MON_P1.c **** * The data output register controls the signal applied to the physical pin in 
  87:.\Generated_Source\PSoC4/VCONN_MON_P1.c **** * conjunction with the drive mode parameter. This function avoids changing 
  88:.\Generated_Source\PSoC4/VCONN_MON_P1.c **** * other bits in the port by using the appropriate method (read-modify-write or
  89:.\Generated_Source\PSoC4/VCONN_MON_P1.c **** * bit banding).
  90:.\Generated_Source\PSoC4/VCONN_MON_P1.c **** *
  91:.\Generated_Source\PSoC4/VCONN_MON_P1.c **** * <b>Note</b> This function should not be used on a hardware digital output pin 
  92:.\Generated_Source\PSoC4/VCONN_MON_P1.c **** * as it is driven by the hardware signal attached to it.
  93:.\Generated_Source\PSoC4/VCONN_MON_P1.c **** *
  94:.\Generated_Source\PSoC4/VCONN_MON_P1.c **** * \param value
  95:.\Generated_Source\PSoC4/VCONN_MON_P1.c **** *  Value to write to the component instance.
  96:.\Generated_Source\PSoC4/VCONN_MON_P1.c **** *
  97:.\Generated_Source\PSoC4/VCONN_MON_P1.c **** * \return 
  98:.\Generated_Source\PSoC4/VCONN_MON_P1.c **** *  None 
  99:.\Generated_Source\PSoC4/VCONN_MON_P1.c **** *
 100:.\Generated_Source\PSoC4/VCONN_MON_P1.c **** * \sideeffect
 101:.\Generated_Source\PSoC4/VCONN_MON_P1.c **** *  If you use read-modify-write operations that are not atomic; the Interrupt 
 102:.\Generated_Source\PSoC4/VCONN_MON_P1.c **** *  Service Routines (ISR) can cause corruption of this function. An ISR that 
 103:.\Generated_Source\PSoC4/VCONN_MON_P1.c **** *  interrupts this function and performs writes to the Pins component data 
 104:.\Generated_Source\PSoC4/VCONN_MON_P1.c **** *  register can cause corrupted port data. To avoid this issue, you should 
 105:.\Generated_Source\PSoC4/VCONN_MON_P1.c **** *  either use the Per-Pin APIs (primary method) or disable interrupts around 
 106:.\Generated_Source\PSoC4/VCONN_MON_P1.c **** *  this function.
 107:.\Generated_Source\PSoC4/VCONN_MON_P1.c **** *
 108:.\Generated_Source\PSoC4/VCONN_MON_P1.c **** * \funcusage
 109:.\Generated_Source\PSoC4/VCONN_MON_P1.c **** *  \snippet VCONN_MON_P1_SUT.c usage_VCONN_MON_P1_Write
 110:.\Generated_Source\PSoC4/VCONN_MON_P1.c **** *******************************************************************************/
 111:.\Generated_Source\PSoC4/VCONN_MON_P1.c **** void VCONN_MON_P1_Write(uint8 value)
 112:.\Generated_Source\PSoC4/VCONN_MON_P1.c **** {
 325              		.loc 1 112 0
 326              		.cfi_startproc
 327              	.LVL2:
 113:.\Generated_Source\PSoC4/VCONN_MON_P1.c ****     uint8 drVal = (uint8)(VCONN_MON_P1_DR & (uint8)(~VCONN_MON_P1_MASK));
 328              		.loc 1 113 0
 329 0000 1023     		mov	r3, #16
 330 0002 0449     		ldr	r1, .L5
 114:.\Generated_Source\PSoC4/VCONN_MON_P1.c ****     drVal = (drVal | ((uint8)(value << VCONN_MON_P1_SHIFT) & VCONN_MON_P1_MASK));
 331              		.loc 1 114 0
 332 0004 0001     		lsl	r0, r0, #4
 333              	.LVL3:
 113:.\Generated_Source\PSoC4/VCONN_MON_P1.c ****     uint8 drVal = (uint8)(VCONN_MON_P1_DR & (uint8)(~VCONN_MON_P1_MASK));
 334              		.loc 1 113 0
 335 0006 0A68     		ldr	r2, [r1]
ARM GAS  C:\Users\victo\AppData\Local\Temp\ccrCpLoV.s 			page 24


 115:.\Generated_Source\PSoC4/VCONN_MON_P1.c ****     VCONN_MON_P1_DR = (uint32)drVal;
 116:.\Generated_Source\PSoC4/VCONN_MON_P1.c **** }
 336              		.loc 1 116 0
 337              		@ sp needed
 113:.\Generated_Source\PSoC4/VCONN_MON_P1.c ****     drVal = (drVal | ((uint8)(value << VCONN_MON_P1_SHIFT) & VCONN_MON_P1_MASK));
 338              		.loc 1 113 0
 339 0008 9A43     		bic	r2, r3
 340 000a D2B2     		uxtb	r2, r2
 114:.\Generated_Source\PSoC4/VCONN_MON_P1.c ****     drVal = (drVal | ((uint8)(value << VCONN_MON_P1_SHIFT) & VCONN_MON_P1_MASK));
 341              		.loc 1 114 0
 342 000c 0340     		and	r3, r0
 115:.\Generated_Source\PSoC4/VCONN_MON_P1.c ****     VCONN_MON_P1_DR = (uint32)drVal;
 343              		.loc 1 115 0
 344 000e 1343     		orr	r3, r2
 345 0010 0B60     		str	r3, [r1]
 346              		.loc 1 116 0
 347 0012 7047     		bx	lr
 348              	.L6:
 349              		.align	2
 350              	.L5:
 351 0014 00020440 		.word	1074004480
 352              		.cfi_endproc
 353              	.LFE1:
 354              		.size	VCONN_MON_P1_Write, .-VCONN_MON_P1_Write
 355              		.section	.text.VCONN_MON_P1_Read,"ax",%progbits
 356              		.align	1
 357              		.global	VCONN_MON_P1_Read
 358              		.code	16
 359              		.thumb_func
 360              		.type	VCONN_MON_P1_Read, %function
 361              	VCONN_MON_P1_Read:
 362              	.LFB2:
 117:.\Generated_Source\PSoC4/VCONN_MON_P1.c **** 
 118:.\Generated_Source\PSoC4/VCONN_MON_P1.c **** 
 119:.\Generated_Source\PSoC4/VCONN_MON_P1.c **** /*******************************************************************************
 120:.\Generated_Source\PSoC4/VCONN_MON_P1.c **** * Function Name: VCONN_MON_P1_Read
 121:.\Generated_Source\PSoC4/VCONN_MON_P1.c **** ****************************************************************************//**
 122:.\Generated_Source\PSoC4/VCONN_MON_P1.c **** *
 123:.\Generated_Source\PSoC4/VCONN_MON_P1.c **** * \brief Reads the associated physical port (pin status register) and masks 
 124:.\Generated_Source\PSoC4/VCONN_MON_P1.c **** *  the required bits according to the width and bit position of the component
 125:.\Generated_Source\PSoC4/VCONN_MON_P1.c **** *  instance. 
 126:.\Generated_Source\PSoC4/VCONN_MON_P1.c **** *
 127:.\Generated_Source\PSoC4/VCONN_MON_P1.c **** * The pin's status register returns the current logic level present on the 
 128:.\Generated_Source\PSoC4/VCONN_MON_P1.c **** * physical pin.
 129:.\Generated_Source\PSoC4/VCONN_MON_P1.c **** *
 130:.\Generated_Source\PSoC4/VCONN_MON_P1.c **** * \return 
 131:.\Generated_Source\PSoC4/VCONN_MON_P1.c **** *  The current value for the pins in the component as a right justified number.
 132:.\Generated_Source\PSoC4/VCONN_MON_P1.c **** *
 133:.\Generated_Source\PSoC4/VCONN_MON_P1.c **** * \funcusage
 134:.\Generated_Source\PSoC4/VCONN_MON_P1.c **** *  \snippet VCONN_MON_P1_SUT.c usage_VCONN_MON_P1_Read  
 135:.\Generated_Source\PSoC4/VCONN_MON_P1.c **** *******************************************************************************/
 136:.\Generated_Source\PSoC4/VCONN_MON_P1.c **** uint8 VCONN_MON_P1_Read(void)
 137:.\Generated_Source\PSoC4/VCONN_MON_P1.c **** {
 363              		.loc 1 137 0
 364              		.cfi_startproc
 138:.\Generated_Source\PSoC4/VCONN_MON_P1.c ****     return (uint8)((VCONN_MON_P1_PS & VCONN_MON_P1_MASK) >> VCONN_MON_P1_SHIFT);
 365              		.loc 1 138 0
ARM GAS  C:\Users\victo\AppData\Local\Temp\ccrCpLoV.s 			page 25


 366 0000 024B     		ldr	r3, .L8
 139:.\Generated_Source\PSoC4/VCONN_MON_P1.c **** }
 367              		.loc 1 139 0
 368              		@ sp needed
 138:.\Generated_Source\PSoC4/VCONN_MON_P1.c ****     return (uint8)((VCONN_MON_P1_PS & VCONN_MON_P1_MASK) >> VCONN_MON_P1_SHIFT);
 369              		.loc 1 138 0
 370 0002 1868     		ldr	r0, [r3]
 371 0004 C006     		lsl	r0, r0, #27
 372 0006 C00F     		lsr	r0, r0, #31
 373              		.loc 1 139 0
 374 0008 7047     		bx	lr
 375              	.L9:
 376 000a C046     		.align	2
 377              	.L8:
 378 000c 04020440 		.word	1074004484
 379              		.cfi_endproc
 380              	.LFE2:
 381              		.size	VCONN_MON_P1_Read, .-VCONN_MON_P1_Read
 382              		.section	.text.VCONN_MON_P1_ReadDataReg,"ax",%progbits
 383              		.align	1
 384              		.global	VCONN_MON_P1_ReadDataReg
 385              		.code	16
 386              		.thumb_func
 387              		.type	VCONN_MON_P1_ReadDataReg, %function
 388              	VCONN_MON_P1_ReadDataReg:
 389              	.LFB3:
 140:.\Generated_Source\PSoC4/VCONN_MON_P1.c **** 
 141:.\Generated_Source\PSoC4/VCONN_MON_P1.c **** 
 142:.\Generated_Source\PSoC4/VCONN_MON_P1.c **** /*******************************************************************************
 143:.\Generated_Source\PSoC4/VCONN_MON_P1.c **** * Function Name: VCONN_MON_P1_ReadDataReg
 144:.\Generated_Source\PSoC4/VCONN_MON_P1.c **** ****************************************************************************//**
 145:.\Generated_Source\PSoC4/VCONN_MON_P1.c **** *
 146:.\Generated_Source\PSoC4/VCONN_MON_P1.c **** * \brief Reads the associated physical port's data output register and masks 
 147:.\Generated_Source\PSoC4/VCONN_MON_P1.c **** *  the correct bits according to the width and bit position of the component 
 148:.\Generated_Source\PSoC4/VCONN_MON_P1.c **** *  instance. 
 149:.\Generated_Source\PSoC4/VCONN_MON_P1.c **** *
 150:.\Generated_Source\PSoC4/VCONN_MON_P1.c **** * The data output register controls the signal applied to the physical pin in 
 151:.\Generated_Source\PSoC4/VCONN_MON_P1.c **** * conjunction with the drive mode parameter. This is not the same as the 
 152:.\Generated_Source\PSoC4/VCONN_MON_P1.c **** * preferred VCONN_MON_P1_Read() API because the 
 153:.\Generated_Source\PSoC4/VCONN_MON_P1.c **** * VCONN_MON_P1_ReadDataReg() reads the data register instead of the status 
 154:.\Generated_Source\PSoC4/VCONN_MON_P1.c **** * register. For output pins this is a useful function to determine the value 
 155:.\Generated_Source\PSoC4/VCONN_MON_P1.c **** * just written to the pin.
 156:.\Generated_Source\PSoC4/VCONN_MON_P1.c **** *
 157:.\Generated_Source\PSoC4/VCONN_MON_P1.c **** * \return 
 158:.\Generated_Source\PSoC4/VCONN_MON_P1.c **** *  The current value of the data register masked and shifted into a right 
 159:.\Generated_Source\PSoC4/VCONN_MON_P1.c **** *  justified number for the component instance.
 160:.\Generated_Source\PSoC4/VCONN_MON_P1.c **** *
 161:.\Generated_Source\PSoC4/VCONN_MON_P1.c **** * \funcusage
 162:.\Generated_Source\PSoC4/VCONN_MON_P1.c **** *  \snippet VCONN_MON_P1_SUT.c usage_VCONN_MON_P1_ReadDataReg 
 163:.\Generated_Source\PSoC4/VCONN_MON_P1.c **** *******************************************************************************/
 164:.\Generated_Source\PSoC4/VCONN_MON_P1.c **** uint8 VCONN_MON_P1_ReadDataReg(void)
 165:.\Generated_Source\PSoC4/VCONN_MON_P1.c **** {
 390              		.loc 1 165 0
 391              		.cfi_startproc
 166:.\Generated_Source\PSoC4/VCONN_MON_P1.c ****     return (uint8)((VCONN_MON_P1_DR & VCONN_MON_P1_MASK) >> VCONN_MON_P1_SHIFT);
 392              		.loc 1 166 0
 393 0000 024B     		ldr	r3, .L11
ARM GAS  C:\Users\victo\AppData\Local\Temp\ccrCpLoV.s 			page 26


 167:.\Generated_Source\PSoC4/VCONN_MON_P1.c **** }
 394              		.loc 1 167 0
 395              		@ sp needed
 166:.\Generated_Source\PSoC4/VCONN_MON_P1.c ****     return (uint8)((VCONN_MON_P1_DR & VCONN_MON_P1_MASK) >> VCONN_MON_P1_SHIFT);
 396              		.loc 1 166 0
 397 0002 1868     		ldr	r0, [r3]
 398 0004 C006     		lsl	r0, r0, #27
 399 0006 C00F     		lsr	r0, r0, #31
 400              		.loc 1 167 0
 401 0008 7047     		bx	lr
 402              	.L12:
 403 000a C046     		.align	2
 404              	.L11:
 405 000c 00020440 		.word	1074004480
 406              		.cfi_endproc
 407              	.LFE3:
 408              		.size	VCONN_MON_P1_ReadDataReg, .-VCONN_MON_P1_ReadDataReg
 409              		.section	.text.VCONN_MON_P1_SetInterruptMode,"ax",%progbits
 410              		.align	1
 411              		.global	VCONN_MON_P1_SetInterruptMode
 412              		.code	16
 413              		.thumb_func
 414              		.type	VCONN_MON_P1_SetInterruptMode, %function
 415              	VCONN_MON_P1_SetInterruptMode:
 416              	.LFB4:
 168:.\Generated_Source\PSoC4/VCONN_MON_P1.c **** 
 169:.\Generated_Source\PSoC4/VCONN_MON_P1.c **** 
 170:.\Generated_Source\PSoC4/VCONN_MON_P1.c **** /*******************************************************************************
 171:.\Generated_Source\PSoC4/VCONN_MON_P1.c **** * Function Name: VCONN_MON_P1_SetInterruptMode
 172:.\Generated_Source\PSoC4/VCONN_MON_P1.c **** ****************************************************************************//**
 173:.\Generated_Source\PSoC4/VCONN_MON_P1.c **** *
 174:.\Generated_Source\PSoC4/VCONN_MON_P1.c **** * \brief Configures the interrupt mode for each of the Pins component's
 175:.\Generated_Source\PSoC4/VCONN_MON_P1.c **** *  pins. Alternatively you may set the interrupt mode for all the pins
 176:.\Generated_Source\PSoC4/VCONN_MON_P1.c **** *  specified in the Pins component.
 177:.\Generated_Source\PSoC4/VCONN_MON_P1.c **** *
 178:.\Generated_Source\PSoC4/VCONN_MON_P1.c **** *  <b>Note</b> The interrupt is port-wide and therefore any enabled pin
 179:.\Generated_Source\PSoC4/VCONN_MON_P1.c **** *  interrupt may trigger it.
 180:.\Generated_Source\PSoC4/VCONN_MON_P1.c **** *
 181:.\Generated_Source\PSoC4/VCONN_MON_P1.c **** * \param position
 182:.\Generated_Source\PSoC4/VCONN_MON_P1.c **** *  The pin position as listed in the Pins component. You may OR these to be 
 183:.\Generated_Source\PSoC4/VCONN_MON_P1.c **** *  able to configure the interrupt mode of multiple pins within a Pins 
 184:.\Generated_Source\PSoC4/VCONN_MON_P1.c **** *  component. Or you may use VCONN_MON_P1_INTR_ALL to configure the
 185:.\Generated_Source\PSoC4/VCONN_MON_P1.c **** *  interrupt mode of all the pins in the Pins component.       
 186:.\Generated_Source\PSoC4/VCONN_MON_P1.c **** *  - VCONN_MON_P1_0_INTR       (First pin in the list)
 187:.\Generated_Source\PSoC4/VCONN_MON_P1.c **** *  - VCONN_MON_P1_1_INTR       (Second pin in the list)
 188:.\Generated_Source\PSoC4/VCONN_MON_P1.c **** *  - ...
 189:.\Generated_Source\PSoC4/VCONN_MON_P1.c **** *  - VCONN_MON_P1_INTR_ALL     (All pins in Pins component)
 190:.\Generated_Source\PSoC4/VCONN_MON_P1.c **** *
 191:.\Generated_Source\PSoC4/VCONN_MON_P1.c **** * \param mode
 192:.\Generated_Source\PSoC4/VCONN_MON_P1.c **** *  Interrupt mode for the selected pins. Valid options are documented in
 193:.\Generated_Source\PSoC4/VCONN_MON_P1.c **** *  \ref intrMode.
 194:.\Generated_Source\PSoC4/VCONN_MON_P1.c **** *
 195:.\Generated_Source\PSoC4/VCONN_MON_P1.c **** * \return 
 196:.\Generated_Source\PSoC4/VCONN_MON_P1.c **** *  None
 197:.\Generated_Source\PSoC4/VCONN_MON_P1.c **** *  
 198:.\Generated_Source\PSoC4/VCONN_MON_P1.c **** * \sideeffect
 199:.\Generated_Source\PSoC4/VCONN_MON_P1.c **** *  It is recommended that the interrupt be disabled before calling this 
ARM GAS  C:\Users\victo\AppData\Local\Temp\ccrCpLoV.s 			page 27


 200:.\Generated_Source\PSoC4/VCONN_MON_P1.c **** *  function to avoid unintended interrupt requests. Note that the interrupt
 201:.\Generated_Source\PSoC4/VCONN_MON_P1.c **** *  type is port wide, and therefore will trigger for any enabled pin on the 
 202:.\Generated_Source\PSoC4/VCONN_MON_P1.c **** *  port.
 203:.\Generated_Source\PSoC4/VCONN_MON_P1.c **** *
 204:.\Generated_Source\PSoC4/VCONN_MON_P1.c **** * \funcusage
 205:.\Generated_Source\PSoC4/VCONN_MON_P1.c **** *  \snippet VCONN_MON_P1_SUT.c usage_VCONN_MON_P1_SetInterruptMode
 206:.\Generated_Source\PSoC4/VCONN_MON_P1.c **** *******************************************************************************/
 207:.\Generated_Source\PSoC4/VCONN_MON_P1.c **** void VCONN_MON_P1_SetInterruptMode(uint16 position, uint16 mode)
 208:.\Generated_Source\PSoC4/VCONN_MON_P1.c **** {
 417              		.loc 1 208 0
 418              		.cfi_startproc
 419              	.LVL4:
 209:.\Generated_Source\PSoC4/VCONN_MON_P1.c ****     uint32 intrCfg;
 210:.\Generated_Source\PSoC4/VCONN_MON_P1.c ****     
 211:.\Generated_Source\PSoC4/VCONN_MON_P1.c ****     intrCfg =  VCONN_MON_P1_INTCFG & (uint32)(~(uint32)position);
 420              		.loc 1 211 0
 421 0000 034A     		ldr	r2, .L14
 212:.\Generated_Source\PSoC4/VCONN_MON_P1.c ****     VCONN_MON_P1_INTCFG = intrCfg | ((uint32)position & (uint32)mode);
 213:.\Generated_Source\PSoC4/VCONN_MON_P1.c **** }
 422              		.loc 1 213 0
 423              		@ sp needed
 211:.\Generated_Source\PSoC4/VCONN_MON_P1.c ****     VCONN_MON_P1_INTCFG = intrCfg | ((uint32)position & (uint32)mode);
 424              		.loc 1 211 0
 425 0002 1368     		ldr	r3, [r2]
 426              	.LVL5:
 427 0004 8343     		bic	r3, r0
 428              	.LVL6:
 212:.\Generated_Source\PSoC4/VCONN_MON_P1.c ****     VCONN_MON_P1_INTCFG = intrCfg | ((uint32)position & (uint32)mode);
 429              		.loc 1 212 0
 430 0006 0840     		and	r0, r1
 431              	.LVL7:
 432 0008 1843     		orr	r0, r3
 433 000a 1060     		str	r0, [r2]
 434              		.loc 1 213 0
 435 000c 7047     		bx	lr
 436              	.L15:
 437 000e C046     		.align	2
 438              	.L14:
 439 0010 0C020440 		.word	1074004492
 440              		.cfi_endproc
 441              	.LFE4:
 442              		.size	VCONN_MON_P1_SetInterruptMode, .-VCONN_MON_P1_SetInterruptMode
 443              		.section	.text.VCONN_MON_P1_ClearInterrupt,"ax",%progbits
 444              		.align	1
 445              		.global	VCONN_MON_P1_ClearInterrupt
 446              		.code	16
 447              		.thumb_func
 448              		.type	VCONN_MON_P1_ClearInterrupt, %function
 449              	VCONN_MON_P1_ClearInterrupt:
 450              	.LFB5:
 214:.\Generated_Source\PSoC4/VCONN_MON_P1.c **** 
 215:.\Generated_Source\PSoC4/VCONN_MON_P1.c **** 
 216:.\Generated_Source\PSoC4/VCONN_MON_P1.c **** /*******************************************************************************
 217:.\Generated_Source\PSoC4/VCONN_MON_P1.c **** * Function Name: VCONN_MON_P1_ClearInterrupt
 218:.\Generated_Source\PSoC4/VCONN_MON_P1.c **** ****************************************************************************//**
 219:.\Generated_Source\PSoC4/VCONN_MON_P1.c **** *
 220:.\Generated_Source\PSoC4/VCONN_MON_P1.c **** * \brief Clears any active interrupts attached with the component and returns 
ARM GAS  C:\Users\victo\AppData\Local\Temp\ccrCpLoV.s 			page 28


 221:.\Generated_Source\PSoC4/VCONN_MON_P1.c **** *  the value of the interrupt status register allowing determination of which
 222:.\Generated_Source\PSoC4/VCONN_MON_P1.c **** *  pins generated an interrupt event.
 223:.\Generated_Source\PSoC4/VCONN_MON_P1.c **** *
 224:.\Generated_Source\PSoC4/VCONN_MON_P1.c **** * \return 
 225:.\Generated_Source\PSoC4/VCONN_MON_P1.c **** *  The right-shifted current value of the interrupt status register. Each pin 
 226:.\Generated_Source\PSoC4/VCONN_MON_P1.c **** *  has one bit set if it generated an interrupt event. For example, bit 0 is 
 227:.\Generated_Source\PSoC4/VCONN_MON_P1.c **** *  for pin 0 and bit 1 is for pin 1 of the Pins component.
 228:.\Generated_Source\PSoC4/VCONN_MON_P1.c **** *  
 229:.\Generated_Source\PSoC4/VCONN_MON_P1.c **** * \sideeffect
 230:.\Generated_Source\PSoC4/VCONN_MON_P1.c **** *  Clears all bits of the physical port's interrupt status register, not just
 231:.\Generated_Source\PSoC4/VCONN_MON_P1.c **** *  those associated with the Pins component.
 232:.\Generated_Source\PSoC4/VCONN_MON_P1.c **** *
 233:.\Generated_Source\PSoC4/VCONN_MON_P1.c **** * \funcusage
 234:.\Generated_Source\PSoC4/VCONN_MON_P1.c **** *  \snippet VCONN_MON_P1_SUT.c usage_VCONN_MON_P1_ClearInterrupt
 235:.\Generated_Source\PSoC4/VCONN_MON_P1.c **** *******************************************************************************/
 236:.\Generated_Source\PSoC4/VCONN_MON_P1.c **** uint8 VCONN_MON_P1_ClearInterrupt(void)
 237:.\Generated_Source\PSoC4/VCONN_MON_P1.c **** {
 451              		.loc 1 237 0
 452              		.cfi_startproc
 238:.\Generated_Source\PSoC4/VCONN_MON_P1.c **** 	uint8 maskedStatus = (uint8)(VCONN_MON_P1_INTSTAT & VCONN_MON_P1_MASK);
 453              		.loc 1 238 0
 454 0000 1023     		mov	r3, #16
 455 0002 034A     		ldr	r2, .L17
 239:.\Generated_Source\PSoC4/VCONN_MON_P1.c **** 	VCONN_MON_P1_INTSTAT = maskedStatus;
 240:.\Generated_Source\PSoC4/VCONN_MON_P1.c ****     return maskedStatus >> VCONN_MON_P1_SHIFT;
 241:.\Generated_Source\PSoC4/VCONN_MON_P1.c **** }
 456              		.loc 1 241 0
 457              		@ sp needed
 238:.\Generated_Source\PSoC4/VCONN_MON_P1.c **** 	uint8 maskedStatus = (uint8)(VCONN_MON_P1_INTSTAT & VCONN_MON_P1_MASK);
 458              		.loc 1 238 0
 459 0004 1068     		ldr	r0, [r2]
 460 0006 1840     		and	r0, r3
 461              	.LVL8:
 239:.\Generated_Source\PSoC4/VCONN_MON_P1.c **** 	VCONN_MON_P1_INTSTAT = maskedStatus;
 462              		.loc 1 239 0
 463 0008 1060     		str	r0, [r2]
 240:.\Generated_Source\PSoC4/VCONN_MON_P1.c **** }
 464              		.loc 1 240 0
 465 000a 0009     		lsr	r0, r0, #4
 466              	.LVL9:
 467 000c C0B2     		uxtb	r0, r0
 468              		.loc 1 241 0
 469 000e 7047     		bx	lr
 470              	.L18:
 471              		.align	2
 472              	.L17:
 473 0010 10020440 		.word	1074004496
 474              		.cfi_endproc
 475              	.LFE5:
 476              		.size	VCONN_MON_P1_ClearInterrupt, .-VCONN_MON_P1_ClearInterrupt
 477              		.text
 478              	.Letext0:
 479              		.file 2 ".\\Generated_Source\\PSoC4\\cytypes.h"
 480              		.section	.debug_info,"",%progbits
 481              	.Ldebug_info0:
 482 0000 97010000 		.4byte	0x197
 483 0004 0400     		.2byte	0x4
ARM GAS  C:\Users\victo\AppData\Local\Temp\ccrCpLoV.s 			page 29


 484 0006 00000000 		.4byte	.Ldebug_abbrev0
 485 000a 04       		.byte	0x4
 486 000b 01       		.uleb128 0x1
 487 000c 3B010000 		.4byte	.LASF27
 488 0010 01       		.byte	0x1
 489 0011 84020000 		.4byte	.LASF28
 490 0015 CD000000 		.4byte	.LASF29
 491 0019 00000000 		.4byte	.Ldebug_ranges0+0
 492 001d 00000000 		.4byte	0
 493 0021 00000000 		.4byte	.Ldebug_line0
 494 0025 02       		.uleb128 0x2
 495 0026 01       		.byte	0x1
 496 0027 06       		.byte	0x6
 497 0028 78020000 		.4byte	.LASF0
 498 002c 02       		.uleb128 0x2
 499 002d 01       		.byte	0x1
 500 002e 08       		.byte	0x8
 501 002f 61000000 		.4byte	.LASF1
 502 0033 02       		.uleb128 0x2
 503 0034 02       		.byte	0x2
 504 0035 05       		.byte	0x5
 505 0036 41020000 		.4byte	.LASF2
 506 003a 02       		.uleb128 0x2
 507 003b 02       		.byte	0x2
 508 003c 07       		.byte	0x7
 509 003d 87000000 		.4byte	.LASF3
 510 0041 02       		.uleb128 0x2
 511 0042 04       		.byte	0x4
 512 0043 05       		.byte	0x5
 513 0044 6F020000 		.4byte	.LASF4
 514 0048 02       		.uleb128 0x2
 515 0049 04       		.byte	0x4
 516 004a 07       		.byte	0x7
 517 004b 75000000 		.4byte	.LASF5
 518 004f 02       		.uleb128 0x2
 519 0050 08       		.byte	0x8
 520 0051 05       		.byte	0x5
 521 0052 0E020000 		.4byte	.LASF6
 522 0056 02       		.uleb128 0x2
 523 0057 08       		.byte	0x8
 524 0058 07       		.byte	0x7
 525 0059 24010000 		.4byte	.LASF7
 526 005d 03       		.uleb128 0x3
 527 005e 04       		.byte	0x4
 528 005f 05       		.byte	0x5
 529 0060 696E7400 		.ascii	"int\000"
 530 0064 02       		.uleb128 0x2
 531 0065 04       		.byte	0x4
 532 0066 07       		.byte	0x7
 533 0067 C0000000 		.4byte	.LASF8
 534 006b 04       		.uleb128 0x4
 535 006c 4B020000 		.4byte	.LASF9
 536 0070 02       		.byte	0x2
 537 0071 9801     		.2byte	0x198
 538 0073 2C000000 		.4byte	0x2c
 539 0077 04       		.uleb128 0x4
 540 0078 A1000000 		.4byte	.LASF10
ARM GAS  C:\Users\victo\AppData\Local\Temp\ccrCpLoV.s 			page 30


 541 007c 02       		.byte	0x2
 542 007d 9901     		.2byte	0x199
 543 007f 3A000000 		.4byte	0x3a
 544 0083 04       		.uleb128 0x4
 545 0084 B1000000 		.4byte	.LASF11
 546 0088 02       		.byte	0x2
 547 0089 9A01     		.2byte	0x19a
 548 008b 48000000 		.4byte	0x48
 549 008f 02       		.uleb128 0x2
 550 0090 04       		.byte	0x4
 551 0091 04       		.byte	0x4
 552 0092 5B000000 		.4byte	.LASF12
 553 0096 02       		.uleb128 0x2
 554 0097 08       		.byte	0x8
 555 0098 04       		.byte	0x4
 556 0099 9A000000 		.4byte	.LASF13
 557 009d 02       		.uleb128 0x2
 558 009e 01       		.byte	0x1
 559 009f 08       		.byte	0x8
 560 00a0 29020000 		.4byte	.LASF14
 561 00a4 04       		.uleb128 0x4
 562 00a5 33000000 		.4byte	.LASF15
 563 00a9 02       		.byte	0x2
 564 00aa 4402     		.2byte	0x244
 565 00ac B0000000 		.4byte	0xb0
 566 00b0 05       		.uleb128 0x5
 567 00b1 83000000 		.4byte	0x83
 568 00b5 06       		.uleb128 0x6
 569 00b6 19000000 		.4byte	.LASF16
 570 00ba 01       		.byte	0x1
 571 00bb 48       		.byte	0x48
 572 00bc 00000000 		.4byte	.LFB0
 573 00c0 18000000 		.4byte	.LFE0-.LFB0
 574 00c4 01       		.uleb128 0x1
 575 00c5 9C       		.byte	0x9c
 576 00c6 DA000000 		.4byte	0xda
 577 00ca 07       		.uleb128 0x7
 578 00cb F7010000 		.4byte	.LASF18
 579 00cf 01       		.byte	0x1
 580 00d0 48       		.byte	0x48
 581 00d1 6B000000 		.4byte	0x6b
 582 00d5 00000000 		.4byte	.LLST0
 583 00d9 00       		.byte	0
 584 00da 06       		.uleb128 0x6
 585 00db 2E020000 		.4byte	.LASF17
 586 00df 01       		.byte	0x1
 587 00e0 6F       		.byte	0x6f
 588 00e1 00000000 		.4byte	.LFB1
 589 00e5 18000000 		.4byte	.LFE1-.LFB1
 590 00e9 01       		.uleb128 0x1
 591 00ea 9C       		.byte	0x9c
 592 00eb 0A010000 		.4byte	0x10a
 593 00ef 07       		.uleb128 0x7
 594 00f0 39000000 		.4byte	.LASF19
 595 00f4 01       		.byte	0x1
 596 00f5 6F       		.byte	0x6f
 597 00f6 6B000000 		.4byte	0x6b
ARM GAS  C:\Users\victo\AppData\Local\Temp\ccrCpLoV.s 			page 31


 598 00fa 21000000 		.4byte	.LLST1
 599 00fe 08       		.uleb128 0x8
 600 00ff 6F000000 		.4byte	.LASF30
 601 0103 01       		.byte	0x1
 602 0104 71       		.byte	0x71
 603 0105 6B000000 		.4byte	0x6b
 604 0109 00       		.byte	0
 605 010a 09       		.uleb128 0x9
 606 010b FC010000 		.4byte	.LASF20
 607 010f 01       		.byte	0x1
 608 0110 88       		.byte	0x88
 609 0111 6B000000 		.4byte	0x6b
 610 0115 00000000 		.4byte	.LFB2
 611 0119 10000000 		.4byte	.LFE2-.LFB2
 612 011d 01       		.uleb128 0x1
 613 011e 9C       		.byte	0x9c
 614 011f 09       		.uleb128 0x9
 615 0120 00000000 		.4byte	.LASF21
 616 0124 01       		.byte	0x1
 617 0125 A4       		.byte	0xa4
 618 0126 6B000000 		.4byte	0x6b
 619 012a 00000000 		.4byte	.LFB3
 620 012e 10000000 		.4byte	.LFE3-.LFB3
 621 0132 01       		.uleb128 0x1
 622 0133 9C       		.byte	0x9c
 623 0134 06       		.uleb128 0x6
 624 0135 51020000 		.4byte	.LASF22
 625 0139 01       		.byte	0x1
 626 013a CF       		.byte	0xcf
 627 013b 00000000 		.4byte	.LFB4
 628 013f 14000000 		.4byte	.LFE4-.LFB4
 629 0143 01       		.uleb128 0x1
 630 0144 9C       		.byte	0x9c
 631 0145 75010000 		.4byte	0x175
 632 0149 07       		.uleb128 0x7
 633 014a A8000000 		.4byte	.LASF23
 634 014e 01       		.byte	0x1
 635 014f CF       		.byte	0xcf
 636 0150 77000000 		.4byte	0x77
 637 0154 42000000 		.4byte	.LLST2
 638 0158 0A       		.uleb128 0xa
 639 0159 F7010000 		.4byte	.LASF18
 640 015d 01       		.byte	0x1
 641 015e CF       		.byte	0xcf
 642 015f 77000000 		.4byte	0x77
 643 0163 01       		.uleb128 0x1
 644 0164 51       		.byte	0x51
 645 0165 0B       		.uleb128 0xb
 646 0166 B8000000 		.4byte	.LASF25
 647 016a 01       		.byte	0x1
 648 016b D1       		.byte	0xd1
 649 016c 83000000 		.4byte	0x83
 650 0170 63000000 		.4byte	.LLST3
 651 0174 00       		.byte	0
 652 0175 0C       		.uleb128 0xc
 653 0176 3F000000 		.4byte	.LASF24
 654 017a 01       		.byte	0x1
ARM GAS  C:\Users\victo\AppData\Local\Temp\ccrCpLoV.s 			page 32


 655 017b EC       		.byte	0xec
 656 017c 6B000000 		.4byte	0x6b
 657 0180 00000000 		.4byte	.LFB5
 658 0184 14000000 		.4byte	.LFE5-.LFB5
 659 0188 01       		.uleb128 0x1
 660 0189 9C       		.byte	0x9c
 661 018a 0B       		.uleb128 0xb
 662 018b 1C020000 		.4byte	.LASF26
 663 018f 01       		.byte	0x1
 664 0190 EE       		.byte	0xee
 665 0191 6B000000 		.4byte	0x6b
 666 0195 80000000 		.4byte	.LLST4
 667 0199 00       		.byte	0
 668 019a 00       		.byte	0
 669              		.section	.debug_abbrev,"",%progbits
 670              	.Ldebug_abbrev0:
 671 0000 01       		.uleb128 0x1
 672 0001 11       		.uleb128 0x11
 673 0002 01       		.byte	0x1
 674 0003 25       		.uleb128 0x25
 675 0004 0E       		.uleb128 0xe
 676 0005 13       		.uleb128 0x13
 677 0006 0B       		.uleb128 0xb
 678 0007 03       		.uleb128 0x3
 679 0008 0E       		.uleb128 0xe
 680 0009 1B       		.uleb128 0x1b
 681 000a 0E       		.uleb128 0xe
 682 000b 55       		.uleb128 0x55
 683 000c 17       		.uleb128 0x17
 684 000d 11       		.uleb128 0x11
 685 000e 01       		.uleb128 0x1
 686 000f 10       		.uleb128 0x10
 687 0010 17       		.uleb128 0x17
 688 0011 00       		.byte	0
 689 0012 00       		.byte	0
 690 0013 02       		.uleb128 0x2
 691 0014 24       		.uleb128 0x24
 692 0015 00       		.byte	0
 693 0016 0B       		.uleb128 0xb
 694 0017 0B       		.uleb128 0xb
 695 0018 3E       		.uleb128 0x3e
 696 0019 0B       		.uleb128 0xb
 697 001a 03       		.uleb128 0x3
 698 001b 0E       		.uleb128 0xe
 699 001c 00       		.byte	0
 700 001d 00       		.byte	0
 701 001e 03       		.uleb128 0x3
 702 001f 24       		.uleb128 0x24
 703 0020 00       		.byte	0
 704 0021 0B       		.uleb128 0xb
 705 0022 0B       		.uleb128 0xb
 706 0023 3E       		.uleb128 0x3e
 707 0024 0B       		.uleb128 0xb
 708 0025 03       		.uleb128 0x3
 709 0026 08       		.uleb128 0x8
 710 0027 00       		.byte	0
 711 0028 00       		.byte	0
ARM GAS  C:\Users\victo\AppData\Local\Temp\ccrCpLoV.s 			page 33


 712 0029 04       		.uleb128 0x4
 713 002a 16       		.uleb128 0x16
 714 002b 00       		.byte	0
 715 002c 03       		.uleb128 0x3
 716 002d 0E       		.uleb128 0xe
 717 002e 3A       		.uleb128 0x3a
 718 002f 0B       		.uleb128 0xb
 719 0030 3B       		.uleb128 0x3b
 720 0031 05       		.uleb128 0x5
 721 0032 49       		.uleb128 0x49
 722 0033 13       		.uleb128 0x13
 723 0034 00       		.byte	0
 724 0035 00       		.byte	0
 725 0036 05       		.uleb128 0x5
 726 0037 35       		.uleb128 0x35
 727 0038 00       		.byte	0
 728 0039 49       		.uleb128 0x49
 729 003a 13       		.uleb128 0x13
 730 003b 00       		.byte	0
 731 003c 00       		.byte	0
 732 003d 06       		.uleb128 0x6
 733 003e 2E       		.uleb128 0x2e
 734 003f 01       		.byte	0x1
 735 0040 3F       		.uleb128 0x3f
 736 0041 19       		.uleb128 0x19
 737 0042 03       		.uleb128 0x3
 738 0043 0E       		.uleb128 0xe
 739 0044 3A       		.uleb128 0x3a
 740 0045 0B       		.uleb128 0xb
 741 0046 3B       		.uleb128 0x3b
 742 0047 0B       		.uleb128 0xb
 743 0048 27       		.uleb128 0x27
 744 0049 19       		.uleb128 0x19
 745 004a 11       		.uleb128 0x11
 746 004b 01       		.uleb128 0x1
 747 004c 12       		.uleb128 0x12
 748 004d 06       		.uleb128 0x6
 749 004e 40       		.uleb128 0x40
 750 004f 18       		.uleb128 0x18
 751 0050 9742     		.uleb128 0x2117
 752 0052 19       		.uleb128 0x19
 753 0053 01       		.uleb128 0x1
 754 0054 13       		.uleb128 0x13
 755 0055 00       		.byte	0
 756 0056 00       		.byte	0
 757 0057 07       		.uleb128 0x7
 758 0058 05       		.uleb128 0x5
 759 0059 00       		.byte	0
 760 005a 03       		.uleb128 0x3
 761 005b 0E       		.uleb128 0xe
 762 005c 3A       		.uleb128 0x3a
 763 005d 0B       		.uleb128 0xb
 764 005e 3B       		.uleb128 0x3b
 765 005f 0B       		.uleb128 0xb
 766 0060 49       		.uleb128 0x49
 767 0061 13       		.uleb128 0x13
 768 0062 02       		.uleb128 0x2
ARM GAS  C:\Users\victo\AppData\Local\Temp\ccrCpLoV.s 			page 34


 769 0063 17       		.uleb128 0x17
 770 0064 00       		.byte	0
 771 0065 00       		.byte	0
 772 0066 08       		.uleb128 0x8
 773 0067 34       		.uleb128 0x34
 774 0068 00       		.byte	0
 775 0069 03       		.uleb128 0x3
 776 006a 0E       		.uleb128 0xe
 777 006b 3A       		.uleb128 0x3a
 778 006c 0B       		.uleb128 0xb
 779 006d 3B       		.uleb128 0x3b
 780 006e 0B       		.uleb128 0xb
 781 006f 49       		.uleb128 0x49
 782 0070 13       		.uleb128 0x13
 783 0071 00       		.byte	0
 784 0072 00       		.byte	0
 785 0073 09       		.uleb128 0x9
 786 0074 2E       		.uleb128 0x2e
 787 0075 00       		.byte	0
 788 0076 3F       		.uleb128 0x3f
 789 0077 19       		.uleb128 0x19
 790 0078 03       		.uleb128 0x3
 791 0079 0E       		.uleb128 0xe
 792 007a 3A       		.uleb128 0x3a
 793 007b 0B       		.uleb128 0xb
 794 007c 3B       		.uleb128 0x3b
 795 007d 0B       		.uleb128 0xb
 796 007e 27       		.uleb128 0x27
 797 007f 19       		.uleb128 0x19
 798 0080 49       		.uleb128 0x49
 799 0081 13       		.uleb128 0x13
 800 0082 11       		.uleb128 0x11
 801 0083 01       		.uleb128 0x1
 802 0084 12       		.uleb128 0x12
 803 0085 06       		.uleb128 0x6
 804 0086 40       		.uleb128 0x40
 805 0087 18       		.uleb128 0x18
 806 0088 9742     		.uleb128 0x2117
 807 008a 19       		.uleb128 0x19
 808 008b 00       		.byte	0
 809 008c 00       		.byte	0
 810 008d 0A       		.uleb128 0xa
 811 008e 05       		.uleb128 0x5
 812 008f 00       		.byte	0
 813 0090 03       		.uleb128 0x3
 814 0091 0E       		.uleb128 0xe
 815 0092 3A       		.uleb128 0x3a
 816 0093 0B       		.uleb128 0xb
 817 0094 3B       		.uleb128 0x3b
 818 0095 0B       		.uleb128 0xb
 819 0096 49       		.uleb128 0x49
 820 0097 13       		.uleb128 0x13
 821 0098 02       		.uleb128 0x2
 822 0099 18       		.uleb128 0x18
 823 009a 00       		.byte	0
 824 009b 00       		.byte	0
 825 009c 0B       		.uleb128 0xb
ARM GAS  C:\Users\victo\AppData\Local\Temp\ccrCpLoV.s 			page 35


 826 009d 34       		.uleb128 0x34
 827 009e 00       		.byte	0
 828 009f 03       		.uleb128 0x3
 829 00a0 0E       		.uleb128 0xe
 830 00a1 3A       		.uleb128 0x3a
 831 00a2 0B       		.uleb128 0xb
 832 00a3 3B       		.uleb128 0x3b
 833 00a4 0B       		.uleb128 0xb
 834 00a5 49       		.uleb128 0x49
 835 00a6 13       		.uleb128 0x13
 836 00a7 02       		.uleb128 0x2
 837 00a8 17       		.uleb128 0x17
 838 00a9 00       		.byte	0
 839 00aa 00       		.byte	0
 840 00ab 0C       		.uleb128 0xc
 841 00ac 2E       		.uleb128 0x2e
 842 00ad 01       		.byte	0x1
 843 00ae 3F       		.uleb128 0x3f
 844 00af 19       		.uleb128 0x19
 845 00b0 03       		.uleb128 0x3
 846 00b1 0E       		.uleb128 0xe
 847 00b2 3A       		.uleb128 0x3a
 848 00b3 0B       		.uleb128 0xb
 849 00b4 3B       		.uleb128 0x3b
 850 00b5 0B       		.uleb128 0xb
 851 00b6 27       		.uleb128 0x27
 852 00b7 19       		.uleb128 0x19
 853 00b8 49       		.uleb128 0x49
 854 00b9 13       		.uleb128 0x13
 855 00ba 11       		.uleb128 0x11
 856 00bb 01       		.uleb128 0x1
 857 00bc 12       		.uleb128 0x12
 858 00bd 06       		.uleb128 0x6
 859 00be 40       		.uleb128 0x40
 860 00bf 18       		.uleb128 0x18
 861 00c0 9742     		.uleb128 0x2117
 862 00c2 19       		.uleb128 0x19
 863 00c3 00       		.byte	0
 864 00c4 00       		.byte	0
 865 00c5 00       		.byte	0
 866              		.section	.debug_loc,"",%progbits
 867              	.Ldebug_loc0:
 868              	.LLST0:
 869 0000 00000000 		.4byte	.LVL0
 870 0004 08000000 		.4byte	.LVL1
 871 0008 0100     		.2byte	0x1
 872 000a 50       		.byte	0x50
 873 000b 08000000 		.4byte	.LVL1
 874 000f 18000000 		.4byte	.LFE0
 875 0013 0400     		.2byte	0x4
 876 0015 F3       		.byte	0xf3
 877 0016 01       		.uleb128 0x1
 878 0017 50       		.byte	0x50
 879 0018 9F       		.byte	0x9f
 880 0019 00000000 		.4byte	0
 881 001d 00000000 		.4byte	0
 882              	.LLST1:
ARM GAS  C:\Users\victo\AppData\Local\Temp\ccrCpLoV.s 			page 36


 883 0021 00000000 		.4byte	.LVL2
 884 0025 06000000 		.4byte	.LVL3
 885 0029 0100     		.2byte	0x1
 886 002b 50       		.byte	0x50
 887 002c 06000000 		.4byte	.LVL3
 888 0030 18000000 		.4byte	.LFE1
 889 0034 0400     		.2byte	0x4
 890 0036 F3       		.byte	0xf3
 891 0037 01       		.uleb128 0x1
 892 0038 50       		.byte	0x50
 893 0039 9F       		.byte	0x9f
 894 003a 00000000 		.4byte	0
 895 003e 00000000 		.4byte	0
 896              	.LLST2:
 897 0042 00000000 		.4byte	.LVL4
 898 0046 08000000 		.4byte	.LVL7
 899 004a 0100     		.2byte	0x1
 900 004c 50       		.byte	0x50
 901 004d 08000000 		.4byte	.LVL7
 902 0051 14000000 		.4byte	.LFE4
 903 0055 0400     		.2byte	0x4
 904 0057 F3       		.byte	0xf3
 905 0058 01       		.uleb128 0x1
 906 0059 50       		.byte	0x50
 907 005a 9F       		.byte	0x9f
 908 005b 00000000 		.4byte	0
 909 005f 00000000 		.4byte	0
 910              	.LLST3:
 911 0063 04000000 		.4byte	.LVL5
 912 0067 06000000 		.4byte	.LVL6
 913 006b 0B00     		.2byte	0xb
 914 006d 70       		.byte	0x70
 915 006e 00       		.sleb128 0
 916 006f 0A       		.byte	0xa
 917 0070 FFFF     		.2byte	0xffff
 918 0072 1A       		.byte	0x1a
 919 0073 20       		.byte	0x20
 920 0074 73       		.byte	0x73
 921 0075 00       		.sleb128 0
 922 0076 1A       		.byte	0x1a
 923 0077 9F       		.byte	0x9f
 924 0078 00000000 		.4byte	0
 925 007c 00000000 		.4byte	0
 926              	.LLST4:
 927 0080 08000000 		.4byte	.LVL8
 928 0084 0C000000 		.4byte	.LVL9
 929 0088 0100     		.2byte	0x1
 930 008a 50       		.byte	0x50
 931 008b 0C000000 		.4byte	.LVL9
 932 008f 14000000 		.4byte	.LFE5
 933 0093 0400     		.2byte	0x4
 934 0095 72       		.byte	0x72
 935 0096 00       		.sleb128 0
 936 0097 06       		.byte	0x6
 937 0098 9F       		.byte	0x9f
 938 0099 00000000 		.4byte	0
 939 009d 00000000 		.4byte	0
ARM GAS  C:\Users\victo\AppData\Local\Temp\ccrCpLoV.s 			page 37


 940              		.section	.debug_aranges,"",%progbits
 941 0000 44000000 		.4byte	0x44
 942 0004 0200     		.2byte	0x2
 943 0006 00000000 		.4byte	.Ldebug_info0
 944 000a 04       		.byte	0x4
 945 000b 00       		.byte	0
 946 000c 0000     		.2byte	0
 947 000e 0000     		.2byte	0
 948 0010 00000000 		.4byte	.LFB0
 949 0014 18000000 		.4byte	.LFE0-.LFB0
 950 0018 00000000 		.4byte	.LFB1
 951 001c 18000000 		.4byte	.LFE1-.LFB1
 952 0020 00000000 		.4byte	.LFB2
 953 0024 10000000 		.4byte	.LFE2-.LFB2
 954 0028 00000000 		.4byte	.LFB3
 955 002c 10000000 		.4byte	.LFE3-.LFB3
 956 0030 00000000 		.4byte	.LFB4
 957 0034 14000000 		.4byte	.LFE4-.LFB4
 958 0038 00000000 		.4byte	.LFB5
 959 003c 14000000 		.4byte	.LFE5-.LFB5
 960 0040 00000000 		.4byte	0
 961 0044 00000000 		.4byte	0
 962              		.section	.debug_ranges,"",%progbits
 963              	.Ldebug_ranges0:
 964 0000 00000000 		.4byte	.LFB0
 965 0004 18000000 		.4byte	.LFE0
 966 0008 00000000 		.4byte	.LFB1
 967 000c 18000000 		.4byte	.LFE1
 968 0010 00000000 		.4byte	.LFB2
 969 0014 10000000 		.4byte	.LFE2
 970 0018 00000000 		.4byte	.LFB3
 971 001c 10000000 		.4byte	.LFE3
 972 0020 00000000 		.4byte	.LFB4
 973 0024 14000000 		.4byte	.LFE4
 974 0028 00000000 		.4byte	.LFB5
 975 002c 14000000 		.4byte	.LFE5
 976 0030 00000000 		.4byte	0
 977 0034 00000000 		.4byte	0
 978              		.section	.debug_line,"",%progbits
 979              	.Ldebug_line0:
 980 0000 CE000000 		.section	.debug_str,"MS",%progbits,1
 980      02004B00 
 980      00000201 
 980      FB0E0D00 
 980      01010101 
 981              	.LASF21:
 982 0000 56434F4E 		.ascii	"VCONN_MON_P1_ReadDataReg\000"
 982      4E5F4D4F 
 982      4E5F5031 
 982      5F526561 
 982      64446174 
 983              	.LASF16:
 984 0019 56434F4E 		.ascii	"VCONN_MON_P1_SetDriveMode\000"
 984      4E5F4D4F 
 984      4E5F5031 
 984      5F536574 
 984      44726976 
ARM GAS  C:\Users\victo\AppData\Local\Temp\ccrCpLoV.s 			page 38


 985              	.LASF15:
 986 0033 72656733 		.ascii	"reg32\000"
 986      3200
 987              	.LASF19:
 988 0039 76616C75 		.ascii	"value\000"
 988      6500
 989              	.LASF24:
 990 003f 56434F4E 		.ascii	"VCONN_MON_P1_ClearInterrupt\000"
 990      4E5F4D4F 
 990      4E5F5031 
 990      5F436C65 
 990      6172496E 
 991              	.LASF12:
 992 005b 666C6F61 		.ascii	"float\000"
 992      7400
 993              	.LASF1:
 994 0061 756E7369 		.ascii	"unsigned char\000"
 994      676E6564 
 994      20636861 
 994      7200
 995              	.LASF30:
 996 006f 64725661 		.ascii	"drVal\000"
 996      6C00
 997              	.LASF5:
 998 0075 6C6F6E67 		.ascii	"long unsigned int\000"
 998      20756E73 
 998      69676E65 
 998      6420696E 
 998      7400
 999              	.LASF3:
 1000 0087 73686F72 		.ascii	"short unsigned int\000"
 1000      7420756E 
 1000      7369676E 
 1000      65642069 
 1000      6E7400
 1001              	.LASF13:
 1002 009a 646F7562 		.ascii	"double\000"
 1002      6C6500
 1003              	.LASF10:
 1004 00a1 75696E74 		.ascii	"uint16\000"
 1004      313600
 1005              	.LASF23:
 1006 00a8 706F7369 		.ascii	"position\000"
 1006      74696F6E 
 1006      00
 1007              	.LASF11:
 1008 00b1 75696E74 		.ascii	"uint32\000"
 1008      333200
 1009              	.LASF25:
 1010 00b8 696E7472 		.ascii	"intrCfg\000"
 1010      43666700 
 1011              	.LASF8:
 1012 00c0 756E7369 		.ascii	"unsigned int\000"
 1012      676E6564 
 1012      20696E74 
 1012      00
 1013              	.LASF29:
ARM GAS  C:\Users\victo\AppData\Local\Temp\ccrCpLoV.s 			page 39


 1014 00cd 433A5C76 		.ascii	"C:\\victor0617\\github_code\\CY4541\\CYPD4225-40LQX"
 1014      6963746F 
 1014      72303631 
 1014      375C6769 
 1014      74687562 
 1015 00fc 495F3038 		.ascii	"I_0805\\CYPD4225-40LQXI_notebook01.cydsn\000"
 1015      30355C43 
 1015      59504434 
 1015      3232352D 
 1015      34304C51 
 1016              	.LASF7:
 1017 0124 6C6F6E67 		.ascii	"long long unsigned int\000"
 1017      206C6F6E 
 1017      6720756E 
 1017      7369676E 
 1017      65642069 
 1018              	.LASF27:
 1019 013b 474E5520 		.ascii	"GNU C 4.9.3 20150303 (release) [ARM/embedded-4_9-br"
 1019      4320342E 
 1019      392E3320 
 1019      32303135 
 1019      30333033 
 1020 016e 616E6368 		.ascii	"anch revision 221220] -mcpu=cortex-m0 -mthumb -g -O"
 1020      20726576 
 1020      6973696F 
 1020      6E203232 
 1020      31323230 
 1021 01a1 73202D66 		.ascii	"s -ffunction-sections -finline-functions -flto -ffa"
 1021      66756E63 
 1021      74696F6E 
 1021      2D736563 
 1021      74696F6E 
 1022 01d4 742D6C74 		.ascii	"t-lto-objects -fno-strict-aliasing\000"
 1022      6F2D6F62 
 1022      6A656374 
 1022      73202D66 
 1022      6E6F2D73 
 1023              	.LASF18:
 1024 01f7 6D6F6465 		.ascii	"mode\000"
 1024      00
 1025              	.LASF20:
 1026 01fc 56434F4E 		.ascii	"VCONN_MON_P1_Read\000"
 1026      4E5F4D4F 
 1026      4E5F5031 
 1026      5F526561 
 1026      6400
 1027              	.LASF6:
 1028 020e 6C6F6E67 		.ascii	"long long int\000"
 1028      206C6F6E 
 1028      6720696E 
 1028      7400
 1029              	.LASF26:
 1030 021c 6D61736B 		.ascii	"maskedStatus\000"
 1030      65645374 
 1030      61747573 
 1030      00
 1031              	.LASF14:
ARM GAS  C:\Users\victo\AppData\Local\Temp\ccrCpLoV.s 			page 40


 1032 0229 63686172 		.ascii	"char\000"
 1032      00
 1033              	.LASF17:
 1034 022e 56434F4E 		.ascii	"VCONN_MON_P1_Write\000"
 1034      4E5F4D4F 
 1034      4E5F5031 
 1034      5F577269 
 1034      746500
 1035              	.LASF2:
 1036 0241 73686F72 		.ascii	"short int\000"
 1036      7420696E 
 1036      7400
 1037              	.LASF9:
 1038 024b 75696E74 		.ascii	"uint8\000"
 1038      3800
 1039              	.LASF22:
 1040 0251 56434F4E 		.ascii	"VCONN_MON_P1_SetInterruptMode\000"
 1040      4E5F4D4F 
 1040      4E5F5031 
 1040      5F536574 
 1040      496E7465 
 1041              	.LASF4:
 1042 026f 6C6F6E67 		.ascii	"long int\000"
 1042      20696E74 
 1042      00
 1043              	.LASF0:
 1044 0278 7369676E 		.ascii	"signed char\000"
 1044      65642063 
 1044      68617200 
 1045              	.LASF28:
 1046 0284 2E5C4765 		.ascii	".\\Generated_Source\\PSoC4\\VCONN_MON_P1.c\000"
 1046      6E657261 
 1046      7465645F 
 1046      536F7572 
 1046      63655C50 
 1047              		.comm	__gnu_lto_v1,1,1
 1048              		.ident	"GCC: (GNU Tools for ARM Embedded Processors) 4.9.3 20150303 (release) [ARM/embedded-4_9-br
