ARM GAS  C:\Users\victo\AppData\Local\Temp\ccPP14k6.s 			page 1


   1              		.cpu cortex-m0
   2              		.fpu softvfp
   3              		.eabi_attribute 20, 1
   4              		.eabi_attribute 21, 1
   5              		.eabi_attribute 23, 3
   6              		.eabi_attribute 24, 1
   7              		.eabi_attribute 25, 1
   8              		.eabi_attribute 26, 1
   9              		.eabi_attribute 30, 4
  10              		.eabi_attribute 34, 0
  11              		.eabi_attribute 18, 4
  12              		.code	16
  13              		.file	"VSEL1_P1.c"
  14              		.text
  15              	.Ltext0:
  16              		.section	.gnu.lto_.profile.79016775,"",%progbits
  17 0000 789C6366 		.ascii	"x\234cf```a\200\000F\006uE\000\000\343\000Q"
  17      60606061 
  17      80004606 
  17      75450000 
  17      E30051
  18              		.text
  19              		.section	.gnu.lto_.jmpfuncs.79016775,"",%progbits
  20 0000 789C6366 		.ascii	"x\234cf\300\016d\2404\033\003##c=#\210`b``f``abdd\256"
  20      C00E64A0 
  20      341B0323 
  20      23633D23 
  20      88606260 
  21 001d AF6705CA 		.ascii	"\257g\005\312\001\000 \267\002>"
  21      010020B7 
  21      023E
  22              		.text
  23              		.section	.gnu.lto_.inline.79016775,"",%progbits
  24 0000 789C6366 		.ascii	"x\234cf\300\016f@i6\006\006\016vFF\006F\006\006f\216"
  24      C00E6640 
  24      69360606 
  24      0E764646 
  24      06460606 
  25 0016 03760C6C 		.ascii	"\003v\014l\013\344\231\030\230.\360\263\200$\031\031"
  25      0BE49918 
  25      982EF0B3 
  25      80241919 
  26 0026 3839D0E5 		.ascii	"89\320\345X\026\310\203\345\230\030\330X\031\031\230"
  26      5816C883 
  26      E59818D8 
  26      58191998 
  27 0036 D83EE841 		.ascii	"\330>\350A\304\201\200\031S\210\005d\002\023\310\004"
  27      C4818019 
  27      53880564 
  27      0213C804 
  28 0046 A0390C2C 		.ascii	"\2409\014,\2506\000\011\036\220\"V\006v6\240>\270$\010"
  28      A8360009 
  28      1E902256 
  28      067636A0 
  28      3EB82408 
  29 005a 0000BE90 		.ascii	"\000\000\276\220\017\254"
  29      0FAC
ARM GAS  C:\Users\victo\AppData\Local\Temp\ccPP14k6.s 			page 2


  30              		.text
  31              		.section	.gnu.lto_.pureconst.79016775,"",%progbits
  32 0000 789C6366 		.ascii	"x\234cf``\340e\200\0006\006)F)&)f)\026)V)\000\005\261"
  32      6060E065 
  32      80003606 
  32      29462926 
  32      29662916 
  33 001a 00C2     		.ascii	"\000\302"
  34              		.text
  35              		.section	.gnu.lto_VSEL1_P1_SetDriveMode.79016775,"",%progbits
  36 0000 789C7D51 		.ascii	"x\234}QM(DQ\030\375\316}o\336\220\374d9kL\"\245\330"
  36      4D284451 
  36      18FDCE7D 
  36      6FDE90FC 
  36      64396B4C 
  37 0017 2BC9C662 		.ascii	"+\311\306bj\312j\012\215W6L\211\265;?\013Y\015)$+i\374"
  37      6ACA6A0A 
  37      8D57364C 
  37      89B53B3F 
  37      0B590D29 
  38 002f FF8C8585 		.ascii	"\377\214\205\205\324d!\013\215X\370\231D1\302\216\010"
  38      D464210B 
  38      8D58F899 
  38      4431C28E 
  38      08
  39 0040 B3D0F37D 		.ascii	"\263\320\363}3\263Sn\335\357~\367t\316y\347}\327\240"
  39      33B3536E 
  39      DDEF7EF7 
  39      74CE79E7 
  39      7DD7A0
  40 0053 BFCBC37B 		.ascii	"\277\313\303{\037D\015|\302 \250x\232(\\\242\000i\010"
  40      1F440D7C 
  40      C220A878 
  40      9A285CA2 
  40      006908
  41 0066 34A63086 		.ascii	"4\2460\206\027\365\246\020O\255\315\226y\227\264\326"
  41      17F5A610 
  41      4FADCD96 
  41      7997B4D6 
  42 0076 AF91DD01 		.ascii	"\257\221\335\001=\335\233SD\357\252\340\203\004\274"
  42      3DDD9B53 
  42      44EFAAE0 
  42      8304BC
  43 0085 CC79CABD 		.ascii	"\314y\312\275$\312\015/\210\373\237\311\313sU\273\250"
  43      24CA0D2F 
  43      88FB9FC9 
  43      CB7355BB 
  43      A8
  44 0096 752495DE 		.ascii	"u$\225\336\324m\310\261\3512\014V\240\321\203z\0171"
  44      D46DC8B1 
  44      E9320C56 
  44      A0D1837A 
  44      0F31
  45 00a8 405841AD 		.ascii	"@XA\255\220\337b?\227eV\214\315\253\012\236X\205\305"
  45      90DF623F 
  45      9765568C 
  45      CDAB0A9E 
ARM GAS  C:\Users\victo\AppData\Local\Temp\ccPP14k6.s 			page 3


  45      5885C5
  46 00bb B968AB3A 		.ascii	"\271h\253:\245\035\347\375\344\354\271\016\245\2125"
  46      A51DE7FD 
  46      E4ECB90E 
  46      A58A35
  47 00ca CA906242 		.ascii	"\312\220bB\224.i-)n)DY\336\022\374\221/|\032\031\034"
  47      942E692D 
  47      296E2944 
  47      59DE12FC 
  47      912F7C1A 
  48 00e0 7E4E5CCC 		.ascii	"~N\\\314Y\342\366\245\344/\222\327\367\365\317*\247"
  48      59E2F6A5 
  48      E42F92D7 
  48      F7F5CF2A 
  48      A7
  49 00f1 8CF1485C 		.ascii	"\214\361H\\\233\362\351\273\354\351YI\036\"\271\356"
  49      9BF2E9BB 
  49      ECE95949 
  49      1E22B9EE 
  50 0101 240FD215 		.ascii	"$\017\322\025\013\230\017\3078\261\2115x\260\016\036"
  50      0B980FC7 
  50      38B18935 
  50      78B00E1E 
  51 0111 1336B000 		.ascii	"\0236\260\000\312 \372]t3\012\206\341\363\350\034D\256"
  51      CA20FA5D 
  51      74330A86 
  51      E1F3E81C 
  51      44AE
  52 0123 9C07C7A9 		.ascii	"\234\007\307\251$l2;\203\310\255\273@s})Sd7E\231@,\273"
  52      246C323B 
  52      83C8ADBB 
  52      40737D29 
  52      53643745 
  53 013b 3A9E6915 		.ascii	":\236i\025\225\253\224\260\225WD?\212\014w\336\333b"
  53      95AB94B0 
  53      9557443F 
  53      8A0C77DE 
  53      DB62
  54 014d E8700A02 		.ascii	"\350p\012\002\375\227j\233S\261\204n\021N\355\035)\241"
  54      FD976A9B 
  54      53B1846E 
  54      114EED1D 
  54      29A1
  55 015f CB7B6479 		.ascii	"\313{dy\266<\000\036GMS\240\323\036\262\207\373F\354"
  55      B63C001E 
  55      474D53A0 
  55      D31EB287 
  55      FB46EC
  56 0172 FE1E7F68 		.ascii	"\376\036\177ht8h\007|\376P{K\240\333\337\321\325\334"
  56      74386807 
  56      7CFE507B 
  56      4BA0DBDF 
  56      D1D5DC
  57 0185 E36B6E0A 		.ascii	"\343kn\012\2229\030\352\267\177\001\317\020\245\207"
  57      923918EA 
  57      B77F01CF 
  57      10A587
ARM GAS  C:\Users\victo\AppData\Local\Temp\ccPP14k6.s 			page 4


  58              		.text
  59              		.section	.gnu.lto_VSEL1_P1_Write.79016775,"",%progbits
  60 0000 789C6552 		.ascii	"x\234eRMh\023A\030\2357\223\315n\010E\221\036J.\036"
  60      4D681341 
  60      189D3793 
  60      CD6E0845 
  60      911E4A2E 
  61 0015 6A098216 		.ascii	"j\011\202\026*\336\274\010\"\275x(\004r\012\226\320"
  61      2ADEBC08 
  61      22BD7828 
  61      04720A96 
  61      D0
  62 0026 EE412816 		.ascii	"\356A(\026\202\355\265\223\030[\361PR\221\022\220F\252"
  62      82EDB593 
  62      185BF150 
  62      52911290 
  62      46AA
  63 0038 95AAD1B4 		.ascii	"\225\252\321\264\032z\352e)\350A\261\222K\255%\304\226"
  63      1A7AEA65 
  63      29E841B1 
  63      924BAD25 
  63      C496
  64 004a 46B0E0C1 		.ascii	"F\260\340\3016\2455\007\215\337\267s18\354\374\354\333"
  64      36A53507 
  64      8DDFB773 
  64      3138ECFC 
  64      ECDB
  65 005c F7DEBCF9 		.ascii	"\367\336\274\371f\225\370\277E\250\337\220B\\\240\031"
  65      6695F8BF 
  65      45A8DF90 
  65      425CA019 
  66 006c 4A40E6D6 		.ascii	"J@\346\326\205H;\022\340\205\200\230\220\230\300\236"
  66      85483B12 
  66      E0858098 
  66      9098C09E 
  67 007c DC97C879 		.ascii	"\334\227\310y\305|8\372Tk\375\363`\265\353NW\223d\015"
  67      C57C38FA 
  67      546BFDF3 
  67      60B5EB4E 
  67      5793640D 
  68 0090 696CB088 		.ascii	"il\260\210(Q\032E\375@\251(\004\255\227+\037\377\330"
  68      28511A45 
  68      FD40A928 
  68      04AD972B 
  68      1FFFD8
  69 00a3 3D4FB4CE 		.ascii	"=O\264\316x\253%}\031M\362|\006E\012\234\213\340lD\020"
  69      78AB257D 
  69      194DF27C 
  69      06450A9C 
  69      8BE06C44 
  70 00b8 20F01C3D 		.ascii	" \360\034=L>\230-\036Iu\336\027\356<\336}dw\317\223"
  70      4C3E982D 
  70      1E4975DE 
  70      17EE3CDE 
  70      7D6477CF 
  71 00cd 707B6FF7 		.ascii	"p{o\367]X\347uv\273\325:\315\372\027\377\352M#\301~"
  71      5D58E775 
ARM GAS  C:\Users\victo\AppData\Local\Temp\ccPP14k6.s 			page 5


  71      76BBD53A 
  71      CDFA17FF 
  71      EA4D23C1 
  72 00e2 F6F7E770 		.ascii	"\366\367\347p0K\301N\242\210n\023\012/\021\004M\214"
  72      304BC14E 
  72      A2886E13 
  72      0A2F1104 
  72      4D8C
  73 00f4 2C9DF274 		.ascii	",\235\362t\253U>\234\271{\011aI\033KE\203\012\010\376"
  73      AB553E9C 
  73      B97B0961 
  73      491B4B45 
  73      830A08FE 
  74 0108 68814304 		.ascii	"h\201C\004\031\260yp|4\304,!\352\324\271\020\337\350"
  74      19B07970 
  74      7C34C42C 
  74      21EAD4B9 
  74      10DFE8
  75 011b 8566B585 		.ascii	"\205f\265\205\265\243{\353\205qv?\226\\\225\205\351"
  75      B5A37BEB 
  75      8571763F 
  75      965C9585 
  75      E9
  76 012c FC87D077 		.ascii	"\374\207\320w\331\224\001\235\311\351\000\347\371Z\377"
  76      D994019D 
  76      C9E900E7 
  76      F95AFF
  77 013b 54717CC8 		.ascii	"Tq|\310\217\367v\361}\271c\016\017\323Y\252\201\205"
  77      8FF776F1 
  77      7DB9630E 
  77      0FD359AA 
  77      8185
  78 014d 5788A004 		.ascii	"W\210\240\004\212\217%\314Al!\2639U\225\306P\221'!\267"
  78      8A8F25CC 
  78      416C21B3 
  78      395595C6 
  78      50912721 
  79 0162 7F4D5661 		.ascii	"\177MVa\220\000\201\344Q\311\257\254\204\331R\035S\321"
  79      900081E4 
  79      51C9AFAC 
  79      84D9521D 
  79      53D1
  80 0174 9649BE01 		.ascii	"\226I\276\001_\303Y\211\305\242\352\344F\341\272Q\321"
  80      5FC35989 
  80      C5A2EAE4 
  80      46E1BA51 
  80      D1
  81 0185 63916ABA 		.ascii	"c\221j\272\264\3208\341\253\350f_\223\250\315\332&\036"
  81      B4D038E1 
  81      ABE8665F 
  81      93A8CDDA 
  81      261E
  82 0197 9136E77F 		.ascii	"\2216\347\177\314v0\011t\3627\206t\0304\024\307\017"
  82      CC763009 
  82      74F23786 
  82      74183414 
  82      C70F
ARM GAS  C:\Users\victo\AppData\Local\Temp\ccPP14k6.s 			page 6


  83 01a9 60B76FE6 		.ascii	"`\267o\346p\346\332T\255\0207\244\220\201\326\356\357"
  83      70E6DA54 
  83      AD1037A4 
  83      9081D6EE 
  83      EF
  84 01ba 7432D076 		.ascii	"t2\320v\342\264g\265\237\271Lg&\211\250!\355}\351g>"
  84      E2B467B5 
  84      9FB94C67 
  84      2689A821 
  84      ED7DE967 
  85 01cf 5F629D7E 		.ascii	"_b\235~\005*/\025\373Lo\242\337\275\351\246\222\267"
  85      052A2F15 
  85      FB4C6FA2 
  85      DFBDE9A6 
  85      92B7
  86 01e1 DCE1C1D8 		.ascii	"\334\341\301\330\350Xj\310M\014\304F\257\\L\304cW\257"
  86      E8586AC8 
  86      4D0CC446 
  86      AF5C4CC4 
  86      6357AF
  87 01f4 F50D0EF4 		.ascii	"\365\015\016\364\365\016\011k<92\346Z\303\251xr\344"
  87      F50E096B 
  87      3C3932E6 
  87      5AC3A978 
  87      72E4
  88 0206 2F373BDF 		.ascii	"/7;\337\306"
  88      C6
  89              		.text
  90              		.section	.gnu.lto_VSEL1_P1_Read.79016775,"",%progbits
  91 0000 789C654E 		.ascii	"x\234eN\317K\002a\024|\363v]\004\011\242Sx.%0A\350?"
  91      CF4B0261 
  91      147CF376 
  91      5D0409A2 
  91      53782E25 
  92 0018 88E8D241 		.ascii	"\210\350\322A\020:\204 a{M\220:\273n\253A'\011\354\022"
  92      103A8420 
  92      617B4D90 
  92      3ABB6EAB 
  92      412709EC 
  93 002d DE8AB284 		.ascii	"\336\212\262\204\316\335\242\263\024a\030Hl\207\014"
  93      CEDDA2B3 
  93      14611848 
  93      6C870C
  94 003c 0C2212A1 		.ascii	"\014\"\022\241\332\240\354}n\267>\370\336\217y\303\314"
  94      DAA0EC7D 
  94      6EB73EF8 
  94      DE8F79C3 
  94      CC
  95 004d 68F4FF85 		.ascii	"h\364\377\205\345\317\202(\"\035\032\201+WD\305 \003"
  95      E5CF8228 
  95      221D1A81 
  95      2B5744C5 
  95      2003
  96 005f 6A205081 		.ascii	"j P\201Q\3003\367\031\315\363\237\026\242\207\226e\277"
  96      51C033F7 
  96      19CDF39F 
  96      16A28796 
ARM GAS  C:\Users\victo\AppData\Local\Temp\ccPP14k6.s 			page 7


  96      65BF
  97 0071 D9ADFB50 		.ascii	"\331\255\373Pi\322c\242\001\023ba\314(\035\034!JB\354"
  97      69D263A2 
  97      01136261 
  97      CC281D1C 
  97      214A42EC 
  98 0085 3BDF7721 		.ascii	";\337w!\303\261,k\\\335\345p\014C<\350l\342\302\032"
  98      C3B12C6B 
  98      5CDDE570 
  98      0C433CE8 
  98      6CE2C21A 
  99 0099 0E07CDDD 		.ascii	"\016\007\315\335^\204\015&\217\305Q\212\256J\200\224"
  99      5E840D26 
  99      8FC5518A 
  99      AE4A8094 
 100 00a9 1C75A528 		.ascii	"\034u\245(\347'f\325\265\016.\337w\332\365\025%\361"
 100      E72766D5 
 100      B50E2EDF 
 100      77DAF515 
 100      25F1
 101 00bb C12A46E9 		.ascii	"\301*F\351\345\361u\254\307\036\263cW,]\031>t\257o\202"
 101      E5F175AC 
 101      C71EB363 
 101      572C5D19 
 101      3E74AF6F 
 102 00d0 2388D45A 		.ascii	"#\210\324Zm\177\271\\\303~\321\201\307\032\352\010\343"
 102      6D7FB95C 
 102      C37ED181 
 102      C71AEA08 
 102      E3
 103 00e1 041210A7 		.ascii	"\004\022\020\247\250\201:\330\372,7u_P\3635\017\252"
 103      A8813AD8 
 103      FA2C3775 
 103      5F50F335 
 103      0FAA
 104 00f3 7B8D8012 		.ascii	"{\215\200\022@\220\320\020\256\220\334\362\255\341\223"
 104      4090D010 
 104      AE90DCF2 
 104      ADE193
 105 0102 74E1615A 		.ascii	"t\341aZ\201\266\273\035\363\261\200\300\344\002\177"
 105      81B6BB1D 
 105      F3B180C0 
 105      E4027F
 106 0111 DB283954 		.ascii	"\333(9Tb\2110\025O/\232\353f~u\303\\\313\244r\233\371"
 106      62893015 
 106      4F2F9AEB 
 106      667E75C3 
 106      5CCBA472 
 107 0127 AC994EA6 		.ascii	"\254\231N\246r\363s\351\345\324\302R\"\223L\304\263"
 107      72F373E9 
 107      E5D4C252 
 107      22934CC4 
 107      B3
 108 0138 F40B9F98 		.ascii	"\364\013\237\230tg"
 108      7467
 109              		.text
 110              		.section	.gnu.lto_VSEL1_P1_ReadDataReg.79016775,"",%progbits
ARM GAS  C:\Users\victo\AppData\Local\Temp\ccPP14k6.s 			page 8


 111 0000 789C654E 		.ascii	"x\234eN\277KBa\024\275\347\276\347\303\220 \232\302"
 111      BF4B4261 
 111      14BDE7BE 
 111      E7C39020 
 111      9AC2
 112 0012 B992C004 		.ascii	"\271\222\300\004\251\377 \242\245A\020\032B\220\260"
 112      A9FF20A2 
 112      A541101A 
 112      4290B0
 113 0021 B72648CD 		.ascii	"\267&H\315~\232\0314\204\004E\020n\206\375\020\032\232"
 113      7E9A1934 
 113      84044510 
 113      6E86FD10 
 113      1A9A
 114 0033 DA426829 		.ascii	"\332Bh))\242 \222\260\305\302\266D\260\336P\366]u\353"
 114      29A22092 
 114      B0C5C2B6 
 114      44B0DE50 
 114      F65D75EB 
 115 0047 83EFFE38 		.ascii	"\203\357\3768\367p\3161\350\377\363\352?\011\242q\335"
 115      F770CE31 
 115      E8FFF3EA 
 115      3F09A271 
 115      DD
 116 0058 61103877 		.ascii	"a\0208wK\224r3 \003\201\222\214$>\270\311\250\\\374"
 116      4B947233 
 116      20038192 
 116      8C243EB8 
 116      C9A85CFC 
 117 006c 3EC077A8 		.ascii	">\300w\250T\372\263\374\374\342\331\030q\230\250\305"
 117      54FAB3FC 
 117      FCE2D918 
 117      7198A8C5 
 118 007c 04BF1713 		.ascii	"\004\277\027\023\242\203\"|\244\211\315\314\317\223"
 118      A283227C 
 118      A489CDCC 
 118      CF93
 119 008a C7CA28A5 		.ascii	"\307\312(\245\206\344\256\017G\260\264\007\235\015_"
 119      86E4AE0F 
 119      47B0B407 
 119      9D0D5F
 120 0099 AA4EA7F5 		.ascii	"\252N\247\365\276\323\230b\213\311a\355\250\213)\305"
 120      BED39862 
 120      8BC961ED 
 120      A88B29C5 
 121 00a9 45224775 		.ascii	"E\"Gu]\304\371\215Y\272QE\271\275\325.-\212\304\027"
 121      5DC4F98D 
 121      59BA5145 
 121      B9BDD52E 
 121      2D8AC417 
 122 00bd 4B8CC2F6 		.ascii	"K\214\302\366\376\315@\203\035f\225\316)S\014_\353w"
 122      FECD4083 
 122      1D6695CE 
 122      29530C5F 
 122      EB77
 123 00cf F7EE2E44 		.ascii	"\367\356.D\262^\025\257\317\007\3638He\340\260\201c"
 123      B25E15AF 
ARM GAS  C:\Users\victo\AppData\Local\Temp\ccPP14k6.s 			page 9


 123      CF07F338 
 123      4865E0B0 
 123      8163
 124 00e1 7871021D 		.ascii	"xq\002\035\020\247\310\203\252X\377\316V\314\236\240"
 124      10A7C883 
 124      AA58FFCE 
 124      56CC9EA0 
 125 00f1 D1D7DCDD 		.ascii	"\321\327\334\335+\271D\000nBIs5\251\226}\264z$S\363"
 125      2BB94400 
 125      6E424973 
 125      35A9967D 
 125      B47A2453 
 126 0106 302660BA 		.ascii	"0&`\272\266\351\357a.\015S\015\350o\335\344\220\304"
 126      B6E9EF61 
 126      2E0D530D 
 126      E86FDDE4 
 126      90C4
 127 0118 3AC26820 		.ascii	":\302h 2g\257\330\211\245U{9\032\216\257%bv$\024\216"
 127      3267AFD8 
 127      89A5557B 
 127      391A8EAF 
 127      25627624 
 128 012e CF4C4716 		.ascii	"\317LG\026\302\263\363\301h(\030\210\321\037\177Ts\363"
 128      C2B3F3C1 
 128      68281888 
 128      D11F7F54 
 128      73F3
 129              		.text
 130              		.section	.gnu.lto_VSEL1_P1_SetInterruptMode.79016775,"",%progbits
 131 0000 789C6D91 		.ascii	"x\234m\221Mh\023Q\020\307\337\274\267_i\"\024\017Rr"
 131      4D681351 
 131      10C7DFBC 
 131      B75F6922 
 131      140F5272 
 132 0014 51A82107 		.ascii	"Q\250!\007\241X\320\233\007\241\210\027\221@\300S\240"
 132      A158D09B 
 132      07A18817 
 132      9140C053 
 132      A0
 133 0025 48BB4A0E 		.ascii	"H\273J\016f%\306\223\207n\322\230\202x\010\265h\261"
 133      6625C693 
 133      876ED298 
 133      827808B5 
 133      68B1
 134 0037 14292A6D 		.ascii	"\024)*m\215\266\251U\321\234\226(\030\360\243\012\245"
 134      8DB6A955 
 134      D19C9628 
 134      18F0A30A 
 134      A5
 135 0048 850AB1B6 		.ascii	"\205\012\261\266I\265\240`L4\211(qf\267\036\212.\354"
 135      49B5A060 
 135      4C348928 
 135      7166B71E 
 135      8A2EEC
 136 005b 7B6F7ECC 		.ascii	"{o~\314\374\337\177\346\011\366\357\347\305\377\026"
 136      FCDF7FE6 
 136      09F6EFE7 
ARM GAS  C:\Users\victo\AppData\Local\Temp\ccPP14k6.s 			page 10


 136      C5FF16
 137 006a 67EC10EE 		.ascii	"g\354\020\356 \030\360\364k\306\342\032\007\240\003"
 137      2018F0F4 
 137      6BC6E21A 
 137      07A003
 138 0079 0336C061 		.ascii	"\0036\300a\0006y\205C\332\312\214\272\375\267M\323\374"
 138      00367985 
 138      43DACA8C 
 138      BAFDB74D 
 138      D3FC
 139 008b FAADDA71 		.ascii	"\372\255\332q\261\243\211eU\356\310\300$\3701\245\374"
 139      B1A38965 
 139      55EEC8C0 
 139      24F831A5 
 139      FC
 140 009c 78E282F0 		.ascii	"x\342\202\360\003\303\343\213\265F\325\363\21179\264"
 140      03C3E38B 
 140      B546D5F3 
 140      893739B4 
 141 00ac 53787DB9 		.ascii	"Sx}\271\\\023\024rNa\346\331HV\365\3354\315\204\265"
 141      5C131472 
 141      4E61E6D9 
 141      4856F5DD 
 141      34CD84B5 
 142 00c0 90350F23 		.ascii	"\2205\017#\0270\005\002\345`\032\274p\007\274\014\021"
 142      17300502 
 142      E5601ABC 
 142      7007BC0C 
 142      11
 143 00d1 830CF830 		.ascii	"\203\014\3700\373cssr\207\330o\353\256\305o|w;\225\215"
 143      FB637373 
 143      7287D86F 
 143      EBAEC56F 
 143      7C773B95 
 144 00e6 BF9577FF 		.ascii	"\277\225w\377Sy\017|\224\376\346\351\310\272,\016\332"
 144      53790F7C 
 144      94FEE6E9 
 144      C8BA2C0E 
 144      DA
 145 00f7 A54F666A 		.ascii	"\245Ofj\257\334\266\245=\024\346\206\013\243\212mI\242"
 145      AFDCB6A5 
 145      3D14E686 
 145      0BA38A6D 
 145      49A2
 146 0109 F0CBD5FC 		.ascii	"\360\313\325\374\030\357\234@\341\325\351\241\347\036"
 146      18EF9C40 
 146      E1D5E9A1 
 146      E71E
 147 0117 B3602657 		.ascii	"\263`&W[\255\335M.\301\214\243?\213\372Y\360nM\016K"
 147      5BADDD4D 
 147      2EC18CA3 
 147      3F8BFA59 
 147      F06E4D0E 
 148 012c 2AC9DFCB 		.ascii	"*\311\337\313n%\211\023i\2079\350t\246\001\367A\001"
 148      6E258913 
 148      698739E8 
 148      74A601F7 
ARM GAS  C:\Users\victo\AppData\Local\Temp\ccPP14k6.s 			page 11


 148      4101
 149 013e DC88CCEE 		.ascii	"\334\210\314\356\264\314Vk~\361\312\324>\341\341hL\026"
 149      B4CC566B 
 149      7EF1CAD4 
 149      3EE1E168 
 149      4C16
 150 0150 403D4974 		.ascii	"@=It\224iQ\030\345\251@~5\004\212\213h\033-\214\225"
 150      94695118 
 150      E5A9407E 
 150      35048A8B 
 150      681B2D8C 
 151 0165 508F9EA1 		.ascii	"P\217\236\241\214C\303]\254@\376\307\245b.@W\3249\275"
 151      8C43C35D 
 151      AC40FEC7 
 151      A5622E40 
 151      57D439BD 
 152 0179 C95C79E3 		.ascii	"\311\\y\343\245=V\365r\"m\332}\274/-\274\325ld{,\254"
 152      A53D56F5 
 152      72226DDA 
 152      7DBC2F2D 
 152      BCD56C64 
 153 0190 5FAB78C6 		.ascii	"_\253x\306a,\236\204&\327`\036{x@=\300C\030\007\266"
 153      612C9E84 
 153      26D7601E 
 153      7B78403D 
 153      C0431807 
 154 01a5 0289E250 		.ascii	"\002\211\342PIv\004\245:\016\016\311\317\324\242\344"
 154      497604A5 
 154      3A0E0EC9 
 154      CFD4A2E4 
 155 01b5 10192192 		.ascii	"\020\031!\222\301F\35238\204\356E\316\226\200\333\215"
 155      C146EA33 
 155      3884EE45 
 155      CE9680DB 
 155      8D
 156 01c6 A279844E 		.ascii	"\242y\204N\316Fni+KC\245:\032 y\325A.\244\224VK\375"
 156      CE466E69 
 156      2B4B43A5 
 156      3A1A2079 
 156      D5412EA4 
 157 01de 120E69B3 		.ascii	"\022\016i\263\325\\\010\363\303\037v\021\333f7n\311"
 157      D55C08F3 
 157      C31F7611 
 157      DB66376E 
 157      C9
 158 01ef DB0D3F42 		.ascii	"\333\015?B\303X\305\212\020\267\336\035\247|z\206\022"
 158      C358C58A 
 158      10B7DE1D 
 158      A77C7A86 
 158      12
 159 0200 079A0D4E 		.ascii	"\007\232\015NjoW\350\250\036\321\243'cz\177o\3208\037"
 159      6A6F57E8 
 159      A81ED1A3 
 159      27637A7F 
 159      6FD0381F 
 160 0214 EDD34381 		.ascii	"\355\323C\201\240\321s t\"x\344Xwo\240\273\253\217i"
 160      A0D17320 
ARM GAS  C:\Users\victo\AppData\Local\Temp\ccPP14k6.s 			page 12


 160      742278E4 
 160      58776FA0 
 160      BBAB8F69 
 161 0228 678D73E1 		.ascii	"g\215s\341X\330\210Hg\214~]\015Gb\321\236S\247\377\000"
 161      58D88848 
 161      678C7E5D 
 161      0D4762D1 
 161      9E53A7FF 
 162 023d 4D18FE7B 		.ascii	"M\030\376{"
 163              		.text
 164              		.section	.gnu.lto_VSEL1_P1_ClearInterrupt.79016775,"",%progbits
 165 0000 789C6590 		.ascii	"x\234e\220OHTQ\024\306\317w\336\374y4.\302\225\314\246"
 165      4F485451 
 165      14C6CF77 
 165      DEFC7934 
 165      2EC295CC 
 166 0015 85C51084 		.ascii	"\205\305\020\204 \265j+\341\246\305\300\200\253\001"
 166      20B56A2B 
 166      E1A6C5C0 
 166      80AB01
 167 0024 19C6B78A 		.ascii	"\031\306\267\212\024t\334:w\306\311\301\332\014\212"
 167      1474DC3A 
 167      77C6C9C1 
 167      DA0C8A
 168 0033 21868BA0 		.ascii	"!\206\213\240\310l\312u\013C\206pc\024C\224\2422\015"
 168      C86CCA75 
 168      0B438670 
 168      63144394 
 168      A2320D
 169 0046 A4A41B51 		.ascii	"\244\244\033Q\204\321\207\346\353\234\367Z$]x\367\317"
 169      84D187E6 
 169      EB9CF75A 
 169      245D78F7 
 169      CF
 170 0057 F7EEF73B 		.ascii	"\367\356\367;\337=\026\375?\342\362\255\201\350\266"
 170      DF3D16FD 
 170      3FE2F2AD 
 170      81E8B6
 171 0066 ACB0085C 		.ascii	"\254\260\010\\\371LT\260\031\320\015\201\362\214<\366"
 171      F94C54B0 
 171      19D00D81 
 171      F28C3CF6 
 172 0076 F988F1E9 		.ascii	"\371\210\361\351\375\305W$^\032S<\254\235m\307\036u"
 172      FDC55724 
 172      5E1A533C 
 172      AC9D6DC7 
 172      1E75
 173 0088 B84C74CC 		.ascii	"\270Lt\314\204[q\334T\016^!Arq\346\347\344\001\254\004"
 173      845B71DC 
 173      540E5E21 
 173      417271E6 
 173      E7E401AC 
 174 009d 74DFF29E 		.ascii	"t\337\362\236,\332\235\317\305\324l\224Wcf\326\224\232"
 174      2CDA9DCF 
 174      C5D46C94 
 174      576366D6 
 174      949A
ARM GAS  C:\Users\victo\AppData\Local\Temp\ccPP14k6.s 			page 13


 175 00af 9E774DAC 		.ascii	"\236wM\254X\200\365\257[\207\030\216J\277\327c\221\222"
 175      5880F5AF 
 175      5B87188E 
 175      4ABFD763 
 175      9192
 176 00c1 31E62A5E 		.ascii	"1\346*^\243S\013\010y\021\021\011\011U\226\332W\214"
 176      A3530B08 
 176      79111109 
 176      095596DA 
 176      578C
 177 00d3 E71D1F4C 		.ascii	"\347\035\037L/\334\265l&\227%\266\313\034\"\375\031"
 177      2FDCB56C 
 177      269725B6 
 177      CB1C22FD 
 177      19
 178 00e4 D6739434 		.ascii	"\326s\2244\031\355\310\244\217\330e\326\325\332D\255"
 178      19EDC8A4 
 178      8FD865D6 
 178      D5DA44AD 
 179 00f4 F5B8B53C 		.ascii	"\365\270\265<\246\260\023\326\027}\253\377\252G\366"
 179      A6B013D6 
 179      177DABFF 
 179      AA47F6
 180 0103 D865AB52 		.ascii	"\330e\253R\254\230\220\226\377\261\363\245n\373\222"
 180      AC989096 
 180      FFB1F3A5 
 180      6EFB92
 181 0112 9F666BEE 		.ascii	"\237fk\356d7<\217g\205\022\\\016\341\015\342\250B\322"
 181      64373C8F 
 181      6785125C 
 181      0EE10DE2 
 181      A842D2
 182 0125 E22DE641 		.ascii	"\342-\346A\233(n\224\3179\000Z\302\024e\374t\342#\002"
 182      9B286E94 
 182      CF39005A 
 182      C21465FC 
 182      74E22302 
 183 0139 2524A230 		.ascii	"%$\2420^\314<\255\206\025\3116\341\235\270\277\303\267"
 183      5ECC3CAD 
 183      8615C936 
 183      E19DB8BF 
 183      C3B7
 184 014b 685EB9A4 		.ascii	"h^\271\244\224F\371b\271/0\205\003\2516\345C.E(\254"
 184      9446F962 
 184      B92F3085 
 184      03A936E5 
 184      432E4528 
 185 0160 F0E5104B 		.ascii	"\360\345\020K\022B\034Z\2651\261\372\341J@\210\012\001"
 185      12421C5A 
 185      B531B1FA 
 185      E14A4088 
 185      0A01
 186 0172 37E2D4C0 		.ascii	"7\342\324\300\337\034Q\277\031\320&HK\256w\245{\235"
 186      DF1C51BF 
 186      19D02648 
 186      4BAE77A5 
 186      7B9D
ARM GAS  C:\Users\victo\AppData\Local\Temp\ccPP14k6.s 			page 14


 187 0184 41673893 		.ascii	"Ag8\223s\006\372SC\243\303Y'\235L\015\365\334I\367\245"
 187      7306FA53 
 187      43A3C359 
 187      279D4C0D 
 187      F5DC49F7 
 188 0199 EEDDEFEE 		.ascii	"\356\335\357\356Ovwe\251\355af\344\2013\220\312er\243"
 188      4F767765 
 188      A9ED6166 
 188      E4813390 
 188      CA6572A3 
 189 01ad 237F0056 		.ascii	"#\177\000V\024\2577"
 189      14AF37
 190              		.text
 191              		.section	.gnu.lto_.symbol_nodes.79016775,"",%progbits
 192 0000 789C55C7 		.ascii	"x\234U\307;\015\000 \020D\301w\037\022tbd-\240\200\240"
 192      3B0D0020 
 192      1044C177 
 192      1F127462 
 192      642DA080 
 193 0015 084D3414 		.ascii	"\010M4\024\334t\023\300\340q\004\363\200\304\332\035"
 193      DC7413C0 
 193      E07104F3 
 193      80C4DA1D 
 194 0025 3759B9CB 		.ascii	"7Y\271\313\313CQ\236\312\362\246\366\237\013\351b\031"
 194      CB43519E 
 194      CAF2A6F6 
 194      9F0BE962 
 194      19
 195 0036 56       		.ascii	"V"
 196              		.text
 197              		.section	.gnu.lto_.refs.79016775,"",%progbits
 198 0000 789C6366 		.ascii	"x\234cf```d\200\002\000\000=\000\005"
 198      60606064 
 198      80020000 
 198      3D0005
 199              		.text
 200              		.section	.gnu.lto_.decls.79016775,"",%progbits
 201 0000 789C8D54 		.ascii	"x\234\215TmL[U\030>\357=\267\205^*\354\207\202\022\023"
 201      6D4C5B55 
 201      183EEF3D 
 201      B7855E2A 
 201      EC878212 
 202 0015 4B344413 		.ascii	"K4D\023B\3020\306\177\376`fj\3244#\352\217\221\220\006"
 202      42C230C6 
 202      7FFE6066 
 202      6AD43423 
 202      EA8F9190 
 203 002a 6E268981 		.ascii	"n&\211\201\245\026\223\37509\243\031\253c1\025Y\306"
 203      A51693FD 
 203      3039A319 
 203      AB633115 
 203      59C6
 204 003c 70D2AA8C 		.ascii	"p\322\252\214}OF;X\001Y\371\2300\001\2058\267\261-\201"
 204      7D4F463B 
 204      580159F9 
 204      98300185 
 204      38B7B12D 
ARM GAS  C:\Users\victo\AppData\Local\Temp\ccPP14k6.s 			page 15


 205 0051 7DE04CA6 		.ascii	"}\340L\246\0167\022\231[\270\276\347\334\217^\\\227"
 205      0E371299 
 205      5BB8BEE7 
 205      DC8F5E5C 
 205      97
 206 0062 7992B7ED 		.ascii	"y\222\267\355\373\336\367y\336\217\347\334RB\310^ D"
 206      FBDEF779 
 206      DE8FE7DC 
 206      5242C85E 
 206      2044
 207 0074 C3B32213 		.ascii	"\303\263\"\023\262\200~\006\232\227\244\216\023\255"
 207      B2807E06 
 207      9A97A48E 
 207      13AD
 208 0082 1B2D8ED6 		.ascii	"\033-\216\326\213\226@\033A;M\036<\335F>\307\037E+@"
 208      8B96401B 
 208      413B4D1E 
 208      3CDD463E 
 208      C71F452B 
 209 0097 9B419B46 		.ascii	"\233A\233F{\303\310\001#\357\277'\236\006\233k\303\233"
 209      7BC3C801 
 209      23EFBF27 
 209      9E069B6B 
 209      C39B
 210 00a9 D8781A2C 		.ascii	"\330x\032,\357KNS\323\304\364\246\301$\036\201I\244"
 210      EF4B4E53 
 210      D3C4F4A6 
 210      C1241E81 
 210      49A4
 211 00bb C1F0B95D 		.ascii	"\301\360\271]F\217\331hn\264A\264)\203\303\223\206g"
 211      468FD968 
 211      6EB441B4 
 211      2983C393 
 211      8667
 212 00cd 240D0FDF 		.ascii	"$\015\017\337\235\343\021s\246\333\357_\022L\\]\276"
 212      9DE31173 
 212      A6DBEF5F 
 212      124C5C5D 
 212      BE
 213 00de E3FE4D82 		.ascii	"\343\376M\202le\015w\333\316/,Qt\335\212\304\335s\247"
 213      6C650D77 
 213      DBCE2F2C 
 213      5174DD8A 
 213      C4DD73A7 
 214 00f2 B66FCFA4 		.ascii	"\266o\317\244\022\360\337\337\264^9\253\024\035b\214"
 214      12F0DFDF 
 214      B45E39AB 
 214      141D628C 
 215 0102 85583209 		.ascii	"\205X2\011)\212\255\235\375;3\020\223\253\010\367\323"
 215      298AAD9D 
 215      FD3B3310 
 215      93AB08F7 
 215      D3
 216 0113 89B6212A 		.ascii	"\211\266!*\\\215\343\244\331\331\226\273\024\224\302"
 216      5C8DE3A4 
 216      D9D996BB 
 216      1494C2
ARM GAS  C:\Users\victo\AppData\Local\Temp\ccPP14k6.s 			page 16


 217 0122 10630D6C 		.ascii	"\020c\015l\261\231\321'\011\024\345\303\013\371\004"
 217      B199D127 
 217      0914E5C3 
 217      0BF904
 218 0131 8E4121A6 		.ascii	"\216A!\246\301!(\"p\030\362\341\010\344\223\016,\260"
 218      C1212822 
 218      7018F2E1 
 218      08E4930E 
 218      2CB0
 219 0143 1859BCF8 		.ascii	"\030Y\274\3704c2\034\005\005\016\002\025\0318\006\257"
 219      3463321C 
 219      05050E02 
 219      15193806 
 219      AF
 220 0154 60140D6F 		.ascii	"`\024\015o\033\012\313\262\204A\236\263Q\346\261\311"
 220      1B0ACBB2 
 220      84419EB3 
 220      51E6B1C9 
 221 0164 DD7B87B3 		.ascii	"\335{\207\263\362v1~\202l\215\004\336\\\330\217\264"
 221      F276317E 
 221      826C8D04 
 221      DE5CD88F 
 221      B4
 222 0175 07909640 		.ascii	"\007\220\226@\027\344\341\347\267 \353\004\235M\313"
 222      17E4E1E7 
 222      B720EB04 
 222      9D4DCB
 223 0184 9780968A 		.ascii	"\227\200\226\212\321v|u\377s\267\247\235E\273\026\367"
 223      D1767C75 
 223      FF73B7A7 
 223      9D45BB16 
 223      F7
 224 0195 047FF57E 		.ascii	"\004\177\365~\026d-l^\323\236\021 8n5@\370o}\243\335"
 224      16642D6C 
 224      5ED39E11 
 224      20386E35 
 224      40F86F7D 
 225 01ab E0E13BB9 		.ascii	"\340\341;\271ug%\223\326\012\222\370?\327\302\262 \231"
 225      75672593 
 225      D60A92F8 
 225      3FD7C2B2 
 225      2099
 226 01bd 9F1B5193 		.ascii	"\237\033Q\223\015\354\276\246Q\235!fc\210\231\014q\301"
 226      0DECBEA6 
 226      519D2166 
 226      6388990C 
 226      71C1
 227 01cf 3075F84C 		.ascii	"0u\370L#\330{\346\343\244\232>!\232\336h\364\274\362"
 227      23D87BE6 
 227      E3A49A3E 
 227      219ADE68 
 227      F4BCF2
 228 01e2 757F54A1 		.ascii	"u\177T\241\037\213r\241\310Xc\216^\256u!U\016\001\320"
 228      1F8B72A1 
 228      C858638E 
 228      5EAE7521 
 228      550E01D0 
ARM GAS  C:\Users\victo\AppData\Local\Temp\ccPP14k6.s 			page 17


 229 01f6 632BD763 		.ascii	"c+\327c\226\353\025\345F\373\332\243\2246\201\2408\333"
 229      96EB15E5 
 229      46FBDAA3 
 229      943681A0 
 229      38DB
 230 0208 782E9225 		.ascii	"x.\222%(\242\223\373\234\007XR\323^\021\004'm\004'M"
 230      28A293FB 
 230      9C075852 
 230      D35E1104 
 230      276D0427 
 231 021d 828420F8 		.ascii	"\202\204 \370\362\366\237\003.\032\325\011L\345=\272"
 231      F2F69F03 
 231      2E1AD509 
 231      4CE53DBA 
 232 022d F2BB6F2E 		.ascii	"\362\273o.\3073\205\313[A\351;\247\377n\313\206BE\327"
 232      C73385CB 
 232      5B41E93B 
 232      A7FF6ECB 
 232      864245D7 
 233 0241 F4B6AEE9 		.ascii	"\364\266\256\351 \016\330\227\322\324ch*\256\007\256"
 233      200ED897 
 233      D2D46368 
 233      2AAE07AE 
 234 0251 C0F13CB1 		.ascii	"\300\361<\261\346\207\357\360\202x\214\013\322\217\301"
 234      E687EFF0 
 234      82788C0B 
 234      D28FC1
 235 0260 010C62A1 		.ascii	"\001\014b\241\310\330\357\277\344\010\361\007-\361/"
 235      C8D8EFBF 
 235      E408F107 
 235      2DF12F
 236 026f FE7CE9A0 		.ascii	"\376|\351\240\313\212\235\002\021l\327\006\023\362C"
 236      CB8A9D02 
 236      116CD706 
 236      13F243
 237 027e 6FC49058 		.ascii	"o\304\220Xn\322\274\021\027\366]=\256\320\375\372h\267"
 237      6ED2BC11 
 237      17F65D3D 
 237      AED0FDFA 
 237      68B7
 238 0290 629783B2 		.ascii	"b\227\203\262q%\256\335(\331\303\242[\331\212\2067\232"
 238      7125AEDD 
 238      28D9C3A2 
 238      5BD98A86 
 238      379A
 239 02a2 A360D8B6 		.ascii	"\243`\330\266\240asA#bA\333\306\2577e\322!\235\345\310"
 239      A0617341 
 239      236241DB 
 239      C6AF3765 
 239      D2219DE5 
 240 02b7 277D5DFA 		.ascii	"'}]\372\206\347/\337X-\322\250\215b\324\2448-(\022\307"
 240      86E72FDF 
 240      582DD2A8 
 240      8D62D4A4 
 240      382D2812 
 241 02cc 96A6B2C4 		.ascii	"\226\246\262\304;\351\341$}\315\343\255N\361N\212\231"
 241      3BE9E124 
ARM GAS  C:\Users\victo\AppData\Local\Temp\ccPP14k6.s 			page 18


 241      7DCDE3AD 
 241      4EF14E8A 
 241      99
 242 02dd 42CD3D37 		.ascii	"B\315=7\035tv\265\002\005\272\002s_\334\355p\011\227"
 242      1D7476B5 
 242      0205BA02 
 242      735FDCED 
 242      700997
 243 02f0 FF05E7F0 		.ascii	"\377\005\347\360\320\225\013\347\0072\350\234H\227\376"
 243      D0950BE7 
 243      0732E89C 
 243      4897FE
 244 02ff 6869D0B2 		.ascii	"hi\320\262,A\226tA\246p_\023)A\012\354\202\204\203\314"
 244      2C419674 
 244      41A6705F 
 244      1329410A 
 244      EC828483 
 245 0314 F51A81EF 		.ascii	"\365\032\201\357qgc\\\220I\024\244\300\020\344\014\006"
 245      7167635C 
 245      904914A4 
 245      C010E40C 
 245      06
 246 0325 7FD00549 		.ascii	"\177\320\005I\354\232\031S\224\020_\362\377CH\311X\370"
 246      EC9A1953 
 246      94105FF2 
 246      FF4348C9 
 246      58F8
 247 0337 9EDBE864 		.ascii	"\236\333\350d~g\254C\342\235Lc'\343\251N~\204T+\017"
 247      7E67AC43 
 247      E29D4C63 
 247      27E3A94E 
 247      7E84542B 
 248 034c 12FF94BE 		.ascii	"\022\377\224\276\225\205\353\221{N\367\016\253yAj\202"
 248      9585EB91 
 248      7B4EF70E 
 248      AB79416A 
 248      82
 249 035d 08CC805B 		.ascii	"\010\314\200[l\232\177;\352kj\003/;\327\277\375\216"
 249      6C9A7F3B 
 249      EA6B6A03 
 249      2F3BD7BF 
 249      FD8E
 250 036f A78C3C5B 		.ascii	"\247\214<[\\\261^\255U\375\276\200Z]Y^W\357\257R+\274"
 250      5CB15EAD 
 250      55FDBE80 
 250      5A5D595E 
 250      57EFAF52 
 251 0385 E575652F 		.ascii	"\345ue/VTm\011l\331\254~X\374>y\342\335\362W\337,\251"
 251      56546D09 
 251      6CD9AC7E 
 251      58FC3E79 
 251      E2DDF257 
 252 039c F4965496 		.ascii	"\364\226T\226\253\201u\376\232\217\324\267\352\252\325"
 252      AB8175FE 
 252      9A8FD4B7 
 252      EAAAD5
 253 03ab E71E8A34 		.ascii	"\347\036\2124\323\213\253H\266\005}\317_\023P\037\263"
ARM GAS  C:\Users\victo\AppData\Local\Temp\ccPP14k6.s 			page 19


 253      D38BAB48 
 253      B6057DCF 
 253      5F13501F 
 253      B3
 254 03bc DC0DAAAF 		.ascii	"\334\015\252\257\372\361U\336:_\300\267A\335\344\344"
 254      FAF155DE 
 254      3A5FC0B7 
 254      41DDE4E4 
 255 03cc DD95BCF4 		.ascii	"\335\225\274\364\224\275\346\353\265\001\325\357\257"
 255      94BDE6EB 
 255      B501D5EF 
 255      AF
 256 03d9 DF1CE075 		.ascii	"\337\034\340u\363\254'e\037\250>\277\365\314\341W7\225"
 256      F3AC2765 
 256      1FA83EBF 
 256      F5CCE157 
 256      3795
 257 03eb AE15F0D2 		.ascii	"\256\025\360\322\265\377\002\224\255\365\221"
 257      B5FF0294 
 257      ADF591
 258              		.text
 259              		.section	.gnu.lto_.symtab.79016775,"",%progbits
 260 0000 5653454C 		.ascii	"VSEL1_P1_SetDriveMode\000\000\000\000\000\000\000\000"
 260      315F5031 
 260      5F536574 
 260      44726976 
 260      654D6F64 
 261 001d 00000000 		.ascii	"\000\000\000\000\262\000\000\000VSEL1_P1_Write\000\000"
 261      B2000000 
 261      5653454C 
 261      315F5031 
 261      5F577269 
 262 0035 00000000 		.ascii	"\000\000\000\000\000\000\000\000\000\000\264\000\000"
 262      00000000 
 262      0000B400 
 262      00
 263 0042 00565345 		.ascii	"\000VSEL1_P1_Read\000\000\000\000\000\000\000\000\000"
 263      4C315F50 
 263      315F5265 
 263      61640000 
 263      00000000 
 264 0059 000000B7 		.ascii	"\000\000\000\267\000\000\000VSEL1_P1_ReadDataReg\000"
 264      00000056 
 264      53454C31 
 264      5F50315F 
 264      52656164 
 265 0075 00000000 		.ascii	"\000\000\000\000\000\000\000\000\000\000\000\271\000"
 265      00000000 
 265      000000B9 
 265      00
 266 0082 00005653 		.ascii	"\000\000VSEL1_P1_SetInterruptMode\000\000\000\000\000"
 266      454C315F 
 266      50315F53 
 266      6574496E 
 266      74657272 
 267 00a2 00000000 		.ascii	"\000\000\000\000\000\000\000\303\000\000\000VSEL1_P"
 267      000000C3 
ARM GAS  C:\Users\victo\AppData\Local\Temp\ccPP14k6.s 			page 20


 267      00000056 
 267      53454C31 
 267      5F50
 268 00b4 315F436C 		.ascii	"1_ClearInterrupt\000\000\000\000\000\000\000\000\000"
 268      65617249 
 268      6E746572 
 268      72757074 
 268      00000000 
 269 00cd 000000C5 		.ascii	"\000\000\000\305\000\000\000"
 269      000000
 270              		.text
 271              		.section	.gnu.lto_.opts,"",%progbits
 272 0000 272D666E 		.ascii	"'-fno-trapv' '-mcpu=cortex-m0' '-mthumb' '-g' '-Os'"
 272      6F2D7472 
 272      61707627 
 272      20272D6D 
 272      6370753D 
 273 0033 20272D57 		.ascii	" '-Werror' '-ffunction-sections' '-finline-function"
 273      6572726F 
 273      72272027 
 273      2D666675 
 273      6E637469 
 274 0066 73272027 		.ascii	"s' '-flto' '-ffat-lto-objects' '-fno-strict-aliasin"
 274      2D666C74 
 274      6F272027 
 274      2D666661 
 274      742D6C74 
 275 0099 672700   		.ascii	"g'\000"
 276              		.text
 277              		.cfi_sections	.debug_frame
 278              		.section	.text.VSEL1_P1_SetDriveMode,"ax",%progbits
 279              		.align	1
 280              		.global	VSEL1_P1_SetDriveMode
 281              		.code	16
 282              		.thumb_func
 283              		.type	VSEL1_P1_SetDriveMode, %function
 284              	VSEL1_P1_SetDriveMode:
 285              	.LFB0:
 286              		.file 1 ".\\Generated_Source\\PSoC4\\VSEL1_P1.c"
   1:.\Generated_Source\PSoC4/VSEL1_P1.c **** /*******************************************************************************
   2:.\Generated_Source\PSoC4/VSEL1_P1.c **** * File Name: VSEL1_P1.c  
   3:.\Generated_Source\PSoC4/VSEL1_P1.c **** * Version 2.20
   4:.\Generated_Source\PSoC4/VSEL1_P1.c **** *
   5:.\Generated_Source\PSoC4/VSEL1_P1.c **** * Description:
   6:.\Generated_Source\PSoC4/VSEL1_P1.c **** *  This file contains API to enable firmware control of a Pins component.
   7:.\Generated_Source\PSoC4/VSEL1_P1.c **** *
   8:.\Generated_Source\PSoC4/VSEL1_P1.c **** ********************************************************************************
   9:.\Generated_Source\PSoC4/VSEL1_P1.c **** * Copyright 2008-2015, Cypress Semiconductor Corporation.  All rights reserved.
  10:.\Generated_Source\PSoC4/VSEL1_P1.c **** * You may use this file only in accordance with the license, terms, conditions, 
  11:.\Generated_Source\PSoC4/VSEL1_P1.c **** * disclaimers, and limitations in the end user license agreement accompanying 
  12:.\Generated_Source\PSoC4/VSEL1_P1.c **** * the software package with which this file was provided.
  13:.\Generated_Source\PSoC4/VSEL1_P1.c **** *******************************************************************************/
  14:.\Generated_Source\PSoC4/VSEL1_P1.c **** 
  15:.\Generated_Source\PSoC4/VSEL1_P1.c **** #include "cytypes.h"
  16:.\Generated_Source\PSoC4/VSEL1_P1.c **** #include "VSEL1_P1.h"
  17:.\Generated_Source\PSoC4/VSEL1_P1.c **** 
  18:.\Generated_Source\PSoC4/VSEL1_P1.c **** 
ARM GAS  C:\Users\victo\AppData\Local\Temp\ccPP14k6.s 			page 21


  19:.\Generated_Source\PSoC4/VSEL1_P1.c **** #if defined(VSEL1_P1__PC)
  20:.\Generated_Source\PSoC4/VSEL1_P1.c ****     #define VSEL1_P1_SetP4PinDriveMode(shift, mode)  \
  21:.\Generated_Source\PSoC4/VSEL1_P1.c ****     do { \
  22:.\Generated_Source\PSoC4/VSEL1_P1.c ****         VSEL1_P1_PC =   (VSEL1_P1_PC & \
  23:.\Generated_Source\PSoC4/VSEL1_P1.c ****                                 (uint32)(~(uint32)(VSEL1_P1_DRIVE_MODE_IND_MASK << \
  24:.\Generated_Source\PSoC4/VSEL1_P1.c ****                                 (VSEL1_P1_DRIVE_MODE_BITS * (shift))))) | \
  25:.\Generated_Source\PSoC4/VSEL1_P1.c ****                                 (uint32)((uint32)(mode) << \
  26:.\Generated_Source\PSoC4/VSEL1_P1.c ****                                 (VSEL1_P1_DRIVE_MODE_BITS * (shift))); \
  27:.\Generated_Source\PSoC4/VSEL1_P1.c ****     } while (0)
  28:.\Generated_Source\PSoC4/VSEL1_P1.c **** #else
  29:.\Generated_Source\PSoC4/VSEL1_P1.c ****     #if (CY_PSOC4_4200L)
  30:.\Generated_Source\PSoC4/VSEL1_P1.c ****         #define VSEL1_P1_SetP4PinDriveMode(shift, mode)  \
  31:.\Generated_Source\PSoC4/VSEL1_P1.c ****         do { \
  32:.\Generated_Source\PSoC4/VSEL1_P1.c ****             VSEL1_P1_USBIO_CTRL_REG = (VSEL1_P1_USBIO_CTRL_REG & \
  33:.\Generated_Source\PSoC4/VSEL1_P1.c ****                                     (uint32)(~(uint32)(VSEL1_P1_DRIVE_MODE_IND_MASK << \
  34:.\Generated_Source\PSoC4/VSEL1_P1.c ****                                     (VSEL1_P1_DRIVE_MODE_BITS * (shift))))) | \
  35:.\Generated_Source\PSoC4/VSEL1_P1.c ****                                     (uint32)((uint32)(mode) << \
  36:.\Generated_Source\PSoC4/VSEL1_P1.c ****                                     (VSEL1_P1_DRIVE_MODE_BITS * (shift))); \
  37:.\Generated_Source\PSoC4/VSEL1_P1.c ****         } while (0)
  38:.\Generated_Source\PSoC4/VSEL1_P1.c ****     #endif
  39:.\Generated_Source\PSoC4/VSEL1_P1.c **** #endif
  40:.\Generated_Source\PSoC4/VSEL1_P1.c ****   
  41:.\Generated_Source\PSoC4/VSEL1_P1.c **** 
  42:.\Generated_Source\PSoC4/VSEL1_P1.c **** #if defined(VSEL1_P1__PC) || (CY_PSOC4_4200L) 
  43:.\Generated_Source\PSoC4/VSEL1_P1.c ****     /*******************************************************************************
  44:.\Generated_Source\PSoC4/VSEL1_P1.c ****     * Function Name: VSEL1_P1_SetDriveMode
  45:.\Generated_Source\PSoC4/VSEL1_P1.c ****     ****************************************************************************//**
  46:.\Generated_Source\PSoC4/VSEL1_P1.c ****     *
  47:.\Generated_Source\PSoC4/VSEL1_P1.c ****     * \brief Sets the drive mode for each of the Pins component's pins.
  48:.\Generated_Source\PSoC4/VSEL1_P1.c ****     * 
  49:.\Generated_Source\PSoC4/VSEL1_P1.c ****     * <b>Note</b> This affects all pins in the Pins component instance. Use the
  50:.\Generated_Source\PSoC4/VSEL1_P1.c ****     * Per-Pin APIs if you wish to control individual pin's drive modes.
  51:.\Generated_Source\PSoC4/VSEL1_P1.c ****     *
  52:.\Generated_Source\PSoC4/VSEL1_P1.c ****     * <b>Note</b> USBIOs have limited drive functionality. Refer to the Drive Mode
  53:.\Generated_Source\PSoC4/VSEL1_P1.c ****     * parameter for more information.
  54:.\Generated_Source\PSoC4/VSEL1_P1.c ****     *
  55:.\Generated_Source\PSoC4/VSEL1_P1.c ****     * \param mode
  56:.\Generated_Source\PSoC4/VSEL1_P1.c ****     *  Mode for the selected signals. Valid options are documented in 
  57:.\Generated_Source\PSoC4/VSEL1_P1.c ****     *  \ref driveMode.
  58:.\Generated_Source\PSoC4/VSEL1_P1.c ****     *
  59:.\Generated_Source\PSoC4/VSEL1_P1.c ****     * \return
  60:.\Generated_Source\PSoC4/VSEL1_P1.c ****     *  None
  61:.\Generated_Source\PSoC4/VSEL1_P1.c ****     *
  62:.\Generated_Source\PSoC4/VSEL1_P1.c ****     * \sideeffect
  63:.\Generated_Source\PSoC4/VSEL1_P1.c ****     *  If you use read-modify-write operations that are not atomic, the ISR can
  64:.\Generated_Source\PSoC4/VSEL1_P1.c ****     *  cause corruption of this function. An ISR that interrupts this function 
  65:.\Generated_Source\PSoC4/VSEL1_P1.c ****     *  and performs writes to the Pins component Drive Mode registers can cause 
  66:.\Generated_Source\PSoC4/VSEL1_P1.c ****     *  corrupted port data. To avoid this issue, you should either use the Per-Pin
  67:.\Generated_Source\PSoC4/VSEL1_P1.c ****     *  APIs (primary method) or disable interrupts around this function.
  68:.\Generated_Source\PSoC4/VSEL1_P1.c ****     *
  69:.\Generated_Source\PSoC4/VSEL1_P1.c ****     * \funcusage
  70:.\Generated_Source\PSoC4/VSEL1_P1.c ****     *  \snippet VSEL1_P1_SUT.c usage_VSEL1_P1_SetDriveMode
  71:.\Generated_Source\PSoC4/VSEL1_P1.c ****     *******************************************************************************/
  72:.\Generated_Source\PSoC4/VSEL1_P1.c ****     void VSEL1_P1_SetDriveMode(uint8 mode)
  73:.\Generated_Source\PSoC4/VSEL1_P1.c ****     {
 287              		.loc 1 73 0
 288              		.cfi_startproc
ARM GAS  C:\Users\victo\AppData\Local\Temp\ccPP14k6.s 			page 22


 289              	.LVL0:
  74:.\Generated_Source\PSoC4/VSEL1_P1.c **** 		VSEL1_P1_SetP4PinDriveMode(VSEL1_P1__0__SHIFT, mode);
 290              		.loc 1 74 0
 291 0000 034A     		ldr	r2, .L2
 292 0002 044B     		ldr	r3, .L2+4
 293 0004 1168     		ldr	r1, [r2]
 294 0006 4002     		lsl	r0, r0, #9
 295              	.LVL1:
 296 0008 0B40     		and	r3, r1
 297 000a 1843     		orr	r0, r3
 298 000c 1060     		str	r0, [r2]
  75:.\Generated_Source\PSoC4/VSEL1_P1.c ****     }
 299              		.loc 1 75 0
 300              		@ sp needed
 301 000e 7047     		bx	lr
 302              	.L3:
 303              		.align	2
 304              	.L2:
 305 0010 08010440 		.word	1074004232
 306 0014 FFF1FFFF 		.word	-3585
 307              		.cfi_endproc
 308              	.LFE0:
 309              		.size	VSEL1_P1_SetDriveMode, .-VSEL1_P1_SetDriveMode
 310              		.section	.text.VSEL1_P1_Write,"ax",%progbits
 311              		.align	1
 312              		.global	VSEL1_P1_Write
 313              		.code	16
 314              		.thumb_func
 315              		.type	VSEL1_P1_Write, %function
 316              	VSEL1_P1_Write:
 317              	.LFB1:
  76:.\Generated_Source\PSoC4/VSEL1_P1.c **** #endif
  77:.\Generated_Source\PSoC4/VSEL1_P1.c **** 
  78:.\Generated_Source\PSoC4/VSEL1_P1.c **** 
  79:.\Generated_Source\PSoC4/VSEL1_P1.c **** /*******************************************************************************
  80:.\Generated_Source\PSoC4/VSEL1_P1.c **** * Function Name: VSEL1_P1_Write
  81:.\Generated_Source\PSoC4/VSEL1_P1.c **** ****************************************************************************//**
  82:.\Generated_Source\PSoC4/VSEL1_P1.c **** *
  83:.\Generated_Source\PSoC4/VSEL1_P1.c **** * \brief Writes the value to the physical port (data output register), masking
  84:.\Generated_Source\PSoC4/VSEL1_P1.c **** *  and shifting the bits appropriately. 
  85:.\Generated_Source\PSoC4/VSEL1_P1.c **** *
  86:.\Generated_Source\PSoC4/VSEL1_P1.c **** * The data output register controls the signal applied to the physical pin in 
  87:.\Generated_Source\PSoC4/VSEL1_P1.c **** * conjunction with the drive mode parameter. This function avoids changing 
  88:.\Generated_Source\PSoC4/VSEL1_P1.c **** * other bits in the port by using the appropriate method (read-modify-write or
  89:.\Generated_Source\PSoC4/VSEL1_P1.c **** * bit banding).
  90:.\Generated_Source\PSoC4/VSEL1_P1.c **** *
  91:.\Generated_Source\PSoC4/VSEL1_P1.c **** * <b>Note</b> This function should not be used on a hardware digital output pin 
  92:.\Generated_Source\PSoC4/VSEL1_P1.c **** * as it is driven by the hardware signal attached to it.
  93:.\Generated_Source\PSoC4/VSEL1_P1.c **** *
  94:.\Generated_Source\PSoC4/VSEL1_P1.c **** * \param value
  95:.\Generated_Source\PSoC4/VSEL1_P1.c **** *  Value to write to the component instance.
  96:.\Generated_Source\PSoC4/VSEL1_P1.c **** *
  97:.\Generated_Source\PSoC4/VSEL1_P1.c **** * \return 
  98:.\Generated_Source\PSoC4/VSEL1_P1.c **** *  None 
  99:.\Generated_Source\PSoC4/VSEL1_P1.c **** *
 100:.\Generated_Source\PSoC4/VSEL1_P1.c **** * \sideeffect
 101:.\Generated_Source\PSoC4/VSEL1_P1.c **** *  If you use read-modify-write operations that are not atomic; the Interrupt 
ARM GAS  C:\Users\victo\AppData\Local\Temp\ccPP14k6.s 			page 23


 102:.\Generated_Source\PSoC4/VSEL1_P1.c **** *  Service Routines (ISR) can cause corruption of this function. An ISR that 
 103:.\Generated_Source\PSoC4/VSEL1_P1.c **** *  interrupts this function and performs writes to the Pins component data 
 104:.\Generated_Source\PSoC4/VSEL1_P1.c **** *  register can cause corrupted port data. To avoid this issue, you should 
 105:.\Generated_Source\PSoC4/VSEL1_P1.c **** *  either use the Per-Pin APIs (primary method) or disable interrupts around 
 106:.\Generated_Source\PSoC4/VSEL1_P1.c **** *  this function.
 107:.\Generated_Source\PSoC4/VSEL1_P1.c **** *
 108:.\Generated_Source\PSoC4/VSEL1_P1.c **** * \funcusage
 109:.\Generated_Source\PSoC4/VSEL1_P1.c **** *  \snippet VSEL1_P1_SUT.c usage_VSEL1_P1_Write
 110:.\Generated_Source\PSoC4/VSEL1_P1.c **** *******************************************************************************/
 111:.\Generated_Source\PSoC4/VSEL1_P1.c **** void VSEL1_P1_Write(uint8 value)
 112:.\Generated_Source\PSoC4/VSEL1_P1.c **** {
 318              		.loc 1 112 0
 319              		.cfi_startproc
 320              	.LVL2:
 113:.\Generated_Source\PSoC4/VSEL1_P1.c ****     uint8 drVal = (uint8)(VSEL1_P1_DR & (uint8)(~VSEL1_P1_MASK));
 321              		.loc 1 113 0
 322 0000 0823     		mov	r3, #8
 323 0002 0449     		ldr	r1, .L5
 114:.\Generated_Source\PSoC4/VSEL1_P1.c ****     drVal = (drVal | ((uint8)(value << VSEL1_P1_SHIFT) & VSEL1_P1_MASK));
 324              		.loc 1 114 0
 325 0004 C000     		lsl	r0, r0, #3
 326              	.LVL3:
 113:.\Generated_Source\PSoC4/VSEL1_P1.c ****     uint8 drVal = (uint8)(VSEL1_P1_DR & (uint8)(~VSEL1_P1_MASK));
 327              		.loc 1 113 0
 328 0006 0A68     		ldr	r2, [r1]
 115:.\Generated_Source\PSoC4/VSEL1_P1.c ****     VSEL1_P1_DR = (uint32)drVal;
 116:.\Generated_Source\PSoC4/VSEL1_P1.c **** }
 329              		.loc 1 116 0
 330              		@ sp needed
 113:.\Generated_Source\PSoC4/VSEL1_P1.c ****     drVal = (drVal | ((uint8)(value << VSEL1_P1_SHIFT) & VSEL1_P1_MASK));
 331              		.loc 1 113 0
 332 0008 9A43     		bic	r2, r3
 333 000a D2B2     		uxtb	r2, r2
 114:.\Generated_Source\PSoC4/VSEL1_P1.c ****     drVal = (drVal | ((uint8)(value << VSEL1_P1_SHIFT) & VSEL1_P1_MASK));
 334              		.loc 1 114 0
 335 000c 0340     		and	r3, r0
 115:.\Generated_Source\PSoC4/VSEL1_P1.c ****     VSEL1_P1_DR = (uint32)drVal;
 336              		.loc 1 115 0
 337 000e 1343     		orr	r3, r2
 338 0010 0B60     		str	r3, [r1]
 339              		.loc 1 116 0
 340 0012 7047     		bx	lr
 341              	.L6:
 342              		.align	2
 343              	.L5:
 344 0014 00010440 		.word	1074004224
 345              		.cfi_endproc
 346              	.LFE1:
 347              		.size	VSEL1_P1_Write, .-VSEL1_P1_Write
 348              		.section	.text.VSEL1_P1_Read,"ax",%progbits
 349              		.align	1
 350              		.global	VSEL1_P1_Read
 351              		.code	16
 352              		.thumb_func
 353              		.type	VSEL1_P1_Read, %function
 354              	VSEL1_P1_Read:
 355              	.LFB2:
ARM GAS  C:\Users\victo\AppData\Local\Temp\ccPP14k6.s 			page 24


 117:.\Generated_Source\PSoC4/VSEL1_P1.c **** 
 118:.\Generated_Source\PSoC4/VSEL1_P1.c **** 
 119:.\Generated_Source\PSoC4/VSEL1_P1.c **** /*******************************************************************************
 120:.\Generated_Source\PSoC4/VSEL1_P1.c **** * Function Name: VSEL1_P1_Read
 121:.\Generated_Source\PSoC4/VSEL1_P1.c **** ****************************************************************************//**
 122:.\Generated_Source\PSoC4/VSEL1_P1.c **** *
 123:.\Generated_Source\PSoC4/VSEL1_P1.c **** * \brief Reads the associated physical port (pin status register) and masks 
 124:.\Generated_Source\PSoC4/VSEL1_P1.c **** *  the required bits according to the width and bit position of the component
 125:.\Generated_Source\PSoC4/VSEL1_P1.c **** *  instance. 
 126:.\Generated_Source\PSoC4/VSEL1_P1.c **** *
 127:.\Generated_Source\PSoC4/VSEL1_P1.c **** * The pin's status register returns the current logic level present on the 
 128:.\Generated_Source\PSoC4/VSEL1_P1.c **** * physical pin.
 129:.\Generated_Source\PSoC4/VSEL1_P1.c **** *
 130:.\Generated_Source\PSoC4/VSEL1_P1.c **** * \return 
 131:.\Generated_Source\PSoC4/VSEL1_P1.c **** *  The current value for the pins in the component as a right justified number.
 132:.\Generated_Source\PSoC4/VSEL1_P1.c **** *
 133:.\Generated_Source\PSoC4/VSEL1_P1.c **** * \funcusage
 134:.\Generated_Source\PSoC4/VSEL1_P1.c **** *  \snippet VSEL1_P1_SUT.c usage_VSEL1_P1_Read  
 135:.\Generated_Source\PSoC4/VSEL1_P1.c **** *******************************************************************************/
 136:.\Generated_Source\PSoC4/VSEL1_P1.c **** uint8 VSEL1_P1_Read(void)
 137:.\Generated_Source\PSoC4/VSEL1_P1.c **** {
 356              		.loc 1 137 0
 357              		.cfi_startproc
 138:.\Generated_Source\PSoC4/VSEL1_P1.c ****     return (uint8)((VSEL1_P1_PS & VSEL1_P1_MASK) >> VSEL1_P1_SHIFT);
 358              		.loc 1 138 0
 359 0000 024B     		ldr	r3, .L8
 139:.\Generated_Source\PSoC4/VSEL1_P1.c **** }
 360              		.loc 1 139 0
 361              		@ sp needed
 138:.\Generated_Source\PSoC4/VSEL1_P1.c ****     return (uint8)((VSEL1_P1_PS & VSEL1_P1_MASK) >> VSEL1_P1_SHIFT);
 362              		.loc 1 138 0
 363 0002 1868     		ldr	r0, [r3]
 364 0004 0007     		lsl	r0, r0, #28
 365 0006 C00F     		lsr	r0, r0, #31
 366              		.loc 1 139 0
 367 0008 7047     		bx	lr
 368              	.L9:
 369 000a C046     		.align	2
 370              	.L8:
 371 000c 04010440 		.word	1074004228
 372              		.cfi_endproc
 373              	.LFE2:
 374              		.size	VSEL1_P1_Read, .-VSEL1_P1_Read
 375              		.section	.text.VSEL1_P1_ReadDataReg,"ax",%progbits
 376              		.align	1
 377              		.global	VSEL1_P1_ReadDataReg
 378              		.code	16
 379              		.thumb_func
 380              		.type	VSEL1_P1_ReadDataReg, %function
 381              	VSEL1_P1_ReadDataReg:
 382              	.LFB3:
 140:.\Generated_Source\PSoC4/VSEL1_P1.c **** 
 141:.\Generated_Source\PSoC4/VSEL1_P1.c **** 
 142:.\Generated_Source\PSoC4/VSEL1_P1.c **** /*******************************************************************************
 143:.\Generated_Source\PSoC4/VSEL1_P1.c **** * Function Name: VSEL1_P1_ReadDataReg
 144:.\Generated_Source\PSoC4/VSEL1_P1.c **** ****************************************************************************//**
 145:.\Generated_Source\PSoC4/VSEL1_P1.c **** *
ARM GAS  C:\Users\victo\AppData\Local\Temp\ccPP14k6.s 			page 25


 146:.\Generated_Source\PSoC4/VSEL1_P1.c **** * \brief Reads the associated physical port's data output register and masks 
 147:.\Generated_Source\PSoC4/VSEL1_P1.c **** *  the correct bits according to the width and bit position of the component 
 148:.\Generated_Source\PSoC4/VSEL1_P1.c **** *  instance. 
 149:.\Generated_Source\PSoC4/VSEL1_P1.c **** *
 150:.\Generated_Source\PSoC4/VSEL1_P1.c **** * The data output register controls the signal applied to the physical pin in 
 151:.\Generated_Source\PSoC4/VSEL1_P1.c **** * conjunction with the drive mode parameter. This is not the same as the 
 152:.\Generated_Source\PSoC4/VSEL1_P1.c **** * preferred VSEL1_P1_Read() API because the 
 153:.\Generated_Source\PSoC4/VSEL1_P1.c **** * VSEL1_P1_ReadDataReg() reads the data register instead of the status 
 154:.\Generated_Source\PSoC4/VSEL1_P1.c **** * register. For output pins this is a useful function to determine the value 
 155:.\Generated_Source\PSoC4/VSEL1_P1.c **** * just written to the pin.
 156:.\Generated_Source\PSoC4/VSEL1_P1.c **** *
 157:.\Generated_Source\PSoC4/VSEL1_P1.c **** * \return 
 158:.\Generated_Source\PSoC4/VSEL1_P1.c **** *  The current value of the data register masked and shifted into a right 
 159:.\Generated_Source\PSoC4/VSEL1_P1.c **** *  justified number for the component instance.
 160:.\Generated_Source\PSoC4/VSEL1_P1.c **** *
 161:.\Generated_Source\PSoC4/VSEL1_P1.c **** * \funcusage
 162:.\Generated_Source\PSoC4/VSEL1_P1.c **** *  \snippet VSEL1_P1_SUT.c usage_VSEL1_P1_ReadDataReg 
 163:.\Generated_Source\PSoC4/VSEL1_P1.c **** *******************************************************************************/
 164:.\Generated_Source\PSoC4/VSEL1_P1.c **** uint8 VSEL1_P1_ReadDataReg(void)
 165:.\Generated_Source\PSoC4/VSEL1_P1.c **** {
 383              		.loc 1 165 0
 384              		.cfi_startproc
 166:.\Generated_Source\PSoC4/VSEL1_P1.c ****     return (uint8)((VSEL1_P1_DR & VSEL1_P1_MASK) >> VSEL1_P1_SHIFT);
 385              		.loc 1 166 0
 386 0000 024B     		ldr	r3, .L11
 167:.\Generated_Source\PSoC4/VSEL1_P1.c **** }
 387              		.loc 1 167 0
 388              		@ sp needed
 166:.\Generated_Source\PSoC4/VSEL1_P1.c ****     return (uint8)((VSEL1_P1_DR & VSEL1_P1_MASK) >> VSEL1_P1_SHIFT);
 389              		.loc 1 166 0
 390 0002 1868     		ldr	r0, [r3]
 391 0004 0007     		lsl	r0, r0, #28
 392 0006 C00F     		lsr	r0, r0, #31
 393              		.loc 1 167 0
 394 0008 7047     		bx	lr
 395              	.L12:
 396 000a C046     		.align	2
 397              	.L11:
 398 000c 00010440 		.word	1074004224
 399              		.cfi_endproc
 400              	.LFE3:
 401              		.size	VSEL1_P1_ReadDataReg, .-VSEL1_P1_ReadDataReg
 402              		.section	.text.VSEL1_P1_SetInterruptMode,"ax",%progbits
 403              		.align	1
 404              		.global	VSEL1_P1_SetInterruptMode
 405              		.code	16
 406              		.thumb_func
 407              		.type	VSEL1_P1_SetInterruptMode, %function
 408              	VSEL1_P1_SetInterruptMode:
 409              	.LFB4:
 168:.\Generated_Source\PSoC4/VSEL1_P1.c **** 
 169:.\Generated_Source\PSoC4/VSEL1_P1.c **** 
 170:.\Generated_Source\PSoC4/VSEL1_P1.c **** /*******************************************************************************
 171:.\Generated_Source\PSoC4/VSEL1_P1.c **** * Function Name: VSEL1_P1_SetInterruptMode
 172:.\Generated_Source\PSoC4/VSEL1_P1.c **** ****************************************************************************//**
 173:.\Generated_Source\PSoC4/VSEL1_P1.c **** *
 174:.\Generated_Source\PSoC4/VSEL1_P1.c **** * \brief Configures the interrupt mode for each of the Pins component's
ARM GAS  C:\Users\victo\AppData\Local\Temp\ccPP14k6.s 			page 26


 175:.\Generated_Source\PSoC4/VSEL1_P1.c **** *  pins. Alternatively you may set the interrupt mode for all the pins
 176:.\Generated_Source\PSoC4/VSEL1_P1.c **** *  specified in the Pins component.
 177:.\Generated_Source\PSoC4/VSEL1_P1.c **** *
 178:.\Generated_Source\PSoC4/VSEL1_P1.c **** *  <b>Note</b> The interrupt is port-wide and therefore any enabled pin
 179:.\Generated_Source\PSoC4/VSEL1_P1.c **** *  interrupt may trigger it.
 180:.\Generated_Source\PSoC4/VSEL1_P1.c **** *
 181:.\Generated_Source\PSoC4/VSEL1_P1.c **** * \param position
 182:.\Generated_Source\PSoC4/VSEL1_P1.c **** *  The pin position as listed in the Pins component. You may OR these to be 
 183:.\Generated_Source\PSoC4/VSEL1_P1.c **** *  able to configure the interrupt mode of multiple pins within a Pins 
 184:.\Generated_Source\PSoC4/VSEL1_P1.c **** *  component. Or you may use VSEL1_P1_INTR_ALL to configure the
 185:.\Generated_Source\PSoC4/VSEL1_P1.c **** *  interrupt mode of all the pins in the Pins component.       
 186:.\Generated_Source\PSoC4/VSEL1_P1.c **** *  - VSEL1_P1_0_INTR       (First pin in the list)
 187:.\Generated_Source\PSoC4/VSEL1_P1.c **** *  - VSEL1_P1_1_INTR       (Second pin in the list)
 188:.\Generated_Source\PSoC4/VSEL1_P1.c **** *  - ...
 189:.\Generated_Source\PSoC4/VSEL1_P1.c **** *  - VSEL1_P1_INTR_ALL     (All pins in Pins component)
 190:.\Generated_Source\PSoC4/VSEL1_P1.c **** *
 191:.\Generated_Source\PSoC4/VSEL1_P1.c **** * \param mode
 192:.\Generated_Source\PSoC4/VSEL1_P1.c **** *  Interrupt mode for the selected pins. Valid options are documented in
 193:.\Generated_Source\PSoC4/VSEL1_P1.c **** *  \ref intrMode.
 194:.\Generated_Source\PSoC4/VSEL1_P1.c **** *
 195:.\Generated_Source\PSoC4/VSEL1_P1.c **** * \return 
 196:.\Generated_Source\PSoC4/VSEL1_P1.c **** *  None
 197:.\Generated_Source\PSoC4/VSEL1_P1.c **** *  
 198:.\Generated_Source\PSoC4/VSEL1_P1.c **** * \sideeffect
 199:.\Generated_Source\PSoC4/VSEL1_P1.c **** *  It is recommended that the interrupt be disabled before calling this 
 200:.\Generated_Source\PSoC4/VSEL1_P1.c **** *  function to avoid unintended interrupt requests. Note that the interrupt
 201:.\Generated_Source\PSoC4/VSEL1_P1.c **** *  type is port wide, and therefore will trigger for any enabled pin on the 
 202:.\Generated_Source\PSoC4/VSEL1_P1.c **** *  port.
 203:.\Generated_Source\PSoC4/VSEL1_P1.c **** *
 204:.\Generated_Source\PSoC4/VSEL1_P1.c **** * \funcusage
 205:.\Generated_Source\PSoC4/VSEL1_P1.c **** *  \snippet VSEL1_P1_SUT.c usage_VSEL1_P1_SetInterruptMode
 206:.\Generated_Source\PSoC4/VSEL1_P1.c **** *******************************************************************************/
 207:.\Generated_Source\PSoC4/VSEL1_P1.c **** void VSEL1_P1_SetInterruptMode(uint16 position, uint16 mode)
 208:.\Generated_Source\PSoC4/VSEL1_P1.c **** {
 410              		.loc 1 208 0
 411              		.cfi_startproc
 412              	.LVL4:
 209:.\Generated_Source\PSoC4/VSEL1_P1.c ****     uint32 intrCfg;
 210:.\Generated_Source\PSoC4/VSEL1_P1.c ****     
 211:.\Generated_Source\PSoC4/VSEL1_P1.c ****     intrCfg =  VSEL1_P1_INTCFG & (uint32)(~(uint32)position);
 413              		.loc 1 211 0
 414 0000 034A     		ldr	r2, .L14
 212:.\Generated_Source\PSoC4/VSEL1_P1.c ****     VSEL1_P1_INTCFG = intrCfg | ((uint32)position & (uint32)mode);
 213:.\Generated_Source\PSoC4/VSEL1_P1.c **** }
 415              		.loc 1 213 0
 416              		@ sp needed
 211:.\Generated_Source\PSoC4/VSEL1_P1.c ****     VSEL1_P1_INTCFG = intrCfg | ((uint32)position & (uint32)mode);
 417              		.loc 1 211 0
 418 0002 1368     		ldr	r3, [r2]
 419              	.LVL5:
 420 0004 8343     		bic	r3, r0
 421              	.LVL6:
 212:.\Generated_Source\PSoC4/VSEL1_P1.c ****     VSEL1_P1_INTCFG = intrCfg | ((uint32)position & (uint32)mode);
 422              		.loc 1 212 0
 423 0006 0840     		and	r0, r1
 424              	.LVL7:
 425 0008 1843     		orr	r0, r3
ARM GAS  C:\Users\victo\AppData\Local\Temp\ccPP14k6.s 			page 27


 426 000a 1060     		str	r0, [r2]
 427              		.loc 1 213 0
 428 000c 7047     		bx	lr
 429              	.L15:
 430 000e C046     		.align	2
 431              	.L14:
 432 0010 0C010440 		.word	1074004236
 433              		.cfi_endproc
 434              	.LFE4:
 435              		.size	VSEL1_P1_SetInterruptMode, .-VSEL1_P1_SetInterruptMode
 436              		.section	.text.VSEL1_P1_ClearInterrupt,"ax",%progbits
 437              		.align	1
 438              		.global	VSEL1_P1_ClearInterrupt
 439              		.code	16
 440              		.thumb_func
 441              		.type	VSEL1_P1_ClearInterrupt, %function
 442              	VSEL1_P1_ClearInterrupt:
 443              	.LFB5:
 214:.\Generated_Source\PSoC4/VSEL1_P1.c **** 
 215:.\Generated_Source\PSoC4/VSEL1_P1.c **** 
 216:.\Generated_Source\PSoC4/VSEL1_P1.c **** /*******************************************************************************
 217:.\Generated_Source\PSoC4/VSEL1_P1.c **** * Function Name: VSEL1_P1_ClearInterrupt
 218:.\Generated_Source\PSoC4/VSEL1_P1.c **** ****************************************************************************//**
 219:.\Generated_Source\PSoC4/VSEL1_P1.c **** *
 220:.\Generated_Source\PSoC4/VSEL1_P1.c **** * \brief Clears any active interrupts attached with the component and returns 
 221:.\Generated_Source\PSoC4/VSEL1_P1.c **** *  the value of the interrupt status register allowing determination of which
 222:.\Generated_Source\PSoC4/VSEL1_P1.c **** *  pins generated an interrupt event.
 223:.\Generated_Source\PSoC4/VSEL1_P1.c **** *
 224:.\Generated_Source\PSoC4/VSEL1_P1.c **** * \return 
 225:.\Generated_Source\PSoC4/VSEL1_P1.c **** *  The right-shifted current value of the interrupt status register. Each pin 
 226:.\Generated_Source\PSoC4/VSEL1_P1.c **** *  has one bit set if it generated an interrupt event. For example, bit 0 is 
 227:.\Generated_Source\PSoC4/VSEL1_P1.c **** *  for pin 0 and bit 1 is for pin 1 of the Pins component.
 228:.\Generated_Source\PSoC4/VSEL1_P1.c **** *  
 229:.\Generated_Source\PSoC4/VSEL1_P1.c **** * \sideeffect
 230:.\Generated_Source\PSoC4/VSEL1_P1.c **** *  Clears all bits of the physical port's interrupt status register, not just
 231:.\Generated_Source\PSoC4/VSEL1_P1.c **** *  those associated with the Pins component.
 232:.\Generated_Source\PSoC4/VSEL1_P1.c **** *
 233:.\Generated_Source\PSoC4/VSEL1_P1.c **** * \funcusage
 234:.\Generated_Source\PSoC4/VSEL1_P1.c **** *  \snippet VSEL1_P1_SUT.c usage_VSEL1_P1_ClearInterrupt
 235:.\Generated_Source\PSoC4/VSEL1_P1.c **** *******************************************************************************/
 236:.\Generated_Source\PSoC4/VSEL1_P1.c **** uint8 VSEL1_P1_ClearInterrupt(void)
 237:.\Generated_Source\PSoC4/VSEL1_P1.c **** {
 444              		.loc 1 237 0
 445              		.cfi_startproc
 238:.\Generated_Source\PSoC4/VSEL1_P1.c **** 	uint8 maskedStatus = (uint8)(VSEL1_P1_INTSTAT & VSEL1_P1_MASK);
 446              		.loc 1 238 0
 447 0000 0823     		mov	r3, #8
 448 0002 034A     		ldr	r2, .L17
 239:.\Generated_Source\PSoC4/VSEL1_P1.c **** 	VSEL1_P1_INTSTAT = maskedStatus;
 240:.\Generated_Source\PSoC4/VSEL1_P1.c ****     return maskedStatus >> VSEL1_P1_SHIFT;
 241:.\Generated_Source\PSoC4/VSEL1_P1.c **** }
 449              		.loc 1 241 0
 450              		@ sp needed
 238:.\Generated_Source\PSoC4/VSEL1_P1.c **** 	uint8 maskedStatus = (uint8)(VSEL1_P1_INTSTAT & VSEL1_P1_MASK);
 451              		.loc 1 238 0
 452 0004 1068     		ldr	r0, [r2]
 453 0006 1840     		and	r0, r3
ARM GAS  C:\Users\victo\AppData\Local\Temp\ccPP14k6.s 			page 28


 454              	.LVL8:
 239:.\Generated_Source\PSoC4/VSEL1_P1.c **** 	VSEL1_P1_INTSTAT = maskedStatus;
 455              		.loc 1 239 0
 456 0008 1060     		str	r0, [r2]
 240:.\Generated_Source\PSoC4/VSEL1_P1.c **** }
 457              		.loc 1 240 0
 458 000a C008     		lsr	r0, r0, #3
 459              	.LVL9:
 460 000c C0B2     		uxtb	r0, r0
 461              		.loc 1 241 0
 462 000e 7047     		bx	lr
 463              	.L18:
 464              		.align	2
 465              	.L17:
 466 0010 10010440 		.word	1074004240
 467              		.cfi_endproc
 468              	.LFE5:
 469              		.size	VSEL1_P1_ClearInterrupt, .-VSEL1_P1_ClearInterrupt
 470              		.text
 471              	.Letext0:
 472              		.file 2 ".\\Generated_Source\\PSoC4\\cytypes.h"
 473              		.section	.debug_info,"",%progbits
 474              	.Ldebug_info0:
 475 0000 97010000 		.4byte	0x197
 476 0004 0400     		.2byte	0x4
 477 0006 00000000 		.4byte	.Ldebug_abbrev0
 478 000a 04       		.byte	0x4
 479 000b 01       		.uleb128 0x1
 480 000c 01010000 		.4byte	.LASF27
 481 0010 01       		.byte	0x1
 482 0011 60020000 		.4byte	.LASF28
 483 0015 C2010000 		.4byte	.LASF29
 484 0019 00000000 		.4byte	.Ldebug_ranges0+0
 485 001d 00000000 		.4byte	0
 486 0021 00000000 		.4byte	.Ldebug_line0
 487 0025 02       		.uleb128 0x2
 488 0026 01       		.byte	0x1
 489 0027 06       		.byte	0x6
 490 0028 55000000 		.4byte	.LASF0
 491 002c 02       		.uleb128 0x2
 492 002d 01       		.byte	0x1
 493 002e 08       		.byte	0x8
 494 002f 6F000000 		.4byte	.LASF1
 495 0033 02       		.uleb128 0x2
 496 0034 02       		.byte	0x2
 497 0035 05       		.byte	0x5
 498 0036 47020000 		.4byte	.LASF2
 499 003a 02       		.uleb128 0x2
 500 003b 02       		.byte	0x2
 501 003c 07       		.byte	0x7
 502 003d 95000000 		.4byte	.LASF3
 503 0041 02       		.uleb128 0x2
 504 0042 04       		.byte	0x4
 505 0043 05       		.byte	0x5
 506 0044 57020000 		.4byte	.LASF4
 507 0048 02       		.uleb128 0x2
 508 0049 04       		.byte	0x4
ARM GAS  C:\Users\victo\AppData\Local\Temp\ccPP14k6.s 			page 29


 509 004a 07       		.byte	0x7
 510 004b 83000000 		.4byte	.LASF5
 511 004f 02       		.uleb128 0x2
 512 0050 08       		.byte	0x8
 513 0051 05       		.byte	0x5
 514 0052 27020000 		.4byte	.LASF6
 515 0056 02       		.uleb128 0x2
 516 0057 08       		.byte	0x8
 517 0058 07       		.byte	0x7
 518 0059 EA000000 		.4byte	.LASF7
 519 005d 03       		.uleb128 0x3
 520 005e 04       		.byte	0x4
 521 005f 05       		.byte	0x5
 522 0060 696E7400 		.ascii	"int\000"
 523 0064 02       		.uleb128 0x2
 524 0065 04       		.byte	0x4
 525 0066 07       		.byte	0x7
 526 0067 CE000000 		.4byte	.LASF8
 527 006b 04       		.uleb128 0x4
 528 006c 51020000 		.4byte	.LASF9
 529 0070 02       		.byte	0x2
 530 0071 9801     		.2byte	0x198
 531 0073 2C000000 		.4byte	0x2c
 532 0077 04       		.uleb128 0x4
 533 0078 AF000000 		.4byte	.LASF10
 534 007c 02       		.byte	0x2
 535 007d 9901     		.2byte	0x199
 536 007f 3A000000 		.4byte	0x3a
 537 0083 04       		.uleb128 0x4
 538 0084 BF000000 		.4byte	.LASF11
 539 0088 02       		.byte	0x2
 540 0089 9A01     		.2byte	0x19a
 541 008b 48000000 		.4byte	0x48
 542 008f 02       		.uleb128 0x2
 543 0090 04       		.byte	0x4
 544 0091 04       		.byte	0x4
 545 0092 4F000000 		.4byte	.LASF12
 546 0096 02       		.uleb128 0x2
 547 0097 08       		.byte	0x8
 548 0098 04       		.byte	0x4
 549 0099 A8000000 		.4byte	.LASF13
 550 009d 02       		.uleb128 0x2
 551 009e 01       		.byte	0x1
 552 009f 08       		.byte	0x8
 553 00a0 42020000 		.4byte	.LASF14
 554 00a4 04       		.uleb128 0x4
 555 00a5 18000000 		.4byte	.LASF15
 556 00a9 02       		.byte	0x2
 557 00aa 4402     		.2byte	0x244
 558 00ac B0000000 		.4byte	0xb0
 559 00b0 05       		.uleb128 0x5
 560 00b1 83000000 		.4byte	0x83
 561 00b5 06       		.uleb128 0x6
 562 00b6 1E000000 		.4byte	.LASF16
 563 00ba 01       		.byte	0x1
 564 00bb 48       		.byte	0x48
 565 00bc 00000000 		.4byte	.LFB0
ARM GAS  C:\Users\victo\AppData\Local\Temp\ccPP14k6.s 			page 30


 566 00c0 18000000 		.4byte	.LFE0-.LFB0
 567 00c4 01       		.uleb128 0x1
 568 00c5 9C       		.byte	0x9c
 569 00c6 DA000000 		.4byte	0xda
 570 00ca 07       		.uleb128 0x7
 571 00cb BD010000 		.4byte	.LASF18
 572 00cf 01       		.byte	0x1
 573 00d0 48       		.byte	0x48
 574 00d1 6B000000 		.4byte	0x6b
 575 00d5 00000000 		.4byte	.LLST0
 576 00d9 00       		.byte	0
 577 00da 06       		.uleb128 0x6
 578 00db DB000000 		.4byte	.LASF17
 579 00df 01       		.byte	0x1
 580 00e0 6F       		.byte	0x6f
 581 00e1 00000000 		.4byte	.LFB1
 582 00e5 18000000 		.4byte	.LFE1-.LFB1
 583 00e9 01       		.uleb128 0x1
 584 00ea 9C       		.byte	0x9c
 585 00eb 0A010000 		.4byte	0x10a
 586 00ef 07       		.uleb128 0x7
 587 00f0 34000000 		.4byte	.LASF19
 588 00f4 01       		.byte	0x1
 589 00f5 6F       		.byte	0x6f
 590 00f6 6B000000 		.4byte	0x6b
 591 00fa 21000000 		.4byte	.LLST1
 592 00fe 08       		.uleb128 0x8
 593 00ff 7D000000 		.4byte	.LASF30
 594 0103 01       		.byte	0x1
 595 0104 71       		.byte	0x71
 596 0105 6B000000 		.4byte	0x6b
 597 0109 00       		.byte	0
 598 010a 09       		.uleb128 0x9
 599 010b 61000000 		.4byte	.LASF20
 600 010f 01       		.byte	0x1
 601 0110 88       		.byte	0x88
 602 0111 6B000000 		.4byte	0x6b
 603 0115 00000000 		.4byte	.LFB2
 604 0119 10000000 		.4byte	.LFE2-.LFB2
 605 011d 01       		.uleb128 0x1
 606 011e 9C       		.byte	0x9c
 607 011f 09       		.uleb128 0x9
 608 0120 3A000000 		.4byte	.LASF21
 609 0124 01       		.byte	0x1
 610 0125 A4       		.byte	0xa4
 611 0126 6B000000 		.4byte	0x6b
 612 012a 00000000 		.4byte	.LFB3
 613 012e 10000000 		.4byte	.LFE3-.LFB3
 614 0132 01       		.uleb128 0x1
 615 0133 9C       		.byte	0x9c
 616 0134 06       		.uleb128 0x6
 617 0135 84020000 		.4byte	.LASF22
 618 0139 01       		.byte	0x1
 619 013a CF       		.byte	0xcf
 620 013b 00000000 		.4byte	.LFB4
 621 013f 14000000 		.4byte	.LFE4-.LFB4
 622 0143 01       		.uleb128 0x1
ARM GAS  C:\Users\victo\AppData\Local\Temp\ccPP14k6.s 			page 31


 623 0144 9C       		.byte	0x9c
 624 0145 75010000 		.4byte	0x175
 625 0149 07       		.uleb128 0x7
 626 014a B6000000 		.4byte	.LASF23
 627 014e 01       		.byte	0x1
 628 014f CF       		.byte	0xcf
 629 0150 77000000 		.4byte	0x77
 630 0154 42000000 		.4byte	.LLST2
 631 0158 0A       		.uleb128 0xa
 632 0159 BD010000 		.4byte	.LASF18
 633 015d 01       		.byte	0x1
 634 015e CF       		.byte	0xcf
 635 015f 77000000 		.4byte	0x77
 636 0163 01       		.uleb128 0x1
 637 0164 51       		.byte	0x51
 638 0165 0B       		.uleb128 0xb
 639 0166 C6000000 		.4byte	.LASF25
 640 016a 01       		.byte	0x1
 641 016b D1       		.byte	0xd1
 642 016c 83000000 		.4byte	0x83
 643 0170 63000000 		.4byte	.LLST3
 644 0174 00       		.byte	0
 645 0175 0C       		.uleb128 0xc
 646 0176 00000000 		.4byte	.LASF24
 647 017a 01       		.byte	0x1
 648 017b EC       		.byte	0xec
 649 017c 6B000000 		.4byte	0x6b
 650 0180 00000000 		.4byte	.LFB5
 651 0184 14000000 		.4byte	.LFE5-.LFB5
 652 0188 01       		.uleb128 0x1
 653 0189 9C       		.byte	0x9c
 654 018a 0B       		.uleb128 0xb
 655 018b 35020000 		.4byte	.LASF26
 656 018f 01       		.byte	0x1
 657 0190 EE       		.byte	0xee
 658 0191 6B000000 		.4byte	0x6b
 659 0195 80000000 		.4byte	.LLST4
 660 0199 00       		.byte	0
 661 019a 00       		.byte	0
 662              		.section	.debug_abbrev,"",%progbits
 663              	.Ldebug_abbrev0:
 664 0000 01       		.uleb128 0x1
 665 0001 11       		.uleb128 0x11
 666 0002 01       		.byte	0x1
 667 0003 25       		.uleb128 0x25
 668 0004 0E       		.uleb128 0xe
 669 0005 13       		.uleb128 0x13
 670 0006 0B       		.uleb128 0xb
 671 0007 03       		.uleb128 0x3
 672 0008 0E       		.uleb128 0xe
 673 0009 1B       		.uleb128 0x1b
 674 000a 0E       		.uleb128 0xe
 675 000b 55       		.uleb128 0x55
 676 000c 17       		.uleb128 0x17
 677 000d 11       		.uleb128 0x11
 678 000e 01       		.uleb128 0x1
 679 000f 10       		.uleb128 0x10
ARM GAS  C:\Users\victo\AppData\Local\Temp\ccPP14k6.s 			page 32


 680 0010 17       		.uleb128 0x17
 681 0011 00       		.byte	0
 682 0012 00       		.byte	0
 683 0013 02       		.uleb128 0x2
 684 0014 24       		.uleb128 0x24
 685 0015 00       		.byte	0
 686 0016 0B       		.uleb128 0xb
 687 0017 0B       		.uleb128 0xb
 688 0018 3E       		.uleb128 0x3e
 689 0019 0B       		.uleb128 0xb
 690 001a 03       		.uleb128 0x3
 691 001b 0E       		.uleb128 0xe
 692 001c 00       		.byte	0
 693 001d 00       		.byte	0
 694 001e 03       		.uleb128 0x3
 695 001f 24       		.uleb128 0x24
 696 0020 00       		.byte	0
 697 0021 0B       		.uleb128 0xb
 698 0022 0B       		.uleb128 0xb
 699 0023 3E       		.uleb128 0x3e
 700 0024 0B       		.uleb128 0xb
 701 0025 03       		.uleb128 0x3
 702 0026 08       		.uleb128 0x8
 703 0027 00       		.byte	0
 704 0028 00       		.byte	0
 705 0029 04       		.uleb128 0x4
 706 002a 16       		.uleb128 0x16
 707 002b 00       		.byte	0
 708 002c 03       		.uleb128 0x3
 709 002d 0E       		.uleb128 0xe
 710 002e 3A       		.uleb128 0x3a
 711 002f 0B       		.uleb128 0xb
 712 0030 3B       		.uleb128 0x3b
 713 0031 05       		.uleb128 0x5
 714 0032 49       		.uleb128 0x49
 715 0033 13       		.uleb128 0x13
 716 0034 00       		.byte	0
 717 0035 00       		.byte	0
 718 0036 05       		.uleb128 0x5
 719 0037 35       		.uleb128 0x35
 720 0038 00       		.byte	0
 721 0039 49       		.uleb128 0x49
 722 003a 13       		.uleb128 0x13
 723 003b 00       		.byte	0
 724 003c 00       		.byte	0
 725 003d 06       		.uleb128 0x6
 726 003e 2E       		.uleb128 0x2e
 727 003f 01       		.byte	0x1
 728 0040 3F       		.uleb128 0x3f
 729 0041 19       		.uleb128 0x19
 730 0042 03       		.uleb128 0x3
 731 0043 0E       		.uleb128 0xe
 732 0044 3A       		.uleb128 0x3a
 733 0045 0B       		.uleb128 0xb
 734 0046 3B       		.uleb128 0x3b
 735 0047 0B       		.uleb128 0xb
 736 0048 27       		.uleb128 0x27
ARM GAS  C:\Users\victo\AppData\Local\Temp\ccPP14k6.s 			page 33


 737 0049 19       		.uleb128 0x19
 738 004a 11       		.uleb128 0x11
 739 004b 01       		.uleb128 0x1
 740 004c 12       		.uleb128 0x12
 741 004d 06       		.uleb128 0x6
 742 004e 40       		.uleb128 0x40
 743 004f 18       		.uleb128 0x18
 744 0050 9742     		.uleb128 0x2117
 745 0052 19       		.uleb128 0x19
 746 0053 01       		.uleb128 0x1
 747 0054 13       		.uleb128 0x13
 748 0055 00       		.byte	0
 749 0056 00       		.byte	0
 750 0057 07       		.uleb128 0x7
 751 0058 05       		.uleb128 0x5
 752 0059 00       		.byte	0
 753 005a 03       		.uleb128 0x3
 754 005b 0E       		.uleb128 0xe
 755 005c 3A       		.uleb128 0x3a
 756 005d 0B       		.uleb128 0xb
 757 005e 3B       		.uleb128 0x3b
 758 005f 0B       		.uleb128 0xb
 759 0060 49       		.uleb128 0x49
 760 0061 13       		.uleb128 0x13
 761 0062 02       		.uleb128 0x2
 762 0063 17       		.uleb128 0x17
 763 0064 00       		.byte	0
 764 0065 00       		.byte	0
 765 0066 08       		.uleb128 0x8
 766 0067 34       		.uleb128 0x34
 767 0068 00       		.byte	0
 768 0069 03       		.uleb128 0x3
 769 006a 0E       		.uleb128 0xe
 770 006b 3A       		.uleb128 0x3a
 771 006c 0B       		.uleb128 0xb
 772 006d 3B       		.uleb128 0x3b
 773 006e 0B       		.uleb128 0xb
 774 006f 49       		.uleb128 0x49
 775 0070 13       		.uleb128 0x13
 776 0071 00       		.byte	0
 777 0072 00       		.byte	0
 778 0073 09       		.uleb128 0x9
 779 0074 2E       		.uleb128 0x2e
 780 0075 00       		.byte	0
 781 0076 3F       		.uleb128 0x3f
 782 0077 19       		.uleb128 0x19
 783 0078 03       		.uleb128 0x3
 784 0079 0E       		.uleb128 0xe
 785 007a 3A       		.uleb128 0x3a
 786 007b 0B       		.uleb128 0xb
 787 007c 3B       		.uleb128 0x3b
 788 007d 0B       		.uleb128 0xb
 789 007e 27       		.uleb128 0x27
 790 007f 19       		.uleb128 0x19
 791 0080 49       		.uleb128 0x49
 792 0081 13       		.uleb128 0x13
 793 0082 11       		.uleb128 0x11
ARM GAS  C:\Users\victo\AppData\Local\Temp\ccPP14k6.s 			page 34


 794 0083 01       		.uleb128 0x1
 795 0084 12       		.uleb128 0x12
 796 0085 06       		.uleb128 0x6
 797 0086 40       		.uleb128 0x40
 798 0087 18       		.uleb128 0x18
 799 0088 9742     		.uleb128 0x2117
 800 008a 19       		.uleb128 0x19
 801 008b 00       		.byte	0
 802 008c 00       		.byte	0
 803 008d 0A       		.uleb128 0xa
 804 008e 05       		.uleb128 0x5
 805 008f 00       		.byte	0
 806 0090 03       		.uleb128 0x3
 807 0091 0E       		.uleb128 0xe
 808 0092 3A       		.uleb128 0x3a
 809 0093 0B       		.uleb128 0xb
 810 0094 3B       		.uleb128 0x3b
 811 0095 0B       		.uleb128 0xb
 812 0096 49       		.uleb128 0x49
 813 0097 13       		.uleb128 0x13
 814 0098 02       		.uleb128 0x2
 815 0099 18       		.uleb128 0x18
 816 009a 00       		.byte	0
 817 009b 00       		.byte	0
 818 009c 0B       		.uleb128 0xb
 819 009d 34       		.uleb128 0x34
 820 009e 00       		.byte	0
 821 009f 03       		.uleb128 0x3
 822 00a0 0E       		.uleb128 0xe
 823 00a1 3A       		.uleb128 0x3a
 824 00a2 0B       		.uleb128 0xb
 825 00a3 3B       		.uleb128 0x3b
 826 00a4 0B       		.uleb128 0xb
 827 00a5 49       		.uleb128 0x49
 828 00a6 13       		.uleb128 0x13
 829 00a7 02       		.uleb128 0x2
 830 00a8 17       		.uleb128 0x17
 831 00a9 00       		.byte	0
 832 00aa 00       		.byte	0
 833 00ab 0C       		.uleb128 0xc
 834 00ac 2E       		.uleb128 0x2e
 835 00ad 01       		.byte	0x1
 836 00ae 3F       		.uleb128 0x3f
 837 00af 19       		.uleb128 0x19
 838 00b0 03       		.uleb128 0x3
 839 00b1 0E       		.uleb128 0xe
 840 00b2 3A       		.uleb128 0x3a
 841 00b3 0B       		.uleb128 0xb
 842 00b4 3B       		.uleb128 0x3b
 843 00b5 0B       		.uleb128 0xb
 844 00b6 27       		.uleb128 0x27
 845 00b7 19       		.uleb128 0x19
 846 00b8 49       		.uleb128 0x49
 847 00b9 13       		.uleb128 0x13
 848 00ba 11       		.uleb128 0x11
 849 00bb 01       		.uleb128 0x1
 850 00bc 12       		.uleb128 0x12
ARM GAS  C:\Users\victo\AppData\Local\Temp\ccPP14k6.s 			page 35


 851 00bd 06       		.uleb128 0x6
 852 00be 40       		.uleb128 0x40
 853 00bf 18       		.uleb128 0x18
 854 00c0 9742     		.uleb128 0x2117
 855 00c2 19       		.uleb128 0x19
 856 00c3 00       		.byte	0
 857 00c4 00       		.byte	0
 858 00c5 00       		.byte	0
 859              		.section	.debug_loc,"",%progbits
 860              	.Ldebug_loc0:
 861              	.LLST0:
 862 0000 00000000 		.4byte	.LVL0
 863 0004 08000000 		.4byte	.LVL1
 864 0008 0100     		.2byte	0x1
 865 000a 50       		.byte	0x50
 866 000b 08000000 		.4byte	.LVL1
 867 000f 18000000 		.4byte	.LFE0
 868 0013 0400     		.2byte	0x4
 869 0015 F3       		.byte	0xf3
 870 0016 01       		.uleb128 0x1
 871 0017 50       		.byte	0x50
 872 0018 9F       		.byte	0x9f
 873 0019 00000000 		.4byte	0
 874 001d 00000000 		.4byte	0
 875              	.LLST1:
 876 0021 00000000 		.4byte	.LVL2
 877 0025 06000000 		.4byte	.LVL3
 878 0029 0100     		.2byte	0x1
 879 002b 50       		.byte	0x50
 880 002c 06000000 		.4byte	.LVL3
 881 0030 18000000 		.4byte	.LFE1
 882 0034 0400     		.2byte	0x4
 883 0036 F3       		.byte	0xf3
 884 0037 01       		.uleb128 0x1
 885 0038 50       		.byte	0x50
 886 0039 9F       		.byte	0x9f
 887 003a 00000000 		.4byte	0
 888 003e 00000000 		.4byte	0
 889              	.LLST2:
 890 0042 00000000 		.4byte	.LVL4
 891 0046 08000000 		.4byte	.LVL7
 892 004a 0100     		.2byte	0x1
 893 004c 50       		.byte	0x50
 894 004d 08000000 		.4byte	.LVL7
 895 0051 14000000 		.4byte	.LFE4
 896 0055 0400     		.2byte	0x4
 897 0057 F3       		.byte	0xf3
 898 0058 01       		.uleb128 0x1
 899 0059 50       		.byte	0x50
 900 005a 9F       		.byte	0x9f
 901 005b 00000000 		.4byte	0
 902 005f 00000000 		.4byte	0
 903              	.LLST3:
 904 0063 04000000 		.4byte	.LVL5
 905 0067 06000000 		.4byte	.LVL6
 906 006b 0B00     		.2byte	0xb
 907 006d 70       		.byte	0x70
ARM GAS  C:\Users\victo\AppData\Local\Temp\ccPP14k6.s 			page 36


 908 006e 00       		.sleb128 0
 909 006f 0A       		.byte	0xa
 910 0070 FFFF     		.2byte	0xffff
 911 0072 1A       		.byte	0x1a
 912 0073 20       		.byte	0x20
 913 0074 73       		.byte	0x73
 914 0075 00       		.sleb128 0
 915 0076 1A       		.byte	0x1a
 916 0077 9F       		.byte	0x9f
 917 0078 00000000 		.4byte	0
 918 007c 00000000 		.4byte	0
 919              	.LLST4:
 920 0080 08000000 		.4byte	.LVL8
 921 0084 0C000000 		.4byte	.LVL9
 922 0088 0100     		.2byte	0x1
 923 008a 50       		.byte	0x50
 924 008b 0C000000 		.4byte	.LVL9
 925 008f 14000000 		.4byte	.LFE5
 926 0093 0400     		.2byte	0x4
 927 0095 72       		.byte	0x72
 928 0096 00       		.sleb128 0
 929 0097 06       		.byte	0x6
 930 0098 9F       		.byte	0x9f
 931 0099 00000000 		.4byte	0
 932 009d 00000000 		.4byte	0
 933              		.section	.debug_aranges,"",%progbits
 934 0000 44000000 		.4byte	0x44
 935 0004 0200     		.2byte	0x2
 936 0006 00000000 		.4byte	.Ldebug_info0
 937 000a 04       		.byte	0x4
 938 000b 00       		.byte	0
 939 000c 0000     		.2byte	0
 940 000e 0000     		.2byte	0
 941 0010 00000000 		.4byte	.LFB0
 942 0014 18000000 		.4byte	.LFE0-.LFB0
 943 0018 00000000 		.4byte	.LFB1
 944 001c 18000000 		.4byte	.LFE1-.LFB1
 945 0020 00000000 		.4byte	.LFB2
 946 0024 10000000 		.4byte	.LFE2-.LFB2
 947 0028 00000000 		.4byte	.LFB3
 948 002c 10000000 		.4byte	.LFE3-.LFB3
 949 0030 00000000 		.4byte	.LFB4
 950 0034 14000000 		.4byte	.LFE4-.LFB4
 951 0038 00000000 		.4byte	.LFB5
 952 003c 14000000 		.4byte	.LFE5-.LFB5
 953 0040 00000000 		.4byte	0
 954 0044 00000000 		.4byte	0
 955              		.section	.debug_ranges,"",%progbits
 956              	.Ldebug_ranges0:
 957 0000 00000000 		.4byte	.LFB0
 958 0004 18000000 		.4byte	.LFE0
 959 0008 00000000 		.4byte	.LFB1
 960 000c 18000000 		.4byte	.LFE1
 961 0010 00000000 		.4byte	.LFB2
 962 0014 10000000 		.4byte	.LFE2
 963 0018 00000000 		.4byte	.LFB3
 964 001c 10000000 		.4byte	.LFE3
ARM GAS  C:\Users\victo\AppData\Local\Temp\ccPP14k6.s 			page 37


 965 0020 00000000 		.4byte	.LFB4
 966 0024 14000000 		.4byte	.LFE4
 967 0028 00000000 		.4byte	.LFB5
 968 002c 14000000 		.4byte	.LFE5
 969 0030 00000000 		.4byte	0
 970 0034 00000000 		.4byte	0
 971              		.section	.debug_line,"",%progbits
 972              	.Ldebug_line0:
 973 0000 CA000000 		.section	.debug_str,"MS",%progbits,1
 973      02004700 
 973      00000201 
 973      FB0E0D00 
 973      01010101 
 974              	.LASF24:
 975 0000 5653454C 		.ascii	"VSEL1_P1_ClearInterrupt\000"
 975      315F5031 
 975      5F436C65 
 975      6172496E 
 975      74657272 
 976              	.LASF15:
 977 0018 72656733 		.ascii	"reg32\000"
 977      3200
 978              	.LASF16:
 979 001e 5653454C 		.ascii	"VSEL1_P1_SetDriveMode\000"
 979      315F5031 
 979      5F536574 
 979      44726976 
 979      654D6F64 
 980              	.LASF19:
 981 0034 76616C75 		.ascii	"value\000"
 981      6500
 982              	.LASF21:
 983 003a 5653454C 		.ascii	"VSEL1_P1_ReadDataReg\000"
 983      315F5031 
 983      5F526561 
 983      64446174 
 983      61526567 
 984              	.LASF12:
 985 004f 666C6F61 		.ascii	"float\000"
 985      7400
 986              	.LASF0:
 987 0055 7369676E 		.ascii	"signed char\000"
 987      65642063 
 987      68617200 
 988              	.LASF20:
 989 0061 5653454C 		.ascii	"VSEL1_P1_Read\000"
 989      315F5031 
 989      5F526561 
 989      6400
 990              	.LASF1:
 991 006f 756E7369 		.ascii	"unsigned char\000"
 991      676E6564 
 991      20636861 
 991      7200
 992              	.LASF30:
 993 007d 64725661 		.ascii	"drVal\000"
 993      6C00
ARM GAS  C:\Users\victo\AppData\Local\Temp\ccPP14k6.s 			page 38


 994              	.LASF5:
 995 0083 6C6F6E67 		.ascii	"long unsigned int\000"
 995      20756E73 
 995      69676E65 
 995      6420696E 
 995      7400
 996              	.LASF3:
 997 0095 73686F72 		.ascii	"short unsigned int\000"
 997      7420756E 
 997      7369676E 
 997      65642069 
 997      6E7400
 998              	.LASF13:
 999 00a8 646F7562 		.ascii	"double\000"
 999      6C6500
 1000              	.LASF10:
 1001 00af 75696E74 		.ascii	"uint16\000"
 1001      313600
 1002              	.LASF23:
 1003 00b6 706F7369 		.ascii	"position\000"
 1003      74696F6E 
 1003      00
 1004              	.LASF11:
 1005 00bf 75696E74 		.ascii	"uint32\000"
 1005      333200
 1006              	.LASF25:
 1007 00c6 696E7472 		.ascii	"intrCfg\000"
 1007      43666700 
 1008              	.LASF8:
 1009 00ce 756E7369 		.ascii	"unsigned int\000"
 1009      676E6564 
 1009      20696E74 
 1009      00
 1010              	.LASF17:
 1011 00db 5653454C 		.ascii	"VSEL1_P1_Write\000"
 1011      315F5031 
 1011      5F577269 
 1011      746500
 1012              	.LASF7:
 1013 00ea 6C6F6E67 		.ascii	"long long unsigned int\000"
 1013      206C6F6E 
 1013      6720756E 
 1013      7369676E 
 1013      65642069 
 1014              	.LASF27:
 1015 0101 474E5520 		.ascii	"GNU C 4.9.3 20150303 (release) [ARM/embedded-4_9-br"
 1015      4320342E 
 1015      392E3320 
 1015      32303135 
 1015      30333033 
 1016 0134 616E6368 		.ascii	"anch revision 221220] -mcpu=cortex-m0 -mthumb -g -O"
 1016      20726576 
 1016      6973696F 
 1016      6E203232 
 1016      31323230 
 1017 0167 73202D66 		.ascii	"s -ffunction-sections -finline-functions -flto -ffa"
 1017      66756E63 
ARM GAS  C:\Users\victo\AppData\Local\Temp\ccPP14k6.s 			page 39


 1017      74696F6E 
 1017      2D736563 
 1017      74696F6E 
 1018 019a 742D6C74 		.ascii	"t-lto-objects -fno-strict-aliasing\000"
 1018      6F2D6F62 
 1018      6A656374 
 1018      73202D66 
 1018      6E6F2D73 
 1019              	.LASF18:
 1020 01bd 6D6F6465 		.ascii	"mode\000"
 1020      00
 1021              	.LASF29:
 1022 01c2 433A5C55 		.ascii	"C:\\Users\\victo\\OneDrive\\Documents\\PSoC Creator"
 1022      73657273 
 1022      5C766963 
 1022      746F5C4F 
 1022      6E654472 
 1023 01f0 5C435950 		.ascii	"\\CYPD4225-40LQXI_0805\\CYPD4225-40LQXI_notebook01."
 1023      44343232 
 1023      352D3430 
 1023      4C515849 
 1023      5F303830 
 1024 0221 63796473 		.ascii	"cydsn\000"
 1024      6E00
 1025              	.LASF6:
 1026 0227 6C6F6E67 		.ascii	"long long int\000"
 1026      206C6F6E 
 1026      6720696E 
 1026      7400
 1027              	.LASF26:
 1028 0235 6D61736B 		.ascii	"maskedStatus\000"
 1028      65645374 
 1028      61747573 
 1028      00
 1029              	.LASF14:
 1030 0242 63686172 		.ascii	"char\000"
 1030      00
 1031              	.LASF2:
 1032 0247 73686F72 		.ascii	"short int\000"
 1032      7420696E 
 1032      7400
 1033              	.LASF9:
 1034 0251 75696E74 		.ascii	"uint8\000"
 1034      3800
 1035              	.LASF4:
 1036 0257 6C6F6E67 		.ascii	"long int\000"
 1036      20696E74 
 1036      00
 1037              	.LASF28:
 1038 0260 2E5C4765 		.ascii	".\\Generated_Source\\PSoC4\\VSEL1_P1.c\000"
 1038      6E657261 
 1038      7465645F 
 1038      536F7572 
 1038      63655C50 
 1039              	.LASF22:
 1040 0284 5653454C 		.ascii	"VSEL1_P1_SetInterruptMode\000"
 1040      315F5031 
ARM GAS  C:\Users\victo\AppData\Local\Temp\ccPP14k6.s 			page 40


 1040      5F536574 
 1040      496E7465 
 1040      72727570 
 1041              		.comm	__gnu_lto_v1,1,1
 1042              		.ident	"GCC: (GNU Tools for ARM Embedded Processors) 4.9.3 20150303 (release) [ARM/embedded-4_9-br
