ARM GAS  C:\Users\victo\AppData\Local\Temp\ccCBxNWY.s 			page 1


   1              		.cpu cortex-m0
   2              		.fpu softvfp
   3              		.eabi_attribute 20, 1
   4              		.eabi_attribute 21, 1
   5              		.eabi_attribute 23, 3
   6              		.eabi_attribute 24, 1
   7              		.eabi_attribute 25, 1
   8              		.eabi_attribute 26, 1
   9              		.eabi_attribute 30, 4
  10              		.eabi_attribute 34, 0
  11              		.eabi_attribute 18, 4
  12              		.code	16
  13              		.file	"VSEL2_P2.c"
  14              		.text
  15              	.Ltext0:
  16              		.section	.gnu.lto_.profile.92f66938,"",%progbits
  17 0000 789C6366 		.ascii	"x\234cf```a\200\000F\006uE\000\000\343\000Q"
  17      60606061 
  17      80004606 
  17      75450000 
  17      E30051
  18              		.text
  19              		.section	.gnu.lto_.jmpfuncs.92f66938,"",%progbits
  20 0000 789C6366 		.ascii	"x\234cf\300\016d\2404\033\003##c=#\210`b``f``abdd\256"
  20      C00E64A0 
  20      341B0323 
  20      23633D23 
  20      88606260 
  21 001d AF6705CA 		.ascii	"\257g\005\312\001\000 \267\002>"
  21      010020B7 
  21      023E
  22              		.text
  23              		.section	.gnu.lto_.inline.92f66938,"",%progbits
  24 0000 789C6366 		.ascii	"x\234cf\300\016f@i6\006\006\016vFF\006F\006\006f\216"
  24      C00E6640 
  24      69360606 
  24      0E764646 
  24      06460606 
  25 0016 03760C6C 		.ascii	"\003v\014l\013\344\231\030\230.\360\263\200$\031\031"
  25      0BE49918 
  25      982EF0B3 
  25      80241919 
  26 0026 3839D0E5 		.ascii	"89\320\345X\026\310\203\345\230\030\330X\031\031\230"
  26      5816C883 
  26      E59818D8 
  26      58191998 
  27 0036 D83EE841 		.ascii	"\330>\350A\304\201\200\031S\210\005d\002\023\310\004"
  27      C4818019 
  27      53880564 
  27      0213C804 
  28 0046 A0390C2C 		.ascii	"\2409\014,\2506\000\011\036\220\"V\006v6\240>\270$\010"
  28      A8360009 
  28      1E902256 
  28      067636A0 
  28      3EB82408 
  29 005a 0000BE90 		.ascii	"\000\000\276\220\017\254"
  29      0FAC
ARM GAS  C:\Users\victo\AppData\Local\Temp\ccCBxNWY.s 			page 2


  30              		.text
  31              		.section	.gnu.lto_.pureconst.92f66938,"",%progbits
  32 0000 789C6366 		.ascii	"x\234cf``\340e\200\0006\006)F)&)f)\026)V)\000\005\261"
  32      6060E065 
  32      80003606 
  32      29462926 
  32      29662916 
  33 001a 00C2     		.ascii	"\000\302"
  34              		.text
  35              		.section	.gnu.lto_VSEL2_P2_SetDriveMode.92f66938,"",%progbits
  36 0000 789C7D50 		.ascii	"x\234}P\317+Da\024\275\347{\317\233A\"\313YX\031\223"
  36      CF2B4461 
  36      14BDE77B 
  36      CF9B4122 
  36      CB595819 
  37 0015 6816F207 		.ascii	"h\026\362\007(\311\306bj\312j\012\361\312\206\211X\373"
  37      28C9C662 
  37      6ACA6A0A 
  37      F1CA8689 
  37      58FB
  38 0027 660C49A9 		.ascii	"f\014I\251!\013\222\015\311\217a\024\013\013\026\223"
  38      210B920D 
  38      C98F6114 
  38      0B0B1693 
  39 0037 051B110B 		.ascii	"\005\033\021\013\243IlF\206\025\021f\241\347^3;\345"
  39      A3496C46 
  39      86151166 
  39      A1E75E33 
  39      3BE5
  40 0049 D577BFFB 		.ascii	"\325w\277\373\235\3169\357\334k\320\337\317\303g\013"
  40      9DCE39EF 
  40      DC6BD0DF 
  40      CFC3670B 
  41 0059 440D7CC3 		.ascii	"D\015|\303 \250\3709Q\304\255\000i\0104\2460\206'\365"
  41      20A8F839 
  41      51C4AD00 
  41      690834A6 
  41      308627F5 
  42 006d AA104F25 		.ascii	"\252\020O%\026\312}kZ\353\227\350~\277\236\357\316+"
  42      16CA7D6B 
  42      5AEB97E8 
  42      7EBF9EEF 
  42      CE2B
  43 007f A23755F0 		.ascii	"\2427U\360\301:|\314y\314?\255W\030>\020\367\337\263"
  43      C13A7CCC 
  43      79CC3FAD 
  43      57183E10 
  43      F7DFB3
  44 0092 E92BE55D 		.ascii	"\351+\345]\325:\232:O\352\026\344\331t\003\006+\320"
  44      D53A9A3A 
  44      4FEA16E4 
  44      D9740306 
  44      2BD0
  45 00a4 E841BD87 		.ascii	"\350A\275\207\030 l\302+\344\327\330w\272\334\212\261"
  45      18206CC2 
  45      2BE4D7D8 
  45      77BADC8A 
ARM GAS  C:\Users\victo\AppData\Local\Temp\ccCBxNWY.s 			page 3


  45      B1
  46 00b5 7955C113 		.ascii	"yU\301\023[\2608\027\355V\247\264\343\274\235]\346\352"
  46      5BB03817 
  46      ED56A7B4 
  46      E3BC9D5D 
  46      E6EA
  47 00c7 50AA58A3 		.ascii	"P\252X\243\014)&DY\"\255%\305%\205(\313G\202?\360\203"
  47      0C292644 
  47      5922AD25 
  47      C5258528 
  47      CB47823F 
  48 00dd 6F2383E3 		.ascii	"o#\203\343\217\351\353EK\334>\225Lq81\223.\313\251\274"
  48      8FE9EB45 
  48      4BDC3E95 
  48      4C713831 
  48      932ECBA9 
  49 00f2 32A626E3 		.ascii	"2\246&\343\332\224\177\337g/.\335\277\020\311\363y\345"
  49      DA947FDF 
  49      672F2EDD 
  49      BF10C9F3 
  49      79E5
  50 0104 6868194B 		.ascii	"hh\031K\221\030'6\221\200\007\333\3405a\007\313\240"
  50      91182736 
  50      918007DB 
  50      E0356107 
  50      CBA0
  51 0116 0CC6BF8A 		.ascii	"\014\306\277\212nF\3010\261wS#bu\3528N%!\311\344\014"
  51      6E46C130 
  51      B1775323 
  51      6275EA38 
  51      4E2521C9 
  52 012c A277AE02 		.ascii	"\242w\256\002\253\344S\231\242\272-\252\004\202W(\343"
  52      ABE45399 
  52      A2BA2DAA 
  52      04825728 
  52      E3
  53 013d EF45C8F5 		.ascii	"\357E\310\365\353e1t<\007\201\376\011\261\313!XAw\210"
  53      EB653174 
  53      3C0781FE 
  53      09B1CB21 
  53      58417788 
  54 0151 A40E4E94 		.ascii	"\244\016N\224\260e\375Y^%\317\313\323\327\372C\355\366"
  54      B065FD59 
  54      5E25CFCB 
  54      D3D7FA43 
  54      EDF6
  55 0163 A03DDC33 		.ascii	"\240=\3343b\367u\005\303\243\303\275v(\020\014\2676"
  55      62F77505 
  55      C3A3C3BD 
  55      7628100C 
  55      B736
  56 0175 873A836D 		.ascii	"\207:\203m\035M]\201&\177/\231\003\341>\373\007\014"
  56      1D4D5D81 
  56      267F2F99 
  56      03E13EFB 
  56      070C
  57 0187 6A9EF6   		.ascii	"j\236\366"
ARM GAS  C:\Users\victo\AppData\Local\Temp\ccCBxNWY.s 			page 4


  58              		.text
  59              		.section	.gnu.lto_VSEL2_P2_Write.92f66938,"",%progbits
  60 0000 789C6592 		.ascii	"x\234e\222?h\023Q\034\307\337\367\275\\\356J\034D\034"
  60      3F681351 
  60      1CC7DFF7 
  60      BD5CEE4A 
  60      1C441C
  61 0013 4A16875A 		.ascii	"J\026\207Z\202\240\035\202\233\213 \322\305\241\020"
  61      82A01D82 
  61      9B8B20D2 
  61      C5A110
  62 0022 C8142CA1 		.ascii	"\310\024,\241\275A(\026\202\355\332\227z&\322\245Q\212"
  62      BD412816 
  62      82EDDA97 
  62      7A26D2A5 
  62      518A
  63 0034 0424D12A 		.ascii	"\004$\321*\305j\264\255-\270t9*\350\242-]\252\226\020"
  63      C56AB4AD 
  63      2DB87439 
  63      2AE8A22D 
  63      5DAA9610 
  64 0048 131AA1DD 		.ascii	"\023\032\241\335\354\037\252\031j\374\375\356-\006\217"
  64      EC1FAA19 
  64      6AFCFDEE 
  64      2D068F
  65 0057 BBF7EEBE 		.ascii	"\273\367\356\276\367\375\374\336\367\375\356\224\370"
  65      F7FDFCDE 
  65      F7FDEE94 
  65      F8
  66 0064 FF88D275 		.ascii	"\377\210\322uK\012\021\247\031J@\026\326\205\310:\022"
  66      4B0A11A7 
  66      194A4016 
  66      D685C83A 
  66      12
  67 0075 E01B0131 		.ascii	"\340\033\0011!1\201=\271/Q\360+\305HlNk\375\363`\265"
  67      2131813D 
  67      B92F51F0 
  67      2BC5486C 
  67      4E6BFDF3 
  68 008b FB5E778B 		.ascii	"\373^w\213\260Ci\312\340\005bd9\254\350\031\245b\020"
  68      B04369CA 
  68      E0056264 
  68      39ACE819 
  68      A56210
  69 009e 74BFB4F9 		.ascii	"t\277\264\371\371\217\335\373\\\353I\177uA_E\213j\316"
  69      F98FDDFB 
  69      5CEB497F 
  69      75415F45 
  69      8B6ACE
  70 00b1 4311818B 		.ascii	"C\021\201\213Q\\\210\012\022\004^\242\227\315\007\217"
  70      515C880A 
  70      12045EA2 
  70      97CD078F 
  71 00c1 2AC7525D 		.ascii	"*\307R]\012\300\306\263\235'v\317,\201\365\275\235\017"
  71      0AC0C6B3 
  71      9D2776CF 
  71      2C81F5BD 
ARM GAS  C:\Users\victo\AppData\Local\Temp\ccCBxNWY.s 			page 5


  71      9D0F
  72 00d3 115DD45E 		.ascii	"\021]\324^\275\335>\307\374\253\177ys\020\260\357\235"
  72      BDDD3EC7 
  72      FCAB7F79 
  72      7310B0EF 
  72      9D
  73 00e4 7C89843D 		.ascii	"|\211\204=\012v\032\025\364\230Px\2150hbe\361\214\257"
  73      0A761A15 
  73      F4985078 
  73      8D306862 
  73      65F18CAF 
  74 00f8 DBED95A3 		.ascii	"\333\355\225\243\007\367\257 \"ia\251hP!\301/-p\210"
  74      07F7AF20 
  74      226961A9 
  74      685021C1 
  74      2F2D7088 
  75 010c 300B360F 		.ascii	"0\0136\017N\240v\261K\210&]\334\210\037\364@\263\332"
  75      4EA076B1 
  75      4B88265D 
  75      DC881FF4 
  75      40B3DA
  76 011f C6DAF1D4 		.ascii	"\306\332\361\324zy\234\253\377\222\334\225\331\271\242"
  76      7A799CAB 
  76      FF92DC95 
  76      D9B9A2
  77 012e 875DD992 		.ascii	"\207]\331\222!\235+\350\020\347\371\336\334\330t\002"
  77      219D2BE8 
  77      10E7F9DE 
  77      DCD87402 
  78 013e 2988D778 		.ascii	")\210\327x\232\237W%<\316z\324\003\013o\020\305\002"
  78      9A9F5725 
  78      3CCE7AD4 
  78      030B6F10 
  78      C502
  79 0150 283E1651 		.ascii	"(>\026Q\202\330\306\344\327|U\232\202\212j\222r\367"
  79      82D8C6E4 
  79      D77C559A 
  79      828A6A92 
  79      72F7
  80 0162 77AE0AA3 		.ascii	"w\256\012\243\204H\244\032S\357>\315(.\251N\250iK\204"
  80      8448A41A 
  80      53EF3ECD 
  80      282EA94E 
  80      A8694B84 
  81 0176 6F216038 		.ascii	"o!`8+\271\030\252\346\266\3127\015E\247E\324\307\322"
  81      2BB918AA 
  81      E6B6CA37 
  81      0D45A745 
  81      D4C7D2
  82 0189 EE7228A0 		.ascii	"\356r(\240\010zKPGi\233|d\332\250\277\237>\305&Pg\227"
  82      087A4B50 
  82      47699B7C 
  82      64DAA8BF 
  82      9F3EC526 
  83 01a0 8DE9286C 		.ascii	"\215\351(l,N\020\300\356\\\314\341\314\265|\255\234"
  83      2C4E10C0 
  83      EE5CCCE1 
ARM GAS  C:\Users\victo\AppData\Local\Temp\ccCBxNWY.s 			page 6


  83      CCB57CAD 
  83      9C
  84 01b1 34A62E23 		.ascii	"4\246.#\255=l\234e\241c\307Y\337\352\334\363\012\355"
  84      AD3D6C9C 
  84      65A163C7 
  84      59DFEADC 
  84      F30AED
  85 01c4 99105143 		.ascii	"\231\020QC\326\377\326\317~\376\210M\372\025\250\275"
  85      D6FFD6CF 
  85      7EFE884D 
  85      FA15A8BD 
  86 01d4 D4ECF37D 		.ascii	"\324\354\363}\251~\367\266\233I\337q\207\007\023\243"
  86      A97EF7B6 
  86      9B49DF71 
  86      870713A3 
  87 01e4 63992137 		.ascii	"c\231!75\220\030\275v9\225L\\\277\021\037\034\210\367"
  87      359018BD 
  87      7639954C 
  87      5CBF111F 
  87      1C88F7
  88 01f7 0D096B3C 		.ascii	"\015\011k<=2\346Z\303\231dz\344/O\325\336\363"
  88      3D32E65A 
  88      C399647A 
  88      E42F4FD5 
  88      DEF3
  89              		.text
  90              		.section	.gnu.lto_VSEL2_P2_Read.92f66938,"",%progbits
  91 0000 789C654F 		.ascii	"x\234eO\277KBQ\024>\337y\317\207\340P4\205\263(\201"
  91      BF4B4251 
  91      143EDF79 
  91      CF87E050 
  91      3485B328 
  92 0015 3948FF41 		.ascii	"9H\377ADK\203 4\204 aoM\220\232\275\332\313\240I\032"
  92      444B8320 
  92      34842061 
  92      6F4D909A 
  92      BDDACBA0 
  93 002b 0DA788B2 		.ascii	"\015\247\210\262\202Z\233\012gI\302H\220\260E\301\266"
  93      825A9B0A 
  93      6749C248 
  93      90B045C1 
  93      B6
  94 003c 44FBF186 		.ascii	"D\373\361\206\262s{m]\270\347\334\363\235\217\357\373"
  94      B2737B6D 
  94      5DB8E7DC 
  94      F39D8FEF 
  94      FB
  95 004d AE41FF4F 		.ascii	"\256A\377OP\356<\210\302\322a\020\270|GT\3603\240\037"
  95      50EE3C88 
  95      C2D26110 
  95      B87C4754 
  95      F033A01F 
  96 0061 04CA33F2 		.ascii	"\004\3123\362x\341!\243q\375\335B\344X\251\342k\261"
  96      78E121A3 
  96      71FDDD42 
  96      E458A9E2 
  96      6BB1
ARM GAS  C:\Users\victo\AppData\Local\Temp\ccCBxNWY.s 			page 7


  97 0073 F514D89D 		.ascii	"\365\024\330\235u\231h\304\204h\020sZ\007'\210\220\020"
  97      759968C4 
  97      84681073 
  97      5A072788 
  97      9010
  98 0085 87CE573B 		.ascii	"\207\316W;`9J\251i\275\227\305),\361\240\313\231[5\231"
  98      60394AA9 
  98      69BD97C5 
  98      292CF1A0 
  98      CB995B35 
  99 009a 8C1A0783 		.ascii	"\214\032\007\2030[L.\213\243\024S\027\037i9\352I\321"
  99      305B4C2E 
  99      8BA31453 
  99      171F6939 
  99      EA49D1
 100 00ad CE7D66DD 		.ascii	"\316}f\335\215\016\352\357\373\217\2655-\361\301:\306"
 100      8D0EEAEF 
 100      FB8FB535 
 100      2DF1C13A 
 100      C6
 101 00be 51B33EF6 		.ascii	"Q\263>\366\015\330evJeej\303\347^\363\336\377\013\221"
 101      0DD86576 
 101      4A65656A 
 101      C3E75EF3 
 101      DEFF0B91 
 102 00d2 1EDF2A57 		.ascii	"\036\337*W7SU\034\026\034\270l\240\206 \316 \001q\216"
 102      3753551C 
 102      161CB86C 
 102      A08620CE 
 102      2001718E 
 103 00e6 2AA8839D 		.ascii	"*\250\203\235\317R\303\364\004\015O\263\322\356\217"
 103      CF52C3F4 
 103      040D4FB3 
 103      D2EE8F
 104 00f5 0D2D00F9 		.ascii	"\015-\000\371\316\205p\205\324-=X\036\311\024\036B\032"
 104      CE857085 
 104      D42D3D58 
 104      1EC9141E 
 104      421A
 105 0107 2C76F7A2 		.ascii	",v\367\242\036\346\023\230\272\300\337\364\233\034:"
 105      1EE61398 
 105      BAC0DFF4 
 105      9B1C3A
 106 0116 B14408C5 		.ascii	"\261D\010\305R\313\366\246\235[\337\2627\322\311\354"
 106      52CBF6A6 
 106      9D5BDFB2 
 106      37D2C9EC 
 107 0126 762E63A7 		.ascii	"v.c\247\022\311\354\342Bj5\271\264\022O'\342\261\014"
 107      12C9ECE2 
 107      426A35B9 
 107      B4124F27 
 107      E2B10C
 108 0139 FD00BD14 		.ascii	"\375\000\275\024t\331"
 108      74D9
 109              		.text
 110              		.section	.gnu.lto_VSEL2_P2_ReadDataReg.92f66938,"",%progbits
 111 0000 789C654F 		.ascii	"x\234eO1KBQ\024>\337y\317\207\340\022M\341,I`\016\326"
ARM GAS  C:\Users\victo\AppData\Local\Temp\ccCBxNWY.s 			page 8


 111      314B4251 
 111      143EDF79 
 111      CF87E012 
 111      4DE12C49 
 112 0017 3F886869 		.ascii	"?\210hi\020\204\206\020$\354\255\011R\263W{)4IS\024"
 112      10848610 
 112      24ECAD09 
 112      52B3577B 
 112      29344953 
 113 002c 420D9295 		.ascii	"B\015\222\225\320\334\026\316RD\201\024a\004\032\266"
 113      D0DC16CE 
 113      52448114 
 113      61041AB6 
 114 003c 2586F586 		.ascii	"%\206\365\206\262s}m]\270\347\334\363\235\217\357\373"
 114      B2737D6D 
 114      5DB8E7DC 
 114      F39D8FEF 
 114      FB
 115 004d AE41FF4F 		.ascii	"\256A\377OP\356,\210\246\245\303 p\371\232(\357g@?\010"
 115      50EE2C88 
 115      A6A5C320 
 115      70F99A28 
 115      EF67403F 
 116 0062 9463E4F0 		.ascii	"\224c\344\360\306}F\363\362\347\016\341\252R\205\367"
 116      C67D46F3 
 116      F2E70EE1 
 116      AA5285F7 
 117 0072 C6C35360 		.ascii	"\306\303S`g\312e\242\001\023\"A\314h\035\234 LB\354"
 117      67CA65A2 
 117      01132241 
 117      CC681D9C 
 117      204C42EC 
 118 0086 3BDFAD80 		.ascii	";\337\255\200\345(\245&\364^\0265X\342A\027\223Wj4\032"
 118      E528A526 
 118      F45E1635 
 118      58E24117 
 118      93576A34 
 119 009b BCEEF5E6 		.ascii	"\274\356\365\346\330brY\034\245\230\272\370H\313QG\212"
 119      D8627259 
 119      1CA598BA 
 119      F848CB51 
 119      478A
 120 00ad 76EE32EB 		.ascii	"v\3562\353n<\2421\334\035\326W\265\304'\353\030\307"
 120      6E3CA231 
 120      DC1DD657 
 120      B5C427EB 
 120      18C7
 121 00bf D57D073D 		.ascii	"\325}\007=v\231U\261\254Lm\370\334\271\271\365\217!"
 121      769955B1 
 121      AC4C6DF8 
 121      DCB9B9F5 
 121      8F21
 122 00d1 D2E3CB51 		.ascii	"\322\343\313Q\251fTp\230w\340\262\201S\004q\006\011"
 122      A9665470 
 122      9877E0B2 
 122      81530471 
 122      0609
ARM GAS  C:\Users\victo\AppData\Local\Temp\ccCBxNWY.s 			page 9


 123 00e3 88735440 		.ascii	"\210sT@\217\330\376*6MO\320\3604\017Z\335\017C\013@"
 123      8FD8FE2A 
 123      364D4FD0 
 123      F0340F5A 
 123      DD0F430B 
 124 00f8 BE5317AE 		.ascii	"\276S\027\256\220\332\305{\313#\231\302CH\203\205v)"
 124      90DAC57B 
 124      CB2399C2 
 124      43488385 
 124      7629
 125 010a E2613E81 		.ascii	"\342a>\201\251\015\374M\343\344\320\211%B(\232\\\262"
 125      A90DFC4D 
 125      E3E4D089 
 125      2542289A 
 125      5CB2
 126 011c 37ECECDA 		.ascii	"7\354\354\332\246\275\236Jd\266\262i;\031Od\026\346"
 126      A6BD9E4A 
 126      64B6B269 
 126      3B194F64 
 126      16E6
 127 012e 932B89C5 		.ascii	"\223+\211\305\345X*\036\213\246\351\027\202\230tA"
 127      E5582A1E 
 127      8BA6E917 
 127      82987441 
 128              		.text
 129              		.section	.gnu.lto_VSEL2_P2_SetInterruptMode.92f66938,"",%progbits
 130 0000 789C6D91 		.ascii	"x\234m\221Ah\023A\024\206\347\315\354n6M\304\342AJ."
 130      41681341 
 130      1486E7CD 
 130      EC6E364D 
 130      C4E2414A 
 131 0015 0A35E420 		.ascii	"\0125\344 \024)z\363P(\342E$\020\360\024(\322\256\222"
 131      14297AF3 
 131      5028E245 
 131      2410F014 
 131      28D2AE92 
 132 0029 835989F1 		.ascii	"\203Y\211\361\344\241\233\030\023\020\017\241\026)\226"
 132      E4A19B18 
 132      13100FA1 
 132      162996
 133 0038 2245A5AD 		.ascii	"\"E\245\255\3216Z\025\315)D\301\202h[(-T\210\265&jA"
 133      D1365A15 
 133      CD2944C1 
 133      82685B28 
 133      2D5488B5 
 134 004f A169A249 		.ascii	"\241i\242ID\211\357\355\324C\321\205\235\231\367\361"
 134      4489EFED 
 134      D443D185 
 134      9D99F7F1 
 135 005f DE3FFF7B 		.ascii	"\336?\377{#\330\277\237\007\377;\234\261\243\270\203"
 135      23D8BF9F 
 135      07FF3B9C 
 135      B1A3B883 
 136 006f 60C0D36F 		.ascii	"`\300\323o\031\213\351\034\200\016\014\330 \207A\330"
 136      198BE91C 
 136      800E0CD8 
 136      208741D8 
ARM GAS  C:\Users\victo\AppData\Local\Temp\ccCBxNWY.s 			page 10


 137 007f E0150EE9 		.ascii	"\340\025\016\351|f\304\345\273kY\326\346V\265\343JG"
 137      7C66C4E5 
 137      BB6B59D6 
 137      E656B5E3 
 137      4A47
 138 0091 13CBAA5C 		.ascii	"\023\313\252\\\312\300\004\3700\245\374l\374\222\360"
 138      CAC004F8 
 138      30A5FC6C 
 138      FC92F0
 139 00a0 01C3E3EB 		.ascii	"\001\303\343\353\365F\325\375\20579\264Sxs\245\\\023"
 139      F546D5FD 
 139      853739B4 
 139      537873A5 
 139      5C13
 140 00b2 14724E61 		.ascii	"\024rNa\346\345p\326\341\275mY\361\374|\326\352A.`\022"
 140      E6E570D6 
 140      E1BD6D59 
 140      F1FC7CD6 
 140      EA412E60 
 141 00c7 04CAC114 		.ascii	"\004\312\301\024x\340\036x\030\"\006\031\360b\366\347"
 141      78E01E78 
 141      18220619 
 141      F062F6E7 
 142 00d7 E6C6C42E 		.ascii	"\346\306\304.q\310\326]\217\335\372\356\222\225\215"
 142      71C8D65D 
 142      8FDDFAEE 
 142      92958D
 143 00e6 BF95F7FF 		.ascii	"\277\225\367\377S\371\000\274\224\276\360b\370\243*"
 143      53F900BC 
 143      94BEF062 
 143      F8A32A
 144 00f5 8ED8A5CF 		.ascii	"\216\330\245\317\247ko\\\266\245\375\024\346\206\346"
 144      A76B6F5C 
 144      B6A5FD14 
 144      E686E6
 145 0104 4634DB92 		.ascii	"F4\333\222B\341\267\033\205Q\3369\216\302kS\251Wnk\316"
 145      42E1B71B 
 145      8551DE39 
 145      8EC26B53 
 145      A9576E6B 
 146 0119 4AACB55A 		.ascii	"J\254\265Z\373\232\\\201i\251?\203\372Y\360lO\016K*"
 146      FB9A5C81 
 146      69A93F83 
 146      FA59F06C 
 146      4F0E4B2A 
 147 012d 89DF2B2E 		.ascii	"\211\337+.-\201\023i\207\207\320)\247\001\217@\003\334"
 147      2D811369 
 147      8787D029 
 147      A7018F40 
 147      03DC
 148 013f 88CCECC9 		.ascii	"\210\314\354\311[\255\326\354\322\365\311\203\302\315"
 148      5BADD6EC 
 148      D2F5C983 
 148      C2CD
 149 014d D1982A80 		.ascii	"\321\230*\200zR\350\250\322\2421\312s\000\371\325\021"
 149      7A52E8A8 
 149      D2A231CA 
ARM GAS  C:\Users\victo\AppData\Local\Temp\ccCBxNWY.s 			page 11


 149      7300F9D5 
 149      11
 150 015e 684EA26D 		.ascii	"hN\242m\2640VB=z\2062\016\015w\261\012\205\037W\213"
 150      B4305642 
 150      3D7A8632 
 150      0E0D77B1 
 150      0A851F57 
 151 0173 393F5D51 		.ascii	"9?]Q\347\364&\013\251\332\342n\352\301q-\231\266\354"
 151      E7F4260B 
 151      A9DAE26E 
 151      EAC1712D 
 151      99B6EC
 152 0186 3EDE97E6 		.ascii	">\336\227\346\027u\033\331\0367+\251\270k\014Fc\011"
 152      17751BD9 
 152      1E372BA9 
 152      B86B0C46 
 152      6309
 153 0198 68721D66 		.ascii	"hr\035f\261\207\307\324\003<\2011`\253\020/\246J\252"
 153      B187C7D4 
 153      033C8131 
 153      60AB102F 
 153      A64AAA
 154 01ab 1454EA38 		.ascii	"\024T\35288$?\223K\212$*B$\227\033\311\257 \011\335"
 154      38243F93 
 154      4B8A242A 
 154      4224971B 
 154      C9AF2009 
 155 01c0 8B9C2D03 		.ascii	"\213\234-\003\267\033E\363\010e\316\247\334\362v\226"
 155      B71B45F3 
 155      0865CEA7 
 155      DCF27696 
 156 01d0 8E4A7534 		.ascii	"\216Ju4@\362\016\211\234H)\255\226\374%$i\263\325\234"
 156      40F20E89 
 156      9C4829AD 
 156      96FC2524 
 156      69B3D59C 
 157 01e4 080B431F 		.ascii	"\010\013C\037\366\022\333a7\226Ww\032~\212\206\261\212"
 157      F612DB61 
 157      37965777 
 157      1A7E8A86 
 157      B18A
 158 01f6 1521967F 		.ascii	"\025!\226\177w\222\362\351\031J\034h68\251\003]\301"
 158      7792F2E9 
 158      194A1C68 
 158      3638A903 
 158      5DC1
 159 0208 E346D888 		.ascii	"\343F\330\210\234\216\032\003}\001\363b\244\337\010"
 159      9C8E1A03 
 159      7D01F362 
 159      A4DF08
 160 0217 FA0366EF 		.ascii	"\372\003f\357\341\340\251\300\261\023\335}\376\356\256"
 160      E1E0A9C0 
 160      B113DD7D 
 160      FEEEAE
 161 0226 7EA69F37 		.ascii	"~\246\2377/\204\242!3\254\2343\007\014G(\034\215\364"
 161      2F84A221 
 161      33AC9C33 
ARM GAS  C:\Users\victo\AppData\Local\Temp\ccCBxNWY.s 			page 12


 161      070C4728 
 161      1C8DF4
 162 0239 9E39FB07 		.ascii	"\2369\373\007\265K\375\315"
 162      B54BFDCD 
 163              		.text
 164              		.section	.gnu.lto_VSEL2_P2_ClearInterrupt.92f66938,"",%progbits
 165 0000 789C6590 		.ascii	"x\234e\220OHTQ\024\306\317w\356839A\321*f\343Ba\020"
 165      4F485451 
 165      14C6CF77 
 165      EE383339 
 165      41D12A66 
 166 0018 C485B96A 		.ascii	"\304\205\271j\033\341\246\2050\340j@\006}\253\250\001"
 166      1BE1A685 
 166      30E06A40 
 166      067DABA8 
 166      01
 167 0029 1DB77AC7 		.ascii	"\035\267z\307\246\031\252\205\203\021D\341\242Ed\376"
 167      A619AA85 
 167      831144E1 
 167      A24564FE 
 168 0039 C54DD0C2 		.ascii	"\305M\320\302\220!f\243(\"8\"2\012*\024\204(\306\330"
 168      902166A3 
 168      28223822 
 168      320A2A14 
 168      8428C6D8 
 169 004d A39AD739 		.ascii	"\243\232\3279\357\265H\272p\337\275\357\273\367\373"
 169      EFB548BA 
 169      70DFBDEF 
 169      BBF7FB
 170 005c 9DEF1E43 		.ascii	"\235\357\036C\377\217\270\314U\020\335\222\025\206\300"
 170      FF8FB8CC 
 170      5510DD92 
 170      1586C0
 171 006b A575A25C 		.ascii	"\245u\242\\\224\001\335\020h\2141\206\257|\306X\373"
 171      9401DD10 
 171      688C3186 
 171      AF7CC658 
 171      FB
 172 007c D8D842E2 		.ascii	"\330\330B\342\255\265\343\247\345\237{\261\3077]&:g"
 172      ADB5E3A7 
 172      E59F7BB1 
 172      C7375D26 
 172      3A67
 173 008e 42471CED 		.ascii	"BG\034\355\312\301;$H.\2768|r\002\223\200\356\353\336"
 173      CAC13B24 
 173      482EBE38 
 173      7C720293 
 173      80EEEBDE 
 174 00a2 B39968EB 		.ascii	"\263\231h\353\0331\035\324\212\225\230}i\363\007\236"
 174      1B311DD4 
 174      8A95987D 
 174      69F3079E 
 175 00b2 D722564C 		.ascii	"\327\"VL\303\374\353\326!\206\263\374\357j,\234\267"
 175      C3FCEBD6 
 175      2186B3FC 
 175      EF6A2C9C 
 175      B7
ARM GAS  C:\Users\victo\AppData\Local\Temp\ccCBxNWY.s 			page 13


 176 00c3 D65EC77B 		.ascii	"\326^\307{\264j\001!\317 ,!\241\312\342\215\025\353"
 176      B46A0121 
 176      CF202C21 
 176      A1CAE28D 
 176      15EB
 177 00d5 79E727CF 		.ascii	"y\347'\317\247o\233(\223\313\022\333e\016\221\0366\351"
 177      A76F9B28 
 177      93CB12DB 
 177      650E911E 
 177      36E9
 178 00e7 7F843419 		.ascii	"\177\2044\031\035\311G\037q\314\254\253\331E\271\376"
 178      1DC9471F 
 178      71CCACAB 
 178      D945B9FE 
 179 00f7 B4BE3CAA 		.ascii	"\264\276<\252\260\013\326\027M|\330\277\270\362\205"
 179      B00BD617 
 179      4D7CD8BF 
 179      B8F285
 180 0106 5D36A542 		.ascii	"]6\245B\311\206\264\374\376\321\306f\324\227\3744\205"
 180      C986B4FC 
 180      FED1C666 
 180      D497FC34 
 180      85
 181 0117 6F4B8D6B 		.ascii	"oK\215kSx\235\313\303\345\020f\021\307\034$-\3461\005"
 181      53789DCB 
 181      C3E51066 
 181      11C71C24 
 181      2DE63105 
 182 012b DAC5F84E 		.ascii	"\332\305\370N\361\027\007@#LQ\036\375(|F\240\204D\024"
 182      F1170740 
 182      234C511E 
 182      FD287C46 
 182      A0844414 
 183 013f C6ABEAF1 		.ascii	"\306\253\352\361w\243H9\307\202\270\267\341[4\257\\"
 183      77A34839 
 183      C782B8B7 
 183      E15B34AF 
 183      5C
 184 0150 524AADD8 		.ascii	"RJ\255\330X\356\013LM\201T\236\364!\227\"\344V\370r"
 184      58EE0B4C 
 184      4D81549E 
 184      F4219722 
 184      E456F872 
 185 0164 88450921 		.ascii	"\210E\011!\016\255Z+T>5\007\204\210\020\320\026\247"
 185      0EAD5A2B 
 185      543E3507 
 185      848810D0 
 185      16A7
 186 0176 1AFEE688 		.ascii	"\032\376\346\210\370\315\2006AZ\322\326\231\352q\036"
 186      F8CD8036 
 186      415AD2D6 
 186      99EA711E 
 187 0186 3A43E9AC 		.ascii	":C\351\2543\330\237\314\214\014\0158\251\336d\346Nw"
 187      33D89FCC 
 187      8C0C0D38 
 187      A9DE64E6 
 187      4E77
ARM GAS  C:\Users\victo\AppData\Local\Temp\ccCBxNWY.s 			page 14


 188 0198 AA2F79F7 		.ascii	"\252/y\367^W\177oW\347\000]}\220\036\276\357\014&\263"
 188      5E577F6F 
 188      57E7005D 
 188      7D901EBE 
 188      EF0C26B3 
 189 01ac E9ECC8F0 		.ascii	"\351\354\310\360\037ja\257w"
 189      1F6A61AF 
 189      77
 190              		.text
 191              		.section	.gnu.lto_.symbol_nodes.92f66938,"",%progbits
 192 0000 789C55C7 		.ascii	"x\234U\307;\015\000 \020D\301w\037\022tbd-\240\200\240"
 192      3B0D0020 
 192      1044C177 
 192      1F127462 
 192      642DA080 
 193 0015 084D3414 		.ascii	"\010M4\024\334t\023\300\340q\004\363\200\304\332\035"
 193      DC7413C0 
 193      E07104F3 
 193      80C4DA1D 
 194 0025 3759B9CB 		.ascii	"7Y\271\313\313CQ\236\312\362\246\366\237\013\351b\031"
 194      CB43519E 
 194      CAF2A6F6 
 194      9F0BE962 
 194      19
 195 0036 56       		.ascii	"V"
 196              		.text
 197              		.section	.gnu.lto_.refs.92f66938,"",%progbits
 198 0000 789C6366 		.ascii	"x\234cf```d\200\002\000\000=\000\005"
 198      60606064 
 198      80020000 
 198      3D0005
 199              		.text
 200              		.section	.gnu.lto_.decls.92f66938,"",%progbits
 201 0000 789C8D54 		.ascii	"x\234\215ToLSW\024\277\347\335\327b\037\025\375\340"
 201      6F4C5357 
 201      14BFE7DD 
 201      D7621F15 
 201      FDE0
 202 0012 60234B56 		.ascii	"`#KV\262\205\270\204\220\010\313\3427?\340\342\226l"
 202      B285B884 
 202      9008CBE2 
 202      373FE0E2 
 202      966C
 203 0024 4B23D9F6 		.ascii	"K#\331\366A\022\322\300\213#Y\300te\211\037\226\\!["
 203      4112D2C0 
 203      8B2359C0 
 203      7465891F 
 203      965C215B 
 204 0038 89634B21 		.ascii	"\211cK!\020+\023!\021Ae:'\035P\304Z\250\016\031\240"
 204      102B1321 
 204      1141653A 
 204      271D50C4 
 204      5AA80E19 
 205 004d 90F90F67 		.ascii	"\220\371\017g\006n\202\233n\006\201D\215\333\336\316"
 205      066E829B 
 205      6E068144 
 205      8DDBDECE 
ARM GAS  C:\Users\victo\AppData\Local\Temp\ccCBxNWY.s 			page 15


 206 005d BDEF4F1F 		.ascii	"\275\357O\037\263\316\335\344\264=\347\335\337\357\374"
 206      B3CEDDE4 
 206      B43DE7DD 
 206      DFEFFC
 207 006c F99D574A 		.ascii	"\371\235WJ\010\011\003!\032\236\277dB\346\320OC\363"
 207      08090321 
 207      1A9EBF64 
 207      42E6D04F 
 207      43F3
 208 007e 92E471A2 		.ascii	"\222\344q\242\235@\213\240\365\241E\321\022hg\311\343"
 208      9D408BA0 
 208      F5A145D1 
 208      126867C9 
 208      E3
 209 008f 87DF7318 		.ascii	"\207\337s\030\370\243h9hSh\223\306s0\356\374\373D\214"
 209      F8A36839 
 209      68536893 
 209      C67330EE 
 209      FCFB448C 
 210 00a3 3C765C66 		.ascii	"<v\\f\012l$\005\226\327$\377G\276\276\024\230\350S0"
 210      0A6C2405 
 210      96D724FF 
 210      47BEBE14 
 210      98E85330 
 211 00b7 D11418DE 		.ascii	"\321\024\030\336\263\313\2501\003\315\215\026C\2330"
 211      B3CBA831 
 211      03CD8D16 
 211      439B30
 212 00c6 383C2978 		.ascii	"8<)x\022)x\370\334\034O\3513\325l\357I0\366\363\203"
 212      122978F8 
 212      DC1C4FE9 
 212      33D56CEF 
 212      4930F6F3 
 213 00db 25F7AF12 		.ascii	"%\367\257\022d(k\271\333ren\231\242\353V$\356^>\035"
 213      64286BB9 
 213      DB72656E 
 213      99A2EB56 
 213      24EE5E3E 
 214 00f0 0CAEA212 		.ascii	"\014\256\242\022\360\337\007\3027.*yG\030cu,\036\207"
 214      F0DF07C2 
 214      372E2A79 
 214      47186375 
 214      2C1E87
 215 0103 24C5AECE 		.ascii	"$\305\256\316\223\365i\210\311T\204\373\305X\313\020"
 215      93F56988 
 215      C95484FB 
 215      C558CB10 
 216 0113 15AEC671 		.ascii	"\025\256\306q\322\364t\323C\012Jn\035c5l\241\221\321"
 216      D2F474D3 
 216      430A4A6E 
 216      1D63356C 
 216      A191D1
 217 0126 6709E465 		.ascii	"g\011\344e\303\313\331\004\216A.^\203#\220G\240\033"
 217      C3CBD904 
 217      8E412E5E 
 217      83239047 
 217      A01B
ARM GAS  C:\Users\victo\AppData\Local\Temp\ccCBxNWY.s 			page 16


 218 0138 B2E12BC8 		.ascii	"\262\341+\310&\035\230`\241m\341\332\363\214\311p\024"
 218      261D9860 
 218      A16DE1DA 
 218      F38CC970 
 218      14
 219 0149 14380C54 		.ascii	"\0248\014T\334\3006x\006#i\350\223\241\220,K\030\344"
 219      DCC03678 
 219      062369E8 
 219      93A1902C 
 219      4B18E4
 220 015c 77B6C93C 		.ascii	"w\266\311<6\276g\337pzV3\343\247\226\255\225\300\233"
 220      36BE67DF 
 220      707A5633 
 220      E3A796AD 
 220      95C09B
 221 016f 095D487B 		.ascii	"\011]H{\010i\011\034\207,\374\374\032d\235`f\376\340"
 221      0869091C 
 221      872CFCFC 
 221      1A649D60 
 221      66FEE0
 222 0182 3D99168A 		.ascii	"=\231\026\212\326Z\357\266\004%\317~\326~|ao\355\274"
 222      D65AEFB6 
 222      0425CF7E 
 222      D67E7C61 
 222      6FEDBC
 223 0195 B7A19635 		.ascii	"\267\241\2265\261YM{A\200\340\033\253\000\302\177\353"
 223      B1594D7B 
 223      4180E01B 
 223      AB00C27F 
 223      EB
 224 01a6 133D011E 		.ascii	"\023=\001\036\004\326O^m\005Z)H\202\327\177Z\006A2;"
 224      04D64F5E 
 224      6D055A29 
 224      4882D77F 
 224      5A064132 
 225 01bb 9350E335 		.ascii	"\223P\3435\354OM\243:C\217\215\241\307d\210\010\206"
 225      EC4F4DA3 
 225      3A438F8D 
 225      A1C76488 
 225      0886
 226 01cd 89EED14F 		.ascii	"\211\356\321O\301^3o'Y\364\267\242\350mF\315\007\372"
 226      C15E336F 
 226      2759F4B7 
 226      A2E86D46 
 226      CD07FA
 227 01e0 83B757D3 		.ascii	"\203\267W\323\217E\272\371pg\202\352\351\302s\311t\010"
 227      8F45BAF9 
 227      706782EA 
 227      E9C273C9 
 227      7408
 228 01f2 805E5BBA 		.ascii	"\200^[\272^3]\237H\367yw\254\333E?\003A\3215\320\274"
 228      5E335D9F 
 228      48F77977 
 228      ACDB453F 
 228      0341D135 
 229 0208 5130B48F 		.ascii	"Q0\264\217\037t\036bqM\333$\360\3756|\277\211\217\012"
 229      1F741E62 
ARM GAS  C:\Users\victo\AppData\Local\Temp\ccCBxNWY.s 			page 17


 229      714DDB24 
 229      F0FD367C 
 229      BF898F0A 
 230 021c 7CEBE2DD 		.ascii	"|\353\342\335A\027m\327\361\246\360\036]\370=w\036D"
 230      41176DD7 
 230      F1A6F01E 
 230      5DF83D77 
 230      1E44
 231 022e 56099757 		.ascii	"V\011\227W\202\312wN\336o\311\200\\E\227tQ\2274\206"
 231      82CA774E 
 231      DE6FC980 
 231      5C459774 
 231      51973486 
 232 0242 FD0D2425 		.ascii	"\375\015$%\365\030\222\212\355\300\0118\326\023\253"
 232      F518928A 
 232      EDC00938 
 232      D613AB
 233 0251 7D3885FB 		.ascii	"}8\205\373\3411\366\343$\006\0071\210\211\332F~\277"
 233      E131F6E3 
 233      24060731 
 233      8889DA46 
 233      7EBF
 234 0263 B446681F 		.ascii	"\264Fh\037\263\264\277\366\303\217\207]V\3544\210\340"
 234      B3B4BFF6 
 234      C38F875D 
 234      56EC3488 
 234      E0
 235 0274 7E2D1695 		.ascii	"~-\026\225\237\270\020Cb\266qs!B\347\023\015\224v\351"
 235      9FB81043 
 235      62B67173 
 235      2142E713 
 235      0D9476E9 
 236 0288 AD2DDD6F 		.ascii	"\255-\335o8\34506\342\227[\033\366\262\366]\354o\015"
 236      38E53036 
 236      E2975B1B 
 236      F6B2F65D 
 236      EC6F0D
 237 029b 179AA360 		.ascii	"\027\232\243`\3306\240as@\0111\240KK\243].:\244\263"
 237      D836A061 
 237      73400931 
 237      A04B4BA3 
 237      5D2E3AA4 
 238 02b0 0CFCB66F 		.ascii	"\014\374\266oQ\337\253\331\353\267Vjt\306Fq\306\244"
 238      51DFABD9 
 238      EBB7566A 
 238      74C64671 
 238      C6A4
 239 02c2 382B28A2 		.ascii	"8+(\242\307\226'\322\305+\351\021$\215\347\302N\361"
 239      C79627D2 
 239      C52BE911 
 239      248DE7C2 
 239      4EF1
 240 02d4 4A8A9EEA 		.ascii	"J\212\236\352\032{\3578\350\364J\005rt\005f\276|\330"
 240      1A7BEF38 
 240      E8F44A05 
 240      72740566 
 240      BE7CD8
ARM GAS  C:\Users\victo\AppData\Local\Temp\ccCBxNWY.s 			page 18


 241 02e7 E1122EFF 		.ascii	"\341\022.\377\367]\303C7\256^\031L\2433\342\272\364"
 241      F75DC343 
 241      37AE5E19 
 241      4CA333E2 
 241      BAF4
 242 02f9 47538D96 		.ascii	"GS\215\226n\011\262\254\0132\201\363\032K\012\222c\027"
 242      6E09B2AC 
 242      0B3281F3 
 242      1A4B0A92 
 242      6317
 243 030b 2454CB5C 		.ascii	"$T\313\\\257\023\370\016g6\302\005\031GAr\014AF1\370"
 243      AF13F80E 
 243      6736C205 
 243      19474172 
 243      0C414631 
 244 0320 BD2E48B4 		.ascii	"\275.H\264yjDQ\352\370\220\377\037B\212\367\204\036"
 244      796A4451 
 244      EAF890FF 
 244      1F428AF7 
 244      841E
 245 0332 B98D4A66 		.ascii	"\271\215Jf\353{:$^\311$Vr.Y\311yH\226\3628\361\205\324"
 245      EB7B3A24 
 245      5EC92456 
 245      722E59C9 
 245      794896F2 
 246 034a A5CCDD6C 		.ascii	"\245\314\335l{\344t\357\266\212\027\244&\210\300\024"
 246      7BE474EF 
 246      B68A17A4 
 246      2688C014 
 247 035a B8C5A4F9 		.ascii	"\270\305\244\371\267\243\272\2422\260\321\271\345\355"
 247      B7A3BAA2 
 247      32B0D1B9 
 247      E5ED
 248 0368 773C45E4 		.ascii	"w<E\344\305\374\222-j\245\352\367\005\324\362\322\342"
 248      C5FC922D 
 248      6AA5EAF7 
 248      05D4F2D2 
 248      E2
 249 0379 AA6A7F99 		.ascii	"\252j\177\231Z\342-\256*z\245\244lg`\347\016\365\303"
 249      5AE22DAE 
 249      2A7AA5A4 
 249      6C6760E7 
 249      0EF5C3
 250 038c FCF7C933 		.ascii	"\374\367\3113\357\026\277\366fA\251\267\240\264X\015"
 250      EF16BFF6 
 250      6641A9B7 
 250      A0B4580D 
 251 039c 6CF6577C 		.ascii	"l\366W|\244\276UU\256\276\364D\244y=\277\214dX\320\367"
 251      A4BE5555 
 251      AEBEF444 
 251      A4793DBF 
 251      8C6458D0 
 252 03b1 FC150175 		.ascii	"\374\025\001u\265\345nU}\345\353Vx\233}\001\337Vu\273"
 252      B5E56E55 
 252      7DE5EB56 
 252      789B7D01 
 252      DF5675BB 
ARM GAS  C:\Users\victo\AppData\Local\Temp\ccCBxNWY.s 			page 19


 253 03c5 9357B7E1 		.ascii	"\223W\267\341\325\347\3549\337\250\014\250~\177\365"
 253      D5E7EC39 
 253      DFA80CA8 
 253      7E7FF5
 254 03d4 8E00CF9B 		.ascii	"\216\000\317\233e=)\372@\365\371\255g\016\277\272\275"
 254      653D29FA 
 254      40F5F9AD 
 254      670EBFBA 
 254      BD
 255 03e5 B040C00B 		.ascii	"\260@\300\013\013\376\001\257\375\365<"
 255      0BFE01AF 
 255      FDF53C
 256              		.text
 257              		.section	.gnu.lto_.symtab.92f66938,"",%progbits
 258 0000 5653454C 		.ascii	"VSEL2_P2_SetDriveMode\000\000\000\000\000\000\000\000"
 258      325F5032 
 258      5F536574 
 258      44726976 
 258      654D6F64 
 259 001d 00000000 		.ascii	"\000\000\000\000\262\000\000\000VSEL2_P2_Write\000\000"
 259      B2000000 
 259      5653454C 
 259      325F5032 
 259      5F577269 
 260 0035 00000000 		.ascii	"\000\000\000\000\000\000\000\000\000\000\264\000\000"
 260      00000000 
 260      0000B400 
 260      00
 261 0042 00565345 		.ascii	"\000VSEL2_P2_Read\000\000\000\000\000\000\000\000\000"
 261      4C325F50 
 261      325F5265 
 261      61640000 
 261      00000000 
 262 0059 000000B7 		.ascii	"\000\000\000\267\000\000\000VSEL2_P2_ReadDataReg\000"
 262      00000056 
 262      53454C32 
 262      5F50325F 
 262      52656164 
 263 0075 00000000 		.ascii	"\000\000\000\000\000\000\000\000\000\000\000\271\000"
 263      00000000 
 263      000000B9 
 263      00
 264 0082 00005653 		.ascii	"\000\000VSEL2_P2_SetInterruptMode\000\000\000\000\000"
 264      454C325F 
 264      50325F53 
 264      6574496E 
 264      74657272 
 265 00a2 00000000 		.ascii	"\000\000\000\000\000\000\000\303\000\000\000VSEL2_P"
 265      000000C3 
 265      00000056 
 265      53454C32 
 265      5F50
 266 00b4 325F436C 		.ascii	"2_ClearInterrupt\000\000\000\000\000\000\000\000\000"
 266      65617249 
 266      6E746572 
 266      72757074 
 266      00000000 
ARM GAS  C:\Users\victo\AppData\Local\Temp\ccCBxNWY.s 			page 20


 267 00cd 000000C5 		.ascii	"\000\000\000\305\000\000\000"
 267      000000
 268              		.text
 269              		.section	.gnu.lto_.opts,"",%progbits
 270 0000 272D666E 		.ascii	"'-fno-trapv' '-mcpu=cortex-m0' '-mthumb' '-g' '-Os'"
 270      6F2D7472 
 270      61707627 
 270      20272D6D 
 270      6370753D 
 271 0033 20272D57 		.ascii	" '-Werror' '-ffunction-sections' '-finline-function"
 271      6572726F 
 271      72272027 
 271      2D666675 
 271      6E637469 
 272 0066 73272027 		.ascii	"s' '-flto' '-ffat-lto-objects' '-fno-strict-aliasin"
 272      2D666C74 
 272      6F272027 
 272      2D666661 
 272      742D6C74 
 273 0099 672700   		.ascii	"g'\000"
 274              		.text
 275              		.cfi_sections	.debug_frame
 276              		.section	.text.VSEL2_P2_SetDriveMode,"ax",%progbits
 277              		.align	1
 278              		.global	VSEL2_P2_SetDriveMode
 279              		.code	16
 280              		.thumb_func
 281              		.type	VSEL2_P2_SetDriveMode, %function
 282              	VSEL2_P2_SetDriveMode:
 283              	.LFB0:
 284              		.file 1 ".\\Generated_Source\\PSoC4\\VSEL2_P2.c"
   1:.\Generated_Source\PSoC4/VSEL2_P2.c **** /*******************************************************************************
   2:.\Generated_Source\PSoC4/VSEL2_P2.c **** * File Name: VSEL2_P2.c  
   3:.\Generated_Source\PSoC4/VSEL2_P2.c **** * Version 2.20
   4:.\Generated_Source\PSoC4/VSEL2_P2.c **** *
   5:.\Generated_Source\PSoC4/VSEL2_P2.c **** * Description:
   6:.\Generated_Source\PSoC4/VSEL2_P2.c **** *  This file contains API to enable firmware control of a Pins component.
   7:.\Generated_Source\PSoC4/VSEL2_P2.c **** *
   8:.\Generated_Source\PSoC4/VSEL2_P2.c **** ********************************************************************************
   9:.\Generated_Source\PSoC4/VSEL2_P2.c **** * Copyright 2008-2015, Cypress Semiconductor Corporation.  All rights reserved.
  10:.\Generated_Source\PSoC4/VSEL2_P2.c **** * You may use this file only in accordance with the license, terms, conditions, 
  11:.\Generated_Source\PSoC4/VSEL2_P2.c **** * disclaimers, and limitations in the end user license agreement accompanying 
  12:.\Generated_Source\PSoC4/VSEL2_P2.c **** * the software package with which this file was provided.
  13:.\Generated_Source\PSoC4/VSEL2_P2.c **** *******************************************************************************/
  14:.\Generated_Source\PSoC4/VSEL2_P2.c **** 
  15:.\Generated_Source\PSoC4/VSEL2_P2.c **** #include "cytypes.h"
  16:.\Generated_Source\PSoC4/VSEL2_P2.c **** #include "VSEL2_P2.h"
  17:.\Generated_Source\PSoC4/VSEL2_P2.c **** 
  18:.\Generated_Source\PSoC4/VSEL2_P2.c **** 
  19:.\Generated_Source\PSoC4/VSEL2_P2.c **** #if defined(VSEL2_P2__PC)
  20:.\Generated_Source\PSoC4/VSEL2_P2.c ****     #define VSEL2_P2_SetP4PinDriveMode(shift, mode)  \
  21:.\Generated_Source\PSoC4/VSEL2_P2.c ****     do { \
  22:.\Generated_Source\PSoC4/VSEL2_P2.c ****         VSEL2_P2_PC =   (VSEL2_P2_PC & \
  23:.\Generated_Source\PSoC4/VSEL2_P2.c ****                                 (uint32)(~(uint32)(VSEL2_P2_DRIVE_MODE_IND_MASK << \
  24:.\Generated_Source\PSoC4/VSEL2_P2.c ****                                 (VSEL2_P2_DRIVE_MODE_BITS * (shift))))) | \
  25:.\Generated_Source\PSoC4/VSEL2_P2.c ****                                 (uint32)((uint32)(mode) << \
  26:.\Generated_Source\PSoC4/VSEL2_P2.c ****                                 (VSEL2_P2_DRIVE_MODE_BITS * (shift))); \
ARM GAS  C:\Users\victo\AppData\Local\Temp\ccCBxNWY.s 			page 21


  27:.\Generated_Source\PSoC4/VSEL2_P2.c ****     } while (0)
  28:.\Generated_Source\PSoC4/VSEL2_P2.c **** #else
  29:.\Generated_Source\PSoC4/VSEL2_P2.c ****     #if (CY_PSOC4_4200L)
  30:.\Generated_Source\PSoC4/VSEL2_P2.c ****         #define VSEL2_P2_SetP4PinDriveMode(shift, mode)  \
  31:.\Generated_Source\PSoC4/VSEL2_P2.c ****         do { \
  32:.\Generated_Source\PSoC4/VSEL2_P2.c ****             VSEL2_P2_USBIO_CTRL_REG = (VSEL2_P2_USBIO_CTRL_REG & \
  33:.\Generated_Source\PSoC4/VSEL2_P2.c ****                                     (uint32)(~(uint32)(VSEL2_P2_DRIVE_MODE_IND_MASK << \
  34:.\Generated_Source\PSoC4/VSEL2_P2.c ****                                     (VSEL2_P2_DRIVE_MODE_BITS * (shift))))) | \
  35:.\Generated_Source\PSoC4/VSEL2_P2.c ****                                     (uint32)((uint32)(mode) << \
  36:.\Generated_Source\PSoC4/VSEL2_P2.c ****                                     (VSEL2_P2_DRIVE_MODE_BITS * (shift))); \
  37:.\Generated_Source\PSoC4/VSEL2_P2.c ****         } while (0)
  38:.\Generated_Source\PSoC4/VSEL2_P2.c ****     #endif
  39:.\Generated_Source\PSoC4/VSEL2_P2.c **** #endif
  40:.\Generated_Source\PSoC4/VSEL2_P2.c ****   
  41:.\Generated_Source\PSoC4/VSEL2_P2.c **** 
  42:.\Generated_Source\PSoC4/VSEL2_P2.c **** #if defined(VSEL2_P2__PC) || (CY_PSOC4_4200L) 
  43:.\Generated_Source\PSoC4/VSEL2_P2.c ****     /*******************************************************************************
  44:.\Generated_Source\PSoC4/VSEL2_P2.c ****     * Function Name: VSEL2_P2_SetDriveMode
  45:.\Generated_Source\PSoC4/VSEL2_P2.c ****     ****************************************************************************//**
  46:.\Generated_Source\PSoC4/VSEL2_P2.c ****     *
  47:.\Generated_Source\PSoC4/VSEL2_P2.c ****     * \brief Sets the drive mode for each of the Pins component's pins.
  48:.\Generated_Source\PSoC4/VSEL2_P2.c ****     * 
  49:.\Generated_Source\PSoC4/VSEL2_P2.c ****     * <b>Note</b> This affects all pins in the Pins component instance. Use the
  50:.\Generated_Source\PSoC4/VSEL2_P2.c ****     * Per-Pin APIs if you wish to control individual pin's drive modes.
  51:.\Generated_Source\PSoC4/VSEL2_P2.c ****     *
  52:.\Generated_Source\PSoC4/VSEL2_P2.c ****     * <b>Note</b> USBIOs have limited drive functionality. Refer to the Drive Mode
  53:.\Generated_Source\PSoC4/VSEL2_P2.c ****     * parameter for more information.
  54:.\Generated_Source\PSoC4/VSEL2_P2.c ****     *
  55:.\Generated_Source\PSoC4/VSEL2_P2.c ****     * \param mode
  56:.\Generated_Source\PSoC4/VSEL2_P2.c ****     *  Mode for the selected signals. Valid options are documented in 
  57:.\Generated_Source\PSoC4/VSEL2_P2.c ****     *  \ref driveMode.
  58:.\Generated_Source\PSoC4/VSEL2_P2.c ****     *
  59:.\Generated_Source\PSoC4/VSEL2_P2.c ****     * \return
  60:.\Generated_Source\PSoC4/VSEL2_P2.c ****     *  None
  61:.\Generated_Source\PSoC4/VSEL2_P2.c ****     *
  62:.\Generated_Source\PSoC4/VSEL2_P2.c ****     * \sideeffect
  63:.\Generated_Source\PSoC4/VSEL2_P2.c ****     *  If you use read-modify-write operations that are not atomic, the ISR can
  64:.\Generated_Source\PSoC4/VSEL2_P2.c ****     *  cause corruption of this function. An ISR that interrupts this function 
  65:.\Generated_Source\PSoC4/VSEL2_P2.c ****     *  and performs writes to the Pins component Drive Mode registers can cause 
  66:.\Generated_Source\PSoC4/VSEL2_P2.c ****     *  corrupted port data. To avoid this issue, you should either use the Per-Pin
  67:.\Generated_Source\PSoC4/VSEL2_P2.c ****     *  APIs (primary method) or disable interrupts around this function.
  68:.\Generated_Source\PSoC4/VSEL2_P2.c ****     *
  69:.\Generated_Source\PSoC4/VSEL2_P2.c ****     * \funcusage
  70:.\Generated_Source\PSoC4/VSEL2_P2.c ****     *  \snippet VSEL2_P2_SUT.c usage_VSEL2_P2_SetDriveMode
  71:.\Generated_Source\PSoC4/VSEL2_P2.c ****     *******************************************************************************/
  72:.\Generated_Source\PSoC4/VSEL2_P2.c ****     void VSEL2_P2_SetDriveMode(uint8 mode)
  73:.\Generated_Source\PSoC4/VSEL2_P2.c ****     {
 285              		.loc 1 73 0
 286              		.cfi_startproc
 287              	.LVL0:
  74:.\Generated_Source\PSoC4/VSEL2_P2.c **** 		VSEL2_P2_SetP4PinDriveMode(VSEL2_P2__0__SHIFT, mode);
 288              		.loc 1 74 0
 289 0000 3821     		mov	r1, #56
 290 0002 034A     		ldr	r2, .L2
 291 0004 C000     		lsl	r0, r0, #3
 292              	.LVL1:
 293 0006 1368     		ldr	r3, [r2]
ARM GAS  C:\Users\victo\AppData\Local\Temp\ccCBxNWY.s 			page 22


  75:.\Generated_Source\PSoC4/VSEL2_P2.c ****     }
 294              		.loc 1 75 0
 295              		@ sp needed
  74:.\Generated_Source\PSoC4/VSEL2_P2.c **** 		VSEL2_P2_SetP4PinDriveMode(VSEL2_P2__0__SHIFT, mode);
 296              		.loc 1 74 0
 297 0008 8B43     		bic	r3, r1
 298 000a 1843     		orr	r0, r3
 299 000c 1060     		str	r0, [r2]
 300              		.loc 1 75 0
 301 000e 7047     		bx	lr
 302              	.L3:
 303              		.align	2
 304              	.L2:
 305 0010 08030440 		.word	1074004744
 306              		.cfi_endproc
 307              	.LFE0:
 308              		.size	VSEL2_P2_SetDriveMode, .-VSEL2_P2_SetDriveMode
 309              		.section	.text.VSEL2_P2_Write,"ax",%progbits
 310              		.align	1
 311              		.global	VSEL2_P2_Write
 312              		.code	16
 313              		.thumb_func
 314              		.type	VSEL2_P2_Write, %function
 315              	VSEL2_P2_Write:
 316              	.LFB1:
  76:.\Generated_Source\PSoC4/VSEL2_P2.c **** #endif
  77:.\Generated_Source\PSoC4/VSEL2_P2.c **** 
  78:.\Generated_Source\PSoC4/VSEL2_P2.c **** 
  79:.\Generated_Source\PSoC4/VSEL2_P2.c **** /*******************************************************************************
  80:.\Generated_Source\PSoC4/VSEL2_P2.c **** * Function Name: VSEL2_P2_Write
  81:.\Generated_Source\PSoC4/VSEL2_P2.c **** ****************************************************************************//**
  82:.\Generated_Source\PSoC4/VSEL2_P2.c **** *
  83:.\Generated_Source\PSoC4/VSEL2_P2.c **** * \brief Writes the value to the physical port (data output register), masking
  84:.\Generated_Source\PSoC4/VSEL2_P2.c **** *  and shifting the bits appropriately. 
  85:.\Generated_Source\PSoC4/VSEL2_P2.c **** *
  86:.\Generated_Source\PSoC4/VSEL2_P2.c **** * The data output register controls the signal applied to the physical pin in 
  87:.\Generated_Source\PSoC4/VSEL2_P2.c **** * conjunction with the drive mode parameter. This function avoids changing 
  88:.\Generated_Source\PSoC4/VSEL2_P2.c **** * other bits in the port by using the appropriate method (read-modify-write or
  89:.\Generated_Source\PSoC4/VSEL2_P2.c **** * bit banding).
  90:.\Generated_Source\PSoC4/VSEL2_P2.c **** *
  91:.\Generated_Source\PSoC4/VSEL2_P2.c **** * <b>Note</b> This function should not be used on a hardware digital output pin 
  92:.\Generated_Source\PSoC4/VSEL2_P2.c **** * as it is driven by the hardware signal attached to it.
  93:.\Generated_Source\PSoC4/VSEL2_P2.c **** *
  94:.\Generated_Source\PSoC4/VSEL2_P2.c **** * \param value
  95:.\Generated_Source\PSoC4/VSEL2_P2.c **** *  Value to write to the component instance.
  96:.\Generated_Source\PSoC4/VSEL2_P2.c **** *
  97:.\Generated_Source\PSoC4/VSEL2_P2.c **** * \return 
  98:.\Generated_Source\PSoC4/VSEL2_P2.c **** *  None 
  99:.\Generated_Source\PSoC4/VSEL2_P2.c **** *
 100:.\Generated_Source\PSoC4/VSEL2_P2.c **** * \sideeffect
 101:.\Generated_Source\PSoC4/VSEL2_P2.c **** *  If you use read-modify-write operations that are not atomic; the Interrupt 
 102:.\Generated_Source\PSoC4/VSEL2_P2.c **** *  Service Routines (ISR) can cause corruption of this function. An ISR that 
 103:.\Generated_Source\PSoC4/VSEL2_P2.c **** *  interrupts this function and performs writes to the Pins component data 
 104:.\Generated_Source\PSoC4/VSEL2_P2.c **** *  register can cause corrupted port data. To avoid this issue, you should 
 105:.\Generated_Source\PSoC4/VSEL2_P2.c **** *  either use the Per-Pin APIs (primary method) or disable interrupts around 
 106:.\Generated_Source\PSoC4/VSEL2_P2.c **** *  this function.
 107:.\Generated_Source\PSoC4/VSEL2_P2.c **** *
ARM GAS  C:\Users\victo\AppData\Local\Temp\ccCBxNWY.s 			page 23


 108:.\Generated_Source\PSoC4/VSEL2_P2.c **** * \funcusage
 109:.\Generated_Source\PSoC4/VSEL2_P2.c **** *  \snippet VSEL2_P2_SUT.c usage_VSEL2_P2_Write
 110:.\Generated_Source\PSoC4/VSEL2_P2.c **** *******************************************************************************/
 111:.\Generated_Source\PSoC4/VSEL2_P2.c **** void VSEL2_P2_Write(uint8 value)
 112:.\Generated_Source\PSoC4/VSEL2_P2.c **** {
 317              		.loc 1 112 0
 318              		.cfi_startproc
 319              	.LVL2:
 113:.\Generated_Source\PSoC4/VSEL2_P2.c ****     uint8 drVal = (uint8)(VSEL2_P2_DR & (uint8)(~VSEL2_P2_MASK));
 320              		.loc 1 113 0
 321 0000 0223     		mov	r3, #2
 322 0002 0449     		ldr	r1, .L5
 114:.\Generated_Source\PSoC4/VSEL2_P2.c ****     drVal = (drVal | ((uint8)(value << VSEL2_P2_SHIFT) & VSEL2_P2_MASK));
 323              		.loc 1 114 0
 324 0004 4000     		lsl	r0, r0, #1
 325              	.LVL3:
 113:.\Generated_Source\PSoC4/VSEL2_P2.c ****     uint8 drVal = (uint8)(VSEL2_P2_DR & (uint8)(~VSEL2_P2_MASK));
 326              		.loc 1 113 0
 327 0006 0A68     		ldr	r2, [r1]
 115:.\Generated_Source\PSoC4/VSEL2_P2.c ****     VSEL2_P2_DR = (uint32)drVal;
 116:.\Generated_Source\PSoC4/VSEL2_P2.c **** }
 328              		.loc 1 116 0
 329              		@ sp needed
 113:.\Generated_Source\PSoC4/VSEL2_P2.c ****     drVal = (drVal | ((uint8)(value << VSEL2_P2_SHIFT) & VSEL2_P2_MASK));
 330              		.loc 1 113 0
 331 0008 9A43     		bic	r2, r3
 332 000a D2B2     		uxtb	r2, r2
 114:.\Generated_Source\PSoC4/VSEL2_P2.c ****     drVal = (drVal | ((uint8)(value << VSEL2_P2_SHIFT) & VSEL2_P2_MASK));
 333              		.loc 1 114 0
 334 000c 0340     		and	r3, r0
 115:.\Generated_Source\PSoC4/VSEL2_P2.c ****     VSEL2_P2_DR = (uint32)drVal;
 335              		.loc 1 115 0
 336 000e 1343     		orr	r3, r2
 337 0010 0B60     		str	r3, [r1]
 338              		.loc 1 116 0
 339 0012 7047     		bx	lr
 340              	.L6:
 341              		.align	2
 342              	.L5:
 343 0014 00030440 		.word	1074004736
 344              		.cfi_endproc
 345              	.LFE1:
 346              		.size	VSEL2_P2_Write, .-VSEL2_P2_Write
 347              		.section	.text.VSEL2_P2_Read,"ax",%progbits
 348              		.align	1
 349              		.global	VSEL2_P2_Read
 350              		.code	16
 351              		.thumb_func
 352              		.type	VSEL2_P2_Read, %function
 353              	VSEL2_P2_Read:
 354              	.LFB2:
 117:.\Generated_Source\PSoC4/VSEL2_P2.c **** 
 118:.\Generated_Source\PSoC4/VSEL2_P2.c **** 
 119:.\Generated_Source\PSoC4/VSEL2_P2.c **** /*******************************************************************************
 120:.\Generated_Source\PSoC4/VSEL2_P2.c **** * Function Name: VSEL2_P2_Read
 121:.\Generated_Source\PSoC4/VSEL2_P2.c **** ****************************************************************************//**
 122:.\Generated_Source\PSoC4/VSEL2_P2.c **** *
ARM GAS  C:\Users\victo\AppData\Local\Temp\ccCBxNWY.s 			page 24


 123:.\Generated_Source\PSoC4/VSEL2_P2.c **** * \brief Reads the associated physical port (pin status register) and masks 
 124:.\Generated_Source\PSoC4/VSEL2_P2.c **** *  the required bits according to the width and bit position of the component
 125:.\Generated_Source\PSoC4/VSEL2_P2.c **** *  instance. 
 126:.\Generated_Source\PSoC4/VSEL2_P2.c **** *
 127:.\Generated_Source\PSoC4/VSEL2_P2.c **** * The pin's status register returns the current logic level present on the 
 128:.\Generated_Source\PSoC4/VSEL2_P2.c **** * physical pin.
 129:.\Generated_Source\PSoC4/VSEL2_P2.c **** *
 130:.\Generated_Source\PSoC4/VSEL2_P2.c **** * \return 
 131:.\Generated_Source\PSoC4/VSEL2_P2.c **** *  The current value for the pins in the component as a right justified number.
 132:.\Generated_Source\PSoC4/VSEL2_P2.c **** *
 133:.\Generated_Source\PSoC4/VSEL2_P2.c **** * \funcusage
 134:.\Generated_Source\PSoC4/VSEL2_P2.c **** *  \snippet VSEL2_P2_SUT.c usage_VSEL2_P2_Read  
 135:.\Generated_Source\PSoC4/VSEL2_P2.c **** *******************************************************************************/
 136:.\Generated_Source\PSoC4/VSEL2_P2.c **** uint8 VSEL2_P2_Read(void)
 137:.\Generated_Source\PSoC4/VSEL2_P2.c **** {
 355              		.loc 1 137 0
 356              		.cfi_startproc
 138:.\Generated_Source\PSoC4/VSEL2_P2.c ****     return (uint8)((VSEL2_P2_PS & VSEL2_P2_MASK) >> VSEL2_P2_SHIFT);
 357              		.loc 1 138 0
 358 0000 024B     		ldr	r3, .L8
 139:.\Generated_Source\PSoC4/VSEL2_P2.c **** }
 359              		.loc 1 139 0
 360              		@ sp needed
 138:.\Generated_Source\PSoC4/VSEL2_P2.c ****     return (uint8)((VSEL2_P2_PS & VSEL2_P2_MASK) >> VSEL2_P2_SHIFT);
 361              		.loc 1 138 0
 362 0002 1868     		ldr	r0, [r3]
 363 0004 8007     		lsl	r0, r0, #30
 364 0006 C00F     		lsr	r0, r0, #31
 365              		.loc 1 139 0
 366 0008 7047     		bx	lr
 367              	.L9:
 368 000a C046     		.align	2
 369              	.L8:
 370 000c 04030440 		.word	1074004740
 371              		.cfi_endproc
 372              	.LFE2:
 373              		.size	VSEL2_P2_Read, .-VSEL2_P2_Read
 374              		.section	.text.VSEL2_P2_ReadDataReg,"ax",%progbits
 375              		.align	1
 376              		.global	VSEL2_P2_ReadDataReg
 377              		.code	16
 378              		.thumb_func
 379              		.type	VSEL2_P2_ReadDataReg, %function
 380              	VSEL2_P2_ReadDataReg:
 381              	.LFB3:
 140:.\Generated_Source\PSoC4/VSEL2_P2.c **** 
 141:.\Generated_Source\PSoC4/VSEL2_P2.c **** 
 142:.\Generated_Source\PSoC4/VSEL2_P2.c **** /*******************************************************************************
 143:.\Generated_Source\PSoC4/VSEL2_P2.c **** * Function Name: VSEL2_P2_ReadDataReg
 144:.\Generated_Source\PSoC4/VSEL2_P2.c **** ****************************************************************************//**
 145:.\Generated_Source\PSoC4/VSEL2_P2.c **** *
 146:.\Generated_Source\PSoC4/VSEL2_P2.c **** * \brief Reads the associated physical port's data output register and masks 
 147:.\Generated_Source\PSoC4/VSEL2_P2.c **** *  the correct bits according to the width and bit position of the component 
 148:.\Generated_Source\PSoC4/VSEL2_P2.c **** *  instance. 
 149:.\Generated_Source\PSoC4/VSEL2_P2.c **** *
 150:.\Generated_Source\PSoC4/VSEL2_P2.c **** * The data output register controls the signal applied to the physical pin in 
 151:.\Generated_Source\PSoC4/VSEL2_P2.c **** * conjunction with the drive mode parameter. This is not the same as the 
ARM GAS  C:\Users\victo\AppData\Local\Temp\ccCBxNWY.s 			page 25


 152:.\Generated_Source\PSoC4/VSEL2_P2.c **** * preferred VSEL2_P2_Read() API because the 
 153:.\Generated_Source\PSoC4/VSEL2_P2.c **** * VSEL2_P2_ReadDataReg() reads the data register instead of the status 
 154:.\Generated_Source\PSoC4/VSEL2_P2.c **** * register. For output pins this is a useful function to determine the value 
 155:.\Generated_Source\PSoC4/VSEL2_P2.c **** * just written to the pin.
 156:.\Generated_Source\PSoC4/VSEL2_P2.c **** *
 157:.\Generated_Source\PSoC4/VSEL2_P2.c **** * \return 
 158:.\Generated_Source\PSoC4/VSEL2_P2.c **** *  The current value of the data register masked and shifted into a right 
 159:.\Generated_Source\PSoC4/VSEL2_P2.c **** *  justified number for the component instance.
 160:.\Generated_Source\PSoC4/VSEL2_P2.c **** *
 161:.\Generated_Source\PSoC4/VSEL2_P2.c **** * \funcusage
 162:.\Generated_Source\PSoC4/VSEL2_P2.c **** *  \snippet VSEL2_P2_SUT.c usage_VSEL2_P2_ReadDataReg 
 163:.\Generated_Source\PSoC4/VSEL2_P2.c **** *******************************************************************************/
 164:.\Generated_Source\PSoC4/VSEL2_P2.c **** uint8 VSEL2_P2_ReadDataReg(void)
 165:.\Generated_Source\PSoC4/VSEL2_P2.c **** {
 382              		.loc 1 165 0
 383              		.cfi_startproc
 166:.\Generated_Source\PSoC4/VSEL2_P2.c ****     return (uint8)((VSEL2_P2_DR & VSEL2_P2_MASK) >> VSEL2_P2_SHIFT);
 384              		.loc 1 166 0
 385 0000 024B     		ldr	r3, .L11
 167:.\Generated_Source\PSoC4/VSEL2_P2.c **** }
 386              		.loc 1 167 0
 387              		@ sp needed
 166:.\Generated_Source\PSoC4/VSEL2_P2.c ****     return (uint8)((VSEL2_P2_DR & VSEL2_P2_MASK) >> VSEL2_P2_SHIFT);
 388              		.loc 1 166 0
 389 0002 1868     		ldr	r0, [r3]
 390 0004 8007     		lsl	r0, r0, #30
 391 0006 C00F     		lsr	r0, r0, #31
 392              		.loc 1 167 0
 393 0008 7047     		bx	lr
 394              	.L12:
 395 000a C046     		.align	2
 396              	.L11:
 397 000c 00030440 		.word	1074004736
 398              		.cfi_endproc
 399              	.LFE3:
 400              		.size	VSEL2_P2_ReadDataReg, .-VSEL2_P2_ReadDataReg
 401              		.section	.text.VSEL2_P2_SetInterruptMode,"ax",%progbits
 402              		.align	1
 403              		.global	VSEL2_P2_SetInterruptMode
 404              		.code	16
 405              		.thumb_func
 406              		.type	VSEL2_P2_SetInterruptMode, %function
 407              	VSEL2_P2_SetInterruptMode:
 408              	.LFB4:
 168:.\Generated_Source\PSoC4/VSEL2_P2.c **** 
 169:.\Generated_Source\PSoC4/VSEL2_P2.c **** 
 170:.\Generated_Source\PSoC4/VSEL2_P2.c **** /*******************************************************************************
 171:.\Generated_Source\PSoC4/VSEL2_P2.c **** * Function Name: VSEL2_P2_SetInterruptMode
 172:.\Generated_Source\PSoC4/VSEL2_P2.c **** ****************************************************************************//**
 173:.\Generated_Source\PSoC4/VSEL2_P2.c **** *
 174:.\Generated_Source\PSoC4/VSEL2_P2.c **** * \brief Configures the interrupt mode for each of the Pins component's
 175:.\Generated_Source\PSoC4/VSEL2_P2.c **** *  pins. Alternatively you may set the interrupt mode for all the pins
 176:.\Generated_Source\PSoC4/VSEL2_P2.c **** *  specified in the Pins component.
 177:.\Generated_Source\PSoC4/VSEL2_P2.c **** *
 178:.\Generated_Source\PSoC4/VSEL2_P2.c **** *  <b>Note</b> The interrupt is port-wide and therefore any enabled pin
 179:.\Generated_Source\PSoC4/VSEL2_P2.c **** *  interrupt may trigger it.
 180:.\Generated_Source\PSoC4/VSEL2_P2.c **** *
ARM GAS  C:\Users\victo\AppData\Local\Temp\ccCBxNWY.s 			page 26


 181:.\Generated_Source\PSoC4/VSEL2_P2.c **** * \param position
 182:.\Generated_Source\PSoC4/VSEL2_P2.c **** *  The pin position as listed in the Pins component. You may OR these to be 
 183:.\Generated_Source\PSoC4/VSEL2_P2.c **** *  able to configure the interrupt mode of multiple pins within a Pins 
 184:.\Generated_Source\PSoC4/VSEL2_P2.c **** *  component. Or you may use VSEL2_P2_INTR_ALL to configure the
 185:.\Generated_Source\PSoC4/VSEL2_P2.c **** *  interrupt mode of all the pins in the Pins component.       
 186:.\Generated_Source\PSoC4/VSEL2_P2.c **** *  - VSEL2_P2_0_INTR       (First pin in the list)
 187:.\Generated_Source\PSoC4/VSEL2_P2.c **** *  - VSEL2_P2_1_INTR       (Second pin in the list)
 188:.\Generated_Source\PSoC4/VSEL2_P2.c **** *  - ...
 189:.\Generated_Source\PSoC4/VSEL2_P2.c **** *  - VSEL2_P2_INTR_ALL     (All pins in Pins component)
 190:.\Generated_Source\PSoC4/VSEL2_P2.c **** *
 191:.\Generated_Source\PSoC4/VSEL2_P2.c **** * \param mode
 192:.\Generated_Source\PSoC4/VSEL2_P2.c **** *  Interrupt mode for the selected pins. Valid options are documented in
 193:.\Generated_Source\PSoC4/VSEL2_P2.c **** *  \ref intrMode.
 194:.\Generated_Source\PSoC4/VSEL2_P2.c **** *
 195:.\Generated_Source\PSoC4/VSEL2_P2.c **** * \return 
 196:.\Generated_Source\PSoC4/VSEL2_P2.c **** *  None
 197:.\Generated_Source\PSoC4/VSEL2_P2.c **** *  
 198:.\Generated_Source\PSoC4/VSEL2_P2.c **** * \sideeffect
 199:.\Generated_Source\PSoC4/VSEL2_P2.c **** *  It is recommended that the interrupt be disabled before calling this 
 200:.\Generated_Source\PSoC4/VSEL2_P2.c **** *  function to avoid unintended interrupt requests. Note that the interrupt
 201:.\Generated_Source\PSoC4/VSEL2_P2.c **** *  type is port wide, and therefore will trigger for any enabled pin on the 
 202:.\Generated_Source\PSoC4/VSEL2_P2.c **** *  port.
 203:.\Generated_Source\PSoC4/VSEL2_P2.c **** *
 204:.\Generated_Source\PSoC4/VSEL2_P2.c **** * \funcusage
 205:.\Generated_Source\PSoC4/VSEL2_P2.c **** *  \snippet VSEL2_P2_SUT.c usage_VSEL2_P2_SetInterruptMode
 206:.\Generated_Source\PSoC4/VSEL2_P2.c **** *******************************************************************************/
 207:.\Generated_Source\PSoC4/VSEL2_P2.c **** void VSEL2_P2_SetInterruptMode(uint16 position, uint16 mode)
 208:.\Generated_Source\PSoC4/VSEL2_P2.c **** {
 409              		.loc 1 208 0
 410              		.cfi_startproc
 411              	.LVL4:
 209:.\Generated_Source\PSoC4/VSEL2_P2.c ****     uint32 intrCfg;
 210:.\Generated_Source\PSoC4/VSEL2_P2.c ****     
 211:.\Generated_Source\PSoC4/VSEL2_P2.c ****     intrCfg =  VSEL2_P2_INTCFG & (uint32)(~(uint32)position);
 412              		.loc 1 211 0
 413 0000 034A     		ldr	r2, .L14
 212:.\Generated_Source\PSoC4/VSEL2_P2.c ****     VSEL2_P2_INTCFG = intrCfg | ((uint32)position & (uint32)mode);
 213:.\Generated_Source\PSoC4/VSEL2_P2.c **** }
 414              		.loc 1 213 0
 415              		@ sp needed
 211:.\Generated_Source\PSoC4/VSEL2_P2.c ****     VSEL2_P2_INTCFG = intrCfg | ((uint32)position & (uint32)mode);
 416              		.loc 1 211 0
 417 0002 1368     		ldr	r3, [r2]
 418              	.LVL5:
 419 0004 8343     		bic	r3, r0
 420              	.LVL6:
 212:.\Generated_Source\PSoC4/VSEL2_P2.c ****     VSEL2_P2_INTCFG = intrCfg | ((uint32)position & (uint32)mode);
 421              		.loc 1 212 0
 422 0006 0840     		and	r0, r1
 423              	.LVL7:
 424 0008 1843     		orr	r0, r3
 425 000a 1060     		str	r0, [r2]
 426              		.loc 1 213 0
 427 000c 7047     		bx	lr
 428              	.L15:
 429 000e C046     		.align	2
 430              	.L14:
ARM GAS  C:\Users\victo\AppData\Local\Temp\ccCBxNWY.s 			page 27


 431 0010 0C030440 		.word	1074004748
 432              		.cfi_endproc
 433              	.LFE4:
 434              		.size	VSEL2_P2_SetInterruptMode, .-VSEL2_P2_SetInterruptMode
 435              		.section	.text.VSEL2_P2_ClearInterrupt,"ax",%progbits
 436              		.align	1
 437              		.global	VSEL2_P2_ClearInterrupt
 438              		.code	16
 439              		.thumb_func
 440              		.type	VSEL2_P2_ClearInterrupt, %function
 441              	VSEL2_P2_ClearInterrupt:
 442              	.LFB5:
 214:.\Generated_Source\PSoC4/VSEL2_P2.c **** 
 215:.\Generated_Source\PSoC4/VSEL2_P2.c **** 
 216:.\Generated_Source\PSoC4/VSEL2_P2.c **** /*******************************************************************************
 217:.\Generated_Source\PSoC4/VSEL2_P2.c **** * Function Name: VSEL2_P2_ClearInterrupt
 218:.\Generated_Source\PSoC4/VSEL2_P2.c **** ****************************************************************************//**
 219:.\Generated_Source\PSoC4/VSEL2_P2.c **** *
 220:.\Generated_Source\PSoC4/VSEL2_P2.c **** * \brief Clears any active interrupts attached with the component and returns 
 221:.\Generated_Source\PSoC4/VSEL2_P2.c **** *  the value of the interrupt status register allowing determination of which
 222:.\Generated_Source\PSoC4/VSEL2_P2.c **** *  pins generated an interrupt event.
 223:.\Generated_Source\PSoC4/VSEL2_P2.c **** *
 224:.\Generated_Source\PSoC4/VSEL2_P2.c **** * \return 
 225:.\Generated_Source\PSoC4/VSEL2_P2.c **** *  The right-shifted current value of the interrupt status register. Each pin 
 226:.\Generated_Source\PSoC4/VSEL2_P2.c **** *  has one bit set if it generated an interrupt event. For example, bit 0 is 
 227:.\Generated_Source\PSoC4/VSEL2_P2.c **** *  for pin 0 and bit 1 is for pin 1 of the Pins component.
 228:.\Generated_Source\PSoC4/VSEL2_P2.c **** *  
 229:.\Generated_Source\PSoC4/VSEL2_P2.c **** * \sideeffect
 230:.\Generated_Source\PSoC4/VSEL2_P2.c **** *  Clears all bits of the physical port's interrupt status register, not just
 231:.\Generated_Source\PSoC4/VSEL2_P2.c **** *  those associated with the Pins component.
 232:.\Generated_Source\PSoC4/VSEL2_P2.c **** *
 233:.\Generated_Source\PSoC4/VSEL2_P2.c **** * \funcusage
 234:.\Generated_Source\PSoC4/VSEL2_P2.c **** *  \snippet VSEL2_P2_SUT.c usage_VSEL2_P2_ClearInterrupt
 235:.\Generated_Source\PSoC4/VSEL2_P2.c **** *******************************************************************************/
 236:.\Generated_Source\PSoC4/VSEL2_P2.c **** uint8 VSEL2_P2_ClearInterrupt(void)
 237:.\Generated_Source\PSoC4/VSEL2_P2.c **** {
 443              		.loc 1 237 0
 444              		.cfi_startproc
 238:.\Generated_Source\PSoC4/VSEL2_P2.c **** 	uint8 maskedStatus = (uint8)(VSEL2_P2_INTSTAT & VSEL2_P2_MASK);
 445              		.loc 1 238 0
 446 0000 0223     		mov	r3, #2
 447 0002 034A     		ldr	r2, .L17
 239:.\Generated_Source\PSoC4/VSEL2_P2.c **** 	VSEL2_P2_INTSTAT = maskedStatus;
 240:.\Generated_Source\PSoC4/VSEL2_P2.c ****     return maskedStatus >> VSEL2_P2_SHIFT;
 241:.\Generated_Source\PSoC4/VSEL2_P2.c **** }
 448              		.loc 1 241 0
 449              		@ sp needed
 238:.\Generated_Source\PSoC4/VSEL2_P2.c **** 	uint8 maskedStatus = (uint8)(VSEL2_P2_INTSTAT & VSEL2_P2_MASK);
 450              		.loc 1 238 0
 451 0004 1068     		ldr	r0, [r2]
 452 0006 1840     		and	r0, r3
 453              	.LVL8:
 239:.\Generated_Source\PSoC4/VSEL2_P2.c **** 	VSEL2_P2_INTSTAT = maskedStatus;
 454              		.loc 1 239 0
 455 0008 1060     		str	r0, [r2]
 240:.\Generated_Source\PSoC4/VSEL2_P2.c **** }
 456              		.loc 1 240 0
ARM GAS  C:\Users\victo\AppData\Local\Temp\ccCBxNWY.s 			page 28


 457 000a 4008     		lsr	r0, r0, #1
 458              	.LVL9:
 459 000c C0B2     		uxtb	r0, r0
 460              		.loc 1 241 0
 461 000e 7047     		bx	lr
 462              	.L18:
 463              		.align	2
 464              	.L17:
 465 0010 10030440 		.word	1074004752
 466              		.cfi_endproc
 467              	.LFE5:
 468              		.size	VSEL2_P2_ClearInterrupt, .-VSEL2_P2_ClearInterrupt
 469              		.text
 470              	.Letext0:
 471              		.file 2 ".\\Generated_Source\\PSoC4\\cytypes.h"
 472              		.section	.debug_info,"",%progbits
 473              	.Ldebug_info0:
 474 0000 97010000 		.4byte	0x197
 475 0004 0400     		.2byte	0x4
 476 0006 00000000 		.4byte	.Ldebug_abbrev0
 477 000a 04       		.byte	0x4
 478 000b 01       		.uleb128 0x1
 479 000c 7C010000 		.4byte	.LASF27
 480 0010 01       		.byte	0x1
 481 0011 A4000000 		.4byte	.LASF28
 482 0015 0E010000 		.4byte	.LASF29
 483 0019 00000000 		.4byte	.Ldebug_ranges0+0
 484 001d 00000000 		.4byte	0
 485 0021 00000000 		.4byte	.Ldebug_line0
 486 0025 02       		.uleb128 0x2
 487 0026 01       		.byte	0x1
 488 0027 06       		.byte	0x6
 489 0028 84020000 		.4byte	.LASF0
 490 002c 02       		.uleb128 0x2
 491 002d 01       		.byte	0x1
 492 002e 08       		.byte	0x8
 493 002f 4E000000 		.4byte	.LASF1
 494 0033 02       		.uleb128 0x2
 495 0034 02       		.byte	0x2
 496 0035 05       		.byte	0x5
 497 0036 6B020000 		.4byte	.LASF2
 498 003a 02       		.uleb128 0x2
 499 003b 02       		.byte	0x2
 500 003c 07       		.byte	0x7
 501 003d 74000000 		.4byte	.LASF3
 502 0041 02       		.uleb128 0x2
 503 0042 04       		.byte	0x4
 504 0043 05       		.byte	0x5
 505 0044 7B020000 		.4byte	.LASF4
 506 0048 02       		.uleb128 0x2
 507 0049 04       		.byte	0x4
 508 004a 07       		.byte	0x7
 509 004b 62000000 		.4byte	.LASF5
 510 004f 02       		.uleb128 0x2
 511 0050 08       		.byte	0x8
 512 0051 05       		.byte	0x5
 513 0052 4B020000 		.4byte	.LASF6
ARM GAS  C:\Users\victo\AppData\Local\Temp\ccCBxNWY.s 			page 29


 514 0056 02       		.uleb128 0x2
 515 0057 08       		.byte	0x8
 516 0058 07       		.byte	0x7
 517 0059 65010000 		.4byte	.LASF7
 518 005d 03       		.uleb128 0x3
 519 005e 04       		.byte	0x4
 520 005f 05       		.byte	0x5
 521 0060 696E7400 		.ascii	"int\000"
 522 0064 02       		.uleb128 0x2
 523 0065 04       		.byte	0x4
 524 0066 07       		.byte	0x7
 525 0067 01010000 		.4byte	.LASF8
 526 006b 04       		.uleb128 0x4
 527 006c 75020000 		.4byte	.LASF9
 528 0070 02       		.byte	0x2
 529 0071 9801     		.2byte	0x198
 530 0073 2C000000 		.4byte	0x2c
 531 0077 04       		.uleb128 0x4
 532 0078 C8000000 		.4byte	.LASF10
 533 007c 02       		.byte	0x2
 534 007d 9901     		.2byte	0x199
 535 007f 3A000000 		.4byte	0x3a
 536 0083 04       		.uleb128 0x4
 537 0084 F2000000 		.4byte	.LASF11
 538 0088 02       		.byte	0x2
 539 0089 9A01     		.2byte	0x19a
 540 008b 48000000 		.4byte	0x48
 541 008f 02       		.uleb128 0x2
 542 0090 04       		.byte	0x4
 543 0091 04       		.byte	0x4
 544 0092 48000000 		.4byte	.LASF12
 545 0096 02       		.uleb128 0x2
 546 0097 08       		.byte	0x8
 547 0098 04       		.byte	0x4
 548 0099 87000000 		.4byte	.LASF13
 549 009d 02       		.uleb128 0x2
 550 009e 01       		.byte	0x1
 551 009f 08       		.byte	0x8
 552 00a0 66020000 		.4byte	.LASF14
 553 00a4 04       		.uleb128 0x4
 554 00a5 00000000 		.4byte	.LASF15
 555 00a9 02       		.byte	0x2
 556 00aa 4402     		.2byte	0x244
 557 00ac B0000000 		.4byte	0xb0
 558 00b0 05       		.uleb128 0x5
 559 00b1 83000000 		.4byte	0x83
 560 00b5 06       		.uleb128 0x6
 561 00b6 8E000000 		.4byte	.LASF16
 562 00ba 01       		.byte	0x1
 563 00bb 48       		.byte	0x48
 564 00bc 00000000 		.4byte	.LFB0
 565 00c0 14000000 		.4byte	.LFE0-.LFB0
 566 00c4 01       		.uleb128 0x1
 567 00c5 9C       		.byte	0x9c
 568 00c6 DA000000 		.4byte	0xda
 569 00ca 07       		.uleb128 0x7
 570 00cb 38020000 		.4byte	.LASF18
ARM GAS  C:\Users\victo\AppData\Local\Temp\ccCBxNWY.s 			page 30


 571 00cf 01       		.byte	0x1
 572 00d0 48       		.byte	0x48
 573 00d1 6B000000 		.4byte	0x6b
 574 00d5 00000000 		.4byte	.LLST0
 575 00d9 00       		.byte	0
 576 00da 06       		.uleb128 0x6
 577 00db 21000000 		.4byte	.LASF17
 578 00df 01       		.byte	0x1
 579 00e0 6F       		.byte	0x6f
 580 00e1 00000000 		.4byte	.LFB1
 581 00e5 18000000 		.4byte	.LFE1-.LFB1
 582 00e9 01       		.uleb128 0x1
 583 00ea 9C       		.byte	0x9c
 584 00eb 0A010000 		.4byte	0x10a
 585 00ef 07       		.uleb128 0x7
 586 00f0 06000000 		.4byte	.LASF19
 587 00f4 01       		.byte	0x1
 588 00f5 6F       		.byte	0x6f
 589 00f6 6B000000 		.4byte	0x6b
 590 00fa 21000000 		.4byte	.LLST1
 591 00fe 08       		.uleb128 0x8
 592 00ff 5C000000 		.4byte	.LASF30
 593 0103 01       		.byte	0x1
 594 0104 71       		.byte	0x71
 595 0105 6B000000 		.4byte	0x6b
 596 0109 00       		.byte	0
 597 010a 09       		.uleb128 0x9
 598 010b 3D020000 		.4byte	.LASF20
 599 010f 01       		.byte	0x1
 600 0110 88       		.byte	0x88
 601 0111 6B000000 		.4byte	0x6b
 602 0115 00000000 		.4byte	.LFB2
 603 0119 10000000 		.4byte	.LFE2-.LFB2
 604 011d 01       		.uleb128 0x1
 605 011e 9C       		.byte	0x9c
 606 011f 09       		.uleb128 0x9
 607 0120 0C000000 		.4byte	.LASF21
 608 0124 01       		.byte	0x1
 609 0125 A4       		.byte	0xa4
 610 0126 6B000000 		.4byte	0x6b
 611 012a 00000000 		.4byte	.LFB3
 612 012e 10000000 		.4byte	.LFE3-.LFB3
 613 0132 01       		.uleb128 0x1
 614 0133 9C       		.byte	0x9c
 615 0134 06       		.uleb128 0x6
 616 0135 CF000000 		.4byte	.LASF22
 617 0139 01       		.byte	0x1
 618 013a CF       		.byte	0xcf
 619 013b 00000000 		.4byte	.LFB4
 620 013f 14000000 		.4byte	.LFE4-.LFB4
 621 0143 01       		.uleb128 0x1
 622 0144 9C       		.byte	0x9c
 623 0145 75010000 		.4byte	0x175
 624 0149 07       		.uleb128 0x7
 625 014a E9000000 		.4byte	.LASF23
 626 014e 01       		.byte	0x1
 627 014f CF       		.byte	0xcf
ARM GAS  C:\Users\victo\AppData\Local\Temp\ccCBxNWY.s 			page 31


 628 0150 77000000 		.4byte	0x77
 629 0154 42000000 		.4byte	.LLST2
 630 0158 0A       		.uleb128 0xa
 631 0159 38020000 		.4byte	.LASF18
 632 015d 01       		.byte	0x1
 633 015e CF       		.byte	0xcf
 634 015f 77000000 		.4byte	0x77
 635 0163 01       		.uleb128 0x1
 636 0164 51       		.byte	0x51
 637 0165 0B       		.uleb128 0xb
 638 0166 F9000000 		.4byte	.LASF25
 639 016a 01       		.byte	0x1
 640 016b D1       		.byte	0xd1
 641 016c 83000000 		.4byte	0x83
 642 0170 63000000 		.4byte	.LLST3
 643 0174 00       		.byte	0
 644 0175 0C       		.uleb128 0xc
 645 0176 30000000 		.4byte	.LASF24
 646 017a 01       		.byte	0x1
 647 017b EC       		.byte	0xec
 648 017c 6B000000 		.4byte	0x6b
 649 0180 00000000 		.4byte	.LFB5
 650 0184 14000000 		.4byte	.LFE5-.LFB5
 651 0188 01       		.uleb128 0x1
 652 0189 9C       		.byte	0x9c
 653 018a 0B       		.uleb128 0xb
 654 018b 59020000 		.4byte	.LASF26
 655 018f 01       		.byte	0x1
 656 0190 EE       		.byte	0xee
 657 0191 6B000000 		.4byte	0x6b
 658 0195 80000000 		.4byte	.LLST4
 659 0199 00       		.byte	0
 660 019a 00       		.byte	0
 661              		.section	.debug_abbrev,"",%progbits
 662              	.Ldebug_abbrev0:
 663 0000 01       		.uleb128 0x1
 664 0001 11       		.uleb128 0x11
 665 0002 01       		.byte	0x1
 666 0003 25       		.uleb128 0x25
 667 0004 0E       		.uleb128 0xe
 668 0005 13       		.uleb128 0x13
 669 0006 0B       		.uleb128 0xb
 670 0007 03       		.uleb128 0x3
 671 0008 0E       		.uleb128 0xe
 672 0009 1B       		.uleb128 0x1b
 673 000a 0E       		.uleb128 0xe
 674 000b 55       		.uleb128 0x55
 675 000c 17       		.uleb128 0x17
 676 000d 11       		.uleb128 0x11
 677 000e 01       		.uleb128 0x1
 678 000f 10       		.uleb128 0x10
 679 0010 17       		.uleb128 0x17
 680 0011 00       		.byte	0
 681 0012 00       		.byte	0
 682 0013 02       		.uleb128 0x2
 683 0014 24       		.uleb128 0x24
 684 0015 00       		.byte	0
ARM GAS  C:\Users\victo\AppData\Local\Temp\ccCBxNWY.s 			page 32


 685 0016 0B       		.uleb128 0xb
 686 0017 0B       		.uleb128 0xb
 687 0018 3E       		.uleb128 0x3e
 688 0019 0B       		.uleb128 0xb
 689 001a 03       		.uleb128 0x3
 690 001b 0E       		.uleb128 0xe
 691 001c 00       		.byte	0
 692 001d 00       		.byte	0
 693 001e 03       		.uleb128 0x3
 694 001f 24       		.uleb128 0x24
 695 0020 00       		.byte	0
 696 0021 0B       		.uleb128 0xb
 697 0022 0B       		.uleb128 0xb
 698 0023 3E       		.uleb128 0x3e
 699 0024 0B       		.uleb128 0xb
 700 0025 03       		.uleb128 0x3
 701 0026 08       		.uleb128 0x8
 702 0027 00       		.byte	0
 703 0028 00       		.byte	0
 704 0029 04       		.uleb128 0x4
 705 002a 16       		.uleb128 0x16
 706 002b 00       		.byte	0
 707 002c 03       		.uleb128 0x3
 708 002d 0E       		.uleb128 0xe
 709 002e 3A       		.uleb128 0x3a
 710 002f 0B       		.uleb128 0xb
 711 0030 3B       		.uleb128 0x3b
 712 0031 05       		.uleb128 0x5
 713 0032 49       		.uleb128 0x49
 714 0033 13       		.uleb128 0x13
 715 0034 00       		.byte	0
 716 0035 00       		.byte	0
 717 0036 05       		.uleb128 0x5
 718 0037 35       		.uleb128 0x35
 719 0038 00       		.byte	0
 720 0039 49       		.uleb128 0x49
 721 003a 13       		.uleb128 0x13
 722 003b 00       		.byte	0
 723 003c 00       		.byte	0
 724 003d 06       		.uleb128 0x6
 725 003e 2E       		.uleb128 0x2e
 726 003f 01       		.byte	0x1
 727 0040 3F       		.uleb128 0x3f
 728 0041 19       		.uleb128 0x19
 729 0042 03       		.uleb128 0x3
 730 0043 0E       		.uleb128 0xe
 731 0044 3A       		.uleb128 0x3a
 732 0045 0B       		.uleb128 0xb
 733 0046 3B       		.uleb128 0x3b
 734 0047 0B       		.uleb128 0xb
 735 0048 27       		.uleb128 0x27
 736 0049 19       		.uleb128 0x19
 737 004a 11       		.uleb128 0x11
 738 004b 01       		.uleb128 0x1
 739 004c 12       		.uleb128 0x12
 740 004d 06       		.uleb128 0x6
 741 004e 40       		.uleb128 0x40
ARM GAS  C:\Users\victo\AppData\Local\Temp\ccCBxNWY.s 			page 33


 742 004f 18       		.uleb128 0x18
 743 0050 9742     		.uleb128 0x2117
 744 0052 19       		.uleb128 0x19
 745 0053 01       		.uleb128 0x1
 746 0054 13       		.uleb128 0x13
 747 0055 00       		.byte	0
 748 0056 00       		.byte	0
 749 0057 07       		.uleb128 0x7
 750 0058 05       		.uleb128 0x5
 751 0059 00       		.byte	0
 752 005a 03       		.uleb128 0x3
 753 005b 0E       		.uleb128 0xe
 754 005c 3A       		.uleb128 0x3a
 755 005d 0B       		.uleb128 0xb
 756 005e 3B       		.uleb128 0x3b
 757 005f 0B       		.uleb128 0xb
 758 0060 49       		.uleb128 0x49
 759 0061 13       		.uleb128 0x13
 760 0062 02       		.uleb128 0x2
 761 0063 17       		.uleb128 0x17
 762 0064 00       		.byte	0
 763 0065 00       		.byte	0
 764 0066 08       		.uleb128 0x8
 765 0067 34       		.uleb128 0x34
 766 0068 00       		.byte	0
 767 0069 03       		.uleb128 0x3
 768 006a 0E       		.uleb128 0xe
 769 006b 3A       		.uleb128 0x3a
 770 006c 0B       		.uleb128 0xb
 771 006d 3B       		.uleb128 0x3b
 772 006e 0B       		.uleb128 0xb
 773 006f 49       		.uleb128 0x49
 774 0070 13       		.uleb128 0x13
 775 0071 00       		.byte	0
 776 0072 00       		.byte	0
 777 0073 09       		.uleb128 0x9
 778 0074 2E       		.uleb128 0x2e
 779 0075 00       		.byte	0
 780 0076 3F       		.uleb128 0x3f
 781 0077 19       		.uleb128 0x19
 782 0078 03       		.uleb128 0x3
 783 0079 0E       		.uleb128 0xe
 784 007a 3A       		.uleb128 0x3a
 785 007b 0B       		.uleb128 0xb
 786 007c 3B       		.uleb128 0x3b
 787 007d 0B       		.uleb128 0xb
 788 007e 27       		.uleb128 0x27
 789 007f 19       		.uleb128 0x19
 790 0080 49       		.uleb128 0x49
 791 0081 13       		.uleb128 0x13
 792 0082 11       		.uleb128 0x11
 793 0083 01       		.uleb128 0x1
 794 0084 12       		.uleb128 0x12
 795 0085 06       		.uleb128 0x6
 796 0086 40       		.uleb128 0x40
 797 0087 18       		.uleb128 0x18
 798 0088 9742     		.uleb128 0x2117
ARM GAS  C:\Users\victo\AppData\Local\Temp\ccCBxNWY.s 			page 34


 799 008a 19       		.uleb128 0x19
 800 008b 00       		.byte	0
 801 008c 00       		.byte	0
 802 008d 0A       		.uleb128 0xa
 803 008e 05       		.uleb128 0x5
 804 008f 00       		.byte	0
 805 0090 03       		.uleb128 0x3
 806 0091 0E       		.uleb128 0xe
 807 0092 3A       		.uleb128 0x3a
 808 0093 0B       		.uleb128 0xb
 809 0094 3B       		.uleb128 0x3b
 810 0095 0B       		.uleb128 0xb
 811 0096 49       		.uleb128 0x49
 812 0097 13       		.uleb128 0x13
 813 0098 02       		.uleb128 0x2
 814 0099 18       		.uleb128 0x18
 815 009a 00       		.byte	0
 816 009b 00       		.byte	0
 817 009c 0B       		.uleb128 0xb
 818 009d 34       		.uleb128 0x34
 819 009e 00       		.byte	0
 820 009f 03       		.uleb128 0x3
 821 00a0 0E       		.uleb128 0xe
 822 00a1 3A       		.uleb128 0x3a
 823 00a2 0B       		.uleb128 0xb
 824 00a3 3B       		.uleb128 0x3b
 825 00a4 0B       		.uleb128 0xb
 826 00a5 49       		.uleb128 0x49
 827 00a6 13       		.uleb128 0x13
 828 00a7 02       		.uleb128 0x2
 829 00a8 17       		.uleb128 0x17
 830 00a9 00       		.byte	0
 831 00aa 00       		.byte	0
 832 00ab 0C       		.uleb128 0xc
 833 00ac 2E       		.uleb128 0x2e
 834 00ad 01       		.byte	0x1
 835 00ae 3F       		.uleb128 0x3f
 836 00af 19       		.uleb128 0x19
 837 00b0 03       		.uleb128 0x3
 838 00b1 0E       		.uleb128 0xe
 839 00b2 3A       		.uleb128 0x3a
 840 00b3 0B       		.uleb128 0xb
 841 00b4 3B       		.uleb128 0x3b
 842 00b5 0B       		.uleb128 0xb
 843 00b6 27       		.uleb128 0x27
 844 00b7 19       		.uleb128 0x19
 845 00b8 49       		.uleb128 0x49
 846 00b9 13       		.uleb128 0x13
 847 00ba 11       		.uleb128 0x11
 848 00bb 01       		.uleb128 0x1
 849 00bc 12       		.uleb128 0x12
 850 00bd 06       		.uleb128 0x6
 851 00be 40       		.uleb128 0x40
 852 00bf 18       		.uleb128 0x18
 853 00c0 9742     		.uleb128 0x2117
 854 00c2 19       		.uleb128 0x19
 855 00c3 00       		.byte	0
ARM GAS  C:\Users\victo\AppData\Local\Temp\ccCBxNWY.s 			page 35


 856 00c4 00       		.byte	0
 857 00c5 00       		.byte	0
 858              		.section	.debug_loc,"",%progbits
 859              	.Ldebug_loc0:
 860              	.LLST0:
 861 0000 00000000 		.4byte	.LVL0
 862 0004 06000000 		.4byte	.LVL1
 863 0008 0100     		.2byte	0x1
 864 000a 50       		.byte	0x50
 865 000b 06000000 		.4byte	.LVL1
 866 000f 14000000 		.4byte	.LFE0
 867 0013 0400     		.2byte	0x4
 868 0015 F3       		.byte	0xf3
 869 0016 01       		.uleb128 0x1
 870 0017 50       		.byte	0x50
 871 0018 9F       		.byte	0x9f
 872 0019 00000000 		.4byte	0
 873 001d 00000000 		.4byte	0
 874              	.LLST1:
 875 0021 00000000 		.4byte	.LVL2
 876 0025 06000000 		.4byte	.LVL3
 877 0029 0100     		.2byte	0x1
 878 002b 50       		.byte	0x50
 879 002c 06000000 		.4byte	.LVL3
 880 0030 18000000 		.4byte	.LFE1
 881 0034 0400     		.2byte	0x4
 882 0036 F3       		.byte	0xf3
 883 0037 01       		.uleb128 0x1
 884 0038 50       		.byte	0x50
 885 0039 9F       		.byte	0x9f
 886 003a 00000000 		.4byte	0
 887 003e 00000000 		.4byte	0
 888              	.LLST2:
 889 0042 00000000 		.4byte	.LVL4
 890 0046 08000000 		.4byte	.LVL7
 891 004a 0100     		.2byte	0x1
 892 004c 50       		.byte	0x50
 893 004d 08000000 		.4byte	.LVL7
 894 0051 14000000 		.4byte	.LFE4
 895 0055 0400     		.2byte	0x4
 896 0057 F3       		.byte	0xf3
 897 0058 01       		.uleb128 0x1
 898 0059 50       		.byte	0x50
 899 005a 9F       		.byte	0x9f
 900 005b 00000000 		.4byte	0
 901 005f 00000000 		.4byte	0
 902              	.LLST3:
 903 0063 04000000 		.4byte	.LVL5
 904 0067 06000000 		.4byte	.LVL6
 905 006b 0B00     		.2byte	0xb
 906 006d 70       		.byte	0x70
 907 006e 00       		.sleb128 0
 908 006f 0A       		.byte	0xa
 909 0070 FFFF     		.2byte	0xffff
 910 0072 1A       		.byte	0x1a
 911 0073 20       		.byte	0x20
 912 0074 73       		.byte	0x73
ARM GAS  C:\Users\victo\AppData\Local\Temp\ccCBxNWY.s 			page 36


 913 0075 00       		.sleb128 0
 914 0076 1A       		.byte	0x1a
 915 0077 9F       		.byte	0x9f
 916 0078 00000000 		.4byte	0
 917 007c 00000000 		.4byte	0
 918              	.LLST4:
 919 0080 08000000 		.4byte	.LVL8
 920 0084 0C000000 		.4byte	.LVL9
 921 0088 0100     		.2byte	0x1
 922 008a 50       		.byte	0x50
 923 008b 0C000000 		.4byte	.LVL9
 924 008f 14000000 		.4byte	.LFE5
 925 0093 0400     		.2byte	0x4
 926 0095 72       		.byte	0x72
 927 0096 00       		.sleb128 0
 928 0097 06       		.byte	0x6
 929 0098 9F       		.byte	0x9f
 930 0099 00000000 		.4byte	0
 931 009d 00000000 		.4byte	0
 932              		.section	.debug_aranges,"",%progbits
 933 0000 44000000 		.4byte	0x44
 934 0004 0200     		.2byte	0x2
 935 0006 00000000 		.4byte	.Ldebug_info0
 936 000a 04       		.byte	0x4
 937 000b 00       		.byte	0
 938 000c 0000     		.2byte	0
 939 000e 0000     		.2byte	0
 940 0010 00000000 		.4byte	.LFB0
 941 0014 14000000 		.4byte	.LFE0-.LFB0
 942 0018 00000000 		.4byte	.LFB1
 943 001c 18000000 		.4byte	.LFE1-.LFB1
 944 0020 00000000 		.4byte	.LFB2
 945 0024 10000000 		.4byte	.LFE2-.LFB2
 946 0028 00000000 		.4byte	.LFB3
 947 002c 10000000 		.4byte	.LFE3-.LFB3
 948 0030 00000000 		.4byte	.LFB4
 949 0034 14000000 		.4byte	.LFE4-.LFB4
 950 0038 00000000 		.4byte	.LFB5
 951 003c 14000000 		.4byte	.LFE5-.LFB5
 952 0040 00000000 		.4byte	0
 953 0044 00000000 		.4byte	0
 954              		.section	.debug_ranges,"",%progbits
 955              	.Ldebug_ranges0:
 956 0000 00000000 		.4byte	.LFB0
 957 0004 14000000 		.4byte	.LFE0
 958 0008 00000000 		.4byte	.LFB1
 959 000c 18000000 		.4byte	.LFE1
 960 0010 00000000 		.4byte	.LFB2
 961 0014 10000000 		.4byte	.LFE2
 962 0018 00000000 		.4byte	.LFB3
 963 001c 10000000 		.4byte	.LFE3
 964 0020 00000000 		.4byte	.LFB4
 965 0024 14000000 		.4byte	.LFE4
 966 0028 00000000 		.4byte	.LFB5
 967 002c 14000000 		.4byte	.LFE5
 968 0030 00000000 		.4byte	0
 969 0034 00000000 		.4byte	0
ARM GAS  C:\Users\victo\AppData\Local\Temp\ccCBxNWY.s 			page 37


 970              		.section	.debug_line,"",%progbits
 971              	.Ldebug_line0:
 972 0000 CC000000 		.section	.debug_str,"MS",%progbits,1
 972      02004700 
 972      00000201 
 972      FB0E0D00 
 972      01010101 
 973              	.LASF15:
 974 0000 72656733 		.ascii	"reg32\000"
 974      3200
 975              	.LASF19:
 976 0006 76616C75 		.ascii	"value\000"
 976      6500
 977              	.LASF21:
 978 000c 5653454C 		.ascii	"VSEL2_P2_ReadDataReg\000"
 978      325F5032 
 978      5F526561 
 978      64446174 
 978      61526567 
 979              	.LASF17:
 980 0021 5653454C 		.ascii	"VSEL2_P2_Write\000"
 980      325F5032 
 980      5F577269 
 980      746500
 981              	.LASF24:
 982 0030 5653454C 		.ascii	"VSEL2_P2_ClearInterrupt\000"
 982      325F5032 
 982      5F436C65 
 982      6172496E 
 982      74657272 
 983              	.LASF12:
 984 0048 666C6F61 		.ascii	"float\000"
 984      7400
 985              	.LASF1:
 986 004e 756E7369 		.ascii	"unsigned char\000"
 986      676E6564 
 986      20636861 
 986      7200
 987              	.LASF30:
 988 005c 64725661 		.ascii	"drVal\000"
 988      6C00
 989              	.LASF5:
 990 0062 6C6F6E67 		.ascii	"long unsigned int\000"
 990      20756E73 
 990      69676E65 
 990      6420696E 
 990      7400
 991              	.LASF3:
 992 0074 73686F72 		.ascii	"short unsigned int\000"
 992      7420756E 
 992      7369676E 
 992      65642069 
 992      6E7400
 993              	.LASF13:
 994 0087 646F7562 		.ascii	"double\000"
 994      6C6500
 995              	.LASF16:
ARM GAS  C:\Users\victo\AppData\Local\Temp\ccCBxNWY.s 			page 38


 996 008e 5653454C 		.ascii	"VSEL2_P2_SetDriveMode\000"
 996      325F5032 
 996      5F536574 
 996      44726976 
 996      654D6F64 
 997              	.LASF28:
 998 00a4 2E5C4765 		.ascii	".\\Generated_Source\\PSoC4\\VSEL2_P2.c\000"
 998      6E657261 
 998      7465645F 
 998      536F7572 
 998      63655C50 
 999              	.LASF10:
 1000 00c8 75696E74 		.ascii	"uint16\000"
 1000      313600
 1001              	.LASF22:
 1002 00cf 5653454C 		.ascii	"VSEL2_P2_SetInterruptMode\000"
 1002      325F5032 
 1002      5F536574 
 1002      496E7465 
 1002      72727570 
 1003              	.LASF23:
 1004 00e9 706F7369 		.ascii	"position\000"
 1004      74696F6E 
 1004      00
 1005              	.LASF11:
 1006 00f2 75696E74 		.ascii	"uint32\000"
 1006      333200
 1007              	.LASF25:
 1008 00f9 696E7472 		.ascii	"intrCfg\000"
 1008      43666700 
 1009              	.LASF8:
 1010 0101 756E7369 		.ascii	"unsigned int\000"
 1010      676E6564 
 1010      20696E74 
 1010      00
 1011              	.LASF29:
 1012 010e 433A5C76 		.ascii	"C:\\victor0617\\github_code\\CY4541\\CYPD4225-40LQX"
 1012      6963746F 
 1012      72303631 
 1012      375C6769 
 1012      74687562 
 1013 013d 495F3038 		.ascii	"I_0805\\CYPD4225-40LQXI_notebook01.cydsn\000"
 1013      30355C43 
 1013      59504434 
 1013      3232352D 
 1013      34304C51 
 1014              	.LASF7:
 1015 0165 6C6F6E67 		.ascii	"long long unsigned int\000"
 1015      206C6F6E 
 1015      6720756E 
 1015      7369676E 
 1015      65642069 
 1016              	.LASF27:
 1017 017c 474E5520 		.ascii	"GNU C 4.9.3 20150303 (release) [ARM/embedded-4_9-br"
 1017      4320342E 
 1017      392E3320 
 1017      32303135 
ARM GAS  C:\Users\victo\AppData\Local\Temp\ccCBxNWY.s 			page 39


 1017      30333033 
 1018 01af 616E6368 		.ascii	"anch revision 221220] -mcpu=cortex-m0 -mthumb -g -O"
 1018      20726576 
 1018      6973696F 
 1018      6E203232 
 1018      31323230 
 1019 01e2 73202D66 		.ascii	"s -ffunction-sections -finline-functions -flto -ffa"
 1019      66756E63 
 1019      74696F6E 
 1019      2D736563 
 1019      74696F6E 
 1020 0215 742D6C74 		.ascii	"t-lto-objects -fno-strict-aliasing\000"
 1020      6F2D6F62 
 1020      6A656374 
 1020      73202D66 
 1020      6E6F2D73 
 1021              	.LASF18:
 1022 0238 6D6F6465 		.ascii	"mode\000"
 1022      00
 1023              	.LASF20:
 1024 023d 5653454C 		.ascii	"VSEL2_P2_Read\000"
 1024      325F5032 
 1024      5F526561 
 1024      6400
 1025              	.LASF6:
 1026 024b 6C6F6E67 		.ascii	"long long int\000"
 1026      206C6F6E 
 1026      6720696E 
 1026      7400
 1027              	.LASF26:
 1028 0259 6D61736B 		.ascii	"maskedStatus\000"
 1028      65645374 
 1028      61747573 
 1028      00
 1029              	.LASF14:
 1030 0266 63686172 		.ascii	"char\000"
 1030      00
 1031              	.LASF2:
 1032 026b 73686F72 		.ascii	"short int\000"
 1032      7420696E 
 1032      7400
 1033              	.LASF9:
 1034 0275 75696E74 		.ascii	"uint8\000"
 1034      3800
 1035              	.LASF4:
 1036 027b 6C6F6E67 		.ascii	"long int\000"
 1036      20696E74 
 1036      00
 1037              	.LASF0:
 1038 0284 7369676E 		.ascii	"signed char\000"
 1038      65642063 
 1038      68617200 
 1039              		.comm	__gnu_lto_v1,1,1
 1040              		.ident	"GCC: (GNU Tools for ARM Embedded Processors) 4.9.3 20150303 (release) [ARM/embedded-4_9-br
